0	تیم‌ایران	-	-	-	-
1	با	-	-	-	-
2	پنج‌سانداکا‌رمرد	-	-	-	-
3	و	-	-	-	-
4	سه	-	-	-	-
5	زن	-	-	-	-
6	در	-	-	-	-
7	جام	-	-	-	-
8	جهانی	-	-	-	-
9	حضوریافته	-	-	-	-
10	است	-	-	-	-
11	.	-	-	-	-

0	در	-	-	-	-
1	رقابت‌های	-	-	-	-
2	نوبت	-	-	-	-
3	صبح‌یکشنبه	-	-	-	-
4	«	-	-	-	-
5	الهه	-	-	-	-
6	منصوریان	-	-	-	-
7	»	-	-	-	-
8	،	-	-	-	-
9	«	-	-	-	-
10	فریناز‌نذیری	-	-	-	-
11	»	-	-	-	-
12	،	-	-	-	-
13	«	-	-	-	-
14	محسن	-	-	-	-
15	محمدسیفی	-	-	-	-
16	»	-	-	-	-
17	و	-	-	-	-
18	«	-	-	-	-
19	میلادعارفی‌مقام	-	-	-	-
20	»	-	-	-	-
21	با	-	-	-	-
22	برتر‌ی	-	-	-	-
23	برابر	-	-	-	-
24	حریفان	-	-	-	-
25	به	-	-	-	-
26	مدال‌طلا	-	-	-	-
27	دست	-	-	-	-
28	یافتند	-	-	-	-
29	تا	-	-	-	-
30	تعداد	-	-	-	-
31	نشان‌های	-	-	-	-
32	زرین‌تیم	-	-	-	-
33	کشورمان	-	-	-	-
34	به	-	-	-	-
35	عدد	-	-	-	-
36	۵	-	-	-	-
37	برسد	-	-	-	-
38	.	-	-	-	-

0	روز	-	-	-	-
1	اول	-	-	-	-
2	نیز	-	-	-	-
3	«	-	-	-	-
4	شهر	-	-	-	-
5	بانو	-	-	-	-
6	منصوریان	-	-	-	-
7	»	-	-	-	-
8	به	-	-	-	-
9	نشان	-	-	-	-
10	طلای	-	-	-	-
11	وزن	-	-	-	-
12	۶۵	-	-	-	-
13	کیلو‌گرم	-	-	-	-
14	رسیده‌	-	-	-	-
15	بود	-	-	-	-
16	.	-	-	-	-

0	لازم	-	-	-	-
1	به	-	-	-	-
2	ذکر	-	-	-	-
3	است	-	-	-	-
4	که	-	-	-	-
5	عصر	-	-	-	-
6	یکشنبه	-	-	-	-
7	«	-	-	-	-
8	یوسف	-	-	-	-
9	صبری	-	-	-	-
10	»	-	-	-	-
11	و	-	-	-	-
12	«	-	-	-	-
13	معین	-	-	-	-
14	تقوی	-	-	-	-
15	»	-	-	-	-
16	هم	-	-	-	-
17	برای	-	-	-	-
18	کسب	-	-	-	-
19	مدال	-	-	-	-
20	طلا	-	-	-	-
21	به	-	-	-	-
22	مصاف	-	-	-	-
23	حریفان	-	-	-	-
24	می‌روند	-	-	-	-
25	.	-	-	-	-

0	تیم	-	-	-	-
1	صدرشیمی	-	-	-	-
2	با	-	-	-	-
3	غلبه	-	-	-	-
4	بر	-	-	-	-
5	همشهری	-	-	-	-
6	مقتدر	-	-	-	-
7	خود	-	-	-	-
8	عنوان	-	-	-	-
9	قهرمانی	-	-	-	-
10	مسابقات	-	-	-	-
11	کشوری	-	-	-	-
12	را	-	-	-	-
13	از	-	-	-	-
14	آن	-	-	-	-
15	خود	-	-	-	-
16	کرد	-	-	-	-
17	.	-	-	-	-

0	در	-	-	-	-
1	دیدار	-	-	-	-
2	فینال‌تیم	-	-	-	-
3	صدر	-	-	-	-
4	شیمی	-	-	-	-
5	یزد	-	-	-	-
6	موفق	-	-	-	-
7	شد	-	-	-	-
8	با	-	-	-	-
9	نتیجه	-	-	-	-
10	۲	-	-	-	-
11	بر	-	-	-	-
12	۱	-	-	-	-
13	تیم	-	-	-	-
14	گلسا	-	-	-	-
15	پوش	-	-	-	-
16	یزد	-	-	-	-
17	را	-	-	-	-
18	که	-	-	-	-
19	از	-	-	-	-
20	بازیکنان	-	-	-	-
21	ملی‌	-	-	-	-
22	پوش	-	-	-	-
23	سود	-	-	-	-
24	می‌برد	-	-	-	-
25	شکست‌داده	-	-	-	-
26	و	-	-	-	-
27	به	-	-	-	-
28	مقام‌قهرمانی	-	-	-	-
29	دست	-	-	-	-
30	یابد	-	-	-	-
31	.	-	-	-	-

0	در	-	-	-	-
1	دیدار	-	-	-	-
2	رده‌بندی	-	-	-	-
3	نیز	-	-	-	-
4	تیم	-	-	-	-
5	پر‌سپولیس	-	-	-	-
6	مرد	-	-	-	-
7	آباد	-	-	-	-
8	با	-	-	-	-
9	شکست	-	-	-	-
10	تیم	-	-	-	-
11	هیات	-	-	-	-
12	روستایی	-	-	-	-
13	خراسان	-	-	-	-
14	شمالی	-	-	-	-
15	مقام	-	-	-	-
16	سوم	-	-	-	-
17	این	-	-	-	-
18	مسابقات	-	-	-	-
19	را	-	-	-	-
20	از	-	-	-	-
21	آن	-	-	-	-
22	خود	-	-	-	-
23	کردبه‌گزارش	-	-	-	-
24	خبرگزاری	-	-	-	-
25	فارس	-	-	-	-
26	،	-	-	-	-
27	سردار	-	-	-	-
28	غلامرضا	-	-	-	-
29	جلالی	-	-	-	-
30	رئیس	-	-	-	-
31	سازمان	-	-	-	-
32	پدافند	-	-	-	-
33	غیر	-	-	-	-
34	عامل	-	-	-	-
35	طی‌نشست	-	-	-	-
36	خبری	-	-	-	-
37	که	-	-	-	-
38	به	-	-	-	-
39	مناسبت	-	-	-	-
40	۸	-	-	-	-
41	آبان	-	-	-	-
42	سال	-	-	-	-
43	روز	-	-	-	-
44	تشکیل	-	-	-	-
45	این	-	-	-	-
46	سازمان	-	-	-	-
47	برگزار	-	-	-	-
48	شد	-	-	-	-
49	،	-	-	-	-
50	ماموریت	-	-	-	-
51	اول	-	-	-	-
52	سازمان	-	-	-	-
53	پدافند	-	-	-	-
54	غیرعامل	-	-	-	-
55	را	-	-	-	-
56	دیده‌بانی	-	-	-	-
57	نسبت‌به	-	-	-	-
58	تهدیدات	-	-	-	-
59	،	-	-	-	-
60	تشخیص‌تهدیدات	-	-	-	-
61	و	-	-	-	-
62	هشدار	-	-	-	-
63	در	-	-	-	-
64	حوزه‌های	-	-	-	-
65	مختلف	-	-	-	-
66	دانست	-	-	-	-
67	و	-	-	-	-
68	اظهار	-	-	-	-
69	داشت	-	-	-	-
70	:	-	-	-	-
71	دومین‌ماموریت	-	-	-	-
72	این	-	-	-	-
73	سازمان	-	-	-	-
74	،	-	-	-	-
75	کاهش	-	-	-	-
76	آسیب‌پذیری	-	-	-	-
77	کل	-	-	-	-
78	زیر	-	-	-	-
79	ساخت‌های‌کشور	-	-	-	-
80	و	-	-	-	-
81	شهرها	-	-	-	-
82	دربرابر	-	-	-	-
83	تهدیدات	-	-	-	-
84	امنیتی	-	-	-	-
85	است	-	-	-	-
86	که	-	-	-	-
87	به‌صورت	-	-	-	-
88	مداوم	-	-	-	-
89	و	-	-	-	-
90	متغیر	-	-	-	-
91	دنبال	-	-	-	-
92	می‌شود	-	-	-	-
93	و	-	-	-	-
94	ماموریت	-	-	-	-
95	سوم	-	-	-	-
96	نیز	-	-	-	-
97	مصون‌	-	-	-	-
98	سازی	-	-	-	-
99	زیر	-	-	-	-
100	ساخت‌های	-	-	-	-
101	کل	-	-	-	-
102	کشور	-	-	-	-
103	است	-	-	-	-
104	.	-	-	-	-

0	وی	-	-	-	-
1	خاطرنشان	-	-	-	-
2	کرد	-	-	-	-
3	:	-	-	-	-
4	در‌مورد‌حضور	-	-	-	-
5	پدافند	-	-	-	-
6	غیر	-	-	-	-
7	عامل	-	-	-	-
8	در	-	-	-	-
9	شورای‌عالی	-	-	-	-
10	فضای	-	-	-	-
11	مجازی	-	-	-	-
12	و	-	-	-	-
13	گردشگری	-	-	-	-
14	با	-	-	-	-
15	رهبری	-	-	-	-
16	نامه‌نگاری	-	-	-	-
17	شده	-	-	-	-
18	که	-	-	-	-
19	مورد	-	-	-	-
20	موافقت	-	-	-	-
21	قرار	-	-	-	-
22	گرفته‌است	-	-	-	-
23	.	-	-	-	-

0	جلالی	-	-	-	-
1	با	-	-	-	-
2	بیان	-	-	-	-
3	اینکه	-	-	-	-
4	۶۰	-	-	-	-
5	محصول	-	-	-	-
6	استراتژیک	-	-	-	-
7	پدافند‌	-	-	-	-
8	سایبری	-	-	-	-
9	بومی	-	-	-	-
10	کشور	-	-	-	-
11	را	-	-	-	-
12	ارائه	-	-	-	-
13	خواهیم‌داد	-	-	-	-
14	،	-	-	-	-
15	گفت	-	-	-	-
16	:	-	-	-	-
17	۵	-	-	-	-
18	محصول	-	-	-	-
19	اسکادای	-	-	-	-
20	بومی	-	-	-	-
21	نیز	-	-	-	-
22	که	-	-	-	-
23	برای	-	-	-	-
24	کنترل	-	-	-	-
25	و	-	-	-	-
26	دیسپاچینگ	-	-	-	-
27	بکارمی	-	-	-	-
28	رود	-	-	-	-
29	،	-	-	-	-
30	توسط	-	-	-	-
31	متخصصان‌داخلی	-	-	-	-
32	ساخته‌شده	-	-	-	-
33	است	-	-	-	-
34	.	-	-	-	-

0	یک	-	-	-	-
1	بازدیدکننده	-	-	-	-
2	در	-	-	-	-
3	روز	-	-	-	-
4	افتتاح	-	-	-	-
5	«	-	-	-	-
6	کتابخانه	-	-	-	-
7	حلزونی	-	-	-	-
8	»	-	-	-	-
9	در	-	-	-	-
10	شهر	-	-	-	-
11	هانگ‌ژو	-	-	-	-
12	در	-	-	-	-
13	استان	-	-	-	-
14	ژجیانگ	-	-	-	-
15	در	-	-	-	-
16	چین	-	-	-	-
17	سلفی‌می‌گیرد	-	-	-	-
18	.	-	-	-	-

0	این	-	-	-	-
1	کتاب	-	-	-	-
2	خانه	-	-	-	-
3	با	-	-	-	-
4	هدف	-	-	-	-
5	ارائه	-	-	-	-
6	منابع‌آنلاین	-	-	-	-
7	در	-	-	-	-
8	کنار	-	-	-	-
9	کتابخانه	-	-	-	-
10	و	-	-	-	-
11	منابع	-	-	-	-
12	سنتی	-	-	-	-
13	ایجاد‌شده	-	-	-	-
14	است	-	-	-	-
15	.	-	-	-	-

0	کوچک‌	-	-	-	-
1	پا	-	-	-	-
2	،	-	-	-	-
3	داستان	-	-	-	-
4	یک	-	-	-	-
5	«	-	-	-	-
6	یتى	-	-	-	-
7	»	-	-	-	-
8	(	-	-	-	-
9	مرد‌برفى	-	-	-	-
10	)	-	-	-	-
11	دانشمند	-	-	-	-
12	است	-	-	-	-
13	که	-	-	-	-
14	متقاعد	-	-	-	-
15	شده	-	-	-	-
16	موجودات	-	-	-	-
17	نادرى	-	-	-	-
18	که	-	-	-	-
19	با	-	-	-	-
20	نام	-	-	-	-
21	«	-	-	-	-
22	کوچک‌پا	-	-	-	-
23	»	-	-	-	-
24	ها	-	-	-	-
25	(	-	-	-	-
26	انسان‌ها	-	-	-	-
27	»	-	-	-	-
28	،	-	-	-	-
29	واقعا	-	-	-	-
30	وجود	-	-	-	-
31	دارند	-	-	-	-
32	!	-	-	-	-

0	اکران‌جهانى	-	-	-	-
1	این	-	-	-	-
2	انیمیشن	-	-	-	-
3	جذاب	-	-	-	-
4	،	-	-	-	-
5	از	-	-	-	-
6	ششم‌مهر	-	-	-	-
7	آغاز‌شده	-	-	-	-
8	و	-	-	-	-
9	احتمالا	-	-	-	-
10	تا	-	-	-	-
11	مدتى	-	-	-	-
12	دیگر	-	-	-	-
13	نسخه‌ى	-	-	-	-
14	دوبله‌ى	-	-	-	-
15	آن	-	-	-	-
16	به	-	-	-	-
17	سینماها	-	-	-	-
18	و	-	-	-	-
19	شبکه‌ى‌نمایش	-	-	-	-
20	خانگى	-	-	-	-
21	ما	-	-	-	-
22	هم	-	-	-	-
23	مى‌رسد	-	-	-	-
24	.	-	-	-	-

0	به‌همین	-	-	-	-
1	مناسبت	-	-	-	-
2	ترجمه‌ى	-	-	-	-
3	گفت‌	-	-	-	-
4	وگویى	-	-	-	-
5	را	-	-	-	-
6	با	-	-	-	-
7	این	-	-	-	-
8	کارگردان	-	-	-	-
9	براى	-	-	-	-
10	شما	-	-	-	-
11	انتخاب	-	-	-	-
12	کرده‌ایم	-	-	-	-
13	تا	-	-	-	-
14	بیش‌تر	-	-	-	-
15	با	-	-	-	-
16	حال	-	-	-	-
17	و	-	-	-	-
18	هواى	-	-	-	-
19	این	-	-	-	-
20	داستان	-	-	-	-
21	متفاوت	-	-	-	-
22	و	-	-	-	-
23	عجیب	-	-	-	-
24	از	-	-	-	-
25	زندگى	-	-	-	-
26	یتى‌ها	-	-	-	-
27	آشناشویم	-	-	-	-
28	.	-	-	-	-

0	زمانى	-	-	-	-
1	که	-	-	-	-
2	بحث	-	-	-	-
3	هم‌کارى	-	-	-	-
4	با	-	-	-	-
5	پروژه‌ى	-	-	-	-
6	کوچک‌پا	-	-	-	-
7	را	-	-	-	-
8	به	-	-	-	-
9	من	-	-	-	-
10	پیشنهاد	-	-	-	-
11	دادند	-	-	-	-
12	،	-	-	-	-
13	با	-	-	-	-
14	«	-	-	-	-
15	برگزیت	-	-	-	-
16	»	-	-	-	-
17	(	-	-	-	-
18	خروج	-	-	-	-
19	انگلیس	-	-	-	-
20	از	-	-	-	-
21	اتحادیه‌ى‌اروپا	-	-	-	-
22	)	-	-	-	-
23	هم‌	-	-	-	-
24	زمان	-	-	-	-
25	بود	-	-	-	-
26	.	-	-	-	-

0	انتخابات	-	-	-	-
1	برگزار	-	-	-	-
2	شد	-	-	-	-
3	.	-	-	-	-

0	در	-	-	-	-
1	جهان	-	-	-	-
2	موج	-	-	-	-
3	مهاجرت	-	-	-	-
4	آغاز‌شده	-	-	-	-
5	بود	-	-	-	-
6	.	-	-	-	-

0	گروهى	-	-	-	-
1	از	-	-	-	-
2	مردم	-	-	-	-
3	روز	-	-	-	-
4	به	-	-	-	-
5	روز	-	-	-	-
6	به	-	-	-	-
7	سمت	-	-	-	-
8	قوم‌	-	-	-	-
9	گرایى	-	-	-	-
10	و	-	-	-	-
11	انزوا	-	-	-	-
12	طلبى	-	-	-	-
13	گرایش	-	-	-	-
14	پیدا	-	-	-	-
15	مى‌کردند	-	-	-	-
16	و	-	-	-	-
17	مذاکرات	-	-	-	-
18	زیادى	-	-	-	-
19	براى	-	-	-	-
20	تقویت	-	-	-	-
21	مرزبندى	-	-	-	-
22	بین	-	-	-	-
23	کشورها	-	-	-	-
24	،	-	-	-	-
25	مثل	-	-	-	-
26	دیوارکشى	-	-	-	-
27	بین	-	-	-	-
28	مکزیک	-	-	-	-
29	و	-	-	-	-
30	آمریکا	-	-	-	-
31	در	-	-	-	-
32	جریان	-	-	-	-
33	بود	-	-	-	-
34	.	-	-	-	-

0	نه	-	-	-	-
1	،	-	-	-	-
2	انیمیشن‌ها	-	-	-	-
3	عموما	-	-	-	-
4	در	-	-	-	-
5	طول	-	-	-	-
6	پروسه‌ى	-	-	-	-
7	تولید	-	-	-	-
8	،	-	-	-	-
9	دست‌خوش	-	-	-	-
10	تغییرات	-	-	-	-
11	زیادى	-	-	-	-
12	مى‌شوند	-	-	-	-
13	.	-	-	-	-

0	درباره‌ى	-	-	-	-
1	این	-	-	-	-
2	فیلم	-	-	-	-
3	هم	-	-	-	-
4	،	-	-	-	-
5	آمدن	-	-	-	-
6	من	-	-	-	-
7	هم‌زمان	-	-	-	-
8	شد	-	-	-	-
9	با	-	-	-	-
10	تغییر	-	-	-	-
11	مدیریت	-	-	-	-
12	در	-	-	-	-
13	بخش	-	-	-	-
14	انیمیشن	-	-	-	-
15	استودیوى	-	-	-	-
16	«	-	-	-	-
17	برادران	-	-	-	-
18	وارنر	-	-	-	-
19	»	-	-	-	-
20	.	-	-	-	-

0	آن‌ها	-	-	-	-
1	کار	-	-	-	-
2	موزیکالى	-	-	-	-
3	را	-	-	-	-
4	از	-	-	-	-
5	من	-	-	-	-
6	در	-	-	-	-
7	«	-	-	-	-
8	برادوی	-	-	-	-
9	»	-	-	-	-
10	دیده‌بودند	-	-	-	-
11	و	-	-	-	-
12	خواستند	-	-	-	-
13	که	-	-	-	-
14	کوچک‌پا	-	-	-	-
15	هم	-	-	-	-
16	موزیکال	-	-	-	-
17	شود	-	-	-	-
18	.	-	-	-	-

0	شاید	-	-	-	-
1	سخت	-	-	-	-
2	باشد	-	-	-	-
3	که	-	-	-	-
4	بپذیریم	-	-	-	-
5	استودیوى	-	-	-	-
6	وارنر	-	-	-	-
7	هم	-	-	-	-
8	مى‌تواند	-	-	-	-
9	به‌خوبى	-	-	-	-
10	استودیوهاى	-	-	-	-
11	«	-	-	-	-
12	دیزنی	-	-	-	-
13	»	-	-	-	-
14	،	-	-	-	-
15	«	-	-	-	-
16	پیکسار	-	-	-	-
17	»	-	-	-	-
18	یا	-	-	-	-
19	«	-	-	-	-
20	دریم‌ورکز	-	-	-	-
21	»	-	-	-	-
22	،	-	-	-	-
23	موزیکالى	-	-	-	-
24	موفق	-	-	-	-
25	بسازد	-	-	-	-
26	.	-	-	-	-

0	اما	-	-	-	-
1	با‌تمام	-	-	-	-
2	احترامى	-	-	-	-
3	که	-	-	-	-
4	براى	-	-	-	-
5	کمپانى‌هاى	-	-	-	-
6	دیگر	-	-	-	-
7	قائلم	-	-	-	-
8	باید	-	-	-	-
9	بگویم	-	-	-	-
10	،	-	-	-	-
11	بخش	-	-	-	-
12	بزرگى	-	-	-	-
13	از	-	-	-	-
14	دنیاى	-	-	-	-
15	کودکى	-	-	-	-
16	و	-	-	-	-
17	نوجوانى	-	-	-	-
18	ما	-	-	-	-
19	با	-	-	-	-
20	«	-	-	-	-
21	باگز‌بانى	-	-	-	-
22	»	-	-	-	-
23	،	-	-	-	-
24	«	-	-	-	-
25	دافى‌داک	-	-	-	-
26	»	-	-	-	-
27	و	-	-	-	-
28	«	-	-	-	-
29	چاک‌جونز	-	-	-	-
30	»	-	-	-	-
31	سپرى	-	-	-	-
32	شده	-	-	-	-
33	و	-	-	-	-
34	استودیوى	-	-	-	-
35	وارنر	-	-	-	-
36	خیلى	-	-	-	-
37	پیش‌تر	-	-	-	-
38	از	-	-	-	-
39	این	-	-	-	-
40	،	-	-	-	-
41	قدرتش	-	-	-	-
42	را	-	-	-	-
43	در	-	-	-	-
44	تولید	-	-	-	-
45	انیمیشن‌هاى	-	-	-	-
46	به‌یاد	-	-	-	-
47	ماندنى	-	-	-	-
48	نشان	-	-	-	-
49	داده‌است	-	-	-	-
50	.	-	-	-	-

0	این	-	-	-	-
1	را	-	-	-	-
2	به‌خلاقیت	-	-	-	-
3	تدوین‌	-	-	-	-
4	گرمان	-	-	-	-
5	،	-	-	-	-
6	یعنى	-	-	-	-
7	«	-	-	-	-
8	پیتر	-	-	-	-
9	اتینگر	-	-	-	-
10	»	-	-	-	-
11	مدیونیم	-	-	-	-
12	.	-	-	-	-

0	او	-	-	-	-
1	کلمه‌هایى	-	-	-	-
2	را	-	-	-	-
3	تصادفى	-	-	-	-
4	اتنخاب	-	-	-	-
5	مى‌کرد	-	-	-	-
6	و	-	-	-	-
7	گام‌هاى	-	-	-	-
8	آن	-	-	-	-
9	را	-	-	-	-
10	تغییر	-	-	-	-
11	مى‌داد	-	-	-	-
12	.	-	-	-	-

0	او	-	-	-	-
1	به	-	-	-	-
2	فرمولى	-	-	-	-
3	رسید	-	-	-	-
4	و	-	-	-	-
5	آن	-	-	-	-
6	را	-	-	-	-
7	در	-	-	-	-
8	تمام‌انیمیشن	-	-	-	-
9	،	-	-	-	-
10	به‌کار	-	-	-	-
11	برد	-	-	-	-
12	.	-	-	-	-

0	وقتى	-	-	-	-
1	براى	-	-	-	-
2	اولین‌بار	-	-	-	-
3	آن‌ها	-	-	-	-
4	را	-	-	-	-
5	شنیدیم	-	-	-	-
6	همه	-	-	-	-
7	به	-	-	-	-
8	خنده	-	-	-	-
9	افتادیم	-	-	-	-
10	.	-	-	-	-

0	به‌نظرم	-	-	-	-
1	بامزه‌ترین	-	-	-	-
2	دیالوگ	-	-	-	-
3	آن‌جاست	-	-	-	-
4	که	-	-	-	-
5	شخصیت	-	-	-	-
6	«	-	-	-	-
7	پرسى	-	-	-	-
8	»	-	-	-	-
9	مى‌	-	-	-	-
10	گوید	-	-	-	-
11	:	-	-	-	-
12	«	-	-	-	-
13	بگیر-تو-دا-	-	-	-	-
14	بی-لا-	-	-	-	-
15	بو	-	-	-	-
16	!	-	-	-	-
17	»	-	-	-	-
18	با	-	-	-	-
19	شما	-	-	-	-
20	موافقم	-	-	-	-
21	و	-	-	-	-
22	به	-	-	-	-
23	این	-	-	-	-
24	فهرست	-	-	-	-
25	دو	-	-	-	-
26	انیمیشن	-	-	-	-
27	دوست‌	-	-	-	-
28	داشتنى	-	-	-	-
29	«	-	-	-	-
30	لک‌	-	-	-	-
31	لک‌ها	-	-	-	-
32	»	-	-	-	-
33	و	-	-	-	-
34	«	-	-	-	-
35	لگو	-	-	-	-
36	»	-	-	-	-
37	را	-	-	-	-
38	هم	-	-	-	-
39	اضافه‌مى‌کنم	-	-	-	-
40	.	-	-	-	-

0	اما	-	-	-	-
1	برگردیم	-	-	-	-
2	به	-	-	-	-
3	کوچک‌	-	-	-	-
4	پا	-	-	-	-
5	.	-	-	-	-

0	به‌نظرم	-	-	-	-
1	لایه‌هاى	-	-	-	-
2	بسیارى	-	-	-	-
3	در	-	-	-	-
4	این	-	-	-	-
5	انیمیشن	-	-	-	-
6	وجود	-	-	-	-
7	دارد	-	-	-	-
8	؛	-	-	-	-
9	طنز	-	-	-	-
10	،	-	-	-	-
11	موسیقى	-	-	-	-
12	،	-	-	-	-
13	داستان	-	-	-	-
14	،	-	-	-	-
15	پیام‌هایى	-	-	-	-
16	پیرامون	-	-	-	-
17	آفرینش	-	-	-	-
18	،	-	-	-	-
19	کشف	-	-	-	-
20	جهان	-	-	-	-
21	و	-	-	-	-
22	…	-	-	-	-
23	رئیس‌	-	-	-	-
24	جمهور	-	-	-	-
25	بعدی‌گرجستان	-	-	-	-
26	در	-	-	-	-
27	سال	-	-	-	-
28	۲۰۲۴	-	-	-	-
29	میلادی	-	-	-	-
30	توسط	-	-	-	-
31	یک	-	-	-	-
32	کالج	-	-	-	-
33	انتخاباتی	-	-	-	-
34	که	-	-	-	-
35	متشکل	-	-	-	-
36	از	-	-	-	-
37	۳۰۰	-	-	-	-
38	عضو	-	-	-	-
39	است	-	-	-	-
40	،	-	-	-	-
41	انتخاب	-	-	-	-
42	خواهد‌شد	-	-	-	-
43	.	-	-	-	-

0	این	-	-	-	-
1	تغییر	-	-	-	-
2	قانون	-	-	-	-
3	اساسی	-	-	-	-
4	در	-	-	-	-
5	سپتامبر	-	-	-	-
6	سال	-	-	-	-
7	۲۰۱۷	-	-	-	-
8	میلادی	-	-	-	-
9	اتخاذ	-	-	-	-
10	شد	-	-	-	-
11	؛	-	-	-	-
12	اقدامی	-	-	-	-
13	که	-	-	-	-
14	از‌سوی	-	-	-	-
15	احزاب	-	-	-	-
16	اپوزیسیون	-	-	-	-
17	موردانتقاد	-	-	-	-
18	قرار	-	-	-	-
19	گرفته	-	-	-	-
20	و	-	-	-	-
21	آن	-	-	-	-
22	را	-	-	-	-
23	به	-	-	-	-
24	عنوان	-	-	-	-
25	اقدامی	-	-	-	-
26	به	-	-	-	-
27	نفع	-	-	-	-
28	حزب	-	-	-	-
29	حاکم	-	-	-	-
30	محکوم‌کردند	-	-	-	-
31	.	-	-	-	-

0	گیورگی	-	-	-	-
1	مارگولاشویلی	-	-	-	-
2	،	-	-	-	-
3	رئیس‌جمهور	-	-	-	-
4	در	-	-	-	-
5	حال	-	-	-	-
6	کناره‌گیری	-	-	-	-
7	گرجستان	-	-	-	-
8	از	-	-	-	-
9	نامزدی	-	-	-	-
10	در	-	-	-	-
11	انتخابات	-	-	-	-
12	برای	-	-	-	-
13	دومین	-	-	-	-
14	دوره	-	-	-	-
15	متوالی	-	-	-	-
16	امتناع	-	-	-	-
17	و	-	-	-	-
18	تاکید‌کرد	-	-	-	-
19	تمایل	-	-	-	-
20	ندارد	-	-	-	-
21	نقشی	-	-	-	-
22	را	-	-	-	-
23	که	-	-	-	-
24	کم‌رنگ‌وتشریفاتی	-	-	-	-
25	شده	-	-	-	-
26	،	-	-	-	-
27	برعهده‌گیرد	-	-	-	-
28	.	-	-	-	-

0	کنگره	-	-	-	-
1	جهانی	-	-	-	-
2	است	-	-	-	-
3	که	-	-	-	-
4	در	-	-	-	-
5	دنیا	-	-	-	-
6	نظیر	-	-	-	-
7	ندارد	-	-	-	-
8	،	-	-	-	-
9	اظهار	-	-	-	-
10	داشت	-	-	-	-
11	:	-	-	-	-
12	دشمنان	-	-	-	-
13	اسلام	-	-	-	-
14	از	-	-	-	-
15	بر	-	-	-	-
16	پایی	-	-	-	-
17	این	-	-	-	-
18	عظمت	-	-	-	-
19	عصبانی	-	-	-	-
20	هستند	-	-	-	-
21	.	-	-	-	-

0	همانطور	-	-	-	-
1	که	-	-	-	-
2	امام‌خمینی	-	-	-	-
3	(	-	-	-	-
4	ره	-	-	-	-
5	)	-	-	-	-
6	فرمودند	-	-	-	-
7	«	-	-	-	-
8	راه	-	-	-	-
9	قدس	-	-	-	-
10	از	-	-	-	-
11	کربلا	-	-	-	-
12	می‌گذرد	-	-	-	-
13	»	-	-	-	-
14	،	-	-	-	-
15	این	-	-	-	-
16	حضور	-	-	-	-
17	میلیونی	-	-	-	-
18	زائران	-	-	-	-
19	اربعین	-	-	-	-
20	زمینه‌	-	-	-	-
21	ساز	-	-	-	-
22	همین	-	-	-	-
23	فرمایش	-	-	-	-
24	ایشان	-	-	-	-
25	است	-	-	-	-
26	.	-	-	-	-

0	وی	-	-	-	-
1	با	-	-	-	-
2	اشاره	-	-	-	-
3	به	-	-	-	-
4	اینکه	-	-	-	-
5	حماسه	-	-	-	-
6	پیاده‌	-	-	-	-
7	روی	-	-	-	-
8	اربعین	-	-	-	-
9	انقدر	-	-	-	-
10	عظیم	-	-	-	-
11	است	-	-	-	-
12	که	-	-	-	-
13	هیچ‌	-	-	-	-
14	گروه	-	-	-	-
15	و	-	-	-	-
16	دولتی	-	-	-	-
17	نمی‌تواند	-	-	-	-
18	مدعی	-	-	-	-
19	باشد	-	-	-	-
20	که	-	-	-	-
21	به‌تنهایی	-	-	-	-
22	این	-	-	-	-
23	حضور	-	-	-	-
24	میلیونی	-	-	-	-
25	را	-	-	-	-
26	اداره	-	-	-	-
27	می‌کند	-	-	-	-
28	،	-	-	-	-
29	افزود	-	-	-	-
30	:	-	-	-	-
31	این	-	-	-	-
32	حماسه	-	-	-	-
33	عظیم	-	-	-	-
34	یک‌	-	-	-	-
35	حرکت	-	-	-	-
36	مردمی	-	-	-	-
37	است	-	-	-	-
38	که	-	-	-	-
39	خود	-	-	-	-
40	مردم	-	-	-	-
41	آن	-	-	-	-
42	را	-	-	-	-
43	اداره	-	-	-	-
44	می‌کنند	-	-	-	-
45	.	-	-	-	-

0	حجت‌	-	-	-	-
1	الاسلام	-	-	-	-
2	نجفی	-	-	-	-
3	با	-	-	-	-
4	بیان	-	-	-	-
5	اینکه	-	-	-	-
6	در	-	-	-	-
7	بازدید	-	-	-	-
8	از	-	-	-	-
9	موکب‌ها	-	-	-	-
10	دیدیم	-	-	-	-
11	که	-	-	-	-
12	خادمان	-	-	-	-
13	و	-	-	-	-
14	زائران	-	-	-	-
15	با‌تمام‌مشکلات	-	-	-	-
16	از	-	-	-	-
17	اقتصادی	-	-	-	-
18	یا	-	-	-	-
19	حتی	-	-	-	-
20	آب	-	-	-	-
21	و‌هوایی	-	-	-	-
22	با‌اخلاص	-	-	-	-
23	به	-	-	-	-
24	خدمت‌رسانی	-	-	-	-
25	مشغول	-	-	-	-
26	هستند	-	-	-	-
27	،	-	-	-	-
28	گفت	-	-	-	-
29	:	-	-	-	-
30	یقین	-	-	-	-
31	دارم	-	-	-	-
32	که	-	-	-	-
33	پیاده‌	-	-	-	-
34	روی	-	-	-	-
35	اربعین	-	-	-	-
36	امسال	-	-	-	-
37	از	-	-	-	-
38	سال‌های	-	-	-	-
39	گذشته	-	-	-	-
40	باشکوه‌‌تر	-	-	-	-
41	خواهد‌بود	-	-	-	-
42	و	-	-	-	-
43	هیچ‌کسی	-	-	-	-
44	اجازه	-	-	-	-
45	نمی‌دهد	-	-	-	-
46	که	-	-	-	-
47	این	-	-	-	-
48	حرکت	-	-	-	-
49	عظیم	-	-	-	-
50	کمرنگ	-	-	-	-
51	شود	-	-	-	-
52	.	-	-	-	-

0	نماینده	-	-	-	-
1	مقام	-	-	-	-
2	معظم	-	-	-	-
3	رهبری	-	-	-	-
4	در	-	-	-	-
5	کربلا	-	-	-	-
6	خاطر	-	-	-	-
7	نشان	-	-	-	-
8	کرد	-	-	-	-
9	:	-	-	-	-
10	خدمت	-	-	-	-
11	به	-	-	-	-
12	زائران	-	-	-	-
13	اربعین	-	-	-	-
14	هدیه	-	-	-	-
15	الهی	-	-	-	-
16	است	-	-	-	-
17	که	-	-	-	-
18	نصیب	-	-	-	-
19	محبان	-	-	-	-
20	اهل‌بیت	-	-	-	-
21	(	-	-	-	-
22	ع	-	-	-	-
23	)	-	-	-	-
24	شده‌است	-	-	-	-
25	.	-	-	-	-

0	خدا	-	-	-	-
1	را	-	-	-	-
2	شکر	-	-	-	-
3	که	-	-	-	-
4	پرچم	-	-	-	-
5	امام	-	-	-	-
6	حسین	-	-	-	-
7	(	-	-	-	-
8	ع	-	-	-	-
9	)	-	-	-	-
10	بر‌سر	-	-	-	-
11	همه	-	-	-	-
12	ما	-	-	-	-
13	گسترده‌شده	-	-	-	-
14	است	-	-	-	-
15	.	-	-	-	-

0	وی	-	-	-	-
1	ضمن	-	-	-	-
2	مثبت	-	-	-	-
3	ارزیابی	-	-	-	-
4	کردن	-	-	-	-
5	خدمات	-	-	-	-
6	ارائه‌شده	-	-	-	-
7	در	-	-	-	-
8	موکب‌‌های	-	-	-	-
9	اربعین	-	-	-	-
10	گفت	-	-	-	-
11	:	-	-	-	-
12	از	-	-	-	-
13	همه	-	-	-	-
14	موکب‌	-	-	-	-
15	داران	-	-	-	-
16	تشکر	-	-	-	-
17	وسلام	-	-	-	-
18	مقام	-	-	-	-
19	معظم	-	-	-	-
20	رهبری	-	-	-	-
21	را	-	-	-	-
22	به	-	-	-	-
23	آنها	-	-	-	-
24	ابلاغ	-	-	-	-
25	می‌	-	-	-	-
26	کنم	-	-	-	-
27	.	-	-	-	-

0	به‌گزارش	-	-	-	-
1	مهر	-	-	-	-
2	،	-	-	-	-
3	محمدرضا	-	-	-	-
4	حسین‌	-	-	-	-
5	زاده	-	-	-	-
6	اظهار	-	-	-	-
7	داشت	-	-	-	-
8	:	-	-	-	-
9	درخواست	-	-	-	-
10	کردیم	-	-	-	-
11	اگر	-	-	-	-
12	اجازه	-	-	-	-
13	افزایش	-	-	-	-
14	تعداد	-	-	-	-
15	باجه‌‌ها	-	-	-	-
16	و	-	-	-	-
17	همچنین	-	-	-	-
18	افزایش	-	-	-	-
19	ساعات‌کار	-	-	-	-
20	و	-	-	-	-
21	شبانه‌	-	-	-	-
22	روزی	-	-	-	-
23	کردن	-	-	-	-
24	آن‌ها	-	-	-	-
25	را	-	-	-	-
26	نمی‌دهند	-	-	-	-
27	،	-	-	-	-
28	لااقل	-	-	-	-
29	اجازه	-	-	-	-
30	بدهند	-	-	-	-
31	دینار	-	-	-	-
32	های‌موجود	-	-	-	-
33	را	-	-	-	-
34	به	-	-	-	-
35	داخل	-	-	-	-
36	مرز	-	-	-	-
37	ایران	-	-	-	-
38	منتقل	-	-	-	-
39	کنیم	-	-	-	-
40	تا	-	-	-	-
41	در	-	-	-	-
42	کشورمان	-	-	-	-
43	و	-	-	-	-
44	در	-	-	-	-
45	لب	-	-	-	-
46	مرز	-	-	-	-
47	به	-	-	-	-
48	زائران	-	-	-	-
49	پرداخت‌شود	-	-	-	-
50	که	-	-	-	-
51	متاسفانه	-	-	-	-
52	طرف	-	-	-	-
53	عراقی	-	-	-	-
54	با	-	-	-	-
55	این	-	-	-	-
56	پیشنهاد	-	-	-	-
57	هم	-	-	-	-
58	موافقت	-	-	-	-
59	نکرده‌است	-	-	-	-
60	.	-	-	-	-

