0	﻿مقام	-	-	-	-
1	معظم	-	-	-	-
2	رهبری	-	-	-	-
3	در	-	-	-	-
4	دیدار	-	-	-	-
5	رئیس	-	-	-	-
6	و	-	-	-	-
7	مسئولان	-	-	-	-
8	سازمان	-	-	-	-
9	پدافند	-	-	-	-
10	غیرعامل	-	-	-	-
11	اظهار	-	-	-	-
12	داشتند	-	-	-	-
13	:	-	-	-	-
14	پدافند	-	-	-	-
15	غیرعامل	-	-	-	-
16	در‌مقابل	-	-	-	-
17	تهاجم	-	-	-	-
18	دشمنان	-	-	-	-
19	علمی	-	-	-	-
20	،	-	-	-	-
21	جدی	-	-	-	-
22	و	-	-	-	-
23	همه‌جانبه	-	-	-	-
24	باشد	-	-	-	-
25	.	-	-	-	-

0	به‌گزارش	-	-	-	-
1	پایگاه	-	-	-	-
2	اطلاع‌رسانی	-	-	-	-
3	دفتر	-	-	-	-
4	حفظ	-	-	-	-
5	و	-	-	-	-
6	نشر	-	-	-	-
7	آثار	-	-	-	-
8	رهبر	-	-	-	-
9	معظم	-	-	-	-
10	انقلاب	-	-	-	-
11	،	-	-	-	-
12	حضرت	-	-	-	-
13	آیت‌الله	-	-	-	-
14	خامنه‌ای	-	-	-	-
15	رهبر	-	-	-	-
16	معظم	-	-	-	-
17	انقلاب	-	-	-	-
18	اسلامی	-	-	-	-
19	ظهر	-	-	-	-
20	امروز	-	-	-	-
21	(	-	-	-	-
22	یکشنبه	-	-	-	-
23	۶	-	-	-	-
24	آبان	-	-	-	-
25	)	-	-	-	-
26	در	-	-	-	-
27	این	-	-	-	-
28	دیدار	-	-	-	-
29	با	-	-	-	-
30	اشاره	-	-	-	-
31	به	-	-	-	-
32	اهمیت	-	-	-	-
33	روزافزون	-	-	-	-
34	پدافند	-	-	-	-
35	غیرعامل	-	-	-	-
36	در‌مقابله	-	-	-	-
37	با	-	-	-	-
38	تهدیدهای	-	-	-	-
39	نو	-	-	-	-
40	شونده	-	-	-	-
41	دشمنان	-	-	-	-
42	،	-	-	-	-
43	تأکید	-	-	-	-
44	کردند	-	-	-	-
45	:	-	-	-	-
46	در‌مقابل	-	-	-	-
47	شیوه‌های	-	-	-	-
48	پیچیده	-	-	-	-
49	تهاجم	-	-	-	-
50	دشمنان	-	-	-	-
51	،	-	-	-	-
52	پدافند	-	-	-	-
53	غیرعامل	-	-	-	-
54	نیز	-	-	-	-
55	باید	-	-	-	-
56	کاملا	-	-	-	-
57	هوشیار	-	-	-	-
58	و	-	-	-	-
59	جدی	-	-	-	-
60	باشد	-	-	-	-
61	و	-	-	-	-
62	به‌صورت	-	-	-	-
63	علمی	-	-	-	-
64	،	-	-	-	-
65	دقیق	-	-	-	-
66	،	-	-	-	-
67	به‌روز	-	-	-	-
68	و	-	-	-	-
69	همه‌جانبه	-	-	-	-
70	عمل	-	-	-	-
71	و	-	-	-	-
72	با	-	-	-	-
73	هرگونه	-	-	-	-
74	نفوذ	-	-	-	-
75	مقابله	-	-	-	-
76	کند	-	-	-	-
77	.	-	-	-	-

0	حضرت	-	-	-	-
1	آیت‌الله	-	-	-	-
2	خامنه‌ای	-	-	-	-
3	توجه	-	-	-	-
4	مسئولان	-	-	-	-
5	در	-	-	-	-
6	همه	-	-	-	-
7	بخشها	-	-	-	-
8	به	-	-	-	-
9	اهمیت	-	-	-	-
10	پدافند	-	-	-	-
11	غیرعامل	-	-	-	-
12	را	-	-	-	-
13	لازم	-	-	-	-
14	دانستند	-	-	-	-
15	و	-	-	-	-
16	افزودند	-	-	-	-
17	:	-	-	-	-
18	اگر	-	-	-	-
19	مدیران	-	-	-	-
20	کشور	-	-	-	-
21	اهمیت	-	-	-	-
22	این	-	-	-	-
23	مسئله	-	-	-	-
24	را	-	-	-	-
25	درک	-	-	-	-
26	نکنند	-	-	-	-
27	و	-	-	-	-
28	پدافند	-	-	-	-
29	غیرعامل	-	-	-	-
30	به‌طور	-	-	-	-
31	شایسته‌توسعه	-	-	-	-
32	پیدا	-	-	-	-
33	نکند	-	-	-	-
34	،	-	-	-	-
35	کشور	-	-	-	-
36	در	-	-	-	-
37	معرض	-	-	-	-
38	تهدیدهای	-	-	-	-
39	بعضا	-	-	-	-
40	غیرقابل	-	-	-	-
41	جبران	-	-	-	-
42	قرار	-	-	-	-
43	خواهد‌گرفت	-	-	-	-
44	،	-	-	-	-
45	بنابراین	-	-	-	-
46	مسئولان	-	-	-	-
47	بخش‌های	-	-	-	-
48	مختلف	-	-	-	-
49	کشور	-	-	-	-
50	چه	-	-	-	-
51	بخشهای	-	-	-	-
52	نظامی	-	-	-	-
53	و	-	-	-	-
54	چه	-	-	-	-
55	بخشهای	-	-	-	-
56	غیرنظامی	-	-	-	-
57	،	-	-	-	-
58	باید	-	-	-	-
59	با	-	-	-	-
60	پدافند	-	-	-	-
61	غیرعامل	-	-	-	-
62	همکاری	-	-	-	-
63	کامل	-	-	-	-
64	و	-	-	-	-
65	لازم	-	-	-	-
66	انجام	-	-	-	-
67	دهند	-	-	-	-
68	.	-	-	-	-

0	ایران	-	-	-	-
1	و	-	-	-	-
2	اتحادیه	-	-	-	-
3	اروپا	-	-	-	-
4	برای	-	-	-	-
5	رونمایی	-	-	-	-
6	از	-	-	-	-
7	یک	-	-	-	-
8	تونل	-	-	-	-
9	مالی	-	-	-	-
10	ویژه‌	-	-	-	-
11	،	-	-	-	-
12	با	-	-	-	-
13	هدف	-	-	-	-
14	خنثی‌سازی	-	-	-	-
15	اثر	-	-	-	-
16	تحریم‌های	-	-	-	-
17	آمریکا	-	-	-	-
18	و	-	-	-	-
19	هموار	-	-	-	-
20	شدن	-	-	-	-
21	راه	-	-	-	-
22	تجارت	-	-	-	-
23	بین	-	-	-	-
24	کشورمان	-	-	-	-
25	با	-	-	-	-
26	جهان	-	-	-	-
27	آماده	-	-	-	-
28	می‌شوند	-	-	-	-
29	.	-	-	-	-

0	ایجاد	-	-	-	-
1	کانال	-	-	-	-
2	ویژه	-	-	-	-
3	مالی	-	-	-	-
4	اروپا	-	-	-	-
5	یکی	-	-	-	-
6	از	-	-	-	-
7	گام‌های	-	-	-	-
8	عملی	-	-	-	-
9	برای	-	-	-	-
10	حفظ	-	-	-	-
11	برجام	-	-	-	-
12	و	-	-	-	-
13	بهره‌مندی	-	-	-	-
14	ایران	-	-	-	-
15	از	-	-	-	-
16	منافع	-	-	-	-
17	اقتصادی	-	-	-	-
18	آن	-	-	-	-
19	ازجمله‌ایمن	-	-	-	-
20	ماندن	-	-	-	-
21	مسیر	-	-	-	-
22	فروش	-	-	-	-
23	نفت	-	-	-	-
24	و	-	-	-	-
25	دیگر	-	-	-	-
26	کالاهای	-	-	-	-
27	صادراتی	-	-	-	-
28	به	-	-	-	-
29	اروپا	-	-	-	-
30	و	-	-	-	-
31	البته	-	-	-	-
32	سایر	-	-	-	-
33	کشورها	-	-	-	-
34	به‌شمار	-	-	-	-
35	می‌رود	-	-	-	-
36	و	-	-	-	-
37	قرار	-	-	-	-
38	است	-	-	-	-
39	مبنای	-	-	-	-
40	رد	-	-	-	-
41	و	-	-	-	-
42	بدل	-	-	-	-
43	مالی	-	-	-	-
44	در	-	-	-	-
45	این	-	-	-	-
46	کانال	-	-	-	-
47	ویژه	-	-	-	-
48	براساس	-	-	-	-
49	یورو	-	-	-	-
50	و	-	-	-	-
51	نه	-	-	-	-
52	دلار	-	-	-	-
53	صورت	-	-	-	-
54	گیرد	-	-	-	-
55	.	-	-	-	-

0	به‌گزارش	-	-	-	-
1	همشهری	-	-	-	-
2	،	-	-	-	-
3	عبدالناصر	-	-	-	-
4	همتی	-	-	-	-
5	،	-	-	-	-
6	رئیس‌کل	-	-	-	-
7	بانک	-	-	-	-
8	مرکزی	-	-	-	-
9	ایران	-	-	-	-
10	در	-	-	-	-
11	تازه‌ترین	-	-	-	-
12	واکنش	-	-	-	-
13	به	-	-	-	-
14	این	-	-	-	-
15	موضوع	-	-	-	-
16	گفته‌است	-	-	-	-
17	جزئیات	-	-	-	-
18	و	-	-	-	-
19	نحوه	-	-	-	-
20	استفاده	-	-	-	-
21	از	-	-	-	-
22	کانال	-	-	-	-
23	ویژه	-	-	-	-
24	مالی	-	-	-	-
25	اروپا	-	-	-	-
26	هفته	-	-	-	-
27	آینده	-	-	-	-
28	در	-	-	-	-
29	جریان	-	-	-	-
30	یک	-	-	-	-
31	نشست	-	-	-	-
32	که	-	-	-	-
33	در	-	-	-	-
34	شهر	-	-	-	-
35	بروکسل	-	-	-	-
36	بلژیک	-	-	-	-
37	،	-	-	-	-
38	مقر	-	-	-	-
39	اتحادیه	-	-	-	-
40	اروپا	-	-	-	-
41	برگزار	-	-	-	-
42	می‌شود	-	-	-	-
43	،	-	-	-	-
44	نهایی	-	-	-	-
45	خواهد‌شد	-	-	-	-
46	.	-	-	-	-

0	او	-	-	-	-
1	وعده	-	-	-	-
2	داده	-	-	-	-
3	جزئیات	-	-	-	-
4	این	-	-	-	-
5	کانال	-	-	-	-
6	ضد‌تحریم	-	-	-	-
7	به‌زودی	-	-	-	-
8	اعلام	-	-	-	-
9	خواهد‌شد	-	-	-	-
10	.	-	-	-	-

0	به‌گفته‌این	-	-	-	-
1	مقام	-	-	-	-
2	ارشد	-	-	-	-
3	بانک	-	-	-	-
4	مرکزی	-	-	-	-
5	،	-	-	-	-
6	جزئیات	-	-	-	-
7	این	-	-	-	-
8	کانال	-	-	-	-
9	هفته	-	-	-	-
10	آینده	-	-	-	-
11	بین	-	-	-	-
12	ایران	-	-	-	-
13	و	-	-	-	-
14	اروپا	-	-	-	-
15	مورد‌بررسی	-	-	-	-
16	نهایی	-	-	-	-
17	قرار	-	-	-	-
18	می‌گیرد	-	-	-	-
19	و	-	-	-	-
20	هدف	-	-	-	-
21	نخست	-	-	-	-
22	آن	-	-	-	-
23	رفع	-	-	-	-
24	مشکلات	-	-	-	-
25	مربوط	-	-	-	-
26	به	-	-	-	-
27	انجام	-	-	-	-
28	پرداخت‌های	-	-	-	-
29	مالی	-	-	-	-
30	است	-	-	-	-
31	.	-	-	-	-

0	او	-	-	-	-
1	در	-	-	-	-
2	صفحه‌اینستاگرام	-	-	-	-
3	خود	-	-	-	-
4	نوشته‌است	-	-	-	-
5	:	-	-	-	-
6	کانال	-	-	-	-
7	ویژه	-	-	-	-
8	مالی	-	-	-	-
9	اروپا	-	-	-	-
10	،	-	-	-	-
11	نقش	-	-	-	-
12	نوعی	-	-	-	-
13	پیمان	-	-	-	-
14	پولی	-	-	-	-
15	دوجانبه	-	-	-	-
16	میان	-	-	-	-
17	ایران	-	-	-	-
18	و	-	-	-	-
19	اتحادیه	-	-	-	-
20	اروپا	-	-	-	-
21	را	-	-	-	-
22	ایفا	-	-	-	-
23	خواهد‌کرد	-	-	-	-
24	و	-	-	-	-
25	هر	-	-	-	-
26	دو	-	-	-	-
27	طرف	-	-	-	-
28	بر	-	-	-	-
29	تسریع	-	-	-	-
30	در‌عملیاتی	-	-	-	-
31	شدن	-	-	-	-
32	این	-	-	-	-
33	فرایند	-	-	-	-
34	تأکید	-	-	-	-
35	دارند	-	-	-	-
36	.	-	-	-	-

0	پیش‌تر	-	-	-	-
1	در	-	-	-	-
2	هفته	-	-	-	-
3	نخست	-	-	-	-
4	مهرماه	-	-	-	-
5	فدریکا	-	-	-	-
6	موگرینی	-	-	-	-
7	،	-	-	-	-
8	مسئول	-	-	-	-
9	سیاست	-	-	-	-
10	خارجی	-	-	-	-
11	اتحادیه	-	-	-	-
12	اروپا	-	-	-	-
13	،	-	-	-	-
14	قول	-	-	-	-
15	داده‌بود	-	-	-	-
16	که	-	-	-	-
17	کانال	-	-	-	-
18	ویژه	-	-	-	-
19	مالی	-	-	-	-
20	اروپا	-	-	-	-
21	تا	-	-	-	-
22	قبل‌از	-	-	-	-
23	۱۰	-	-	-	-
24	آبان	-	-	-	-
25	یعنی	-	-	-	-
26	چند	-	-	-	-
27	روز	-	-	-	-
28	مانده	-	-	-	-
29	به	-	-	-	-
30	اعمال	-	-	-	-
31	مرحله	-	-	-	-
32	دوم	-	-	-	-
33	تحریم‌های	-	-	-	-
34	یکجانبه	-	-	-	-
35	و	-	-	-	-
36	فراسرزمینی	-	-	-	-
37	آمریکا	-	-	-	-
38	علیه	-	-	-	-
39	ایران	-	-	-	-
40	ایجاد	-	-	-	-
41	شود	-	-	-	-
42	.	-	-	-	-

0	ایجاد	-	-	-	-
1	کانال	-	-	-	-
2	ویژه	-	-	-	-
3	مالی	-	-	-	-
4	بر‌مبنای	-	-	-	-
5	الگوی	-	-	-	-
6	پیمان	-	-	-	-
7	دوجانبه	-	-	-	-
8	پولی	-	-	-	-
9	به	-	-	-	-
10	این	-	-	-	-
11	معناست	-	-	-	-
12	که	-	-	-	-
13	بین	-	-	-	-
14	ایران	-	-	-	-
15	به‌عنوان	-	-	-	-
16	کشور	-	-	-	-
17	صادرکننده	-	-	-	-
18	نفت	-	-	-	-
19	و	-	-	-	-
20	سایر	-	-	-	-
21	کالاها	-	-	-	-
22	و	-	-	-	-
23	کشور	-	-	-	-
24	خریدار	-	-	-	-
25	،	-	-	-	-
26	پول	-	-	-	-
27	ملی	-	-	-	-
28	۲کشور	-	-	-	-
29	مبنای	-	-	-	-
30	عمل	-	-	-	-
31	تسویه‌حساب	-	-	-	-
32	قرار	-	-	-	-
33	می‌گیرد	-	-	-	-
34	اما	-	-	-	-
35	پیش‌از	-	-	-	-
36	این	-	-	-	-
37	اعلام‌شده	-	-	-	-
38	بود	-	-	-	-
39	که	-	-	-	-
40	سازوکار	-	-	-	-
41	مالی	-	-	-	-
42	پیشنهادشده	-	-	-	-
43	از‌سوی	-	-	-	-
44	اروپا	-	-	-	-
45	بر‌مبنای	-	-	-	-
46	یورو	-	-	-	-
47	به‌معنای	-	-	-	-
48	واحد	-	-	-	-
49	پولی	-	-	-	-
50	این	-	-	-	-
51	قاره	-	-	-	-
52	خواهد‌بود	-	-	-	-
53	و	-	-	-	-
54	اجرایی	-	-	-	-
55	شدن	-	-	-	-
56	آن	-	-	-	-
57	مستلزم	-	-	-	-
58	همکاری	-	-	-	-
59	بانک‌های	-	-	-	-
60	مرکزی	-	-	-	-
61	ایران	-	-	-	-
62	با	-	-	-	-
63	دیگر	-	-	-	-
64	بانک‌های	-	-	-	-
65	مرکزی	-	-	-	-
66	اروپاست	-	-	-	-
67	.	-	-	-	-

0	ایرنا	-	-	-	-
1	گزارش	-	-	-	-
2	داده	-	-	-	-
3	در	-	-	-	-
4	قالب	-	-	-	-
5	سازوکار	-	-	-	-
6	مالی	-	-	-	-
7	پیشنهادی	-	-	-	-
8	اروپا	-	-	-	-
9	،	-	-	-	-
10	ایران	-	-	-	-
11	می‌تواند	-	-	-	-
12	کالاها	-	-	-	-
13	ازجمله	-	-	-	-
14	نفت	-	-	-	-
15	و	-	-	-	-
16	فرآورده‌های	-	-	-	-
17	نفتی	-	-	-	-
18	را	-	-	-	-
19	به	-	-	-	-
20	اروپا	-	-	-	-
21	صادر	-	-	-	-
22	و	-	-	-	-
23	در‌قبال	-	-	-	-
24	آن	-	-	-	-
25	کالاها	-	-	-	-
26	و	-	-	-	-
27	خدمات	-	-	-	-
28	موردنیاز	-	-	-	-
29	را	-	-	-	-
30	از	-	-	-	-
31	کشورهای	-	-	-	-
32	اروپایی	-	-	-	-
33	خریداری	-	-	-	-
34	کند	-	-	-	-
35	و	-	-	-	-
36	تهاتر	-	-	-	-
37	دریافت	-	-	-	-
38	و	-	-	-	-
39	پرداخت‌ها	-	-	-	-
40	بین	-	-	-	-
41	بانک‌های	-	-	-	-
42	مرکزی	-	-	-	-
43	و	-	-	-	-
44	نه	-	-	-	-
45	شبکه	-	-	-	-
46	بانکی	-	-	-	-
47	صورت	-	-	-	-
48	می‌پذیرد	-	-	-	-
49	.	-	-	-	-

0	«	-	-	-	-
1	آلبرت	-	-	-	-
2	بغزیان	-	-	-	-
3	»	-	-	-	-
4	استاد	-	-	-	-
5	اقتصاد	-	-	-	-
6	دانشگاه	-	-	-	-
7	تهران	-	-	-	-
8	می‌گوید	-	-	-	-
9	:	-	-	-	-
10	اگر	-	-	-	-
11	اروپا	-	-	-	-
12	بخواهد	-	-	-	-
13	و	-	-	-	-
14	از	-	-	-	-
15	آمریکا	-	-	-	-
16	ترس	-	-	-	-
17	نداشته‌باشد	-	-	-	-
18	،	-	-	-	-
19	به‌راحتی	-	-	-	-
20	می‌تواند	-	-	-	-
21	این	-	-	-	-
22	کانال	-	-	-	-
23	ارتباط	-	-	-	-
24	مالی	-	-	-	-
25	یورویی	-	-	-	-
26	را	-	-	-	-
27	با	-	-	-	-
28	ایران	-	-	-	-
29	برقرار	-	-	-	-
30	کند	-	-	-	-
31	؛	-	-	-	-

0	چون	-	-	-	-
1	حساب‌ها	-	-	-	-
2	بر‌پایه‌یورو	-	-	-	-
3	نگهداری	-	-	-	-
4	می‌شود	-	-	-	-
5	،	-	-	-	-
6	به‌راحتی	-	-	-	-
7	می‌توان	-	-	-	-
8	درآمد	-	-	-	-
9	حاصل	-	-	-	-
10	از	-	-	-	-
11	صادرات	-	-	-	-
12	ایران	-	-	-	-
13	را	-	-	-	-
14	با	-	-	-	-
15	واردات	-	-	-	-
16	کالاها	-	-	-	-
17	و	-	-	-	-
18	خدمات	-	-	-	-
19	از	-	-	-	-
20	حوزه	-	-	-	-
21	اروپا	-	-	-	-
22	تهاتر	-	-	-	-
23	کرد	-	-	-	-
24	.	-	-	-	-

0	عباس	-	-	-	-
1	هشی	-	-	-	-
2	،	-	-	-	-
3	کارشناس	-	-	-	-
4	اقتصادی	-	-	-	-
5	هم	-	-	-	-
6	توضیح	-	-	-	-
7	می‌دهد	-	-	-	-
8	این	-	-	-	-
9	کانال	-	-	-	-
10	یورویی	-	-	-	-
11	اختراع	-	-	-	-
12	جدیدی	-	-	-	-
13	نیست	-	-	-	-
14	و	-	-	-	-
15	عملکرد	-	-	-	-
16	آن‌همچون	-	-	-	-
17	اتاق‌های	-	-	-	-
18	تسویه	-	-	-	-
19	پایاپای	-	-	-	-
20	در	-	-	-	-
21	زمان	-	-	-	-
22	جنگ	-	-	-	-
23	تحمیلی	-	-	-	-
24	خواهد‌بود	-	-	-	-
25	.	-	-	-	-

0	معاون	-	-	-	-
1	بین‌الملل	-	-	-	-
2	بانک	-	-	-	-
3	مرکزی	-	-	-	-
4	می‌گوید	-	-	-	-
5	:	-	-	-	-
6	آمریکایی‌ها	-	-	-	-
7	پیش‌از	-	-	-	-
8	١٣	-	-	-	-
9	آبان	-	-	-	-
10	هرچه	-	-	-	-
11	در	-	-	-	-
12	توان	-	-	-	-
13	داشتند	-	-	-	-
14	،	-	-	-	-
15	انجام	-	-	-	-
16	دادند	-	-	-	-
17	اما	-	-	-	-
18	با	-	-	-	-
19	برنامه‌ریزی‌ها	-	-	-	-
20	،	-	-	-	-
21	تلاش	-	-	-	-
22	داریم	-	-	-	-
23	هزینه‌های	-	-	-	-
24	تحریم	-	-	-	-
25	را	-	-	-	-
26	کاهش	-	-	-	-
27	داده	-	-	-	-
28	و	-	-	-	-
29	اجازه	-	-	-	-
30	ندهیم	-	-	-	-
31	جریان	-	-	-	-
32	تجاری	-	-	-	-
33	کشور	-	-	-	-
34	متوقف	-	-	-	-
35	شود	-	-	-	-
36	؛	-	-	-	-
37	ضمن	-	-	-	-
38	آنکه	-	-	-	-
39	اروپایی‌ها	-	-	-	-
40	به	-	-	-	-
41	چند	-	-	-	-
42	دلیل	-	-	-	-
43	نمی‌خواهند	-	-	-	-
44	تجارت	-	-	-	-
45	با	-	-	-	-
46	ایران	-	-	-	-
47	را	-	-	-	-
48	رها	-	-	-	-
49	کنند	-	-	-	-
50	.	-	-	-	-

0	براساس	-	-	-	-
1	اعلام	-	-	-	-
2	بانک	-	-	-	-
3	صادرات	-	-	-	-
4	ایران	-	-	-	-
5	،	-	-	-	-
6	حسین	-	-	-	-
7	یعقوبی	-	-	-	-
8	میاب	-	-	-	-
9	تأکید	-	-	-	-
10	می‌کند	-	-	-	-
11	:	-	-	-	-
12	تحریم‌های	-	-	-	-
13	اخیر	-	-	-	-
14	مانند	-	-	-	-
15	تحریم‌های	-	-	-	-
16	سازمان	-	-	-	-
17	ملل	-	-	-	-
18	گسترده	-	-	-	-
19	نیست	-	-	-	-
20	و	-	-	-	-
21	به‌همین	-	-	-	-
22	دلیل	-	-	-	-
23	ابزارهای	-	-	-	-
24	بهتری	-	-	-	-
25	برای	-	-	-	-
26	مقابله	-	-	-	-
27	با	-	-	-	-
28	آنها	-	-	-	-
29	در	-	-	-	-
30	اختیار	-	-	-	-
31	داریم	-	-	-	-
32	.	-	-	-	-

0	معاون	-	-	-	-
1	بین‌الملل	-	-	-	-
2	بانک	-	-	-	-
3	مرکزی	-	-	-	-
4	تأکید	-	-	-	-
5	می‌کند	-	-	-	-
6	:	-	-	-	-
7	دولت	-	-	-	-
8	آمریکا	-	-	-	-
9	سعی	-	-	-	-
10	کرده‌است	-	-	-	-
11	با	-	-	-	-
12	خروج	-	-	-	-
13	از	-	-	-	-
14	برجام	-	-	-	-
15	،	-	-	-	-
16	اقتصاد	-	-	-	-
17	ایران	-	-	-	-
18	را	-	-	-	-
19	دچار	-	-	-	-
20	اختلال	-	-	-	-
21	کند	-	-	-	-
22	اما	-	-	-	-
23	حضور	-	-	-	-
24	اروپایی‌ها	-	-	-	-
25	و	-	-	-	-
26	تعهداتی	-	-	-	-
27	که	-	-	-	-
28	دادند	-	-	-	-
29	،	-	-	-	-
30	فشار	-	-	-	-
31	را	-	-	-	-
32	کمتر	-	-	-	-
33	کرد	-	-	-	-
34	؛	-	-	-	-
35	تا	-	-	-	-
36	زمانی‌که	-	-	-	-
37	اروپایی‌ها	-	-	-	-
38	حضور	-	-	-	-
39	دارند	-	-	-	-
40	معافیت‌های	-	-	-	-
41	خوب	-	-	-	-
42	همچنان	-	-	-	-
43	وجود	-	-	-	-
44	خواهد‌داشت	-	-	-	-
45	.	-	-	-	-

0	یعقوبی	-	-	-	-
1	می‌افزاید	-	-	-	-
2	:	-	-	-	-
3	تصور	-	-	-	-
4	می‌کنم	-	-	-	-
5	اروپایی‌ها	-	-	-	-
6	به	-	-	-	-
7	۲دلیل	-	-	-	-
8	به‌زودی	-	-	-	-
9	کنار	-	-	-	-
10	نخواهند‌رفت	-	-	-	-
11	؛	-	-	-	-
12	نخست	-	-	-	-
13	به‌واسطه	-	-	-	-
14	جنگ	-	-	-	-
15	تجاری	-	-	-	-
16	آنها	-	-	-	-
17	با	-	-	-	-
18	آمریکا	-	-	-	-
19	و	-	-	-	-
20	دوم	-	-	-	-
21	اینکه	-	-	-	-
22	به‌دنبال	-	-	-	-
23	تقویت	-	-	-	-
24	جایگاه	-	-	-	-
25	اروپا	-	-	-	-
26	در	-	-	-	-
27	فضای	-	-	-	-
28	اقتصاد	-	-	-	-
29	بین‌الملل	-	-	-	-
30	هستند	-	-	-	-
31	.	-	-	-	-

0	رویترز	-	-	-	-
1	به	-	-	-	-
2	نقل	-	-	-	-
3	از	-	-	-	-
4	۳دیپلمات	-	-	-	-
5	اروپایی	-	-	-	-
6	گزارش	-	-	-	-
7	داد	-	-	-	-
8	:	-	-	-	-
9	کانال	-	-	-	-
10	مالی	-	-	-	-
11	یا	-	-	-	-
12	سازوکار	-	-	-	-
13	اتحادیه	-	-	-	-
14	اروپا	-	-	-	-
15	برای	-	-	-	-
16	تسهیل	-	-	-	-
17	پرداخت	-	-	-	-
18	پول	-	-	-	-
19	اقلام	-	-	-	-
20	صادراتی	-	-	-	-
21	ایران	-	-	-	-
22	به	-	-	-	-
23	اروپا	-	-	-	-
24	با	-	-	-	-
25	هدف	-	-	-	-
26	عبور	-	-	-	-
27	از	-	-	-	-
28	تحریم‌های	-	-	-	-
29	آمریکا	-	-	-	-
30	،	-	-	-	-
31	تا	-	-	-	-
32	سیزدهم	-	-	-	-
33	آبان	-	-	-	-
34	به	-	-	-	-
35	شکل	-	-	-	-
36	نمادین	-	-	-	-
37	آماده	-	-	-	-
38	می‌شود	-	-	-	-
39	اما	-	-	-	-
40	عملیاتی	-	-	-	-
41	شدن	-	-	-	-
42	آن	-	-	-	-
43	تا	-	-	-	-
44	اوایل	-	-	-	-
45	زمستان	-	-	-	-
46	سال‌جاری	-	-	-	-
47	طول	-	-	-	-
48	می‌کشد	-	-	-	-
49	.	-	-	-	-

0	وزیر	-	-	-	-
1	امور	-	-	-	-
2	اقتصادی	-	-	-	-
3	و	-	-	-	-
4	دارایی	-	-	-	-
5	با	-	-	-	-
6	بیان	-	-	-	-
7	اینکه	-	-	-	-
8	تحریمی	-	-	-	-
9	که	-	-	-	-
10	می‌خواهند	-	-	-	-
11	در	-	-	-	-
12	۱۳	-	-	-	-
13	آبان	-	-	-	-
14	اعلام	-	-	-	-
15	کنند	-	-	-	-
16	قبلا	-	-	-	-
17	اجرایی	-	-	-	-
18	کرده‌اند	-	-	-	-
19	،	-	-	-	-
20	گفت	-	-	-	-
21	:	-	-	-	-
22	اولین	-	-	-	-
23	برنامه	-	-	-	-
24	مدنظر	-	-	-	-
25	،	-	-	-	-
26	تامین	-	-	-	-
27	مالی	-	-	-	-
28	اقتصادی	-	-	-	-
29	و	-	-	-	-
30	دومین	-	-	-	-
31	کار	-	-	-	-
32	بهبود	-	-	-	-
33	فضای	-	-	-	-
34	کسب‌و‌کار	-	-	-	-
35	اقتصادی	-	-	-	-
36	از‌طریق	-	-	-	-
37	تسهیل	-	-	-	-
38	شرایط	-	-	-	-
39	گمرکی	-	-	-	-
40	است	-	-	-	-
41	.	-	-	-	-

0	به‌گزارش	-	-	-	-
1	فارس	-	-	-	-
2	،	-	-	-	-
3	فرهاد	-	-	-	-
4	دژپسند	-	-	-	-
5	وزیر	-	-	-	-
6	امور	-	-	-	-
7	اقتصادی	-	-	-	-
8	و	-	-	-	-
9	دارایی	-	-	-	-
10	با	-	-	-	-
11	بیان	-	-	-	-
12	اینکه	-	-	-	-
13	تحریمی	-	-	-	-
14	که	-	-	-	-
15	می‌خواهند	-	-	-	-
16	در	-	-	-	-
17	۱۳	-	-	-	-
18	آبان	-	-	-	-
19	اعلام	-	-	-	-
20	کنند	-	-	-	-
21	،	-	-	-	-
22	قبلا	-	-	-	-
23	اجرایی	-	-	-	-
24	کرده‌اند	-	-	-	-
25	،	-	-	-	-
26	گفت	-	-	-	-
27	:	-	-	-	-
28	در	-	-	-	-
29	وزارت	-	-	-	-
30	امور	-	-	-	-
31	اقتصادی	-	-	-	-
32	و	-	-	-	-
33	دارایی	-	-	-	-
34	در	-	-	-	-
35	حال	-	-	-	-
36	رصد	-	-	-	-
37	برنامه‌های	-	-	-	-
38	دشمن	-	-	-	-
39	و	-	-	-	-
40	در	-	-	-	-
41	حال	-	-	-	-
42	آماده‌سازی	-	-	-	-
43	بسته‌هایی	-	-	-	-
44	برای	-	-	-	-
45	مواجهه	-	-	-	-
46	با	-	-	-	-
47	این	-	-	-	-
48	دشمنی‌ها	-	-	-	-
49	هستیم	-	-	-	-
50	.	-	-	-	-

0	دژپسند	-	-	-	-
1	درباره‌برنامه‌های	-	-	-	-
2	اصلی	-	-	-	-
3	خود	-	-	-	-
4	در	-	-	-	-
5	وزارت	-	-	-	-
6	امور	-	-	-	-
7	اقتصادی	-	-	-	-
8	و	-	-	-	-
9	دارایی	-	-	-	-
10	گفت	-	-	-	-
11	:	-	-	-	-
12	طبیعی	-	-	-	-
13	است	-	-	-	-
14	که	-	-	-	-
15	در	-	-	-	-
16	این	-	-	-	-
17	شرایط	-	-	-	-
18	همه	-	-	-	-
19	انتظار	-	-	-	-
20	دارند	-	-	-	-
21	که	-	-	-	-
22	با	-	-	-	-
23	توجه	-	-	-	-
24	به	-	-	-	-
25	تحریم‌های	-	-	-	-
26	دشمن	-	-	-	-
27	،	-	-	-	-
28	ببینند	-	-	-	-
29	ما	-	-	-	-
30	چه	-	-	-	-
31	برنامه‌ای	-	-	-	-
32	را	-	-	-	-
33	تدارک	-	-	-	-
34	دیدیم	-	-	-	-
35	.	-	-	-	-

0	وی	-	-	-	-
1	افزود	-	-	-	-
2	:	-	-	-	-
3	اولین	-	-	-	-
4	برنامه	-	-	-	-
5	مدنظر	-	-	-	-
6	،	-	-	-	-
7	تامین	-	-	-	-
8	مالی	-	-	-	-
9	اقتصادی	-	-	-	-
10	است	-	-	-	-
11	.	-	-	-	-

0	دومین	-	-	-	-
1	کار	-	-	-	-
2	بهبود	-	-	-	-
3	فضای	-	-	-	-
4	کسب‌و‌کار	-	-	-	-
5	اقتصادی	-	-	-	-
6	از‌طریق	-	-	-	-
7	تسهیل	-	-	-	-
8	شرایط	-	-	-	-
9	گمرکی	-	-	-	-
10	است	-	-	-	-
11	.	-	-	-	-

0	سومین	-	-	-	-
1	کار	-	-	-	-
2	این	-	-	-	-
3	است	-	-	-	-
4	که	-	-	-	-
5	بتوانیم	-	-	-	-
6	سیاست‌های	-	-	-	-
7	خصوصی‌سازی	-	-	-	-
8	را	-	-	-	-
9	همان‌طور	-	-	-	-
10	که	-	-	-	-
11	در‌اصل	-	-	-	-
12	۴۴	-	-	-	-
13	آمده‌است	-	-	-	-
14	پیاده	-	-	-	-
15	کنیم	-	-	-	-
16	و	-	-	-	-
17	در‌نهایت	-	-	-	-
18	با	-	-	-	-
19	الکترونیکی	-	-	-	-
20	کردن	-	-	-	-
21	و	-	-	-	-
22	ساماندهی	-	-	-	-
23	مشخص	-	-	-	-
24	،	-	-	-	-
25	با	-	-	-	-
26	فساد	-	-	-	-
27	مقابله	-	-	-	-
28	کنیم	-	-	-	-
29	چراکه	-	-	-	-
30	فساد	-	-	-	-
31	،	-	-	-	-
32	اقتصاد	-	-	-	-
33	را	-	-	-	-
34	زمین‌گیر	-	-	-	-
35	می‌کند	-	-	-	-
36	.	-	-	-	-

0	امیدوارم	-	-	-	-
1	در	-	-	-	-
2	این	-	-	-	-
3	کارها	-	-	-	-
4	با	-	-	-	-
5	همکاری	-	-	-	-
6	دیگران	-	-	-	-
7	،	-	-	-	-
8	گام	-	-	-	-
9	بلندی	-	-	-	-
10	برداریم	-	-	-	-
11	.	-	-	-	-

0	=======	-	-	-	-
1	﻿مقام	-	-	-	-
2	معظم	-	-	-	-
3	رهبری	-	-	-	-
4	در	-	-	-	-
5	دیدار	-	-	-	-
6	رئیس	-	-	-	-
7	و	-	-	-	-
8	مسئولان	-	-	-	-
9	سازمان	-	-	-	-
10	پدافند	-	-	-	-
11	غیرعامل	-	-	-	-
12	اظهار	-	-	-	-
13	داشتند	-	-	-	-
14	:	-	-	-	-
15	پدافند	-	-	-	-
16	غیرعامل	-	-	-	-
17	در‌مقابل	-	-	-	-
18	تهاجم	-	-	-	-
19	دشمنان	-	-	-	-
20	علمی	-	-	-	-
21	،	-	-	-	-
22	جدی	-	-	-	-
23	و	-	-	-	-
24	همه‌جانبه	-	-	-	-
25	باشد	-	-	-	-
26	.	-	-	-	-

0	به‌گزارش	-	-	-	-
1	پایگاه	-	-	-	-
2	اطلاع‌رسانی	-	-	-	-
3	دفتر	-	-	-	-
4	حفظ	-	-	-	-
5	و	-	-	-	-
6	نشر	-	-	-	-
7	آثار	-	-	-	-
8	رهبر	-	-	-	-
9	معظم	-	-	-	-
10	انقلاب	-	-	-	-
11	،	-	-	-	-
12	حضرت	-	-	-	-
13	آیت‌الله	-	-	-	-
14	خامنه‌ای	-	-	-	-
15	رهبر	-	-	-	-
16	معظم	-	-	-	-
17	انقلاب	-	-	-	-
18	اسلامی	-	-	-	-
19	ظهر	-	-	-	-
20	امروز	-	-	-	-
21	(	-	-	-	-
22	یکشنبه	-	-	-	-
23	۶	-	-	-	-
24	آبان	-	-	-	-
25	)	-	-	-	-
26	در	-	-	-	-
27	این	-	-	-	-
28	دیدار	-	-	-	-
29	با	-	-	-	-
30	اشاره	-	-	-	-
31	به	-	-	-	-
32	اهمیت	-	-	-	-
33	روزافزون	-	-	-	-
34	پدافند	-	-	-	-
35	غیرعامل	-	-	-	-
36	در‌مقابله	-	-	-	-
37	با	-	-	-	-
38	تهدیدهای	-	-	-	-
39	نو	-	-	-	-
40	شونده	-	-	-	-
41	دشمنان	-	-	-	-
42	،	-	-	-	-
43	تأکید	-	-	-	-
44	کردند	-	-	-	-
45	:	-	-	-	-
46	در‌مقابل	-	-	-	-
47	شیوه‌های	-	-	-	-
48	پیچیده	-	-	-	-
49	تهاجم	-	-	-	-
50	دشمنان	-	-	-	-
51	،	-	-	-	-
52	پدافند	-	-	-	-
53	غیرعامل	-	-	-	-
54	نیز	-	-	-	-
55	باید	-	-	-	-
56	کاملا	-	-	-	-
57	هوشیار	-	-	-	-
58	و	-	-	-	-
59	جدی	-	-	-	-
60	باشد	-	-	-	-
61	و	-	-	-	-
62	به‌صورت	-	-	-	-
63	علمی	-	-	-	-
64	،	-	-	-	-
65	دقیق	-	-	-	-
66	،	-	-	-	-
67	به‌روز	-	-	-	-
68	و	-	-	-	-
69	همه‌جانبه	-	-	-	-
70	عمل	-	-	-	-
71	و	-	-	-	-
72	با	-	-	-	-
73	هرگونه	-	-	-	-
74	نفوذ	-	-	-	-
75	مقابله	-	-	-	-
76	کند	-	-	-	-
77	.	-	-	-	-

0	حضرت	-	-	-	-
1	آیت‌الله	-	-	-	-
2	خامنه‌ای	-	-	-	-
3	توجه	-	-	-	-
4	مسئولان	-	-	-	-
5	در	-	-	-	-
6	همه	-	-	-	-
7	بخشها	-	-	-	-
8	به	-	-	-	-
9	اهمیت	-	-	-	-
10	پدافند	-	-	-	-
11	غیرعامل	-	-	-	-
12	را	-	-	-	-
13	لازم	-	-	-	-
14	دانستند	-	-	-	-
15	و	-	-	-	-
16	افزودند	-	-	-	-
17	:	-	-	-	-
18	اگر	-	-	-	-
19	مدیران	-	-	-	-
20	کشور	-	-	-	-
21	اهمیت	-	-	-	-
22	این	-	-	-	-
23	مسئله	-	-	-	-
24	را	-	-	-	-
25	درک	-	-	-	-
26	نکنند	-	-	-	-
27	و	-	-	-	-
28	پدافند	-	-	-	-
29	غیرعامل	-	-	-	-
30	به‌طور	-	-	-	-
31	شایسته‌توسعه	-	-	-	-
32	پیدا	-	-	-	-
33	نکند	-	-	-	-
34	،	-	-	-	-
35	کشور	-	-	-	-
36	در	-	-	-	-
37	معرض	-	-	-	-
38	تهدیدهای	-	-	-	-
39	بعضا	-	-	-	-
40	غیرقابل	-	-	-	-
41	جبران	-	-	-	-
42	قرار	-	-	-	-
43	خواهد‌گرفت	-	-	-	-
44	،	-	-	-	-
45	بنابراین	-	-	-	-
46	مسئولان	-	-	-	-
47	بخش‌های	-	-	-	-
48	مختلف	-	-	-	-
49	کشور	-	-	-	-
50	چه	-	-	-	-
51	بخشهای	-	-	-	-
52	نظامی	-	-	-	-
53	و	-	-	-	-
54	چه	-	-	-	-
55	بخشهای	-	-	-	-
56	غیرنظامی	-	-	-	-
57	،	-	-	-	-
58	باید	-	-	-	-
59	با	-	-	-	-
60	پدافند	-	-	-	-
61	غیرعامل	-	-	-	-
62	همکاری	-	-	-	-
63	کامل	-	-	-	-
64	و	-	-	-	-
65	لازم	-	-	-	-
66	انجام	-	-	-	-
67	دهند	-	-	-	-
68	.	-	-	-	-

0	ایران	-	-	-	-
1	و	-	-	-	-
2	اتحادیه	-	-	-	-
3	اروپا	-	-	-	-
4	برای	-	-	-	-
5	رونمایی	-	-	-	-
6	از	-	-	-	-
7	یک	-	-	-	-
8	تونل	-	-	-	-
9	مالی	-	-	-	-
10	ویژه‌	-	-	-	-
11	،	-	-	-	-
12	با	-	-	-	-
13	هدف	-	-	-	-
14	خنثی‌سازی	-	-	-	-
15	اثر	-	-	-	-
16	تحریم‌های	-	-	-	-
17	آمریکا	-	-	-	-
18	و	-	-	-	-
19	هموار	-	-	-	-
20	شدن	-	-	-	-
21	راه	-	-	-	-
22	تجارت	-	-	-	-
23	بین	-	-	-	-
24	کشورمان	-	-	-	-
25	با	-	-	-	-
26	جهان	-	-	-	-
27	آماده	-	-	-	-
28	می‌شوند	-	-	-	-
29	.	-	-	-	-

0	ایجاد	-	-	-	-
1	کانال	-	-	-	-
2	ویژه	-	-	-	-
3	مالی	-	-	-	-
4	اروپا	-	-	-	-
5	یکی	-	-	-	-
6	از	-	-	-	-
7	گام‌های	-	-	-	-
8	عملی	-	-	-	-
9	برای	-	-	-	-
10	حفظ	-	-	-	-
11	برجام	-	-	-	-
12	و	-	-	-	-
13	بهره‌مندی	-	-	-	-
14	ایران	-	-	-	-
15	از	-	-	-	-
16	منافع	-	-	-	-
17	اقتصادی	-	-	-	-
18	آن	-	-	-	-
19	ازجمله‌ایمن	-	-	-	-
20	ماندن	-	-	-	-
21	مسیر	-	-	-	-
22	فروش	-	-	-	-
23	نفت	-	-	-	-
24	و	-	-	-	-
25	دیگر	-	-	-	-
26	کالاهای	-	-	-	-
27	صادراتی	-	-	-	-
28	به	-	-	-	-
29	اروپا	-	-	-	-
30	و	-	-	-	-
31	البته	-	-	-	-
32	سایر	-	-	-	-
33	کشورها	-	-	-	-
34	به‌شمار	-	-	-	-
35	می‌رود	-	-	-	-
36	و	-	-	-	-
37	قرار	-	-	-	-
38	است	-	-	-	-
39	مبنای	-	-	-	-
40	رد	-	-	-	-
41	و	-	-	-	-
42	بدل	-	-	-	-
43	مالی	-	-	-	-
44	در	-	-	-	-
45	این	-	-	-	-
46	کانال	-	-	-	-
47	ویژه	-	-	-	-
48	براساس	-	-	-	-
49	یورو	-	-	-	-
50	و	-	-	-	-
51	نه	-	-	-	-
52	دلار	-	-	-	-
53	صورت	-	-	-	-
54	گیرد	-	-	-	-
55	.	-	-	-	-

0	به‌گزارش	-	-	-	-
1	همشهری	-	-	-	-
2	،	-	-	-	-
3	عبدالناصر	-	-	-	-
4	همتی	-	-	-	-
5	،	-	-	-	-
6	رئیس‌کل	-	-	-	-
7	بانک	-	-	-	-
8	مرکزی	-	-	-	-
9	ایران	-	-	-	-
10	در	-	-	-	-
11	تازه‌ترین	-	-	-	-
12	واکنش	-	-	-	-
13	به	-	-	-	-
14	این	-	-	-	-
15	موضوع	-	-	-	-
16	گفته‌است	-	-	-	-
17	جزئیات	-	-	-	-
18	و	-	-	-	-
19	نحوه	-	-	-	-
20	استفاده	-	-	-	-
21	از	-	-	-	-
22	کانال	-	-	-	-
23	ویژه	-	-	-	-
24	مالی	-	-	-	-
25	اروپا	-	-	-	-
26	هفته	-	-	-	-
27	آینده	-	-	-	-
28	در	-	-	-	-
29	جریان	-	-	-	-
30	یک	-	-	-	-
31	نشست	-	-	-	-
32	که	-	-	-	-
33	در	-	-	-	-
34	شهر	-	-	-	-
35	بروکسل	-	-	-	-
36	بلژیک	-	-	-	-
37	،	-	-	-	-
38	مقر	-	-	-	-
39	اتحادیه	-	-	-	-
40	اروپا	-	-	-	-
41	برگزار	-	-	-	-
42	می‌شود	-	-	-	-
43	،	-	-	-	-
44	نهایی	-	-	-	-
45	خواهد‌شد	-	-	-	-
46	.	-	-	-	-

0	او	-	-	-	-
1	وعده	-	-	-	-
2	داده	-	-	-	-
3	جزئیات	-	-	-	-
4	این	-	-	-	-
5	کانال	-	-	-	-
6	ضد‌تحریم	-	-	-	-
7	به‌زودی	-	-	-	-
8	اعلام	-	-	-	-
9	خواهد‌شد	-	-	-	-
10	.	-	-	-	-

0	به‌گفته‌این	-	-	-	-
1	مقام	-	-	-	-
2	ارشد	-	-	-	-
3	بانک	-	-	-	-
4	مرکزی	-	-	-	-
5	،	-	-	-	-
6	جزئیات	-	-	-	-
7	این	-	-	-	-
8	کانال	-	-	-	-
9	هفته	-	-	-	-
10	آینده	-	-	-	-
11	بین	-	-	-	-
12	ایران	-	-	-	-
13	و	-	-	-	-
14	اروپا	-	-	-	-
15	مورد‌بررسی	-	-	-	-
16	نهایی	-	-	-	-
17	قرار	-	-	-	-
18	می‌گیرد	-	-	-	-
19	و	-	-	-	-
20	هدف	-	-	-	-
21	نخست	-	-	-	-
22	آن	-	-	-	-
23	رفع	-	-	-	-
24	مشکلات	-	-	-	-
25	مربوط	-	-	-	-
26	به	-	-	-	-
27	انجام	-	-	-	-
28	پرداخت‌های	-	-	-	-
29	مالی	-	-	-	-
30	است	-	-	-	-
31	.	-	-	-	-

0	او	-	-	-	-
1	در	-	-	-	-
2	صفحه‌اینستاگرام	-	-	-	-
3	خود	-	-	-	-
4	نوشته‌است	-	-	-	-
5	:	-	-	-	-
6	کانال	-	-	-	-
7	ویژه	-	-	-	-
8	مالی	-	-	-	-
9	اروپا	-	-	-	-
10	،	-	-	-	-
11	نقش	-	-	-	-
12	نوعی	-	-	-	-
13	پیمان	-	-	-	-
14	پولی	-	-	-	-
15	دوجانبه	-	-	-	-
16	میان	-	-	-	-
17	ایران	-	-	-	-
18	و	-	-	-	-
19	اتحادیه	-	-	-	-
20	اروپا	-	-	-	-
21	را	-	-	-	-
22	ایفا	-	-	-	-
23	خواهد‌کرد	-	-	-	-
24	و	-	-	-	-
25	هر	-	-	-	-
26	دو	-	-	-	-
27	طرف	-	-	-	-
28	بر	-	-	-	-
29	تسریع	-	-	-	-
30	در‌عملیاتی	-	-	-	-
31	شدن	-	-	-	-
32	این	-	-	-	-
33	فرایند	-	-	-	-
34	تأکید	-	-	-	-
35	دارند	-	-	-	-
36	.	-	-	-	-

0	پیش‌تر	-	-	-	-
1	در	-	-	-	-
2	هفته	-	-	-	-
3	نخست	-	-	-	-
4	مهرماه	-	-	-	-
5	فدریکا	-	-	-	-
6	موگرینی	-	-	-	-
7	،	-	-	-	-
8	مسئول	-	-	-	-
9	سیاست	-	-	-	-
10	خارجی	-	-	-	-
11	اتحادیه	-	-	-	-
12	اروپا	-	-	-	-
13	،	-	-	-	-
14	قول	-	-	-	-
15	داده‌بود	-	-	-	-
16	که	-	-	-	-
17	کانال	-	-	-	-
18	ویژه	-	-	-	-
19	مالی	-	-	-	-
20	اروپا	-	-	-	-
21	تا	-	-	-	-
22	قبل‌از	-	-	-	-
23	۱۰	-	-	-	-
24	آبان	-	-	-	-
25	یعنی	-	-	-	-
26	چند	-	-	-	-
27	روز	-	-	-	-
28	مانده	-	-	-	-
29	به	-	-	-	-
30	اعمال	-	-	-	-
31	مرحله	-	-	-	-
32	دوم	-	-	-	-
33	تحریم‌های	-	-	-	-
34	یکجانبه	-	-	-	-
35	و	-	-	-	-
36	فراسرزمینی	-	-	-	-
37	آمریکا	-	-	-	-
38	علیه	-	-	-	-
39	ایران	-	-	-	-
40	ایجاد	-	-	-	-
41	شود	-	-	-	-
42	.	-	-	-	-

0	ایجاد	-	-	-	-
1	کانال	-	-	-	-
2	ویژه	-	-	-	-
3	مالی	-	-	-	-
4	بر‌مبنای	-	-	-	-
5	الگوی	-	-	-	-
6	پیمان	-	-	-	-
7	دوجانبه	-	-	-	-
8	پولی	-	-	-	-
9	به	-	-	-	-
10	این	-	-	-	-
11	معناست	-	-	-	-
12	که	-	-	-	-
13	بین	-	-	-	-
14	ایران	-	-	-	-
15	به‌عنوان	-	-	-	-
16	کشور	-	-	-	-
17	صادرکننده	-	-	-	-
18	نفت	-	-	-	-
19	و	-	-	-	-
20	سایر	-	-	-	-
21	کالاها	-	-	-	-
22	و	-	-	-	-
23	کشور	-	-	-	-
24	خریدار	-	-	-	-
25	،	-	-	-	-
26	پول	-	-	-	-
27	ملی	-	-	-	-
28	۲کشور	-	-	-	-
29	مبنای	-	-	-	-
30	عمل	-	-	-	-
31	تسویه‌حساب	-	-	-	-
32	قرار	-	-	-	-
33	می‌گیرد	-	-	-	-
34	اما	-	-	-	-
35	پیش‌از	-	-	-	-
36	این	-	-	-	-
37	اعلام‌شده	-	-	-	-
38	بود	-	-	-	-
39	که	-	-	-	-
40	سازوکار	-	-	-	-
41	مالی	-	-	-	-
42	پیشنهادشده	-	-	-	-
43	از‌سوی	-	-	-	-
44	اروپا	-	-	-	-
45	بر‌مبنای	-	-	-	-
46	یورو	-	-	-	-
47	به‌معنای	-	-	-	-
48	واحد	-	-	-	-
49	پولی	-	-	-	-
50	این	-	-	-	-
51	قاره	-	-	-	-
52	خواهد‌بود	-	-	-	-
53	و	-	-	-	-
54	اجرایی	-	-	-	-
55	شدن	-	-	-	-
56	آن	-	-	-	-
57	مستلزم	-	-	-	-
58	همکاری	-	-	-	-
59	بانک‌های	-	-	-	-
60	مرکزی	-	-	-	-
61	ایران	-	-	-	-
62	با	-	-	-	-
63	دیگر	-	-	-	-
64	بانک‌های	-	-	-	-
65	مرکزی	-	-	-	-
66	اروپاست	-	-	-	-
67	.	-	-	-	-

0	ایرنا	-	-	-	-
1	گزارش	-	-	-	-
2	داده	-	-	-	-
3	در	-	-	-	-
4	قالب	-	-	-	-
5	سازوکار	-	-	-	-
6	مالی	-	-	-	-
7	پیشنهادی	-	-	-	-
8	اروپا	-	-	-	-
9	،	-	-	-	-
10	ایران	-	-	-	-
11	می‌تواند	-	-	-	-
12	کالاها	-	-	-	-
13	ازجمله	-	-	-	-
14	نفت	-	-	-	-
15	و	-	-	-	-
16	فرآورده‌های	-	-	-	-
17	نفتی	-	-	-	-
18	را	-	-	-	-
19	به	-	-	-	-
20	اروپا	-	-	-	-
21	صادر	-	-	-	-
22	و	-	-	-	-
23	در‌قبال	-	-	-	-
24	آن	-	-	-	-
25	کالاها	-	-	-	-
26	و	-	-	-	-
27	خدمات	-	-	-	-
28	موردنیاز	-	-	-	-
29	را	-	-	-	-
30	از	-	-	-	-
31	کشورهای	-	-	-	-
32	اروپایی	-	-	-	-
33	خریداری	-	-	-	-
34	کند	-	-	-	-
35	و	-	-	-	-
36	تهاتر	-	-	-	-
37	دریافت	-	-	-	-
38	و	-	-	-	-
39	پرداخت‌ها	-	-	-	-
40	بین	-	-	-	-
41	بانک‌های	-	-	-	-
42	مرکزی	-	-	-	-
43	و	-	-	-	-
44	نه	-	-	-	-
45	شبکه	-	-	-	-
46	بانکی	-	-	-	-
47	صورت	-	-	-	-
48	می‌پذیرد	-	-	-	-
49	.	-	-	-	-

0	«	-	-	-	-
1	آلبرت	-	-	-	-
2	بغزیان	-	-	-	-
3	»	-	-	-	-
4	استاد	-	-	-	-
5	اقتصاد	-	-	-	-
6	دانشگاه	-	-	-	-
7	تهران	-	-	-	-
8	می‌گوید	-	-	-	-
9	:	-	-	-	-
10	اگر	-	-	-	-
11	اروپا	-	-	-	-
12	بخواهد	-	-	-	-
13	و	-	-	-	-
14	از	-	-	-	-
15	آمریکا	-	-	-	-
16	ترس	-	-	-	-
17	نداشته‌باشد	-	-	-	-
18	،	-	-	-	-
19	به‌راحتی	-	-	-	-
20	می‌تواند	-	-	-	-
21	این	-	-	-	-
22	کانال	-	-	-	-
23	ارتباط	-	-	-	-
24	مالی	-	-	-	-
25	یورویی	-	-	-	-
26	را	-	-	-	-
27	با	-	-	-	-
28	ایران	-	-	-	-
29	برقرار	-	-	-	-
30	کند	-	-	-	-
31	؛	-	-	-	-

0	چون	-	-	-	-
1	حساب‌ها	-	-	-	-
2	بر‌پایه‌یورو	-	-	-	-
3	نگهداری	-	-	-	-
4	می‌شود	-	-	-	-
5	،	-	-	-	-
6	به‌راحتی	-	-	-	-
7	می‌توان	-	-	-	-
8	درآمد	-	-	-	-
9	حاصل	-	-	-	-
10	از	-	-	-	-
11	صادرات	-	-	-	-
12	ایران	-	-	-	-
13	را	-	-	-	-
14	با	-	-	-	-
15	واردات	-	-	-	-
16	کالاها	-	-	-	-
17	و	-	-	-	-
18	خدمات	-	-	-	-
19	از	-	-	-	-
20	حوزه	-	-	-	-
21	اروپا	-	-	-	-
22	تهاتر	-	-	-	-
23	کرد	-	-	-	-
24	.	-	-	-	-

0	عباس	-	-	-	-
1	هشی	-	-	-	-
2	،	-	-	-	-
3	کارشناس	-	-	-	-
4	اقتصادی	-	-	-	-
5	هم	-	-	-	-
6	توضیح	-	-	-	-
7	می‌دهد	-	-	-	-
8	این	-	-	-	-
9	کانال	-	-	-	-
10	یورویی	-	-	-	-
11	اختراع	-	-	-	-
12	جدیدی	-	-	-	-
13	نیست	-	-	-	-
14	و	-	-	-	-
15	عملکرد	-	-	-	-
16	آن‌همچون	-	-	-	-
17	اتاق‌های	-	-	-	-
18	تسویه	-	-	-	-
19	پایاپای	-	-	-	-
20	در	-	-	-	-
21	زمان	-	-	-	-
22	جنگ	-	-	-	-
23	تحمیلی	-	-	-	-
24	خواهد‌بود	-	-	-	-
25	.	-	-	-	-

0	معاون	-	-	-	-
1	بین‌الملل	-	-	-	-
2	بانک	-	-	-	-
3	مرکزی	-	-	-	-
4	می‌گوید	-	-	-	-
5	:	-	-	-	-
6	آمریکایی‌ها	-	-	-	-
7	پیش‌از	-	-	-	-
8	١٣	-	-	-	-
9	آبان	-	-	-	-
10	هرچه	-	-	-	-
11	در	-	-	-	-
12	توان	-	-	-	-
13	داشتند	-	-	-	-
14	،	-	-	-	-
15	انجام	-	-	-	-
16	دادند	-	-	-	-
17	اما	-	-	-	-
18	با	-	-	-	-
19	برنامه‌ریزی‌ها	-	-	-	-
20	،	-	-	-	-
21	تلاش	-	-	-	-
22	داریم	-	-	-	-
23	هزینه‌های	-	-	-	-
24	تحریم	-	-	-	-
25	را	-	-	-	-
26	کاهش	-	-	-	-
27	داده	-	-	-	-
28	و	-	-	-	-
29	اجازه	-	-	-	-
30	ندهیم	-	-	-	-
31	جریان	-	-	-	-
32	تجاری	-	-	-	-
33	کشور	-	-	-	-
34	متوقف	-	-	-	-
35	شود	-	-	-	-
36	؛	-	-	-	-
37	ضمن	-	-	-	-
38	آنکه	-	-	-	-
39	اروپایی‌ها	-	-	-	-
40	به	-	-	-	-
41	چند	-	-	-	-
42	دلیل	-	-	-	-
43	نمی‌خواهند	-	-	-	-
44	تجارت	-	-	-	-
45	با	-	-	-	-
46	ایران	-	-	-	-
47	را	-	-	-	-
48	رها	-	-	-	-
49	کنند	-	-	-	-
50	.	-	-	-	-

0	براساس	-	-	-	-
1	اعلام	-	-	-	-
2	بانک	-	-	-	-
3	صادرات	-	-	-	-
4	ایران	-	-	-	-
5	،	-	-	-	-
6	حسین	-	-	-	-
7	یعقوبی	-	-	-	-
8	میاب	-	-	-	-
9	تأکید	-	-	-	-
10	می‌کند	-	-	-	-
11	:	-	-	-	-
12	تحریم‌های	-	-	-	-
13	اخیر	-	-	-	-
14	مانند	-	-	-	-
15	تحریم‌های	-	-	-	-
16	سازمان	-	-	-	-
17	ملل	-	-	-	-
18	گسترده	-	-	-	-
19	نیست	-	-	-	-
20	و	-	-	-	-
21	به‌همین	-	-	-	-
22	دلیل	-	-	-	-
23	ابزارهای	-	-	-	-
24	بهتری	-	-	-	-
25	برای	-	-	-	-
26	مقابله	-	-	-	-
27	با	-	-	-	-
28	آنها	-	-	-	-
29	در	-	-	-	-
30	اختیار	-	-	-	-
31	داریم	-	-	-	-
32	.	-	-	-	-

0	معاون	-	-	-	-
1	بین‌الملل	-	-	-	-
2	بانک	-	-	-	-
3	مرکزی	-	-	-	-
4	تأکید	-	-	-	-
5	می‌کند	-	-	-	-
6	:	-	-	-	-
7	دولت	-	-	-	-
8	آمریکا	-	-	-	-
9	سعی	-	-	-	-
10	کرده‌است	-	-	-	-
11	با	-	-	-	-
12	خروج	-	-	-	-
13	از	-	-	-	-
14	برجام	-	-	-	-
15	،	-	-	-	-
16	اقتصاد	-	-	-	-
17	ایران	-	-	-	-
18	را	-	-	-	-
19	دچار	-	-	-	-
20	اختلال	-	-	-	-
21	کند	-	-	-	-
22	اما	-	-	-	-
23	حضور	-	-	-	-
24	اروپایی‌ها	-	-	-	-
25	و	-	-	-	-
26	تعهداتی	-	-	-	-
27	که	-	-	-	-
28	دادند	-	-	-	-
29	،	-	-	-	-
30	فشار	-	-	-	-
31	را	-	-	-	-
32	کمتر	-	-	-	-
33	کرد	-	-	-	-
34	؛	-	-	-	-
35	تا	-	-	-	-
36	زمانی‌که	-	-	-	-
37	اروپایی‌ها	-	-	-	-
38	حضور	-	-	-	-
39	دارند	-	-	-	-
40	معافیت‌های	-	-	-	-
41	خوب	-	-	-	-
42	همچنان	-	-	-	-
43	وجود	-	-	-	-
44	خواهد‌داشت	-	-	-	-
45	.	-	-	-	-

0	یعقوبی	-	-	-	-
1	می‌افزاید	-	-	-	-
2	:	-	-	-	-
3	تصور	-	-	-	-
4	می‌کنم	-	-	-	-
5	اروپایی‌ها	-	-	-	-
6	به	-	-	-	-
7	۲دلیل	-	-	-	-
8	به‌زودی	-	-	-	-
9	کنار	-	-	-	-
10	نخواهند‌رفت	-	-	-	-
11	؛	-	-	-	-
12	نخست	-	-	-	-
13	به‌واسطه	-	-	-	-
14	جنگ	-	-	-	-
15	تجاری	-	-	-	-
16	آنها	-	-	-	-
17	با	-	-	-	-
18	آمریکا	-	-	-	-
19	و	-	-	-	-
20	دوم	-	-	-	-
21	اینکه	-	-	-	-
22	به‌دنبال	-	-	-	-
23	تقویت	-	-	-	-
24	جایگاه	-	-	-	-
25	اروپا	-	-	-	-
26	در	-	-	-	-
27	فضای	-	-	-	-
28	اقتصاد	-	-	-	-
29	بین‌الملل	-	-	-	-
30	هستند	-	-	-	-
31	.	-	-	-	-

0	رویترز	-	-	-	-
1	به	-	-	-	-
2	نقل	-	-	-	-
3	از	-	-	-	-
4	۳دیپلمات	-	-	-	-
5	اروپایی	-	-	-	-
6	گزارش	-	-	-	-
7	داد	-	-	-	-
8	:	-	-	-	-
9	کانال	-	-	-	-
10	مالی	-	-	-	-
11	یا	-	-	-	-
12	سازوکار	-	-	-	-
13	اتحادیه	-	-	-	-
14	اروپا	-	-	-	-
15	برای	-	-	-	-
16	تسهیل	-	-	-	-
17	پرداخت	-	-	-	-
18	پول	-	-	-	-
19	اقلام	-	-	-	-
20	صادراتی	-	-	-	-
21	ایران	-	-	-	-
22	به	-	-	-	-
23	اروپا	-	-	-	-
24	با	-	-	-	-
25	هدف	-	-	-	-
26	عبور	-	-	-	-
27	از	-	-	-	-
28	تحریم‌های	-	-	-	-
29	آمریکا	-	-	-	-
30	،	-	-	-	-
31	تا	-	-	-	-
32	سیزدهم	-	-	-	-
33	آبان	-	-	-	-
34	به	-	-	-	-
35	شکل	-	-	-	-
36	نمادین	-	-	-	-
37	آماده	-	-	-	-
38	می‌شود	-	-	-	-
39	اما	-	-	-	-
40	عملیاتی	-	-	-	-
41	شدن	-	-	-	-
42	آن	-	-	-	-
43	تا	-	-	-	-
44	اوایل	-	-	-	-
45	زمستان	-	-	-	-
46	سال‌جاری	-	-	-	-
47	طول	-	-	-	-
48	می‌کشد	-	-	-	-
49	.	-	-	-	-

0	وزیر	-	-	-	-
1	امور	-	-	-	-
2	اقتصادی	-	-	-	-
3	و	-	-	-	-
4	دارایی	-	-	-	-
5	با	-	-	-	-
6	بیان	-	-	-	-
7	اینکه	-	-	-	-
8	تحریمی	-	-	-	-
9	که	-	-	-	-
10	می‌خواهند	-	-	-	-
11	در	-	-	-	-
12	۱۳	-	-	-	-
13	آبان	-	-	-	-
14	اعلام	-	-	-	-
15	کنند	-	-	-	-
16	قبلا	-	-	-	-
17	اجرایی	-	-	-	-
18	کرده‌اند	-	-	-	-
19	،	-	-	-	-
20	گفت	-	-	-	-
21	:	-	-	-	-
22	اولین	-	-	-	-
23	برنامه	-	-	-	-
24	مدنظر	-	-	-	-
25	،	-	-	-	-
26	تامین	-	-	-	-
27	مالی	-	-	-	-
28	اقتصادی	-	-	-	-
29	و	-	-	-	-
30	دومین	-	-	-	-
31	کار	-	-	-	-
32	بهبود	-	-	-	-
33	فضای	-	-	-	-
34	کسب‌و‌کار	-	-	-	-
35	اقتصادی	-	-	-	-
36	از‌طریق	-	-	-	-
37	تسهیل	-	-	-	-
38	شرایط	-	-	-	-
39	گمرکی	-	-	-	-
40	است	-	-	-	-
41	.	-	-	-	-

0	به‌گزارش	-	-	-	-
1	فارس	-	-	-	-
2	،	-	-	-	-
3	فرهاد	-	-	-	-
4	دژپسند	-	-	-	-
5	وزیر	-	-	-	-
6	امور	-	-	-	-
7	اقتصادی	-	-	-	-
8	و	-	-	-	-
9	دارایی	-	-	-	-
10	با	-	-	-	-
11	بیان	-	-	-	-
12	اینکه	-	-	-	-
13	تحریمی	-	-	-	-
14	که	-	-	-	-
15	می‌خواهند	-	-	-	-
16	در	-	-	-	-
17	۱۳	-	-	-	-
18	آبان	-	-	-	-
19	اعلام	-	-	-	-
20	کنند	-	-	-	-
21	،	-	-	-	-
22	قبلا	-	-	-	-
23	اجرایی	-	-	-	-
24	کرده‌اند	-	-	-	-
25	،	-	-	-	-
26	گفت	-	-	-	-
27	:	-	-	-	-
28	در	-	-	-	-
29	وزارت	-	-	-	-
30	امور	-	-	-	-
31	اقتصادی	-	-	-	-
32	و	-	-	-	-
33	دارایی	-	-	-	-
34	در	-	-	-	-
35	حال	-	-	-	-
36	رصد	-	-	-	-
37	برنامه‌های	-	-	-	-
38	دشمن	-	-	-	-
39	و	-	-	-	-
40	در	-	-	-	-
41	حال	-	-	-	-
42	آماده‌سازی	-	-	-	-
43	بسته‌هایی	-	-	-	-
44	برای	-	-	-	-
45	مواجهه	-	-	-	-
46	با	-	-	-	-
47	این	-	-	-	-
48	دشمنی‌ها	-	-	-	-
49	هستیم	-	-	-	-
50	.	-	-	-	-

0	دژپسند	-	-	-	-
1	درباره‌برنامه‌های	-	-	-	-
2	اصلی	-	-	-	-
3	خود	-	-	-	-
4	در	-	-	-	-
5	وزارت	-	-	-	-
6	امور	-	-	-	-
7	اقتصادی	-	-	-	-
8	و	-	-	-	-
9	دارایی	-	-	-	-
10	گفت	-	-	-	-
11	:	-	-	-	-
12	طبیعی	-	-	-	-
13	است	-	-	-	-
14	که	-	-	-	-
15	در	-	-	-	-
16	این	-	-	-	-
17	شرایط	-	-	-	-
18	همه	-	-	-	-
19	انتظار	-	-	-	-
20	دارند	-	-	-	-
21	که	-	-	-	-
22	با	-	-	-	-
23	توجه	-	-	-	-
24	به	-	-	-	-
25	تحریم‌های	-	-	-	-
26	دشمن	-	-	-	-
27	،	-	-	-	-
28	ببینند	-	-	-	-
29	ما	-	-	-	-
30	چه	-	-	-	-
31	برنامه‌ای	-	-	-	-
32	را	-	-	-	-
33	تدارک	-	-	-	-
34	دیدیم	-	-	-	-
35	.	-	-	-	-

0	وی	-	-	-	-
1	افزود	-	-	-	-
2	:	-	-	-	-
3	اولین	-	-	-	-
4	برنامه	-	-	-	-
5	مدنظر	-	-	-	-
6	،	-	-	-	-
7	تامین	-	-	-	-
8	مالی	-	-	-	-
9	اقتصادی	-	-	-	-
10	است	-	-	-	-
11	.	-	-	-	-

0	دومین	-	-	-	-
1	کار	-	-	-	-
2	بهبود	-	-	-	-
3	فضای	-	-	-	-
4	کسب‌و‌کار	-	-	-	-
5	اقتصادی	-	-	-	-
6	از‌طریق	-	-	-	-
7	تسهیل	-	-	-	-
8	شرایط	-	-	-	-
9	گمرکی	-	-	-	-
10	است	-	-	-	-
11	.	-	-	-	-

0	سومین	-	-	-	-
1	کار	-	-	-	-
2	این	-	-	-	-
3	است	-	-	-	-
4	که	-	-	-	-
5	بتوانیم	-	-	-	-
6	سیاست‌های	-	-	-	-
7	خصوصی‌سازی	-	-	-	-
8	را	-	-	-	-
9	همان‌طور	-	-	-	-
10	که	-	-	-	-
11	در‌اصل	-	-	-	-
12	۴۴	-	-	-	-
13	آمده‌است	-	-	-	-
14	پیاده	-	-	-	-
15	کنیم	-	-	-	-
16	و	-	-	-	-
17	در‌نهایت	-	-	-	-
18	با	-	-	-	-
19	الکترونیکی	-	-	-	-
20	کردن	-	-	-	-
21	و	-	-	-	-
22	ساماندهی	-	-	-	-
23	مشخص	-	-	-	-
24	،	-	-	-	-
25	با	-	-	-	-
26	فساد	-	-	-	-
27	مقابله	-	-	-	-
28	کنیم	-	-	-	-
29	چراکه	-	-	-	-
30	فساد	-	-	-	-
31	،	-	-	-	-
32	اقتصاد	-	-	-	-
33	را	-	-	-	-
34	زمین‌گیر	-	-	-	-
35	می‌کند	-	-	-	-
36	.	-	-	-	-

0	امیدوارم	-	-	-	-
1	در	-	-	-	-
2	این	-	-	-	-
3	کارها	-	-	-	-
4	با	-	-	-	-
5	همکاری	-	-	-	-
6	دیگران	-	-	-	-
7	،	-	-	-	-
8	گام	-	-	-	-
9	بلندی	-	-	-	-
10	برداریم	-	-	-	-
11	.	-	-	-	-

