0	درهم‌تنیدگی
1	کوانتومی
2	می‌گوید
3	«
4	در
5	سامانه‌های
6	مرکب
7	با
8	وضعیت‌هایی
9	مواجه
10	می‌شویم
11	که
12	در
13	آن
14	اجزای
15	سامانه
16	دارای
17	هیچ
18	ویژگی
19	نیستند
20	بلکه
21	فقط
22	سامانه‌ی
23	کل
24	دارای
25	دسته‌ای
26	از
27	ویژگی‌ها
28	است
29	.
0	»
1	به
2	زبان
3	ساده
4	و
5	به
6	عنوان
7	اولین
8	مثال
9	تاریخی
10	،
11	درهم‌تنیدگی
12	جفت
13	شدن
14	خواص
15	مکانیکی
16	دو
17	ذره
18	است
19	،
20	ذراتی
21	که
22	پیش‌تر
23	با
24	یکدیگر
25	در
26	اندرکنش
27	بوده
28	و
29	سپس
30	از
31	یکدیگر
32	جدا
33	شده‌اند
34	.
0	درهم‌تنیدگی
1	برای
2	ذراتی
3	همچون
4	فوتون‌ها
5	،
6	الکترون‌ها
7	و
8	حتی
9	مولکول‌ها
10	رخ
11	می‌دهد
12	.
0	این
1	اندرکنش
2	فیزیکی
3	مربوط
4	به
5	خواصی
6	نظیر
7	مکان
8	،
9	تکانه
10	،
11	اسپین
12	و
13	قطبش
14	و
15	.
0	.
0	.
0	است
1	به
2	گونه‌ای
3	که
4	با
5	تعیین
6	هر
7	یک
8	از
9	خواص
10	برای
11	یکی
12	از
13	دو
14	ذره
15	همان
16	خاصیت
17	در
18	دیگری
19	تعیین
20	می‌شود
21	.
0	به
1	عبارت
2	دیگر
3	هر
4	یک
5	از
6	ذرات
7	جفت
8	شده
9	به
10	خوبی
11	توسط
12	حالت
13	کوانتومی
14	مشابه
15	توصیف
16	می‌شوند
17	.
0	فلسفه‌ای
1	که
2	منجر
3	به
4	شکل‌گیری‌ی
5	زبان‌های‌شی
6	گرا
7	شد
8	،
9	عبارت
10	بود
11	از
12	این
13	واقعیت
14	که
15	نحوه‌ی
16	عملکرد
17	مغز
18	و
19	شیوه‌ی
20	دریافت
21	اطلاعات
22	از
23	محیط
24	پیرامون
25	و
26	پردازش
27	آن
28	اطلاعات
29	(
30	اندیشیدن
31	)
32	،
33	شیوه‌ای‌شی
34	گراست
35	،
36	از
37	همین
38	روی
39	می‌بایستی
40	زبانی
41	تعریف
42	می‌شد
43	که
44	همین
45	شیوه
46	را
47	مبنای
48	کار
49	خود
50	قرار
51	داده
52	و
53	بازتولید
54	می‌کرد
55	؛
56	و
57	دقیقاً
58	به
59	همان
60	شکل
61	که
62	اشیا
63	در
64	جهان
65	خارج
66	،
67	دارای
68	هویت
69	و
70	کارکرد
71	مشخص
72	و
73	یگانه
74	برای
75	خود
76	هستند
77	و
78	درعین‌حال
79	با
80	دیگر
81	اشیا
82	در
83	ارتباطی
84	تنگاتنگ
85	و
86	مستقیم‌اند
87	،
88	در
89	زبان‌های
90	برنامه‌نویسی
91	نیز
92	می‌بایستی
93	این
94	اصول
95	کلی
96	برقرار
97	می‌شد
98	.
0	تابه
1	این
2	شکل
3	،
4	برنامه‌نویس
5	بتواند
6	با
7	بهره‌گیری
8	از
9	زبانی
10	که
11	به
12	روش
13	اندیشیدنش
14	،
15	نزدیکی
16	بیشتری
17	دارد
18	،
19	شی‌های
20	مختلفی
21	را
22	تعریف
23	نموده
24	،
25	این
26	شی‌ها
27	را
28	در
29	ارتباط
30	با
31	یکدیگر
32	قرار
33	داده
34	و
35	از
36	شی‌های
37	پویای
38	تولیدشده
39	برای
40	حل
41	مسئله‌ی
42	پیشروی
43	استفاده
44	نماید
45	.
0	امروزه
1	اکثر
2	زبان‌های
3	دستوری
4	برنامه‌نویسی
5	از
6	فنون
7	شی‌گرایی
8	پشتیبانی
9	می‌کنند
10	.
0	زبان‌هایی
1	مانند
2	جاوا
3	،
4	سی
5	+
6	+
7	،
8	سی
9	شارپ
10	،
11	دلفی
12	ازجمله
13	زبان‌های
14	شی‌گرا
15	هستند
16	.
0	حتی
1	بسیاری
2	از
3	زبان‌های
4	روال
5	گونه
6	که
7	ساختار
8	برنامه‌ها
9	در
10	آن‌ها
11	بلوک‌هایی
12	بانام
13	پروسیجر
14	است
15	امروزه
16	از
17	فنون
18	شی‌گرایی
19	نیز
20	پشتبانی
21	می‌کنند
22	.
0	زبان‌های
1	سی
2	+
3	+‌وپی‌اچ‌پی
4	از
5	این
6	جمله
7	هستند
8	.
0	هر
1	شی‌ء
2	یک
3	سری
4	خصوصیت
5	و
6	قابلیت
7	دارد
8	،
9	که
10	اصطلاحاً
11	Properties
12	و
13	Operation
14	خوانده می‌شوند
15	.
0	در
1	این
2	پارادایم
3	برنامه‌نویسی
4	،
5	دید
6	برنامه‌نویس
7	به
8	سیستم
9	دید
10	شخصی
11	است
12	که
13	سعی
14	می‌نماید
15	با
16	پیدا
17	کردن
18	اشیاء
19	مختلف
20	در
21	سیستم
22	و
23	برقراری
24	ارتباط
25	بین
26	آن‌ها
27	سیستم
28	را
29	تولید
30	نماید
31	.
0	ردیت
1	یک
2	وب‌گاه
3	برای
4	جمع‌آوری
5	اخبار
6	اجتماعی
7	که
8	در
9	آن
10	کاربران
11	ثبت‌نام‌کرده
12	قادرند
13	اخبار
14	را
15	در
16	قالب
17	لینک
18	یا
19	متن
20	ارسال
21	کنند
22	و
23	آن
24	را
25	با
26	دیگران
27	به
28	اشتراک
29	بگذارند
30	.
0	کاربران
1	می‌توانند
2	به
3	پست
4	یا
5	گزارش‌های
6	نوشته شده
7	رأی
8	دهند
9	و
10	جایگاه
11	آن
12	خبر
13	را
14	در
15	صفحات
16	ردیت
17	و
18	صفحه‌ی
19	اصلی
20	مشخص
21	کنند
22	.
0	درواقع
1	کاربران
2	هستند
3	که
4	در
5	ردیت
6	اهمیت
7	خبر
8	را
9	تعیین
10	می‌کنند
11	.
0	این
1	وب‌گاه
2	در
3	سال
4	۲۰۰۵
5	توسط
6	استیو
7	هافمن
8	و
9	الکسیس
10	اوهانیان
11	که
12	هر
13	دو
14	دانش
15	آموخته‌ی
16	دانشگاه
17	ویرجینیا
18	هستند
19	تأسیس
20	شد
21	.
0	دفتر
1	مرکزی
2	ردیت
3	در
4	سان‌فرانسیسکو
5	،
6	کالیفرنیا
7	در
8	ایالات‌متحده
9	آمریکا
10	است
11	.
0	درخشش
1	یا
2	تلألؤ
3	(
4	به
5	انگلیسی
6	:
7	The
8	Shining
9	)
10	فیلمی
11	در
12	سبک
13	ترسناک
14	روانشناسانه
15	محصول
16	آمریکا
17	و
18	بریتانیا
19	به
20	کارگردانی
21	و
22	تهیه‌کنندگی
23	استنلی
24	کو
25	بریک
26	است
27	که
28	در
29	سال
30	۱۹۸۰
31	منتشر
32	شد
33	.
0	فیلم‌نامه
1	این
2	کار
3	را
4	کو
5	بریک
6	ودایان
7	جانسون
8	،
9	رمان‌نویس
10	زاده
11	آمریکا
12	نوشتند
13	.
0	در
1	این
2	فیلم
3	هنرپیشگانی
4	همچون
5	جک
6	نیکلسون
7	،
8	شلی
9	دوو
10	ال
11	و
12	دنی
13	لوید
14	به
15	ایفای
16	نقش
17	پرداخته‌اند
18	.
0	درخشش
1	تنها
2	فیلم
3	کو
4	بریک
5	در
6	ژانر
7	وحشت
8	محسوب
9	می‌شود
10	.
0	فیلم
1	براساس
2	داستانی
3	به
4	همین
5	نام
6	از
7	استیون
8	کینگ
9	ساخته شد
10	.
0	جک
1	نیکلسون
2	در
3	معروف‌ترین
4	سکانس
5	فیلم
6	برداشت‌های
7	مکرر
8	کو
9	بریک
10	درحین
11	این
12	فیلم
13	یکی
14	از
15	ضرب‌المثل‌های
16	صنعت
17	فیلمسازی
18	شده است
19	.
0	او
1	۱۲۷
2	مرتبه
3	از
4	شلی
5	دوو
6	ال
7	برای
8	یکی
9	از
10	سکانس‌های
11	فیلم
12	فیلمبرداری
13	کرد
14	.
0	عصبیت
1	شلی
2	دوو
3	ال
4	در
5	فیلم
6	به
7	خوبی
8	مشهود
9	است
10	اسکتمن
11	کراترز
12	به
13	نقش
14	آشپز
15	سیاه‌پوست
16	هتل
17	مجبور
18	شد
19	۴۰
20	بار
21	صحنه
22	درگیری
23	با
24	تبر
25	را
26	بازی
27	کند
28	و
29	نهایتاً
30	دچار
31	فروپاشی
32	عصبی
33	شده
34	و
35	با
36	گریه
37	به
38	کو
39	بریک
40	گفت
41	:
42	«
43	آقای
44	کو
45	بریک
46	آخه
47	چی
48	از
49	جونم
50	میخواین
51	؟
52	»
53	اما
54	کو
55	بریک
56	سکانس
57	خروج
58	و
59	فوران
60	خون
61	از
62	درون
63	آسانسور
64	هتل
65	اورلووک
66	را
67	تنها
68	سه
69	مرتبه
70	تکرار
71	کرد
72	و
73	علت
74	به
75	سختی
76	تکرار
77	این
78	صحنه
79	بازمی‌گشت
80	که
81	هر
82	بار
83	آماده
84	کردن
85	آن
86	۹
87	ساعت
88	طول
89	می‌کشید
90	!
0	اما
1	کو
2	بریک
3	پس‌از
4	تماشای
5	سکانس
6	می‌گفت
7	:
8	«
9	نه
10	شبیه
11	خون
12	واقعی
13	نشد
14	.
0	»
1	نکته
2	جالب
3	درمورد
4	این
5	صحنه
6	این
7	بود
8	که
9	اداره
10	سانسور
11	انگلستان
12	از
13	وفور
14	این
15	همه
16	خون
17	در
18	یک
19	سکانس
20	به
21	تنگ
22	آمده
23	و
24	درجه
25	فیلم
26	را
27	فقط
28	برای
29	بزرگسالان
30	اعلام
31	نموده بود
32	اما
33	گویا
34	کو
35	بریک
36	با
37	زیرکی
38	آنها
39	را
40	قانع
41	کرد
42	که
43	این
44	مایع
45	لزج
46	،
47	خون
48	نبوده
49	بلکه
50	«
51	فاضلاب
52	»
53	است
54	.
0	بازیگر
1	نقش
2	بچه
3	فیلم
4	تا
5	۱۲
6	سالگی
7	نفهمید
8	که
9	در
10	فیلمی
11	ترسناک
12	بازی
13	کرده‌است
14	.
0	درصورتی‌که
1	در
2	۷
3	سالگی
4	این
5	نقش
6	را
7	بازی
8	کرده بود
9	.
0	کو
1	بریک
2	حس
3	مسئولیت
4	شدیدی
5	در
6	این
7	خصوص
8	احساس
9	می‌کرد
10	و
11	بدین
12	لحاظ
13	این
14	امر
15	را
16	از
17	کودک
18	هنرمند
19	پنهان
20	نگاهداشت
21	تابه
22	روحیه
23	او
24	لطمه‌ای
25	وارد
26	نگردد
27	.
0	حتی
1	بار
2	نخستی
3	که
4	دنی
5	لوید
6	این
7	فیلم
8	را
9	واقعاً
10	تماشا
11	کرد
12	با
13	خود
14	استنلی
15	کو
16	بریک
17	بود
18	.
0	زلاتان
1	برای
2	اولین
3	بار
4	در
5	سال
6	۱۹۹۶
7	با
8	مالمو
9	قرارداد
10	بست
11	و
12	در
13	سال
14	۱۹۹۹
15	در
16	ترکیب
17	تیم
18	اول
19	این
20	تیم
21	در
22	لیگ
23	اول
24	سوئد
25	قرار
26	گرفت
27	که
28	در
29	این
30	سال
31	این
32	تیم
33	با
34	رتبه
35	سیزدهم
36	به
37	لیگ
38	دوم
39	سقوط
40	کرد
41	ولی
42	فصل
43	بعد
44	به
45	لیگ
46	اول
47	بازگشت
48	.
0	پیش‌ازآن‌که
1	لئو
2	بین‌ها
3	کر
4	سرمربی
5	آژاکس
6	علاقه
7	خود
8	را
9	برای
10	جذب
11	این
12	بازیکن
13	نشان
14	دهد
15	این
16	آرسن
17	ونگر
18	بود
19	که
20	زلاتان
21	را
22	کشف
23	کرد
24	اما
25	طی
26	تلاشی
27	ناموفق
28	برای
29	انتقال
30	وی
31	به
32	آرسنال
33	ابراهیموویچ
34	به
35	آژاکس
36	پیوست
37	.
0	در
1	۲۲
2	مارس
3	۲۰۰۱
4	ابراهیموویچ
5	با
6	قراردادی
7	معادل
8	۸۰
9	میلیون
10	کرون
11	سوئد
12	به
13	آژاکس
14	پیوست
15	.
0	«
1	قدرت
2	فقط
3	نصیب
4	کسانی
5	می‌شود
6	که
7	جرات
8	کنند
9	خم
10	شوند
11	و
12	آن
13	را
14	به
15	دقت
16	بگیرند
17	.
0	فقط
1	یک
2	چیز
3	مهم
4	است
5	:
6	باید
7	فقط
8	جرات
9	داشت
10	.
0	لازم
1	بود
2	بدانم
3	که
4	آیا
5	من
6	هم
7	مانند
8	همه‌ی
9	مردم
10	شپش
11	هستم
12	یا
13	انسانم
14	؟
15	آیا
16	من
17	می‌توانم
18	از
19	حد
20	معین
21	تجاوز
22	کنم
23	،
24	یا
25	نمی‌توانم
26	؟
27	آیا
28	جسارت
29	این
30	را
31	دارم
32	که
33	خم
34	شوم
35	و
36	آنچه
37	را
38	می‌خواهم
39	،
40	بردارم
41	یا
42	نه
43	.
0	آیا
1	موجودی
2	ترسو
3	و
4	بزدلم
5	یا
6	صاحب
7	حق
8	و
9	اختیار
10	هستم
11	؟
12	»
13	«
14	قابل‌توجه
15	است
16	که
17	بیشتر
18	اشخاص
19	نیکوکار
20	و
21	بنیانگذار
22	اصول
23	انسانیت
24	،
25	مر
26	دمانی
27	بودند
28	بی‌نهایت
29	خون‌ریز
30	.
0	همه
1	،
2	و
3	نه
4	اشخاص
5	بزرگ
6	،
7	بلکه
8	حتی
9	آن‌هایی
10	که
11	فقط
12	کمی
13	بیرون
14	از
15	چهارچوب
16	معمول
17	هستند
18	،
19	یعنی
20	حتی
21	آن‌هایی
22	که
23	اندکی
24	توانایی
25	گفتن
26	سخن
27	نو
28	را
29	دارند
30	،
31	قاعدتاً
32	باید
33	،
34	بنابر
35	طبیعت
36	خود
37	،
38	کم‌وبیش
39	متجاوز
40	باشند
41	.
0	اگر
1	جز
2	این
3	باشد
4	مشکل
5	است
6	آن‌ها
7	از
8	چهار
9	دیوار
10	خود
11	به
12	درآیند
13	،
14	و
15	از
16	ماندن
17	در
18	آن
19	چهارچوب
20	به
21	خاطر
22	طبع
23	خود
24	،
25	نمی‌توانند
26	راضی
27	باشند
28	.
0	»
1	«
2	همه
3	قاتلن
4	؛
5	همیشه
6	زمین
7	جاری
8	از
9	خون
10	بوده
11	.
0	روی
1	زمین
2	کسایی
3	که
4	قتل
5	می‌کنن
6	بعدها
7	صاحب
8	بزرگ‌ترین
9	افتخارها
10	شدن
11	.
0	من
1	فقط
2	می‌خواستم
3	به
4	مردم
5	خوبی
6	کنم
7	.
0	کشتن
1	یک
2	پیرزن
3	رباخوار
4	و
5	از
6	بین
7	بردن
8	یک
9	حشره‌ی
10	کثیف
11	،
12	کجاش
13	جنایته
14	؟
15	»
16	«
17	همه
18	چیزم
19	را
20	باخته بودم
21	.
0	همه
1	چیزم
2	را
3	!
0	از
1	کازینو
2	بیرون
3	آمدم
4	.
0	آن
1	وقت
2	دیدم
3	یک
4	گولدن
5	ته
6	جیب
7	جلیقه‌ام
8	مانده
9	.
0	گفتم
1	:
2	«
3	آه
4	پس
5	هنوز
6	می‌توانم
7	غذایی
8	بخورم
9	!
0	»
1	اما
2	صد
3	قدم
4	نرفته بودم
5	که
6	تصمیمم
7	عوض
8	شد
9	.
0	برگشتم
1	و
2	یک
3	گولدن
4	را
5	روی
6	مانک
7	گذاشتم
8	(
9	بله
10	خوب
11	به
12	یاد
13	دارم
14	.
0	روی
1	مانک
2	)
3	و
4	جداً
5	وقتی
6	آدم
7	در
8	کشوری
9	بیگانه
10	دور
11	از
12	وطن
13	و
14	کس
15	و
16	کارش
17	تنهاست
18	و
19	نمی‌داند
20	که
21	همان
22	روز
23	چه
24	خواهد خورد
25	و
26	می‌خواهد
27	آخرین
28	گولدن
29	خود
30	را
31	آخرینش
32	را
33	به
34	خطر
35	اندازد
36	احساس
37	عجیبی
38	دارد
39	.
0	اما
1	خطر
2	کردم
3	و
4	بردم
5	و
6	بیست
7	دقیقه
8	بعد
9	با
10	صد
11	و
12	هفتاد
13	گولدن
14	در
15	جیب
16	از
17	کازینو
18	بیرون
19	آمدم
20	.
0	این
1	یک
2	واقعیت
3	است
4	.
0	گاهی
1	آخرین
2	گولدن
3	چه
4	کارها
5	می‌کند
6	!
0	اگر
1	شکستم
2	را
3	پذیرفته بودم
4	اگر
5	جرئت
6	تصمیم
7	نمی‌داشتم
8	چه
9	شده بود
10	؟
11	…
12	فردا
13	،
14	فردا
15	،
16	همه‌چیزتمام
17	خواهد شد
18	.
0	»
