0	جملات
1	تست
2	:
3	تخت‌جمشید
4	،
5	مجموعه‌ای
6	از
7	کاخ‌های
8	بسیار
9	با
10	شکوهی
11	است
12	که
13	ساخت
14	آنها
15	در
16	سالبه
17	512
18	قبل‌از
19	میلاد
20	آغاز
21	شد
22	و
23	اتمام
24	آن
25	150
26	سالبه
27	طول
28	انجامید
29	.
0	تخت‌جمشید
1	در
2	محوطه‌ی
3	وسیعی
4	واقع‌شده
5	که
6	ازیک‌طرف
7	به
8	کوه
9	رحمت
10	و
11	از
12	طرف
13	دیگر
14	به
15	مرودشت
16	محدود
17	است
18	.
0	این
1	کاخ‌های
2	عظیم
3	سلطنتی
4	در
5	کنار
6	شهر
7	پارسه
8	که
9	یونانیان
10	آن
11	را
12	پرسپولیس
13	خوانده‌اند
14	ساخته شده است
15	.
0	تعداد
1	محدودی
2	از
3	این
4	جواهرات
5	در
6	موزه
7	ملی
8	ایران
9	نگهداری
10	می‌شود
11	.
0	بزرگ‌ترین
1	کاخ
2	در
3	مجموعه
4	تخت‌جمشید
5	کاخ
6	مشهور
7	به
8	صد‌ستون
9	است
10	که
11	احتمالاً
12	یکی
13	از
14	بزرگ‌ترین
15	آثار
16	معماری
17	دوره
18	هخامنشیان
19	بوده
20	و
21	داریوش
22	اول
23	از
24	آن
25	به
26	عنوان
27	سالن
28	بارعام
29	خود
30	استفاده
31	می‌کرده است
32	.
0	تایسون
1	که
2	اخترفیزیکدان
3	و
4	مدیر
5	آسمان
6	نمای
7	هیدن
8	در
9	موزه‌ی
10	تاریخ
11	طبیعی
12	آمریکا
13	است
14	،
15	دوباره
16	قرار
17	است
18	به
19	نشنال
20	جئوگرافیک
21	بازگردد
22	.
0	طرفدارانژانر
1	علمی‌تخیلی
2	کانال
3	syfy
4	را
5	می‌شناسند
6	.
0	این
1	کانال
2	تا
3	چند
4	سال
5	پیش
6	بانام
7	Scifi
8	برنامه‌هایش
9	را
10	پخش
11	می‌کرد
12	،
13	اما
14	بنابه
15	گفته‌ی
16	خودشان
17	که
18	تصمیم
19	گرفته بودند
20	مخاطب
21	ان
22	دیگری
23	به
24	جز
25	علاقه‌مندان
26	علمی‌تخیلی
27	راهم
28	جذب
29	کنند
30	و
31	برنامه‌های
32	دیگری
33	هم
34	تولید
35	کنند
36	.
0	این
1	برنامه
2	اگرچه
3	اولین
4	تجربه‌ی
5	برنامه
6	شبانه‌ی
7	علم
8	محور
9	با
10	چاشنی
11	طنز
12	و
13	ادبیات
14	عامه
15	در
16	تلویزیون
17	به
18	شمار
19	می‌رود
20	،
21	اما
22	می‌تواند
23	آینده‌ی
24	چنین
25	برنامه‌هایی
26	را
27	مشخص
28	کند
29	و
30	موفقیت
31	یا
32	عدم
33	موفقیت
34	آن
35	بیش‌از
36	موفقیت
37	یا
38	شکست
39	یک
40	پروژه
41	در
42	بلندمدت
43	بر
44	حضور
45	علم
46	در
47	نقش
48	اصلی
49	و
50	محوری
51	دنیای
52	رسانه‌های
53	رسمی
54	،
55	تأثیر
56	خواهد گذاشت
57	.
0	اگر
1	به
2	دنیای
3	علمی‌تخیلی
4	و
5	نقاطی
6	که
7	مرزهای
8	آن
9	با
10	دنیای
11	واقعی
12	درهم
13	آمی‌خته می‌شود
14	علاقه
15	دارید
16	،
17	نام
18	ایلان
19	ماسک
20	را
21	در
22	ذهن
23	داشته باشید
24	.
0	کارآفرینی
1	که
2	اصالتاً
3	اهل
4	آفریقای
5	جنوبی
6	است
7	و
8	از
9	او
10	بانام
11	مرد
12	آهنی
13	دنیای
14	واقعی
15	همنام
16	برده می‌شود
17	و
18	درحال‌حاضر
19	،
20	مشغول
21	ایفای
22	نقش
23	تونی
24	استارک
25	دنیای
26	ما
27	است
28	.
0	او
1	هم‌زمان
2	ایده‌ی
3	قطارهای
4	فوق
5	سریع
6	را
7	مطرح
8	کرده
9	و
10	اکنون
11	به
12	دنبال
13	اینترنت
14	رایگان
15	جهانی
16	است
17	.
0	این
1	سازمان
2	فضایی
3	تاکنون
4	موفق
5	به
6	اثبات
7	۲۵۲۵
8	سیاره‌ی
9	خارجی
10	شده است
11	که
12	از
13	این
14	رقم
15	،
16	ده
17	سیاره‌ی
18	سنگی
19	،
20	هم‌اندازه
21	با
22	زمین
23	و
24	احتمالاً
25	قابل
26	سکونت
27	هستند
28	.
0	شاید
1	برخی
2	نگران
3	باشند
4	سیستم
5	هوش
6	مصنوعی
7	گوگل
8	ستاره
9	شناسان
10	را
11	کنار
12	بزند
13	؛
14	اما
15	به‌گفته‌ی
16	ناسا
17	جای
18	نگرانی
19	نیست
20	.
0	چراکه
1	ریاضی
2	زبان
3	فیزیک
4	است
5	،
6	اما
7	از
8	آنجایی
9	که
10	پدیده‌های
11	جهان
12	ابتدا
13	وجود
14	داشته‌اند
15	،
16	مشاهده
17	و
18	درک
19	شده‌اند
20	و
21	سپس
22	برای
23	آن‌ها
24	مبانی
25	ریاضیاتی
26	تعریف
27	شده است
28	،
29	با
30	اندکی
31	تلاش
32	می‌توان
33	مباحث
34	مربوط
35	به
36	فیزیک
37	کلاسیک
38	را
39	،
40	بااجتناب
41	از
42	وارد
43	شدن
44	در
45	مبانی
46	ریاضی
47	(
48	که
49	هدف
50	تألیف
51	این
52	مجموعه
53	است
54	)
55	توضیح
56	داد
57	.
0	اما
1	وارد
2	شدن
3	به
4	دنیای
5	فیزیک
6	کوانتوم
7	و
8	پرهیز
9	از
10	مبانی
11	ریاضی
12	اجتناب‌ناپذیر
13	است
14	.
0	چراکه
1	دنیای
2	فیزیک
3	کوانتوم
4	،
5	به
6	غایت
7	انتزاعیو
8	ذهنی
9	است
10	.
0	همان‌طورکه
1	شاید
2	خودتان
3	نیز
4	بدانید
5	،
6	بحث‌ها
7	و
8	منازعات
9	اصلی
10	فیزیکدانان
11	بزرگ
12	نظیر
13	؛
14	فاینمن
15	،
16	اینشتین
17	،
18	بور
19	و
20	.
0	.
0	.
0	همه
1	و
2	همه
3	در
4	مبانی
5	کوانتوم
6	بوده است
7	و
8	عامل
9	تمامی
10	این
11	اتفاقات
12	یک
13	دلیل
14	ساده
15	است
16	؛
17	فهم
18	کامل
19	فیزیک
20	کوانتوم
21	ناشدنی
22	است
23	!
0	در
1	این
2	قسمت
3	از
4	مجموعه
5	،
6	که
7	به
8	صورت
9	اختصاصی
10	به
11	نارسایی‌های
12	فیزیک
13	کلاسیک
14	و
15	گام‌های
16	آغازین
17	فیزیک
18	کوانتوم
19	می‌پردازیم
20	،
21	استفاده
22	از
23	ریاضیات
24	بیش‌از
25	پیش
26	حس
27	می‌شد
28	.
0	چراکه
1	در
2	حالت
3	کلی
4	شما
5	،
6	تنها
7	برای
8	درک
9	یک
10	موضوع
11	نیاز
12	به
13	دانستن
14	صفر
15	تا
16	صد
17	ریز
18	موضوعات
19	آن
20	مطلب
21	دارید
22	،
23	حال
24	اگر
25	بخواهید
26	،
27	نارسایی
28	موضوعی
29	را
30	پیدا
31	کنید
32	و
33	برای
34	حل
35	آن
36	راه
37	کاری
38	ارائه
39	دهید
40	،
41	باید
42	علاوه‌بر
43	دانستن
44	صفر
45	تا
46	صد
47	ریز
48	موضوعات
49	بر
50	تمامی
51	مطالب
52	مرتبط
53	با
54	آن
55	موضوع
56	نیز
57	اشراف
58	کامل
59	داشته باشید
60	،
61	که
62	مبانی
63	ریاضی
64	یکی
65	از
66	اصلی‌ترین
67	ارکان
68	آن
69	است
70	.
0	با
1	این
2	وجود
3	،
4	تمامی
5	تلاش
6	بر
7	این
8	هدف
9	گذاشته شده است
10	،
11	که
12	مخاطبی
13	که
14	به
15	علم
16	علاقه‌مند
17	است
18	و
19	درعین‌حال
20	پایه‌ی
21	ریاضیاتی
22	قوی
23	ندارد
24	،
25	بتواند
26	مفاهیم
27	و
28	مباحث
29	مطرح‌شده
30	را
31	درک
32	کند
33	و
34	از
35	فهم
36	آن‌ها
37	لذت
38	ببرد
39	.
0	فاجعه‌ی
1	فرابنفش
2	یا
3	فاجعه
4	رایلی
5	جینزاشاره
6	به
7	نتیجه‌ای
8	دارد
9	که
10	ناشی
11	از
12	اصول
13	فیزیک
14	کلاسیک
15	تقسیم
16	مساوی
17	انرژی
18	و
19	تابش
20	نوسانگرهای
21	باردار
22	برای
23	توضیح
24	تابش
25	جسم
26	سیاه
27	درطول
28	موج‌های
29	کوتاه
30	است
31	.
0	فرمول
1	پلانک
2	هرچند
3	موفقیت‌آمیز
4	بود
5	،
6	اما
7	نتیجه‌گیری
8	ماهیت
9	کوانتومی
10	تابش
11	از
12	آن
13	چندان
14	الزامی
15	نیست
16	.
0	بخش
1	عمده‌ای
2	درپذیرفتن
3	آن
4	از
5	کار
6	آلبرت
7	اینشتین
8	حاصل
9	شد
10	،
11	که
12	در
13	سال
14	۱۹۰۵
15	با
16	استفاده
17	از
18	مفهوم
19	ماهیت
20	کوانتومی
21	نور
22	،
23	بعضی
24	از
25	خاصیت‌های
26	ویژه
27	فلزات
28	را
29	وقتی
30	در
31	معرض
32	نور
33	مرئی
34	و
35	فرابنفش
36	قرار
37	می‌گیرند
38	،
39	توضیح
40	داد
41	.
0	کشف
1	اثر
2	فوتو
3	الکتریک
4	با
5	کار
6	هاینریش
7	هرتز
8	در
9	سال
10	۱۸۸۷
11	آغاز
12	شد
13	.
0	آزمایشی
1	که
2	سر
3	راست‌ترین
4	،
5	مدرک
6	ماهیت
7	ذره‌ای
8	تابش
9	را
10	در
11	اختیار
12	می‌گذارد
13	،
14	اثر
15	کامپتون
16	است
17	.
0	آرتور
1	هولی
2	کامیون
3	کشف
4	کرد
5	،
6	تابشی
7	با
8	یک
9	طول‌موج
10	معین
11	(
12	در
13	ناحیه
14	پرتو
15	X
16	)
17	که
18	از
19	یک
20	ورقه‌ی
21	فلزی
22	می‌گذرد
23	،
24	به
25	گونه‌ای
26	پراکنده می‌شود
27	که
28	با
29	نظریه‌ی
30	تابش
31	کلاسیک
32	سازگار
33	نیست
34	.
0	بنابه
1	نظریه‌ی
2	کلاسیک
3	،
4	سازوکار
5	این
6	اثر
7	عبارت
8	است
9	،
10	از
11	تابش
12	مجدد
13	نور
14	توسط
15	الکترون‌هایی
16	که
17	با
18	تابش
19	فرودی
20	به
21	نوسان
22	واداشته
23	شده‌اند
24	گریس
25	هاپر
26	(
27	Grace
28	Brewster
29	Murray
30	Hopper
31	)
32	دانشمند
33	آمریکایی
34	علوم
35	کامپیوتر
36	بود
37	که
38	نام
39	خودش
40	را
41	به‌عنوان
42	یکی
43	از
44	اولین
45	برنامه‌نویس‌های
46	کامپیوتر
47	مشهور
48	هاروارد
49	مارک
50	جاودانه
51	کرد
52	.
0	او
1	یکی
2	از
3	پیشگامان
4	برنامه‌نویسی
5	مدرن
6	بود
7	و
8	اولین
9	کامپایلر
10	برنامه‌نویسی
11	را
12	نیز
13	توسعه
14	داد
15	.
0	ایده‌ی
1	زبان‌های
2	برنامه‌نویسی
3	مستقل
4	از
5	ماشین
6	از
7	ذهن
8	این
9	دانشمند
10	زاده شد
11	و
12	بعدها
13	به
14	خلق
15	زبان
16	برنامه‌نویسی
17	کوبول
18	انجامید
19	.
0	هاپر
1	علاقه‌ی
2	زیادی
3	نیز
4	به
5	ارتش
6	داشت
7	و
8	در
9	دوران
10	جنگ
11	جهانی
12	دوم
13	برای
14	ملحق
15	شدن
16	به
17	ارتش
18	آمریکا
19	پیش‌قدم
20	شد
21	.
0	البته
1	او
2	درابتدا
3	از
4	پیوستن
5	به
6	ارتش
7	منع‌شده
8	اما
9	در
10	لیست
11	نیروهای
12	رزرو
13	قرار
14	گرفت
15	.
0	این
1	بانوی
2	دانشمند
3	در
4	توسعه‌ی
5	کامپیوتر
6	UNIVAC
7	I
8	نیز
9	نقش
10	داشته است
11	.
0	تلاش‌های
1	هاپر
2	برای
3	توسعه‌ی
4	کامپایلر
5	درجهت
6	این
7	ایده
8	بود
9	که
10	می‌توان
11	به
12	زبان
13	انگلیسی
14	با
15	کامپیوترها
16	صحبت
17	کرد
18	.
0	دستاوردهای
1	گریس
2	هاپر
3	و
4	فعالیت
5	او
6	در
7	ارتش
8	باعث
9	شده
10	تا
11	القاب
12	متنوعی
13	از
14	ملکه‌ی
15	برنامه‌نویسی
16	تا
17	گریس
18	شگفت‌انگیز
19	به
20	او
21	داده شود
22	.
0	برخی
1	از
2	موشک‌ها
3	و
4	ابر
5	کامپیوترهای
6	آمریکایی
7	نیز
8	به
9	نام
10	این
11	دانشمند
12	ثبت
13	شده‌اند
14	.
0	هاپر
1	درطول
2	مدت
3	زندگی
4	۴۰
5	جایزه
6	و
7	درجه‌ی
8	افتخاری
9	متنوع
10	دریافت
11	کرد
12	.
0	حتی
1	پس‌از
2	مرگ
3	هاپر
4	نیز
5	جایزه‌هایی
6	به
7	او
8	اهدا
9	شد
10	که
11	از
12	این
13	میان
14	می‌توان
15	مدال
16	آزادی
17	سال
18	۲۰۱۶
19	آمریکا
20	را
21	نام
22	برد
23	.
0	تعدادروزهایسالسیصدوشصتوپنجروزمیباشد
1	.
0	رومینا
1	دخترخیلیگلیاست
2	.
0	ایده‌یزبان‌هایبرنامه‌نویسیمستقلازماشینازذهنایندانشمندزادهشدوبعدهابهخلقزبانبرنامه‌نویسیکوبولانجامید
1	.
0	تابشفرودیبهنوسانواداشتهشده‌اند
1	.
0	کشفاثرفوتوالکتریکباکارهاینریشهرتزدرسال
1	۱۸۸۷
2	آغازشد
3	.
0	متن
1	2000
2	کلمه‌ای
3	برای
4	تست
5	-
6	نازنین
7	کریمی
8	مقدم
9	97443303
10	دارم
11	این
12	متن
13	را
14	تحت
15	فشار
16	عصبی
17	شدیدی
18	می‌نویسم
19	،
20	چراکه
21	پس‌از
22	امشب
23	دیگر
24	وجود
25	نخواهم داشت
26	.
0	تحمل
1	این
2	شکنجه
3	بدون
4	پول
5	دیگر
6	ممکن
7	نیست
8	و
9	من
10	خود
11	را
12	از
13	پنجره‌ی
14	این
15	،
16	و
17	ذخیره‌ی
18	دارویم
19	که
20	زندگی
21	را
22	برایم
23	قابل‌تحمل‌تر
24	می‌کرد
25	و
26	حالا
27	ته
28	کشیده است
29	شیروانی
30	به
31	خیابان
32	نکبت‌زده
33	خواهم انداخت
34	.
0	از
1	اعتیادم
2	به
3	مورفین
4	این‌طور
5	برداشت
6	نکن
7	که
8	آدم
9	ضعیف‌النفس
10	یا
11	بیماری
12	هستم
13	.
0	پس
1	که
2	چرا
3	چاره‌ای
4	جز
5	–
6	هرچند
7	هیچوقت
8	حقیقت
9	را
10	نخواهی دانست
11	–
12	از
13	خواندن
14	این
15	خطوط
16	که
17	سراسیمه
18	نوشته‌ام
19	حدس
20	خواهی زد
21	فراموشی
22	یا
23	مرگ
24	ندارم
25	.
0	در
1	یکی
2	از
3	آزادترین
4	و
5	کم‌تر
6	دد
7	ترین
8	بخش‌های
9	اقیانوس
10	آرام
11	بود
12	که
13	کشتی‌ای
14	که
15	من
16	مباشرش
17	بودم
18	گرفتار
19	دزدان
20	دریایی
21	آلمانی
22	شد
23	.
0	جنگ
1	بزرگ
2	آن‌زمان
3	تازه
4	درآغاز
5	راه
6	خود
7	بود
8	و
9	نیروی
10	دریایی
11	هنوز
12	چندان
13	دچار
14	آن
15	وحشیگری
16	و
17	فساد
18	نشده
19	بود
20	،
21	به
22	همین
23	دلیل
24	بااینکه
25	کشتی
26	ما
27	بدل
28	به
29	طعمه‌ی
30	لذیذی
31	برای
32	آنها
33	شد
34	،
35	اما
36	با
37	ما
38	افسران
39	کشتی
40	که
41	حالا
42	زندانیان
43	دریایی
44	بودیم
45	با
46	ملاطفت
47	رفتار
48	شد
49	.
0	درحقیقت
1	آنها
2	ما
3	را
4	چنان
5	آزاد
6	گذاشته بودند
7	که
8	پنج
9	روز
10	پس‌از
11	زندانی
12	شدنمان
13	توانستم
14	یک
15	قایق
16	کوچک
17	و
18	آب
19	و
20	غذای
21	چندین
22	روزم
23	را
24	برداشته
25	و
26	فرار
27	کنم
28	.
0	پس‌از
1	آنکه
2	خودم
3	را
4	تنها
5	و
6	رها
7	یافتم
8	،
9	هیچ
10	از
11	مکان
12	و
13	پیرامونم
14	نمی‌دانستم
15	.
0	هیچوقت
1	مسیریاب
2	قابلی
3	نبودم
4	و
5	فقط
6	باکمک
7	خورشید
8	و
9	ستاره‌ها
10	،
11	آن‌هم
12	به
13	دشواری
14	،
15	متوجه
16	شدم
17	احتمالاً
18	پایین‌تر
19	از
20	نصف‌النهار
21	هستم
22	.
0	از
1	طول
2	جغرافیایی
3	مکان
4	خود
5	هیچ
6	اطلاعی
7	نداشتم
8	و
9	تا
10	دوردست‌ها
11	جزیره
12	و
13	ساحلی
14	به
15	چشم
16	نمی‌آمد
17	.
0	هوا
1	آرام
2	بود
3	و
4	من
5	روزهای
6	بسیار
7	که
8	شمارش
9	از
10	دستانم
11	خارج
12	است
13	،
14	زیر
15	خورشید
16	سوزان
17	سرگردان
18	بودم
19	؛
20	در
21	انتظار
22	کشتی‌ای
23	که
24	از
25	مجاورتم
26	عبور
27	کند
28	یا
29	جزیره‌ای
30	که
31	قابل
32	سکونت
33	باشد
34	.
0	اما
1	نه
2	از
3	کشتی
4	و
5	نه
6	از
7	جزیره
8	خبری
9	نشد
10	و
11	در
12	سنگینی
13	ِ
14	آن
15	آبی
16	ِ
17	بی‌انتها
18	،
19	ناامیدی
20	در
21	تنهایی‌ام
22	ریشه
23	دواند
24	.
0	تغییر
1	،
2	زمانی‌که
3	در
4	خواب
5	بودم
6	رخداد
7	.
0	جزئیاتش
1	را
2	هیچوقت
3	نخواهم دانست
4	،
5	زیرا
6	خوابم
7	،
8	هرچند
9	آشفته
10	و
11	آلوده
12	به
13	رویا
14	،
15	پیوسته بود
16	.
0	زمانی‌که
1	با
2	لآخره
3	بیدار
4	شدم
5	،
6	خود
7	را
8	تا
9	کمر
10	فرورفته
11	در
12	توده‌ای
13	لزج
14	از
15	لجنی
16	جهنمی
17	و
18	سیاه‌رنگ
19	یافتم
20	که
21	زمین
22	اطرافم
23	را
24	تا
25	چشم
26	کار
27	می‌کرد
28	پوشانده بود
29	.
0	قایقم
1	هم
2	کمی
3	آن‌طرفتر
4	،
5	در
6	همین
7	لجن
8	به
9	زمین
10	نشسته بود
11	.
0	خواننده‌ی
1	این
2	متن
3	شاید
4	گمان
5	ببرد
6	که
7	نخستین
8	واکنش
9	من
10	باید
11	متحیر
12	شدن
13	از
14	این
15	تغییر
16	عظیم
17	و
18	نامنتظره‌ی
19	محیط
20	پیرامونم
21	باشد
22	،
23	اما
24	درحقیقت
25	من
26	بیش‌از
27	آنکه
28	شگفت‌زده
29	باشم
30	،
31	ترسیده بودم
32	؛
33	چراکه
34	در
35	آن
36	هوا
37	و
38	خاک
39	فاسد
40	چنان
41	حالت
42	مخوفی
43	وجود
44	داشت
45	که
46	تا
47	عمق
48	وجودم
49	را
50	می‌لرزاند
51	.
0	زمین
1	پوشیده بود
2	از
3	لاشه‌ی
4	در
5	حال
6	فساد
7	ماهی‌ها
8	و
9	چیزهای
10	وصف‌ناپذیر
11	دیگری
12	که
13	از
14	میان
15	گل‌ولای
16	کریه
17	ِ
18	آن
19	دشت
20	بی‌انتها
21	سر
22	بیرون
23	آورده بودند
24	.
0	نباید
1	امید
2	داشته باشم
3	که
4	بتوانم
5	آن
6	مخافت
7	هولناکی
8	که
9	در
10	سکوت
11	محض
12	جای
13	گرفته بود
14	را
15	به
16	قالب
17	کلمات
18	در
19	بیاورم
20	.
0	کم‌ترین
1	صدایی
2	به
3	گوش
4	نمی‌رسید
5	و
6	هیچ‌چیز
7	به
8	چشم
9	نمی‌آمد
10	،
11	مگر
12	محدودهای
13	وسیع
14	از
15	لجنی
16	سیاهرنگ
17	.
0	اما
1	آن
2	حد
3	از
4	سکوت
5	و
6	سکون
7	و
8	یکنواختی
9	منظره
10	،
11	مرا
12	دچار
13	ترسی
14	تهوع‌آور
15	می‌کرد
16	.
0	خورشید
1	در
2	میان
3	آسمانی
4	وحشی
5	و
6	بی‌ابر
7	می‌تابید
8	که
9	به
10	دید
11	من
12	،
13	انگار
14	سیاه
15	بود
16	.
0	انگار
1	که
2	تصویر
3	گل‌ولای
4	جوهرمانند
5	زیر
6	پاهایم
7	،
8	در
9	آسمان
10	منعکس
11	شده بود
12	.
0	هنگامی‌که
1	خودم
2	را
3	افتان
4	و
5	خیزان
6	به
7	قایق
8	رساندم
9	،
10	دریافتم
11	که
12	تنها
13	یک
14	نظریه
15	برای
16	توجیه
17	وضعیتم
18	وجود
19	دارد
20	.
0	طی
1	یک
2	فوران
3	نادر
4	آتشفشانی
5	،
6	تکه‌ای
7	از
8	کف
9	اقیانوس
10	بالا
11	آمده بود
12	و
13	زمین‌هایی
14	را
15	آشکار
16	کرده بود
17	که
18	میلیون‌ها
19	سال
20	در
21	اعماق
22	دست‌نیافتنی
23	آب‌ها
24	پنهان
25	مانده بودند
26	.
0	زمینی
1	که
2	در
3	زیر
4	من
5	بالا
6	آمده بود
7	چنان
8	وسیع
9	بود
10	که
11	هرچقدر
12	گوش‌هایم
13	را
14	تیز
15	می‌کردم
16	،
17	کم‌ترین
18	صدایی
19	از
20	تلاطم
21	اقیانوس
22	به
23	گوشم
24	نمی‌رسید
25	.
0	حتا
1	مرغان
2	دریایی
3	برای
4	ارتزاق
5	از
6	ماهیان
7	مرده
8	نیامده بودند
9	.
0	ساعت‌ها
1	در
2	قایق
3	که
4	به
5	یکسو
6	افتاده
7	و
8	سرپناه
9	مختصری
10	دربرابر
11	آفتاب
12	ارائه
13	کرده بود
14	غرق
15	در
16	فکر
17	و
18	اندیشه
19	نشستم
20	.
0	کمی
1	که
2	از
3	روز
4	گذشت
5	،
6	زمین
7	چسبندگی
8	خود
9	را
10	ازدست
11	داد
12	و
13	به
14	نظر
15	کمی
16	دیگر
17	آماده‌ی
18	قدم‌زدن
19	می‌شد
20	.
0	آن
1	شب
2	زمان
3	زیادی
4	نخوابیدم
5	،
6	و
7	فردا
8	برای
9	خودم
10	بسته‌ای
11	شامل
12	آب
13	و
14	غذا
15	فراهم
16	کردم
17	؛
18	توشه‌ای
19	برای
20	یک
21	سفر
22	زمینی
23	در
24	جستجوی
25	دریایی
26	که
27	ناپدید
28	شده بود
29	و
30	احتمالاً
31	راهی
32	برای
33	نجات
34	.
0	روز
1	سوم
2	،
3	زمین
4	را
5	خشک
6	یافتم
7	،
8	طوری
9	که
10	می‌شد
11	رویش
12	بی‌دردسر
13	قدم
14	برداشت
15	.
0	بوی
1	فساد
2	ماهی‌ها
3	جنون
4	آور
5	بود
6	؛
7	اما
8	ذهنم
9	درگیر
10	موضوعاتی
11	چنان
12	حیاتی
13	بود
14	که
15	چنین
16	آزار
17	مختصری
18	را
19	نادیده
20	می‌گرفت
21	،
22	و
23	من
24	جسورانه
25	درپی
26	هدفی
27	نامعلوم
28	سفرم
29	را
30	آغاز
31	کردم
32	.
0	تمام
1	روز
2	را
3	مصمم
4	به
5	سمت
6	غرب
7	رفتم
8	،
9	به
10	سوی
11	تپه‌ای
12	در
13	دوردست
14	که
15	مرتفع‌تر
16	از
17	هر
18	بلندی
19	دیگری
20	بود
21	.
0	شب
1	را
2	در
3	جایی
4	مستقر
5	شدم
6	و
7	روز
8	بعد
9	دوباره
10	به
11	سوی
12	تپه
13	حرکت
14	کردم
15	،
16	هرچندکه
17	چندان
18	بزرگ‌تر
19	از
20	وقتی‌که
21	نخستین‌بار
22	دیده بودمش
23	به
24	نظر
25	نمی‌آمد
26	.
0	عصر
1	روز
2	چهارم
3	به
4	دامنه‌ی
5	تپه
6	رسیدم
7	،
8	که
9	حالا
10	بسیار
11	بزرگ‌تر
12	از
13	قبل
14	به
15	نظر
16	می‌رسید
17	.
0	تپه
1	در
2	مجاورت
3	دره‌ای
4	بود
5	و
6	این
7	باعث
8	می‌شد
9	دامنه‌ی
10	پرشیبی
11	داشته باشد
12	.
0	خسته‌تر
1	از
2	آن
3	بودم
4	که
5	بالا
6	بروم
7	،
8	پس
9	در
10	سایه‌ی
11	تپه
12	به
13	خواب
14	رفتم
15	.
0	نمی‌دانم
1	رویاهای
2	آن
3	شبم
4	چرا
5	آنچنان
6	دیوانه‌وار
7	بودند
8	.
0	اما
1	پیش‌ازآن‌که
2	ماه
3	ِ
4	از
5	نیمه
6	گذشته
7	که
8	روبه
9	نازکی
10	می‌رفت
11	بر
12	فراز
13	فلات‌های
14	شرق
15	نمایان
16	شود
17	،
18	من
19	بیدار
20	و
21	خیس
22	از
23	عرق
24	سرد
25	بودم
26	و
27	دیگر
28	قصد
29	خوابیدن
30	نداشتم
31	.
0	مشاهده‌ی
1	دوباره‌ی
2	تصاویری
3	که
4	به
5	خواب
6	دیده بودم
7	،
8	از
9	تحملم
10	خارج
11	بود
12	.
0	و
1	در
2	تلألؤ
3	ماه
4	دریافتم
5	که
6	سفر
7	کردن
8	در
9	روز
10	چه
11	انتخاب
12	نابخردانه‌ای
13	بوده است
14	.
0	سفرم
1	بی
2	حضور
3	تابش
4	سوزان
5	خورشید
6	توان
7	کمتری
8	از
9	من
10	می‌گرفت
11	.
0	درحقیقت
1	،
2	حالا
3	حس
4	می‌کردم
5	توان
6	به
7	انجام
8	رساندن
9	صعودی
10	که
11	پیشتر
12	هنگام
13	روز
14	از
15	آن
16	منصرف
17	شده بودم
18	را
19	داشتم
20	.
0	بسته‌ام
1	را
2	برداشتم
3	و
4	به
5	سوی
6	سینه‌ی
7	تپه
8	به
9	راه
10	افتادم
11	.
0	پیشتر
1	گفتم
2	که
3	یکنواختی
4	تزلزل‌ناپذیر
5	محیط
6	پیرامونم
7	برای
8	من
9	به
10	نوعی
11	هراس‌آور
12	بود
13	؛
14	اما
15	احساس
16	می‌کنم
17	زمانی‌که
18	به
19	قله‌ی
20	تپه
21	رسیدم
22	و
23	به
24	سوی
25	دیگرش
26	نگاه
27	انداخته
28	و
29	دره
30	یا
31	گسلی
32	بی‌اندازه
33	عمیق
34	را
35	دیدم
36	که
37	ماه
38	هنوز
39	آنقدر
40	در
41	آسمان
42	بالا
43	نرفته بود
44	تا
45	گوشه
46	و
47	کنارهای
48	تاریکش
49	را
50	روشن
51	کند
52	،
53	وحشتی
54	بسیار
55	بیشتر
56	را
57	متحمل
58	شدم
59	.
0	احساس
1	می‌کردم
2	بر
3	لبه‌ی
4	جهان
5	قرار
6	دارم
7	و
8	چشم
9	به
10	آشوبی
11	و
12	صعود
13	هولناک
14	شیطان
15	در
16	سرزمین‌های
17	بی‌انتها
18	از
19	شبی
20	ابدی
21	دوخته‌ام
22	.
0	در
1	میانه‌ی
2	وحشت
3	،
4	بخش‌هایی
5	از
6	بی‌قواره‌ی
7	تاریکی
8	به
9	یادم
10	می‌آمد
11	.
0	ماه
1	که
2	در
3	آسمان
4	بالاتر
5	رفت
6	،
7	دریافتم
8	شیب
9	تپه
10	آنچنان
11	هم
12	که
13	گمان
14	برده بودم
15	تند
16	نبود
17	.
0	لبه‌ها
1	و
2	زائده‌های
3	تخته‌سنگ‌ها
4	جای
5	پای
6	نسبتاً
7	راحتی
8	برای
9	پایین
10	آمدن
11	فراهم
12	می‌کردند
13	؛
14	هرچندکه
15	پس‌از
16	چند
17	صد
18	پا
19	پایین
20	آمدن
21	،
22	از
23	شیب
24	بسیار
25	کاسته می‌شد
26	.
0	با
1	شوقی
2	که
3	به
4	هیچ
5	روی
6	دلیلش
7	را
8	نمی‌فهمیدم
9	،
10	به
11	دشواری
12	از
13	صخره‌ها
14	به
15	پایین
16	لغزیدم
17	و
18	روی
19	شیب
20	ملایم
21	آن
22	پایین
23	ایستادم
24	و
25	به
26	آن
27	اعماق
28	سراسر
29	سیاه
30	گسل
31	چشم
32	دوختم
33	که
34	هنوز
35	نوری
36	به
37	آنها
38	راه
39	نیافته بود
40	.
0	ناگهان
1	توجهم
2	به
3	شئی
4	یگانه
5	و
6	وسیع
7	جلب
8	شد
9	که
10	بر
11	تپه‌ی
12	دیگری
13	قرار
14	داشت
15	که
16	تقریباً
17	صد
18	یارد
19	جلوتر
20	دوباره
21	از
22	آن‌سوی
23	گسل
24	سربلند
25	می‌کرد
26	،
27	شئی
28	که
29	زیر
30	نور
31	تازه‌رسیده‌ی
32	مهتاب
33	،
34	برق
35	سفیدی
36	داشت
37	.
0	اینکه
1	آن
2	شئ
3	درحقیقت
4	تکه
5	سنگی
6	غول‌آسا
7	بود
8	را
9	زود
10	برنمی‌آمد
11	ساخته‌ی
12	دست
13	طبیعت
14	باشد
15	.
0	به
1	نحوی
2	آگاه
3	بودم
4	که
5	از
6	مکان
7	و
8	حالتی
9	که
10	داشت
11	انباشته
12	از
13	احساسی
14	کرد
15	که
16	از
17	بیانش
18	عاجزم
19	؛
20	زیرا
21	تقریباً
22	تردید
23	نداشتم
24	که
25	باوجود
26	قد
27	و
28	قواره‌ی
29	عظیمش
30	و
31	جای
32	گرفتنش
33	درنا
34	کجایی
35	که
36	از
37	آغاز
38	جهان
39	در
40	کف
41	اقیانوس
42	قرار
43	داشت
44	،
45	آن
46	شئ
47	عجیب
48	،
49	تخته‌سنگی
50	خوش‌تراش
51	بود
52	که
53	تن
54	حجیمش
55	دست
56	هنروران
57	و
58	شاید
59	پرستش
60	مر
61	دمانی
62	صاحب
63	هوشمندی
64	را
65	به
66	خود
67	دیده بود
68	.
0	گیج
1	و
2	ترسیده بودم
3	،
4	اما
5	هنوز
6	بارقه‌هایی
7	از
8	شور
9	یک
10	باستان‌شناس
11	یا
12	دانشمند
13	در
14	من
15	بود
16	،
17	پس
18	پیرامونم
19	را
20	بادقت
21	بیشتری
22	بررسی
23	کردم
24	.
0	ماه
1	حالا
2	در
3	مکان
4	سرسو
5	قرار
6	داشت
7	و
8	غریب
9	و
10	زنده
11	بر
12	تپه‌های
13	بلندبالا
14	می‌تابید
15	که
16	دره
17	را
18	در
19	محاصره
20	گرفته بودند
21	،
22	و
23	جریانی
24	از
25	آب
26	را
27	در
28	انتهای
29	آن
30	دره‌ی
31	عمیق
32	آشکار
33	می‌کرد
34	.
0	آب
1	دیوانه‌وار
2	به
3	هر
4	دیواره‌ی
5	گسل
6	می‌کوبید
7	و
8	حتا
9	چیزی
10	نمانده بود
11	پای
12	مرا
13	که
14	بر
15	دامنه‌ی
16	شیب
17	ایستاده بودم
18	تر
19	کند
20	.
0	در
1	آن‌سوی
2	دره
3	،
4	موج‌ها
5	پایه‌ی
6	تخته‌سنگ
7	غول‌آسا
8	را
9	می‌شستند
10	و
11	من
12	حالا
13	می‌توانستم
14	بر
15	سطح
16	2
17	آن
18	نوشته‌ها
19	و
20	حکاکی‌هایی
21	بی‌ظرافت
22	را
23	تشخیص
24	دهم
25	.
0	نوشته‌ها
1	به
2	خط‌نگارهای
3	بودند
4	که
5	برای
6	من
7	ناآشنا
8	بود
9	و
10	به
11	هیچکدام
12	از
13	چیزهایی
14	که
15	در
16	کتاب‌ها
17	دیده بودم
18	نیز
19	شباهت
20	نداشت
21	.
0	عموماً
1	از
2	نشانه‌هایی
3	که
4	به
5	دریا
6	یا
7	موجودات
8	آن
9	ربط
10	داشت
11	تشکیل
12	شده بود
13	؛
14	نرم‌تن‌ها
15	و
16	وال‌ها
17	و
18	چیزهایی
19	از
20	این
21	دست
22	.
0	شماری
1	از
2	نشانه‌ها
3	نماینده‌ی
4	موجوداتی
5	،
6	مانند
7	ماهی‌ها
8	،
9	مارماهی‌ها
10	،
11	هشت‌پاها
12	،
13	میگوها
14	دریازی
15	بودند
16	که
17	جهان
18	مدرن
19	آنها
20	را
21	تابه‌حال
22	به
23	چشم
24	ندیده بود
25	،
26	اما
27	من
28	توانسته بودم
29	اجساد
30	در
31	حال
32	فسادشان
33	را
34	روی
35	زمینی
36	که
37	از
38	کف
39	اقیانوس
40	بلند
41	شده بود
42	ببینم
43	.
0	اما
1	آنچه
2	مرا
3	حیرت‌زده
4	برجای
5	گذاشت
6	،
7	حکاکی‌ها
8	بودند
9	.
0	آن‌سوی
1	آب‌هایی
2	که
3	میان
4	ما
5	فاصله
6	انداخته بود
7	،
8	پای
9	تخته‌سنگ
10	ردیفی
11	از
12	3
13	کنده‌کاری‌هایی
14	قرار
15	داشت
16	که
17	احتمالاً
18	حسادت
19	دور
20	ِ‌ی
21	را
22	برمی‌انگیختند
23	.
0	گمان
1	می‌کنم
2	آن
3	حکاکی‌ها
4	قرار
5	بود
6	نمایانگر
7	انسان
8	باشند
9	.
0	آن
1	موجودات
2	کنده‌کاری‌شده
3	داشتند
4	خود
5	ستا
6	یا
7	نه
8	به
9	خویش
10	می‌نگریستند
11	،
12	یا
13	شاید
14	هم
15	به
16	تخته‌سنگ
17	غول‌آسای
18	دیگری
19	که
20	در
21	زیر
22	موج‌ها
23	جای
24	داشت
25	نگاه
26	می‌کردند
27	.
0	از
1	جزئیات
2	تن
3	و
4	صورتشان
5	نمی‌توانم
6	چیزی
7	بگویم
8	،
9	چراکه
10	حتا
11	یادآوری
12	آنها
13	نیز
14	سرم
15	را
16	سبک
17	کرده
18	و
19	به
20	دوران
21	می‌اندازد
22	.
0	آنچنان
1	بی‌قواره
2	که
3	حتی
4	پو
5	و
6	بولور
7	نمی‌توانستند
8	چیزی
9	همانندش
10	را
11	تصور
12	کنند
13	.
0	در
1	شمای
2	کلی
3	،
4	سوای
5	انگشتان
6	به
7	هم
8	چسبیده‌ی
9	دست
10	و
11	پایشان
12	مانند
13	انسان
14	بودند
15	،
16	سوای
17	لب‌های
18	بیاندازه
19	پهن
20	و
21	آویزانشان
22	،
23	آن
24	چشمان
25	شیشه‌ای
26	و
27	وق‌زده
28	و
29	جزئیات
30	دیگری
31	که
32	یادآوریشان
33	به
34	هیچ
35	روی
36	خوش‌آیند
37	نیست
38	.
0	کنجکاو
1	شده بودم
2	،
3	زیرا
4	در
5	کنده‌کاری‌ها
6	تناسب
7	آن
8	موجودات
9	با
10	سایر
11	اجزای
12	تصویر
13	رعایت
14	نشده
15	بود
16	.
0	برای
1	مثال
2	،
3	یکی
4	از
5	آنها
6	داشت
7	نهنگی
8	را
9	به
10	قتل
11	می‌رساند
12	که
13	تنها
14	کمی
15	بزرگ‌تر
16	از
17	خودش
18	ترسیم
19	شده بود
20	.
0	همانطور
1	که
2	گفتم
3	اندازه‌ی
4	غریب
5	و
6	شمایل
7	هیولاییشان
8	بیش‌از
9	همه
10	توجهم
11	را
12	جلب
13	کرد
14	،
15	اما
16	لحظه‌ای
17	طول
18	نکشید
19	که
20	اندیشیدم
21	آنها
22	بی‌تردید
23	خدایان
24	ساختگی
25	قومی
26	دریانورد
27	یا
28	ماهیگیر
29	بوده
30	که
31	در
32	زمان‌های
33	دور
34	می‌زیستهاند
35	؛
36	قومی
37	که
38	آخرین
39	بازمانده‌شان
40	قرن‌ها
41	پیش‌ازآن‌که
42	نخستین
43	انسان
44	پا
45	به
46	دنیا
47	بگذارد
48	از
49	میان
50	رفته بود
51	.
0	داشتم
1	به
2	گذشته‌ای
3	نگاه
4	می‌کردم
5	که
6	تاریخش
7	از
8	تصور
9	جسورترین
10	انسان‌شناس
11	نیز
12	دورتر
13	می‌رفت
14	؛
15	حیرتزده
16	و
17	سرمست
18	ایستاده بودم
19	و
20	ماه
21	بازتاب‌های
22	غریبی
23	بر
24	توده
25	آب
26	بیصدای
27	مقابلم
28	می‌انداخت
29	.
0	سپس
1	،
2	ناگهان
3	دیدمش
4	.
0	تنها
1	تکان‌های
2	مختصر
3	آب
4	بود
5	که
6	آمدنش
7	به
8	سطح
9	را
10	خبر
11	می‌داد
12	.
0	او
1	از
2	آب‌های
3	تاریک
4	بالا
5	آمد
6	،
7	عظیم
8	بود
9	،
10	به
11	پلیفموس
12	می‌مانست
13	.
0	لبریز
1	از
2	تنفر
3	،
4	همچون
5	هیولایی
6	حیرت‌انگیز
7	برخاسته
8	از
9	کابوس‌ها
10	،
11	به
12	سوی
13	مجسمه
14	دوید
15	و
16	بازوان
17	عظیم
18	فلسپوشش
19	را
20	اطراف
21	آن
22	تکان
23	داد
24	؛
25	سر
26	هولناکش
27	را
28	خم
29	کرده بود
30	و
31	صداهای
32	آهنگینی
33	از
34	گلو
35	خارج
36	می‌کرد
37	.
0	به
1	نظر
2	آن
3	زمان
4	بود
5	که
6	دیوانه
7	شدم
8	.
0	از
1	صعود
2	دیوانه‌وارم
3	از
4	آن
5	شیب
6	و
7	صخره‌ها
8	و
9	از
10	بازگشت
11	وهمگینم
12	به
13	سوی
14	قایق
15	به
16	گل
17	نشسته
18	،
19	جز
20	اندک
21	چیزی
22	به
23	خاطر
24	ندارم
25	.
0	می‌دانم
1	که
2	بسیار
3	آواز
4	خواندم
5	،
6	و
7	زمانی‌که
8	دیگر
9	نتوانستم
10	بخوانم
11	به
12	نحو
13	غریبی
14	خندیدم
15	.
0	تصاویر
1	تمایز
2	ناپذیری
3	از
4	رخداد
5	یک
6	طوفان
7	بزرگ
8	مدتی
9	پس‌ازآن‌که
10	به
11	قایق
12	رسیده بودم
13	را
14	به
15	خاطر
16	دارم
17	.
0	اما
1	به
2	هر
3	روی
4	،
5	می‌دانم
6	که
7	صدای
8	غرش
9	تندر
10	و
11	صداهایی
12	ازین
13	دست
14	را
15	شنیدم
16	که
17	طبیعت
18	در
19	دیوانه‌ترین
20	شرایطش
21	ساطع
22	می‌کند
23	.
0	هنگامی‌که
1	از
2	سیاهی‌ها
3	خارج
4	شدم
5	،
6	در
7	بیمارستان
8	سان‌فرانسیسکو
9	بودم
10	.
0	کاپیتان
1	یک
2	کشتی
3	آمریکایی
4	که
5	قایقم
6	را
7	در
8	میانه‌ی
9	اقیانوس
10	دیده بود
11	،
12	مرا
13	به
14	آنجا
15	آورده بود
16	.
0	در
1	هذیان‌هایم
2	حرفهای
3	زیادی
4	زده بودم
5	،
6	اما
7	دریافتم
8	که
9	کم‌ترین
10	توجهی
11	را
12	به
13	آنها
14	روا
15	نداشته‌اند
16	.
0	آنها
1	که
2	مرا
3	نجات
4	دادند
5	از
6	بالا
7	آمدن
8	کف
9	هیچ‌کجای
10	اقیانوس
11	آرام
12	خبری
13	نداشتند
14	،
15	و
16	من
17	همبر
18	چیزی
19	که
20	می‌دانستم
21	باور
22	نخواهند کرد
23	اصرار
24	نورزیدم
25	.
0	زمانی
1	یک
2	نژادشناس
3	مطرح
4	را
5	جستم
6	و
7	او
8	را
9	با
10	پرسش‌های
11	خودم
12	درباره‌ی
13	داگون
14	،
15	افسانه‌ی
16	باستانی
17	فلسطینی
18	،
19	آن
20	نیم
21	خداوند
22	و
23	نیم
24	ماهی
25	سر
26	شوق
27	آوردم
28	.
0	اما
1	به
2	تندی
3	دریافتم
4	که
5	او
6	فقط
7	ناامیدانه
8	آنچه
9	به
10	چشم
11	می‌دید
12	را
13	می‌پذیرفت
14	،
15	و
16	دست
17	ازپی
18	گرفتن
19	پرسش‌هایم
20	کشیدم
21	.
0	شب‌ها
1	،
2	به
3	ویژه
4	زمانی‌که
5	ماه
6	از
7	نیمه
8	گذشته است
9	و
10	روبه
11	نازکی
12	می‌رود
13	،
14	او
15	را
16	می‌بینم
17	.
0	مورفین
1	را
2	آزموده‌ام
3	،
4	اما
5	تنها
6	پایانی
7	گذرا
8	به
9	دردهایم
10	بخشیده
11	و
12	درعوض
13	مرا
14	چون
15	برده‌ای
16	ناتوان
17	در
18	چنگال
19	خویش
20	اسیر
21	کرده است
22	.
0	پس
1	حالا
2	،
3	من
4	به
5	همه‌چیز
6	پایان
7	می‌بخشم
8	،
9	حالاکه
10	شرح
11	تمام
12	ماجرا
13	را
14	برای
15	دوستان
16	و
17	اطرافیانم
18	نوشته‌ام
19	تا
20	از
21	حقیقت
22	آگاه
23	شوند
24	و
25	یا
26	خود
27	را
28	حقیرانه
29	با
30	آن
31	سرگرم
32	کنند
33	.
0	گاه‌و‌بيگاه
1	از
2	خود
3	می‌پرسم
4	که
5	آیا
6	همه‌چیز
7	نمی‌توانسته
8	تماماً
9	وهم
10	بوده باشد
11	؟
12	جنونی
13	ناشی
14	از
15	تب
16	که
17	پس‌از
18	فرار
19	از
20	کشتی
21	آلمان‌ها
22	،
23	زمانی
24	تصویری
25	زنده
26	و
27	،
28	که
29	گرمازده
30	و
31	پریشان
32	در
33	قایق
34	روباز
35	خود
36	افتاده بودم
37	دچارش
38	شده بودم
39	؟
40	این
41	را
42	از
43	خود
44	می‌پرسم
45	و
46	هر
47	بار
48	در
49	پاسخ
50	هولناک
51	پیش
52	چشمانم
53	می‌دود
54	.
0	نمی‌توانم
1	به
2	دریای
3	پرعمق
4	بیاندیشم
5	و
6	از
7	فکر
8	موجودات
9	بی‌نامی
10	که
11	شاید
12	همین
13	لحظه
14	در
15	بستر
16	لزج
17	آن
18	بت‌های
19	باستانی
20	سنگیشان
21	را
22	می‌پرستند
23	و
24	تصویر
25	خود
26	را
27	بر
28	ستون‌های
29	ساخته
30	از
31	گرانیت
32	نم‌کشیده‌ی
33	زیر
34	دریا
35	می‌تراشند
36	بر
37	،
38	می‌خزند
39	خود
40	نلرزم
41	.
0	در
1	رویاهایم
2	روزی
3	را
4	می‌بینم
5	که
6	آنها
7	از
8	سطح
9	آب‌ها
10	بالا
11	می‌آیند
12	تا
13	با
14	پنجه‌های
15	بویناکشان
16	،
17	بازمانده‌های
18	بشری
19	حقیر
20	و
21	خسته
22	از
23	جنگ
24	را
25	با
26	خود
27	به
28	زیر
29	بکشند
30	.
0	رویای
1	روزی
2	را
3	که
4	زمین
5	سربه‌سر
6	غرق
7	خواهد شد
8	،
9	و
10	کف
11	تاریک
12	اقیانوس
13	در
14	میانه‌ی
15	آن
16	آشوب
17	جهانی
18	فراز
19	خواهد آمد
20	.
0	پایان
1	کار
2	نزدیک
3	است
4	.
0	ازسوی
1	در
2	صدایی
3	می‌شنوم
4	،
5	تو
6	گویی
7	که
8	جسمی
9	لغزان
10	و
11	لزج
12	خود
13	را
14	به
15	آن
16	می‌کوبد
17	.
0	نباید
1	مرا
2	بیابد
3	.
0	خدایا
1	،
2	آن
3	دست
4	!
0	پنجره
1	!
0	پنجره
1	!
0	پوریا
1	-
2	لوبیا
3	-
4	مهوش
5	-
6	داستان
7	کوتاه
8	داگون
9	-
10	اثر
11	هوارد
12	فیلیپس
13	لاوکرفت
14	-
15	مترجم
16	بهداد
17	احمدی
