0	از
1	آتشی
2	که
3	افروختم
4	خودم
5	سوختم
6	جانبازان
7	و
8	معلولین
9	کشور
10	آب‌های
11	آزاد
12	دریای
13	مکران
14	را
15	در
16	نور
17	دیدند
18	بعداز
19	خجالت
20	تو
21	درمی‌آیم
22	با
23	گفتن
24	کلمه‌ی
25	«
26	سپاسگزارم
27	»
28	مراتب
29	تشکر
30	و
31	تقدیر
32	خود
33	را
34	به
35	یکدیگر
36	اعلام
37	می‌دارند
38	بتازید
39	بتازید
40	‌که
41	چالاک
42	سوارید
43	.
0	بنازید
1	بنازید
2	که
3	خوبان
4	جهانید
5	در
6	سلسله‌مراتب
7	دانشگاه
8	چهار
9	رده
10	مربی
11	،
12	استادیار
13	،
14	دانشیار
15	‌و
16	استاد
17	تمامی
18	وجود
19	دارد
20	که
21	مرتبه
22	آخر
23	در
24	خارج
25	از
26	کشور
27	«
28	پرفسور
29	»
30	نامیده می‌شود
31	در
32	کاربرد
33	امروزی‌وزارت‌یکی
34	از
35	اجزای
36	ساختار
37	دولت
38	است
39	آموزش
40	آشپزی
41	در‌دستپخت‌در
42	قالب
43	دستور
44	پخت
45	4
46	گروه
47	غذای
48	ایرانی
49	غذای
50	ملل
51	فست
52	فود
53	و
54	فینگر
55	فود
56	و
57	نان
58	-
59	قنادی
60	-
61	دسر
62	و
63	البته
64	مسابقه
65	آشپزی‌ارائه
66	می‌شود
67	توزیع
68	یکنواخت
69	:
70	توزیعی
71	که
72	در
73	حالت
74	پیوسته
75	دارای
76	چگالی
77	ثابتی
78	بر
79	مجموعه‌ای
80	مفروض
81	است
82	و
83	در
84	حالت
85	گسسته
86	احتمالی
87	یکسان
88	را
89	به
90	هر
91	مقدار
92	بُرد
93	خود
94	تخصیص
95	می‌دهد
96	دولت
97	کرخت
98	و
99	گیج
100	است
101	تاخت‌اسب
102	یا
103	دیگر
104	چهارپایان
105	به
106	دو
107	شکل
108	است
109	سیاحت‌غرب
110	یا
111	سرنوشت
112	ارواح
113	پس‌از
114	مرگ
115	کتابی
116	اثر
117	آقا
118	نجفی
119	قوچانی
120	است
121	مهابت
122	.
0	این
1	واژه
2	را
3	اولین
4	بار
5	در
6	داستان
7	همای
8	کاظم
9	رضا
10	دیدم
11	انواع‌کراوات‌با
12	طرح
13	و
14	نقش
15	مختلف
16	در
17	انواع
18	رنگ‌ها
19	به
20	همراه
21	کالکشن
22	بی‌نظیر
23	از
24	پاپیون
25	مردانه
26	برای
27	سلیقه‌های
28	خاص
29	.
0	ساسات‌در
1	وسائل
2	نقلیه
3	به
4	دکمه
5	دریچه
6	هوای
7	کاربراتور
8	می‌گویند
9	فلاحت‌فارس
10	نام
11	یکی
12	از
13	مطبوعات
14	استان
15	فارس
16	در
17	دوران
18	پهلوی
19	اول
20	است
21	آجودان‌یا
22	فریار
23	امیر
24	یا
25	افسری
26	است
27	که
28	مقامات
29	بلندپایه
30	کشوری
31	و
32	لشگری
33	را
34	در
35	امور
36	مختلف
37	،
38	برای
39	پیشبرد
40	وظایف
41	آنان‌یاری
42	می‌کند
43	.
0	او
1	را
2	نگو
3	تا
4	ن‌سو
5	ما
6	تر
7	ایی
8	یکی
9	از
10	دو
11	گونه‌ی
12	موجود
13	اورانگوتان‌ها
14	است
15	از
16	چه
17	مسیری
18	می‌توان
19	به‌ارسباران‌سفر
20	کرد
21	؟
22	ویدئوی
23	زیبا
24	از
25	حضور
26	‌شکوهمند
27	‌مردم
28	مشهد
29	در
30	راهپیمایی
31	بزرگ
32	بیعت
33	با
34	ولایت
35	رجب
36	طیب‌ار
37	دوغان
38	،
39	رئیس
40	جمهوری‌ترکیه‌اعلام
41	کرد
42	که
43	کشورش
44	صلح
45	و
46	امنیت
47	را
48	در
49	عراق
50	و
51	سوریه
52	و
53	مناطقی
54	که
55	تحت‌کنترل‌ترکیه‌نیست
56	برقرار
57	می‌کند
58	وجه
59	اول
60	آن
61	این
62	است
63	که
64	در
65	برخی
66	از
67	مناطق
68	شهر
69	تهران
70	ازجمله
71	خیابانی
72	در
73	منطقه
74	۱۵
75	با
76	وضعیت
77	بد
78	دستفروشی
79	مواجه
80	هستیم
81	که
82	مردم‌گله‌مند‌بوده
83	مَسج
84	ِ‌دجَمْکَران
85	،
86	مسجدی
87	منسوب
88	به
89	امام‌زمان
90	،
91	دوازدهمین
92	امام
93	شیعیان
94	،
95	در
96	حاشیه
97	شهر
98	قم
99	که
100	گفته شده
101	در
102	قرن
103	چهارم
104	قمری
105	به‌دستور
106	وی
107	ساخته شده است
108	تفاوت
109	هواکش
110	و
111	دمنده
112	در
113	چیست
114	؟
115	ندیدند
116	چیزی
117	جز
118	از
119	بید
120	و
121	سرو
122	خرامان‌بزیر
123	گل
124	اندر
125	تذرو
126	اعضا
127	مرحوم
128	کافی
129	،
130	۴
131	بیمار
132	را
133	‌کفایت
134	کرد
135	براکت‌ممکن
136	است
137	به
138	موارد
139	زیر
140	اشاره
141	داشته باشد
142	یکی
143	از
144	ابتدایی‌ترین
145	راه‌های
146	تبلیغ
147	برای
148	شرکت
149	،
150	مؤسسه
151	یا
152	مجموعه
153	شما
154	پخش‌تراکت‌است
155	ستاره
156	بزرگ
157	ایران
158	برسر
159	دار
160	‌مکافات
161	!
0	اهمیت
1	عقل
2	معاش
3	در
4	کنار
5	عقل
6	معاد
7	از
8	منظر
9	حضرت
10	علی
11	علیه‌السلام
12	رفافت‌مرد
13	می‌خواهد
14	-
15	روزگار
16	با
17	ما
18	نساختی
19	نگذشت
20	.
0	سرایت‌جنایات
1	در
2	اصطلاح
3	یعنی
4	هر
5	جنایتی
6	که
7	بر
8	تمامیت
9	جسمانی
10	افراد
11	وارد
12	شود
13	این
14	نوشتار
15	ترانه‌ها
16	و
17	آلبوم‌های‌مرجان‌را
18	فهرست
19	می‌کند
20	در
21	برنامه
22	امشب
23	قاب
24	نقد
25	مجموعه
26	تلویزیونی
27	سایه‌بان
28	به
29	کارگردانی
30	جمشید
31	محمودی
32	که
33	به
34	تازگی
35	پخش
36	آن
37	از
38	شبکه
39	دو
40	سیما
41	به
42	پایان
43	رسیده‌است
44	،
45	بررسی
46	می‌شود
47	در
48	زیر
49	فهرست‌کارگردانان‌ایرانی‌تبار
50	سینما
51	،
52	تلویزیون
53	و
54	تئاتر
55	ایران
56	(
57	و
58	جهان
59	)
60	به
61	ترتیب
62	نام
63	خانوادگی
64	و
65	اطلاعاتی
66	از
67	آنها
68	آمده‌است
69	.
0	قسطنطنیه
1	عربی‌شده‌ی
2	کُنستانتینوپول
3	(
4	شهر
5	کنستانتین
6	)
7	،
8	نام
9	پیشین
10	استانبول
11	که
12	به
13	افتخار
14	قیصر
15	روم
16	کنستانتین
17	یکم
18	بدین
19	نام‌نا
20	می‌ده‌شد
21	همه‌ی
22	ما
23	دوست
24	داریم
25	که
26	برنده
27	باشیم
28	و
29	نه‌باز
30	نده
31	فروشنده‌روایتگر
32	داستان
33	زوج
34	جوانی
35	است
36	که
37	در
38	حال
39	اجرای
40	نمایشنامه
41	مرگ‌فروشنده‌آرتور
42	میلر
43	هستند
44	در
45	زبان
46	فارسی
47	این
48	ایل
49	را
50	به
51	اسم‌ترکاشوند‌می
52	شناسند
53	اگر
54	می‌خواهید
55	در
56	منطقه‌چمستان‌ویلا
57	بخرید
58	یا
59	ساخت‌وساز
60	کنید
61	،
62	به
63	نتیجه‌گیری
64	ما
65	توجه
66	کنید
67	تمام
68	آهنگ‌های‌سیروان‌خسروی
69	بهمراه
70	آلبوم‌ها
71	و
72	فول
73	آلبوم
74	آهنگ‌های‌سیروان‌خسروی
75	و
76	متن
77	ترانه‌ها
78	و
79	موزیک‌ها
80	درادامه
81	قرار
82	دارد
83	شرکت
84	مهاجرتی‌کنکاش‌ارائه
85	دهنده
86	خدمات
87	مهاجرت
88	به
89	کانادا
90	و
91	اقامت
92	کانادا
93	جدیدترین
94	دست‌پخت
95	خودروسازی
96	ایران
97	برای
98	صنعت
99	و
100	مردم
101	کشور
102	،
103	یک
104	سدان
105	کامپکت
106	با
107	نام‌رها
108	م‌است
109	شرکت‌بهنوش‌ایران
110	اولین
111	تولیدکننده
112	ماءالشعیر
113	در
114	ایران
115	است
116	نام
117	پدر‌ماهدخت‌علی
118	خان
119	بود
120	.
0	تا
1	اینکه
2	شبی
3	در
4	خانه
5	علی‌خان
6	بودیم
7	نبی
8	الله‌سلیمان
9	(ع)
10	از
11	پیامبران
12	بزرگ
13	بنی‌اسرائیل
14	می‌باشد
15	بازار
16	خودروهای‌وانت‌چند
17	سالی
18	است
19	که
20	تنوع
21	بیشتری
22	به
23	خود
24	دیده است
25	قصد
26	ما
27	بررسی‌نیابت‌قضایی
28	دادگاه‌ها
29	است
30	یکی
31	از
32	عضوهای
33	اوراق
34	اداری
35	،
36	پاکت‌های
37	چاپ
38	آقا
39	هستند
40	که
41	بصورت
42	جداگانه
43	نیز
44	می‌توانید
45	آنلاین
46	سفارش
47	دهید
48	.
0	نامیرا‌نام
1	رمانی
2	از
3	صادق
4	کرمیار
5	است
6	که
7	روایتگر
8	واقعه
9	عاشورا
10	است
11	کمیته
12	ملی
13	المپیک
14	به
15	سهراب
16	مرادی‌بابت‌رکوردشکنی
17	پاداش
18	داد
19	به
20	نظر‌نادم‌هیچ
21	کار
22	ناشدنی
23	در
24	دنیا
25	نیست
26	باد
27	مجان‌یکی
28	از
29	صیفی‌جاتی
30	است
31	که
32	در
33	تمام
34	فصول
35	سال
36	وجود
37	دارد
38	ناصر
39	ابراهیم‌نژاد
40	بانام
41	هنری‌کیوان‌از
42	خوانندگان
43	سبک
44	پاپ
45	اهل
46	ایران
47	است
48	خو
49	ن‌آشا
50	م‌در
51	افسانه‌ها
52	و
53	فرهنگ
54	فولکلوریک
55	مردم
56	اروپا
57	،
58	موجودی
59	زنده‌است
60	که
61	شب‌ها
62	از
63	گور
64	بیرون
65	آمده
66	و
67	برای
68	تغذیه
69	خود
70	از‌خون‌مردم‌می‌مکد
71	قابلیت‌اطمینان‌در
72	حقیقت
73	احتمال
74	موفقیت
75	در
76	انجام‌وظیفه
77	است
78	با
79	سنگ
80	صافی
81	که
82	پای
83	در
84	نشیمن
85	به
86	راهرو
87	بود
88	می‌شکستیمشان‌می
89	خوردیمشان
90	یواش‌یواش
91	مدت‌ها
92	از
93	زمانی‌که
94	اعلام
95	شد
96	فعالیت‌پارکبان‌ها
97	قانونی
98	نیست
99	همرفت‌انتقال
100	گرمایی
101	ازطریق
102	حرکت
103	سیالی
104	مانند
105	هوا
106	یا
107	آب
108	است
109	زکام‌در
110	زبان
111	عربی
112	همان
113	سرماخوردگی
114	است
115	اما
116	در
117	اصطلاح
118	طب
119	سنتی‌زُکام‌یا
120	نَزْله‌ی
121	یا
122	چایمان
123	به
124	معنی
125	التهاب
126	بافت
127	مخاطی
128	بی‌نی‌است
129	واتیکان‌دولت‌شهری
130	مستقل
131	است
132	که
133	در
134	درون
135	شهر
136	رم
137	در
138	کشور
139	ایتالیا
140	جای
141	دارد
142	در
143	صورت
144	نشت
145	گاز
146	و
147	یا‌استشمام‌بوی
148	آن
149	،
150	قبل‌از
151	هر
152	کاری
153	باید
154	دقت
155	کرد
156	که
157	در
158	آن
159	محل
160	هیچگونه
161	جرقه‌ای
162	زده نشود
163	پرهام
164	،
165	یکی
166	از
167	قدیمی‌ترین
168	نام‌های
169	پارسی
170	به
171	معنی
172	فرشته
173	خوبی
174	است
175	بدون‌شک
176	به
177	شما
178	نیز
179	گفته شده
180	که‌اژدها‌موجودی
181	افسانه‌ای
182	بوده
183	و
184	هیچگاه
185	وجود
186	خارجی
187	نداشته است
188	فصل‌باران‌است‌بارانی‌شویم
189	از
190	درون
191	جوشیم
192	و
193	طوفانی
194	شویم
195	چهارگوش‌یه
196	بازی
197	معمایی
198	هست
199	که
200	رد
201	کردن
202	مرحله‌هایش
203	وقت
204	و
205	تمرکز
206	زیادی
207	می‌طلبد
208	آزمودگی‌یا
209	آروین
210	در
211	مفهوم
212	عمومی
213	به
214	همه
215	مهارت‌ها
216	و
217	دانسته‌ها
218	،
219	از
220	برخی
221	پدیده‌ها
222	و
223	موضوعات
224	که
225	ناشی
226	از
227	برخورد
228	با
229	آن
230	موضوع
231	و
232	درگیری
233	با
234	آن
235	پدیده
236	درخلال
237	دورانی
238	معین
239	است
