0	هزار
1	سال
2	است
3	که
4	مردم
5	فارسی‌زبان
6	و
7	فارسی‌دان
8	و
9	فارسی‌خوان
10	در
11	قلمرو
12	زبان
13	فارسی
14	با
15	شاهنامه
16	این
17	سند
18	لیاقت
19	زبان
20	فارسی
21	،
22	این
23	گنجینه
24	معارف
25	ایرانی
26	و
27	اسلامی
28	و
29	این
30	فرهنگ
31	ایران
32	به
33	معنی
34	وسیع
35	کلمه
36	از
37	آغاز
38	تا
39	پایان
40	قرن
41	چهارم
42	هجری
43	آشنایی
44	دارند
45	و
46	آن
47	را
48	خوانده
49	و
50	بهره‌ها
51	برده‌اند
52	و
53	یا
54	در
55	مجامع
56	عمومی
57	از
58	زبان
59	راویان
60	نقال
61	و
62	در
63	محافل
64	خصوصی
65	از
66	دو
67	لب
68	شاهنامه‌خوانان
69	داستان‌هایی
70	مهیج
71	و
72	سرگذشت‌های
73	عبرت‌آموز
74	آن
75	را
76	شنیده
77	و
78	ذوق‌ها
79	کرده‌اند
80	و
81	سخن‌شناسان
82	نکته‌سنج
83	و
84	نقادان
85	موشکاف
86	و
87	آگاهان
88	بر
89	رمزوراز
90	داستان‌های
91	حماسی
92	به
93	شاهکار
94	بودن
95	آن
96	گنجینه
97	هنر
98	در
99	توصیف
100	و
101	آموزنده
102	بودن
103	آن
104	در
105	مسائل
106	اجتماعی
107	و
108	اخلاقی
109	و
110	اعتقادی
111	و
112	ایمانی
113	و
114	ممتاز
115	و
116	برتر
117	بودن
118	آن
119	از
120	دیگر
121	آثار
122	حماسی
123	جهان
124	و
125	والایی
126	و
127	ماندگاری
128	مقام
129	بلند
130	سراینده
131	گشاده‌زبان
132	و
133	باریک‌اندیش
134	آن
135	هم‌داستان
136	گشته‌اند
137	همچنان‌که
138	عرضه
139	شدن
140	متن
141	شاهنامه
142	در
143	26
144	جزوه
145	به
146	قطع
147	کوچک
148	با
149	توضیحات
150	لغوی
151	زیر
152	صفحات
153	خواندن
154	آن
155	کتاب
156	عظیم
157	جلیل‌القدر
158	را
159	درهرحال
160	و
161	هر
162	جای
163	برای
164	همه
165	کس
166	آسان
167	ساخته است
168	برگردان
169	روایت‌گونه
170	آن
171	نیز
172	به
173	سهولت
174	اطلاع
175	بر
176	محتوای
177	شاهنامه
178	را
179	فراهم
180	آورده است
181	و
182	راه‌گشای
183	خواندن
184	متن
185	شاهنامه
186	به
187	روانی
188	و
189	آسانی
190	است
191	شاهنامه
192	نامه‌ای
193	است
194	پندمند
195	.
0	سرگذشت
1	تاریخی
2	ملّتی
3	است
4	که
5	شکست‌ها
6	و
7	پیروزی‌های
8	بسیاری
9	را
10	تجربه
11	کرده
12	اما
13	همواره
14	بر
15	پای
16	ایستاده
17	و
18	دربرابر
19	همه‌ی
20	حوادث
21	سربلند
22	و
23	سرافراز
24	بیرون
25	آمده است
26	.
0	شاهنامه
1	کامرانی‌ها
2	و
3	ناکامی‌ها
4	،
5	مرادی‌ها
6	و
7	نامرادی‌های
8	تاریخ
9	ایران
10	را
11	بیان
12	کرده است
13	.
0	راوی
1	صادقی
2	است
3	که
4	شکست‌ها
5	را
6	بیان
7	کرده
8	و
9	البته
10	دردناک
11	به
12	آن
13	نگریسته
14	و
15	درعین‌حال
16	به
17	پیروزی‌ها
18	افتخار
19	کرده است
20	.
0	دشمنانی
1	چون
2	افراسیاب
3	و
4	تورانیان
5	را
6	بزرگ
7	خطاب
8	کرده
9	و
10	از
11	بیان
12	آن
13	ابایی
14	نداشته است
15	،
16	پس
17	دلیلی
18	ندارد
19	که
20	آخر
21	شاهنامه
22	به
23	دلیل
24	پیروزی
25	اعراب
26	خوش
27	نباشد
28	.
0	او
1	می‌آموزد
2	که
3	تاریخ
4	اینجا
5	تمام
6	نخواهد شد
7	.
0	آخر
1	شاهنامه
2	آخر
3	تاریخ
4	نیست
5	.
0	پیروزی
1	و
2	شکست
3	لازمه‌ی
4	وجود
5	هر
6	جامعه‌ای
7	هست
8	.
0	روزگارانی
1	دیگر
2	تقدیر
3	تاریخ
4	به
5	گونه‌ای
6	دیگر
7	رقم
8	خواهد خورد
9	.
0	قطعاً
1	درگذر
2	تاریخ
3	باز
4	هم
5	جنگ‌هایی
6	خواهد بود
7	.
0	باز
1	هم
2	شکست‌ها
3	و
4	پیروزی‌هایی
5	نصیب
6	ما
7	خواهد شد
8	و
9	به
10	راستی
11	که
12	مگر
13	شکست
14	از
15	اعراب
16	نخستین
17	شکست
18	ما
19	بوده
20	و
21	یا
22	قرار
23	است
24	آخرین
25	شکست
26	ما
27	باشد
28	مگر
29	تاریخ
30	امروز
31	ما
32	به
33	همین
34	جایی‌که
35	هستیم
36	منتهی
37	خواهد شد
38	و
39	پایان
40	خواهد پذیرفت
41	اگر
42	خوش
43	بودن
44	یا
45	ناخوش
46	بودن
47	را
48	به
49	پیروزی
50	یا
51	شکست
52	منحصر
53	کنیم
54	،
55	آنگاه
56	ابتدای
57	شاهنامه
58	هم
59	که
60	پیروزی
61	ضحاک
62	است
63	غم‌انگیز
64	است
65	.
0	وسط
1	شاهنامه
2	که
3	شکست
4	از
5	توران
6	،
7	روم
8	و…
9	است
10	نیز
11	دردناک
12	همچنان
13	که
14	پیروزی
15	بر
16	ضحاک
17	،
18	توران
19	و
20	روم
21	و…
22	شیرین
23	است
24	!
0	تاریخ
1	کدام
2	ملّتی
3	را
4	می‌شناسیم
5	که
6	بدون
7	شکست
8	باشد
9	؟
10	بالاخره
11	فردوسی
12	یک
13	جایی
14	باید
15	شاهنامه
16	را
17	تمام
18	می‌کرد
19	.
0	پیروزی
1	یا
2	شکست
3	از
4	روم
5	.
0	پیروزی
1	یا
2	شکست
3	از
4	توران
5	زمین
6	و…
7	شاهنامه
8	هرکجا
9	تمام
10	می‌شد
11	،
12	این
13	قصه
14	ناتمام
15	بود
16	و
17	ناتمام
18	نیز
19	می‌ماند
20	و
21	البته
22	تا
23	پایان
24	تاریخ
25	هم
26	ناتمام
27	خواهد ماند
28	شاهنامه
29	،
30	اثر
31	حکیم
32	ابوالقاسم
33	فردوسی
34	،
35	یکی
36	از
37	بزرگ‌ترین
38	حماسه‌های
39	جهان
40	،
41	مهم‌ترین
42	نامه‌ی
43	اندیشه‌ی
44	سیاسی
45	ایران‌شهری
46	در
47	دوره‌ی
48	اسلامی
49	،
50	شاهکار
51	حماسی
52	زبان
53	فارسی
54	و
55	حماسه‌ی
56	ملی
57	ایرانیان
58	و
59	نیز
60	بزرگ‌ترین
61	سند
62	هویت
63	ایشان
64	است
65	،
66	چنانکه
67	ضیاءالدین
68	ابن‌اثیر
69	آن
70	را
71	قرآن
72	ایرانیان
73	خوانده‌است
74	مأخذ
75	اصلی
76	فردوسی
77	در
78	به‌نظم
79	کشیدن
80	داستان‌ها
81	،
82	شاهنامه‌ی
83	منثور
84	ابومنصوری
85	بود
86	که
87	چندی
88	پیش‌از
89	آن
90	توسط
91	یکی
92	از
93	سپهداران
94	ایران‌دوست
95	خراسان
96	ازروی
97	آثار
98	و
99	روایات
100	موجود
101	گردآوری
102	شده بود
103	.
0	فردوسی
1	در
2	شاهنامه
3	از
4	پنج
5	راوی
6	شفاهی
7	نیز
8	به
9	نامهای
10	آزاد
11	سرو
12	،
13	شادان
14	برزین
15	،
16	ماخ
17	پیر
18	خراسانی
19	،
20	بهرام
21	و
22	شاهوی
23	یاد
24	کرده
25	که
26	او
27	را
28	در
29	بازگو
30	کردن
31	داستان‌ها
32	یاری
33	رسانده‌اند
34	اما
35	ذبیح‌اله
36	صفا
37	استدلال
38	کرده‌است
39	که
40	به
41	احتمال
42	فراوان
43	راویان
44	یادشده
45	مربوط
46	به
47	روزگاران
48	پیشین
49	بو
50	داند
51	و
52	فردوسی
53	به
54	جهت
55	احترام
56	از
57	آنان
58	سخن
59	به
60	زبان
61	آورده
62	و
63	هیچ‌کدام
64	معاصر
65	با
66	حکیم
67	توس
68	نبوده‌اند
69	آخرین
70	ویرایش‌های
71	فردوسی
72	در
73	شاهنامه
74	در
75	سال‌های
76	۴۰۰
77	و
78	۴۰۱
79	هجری
80	قمری
81	روی‌داد
82	متون
83	کلاسیک
84	درگذر
85	زمانبر
86	اثر
87	حوادث
88	تاریخی
89	،
90	گرایش‌های
91	حاکمان
92	و
93	کاتبان
94	و
95	علل
96	دیگر
97	دستخوش
98	تغییر
99	و
100	تحولات
101	متعددی
102	می‌شوند
103	.
0	پیگیری
1	این
2	تحولات
3	و
4	مقایسه‌ی
5	نسخه‌های
6	متعدد
7	به‌جامانده
8	از
9	متون
10	کلاسیک
11	و
12	ارائه‌ی
13	متنی
14	تا
15	حد
16	ممکن
17	اصیل
18	دغدغه‌ی
19	اصلی
20	کسانی‌ست
21	که
22	تصحیح
23	متون
24	کلاسیک
25	را
26	به‌عنوان
27	فعالیتی
28	ادبی
29	پیشه‌ی
30	خود
31	می‌کنند
32	.
0	مهری
1	بهفر
2	بیش‌از
3	یک
4	دهه
5	است
6	که
7	کار
8	خود
9	را
10	معطوف
11	به
12	تصحیح
13	شاهنامه
14	کرده است
15	.
0	پروژه‌ی
1	تصحیح
2	او
3	با
4	شرح
5	یکایک
6	ابیات
7	،
8	مقایسه‌ی
9	درونمایه‌ی
10	داستان‌ها
11	و
12	شخصیت‌های
13	شاهنامه
14	با
15	ماب‌ه‌ازاهای
16	اساطیری‌شان
17	در
18	ادبیات
19	اسطوره‌ای
20	و
21	حماسی
22	جهان
23	و
24	ضمائمی
25	دیگر
26	همراه
27	شده است
28	که
29	مجموع
30	آن
31	به
32	تخمین
33	خودش
34	مشتمل
35	بر
36	بیست
37	جلد
38	خواهدشد
39	.
0	تابه‌حال
1	سه
2	دفتر
3	از
4	این
5	مجموعه
6	منتشر
7	شده است
8	.
0	انتشار
1	دفتر
2	سوم
3	بهانه‌ای
4	شد
5	تا
6	پای
7	صحبت
8	مهری
9	بهفر
10	بنشینیم
11	تا
12	از
13	چندوچون
14	تألیف
15	و
16	انتشار
17	این
18	مجموعه
19	برای‌مان
20	بگوید
21	وقتی
22	کشورت
23	را
24	اشغال
25	کرده باشند
26	زبانت
27	را
28	در
29	شرف
30	نابودی
31	قرار
32	داده باشند
33	،
34	کتاب‌هایت
35	را
36	سوزانده باشند
37	،
38	فرهنگت
39	را
40	از
41	بین
42	برده باشند
43	،
44	تاریخت
45	را
46	تحریف
47	کرده باشند
48	و
49	هویت
50	ملّی‌ات
51	را
52	به
53	دست
54	فراموشی
55	سپرده باشند
56	،
57	چه
58	کاری
59	می‌تواند
60	شیرین‌تر
61	و
62	پر
63	اهمیت‌تر
64	از
65	این
66	تلقی
67	شود
68	که
69	بتوانی
70	زبانت
71	را
72	زنده
73	کنی
74	،
75	تاریخت
76	را
77	ازدست
78	فراموشی
79	نجات
80	دهی
81	،
82	غرور
83	ملّی‌ات
84	را
85	بازسازی
86	نمایی
87	،
88	فرهنگت
89	را
90	بازیابی
91	کنی
92	،
93	…
94	و
95	چه
96	کاری
97	بالاتر
98	از
99	این
100	و
101	چه
102	پیروزی‌ای
103	خوش‌تر
104	از
105	این
106	؟
107	این
108	حقیقت
109	را
110	نیز
111	باید
112	بدانیم
113	که
114	تخیلات
115	همیشه
116	پوچ
117	و
118	بی‌مصرف
119	نیستند
120	.
0	خلاقیت‌های
1	هنری
2	که
3	خاستگاهشان
4	نفس
5	تخیل
6	است
7	،
8	از
9	این
10	قاعده
11	مستثنایند
12	.
0	از
1	ضرورت‌ها
2	و
3	نیاز
4	امروز
5	جهان
6	است
7	که
8	هنروران
9	و
10	آنان
11	که
12	در
13	تولید
14	هنر
15	و
16	مشاغل
17	هنری
18	فعالند
19	همواره
20	مترصد
21	آن
22	باشند
23	که
24	در
25	خلاقیت‌های
26	خود
27	،
28	عناصر
29	تعقل
30	و
31	تفکر
32	منطقی
33	را
34	نیز
35	ملحوظ
36	و
37	منظور
38	دارند
39	.
0	پا
1	از
2	حد
3	مجاز
4	و
5	مفید
6	فراتر
7	نگذارند
8	.
0	در
1	شعر
2	،
3	ادب
4	،
5	موسیقی
6	،
7	نقاشی
8	،
9	سینما
10	،
11	تآتر
12	،
13	انیمیشن‌ها
14	و
15	برنامه‌های
16	ادبی
17	و
18	هنری
19	که
20	ترتیب
21	می‌دهند
22	،
23	تا
24	آنجا
25	به
26	تخیلات
27	اجازه‌ی
28	فعالیت
29	دهند
30	که
31	از
32	مرز
33	مجاز
34	تجاوز
35	و
36	تخطی
37	نکنند
38	.
0	از
1	بدآموزی
2	،
3	به
4	غلط
5	افتادن‌های
6	افکار
7	،
8	اذهان
9	،
10	باورها
11	و
12	از
13	افراط‌وتفریط
14	در
15	هر
16	زمینه
17	و
18	پدیده‌ی
19	هنری
20	پرهیز
21	شود
22	.
0	در
1	رمان‌ها
2	،
3	داستان‌ها
4	و
5	افسانه‌هایی
6	که
7	بضرورت
8	ساخته
9	یا
10	مقالاتی
11	که
12	نوشته می‌شوند
13	،
14	چشم
15	عقل
16	و
17	مقررات
18	علمی
19	و
20	منطقی
21	را
22	بر
23	جوانب
24	هنری
25	آن
26	آثار
27	،
28	بیدار
29	و
30	هوشیار
31	بدارند
32	زندگی
33	امروز
34	با
35	حضور
36	علوم
37	جدید
38	و
39	دستاوردهای
40	علمی
41	و
42	تکنیکی
43	جاری
44	،
45	ورود
46	تخیل
47	و
48	توهمات
49	پوچ
50	را
51	به
52	حیطه‌ی
53	حیات
54	انسان
55	،
56	جایز
57	نمی‌شمرد
58	.
0	درست
1	است
2	که
3	اوهام
4	و
5	خرافات
6	ناشی
7	از
8	تخیلات
9	واهی
10	در
11	زوایای
12	زندگی
13	آدمی
14	راه
15	یافته‌اند
16	و
17	هستند
18	و
19	«
20	هرکه
21	آمد
22	بر
23	آن
24	مزیدی
25	کرد
26	تابه
27	این
28	غایت
29	رسید
30	»
31	اما
32	نباید
33	باشند
34	.
0	اما
1	حضورشان
2	در
3	زندگی
4	مردم
5	جهان
6	مجاز
7	نیست
8	.
0	این
1	فتوای
2	عقل
3	،
4	علم
5	و
6	منطق
7	است
8	.
0	در
1	زمانیکه
2	تلسکوپ‌های
3	نیرومند
4	،
5	کره‌ی
6	زمین
7	را
8	در
9	فاصله‌ی
10	شش
11	میلیارد
12	کیلومتری
13	بصورت
14	نقطه‌ای
15	آبی‌رنگ
16	،
17	معلق
18	در
19	فضای
20	لایتناها
21	نشان
22	می‌دهند
23	و
24	هر
25	کس
26	می‌تواند
27	-
28	بیاری
29	اینترنت
30	-
31	بشرح
32	ویدئوئی
33	خدمات
34	دانشمندان
35	در
36	این
37	زمینه‌ی
38	علمی
39	بنگرد
40	و
41	گوش
42	دهد
43	،
44	دیگر
45	نمی‌توان
46	پذیرفت
47	که
48	انسان‌های
49	متوهم
50	در
51	توهمات
52	خود
53	،
54	صادقند
55	در
56	شبی
57	طولانی
58	و
59	بدون
60	مهتاب
61	،
62	شاعر
63	از
64	خواب
65	برمی‌خیزد
66	و
67	دل‌آزرده
68	از
69	این
70	شب
71	تیره
72	و
73	دلگیر
74	،
75	یارش
76	را
77	بیدار
78	می‌کند
79	.
0	او
1	چون
2	بی‌خواب
3	شده است
4	از
5	دلبرش
6	می‌خواهد
7	که
8	برایش
9	بزمی
10	بیارا
11	ید
12	و
13	چنگ
14	بنوازد
15	پس‌از
16	کامجویی
17	از
18	آن
19	بزم
20	،
21	شاعر
22	از
23	یارش
24	می‌خواهد
25	که
26	از
27	دفتر
28	پهلوی
29	(
30	تاریخ
31	شاهان
32	باستان
33	ایران‌زمین
34	)
35	داستانی
36	را
37	بخواند
38	تا
39	او
40	به
41	شعر
42	آورد
43	.
0	داستان
1	از
2	بزمی
3	در
4	حضور
5	کیخسرو
6	شروع
7	می‌شود
8	.
0	ناگهان
1	خبر
2	می‌آورند
3	ارمنیان
4	که
5	در
6	مرز
7	ایران
8	و
9	توران
10	زندگی
11	می‌کنند
12	به
13	دادخواهی
14	آمده‌اند
15	.
0	آنان
1	زاری‌کنان
2	می‌گویند
3	که
4	گل‌ه‌ای
5	از
6	گرازان
7	به
8	بیشه‌ای
9	که
10	کشتزار
11	و
12	باغ‌هایشان
13	آنجاست
14	،
15	حمله
16	کرده‌اند
17	و
18	محصولات
19	و
20	دام‌های
21	آنان
22	را
23	نابود
24	می‌کنند
25	.
0	کیخسرو
1	دستور
2	می‌دهد
3	ظرف
4	زرین
5	بزرگی
6	را
7	در
8	میان
9	مجلس
10	قرار
11	داده
12	و
13	آن
14	را
15	لبریز
16	از
17	گوهرهای
18	گرانبها
19	کنند
20	و
21	می‌گوید
22	:
23	«
24	کدام
25	دلاوری
26	داوطلب
27	از
28	بین
29	بردن
30	گرازهاست
31	تا
32	این
33	گنج
34	را
35	پاداش
36	بگیرد
37	»
38	کسی
39	پاسخ
40	نمی‌دهد
41	تا
42	اینکه
43	بیژن
44	(
45	فرزند
46	گیو
47	و
48	نوه‌ی
49	دختری
50	ِ
51	رستم
52	)
53	پیشقدم
54	می‌شود
55	،
56	اما
57	پدرش
58	او
59	را
60	بر
61	این
62	جسارت
63	ملامت
64	می‌کند
65	که
66	:
67	«
68	بی‌تجربه
69	هستی
70	و
71	توانایی
72	این
73	کار
74	را
75	نداری
76	»
77	بیژن
78	که
79	جوانی
80	جویای
81	نام
82	است
83	،
84	بر
85	ادعایش
86	اصرار
87	می‌ورزد
88	.
0	شاه
1	این
2	مأموریت
3	را
4	برعهده‌ی
5	بیژن
6	می‌گذارد
7	و
8	گرگین
9	که
10	سرداری
11	باتجربه
12	است
13	را
14	برای
15	راهنمایی‌اش
16	در
17	این
18	سفر
19	،
20	با
21	او
22	همراه
23	می‌کند
24	پیران
25	که
26	روی
27	کودک
28	را
29	دید
30	به
31	یاد
32	سیاوش
33	افتاد
34	و
35	گریه
36	کرد
37	زیرا
38	کودک
39	چنان
40	بود
41	که
42	گویی
43	سیاوش
44	بار
45	دیگر
46	به
47	دنیا
48	آمده است
49	پیران
50	کودک
51	را
52	نزد
53	افراسیاب
54	برد
55	و
56	او
57	را
58	ستایش
59	کرد
60	و
61	سپس
62	خبر
63	تولد
64	فرزند
65	فرنگیس
66	(
67	نوه
68	افراسیاب
69	)
70	را
71	به
72	او
73	داد
74	و
75	گفت
76	«
77	این
78	کودک
79	از
80	خوبی
81	به
82	تو
83	مانند
84	است
85	،
86	از
87	پهلوانی
88	به
89	فریدون
90	و
91	زیبایی‌اش
92	تور
93	(
94	نیاکان
95	افراسیاب
96	)
97	را
98	به
99	یاد
100	می‌آورد
101	.
0	نظر
1	من
2	این
3	است
4	که
5	گذشته
6	را
7	فراموش
8	کنی
9	و
10	مهر
11	کودک
12	را
13	در
14	دل
15	پرورش
16	دهی
17	او
18	را
19	به
20	چوپانان
21	بسپری
22	تا
23	دور
24	از
25	دربار
26	و
27	بدون
28	آگاهی
29	از
30	اصل
31	و
32	نژاد
33	خود
34	بزرگ
35	شود
36	.
0	»
1	گُردآفرید
2	نخستین
3	شیرزن
4	حماسه
5	ملی
6	ایران
7	است
8	گرد
9	آفرید
10	ِ
11	دلربا
12	و
13	چالاک
14	بااینکه
15	در
16	شاهنامه
17	حضوری
18	کوتاه
19	دارد
20	و
21	شکست
22	هم
23	می‌خورد
24	بسیار
25	برجسته
26	است
27	و
28	یکی
29	از
30	گیراترین
31	زنان
32	شاهنامه
33	وی
34	را
35	می‌توان
36	مانند
37	فرانک
38	ارنواز
39	و
40	شهرناز
41	،
42	نمونه
43	زن
44	اصیل
45	ایرانی
46	دانست
47	.
0	او
1	در
2	جنگاوری
3	بی‌همتاست
4	در
5	رهسپاری
6	سهراب
7	از
8	توران
9	به
10	ایران
11	،
12	هنگامی‌که
13	وی
14	در
15	جستجوی
16	پدرش
17	رستم
18	است
19	،
20	با
21	او
22	آشنا
23	می‌شویم
24	.
0	در
1	مرز
2	توران
3	و
4	ایران
5	،
6	دژی
7	به
8	نام
9	سپید
10	دژ
11	هست
12	.
0	گُژدَهَم
1	که
2	یک
3	ایرانی
4	سالخورده
5	است
6	بر
7	آن
8	فرمان
9	می‌راند
10	و
11	همواره
12	دربرابر
13	دشمن
14	پایداری
15	سرسختانه‌ای
16	می‌ورزد
17	و
18	با
19	این
20	کار
21	دل
22	همه
23	ایرانیان
24	را
25	به
26	آن
27	دژ
28	امیدوار
29	می‌سازد
30	.
0	گژدهم
1	پیر
2	،
3	پسری
4	خرد
5	به
6	نام
7	گُستَهَم
8	دارد
9	،
10	و
11	دختری
12	به
13	نام
14	گرد
15	آفرید
16	.
0	سهراب
1	ناچار
2	است
3	پیش‌از
4	درآمدن
5	به
6	خاک
7	ایران
8	از
9	این
10	دژ
11	بگذرد
12	.
0	در
1	نبرد
2	میان
3	سهراب
4	و
5	هژیر
6	،
7	فرمانده
8	دژ
9	،
10	سهراب
11	بر
12	او
13	پیروز
14	می‌گردد
15	.
0	سهراب
1	،
2	نخست
3	می‌خواهد
4	او
5	را
6	بکُشد
7	،
8	اما
9	سپس
10	او
11	را
12	اسیر
13	کرده
14	راهی
15	سپاه
16	خود
17	می‌کند
18	.
0	آگاهی
1	از
2	این
3	رویداد
4	،
5	دژنشینان
6	را
7	سراسیمه
8	می‌سازد
9	،
10	اما
11	گرد
12	آفرید
13	چنان
14	این
15	را
16	مایه
17	ننگ
18	می‌داند
19	که
20	بر
21	آن
22	می‌شود
23	خود
24	به
25	نبرد
26	او
27	رود
28	.
0	سهراب
1	درپی
2	چالش
3	آن
4	شیرزن
5	به
6	رزمگاه
7	درمی‌آید
8	و
9	آن
10	دوبه
11	پرخاش
12	و
13	نبرد
14	درمی‌آیند
15	.
0	سهراب
1	دربرابر
2	باران
3	تیر
4	گرد
5	آفرید
6	،
7	ناچار
8	سپرش
9	را
10	به
11	کار
12	درمی‌آورد
13	وی
14	جنگ‌کنان
15	نزدیک
16	گرد
17	آفرید
18	می‌شود
19	و
20	نیزه
21	او
22	را
23	می‌گیرد
24	.
0	با
1	نیزه
2	جامه
3	جنگی
4	او
5	را
6	می‌درد
7	،
8	گرد
9	آفرید
10	شمشیر
11	می‌کشد
12	و
13	با
14	فرود
15	آوردن
16	آن
17	نیزه
18	سهراب
19	را
20	می‌شکند
21	.
0	سرانجام
1	می‌بیند
2	که
3	توان
4	رویارویی
5	با
6	سهراب
7	را
8	ندارد
9	و
10	می‌کوشد
11	سوی
12	دژ
13	بگریزد
14	.
0	اما
1	سهراب
2	به
3	او
4	می‌رسد
5	و
6	کلاه‌خودش
7	را
8	برمی‌گیرد
9	.
0	تازه
1	می‌بیند
2	که
3	آن
4	پیکارگر
5	نه
6	مرد
7	،
8	بلکه
9	دختری
10	زیباروی
11	است
12	گرد
13	آفرید
14	به
15	نیرنگ
16	دست
17	می‌یازد
18	و
19	به
20	سهراب
21	می‌گوید
22	که
23	خوب
24	نیست
25	رزمندگان
26	ببینند
27	که
28	وی
29	در
30	نبرد
31	با
32	یک
33	دختر
34	به
35	چنین
36	کوشش
37	و
38	رنجی
39	گرفتارآمده
40	و
41	به
42	او
43	پیشنهاد
44	می‌کند
45	که
46	همراهش
47	به
48	درون
49	دژ
50	برود
51	و
52	دژ
53	در
54	چنگ
55	اوست
56	.
0	روزی
1	رستم
2	هوای
3	رفتن
4	به
5	شکار
6	کرد
7	و
8	با
9	رخش
10	به
11	سوی
12	مرز
13	توران
14	رفت
15	پس
16	آنجا
17	را
18	پر
19	از
20	گورخر
21	دید
22	شاد
23	شد
24	و
25	شکاری
26	زد
27	و
28	آتش
29	بیفروخت
30	.
0	درختی
1	را
2	کند
3	و
4	در
5	گورخری
6	که
7	شکار
8	کرده بود
9	چون
10	سیخی
11	فروبرد
12	و
13	بر
14	آتش
15	گذاشت
16	.
0	پس‌از
1	صرف
2	غذا
3	و
4	نوشیدن
5	آب
6	خوابید
7	.
0	هفت
1	هشت
2	تن
3	از
4	سواران
5	ترک
6	رخش
7	را
8	دیدند
9	و
10	او
11	را
12	دنبال
13	کردند
14	.
0	رخش
1	دو
2	تا
3	از
4	آنها
5	را
6	با
7	لگد
8	کوبید
9	و
10	سر
11	یکی
12	را
13	از
14	تن
15	جدا
16	کرد
17	.
0	پس
1	آنها
2	با
3	کمند
4	گردن
5	او
6	را
7	به
8	بند
9	آوردند
10	و
11	به
12	شهر
13	بردند
14	وقتی
15	رستم
16	برخاست
17	و
18	رخش
19	را
20	ندید
21	غمگین
22	شد
23	و
24	پیاده
25	به
26	سوی
27	سمنگان
28	رفت
29	تا
30	مگر
31	نشانی
32	از
33	او
34	بیابد
35	وقتی
36	صبح
37	شد
38	بر
39	بازوی
40	رستم
41	مهره‌ای
42	قرار
43	داشت
44	که
45	آن
46	مهره
47	را
48	در
49	همه
50	جهان
51	می‌شناختند
52	.
0	آن
1	را
2	به
3	تهمینه
4	داد
5	و
6	گفت
7	اگر
8	دختردار
9	شدی
10	این
11	را
12	به
13	گیسوی
14	او
15	ببند
16	و
17	اگر
18	پسردار
19	شدی
20	آن
21	را
22	به
23	بازویش
24	ببند
25	و
26	سپس
27	از
28	او
29	خداحافظی
30	کرد
31	و
32	به
33	سوی
34	شاه
35	سمنگان
36	رفت
37	پس
38	او
39	مژده
40	داد
41	که
42	رخش
43	را
44	یافته است
45	.
0	رستم
1	سوار
2	رخش
3	شد
4	و
5	شاد
6	و
7	سرحال
8	به
9	سوی
10	ایران
11	و
12	از
13	آنجا
14	به
15	زا
16	بلستان
17	رفت
18	.
0	بعداز
1	گذشت
2	نه
3	ماه
4	تهمینه
5	پسری
6	به
7	دنیا
8	آورد
9	زیبارو
10	چون
11	رستم
12	که
13	نامش
14	را
15	سهراب
16	نهادند
17	.
0	وقتی
1	یک‌ماهه
2	شد
3	مانند
4	کودک
5	یکساله
6	بود
7	و
8	در
9	سه‌سالگی
10	به
11	میدان
12	قدم
13	نهاد
14	و
15	در
16	پنج‌سالگی
17	چون
18	شیرمردان
19	شده بود
20	و
21	در
22	ده‌سالگی
23	کسی
24	نمی‌توانست
25	با
26	او
27	نبرد
28	کند
29	.
0	روزی
1	نزد
2	مادر
3	رفت
4	و
5	گفت
6	پدر
7	من
8	کیست
9	؟
10	اگر
11	کسی
12	بپرسد
13	چه
14	پاسخ
15	دهم
16	؟
17	مادر
18	گفت
19	تو
20	پسر
21	پهلوان
22	پیل‌تن
23	رستم
24	هستی
25	و
26	از
27	نوادگان
28	سام
29	و
30	زال
31	می‌باشی
32	.
0	نامه‌ای
1	از
2	رستم
3	به
4	او
5	نشان
6	داد
7	با
8	سه
9	یاقوت
10	رخشان
11	و
12	سه
13	کیسه
14	زر
15	که
16	پدرش
17	زمانیکه
18	او
19	بدنیا
20	آمده بود
21	فرستاده بود
22	.
0	تهمینه
1	گفت
2	افراسیاب
3	نباید
4	در
5	این
6	مورد
7	چیزی
8	بداند
9	زیرا
10	او
11	دشمن
12	پدرت
13	است
14	و
15	اگر
16	هم
17	پدرت
18	بداند
19	که
20	تو
21	چنین
22	یلی
23	شده‌ای
24	تو
25	را
26	نزد
27	خودش
28	می‌برد
29	و
30	من
31	از
32	دوری
33	تو
34	ملول
35	می‌شوم
36	.
0	اما
1	سهراب
2	گفت
3	این
4	سخنی
5	نیست
6	که
7	آن
8	را
9	پنهان
10	کنم
11	و
12	تو
13	نباید
14	این
15	را
16	پنهان
17	می‌کردی
18	.
0	اکنون
1	من
2	از
3	ترکان
4	سپاهی
5	آماده
6	می‌کنم
7	و
8	به
9	ایران
10	می
11	روم
12	و
13	کاووس
14	را
15	از
16	تخت
17	به
18	زیر
19	میاورم
20	و
21	طوس
22	و
23	گرگین
24	و
25	گودرز
26	و
27	گیو
28	و
29	گستهم
30	و
31	نوذر
32	و
33	بهرام
34	را
35	نابود
36	می‌کنم
37	و
38	بعد
39	رستم
40	را
41	به
42	جای
43	کاووس
44	می‌نشانم
45	سپس
46	به
47	توران
48	رفته
49	و
50	افراسیاب
51	را
52	به
53	زیر
54	می‌کشم
55	و
56	تو
57	را
58	بانوی
59	شهر
60	ایران
61	می‌کنم
62	.
0	سپس
1	خواست
2	اسبی
3	پیدا
4	کند
5	که
6	تهمینه
7	به
8	چوپان
9	گفت
10	هرچه
11	اسب
12	هست
13	بیار
14	تا
15	او
16	انتخاب
17	کند
18	.
0	اما
1	هر
2	اسبی
3	می‌آوردند
4	تاب
5	تحمل
6	دست
7	سهراب
8	را
9	هم
10	نداشت
11	یکی
12	از
13	دلیران
14	آمد
15	و
16	گفت
17	من
18	کره‌ای
19	از
20	نژاد
21	رخش
22	دارم
23	.
0	سهراب
1	شاد
2	شد
3	و
4	آن
5	اسب
6	را
7	آزمایش
8	کرد
9	و
10	انتخاب
11	نمود
12	.
0	سپس
1	نزد
2	شاه
3	سمنگان
4	رفت
5	و
6	از
7	او
8	کمک
9	خواست
10	و
11	او
12	نیز
13	هرچه
14	خواست
15	به
16	او
17	داد
18	و
19	مجهز
20	روانه‌اش
21	کرد
22	علی
23	را
24	دیدم
25	که
26	در
27	حال
28	بازی
29	کردن
30	بود
31	و
32	ناگهان
33	سرش
34	به
35	میزی
36	که
37	تازه
38	خریده بودند
39	خورد
40	و
41	پدرش
42	که
43	تازه
44	از
45	سرکار
46	آمده بود
47	او
48	را
49	به
50	بیمارستانی
51	که
52	نزدیک
53	خانه‌ی
54	مادر
55	بزرگش
56	که
57	تازه
58	از
59	دنیا
60	رفته بود
61	برد
