0	به
1	نام
2	خدا
3	روزی
4	روزگاری
5	سگ
6	سنگی
7	را
8	بلند
9	کرد
10	و
11	با
12	پوزه
13	خود
14	به
15	این
16	ور
17	و
18	آن
19	ور
20	پرتاب
21	می‌کرد
22	من
23	که
24	زنم
25	در
26	کنار
27	م
28	ایستادﺓ
29	بود
30	و
31	گزی
32	در
33	دستم
34	بود
35	بت
36	سگ
37	زنگین
38	رنگ
39	آشت
40	را
41	تعارف
42	کردم
43	او
44	که
45	از
46	این
47	کار
48	آتشین
49	شده بود
50	بﺓ
51	ﺓمه‌ی
52	کاخ
53	نشینان
54	فریاد
55	برد
56	و
57	خودش
58	را
59	پاک
60	کرد
61	و
62	هوایی
63	شده
64	و
65	به
66	دشت
67	آﺓوان
68	زد
69	.
0	پتو
1	دور
2	او
3	نبود
4	و
5	توپش
6	را
7	در
8	دستم
9	داشتم
10	از
11	شتر
12	شهرری
13	راحت
14	شده بودم
15	و
16	ریش
17	گذاشته بودم
18	شیری
19	شیرین
20	و
21	دلپذیر
22	درمقابل
23	آن
24	شیر
25	قرار
26	داشت
27	اما
28	فک‌های
29	دریایی
30	شک
31	کردﺓ
32	بودند
33	.
0	کفی
1	کفش
2	من
3	تم
4	کاشف
5	اکتشافات
6	یک
7	کشف
8	بزرگ
9	که
10	درسر
11	و
12	رخ
13	و
14	سینه
15	و
16	غیره‌ی
17	سرخ
18	منبه
19	کرات
20	نمایان
21	بود
22	.
0	خرسی
1	بدذات
2	به
3	دل
4	آب
5	زد
6	و
7	.
0	.
0	.
0	با
1	باد
2	ﺓمراﺓ
3	شد
4	!
0	.
0	.
0	ادبیاتکه
1	تا
2	ابد
3	چین‌دار
4	و
5	استاد
6	حفظ
7	و
8	حافظه
9	منافع
10	مورد
11	حفاظت
12	دانشجو
13	است
14	،
15	پریان
16	پیرین
17	همکه
18	پنیر
19	را
20	برداشته
21	و
22	شناکنان
23	با
24	آشنایی
25	به
26	مزه
27	،
28	آن
29	را
30	لیمو
31	زدند
32	.
0	آنها
1	میل
2	به‌لیمو
3	نداشتند
4	اما
5	سایه
6	ﺓای
7	سیاﺓین
8	بازآمدﺓ
9	و
10	بازی
11	زیبایی
12	رابین
13	آنان
14	و
15	آدمآن
16	بﺓ
17	راﺓ
18	انداخته بودند
19	و
20	دما
21	بالا
22	رفته بود
23	:
24	دام‌ها
25	دیگر
26	تاب
27	این
28	را
29	نداشتند
30	.
0	نبات
1	و
2	برنج
3	و
4	.
0	.
0	.
0	.
0	.
0	.
0	.
0	را
1	به
2	برج
3	بردم
4	مشک
5	ِ
6	مشکین
7	را
8	پر
9	از
10	آبی
11	کردم
12	تا
13	شکمش
14	را
15	مانند
16	تشت
17	پر
18	کنم
19	اما
20	شوش
21	تشکش
22	خیس
23	شد
24	.
0	تمشک
1	ﺓارمز
2	رزمندگی
3	در
4	مرزﺓای
5	ترمز
6	بریدن
7	یاران
8	دربرابر
9	کلم
10	برای
11	کلمن
12	است
13	.
0	ملکی
1	کت
2	برای
3	ملکﺓهههها
4	آماده
5	شده بود
6	اما
7	ملکه‌ها
8	در
9	آن
10	نرفتند
11	اگر
12	پاکان
13	هنر
14	خود
15	را
16	در
17	پاکت‌شان
18	قرار
19	داده
20	و
21	هنری
22	از
23	خود
24	نشان
25	دهند
26	در
27	قرون
28	وسطا
29	شهرهای
30	یزد
31	نقرﺓ
32	و
33	سیمین
34	و
35	زرین
36	بافتﺓ
37	تارا
38	می‌یابند
39	.
0	کاه
1	که
2	از
3	آه‌های
4	به
5	هم
6	پیوستﺓ
7	بﺓ
8	وجود
9	آمده
10	ارزش
11	کاهو
12	ندارد
13	و
14	ما
15	به
16	صدمین
17	لغت
18	از
19	کلمه‌ها
20	و
21	لغات
22	رسیدیم
23	!
0	!
0	و
1	تا
2	۱۰۰۰
3	هابار
4	رفتیم
5	؟
6	!
0	پیرا
1	تنش
2	را
3	با
4	دارچین
5	در
6	کابینت
7	کﺓ
8	جنگندﺔ
9	پسرش
10	که
11	در
12	شومینﺔ
13	افتاده بود
14	آنجا
15	بودگذار
16	یده
17	و
18	باخمپاره
19	نمکدان
20	را
21	برداشت
22	.
0	صبحانهبا
1	سلیمان
2	و
3	سیمان
4	باقلوا
5	بود
6	.
0	شمعدان
1	گردگیری
2	شهریور
3	سرزمینی
4	بی
5	نگهبان
6	استآیا
7	تو
8	شلوارکشی
9	که
10	سیاهرگ
11	می‌بری
12	؟
13	کهنسالی
14	بلندگو
15	را
16	برداشت
17	.
0	.
0	.
0	.
0	.
0	گلوبند
1	را
2	دست
3	و
4	مهتابی
5	را
6	.
0	برد
1	و
2	سر
3	گاومیش
4	زدآن
5	پسر
6	بدهی
7	بار
8	می‌آورد
9	.
0	پسرک
1	هوشیار
2	را
3	می‌سنجید
4	سوزن‌بان
5	قصه
6	بادمجان
7	را
8	با
9	دم
10	جانممقایسه
11	کرد
12	.
0	صندوقچه
1	را
2	درآورد
3	صندوقچه
4	کاری
5	انجام
6	می‌دهد
7	؟
8	ماهیگیر
9	دیگر
10	گیرهای
11	نداشت
12	و
13	فرنی
14	خود
15	را
16	حروفچین
17	کرد
18	.
0	روزی
1	اختاپوست
2	خم
3	کرد
4	.
0	جالباسی
1	هنرپیشه
2	دو
3	عنوان
4	؟
5	!
0	که
1	دربست
2	به
3	آزادی
4	می‌روند
5	.
0	با
1	انبر
2	دستش
3	زخمی
4	شد
5	پنجشنبﺔ
6	روز
7	فرماندﺔان
8	در
9	خاوران
10	با
11	دوکان
12	و
13	کتان‌و‌شال
14	گردن
15	است
16	.
0	شالیزار
1	پر
2	از
3	بلدرچین
4	ﺔای
5	کماندار
6	دانمارک
7	که
8	آمده بودند
9	شده بود
10	کﺔ
11	چلوکباب
12	شد
13	و
14	من
15	بﺔ
16	ستوان
17	نگفتم
18	.
0	استوا
1	نت
2	شکل
3	بیضی
4	دارد
5	دد
6	.
0	.
0	رفسنجان
1	در
2	فسنجان
3	فقط
4	یک
5	را
6	کم
7	دارد
8	.
0	مخابره
1	و
2	مخابرات
3	شنوایی
4	و
5	روشنایی
6	در
7	شیروانی
8	از
9	من
10	می‌گیرند
11	اردوگاه
12	درگاهی
13	بر
14	برای
15	کارنامه
16	ارزان
17	رایانه
18	است
19	به
20	قبرستان
21	پیشنهاد
22	ثروتمند
23	سرخ‌پوست
24	سرسخت
25	کلاه‌خود
26	خود
27	را
28	در
29	داشبورد
30	گارانتی
31	کرد
32	این
33	سنگاپور
34	علیست
35	چون
36	او
37	همیشه‌ام
38	.
0	ار
1	.
0	ای‌اش
1	را
2	در
3	بیمارستان
4	اغول
5	.
0	باغول
1	.
0	دیغ
1	از
2	۱۰
3	.
0	۵
1	سال
2	پیش
3	تابه‌حال
4	که
5	شده
6	۱۲
7	ونیم
8	سال
9	می‌گیرد
10	.
0	.
0	قلم‌کاری
1	برای
2	قطعنامه
3	مثل
4	بادبزن
5	برای
6	بندباز
7	هخامنشی
8	و
9	هر
10	دو
11	همانند
12	است
13	.
0	ورزشکار
1	آرام‌بخش
2	بسکتبال
3	و
4	بسکتکار
5	پیشکسوت
6	می‌گراید
7	.
0	سیلندر
1	آن
2	کار
3	می‌کند
4	.
0	بندباز
1	منشی
2	عجیب
3	داشت
4	.
0	اینجانب
1	امیدوارم
2	خنده
3	بور
4	شده باشیم
5	نه
6	خنده
7	بر
8	یا
9	خندهبر
10	یا
11	خنده‌بر
12	یا
13	هر
14	کدام
15	.
0	از
1	آن‌جا
2	آنجا
3	برای
4	ﺓمه‌ی
5	ما
6	مشخص
7	است
8	در
9	این
10	جملات
11	نیز
12	مانند
13	استاندارد
14	نباید
15	استاندارد
16	و
17	استان‌دارد
18	اشتباه
19	بنویسیمم
20	.
0	همچنین
1	نباید
2	هم‌چنین
3	کرد
4	کﺓ
5	کلمات‌مانند‌این‌قسمت‌اینطور‌پشت‌به‌پشت‌هم‌باشد
6	.
0	باتمام
1	این
2	تفاسیر
3	؟
4	!
0	قلط
1	املایی
2	هم
3	خود
4	عجیب
5	قریب
6	شده است
7	!
0	.
0	در
1	این
2	متن
3	غلط
4	املایی
5	هم
6	هست
7	.
0	نمید
1	ونیم
2	چرا
3	؟
4	.
0	!
0	در
1	این
2	متن
3	ه‌ها
4	و
5	ک‌ها
6	و‌ی‌ها
7	در
8	مدل‌های
9	مختلف
10	به
11	در
12	واحد
13	بررسی
14	به
15	اختصاری
16	.
0	ک
1	.
0	ه
1	حضور
2	دارند
3	.
0	در
1	این
2	متن
3	اسپیس
4	و
5	فاصله
6	أصلا
7	خراب‌هستند
8	به
9	دفعات
10	.
0	در
1	این
2	متن
3	نقطه
4	یعنی
5	همین
6	.
0	أصلا
1	معلوم
2	نیست
3	چه
4	چیزی
5	می‌گوید
6	در
7	این
8	متن
9	علایم
10	و
11	علائم
12	نگارشی
13	معنا
14	ندارد
15	.
0	حال
1	برای
2	بررسی
3	کلمات
4	دیگر
5	به
6	چند
7	نمونه
8	از
9	سری
10	عبارات
11	دیگگگر
12	روی
13	می‌آوریم
14	که
15	تاریخ
16	دارند
17	!
0	؛
1	من
2	و
3	دوستم
4	در
5	تاریخ
6	۱۲
7	.
0	۳
1	.
0	۹۷
1	یا
2	شاید
3	۹۷
4	.
0	۱۲
1	.
0	۳
1	که
2	در
3	یاد
4	ندارم
5	به
6	یک
7	مغازه
8	رفتیم
9	که
10	۱۲
11	.
0	۵
1	بشقاب
2	بخریم
3	.
0	دوستم
1	در
2	همان
3	وضعیت
4	در
5	۱۲
6	/
7	۵
8	/
9	۱۳۹۷
10	باز
11	به
12	مغازه
13	مذکور
14	مراجعه
15	کرد
16	!
0	!
0	!
0	!
0	!
0	!
0	!
0	به
1	دوست
2	خود
3	گفتم
4	چرا
5	۱۳۹۷
6	/
7	۵
8	/
9	۱۲
10	نرفتی
11	که
12	گفت
13	به
14	تو
15	چه
16	!
0	!
0	!
0	!
0	!
0	؟
1	من
2	هم
3	که
4	ناراحت
5	بودم
6	در
7	حساب
8	بانکی‌ام
9	به
10	شماره
11	۴۳۵
12	،
13	۲۳
14	،
15	۲۴۲۳۴۲۵
16	۱۲
17	،
18	۱۲۳۱۴
19	،
20	۱۲۳۱۲
21	تومان
22	پول
23	ریختم
24	بعد
25	رفتم
26	و
27	۱۲۳
28	.
0	۱۲۳
1	.
0	۲۳۵
1	.
0	۳۴۵
1	.
0	۳۴۵
1	را
2	که
3	بهبود
4	به
5	دلار
6	کردم
7	شد
8	۲
9	‌$
10	و
11	از
12	تعجب
13	بی‌هوش
14	شدم
15	!
0	در
1	همین
2	حین
3	فکر
4	کردم
5	شاید
6	بهتر
7	بود
8	و
9	۱۲۳
10	،
11	۱۲۳
12	،
13	۲۳۵
14	،
15	۳۴۵
16	،
17	۳۴۵
18	تومان
19	را
20	آدامس
21	می‌خریدم
22	!
0	اما
1	متوجه
2	شدم
3	بهترین
4	کار
5	آنست
6	که
7	و
8	۱۲۳
9	/
10	۱۲۳
11	/
12	۲۳۵
13	/
14	۳۴۵
15	/
16	۳۴۵
17	را
18	به
19	دوست
20	دیگرم
21	که
22	۱۲۳
23	/
24	۱۲۳
25	/
26	۲۳۵
27	/
28	۳۴۵
29	/
30	۳۴۵
31	﷼
32	می‌میخواهد بدهم
33	و
34	همین
35	شد
36	که
37	برگشتم
38	و
39	دلار
40	خود
41	را
42	ریال
43	کردم
44	اما
45	باز
46	به
47	من
48	۲
49	.
0	۵
1	میلیون
2	دادند
3	و
4	بقیه
5	را
6	با
7	کلاهم
8	برداشتند
9	و
10	بردند
11	!
0	حالا
1	من
2	با
3	۲
4	،
5	۵
6	میلیون
7	که
8	می‌شود
9	۰
10	/
11	۲۵
12	یا
13	۲۵
14	/
15	۰
16	میلیون
17	تومان
18	دیگر
19	کاری
20	نمی‌توانم
21	انجام
22	بدهم
23	.
0	به
1	خانه
2	رفتم
3	و
4	دومینو
5	را
6	برداشتم
7	در
8	آشپزخانه
9	تاس
10	کباب
11	را
12	با
13	زخم‌زبان
14	و
15	سیرابی
16	درست
17	کردم
18	.
0	باوجود
1	چين‌و‌چروك
2	بسیار
3	فیلم
4	ماتریکس
5	را
6	که
7	موجوداتی
8	عجیب
9	در
10	آن
11	بودند
12	گذاشتم
13	و
14	مشغول
15	دیدن
16	هفتیر
17	کش‌ها
18	شدم
19	روی
20	گاز
21	چای
22	گل‌گاوزبان
23	دم
24	کرده بود
25	.
0	و
1	روی
2	میز
3	شیرتوشیر
4	و
5	پر
6	از
7	خیار
8	مجلسی
9	و
10	در
11	کنار
12	موز
13	مار
14	قرار
15	داشت
16	.
0	سررسید
1	بدهکاری‌هایم
2	از
3	بیکاری
4	زیاد
5	و
6	رودربایستی
7	با
8	کسانی
9	که
10	به
11	آنها
12	پول
13	قرض
14	داده بودم
15	سر
16	رسیده بود
17	.
0	برای
1	خود
2	که
3	از
4	گذشته
5	قبری
6	کنده
7	بودم
8	اما
9	در
10	آن
11	گور
12	خری
13	خوابیده بود
14	.
0	پیتزا
1	را
2	خریدم
3	و
4	رویان
5	سس
6	خردل
7	بر
8	رویش
9	نون
10	کنجدی
11	جا
12	خوش
13	کرده بود
14	.
0	شروع
1	به
2	درست
3	کردن
4	کاردستی‌های
5	عجیب
6	کردم
7	.
0	کتاب
1	حیدربابا
2	در
3	کتابخانه
4	خاک
5	گرفته بود
6	،
7	،
8	آخرین
9	بار
10	آن
11	را
12	از
13	یک
14	آب‌زیرکاه
15	لیمو
16	زین
17	سوار
18	گرفتم
19	.
0	بعضی
1	می‌گویند
2	در
3	ماهشهر
4	پرچین
5	و
6	چهارچوب
7	وجود
8	ندارد
9	و
10	برخی
11	دنبال
12	ستاره
13	دنباله‌دار
14	دربه‌در
15	شدند
16	و
17	لی
18	من
19	شنیدم
20	«
21	دود
22	از
23	کنده
24	بلند
25	میشه
26	»
27	(
28	عجیب‌به‌نظر
29	می‌آید
30	)
31	.
0	راستی
1	برای
2	ارقام
3	عربی
4	دقت
5	کنید
6	که
7	به
8	قسمت
9	تنظیمات
10	ورد
11	بروید
12	.
0	برای
1	این
2	کار
3	:
4	در
5	ورد
6	۲۰۱۰
7	:
8	روی
9	نوار
10	File
11	کلیک
12	کنید
13	،
14	و
15	از
16	منوی
17	سمت
18	چپ
19	،
20	را
21	انتخاب
22	کنید
23	.
0	در
1	ورد
2	۲۰۰۷
3	:
4	روی
5	آیکون
6	گرد
7	آفیس
8	در
9	سمت
10	بالا
11	-
12	چپ
13	کلیک
14	کنید
15	و
16	از
17	منوی
18	باز
19	شده
20	،
21	از
22	پایین
23	منو
24	،
25	دکمه‌ی
26	را
27	انتخاب
28	کنید
29	.
0	در
1	ورد
2	۲۰۰۳
3	:
4	از
5	منوی
6	بالا
7	را
8	انتخاب
9	کنید
10	.
0	اینم
1	که
2	اینجا
3	می‌بینی
4	یه
5	سری
6	از
7	نمونه
8	اعدا
9	ده
10	که
11	من
12	براتون
13	گذاشتم
14	حالشو
15	ببرین
16	هورااااا
17	*
18	٠
19	0
20	١
21	1
22	٢
23	2
24	٣
25	3
26	٤
27	3
28	4
29	٥
30	5
31	٦
32	6
33	٧
34	3
35	7
36	٨
37	8
38	٩
39	3
40	9
41	١٠
42	3
43	10
