0	ما
1	قادر
2	به
3	ارائه‌ی
4	پاسخی
5	مطمئن
6	نیستیم
7	.
0	فهرست
1	خصوصیاتی
2	که
3	حوزه‌ی
4	رده‌بندی
5	گیاهان
6	را
7	از
8	سایر
9	حوزه‌های
10	زیست‌شناسی
11	جدا
12	می‌کند
13	حداقل
14	یک
15	تعریف
16	فنی
17	ارائه
18	می‌کند
19	اما
20	این
21	تعریف
22	موردپسند
23	همگان
24	قرار
25	نمی‌گیرد
26	؛
27	بنابراین
28	تعریف
29	اصطلاح
30	گیاه
31	همیشه
32	به
33	معنی
34	بیشتر
35	موجودات
36	زنده
37	طبقه‌بندی‌شده
38	در
39	محدوده‌ی
40	رده‌بندی
41	گیاهان
42	می‌باشد
43	.
0	مثلاً
1	«
2	اگر
3	جلبک‌های
4	سبز
5	به
6	وضوح
7	گیاهانی
8	جزو
9	رده‌بندی
10	گیاهان
11	هستند
12	،
13	پس
14	بیشتر
15	مردم
16	اکثر
17	خزه‌های
18	دریایی
19	را
20	هم
21	که
22	جزئی
23	از
24	(
25	حوزه
26	آغازیان
27	)
28	هستند
29	،
30	جزو
31	جلبک‌های
32	سبز
33	در
34	نظر
35	می‌گیرند
36	.
0	مشکل
1	عدم
2	وجود
3	دقت
4	یا
5	توافق
6	که
7	در
8	تعریف
9	گیاه
10	وجود
11	دارد
12	یکی
13	از
14	گفته‌های
15	مورد
16	تفاهم
17	است
18	که
19	اغلب
20	در
21	مقالات
22	با
23	آن
24	مواجه
25	می‌شوند
26	.
0	خاصیت
1	ذره‌ای
2	و
3	موجی
4	نور
5	که
6	یک
7	پدیده‌ی
8	فیزیکی
9	الکترومغناطیسی
10	است
11	و
12	در
13	نتیجه‌ی
14	برخورد
15	نور
16	به
17	سطح
18	اشیاء
19	و
20	بازتاب
21	ویژه‌ی
22	طول
23	موجی
24	این
25	تابش
26	نور
27	و
28	شدت
29	آن
30	،
31	توسط
32	چشم
33	احساس
34	و
35	پردازش‌شده
36	،
37	و
38	به
39	عنوان
40	مفهوم
41	رنگ
42	آن
43	در
44	ذهن
45	شناخته می‌شود
46	.
0	تجزیه‌ی
1	نور
2	سفید
3	توسط
4	یک
5	منشور
6	نیز
7	یک
8	خاصیت
9	فیزیکی
10	است
11	که
12	با
13	این
14	عمل
15	هفت‌رنگ
16	طیف
17	بدست
18	می‌آید
19	:
20	شامل
21	بنفش
22	،
23	نیلی
24	،
25	آبی
26	،
27	سبز
28	،
29	زرد
30	،
31	نارنجی
32	و
33	قرمز
34	است
35	؛
36	بنابراین
37	رنگ‌ها
38	ناشی
39	از
40	امواج
41	نور
42	هستند
43	و
44	چشم
45	انسان
46	قادر
47	است
48	رنگ‌هایی
49	را
50	که
51	طول‌موج
52	آن‌ها
53	بین
54	۴۰۰
55	تا
56	۷۰۰
57	میلی
58	میکرون
59	است
60	ببیند
61	.
0	(
1	میلی
2	میکرون
3	واحدی
4	است
5	برای
6	اندازه‌گیری
7	امواج
8	که
9	معادل
10	یک
11	میلیونوم
12	میلی‌متر
13	است
14	)
15	.
0	در
1	قرن
2	هفدهم
3	میلادی
4	نیوتن
5	موفق
6	شد
7	با
8	تجزیه
9	نور
10	سفید
11	طیف
12	رنگ‌ها
13	را
14	به
15	دست
16	آورد
17	.
0	او
1	کشف
2	نمود
3	که
4	نور
5	سفید
6	شامل
7	انواع
8	اشعه
9	است
10	که
11	هرگاه
12	به‌طور
13	جداگانه‌ای
14	با
15	شبکه‌ی
16	چشم
17	انسان
18	برخورد
19	کند
20	احساس
21	یکرنگ
22	مجزا
23	را
24	به
25	وجود
26	خواهد آورد
27	و
28	اختلاط
29	این
30	اشعه‌ها
31	برروی
32	شبکه‌ی
33	چشم
34	،
35	رنگ
36	سفید
37	را
38	محسوس
39	می‌سازد
40	.
0	درباره‌ی
1	واژه‌ی
2	تاریخ
3	و
4	منشأ
5	آن
6	،
7	گزارش‌های
8	مختلف
9	و
10	گوناگونی
11	وجود
12	دارد
13	.
0	برخی
1	ریشه‌ی
2	واژه‌ی
3	تاریخ
4	را
5	در
6	زبان
7	فارسی
8	و
9	مفهوم
10	«
11	ماه
12	روز
13	»
14	جستجو
15	نموده‌اند
16	.
0	واژه‌ی
1	)
2	ماه
3	روز
4	»
5	در
6	ایران
7	باستان
8	به
9	معنای
10	«
11	تعیین
12	روزی‌که
13	در
14	آن
15	امری
16	مشهور
17	بین
18	ملت
19	یا
20	دولتی
21	آشکارشده
22	یا
23	آنکه
24	در
25	آن
26	روز
27	واقعه‌ی
28	ترسناکی
29	چون
30	زلزله
31	یا
32	طوفان
33	حادث
34	گردیده است
35	.
0	»
1	بنابراین
2	آنچه
3	در
4	این
5	مفهوم
6	دارای
7	حضور
8	و
9	نمود
10	بیش‌تری
11	بوده
12	،
13	توجه
14	به
15	رخدادها
16	و
17	حوادث
18	در
19	قالب
20	مکانی
21	و
22	زمانی
23	است
24	.
0	در
1	برخی
2	از
3	گزارش‌ها
4	آمده‌است
5	که
6	چون
7	عمر
8	بن
9	خطاب
10	در
11	تعیین
12	مبدأ
13	محاسبه‌ی
14	زمان
15	دچار
16	مشکل
17	شد
18	،
19	به
20	پیشنهاد
21	هرمز
22	ان
23	(
24	از
25	موالی
26	ایرانی
27	ساکن
28	در
29	مدینه
30	)
31	از
32	تعریب
33	ترکیب
34	فارسی
35	«
36	ماه
37	روز
38	»
39	،
40	واژه‌ی
41	«
42	مورَّخ
43	»
44	را
45	ساختند
46	و
47	مصدرش
48	را
49	«
50	تاریخ
51	»
52	قرار
53	دادند
54	.
0	درخصوص
1	تعریب
2	و
3	معرب
4	بودن
5	واژه‌ی
6	تاریخ
7	باید
8	توجه
9	داشت
10	که
11	کم‌ترین
12	شباهت
13	آوایی
14	و
15	قرابت
16	واکه‌ای
17	یا
18	هم‌آهنگی
19	واکه‌ای
20	،
21	تشابه
22	صرفی
23	یا
24	تکواژی
25	بین
26	«
27	ماه
28	روز
29	»
30	و
31	«
32	تاریخ
33	»
34	وجود
35	ندارد
36	و
37	به
38	همین
39	دلیل
40	،
41	آن
42	را
43	تعرب
44	غریبی
45	می‌دانند
46	.
0	امواج
1	موجود
2	در
3	فضا
4	توسط
5	آنتن
6	موبایل
7	دریافت‌شده
8	و
9	وارد
10	قطعه‌ای
11	به
12	نام
13	آنتن
14	سوییچ
15	می‌شوند
16	.
0	آنتن
1	سوییچ
2	وظیفه
3	تعیین
4	حالت
5	فرستندگی
6	یا
7	گیرندگی
8	آنتن
9	را
10	به
11	عهده
12	دارد
13	.
0	بسته
1	به
2	اینکه
3	موبایل
4	سازگار
5	با
6	چند
7	باند
8	GSM
9	باشد
10	،
11	تعداد
12	پایه‌های
13	آنتن
14	سوییچ
15	متفاوت
16	خواهد بود
17	.
0	آنتن
1	سوییچ
2	برای
3	هر
4	باند
5	GSM
6	،
7	آنتن
8	را
9	به
10	یک
11	خروجی
12	به
13	نام
14	RX
15	و
16	یک
17	ورودی
18	به
19	نام
20	TX
21	وصل
22	می‌کند
23	.
0	درحقیقت
1	آنتن
2	سوییچ
3	مانند
4	یک
5	کلید
6	است
7	که
8	با
9	فرمان‌هایی
10	آنتن
11	را
12	مرتباً
13	به
14	خط
15	RX
16	یا
17	به
18	TX
19	متصل
20	می‌کند
21	.
0	در
1	بلوکی
2	که
3	مشاهده
4	کردید
5	،
6	موبایل
7	قابلیت
8	کار
9	با
10	دو
11	باند
12	GSM
13	900
14	و
15	GSM
16	1800
17	را
18	دارد
19	؛
20	بنابراین
21	آنتن
22	سوییچ
23	دو
24	خروجی
25	RX
26	و
27	دو
28	ورودی
29	TX
30	خواهند داشت
31	که
32	در
33	شبکه‌های
34	تلفن
35	ایران
36	از
37	آنجایی
38	که
39	GSM
40	900
41	است
42	خط
43	RX
44	و
45	TX
46	باند
47	۱۸۰۰
48	بدون
49	استفاده
50	خواهد بود
51	.
0	آنتن
1	سوییچ
2	یکی
3	از
4	قطعات
5	حساس
6	برد
7	موبایل
8	است
9	و
10	خرابی
11	در
12	آن
13	باعث
14	به
15	وجود
16	آمدن
17	عیوبی
18	ازقبیل
19	پرش
20	آنتن
21	یا
22	نداشتن
23	دریافت
24	یا
25	ارسال
26	خواهد شد
27	.
0	درمورد
1	سلف
2	و
3	خازن
4	قبل‌از
5	اتصال
6	آنتن
7	به
8	آنتن
9	سوییچ
10	نیز
11	از
12	آنجایی
13	که
14	امپدانس
15	خروجی
16	آنتن
17	بسیار
18	کم
19	است
20	و
21	از
22	طرفی
23	امپدانس
24	ورودی
25	آنتن
26	زیاد
27	است
28	،
29	باید
30	قبل‌از
31	اتصال
32	این
33	دو
34	،
35	عمل
36	تطبیق
37	امپدانس
38	توسط
39	قطعه‌ای
40	انجام
41	شود
42	.
0	معمولاً
1	در
2	مدارات
3	،
4	قسمت
5	آنتن
6	موبایل
7	از
8	یک
9	سلف
10	که
11	به
12	صورت
13	موازی
14	بین
15	آنتن
16	و
17	زمین
18	بسته می‌شود
19	استفاده
20	تشکیل
21	می‌شود
22	.
0	این
1	سلف
2	می‌تواند
3	باعث
4	عمل
5	تطبیق
6	امپدانس
7	بین
8	آنتن
9	و
10	آنتن
11	سوییچ
12	شده
13	و
14	مانع
15	از
16	هدایت
17	جریان
18	DC
19	بین
20	این
21	دو
22	واحد
23	گردد
24	تا
25	این
26	دو
27	واحد
28	اثر
29	منفی
30	در
31	عملکرد
32	یکدیگر
33	نداشته باشند
34	.
0	وظیفه
1	فیلتر
2	SAW
3	حذف
4	فرکانس‌های
5	کانال
6	همسایه
7	و
8	فرکانس‌های
9	مزاحم
10	است
11	.
0	خط
1	خروجی
2	RX
3	از
4	آنتن
5	سوئیچ
6	وارد
7	SAW
8	شده
9	و
10	بعداز
11	آن
12	فرکانس‌های
13	مزاحم
14	حذف
15	می‌شود
16	و
17	فقط
18	فرکانس‌های
19	باند
20	GSM
21	در
22	خروجی
23	آن
24	دیده می‌شود
25	.
0	SAW
1	هما
2	ن‌گونه
3	که
4	فرکانس‌های
5	مزاحم
6	را
7	حذف
8	می‌کند
9	،
10	فرکانس‌های
11	اصلی
12	GSM
13	را
14	هم
15	خیلی
16	ضعیف
17	می‌کند
18	.
0	برای
1	تقویت
2	سیگنال‌های
3	دریافتی
4	GSM
5	بعداز
6	SAW
7	از
8	یک
9	تقویت‌کننده
10	به
11	نام
12	LNA
13	استفاده
14	می‌شود
15	.
0	قلب
1	در
2	لغت
3	به
4	معنی
5	دگرگونی
6	است
7	قلب
8	ازلحاظ
9	علمی
10	اندامی
11	است
12	که
13	در
14	مرکز
15	قفسه‌ی
16	سینه
17	(
18	متمایل
19	به
20	سمت
21	چپ
22	)
23	واقع
24	شده است
25	،
26	و
27	وزن
28	آن
29	۳۰۰
30	گرم
31	است
32	و
33	خون
34	را
35	پمپاژ
36	می‌کند
37	نام
38	این
39	عضو
40	به
41	علت
42	اینکه
43	باعث
44	دگرگونی
45	خون
46	و
47	تبدیل
48	خون
49	کثیف
50	به
51	خون
52	تمیز
53	می‌شود
54	قلب
55	نام‌گذاری
56	شده است
57	در
58	دگرگون
59	کردن
60	خون
61	،
62	قلب
63	مانند
64	یک
65	تلمبه
66	عمل
67	می‌کند
68	ایا
69	دی‌ان‌ای
70	فرق
71	موجودات
72	زنده
73	با
74	غیرزنده
75	است
76	؟
77	آیا
78	ساختاری
79	هوشمند
80	(
81	وجود
82	نظم
83	بین
84	سلول‌ها
85	و
86	اجزای
87	مختلف
88	)
89	،
90	موجود
91	زنده
92	را
93	تشکیل
94	می‌دهد
95	!
0	؟
1	که
2	البته
3	سلول‌های
4	سرطانی
5	این
6	موضوع
7	را
8	رد
9	می‌کنند
10	زیرا
11	درمقابل
12	از
13	بین
14	رفتنشان
15	مقاومت
16	می‌کنند
17	و
18	مانع
19	از
20	درستکار
21	کرد
22	بدن
23	می‌شوند
24	(
25	سلول‌ها
26	بعداز
27	پایان
28	عمر
29	،
30	باید
31	با
32	سلول‌هایی
33	جدید
34	جایگزین
35	شوند
36	)
37	.
0	به
1	زبانی
2	دیگر
3	سلول‌های
4	یک
5	فرد
6	سرطانی
7	نا
8	میرا
9	شده
10	و
11	درمقابل
12	مرگ
13	خود
14	و
15	فرمان
16	طبیعی
17	بدن
18	مقاومت
19	می‌کنند
20	ولی
21	فرد
22	سرطانی
23	فردی
24	زنده
25	است
26	بااینکه
27	برخی
28	از
29	اعضای
30	بدنش
31	درستکار
32	نمی‌کند
33	.
0	زندگی
1	ممکن
2	است
3	به
4	خاطر
5	سلول‌های
6	عصبی
7	و
8	مغزی
9	باشد
10	که
11	درطول
12	زندگی
13	جایگزین
14	نمی‌شوند
15	و
16	فقط
17	رشد
18	می‌کنند
19	و
20	می‌دانیم
21	که
22	اگر
23	فردی
24	اعضای
25	بدنش
26	را
27	اهدا
28	کند
29	خودش
30	باقی
31	می‌ماند
32	و
33	از
34	خودش
35	کم
36	نمی‌شود
37	ولی
38	کسی
39	نمی‌تواند
40	مغزش
41	را
42	عوض
43	کند
44	.
0	به
1	تعریفی
2	دیگر
3	حیات
4	نحوه‌ی
5	خاص
6	از
7	هستی
8	است
9	که
10	مبدأ
11	ظهور
12	علم
13	و
14	قدرت
15	شده
16	و
17	عامل
18	هماهنگ‌کننده
19	«
20	اندیشه
21	علمی
22	»
23	و
24	«
25	انگیزه
26	عملی
27	»
28	است
29	،
30	به
31	طوری
32	که
33	اندیشه
34	علمی
35	بر
36	انگیزه
37	عملی
38	اشراف
39	و
40	نظارت
41	داشته
42	و
43	انگیزه
44	عملی
45	تحت
46	هدایت
47	اندیشه
48	علمی
49	،
50	به
51	صورت
52	کوشش
53	عینی
54	ظهور
55	یابد
56	.
