0	تیم	تیم|تی|تی	تیم	تیم|تی + م|تی + م	N1|N1+O|N1+V	اسم|اسم + ضمیر ملکی اول شخص مفرد|اسم + فعل اول شخص مفرد	
1	ایران	ایران	ایران	ایران	N2	اسم خاص مکان	
2	با	با	با	با	Pr	حرف اضافه	
3	پنج	پنج	پنج	پنج	O	عدد حرفی	
4	سانداکا‌ر	سانداکا ر	سانداکا‌ر	سانداکا ر	O	_
5	مرد	مرد|مرد	مرد	مرد|مرد	N1|V+O	اسم|فعل ماضی ساده+سوم شخص مفرد	
6	و	و|و|و	و	و|و|و	C0|Al|Ab	حرف ربط|حروف الفبا|اختصارات	
7	سه	سه	سه	سه	O	عدد حرفی	
8	زن	زن|زن	زن	زن|زن	V|N1	فعل امر مثبت|اسم	
9	در	در|در|در|در|در	در	در|در|در|در|در	Pr|V|N1|N1|VPr	حرف اضافه|فعل امر مثبت|اسم|اسم|پیشوند فعل	
10	جام‌جهانی	جام جهانی	جام‌جهانی	جام جهانی	O	_
11	حضور	حضور	حضور	حضور	N1	اسم	
12	یافته	یافته|یافت	یافته	یافته|یافت + ه	A0|O+O	صفت|ریشه ماضی + ه	
13	است	است|اس		است|اس + ت	V+O|N1+O	فعل مضارع ساده+سوم شخص مفرد|اسم + ضمیر ملکی دوم شخص مفرد	
14	.	.	.	.	Si	علامت	
0	در	در|در|در|در|در	در	در|در|در|در|در	Pr|V|N1|N1|VPr	حرف اضافه|فعل امر مثبت|اسم|اسم|پیشوند فعل	
1	رقابت‌های	رقابت	رقابت	رقابت + ها + ی	N1+Pl+O	اسم + علامت جمع + ی	
2	نوبت	نوبت	نوبت	نوبت	N1	اسم	
3	صبح	صبح	صبح	صبح	N1	اسم	
4	یکشنبه	یکشنبه	یکشنبه	یکشنبه	N1	اسم	
5	«	«	«	«	Si	علامت	
6	الهه	الهه|اله	الهه	الهه|اله + ه	N4|N1+O	اسم فامیل|اسم + ه	
7	منصوریان	منصوریان|منصور	منصور	منصوریان|منصور + ی + ان	N4|A0+O+O	اسم فامیل|صفت + ی + ان	
8	»	»	»	»	Si	علامت	
9	،	،	،	،	Si	علامت	
10	«	«	«	«	Si	علامت	
11	فریناز	فریناز	فریناز	فریناز	O	_
12	نذیری	نذیر	نذیری	نذیر + ی	A0+O	صفت + ی	
13	»،	»،	»،	»،	Si	علامت	
14	«	«	«	«	Si	علامت	
15	محسن	محسن	محسن	محسن	N3	اسم خاص اشخاص	
16	محمدسیفی	محمدسیفی	محمدسیفی	محمدسیفی	O	_
17	»	»	»	»	Si	علامت	
18	و	و|و|و	و	و|و|و	C0|Al|Ab	حرف ربط|حروف الفبا|اختصارات	
19	«	«	«	«	Si	علامت	
20	میلاد	میلاد	میلاد	میلاد	N1	اسم	
21	عارفی‌مقام	عارفی مقام	عارفی‌مقام	عارفی مقام	O	_
22	»	»	»	»	Si	علامت	
23	با	با	با	با	Pr	حرف اضافه	
24	برتر‌ی	برتری|برتر	برتر	برتری|برتر + ی	N1|A0+O	اسم|صفت + ی	
25	برابر	برابر|برابر	برابر	برابر|برابر	A0|N9	صفت|اسم موجود در ساختمان حرف اضافه و حرف ربط گروهی	
26	حریفان	حریف	حریف	حریف + ان	A0+O	صفت + ان	
27	به	به|به	به	به|به	Pr|N1	حرف اضافه|اسم	
28	مدال	مدال	مدال	مدال	N1	اسم	
29	طلا	طلا	طلا	طلا	N1	اسم	
30	دست	دست|دست	دست	دست|دست	N1|N9	اسم|اسم موجود در ساختمان حرف اضافه و حرف ربط گروهی	
31	یافتند	یافت	یافت	یافت + ند	V+O	فعل ماضی ساده+سوم شخص جمع	
32	تا	تا|تا|تا	تا	تا|تا|تا	Pr|C0|Ab	حرف اضافه|حرف ربط|اختصارات	
33	تعداد	تعداد	تعداد	تعداد	N1	اسم	
34	نشان‌های	نشان	نشان	نشان + ها + ی	N1+Pl+O	اسم + علامت جمع + ی	
35	زرین	زرین|زر|زر	زرین	زرین|زر + ین|زر + ین	A0|N1+O|N1+O	صفت|اسم + ین|اسم + ین	
36	تیم	تیم|تی|تی	تیم	تیم|تی + م|تی + م	N1|N1+O|N1+V	اسم|اسم + ضمیر ملکی اول شخص مفرد|اسم + فعل اول شخص مفرد	
37	کشورمان	کشور|کش	کشور	کشور + مان|کش + ور + مان	N1+O|V1+O+O	اسم + ضمیر ملکی اول شخص جمع|بن مضارع + ور + ضمیر ملکی اول شخص جمع	
38	به	به|به	به	به|به	Pr|N1	حرف اضافه|اسم	
39	عدد	عدد	عدد	عدد	N1	اسم	
40	5	5	۵	5	Nu	عدد رقمی	
41	برسد	رسد|رس	رسید	ب + رسد|ب + رس + د	O+N1|V+O	ب + اسم|فعل حال التزامی+سوم شخص مفرد	
42	.	.	.	.	Si	علامت	
0	روز	روز	روز	روز	N1	اسم	
1	اول	اول	اول	اول	A0	صفت	
2	نیز	نیز|آز	نیز	نیز|نی + آز	Ad|V	قید|فعل امر منفی	
3	«	«	«	«	Si	علامت	
4	شهربانو	شهربانو	شهربانو	شهربانو	N3	اسم خاص اشخاص	
5	منصوریان	منصوریان|منصور	منصور	منصوریان|منصور + ی + ان	N4|A0+O+O	اسم فامیل|صفت + ی + ان	
6	»	»	»	»	Si	علامت	
7	به	به|به	به	به|به	Pr|N1	حرف اضافه|اسم	
8	نشان	نشان|نشان	نشان	نشان|نشان	V|N1	فعل امر مثبت|اسم	
9	طلای	طلا	طلا	طلا + ی	N1+O	اسم + ی	
10	وزن	وزن	وزن	وزن	N1	اسم	
11	65	65	۶۵	65	Nu	عدد رقمی	
12	کیلوگرم	کیلوگرم|کیلو|کیلو	کیلوگرم	کیلوگرم|کیلو + گر + م|کیلو + گر + م	N1|N1+O+O|N1+O+V	اسم|اسم + گر + ضمیر ملکی اول شخص مفرد|اسم + گر + فعل اول شخص مفرد	
13	رسیده‌‌بود	رسید	رسیده‌‌بود	رسید + ه + بود	V+O	فعل ماضی بعید+سوم شخص مفرد	
14	.	.	.	.	Si	علامت	
0	لازم	لازم|زم	لازم	لازم|لا + زم	A0|O+N1	صفت|لا + اسم	
1	به	به|به	به	به|به	Pr|N1	حرف اضافه|اسم	
2	ذکر	ذکر	ذکر	ذکر	N1	اسم	
3	است	است|اس		است|اس + ت	V+O|N1+O	فعل مضارع ساده+سوم شخص مفرد|اسم + ضمیر ملکی دوم شخص مفرد	
4	که	که|که|که|که	که	که|که|که|که	C0|NA|N1|N1	حرف ربط|ضمیر پرسشی|اسم|اسم	
5	عصر	عصر	عصر	عصر	N1	اسم	
6	یکشنبه	یکشنبه	یکشنبه	یکشنبه	N1	اسم	
7	«	«	«	«	Si	علامت	
8	یوسف	یوسف	یوسف	یوسف	N3	اسم خاص اشخاص	
9	صبری	صبر	صبر	صبر + ی	N1+O	اسم + ی	
10	»	»	»	»	Si	علامت	
11	و	و|و|و	و	و|و|و	C0|Al|Ab	حرف ربط|حروف الفبا|اختصارات	
12	«	«	«	«	Si	علامت	
13	معین	معین|معین|معین	معین	معین|معین|معین	A0|N1|N1	صفت|اسم|اسم	
14	تقوی	تقوا	تقوی	تقوا	N1	اسم	
15	»	»	»	»	Si	علامت	
16	هم	هم|هم|هم	هم	هم|هم|هم	Ad|C0|O	قید|حرف ربط|ضمیر مشترک/متقابل	
17	برای	برای|برا|بر	برای	برای|برا + ی|بر + ا + ی	Pr|A0+O|O+O+O	حرف اضافه|صفت + ی|ریشه مضارع + ا + ی	
18	کسب	کسب	کسب	کسب	N1	اسم	
19	مدال	مدال	مدال	مدال	N1	اسم	
20	طلا	طلا	طلا	طلا	N1	اسم	
21	به	به|به	به	به|به	Pr|N1	حرف اضافه|اسم	
22	مصاف	مصاف	مصاف	مصاف	N1	اسم	
23	حریفان	حریف	حریف	حریف + ان	A0+O	صفت + ان	
24	می‌روند	رو	رفت	می + رو + ند	V+O	فعل حال اخباری+سوم شخص جمع	
25	.	.	.	.	Si	علامت	
0	تیم	تیم|تی|تی	تیم	تیم|تی + م|تی + م	N1|N1+O|N1+V	اسم|اسم + ضمیر ملکی اول شخص مفرد|اسم + فعل اول شخص مفرد	
1	صدرشیمی	صدرشیمی	صدرشیمی	صدرشیمی	O	_
2	با	با	با	با	Pr	حرف اضافه	
3	غلبه	غلبه	غلبه	غلبه	N1	اسم	
4	بر	بر|بر|بر|بر	بر	بر|بر|بر|بر	Pr|V|VPr|N1	حرف اضافه|فعل امر مثبت|پیشوند فعل|اسم	
5	همشهری	همشهری|همشهر|شهری|شهر	همشهری	همشهری|همشهر + ی|هم + شهری|هم + شهر + ی	N1|A0+O|O+A0|O+N1+O	اسم|صفت + ی|هم + صفت|هم + اسم + ی	
6	مقتدر	مقتدر	مقتدر	مقتدر	A0	صفت	
7	خود	خود|خود	خود	خود|خود	O|N1	ضمیر مشترک/متقابل|اسم	
8	عنوان	عنوان	عنوان	عنوان	N1	اسم	
9	قهرمانی	قهرمانی|قهرمان	قهرمان	قهرمانی|قهرمان + ی	N1|A0+O	اسم|صفت + ی	
10	مسابقات	مسابقات|مسابقه	مسابقات	مسابقات|مسابقه + ات	N1|N1+Pl	اسم|اسم + علامت جمع	
11	کشوری	کشوری|کشور|کش	کشور	کشوری|کشور + ی|کش + ور + ی	A0|N1+O|V1+O+O	صفت|اسم + ی|بن مضارع + ور + ی	
12	را	را	را	را	Po	حرف اضافه پسین	
13	از	از	از	از	Pr	حرف اضافه	
14	آن	ان	آن	ان	Ab	اختصارات	
15	خود	خود|خود	خود	خود|خود	O|N1	ضمیر مشترک/متقابل|اسم	
16	کرد	کرد|کرد	کرد	کرد|کرد	V+O|N1	فعل ماضی ساده+سوم شخص مفرد|اسم	
17	.	.	.	.	Si	علامت	
0	در	در|در|در|در|در	در	در|در|در|در|در	Pr|V|N1|N1|VPr	حرف اضافه|فعل امر مثبت|اسم|اسم|پیشوند فعل	
1	دیدار	دیدار|دید	دیدار	دیدار|دید + ار	N1|O+O	اسم|ریشه ماضی + ار	
2	فینال	فینال	فینال	فینال	N1	اسم	
3	تیم	تیم|تی|تی	تیم	تیم|تی + م|تی + م	N1|N1+O|N1+V	اسم|اسم + ضمیر ملکی اول شخص مفرد|اسم + فعل اول شخص مفرد	
4	صدرشیمی	صدرشیمی	صدرشیمی	صدرشیمی	O	_
5	یزد	یزد	یزد	یزد	N2	اسم خاص مکان	
6	موفق	موفق	موفق	موفق	A0	صفت	
7	شد	شد	شد	شد	V+O	فعل ماضی ساده+سوم شخص مفرد	
8	با	با	با	با	Pr	حرف اضافه	
9	نتیجه	نتیجه	نتیجه	نتیجه	N1	اسم	
10	2	2	۲	2	Nu	عدد رقمی	
11	بر	بر|بر|بر|بر	بر	بر|بر|بر|بر	Pr|V|VPr|N1	حرف اضافه|فعل امر مثبت|پیشوند فعل|اسم	
12	1	1	۱	1	Nu	عدد رقمی	
13	تیم	تیم|تی|تی	تیم	تیم|تی + م|تی + م	N1|N1+O|N1+V	اسم|اسم + ضمیر ملکی اول شخص مفرد|اسم + فعل اول شخص مفرد	
14	گلساپوش	گلساپوش	گلساپوش	گلساپوش	O	_
15	یزد	یزد	یزد	یزد	N2	اسم خاص مکان	
16	را	را	را	را	Po	حرف اضافه پسین	
17	که	که|که|که|که	که	که|که|که|که	C0|NA|N1|N1	حرف ربط|ضمیر پرسشی|اسم|اسم	
18	از	از	از	از	Pr	حرف اضافه	
19	بازیکنان	بازیکن	بازیکن	بازیکن + ان	N1+O	اسم + ان	
20	ملی	ملی|مل	ملی	ملی|مل + ی	A0|N1+O	صفت|اسم + ی	
21	پوش	پوش|پوش	پوش	پوش|پوش	V|N1	فعل امر مثبت|اسم	
22	سود	سود|سود	سود	سود|سود	V+O|N1	فعل ماضی ساده+سوم شخص مفرد|اسم	
23	می‌برد	برد|بر	برد	می + برد|می + بر + د	V+O|V+O	فعل ماضی استمراری+سوم شخص مفرد|فعل حال اخباری+سوم شخص مفرد	
24	شکست	شکست|شکست|شک	شکست	شکست|شکست|شک + ست	V+O|N1|N1+O	فعل ماضی ساده+سوم شخص مفرد|اسم|اسم + ضمیر ملکی سوم شخص مفرد	
25	داده	داده|داد|داد	داده	داده|داد + ه|داد + ه	N1|O+O|N1+O	اسم|ریشه ماضی + ه|اسم + ه	
26	و	و|و|و	و	و|و|و	C0|Al|Ab	حرف ربط|حروف الفبا|اختصارات	
27	به	به|به	به	به|به	Pr|N1	حرف اضافه|اسم	
28	مقام	مقام	مقام	مقام	N1	اسم	
29	قهرمانی	قهرمانی|قهرمان	قهرمان	قهرمانی|قهرمان + ی	N1|A0+O	اسم|صفت + ی	
30	دست	دست|دست	دست	دست|دست	N1|N9	اسم|اسم موجود در ساختمان حرف اضافه و حرف ربط گروهی	
31	یابد	یاب	یافت	یاب + د	V+O	فعل مضارع ساده+سوم شخص مفرد	
32	.	.	.	.	Si	علامت	
0	در	در|در|در|در|در	در	در|در|در|در|در	Pr|V|N1|N1|VPr	حرف اضافه|فعل امر مثبت|اسم|اسم|پیشوند فعل	
1	دیدار	دیدار|دید	دیدار	دیدار|دید + ار	N1|O+O	اسم|ریشه ماضی + ار	
2	رده‌بندی	رده‌بندی	رده‌بندی	رده‌بندی	N1	اسم	
3	نیز	نیز|آز	نیز	نیز|نی + آز	Ad|V	قید|فعل امر منفی	
4	تیم	تیم|تی|تی	تیم	تیم|تی + م|تی + م	N1|N1+O|N1+V	اسم|اسم + ضمیر ملکی اول شخص مفرد|اسم + فعل اول شخص مفرد	
5	پر‌سپولیس	پرسپولیس	پر‌سپولیس	پرسپولیس	N1	اسم	
6	مردآباد	مردآباد	مردآباد	مردآباد	N2	اسم خاص مکان	
7	با	با	با	با	Pr	حرف اضافه	
8	شکست	شکست|شکست|شک	شکست	شکست|شکست|شک + ست	V+O|N1|N1+O	فعل ماضی ساده+سوم شخص مفرد|اسم|اسم + ضمیر ملکی سوم شخص مفرد	
9	تیم	تیم|تی|تی	تیم	تیم|تی + م|تی + م	N1|N1+O|N1+V	اسم|اسم + ضمیر ملکی اول شخص مفرد|اسم + فعل اول شخص مفرد	
10	هیات	هیئت	هیات	هیئت	N1	اسم	
11	روستایی	روستایی|روستا	روستا	روستایی|روستا + یی	A0|N1+O	صفت|اسم + یی	
12	خراسان	خراسان	خراسان	خراسان	N2	اسم خاص مکان	
13	شمالی	شمالی|شمال	شمال	شمالی|شمال + ی	A0|N1+O	صفت|اسم + ی	
14	مقام	مقام	مقام	مقام	N1	اسم	
15	سوم	سوم|سو|سو	سوم	سوم|سو + م|سو + م	A0|N1+O|N1+V	صفت|اسم + ضمیر ملکی اول شخص مفرد|اسم + فعل اول شخص مفرد	
16	این	این|این	این	این|این	A1|N6	صفت اشاره|ضمیر اشاره	
17	مسابقات	مسابقات|مسابقه	مسابقات	مسابقات|مسابقه + ات	N1|N1+Pl	اسم|اسم + علامت جمع	
18	را	را	را	را	Po	حرف اضافه پسین	
19	از	از	از	از	Pr	حرف اضافه	
20	آن	ان	آن	ان	Ab	اختصارات	
21	خود	خود|خود	خود	خود|خود	O|N1	ضمیر مشترک/متقابل|اسم	
22	کرد	کرد|کرد	کرد	کرد|کرد	V+O|N1	فعل ماضی ساده+سوم شخص مفرد|اسم	
23	به	به|به	به	به|به	Pr|N1	حرف اضافه|اسم	
24	گزارش	گزارش|گزارش|گزار	گزارش	گزارش|گزارش|گزار + ش	N1|N9|V+O	اسم|اسم موجود در ساختمان حرف اضافه و حرف ربط گروهی|فعل مضارع ساده+سوم شخص مفرد	
25	خبرگزاری	خبرگزاری|خبرگزار	خبرگزاری	خبرگزاری|خبرگزار + ی	N1|N1+O	اسم|اسم + ی	
26	فارس	فارس	فارس	فارس	N1	اسم	
27	،	،	،	،	Si	علامت	
28	سردار	سردار|سر|سر	سردار	سردار|سر + دار|سر + دار	A0|N1+O|N1+O	صفت|اسم + دار|اسم + دار	
29	غلامرضا	غلامرضا	غلامرضا	غلامرضا	N3	اسم خاص اشخاص	
30	جلالی	جلالی|جلال	جلال	جلالی|جلال + ی	N4|N1+O	اسم فامیل|اسم + ی	
31	رئیس	رییس	رئیس	رییس	N1	اسم	
32	سازمان	سازمان|ساز|ساز	سازمان	سازمان|ساز + مان|ساز + مان	N1+O|V+O|N1+O	اسم+واجی ریشه: sAzmAn|فعل مضارع ساده+سوم شخص مفرد|اسم + ضمیر ملکی اول شخص جمع	
33	پدافند	پدافند	پدافند	پدافند	N1	اسم	
34	غیر	غیر|غیر	غیر	غیر|غیر	A0|N9	صفت|اسم موجود در ساختمان حرف اضافه و حرف ربط گروهی	
35	عامل	عامل	عامل	عامل	N1	اسم	
36	طی	طی|طی	طی	طی|طی	N1|Pr1	اسم|حرف اضافه گروهی	
37	نشست	نشست|نشست|شست	نشست	نشست|نشست|ن + شست	V+O|N1|V+O	فعل ماضی ساده+سوم شخص مفرد|اسم|فعل ماضی ساده منفی+سوم شخص مفرد	
38	خبری	خبری|خبر	خبر	خبری|خبر + ی	A0|N1+O	صفت|اسم + ی	
39	که	که|که|که|که	که	که|که|که|که	C0|NA|N1|N1	حرف ربط|ضمیر پرسشی|اسم|اسم	
40	به	به|به	به	به|به	Pr|N1	حرف اضافه|اسم	
41	مناسبت	مناسبت|مناسب	مناسبت	مناسبت|مناسب + ت	N1|A0+O	اسم|صفت + ضمیر ملکی دوم شخص مفرد	
42	8	8	۸	8	Nu	عدد رقمی	
43	آبان	اب	آبان	اب + ان	N1+O	اسم + ان	
44	سال	سال	سال	سال	N1	اسم	
45	روز	روز	روز	روز	N1	اسم	
46	تشکیل	تشکیل	تشکیل	تشکیل	N1	اسم	
47	این	این|این	این	این|این	A1|N6	صفت اشاره|ضمیر اشاره	
48	سازمان	سازمان|ساز|ساز	سازمان	سازمان|ساز + مان|ساز + مان	N1+O|V+O|N1+O	اسم+واجی ریشه: sAzmAn|فعل مضارع ساده+سوم شخص مفرد|اسم + ضمیر ملکی اول شخص جمع	
49	برگزار	برگزار|برگ	برگزار	برگزار|برگ + زار	A0|N1+O	صفت|اسم + زار	
50	شد	شد	شد	شد	V+O	فعل ماضی ساده+سوم شخص مفرد	
51	،	،	،	،	Si	علامت	
52	ماموریت	مام	ماموریت	مام + ور + یت	N1+O+O	اسم + ور + یت	
53	اول	اول	اول	اول	A0	صفت	
54	سازمان	سازمان|ساز|ساز	سازمان	سازمان|ساز + مان|ساز + مان	N1+O|V+O|N1+O	اسم+واجی ریشه: sAzmAn|فعل مضارع ساده+سوم شخص مفرد|اسم + ضمیر ملکی اول شخص جمع	
55	پدافند	پدافند	پدافند	پدافند	N1	اسم	
56	غیرعامل	عامل	غیرعامل	غیر + عامل	O+N1	غیر + اسم	
57	را	را	را	را	Po	حرف اضافه پسین	
58	دیده‌بانی	دیده‌بانی|دیده|دید|دید	دیده‌بان	دیده‌بانی|دیده + بان + ی|دید + ه + بان + ی|دید + ه + بان + ی	N1|N1+O+O|O+O+O+O|N1+O+O+O	اسم|اسم + بان + ی|ریشه ماضی + ه + بان + ی|اسم + ه + بان + ی	
59	نسبت	نسبت|نسبت|نسب	نسبت	نسبت|نسبت|نسب + ت	N1|N9|N1+O	اسم|اسم موجود در ساختمان حرف اضافه و حرف ربط گروهی|اسم + ضمیر ملکی دوم شخص مفرد	
60	به	به|به	به	به|به	Pr|N1	حرف اضافه|اسم	
61	تهدیدات	تهدید	تهدیدات	تهدید + ات	N1+Pl	اسم + علامت جمع	
62	،	،	،	،	Si	علامت	
63	تشخیص	تشخیص	تشخیص	تشخیص	N1	اسم	
64	تهدیدات	تهدید	تهدیدات	تهدید + ات	N1+Pl	اسم + علامت جمع	
65	و	و|و|و	و	و|و|و	C0|Al|Ab	حرف ربط|حروف الفبا|اختصارات	
66	هشدار	هشدار|هش	هشدار	هشدار|هش + دار	N1|N1+O	اسم|اسم + دار	
67	در	در|در|در|در|در	در	در|در|در|در|در	Pr|V|N1|N1|VPr	حرف اضافه|فعل امر مثبت|اسم|اسم|پیشوند فعل	
68	حوزه‌های	حوزه	حوزه	حوزه + ها + ی	N1+Pl+O	اسم + علامت جمع + ی	
69	مختلف	مختلف	مختلف	مختلف	A0	صفت	
70	دانست	دانست	دانست	دانست	V+O	فعل ماضی ساده+سوم شخص مفرد	
71	و	و|و|و	و	و|و|و	C0|Al|Ab	حرف ربط|حروف الفبا|اختصارات	
72	اظهار	اظهار	اظهار	اظهار	N1	اسم	
73	داشت	داشت|داشت|داشت|داش	داشت	داشت|داشت|داشت|داش + ت	V+O|N1|V5|N1+O	فعل ماضی ساده+سوم شخص مفرد|اسم|فعل کمکی|اسم + ضمیر ملکی دوم شخص مفرد	
74	:	:	:	:	Si	علامت	
0	دومین	دوم	دومین	دوم + ین	A0+O	صفت + ین	
1	ماموریت	مام	ماموریت	مام + ور + یت	N1+O+O	اسم + ور + یت	
2	این	این|این	این	این|این	A1|N6	صفت اشاره|ضمیر اشاره	
3	سازمان	سازمان|ساز|ساز	سازمان	سازمان|ساز + مان|ساز + مان	N1+O|V+O|N1+O	اسم+واجی ریشه: sAzmAn|فعل مضارع ساده+سوم شخص مفرد|اسم + ضمیر ملکی اول شخص جمع	
4	،	،	،	،	Si	علامت	
5	کاهش	کاهش|کاه|کاه	کاهش	کاهش|کاه + ش|کاه + ش	N1|V+O|N1+O	اسم|فعل مضارع ساده+سوم شخص مفرد|اسم + ضمیر ملکی سوم شخص مفرد	
6	آسیب‌پذیری	آسیب پذیری	آسیب‌پذیری	آسیب پذیری	O	_
7	کل	کل|کل|کل	کل	کل|کل|کل	A0|N1|N1	صفت|اسم|اسم	
8	زیرساخت‌های	زیرساخت	زیرساخت	زیرساخت + ها + ی	N1+Pl+O	اسم + علامت جمع + ی	
9	کشور	کشور|کش	کشور	کشور|کش + ور	N1|V1+O	اسم|بن مضارع + ور	
10	و	و|و|و	و	و|و|و	C0|Al|Ab	حرف ربط|حروف الفبا|اختصارات	
11	شهرها	شهر	شهر	شهر + ها	N1+Pl	اسم + علامت جمع	
12	دربرابر	دربرابر	دربرابر	دربرابر	Pr1	حرف اضافه گروهی	
13	تهدیدات	تهدید	تهدیدات	تهدید + ات	N1+Pl	اسم + علامت جمع	
14	امنیتی	امنیتی|امنیت|امن	امنیت	امنیتی|امنیت + ی|امن + یت + ی	A0|N1+O|A0+O+O	صفت|اسم + ی|صفت + یت + ی	
15	است	است|اس		است|اس + ت	V+O|N1+O	فعل مضارع ساده+سوم شخص مفرد|اسم + ضمیر ملکی دوم شخص مفرد	
16	که	که|که|که|که	که	که|که|که|که	C0|NA|N1|N1	حرف ربط|ضمیر پرسشی|اسم|اسم	
17	به	به|به	به	به|به	Pr|N1	حرف اضافه|اسم	
18	صورت	صورت|صورت|صور	صورت	صورت|صورت|صور + ت	N1|N9|N1+O	اسم|اسم موجود در ساختمان حرف اضافه و حرف ربط گروهی|اسم + ضمیر ملکی دوم شخص مفرد	
19	مداوم	مداوم	مداوم	مداوم	A0	صفت	
20	و	و|و|و	و	و|و|و	C0|Al|Ab	حرف ربط|حروف الفبا|اختصارات	
21	متغیر	متغیر	متغیر	متغیر	A0	صفت	
22	دنبال	دنبال|دنبال	دنبال	دنبال|دنبال	N1|N9	اسم|اسم موجود در ساختمان حرف اضافه و حرف ربط گروهی	
23	می‌شود	شو	شد	می + شو + د	V+O	فعل حال اخباری+سوم شخص مفرد	
24	و	و|و|و	و	و|و|و	C0|Al|Ab	حرف ربط|حروف الفبا|اختصارات	
25	ماموریت	مام	ماموریت	مام + ور + یت	N1+O+O	اسم + ور + یت	
26	سوم	سوم|سو|سو	سوم	سوم|سو + م|سو + م	A0|N1+O|N1+V	صفت|اسم + ضمیر ملکی اول شخص مفرد|اسم + فعل اول شخص مفرد	
27	نیز	نیز|آز	نیز	نیز|نی + آز	Ad|V	قید|فعل امر منفی	
28	مصون‌سازی	مصون‌سازی	مصون‌سازی	مصون‌سازی	N1	اسم	
29	زیرساخت‌های	زیرساخت	زیرساخت	زیرساخت + ها + ی	N1+Pl+O	اسم + علامت جمع + ی	
30	کل	کل|کل|کل	کل	کل|کل|کل	A0|N1|N1	صفت|اسم|اسم	
31	کشور	کشور|کش	کشور	کشور|کش + ور	N1|V1+O	اسم|بن مضارع + ور	
32	است	است|اس		است|اس + ت	V+O|N1+O	فعل مضارع ساده+سوم شخص مفرد|اسم + ضمیر ملکی دوم شخص مفرد	
33	.	.	.	.	Si	علامت	
0	جلالی	جلالی|جلال	جلال	جلالی|جلال + ی	N4|N1+O	اسم فامیل|اسم + ی	
1	با	با	با	با	Pr	حرف اضافه	
2	بیان	بیان	بیان	بیان	N1	اسم	
3	اینکه	اینکه	اینکه	اینکه	Ad	قید	
4	60	60	۶۰	60	Nu	عدد رقمی	
5	محصول	محصول	محصول	محصول	N1	اسم	
6	استراتژیک	استراتژیک|استراتژی	استراتژیک	استراتژیک|استراتژی + ک	A0|N1+O	صفت|اسم + ک	
7	پدافند	پدافند	پدافند	پدافند	N1	اسم	
8	سایبری	سایبر	سایبر	سایبر	O	_
9	بومی	بومی|بوم	بومی	بومی|بوم + ی	A0|N1+O	صفت|اسم + ی	
10	کشور	کشور|کش	کشور	کشور|کش + ور	N1|V1+O	اسم|بن مضارع + ور	
11	را	را	را	را	Po	حرف اضافه پسین	
12	ارائه	ارایه	ارائه	ارایه	N1	اسم	
13	خواهیم	خواه|خواه	خواست	خواه + یم|خواه + ی + م	V+O|V+O	فعل مضارع ساده+اول شخص جمع|فعل مضارع ساده+دوم شخص مفرد	
14	داد	داد|داد	داد	داد|داد	V+O|N1	فعل ماضی ساده+سوم شخص مفرد|اسم	
15	،	،	،	،	Si	علامت	
16	گفت	گفت|گفت	گفت	گفت|گفت	V+O|N1	فعل ماضی ساده+سوم شخص مفرد|اسم	
17	:	:	:	:	Si	علامت	
0	5	5	۵	5	Nu	عدد رقمی	
1	محصول	محصول	محصول	محصول	N1	اسم	
2	اسکادای	اسکادای	اسکادای	اسکادای	O	_
3	بومی	بومی|بوم	بومی	بومی|بوم + ی	A0|N1+O	صفت|اسم + ی	
4	نیز	نیز|آز	نیز	نیز|نی + آز	Ad|V	قید|فعل امر منفی	
5	که	که|که|که|که	که	که|که|که|که	C0|NA|N1|N1	حرف ربط|ضمیر پرسشی|اسم|اسم	
6	برای	برای|برا|بر	برای	برای|برا + ی|بر + ا + ی	Pr|A0+O|O+O+O	حرف اضافه|صفت + ی|ریشه مضارع + ا + ی	
7	کنترل	کنترل	کنترل	کنترل	N1	اسم	
8	و	و|و|و	و	و|و|و	C0|Al|Ab	حرف ربط|حروف الفبا|اختصارات	
9	دیسپاچینگ	دیسپاچینگ	دیسپاچینگ	دیسپاچینگ	O	_
10	بکار	بکار|کار|کار	کاشت	بکار|ب + کار|ب + کار	A0|O+N1|V	صفت|ب + اسم|فعل امر مثبت	
11	می‌رود	رو	رفت	می + رو + د	V+O	فعل حال اخباری+سوم شخص مفرد	
12	،	،	،	،	Si	علامت	
13	توسط	توسط|توسط	توسط	توسط|توسط	N1|N9	اسم|اسم موجود در ساختمان حرف اضافه و حرف ربط گروهی	
14	متخصصان	متخصص	متخصص	متخصص + ان	A0+O	صفت + ان	
15	داخلی	داخلی|داخل	داخل	داخلی|داخل + ی	A0|Ad+O	صفت|قید + ی	
16	ساخته‌شده‌است	ساخت	ساخته‌شده‌است	ساخت + ه + شد + ه + است	V+O	فعل مجهول ماضی نقلی+سوم شخص مفرد	
17	.	.	.	.	Si	علامت	
0	یک	یک	یک	یک	O	عدد حرفی	
1	بازدیدکننده	بازدیدکننده	بازدیدکننده	بازدیدکننده	A0	صفت	
2	در	در|در|در|در|در	در	در|در|در|در|در	Pr|V|N1|N1|VPr	حرف اضافه|فعل امر مثبت|اسم|اسم|پیشوند فعل	
3	روز	روز	روز	روز	N1	اسم	
4	افتتاح	افتتاح	افتتاح	افتتاح	N1	اسم	
5	«	«	«	«	Si	علامت	
6	کتابخانه	کتابخانه|کتاب	کتابخانه	کتابخانه|کتاب + خانه	N1|N1+O	اسم|اسم + خانه	
7	حلزونی	حلزونی|حلزون	حلزون	حلزونی|حلزون + ی	A0|N1+O	صفت|اسم + ی	
8	»	»	»	»	Si	علامت	
9	در	در|در|در|در|در	در	در|در|در|در|در	Pr|V|N1|N1|VPr	حرف اضافه|فعل امر مثبت|اسم|اسم|پیشوند فعل	
10	شهر	شهر	شهر	شهر	N1	اسم	
11	هانگ‌ژو	هانگ ژو	هانگ‌ژو	هانگ ژو	O	_
12	در	در|در|در|در|در	در	در|در|در|در|در	Pr|V|N1|N1|VPr	حرف اضافه|فعل امر مثبت|اسم|اسم|پیشوند فعل	
13	استان	استان|استان|اس	استان	استان|استان|اس + تان	N1|V|N1+O	اسم|فعل امر مثبت|اسم + ضمیر ملکی دوم شخص جمع	
14	ژجیانگ	ژجیانگ	ژجیانگ	ژجیانگ	O	_
15	در	در|در|در|در|در	در	در|در|در|در|در	Pr|V|N1|N1|VPr	حرف اضافه|فعل امر مثبت|اسم|اسم|پیشوند فعل	
16	چین	چین|چین	چین	چین|چین	V|N2	فعل امر مثبت|اسم خاص مکان	
17	سلفی	سلفی|سلف|سلف	سلف	سلفی|سلف + ی|سلف + ی	A0|N1+O|N1+O	صفت|اسم + ی|اسم + ی	
18	می‌گیرد	گیر	گرفت	می + گیر + د	V+O	فعل حال اخباری+سوم شخص مفرد	
19	.	.	.	.	Si	علامت	
0	این	این|این	این	این|این	A1|N6	صفت اشاره|ضمیر اشاره	
1	کتاب	کتاب	کتاب	کتاب	N1	اسم	
2	خانه	خانه|خان	خانه	خانه|خان + ه	N1|N1+O	اسم|اسم + ه	
3	با	با	با	با	Pr	حرف اضافه	
4	هدف	هدف	هدف	هدف	N1	اسم	
5	ارائه	ارایه	ارائه	ارایه	N1	اسم	
6	منابع	منبع	منابع	منبع	O	اسم مفرد جمع مکسر	
7	آنلاین	آنلاین	آنلاین	آنلاین	A0	صفت	
8	در	در|در|در|در|در	در	در|در|در|در|در	Pr|V|N1|N1|VPr	حرف اضافه|فعل امر مثبت|اسم|اسم|پیشوند فعل	
9	کنار	کنار|کنار	کنار	کنار|کنار	N1|N1	اسم|اسم	
10	کتابخانه	کتابخانه|کتاب	کتابخانه	کتابخانه|کتاب + خانه	N1|N1+O	اسم|اسم + خانه	
11	و	و|و|و	و	و|و|و	C0|Al|Ab	حرف ربط|حروف الفبا|اختصارات	
12	منابع	منبع	منابع	منبع	O	اسم مفرد جمع مکسر	
13	سنتی	سنتی|سنت|سنت	سنت	سنتی|سنت + ی|سنت + ی	A0|N1+O|N1+O	صفت|اسم + ی|اسم + ی	
14	ایجاد‌شده‌است	ایجاد شد	ایجاد‌شده‌است	ایجاد شد + ه + است	V+O	فعل ماضی نقلی+سوم شخص مفرد	
15	.	.	.	.	Si	علامت	
0	کوچک‌پا	کوچک‌پا	کوچک‌پا	کوچک‌پا	A0	صفت	
1	،	،	،	،	Si	علامت	
2	داستان	داستان|داس	داستان	داستان|داس + تان	N1|N1+O	اسم|اسم + ضمیر ملکی دوم شخص جمع	
3	یک	یک	یک	یک	O	عدد حرفی	
4	«	«	«	«	Si	علامت	
5	یتی	یتی	یتی	یتی	O	_
6	»	»	»	»	Si	علامت	
7	(	(	(	(	Si	علامت	
8	مرد‌برفی	مرد برفی	مرد‌برفی	مرد برفی	O	_
9	)	)	)	)	Si	علامت	
10	دانشمند	دانشمند|دانش|دان	دانشمند	دانشمند|دانش + مند|دان + ش + مند	N1|N1+O|V1+O+O	اسم|اسم + مند|بن مضارع + ش + مند	
11	است	است|اس		است|اس + ت	V+O|N1+O	فعل مضارع ساده+سوم شخص مفرد|اسم + ضمیر ملکی دوم شخص مفرد	
12	که	که|که|که|که	که	که|که|که|که	C0|NA|N1|N1	حرف ربط|ضمیر پرسشی|اسم|اسم	
13	متقاعد‌شده‌موجودات	متقاعد شده موجودات	متقاعد‌شده‌موجودات	متقاعد شده موجودات	O	_
14	نادری	نادری|نادر|دری|در|در|در	نادر	نادری|نادر + ی|نا + دری|نا + در + ی|نا + در + ی|نا + در + ی	N4|A0+O|O+N1|O+V1+O|O+N1+O|O+N1+O	اسم فامیل|صفت + ی|نا + اسم|نا + بن مضارع + ی|نا + اسم + ی|نا + اسم + ی	
15	که	که|که|که|که	که	که|که|که|که	C0|NA|N1|N1	حرف ربط|ضمیر پرسشی|اسم|اسم	
16	با	با	با	با	Pr	حرف اضافه	
17	نام	نام|نام	نام	نام|نام	N1|V	اسم|فعل امر مثبت	
18	«	«	«	«	Si	علامت	
19	کوچک‌پا	کوچک‌پا	کوچک‌پا	کوچک‌پا	A0	صفت	
20	»‌ها	» ها	» ‌ها	» ها	Si	علامت	
21	(	(	(	(	Si	علامت	
22	انسان‌ها	انسان	انسان	انسان + ها	N1+Pl	اسم + علامت جمع	
23	»	»	»	»	Si	علامت	
24	،	،	،	،	Si	علامت	
25	واقعا	واقعاً	واقعا	واقعاً	Ad	قید	
26	وجود	وجود|وجود	وجود	وجود|وجود	N1|N9	اسم|اسم موجود در ساختمان حرف اضافه و حرف ربط گروهی	
27	دارند	دار|دار|دار	داشت	دار + ند|دار + ند|دار + ند	V+O|N1+V|V5+V	فعل مضارع ساده+سوم شخص جمع|اسم + فعل سوم شخص جمع|فعل کمکی + فعل سوم شخص جمع	
28	!	!	!	!	Si	علامت	
0	اکران	اکران	اکران	اکران	N1	اسم	
1	جهانی	جهانی|جهان|جه	جهانی	جهانی|جهان + ی|جه + ان + ی	A0|N1+O|N1+O+O	صفت|اسم + ی|اسم + ان + ی	
2	این	این|این	این	این|این	A1|N6	صفت اشاره|ضمیر اشاره	
3	انیمیشن	انیمیشن	انیمیشن	انیمیشن	N1	اسم	
4	جذاب	جذاب	جذاب	جذاب	A0	صفت	
5	،	،	،	،	Si	علامت	
6	از	از	از	از	Pr	حرف اضافه	
7	ششم	شش|شش	ششم	شش + م|شش + م	N1+O|N1+V	اسم + ضمیر ملکی اول شخص مفرد|اسم + فعل اول شخص مفرد	
8	مهر	مهر|مهر|مهر	مهر	مهر|مهر|مهر	N1|N1|N1	اسم|اسم|اسم	
9	آغاز‌شده‌و	آغاز شده و	آغاز‌شده‌و	آغاز شده و	O	_
10	احتمالا	احتمالاً	احتمالا	احتمالاً	Ad	قید	
11	تا	تا|تا|تا	تا	تا|تا|تا	Pr|C0|Ab	حرف اضافه|حرف ربط|اختصارات	
12	مدتی	مدت	مدت	مدت + ی	N1+O	اسم + ی	
13	دیگر	دیگر|دیگر|دی	دیگر	دیگر|دیگر|دی + گر	Ad|A2|N1+O	قید|صفت مبهم|اسم + گر	
14	نسخه‌ی	نسخه|نسخ	نسخه	نسخه + ی|نسخ + ه + ی	N1+O|N1+O+O	اسم + ی|اسم + ه + ی	
15	دوبله‌ی	دوبله|دوبل	دوبله	دوبله + ی|دوبل + ه + ی	N1+O|A0+O+O	اسم + ی|صفت + ه + ی	
16	آن	ان	آن	ان	Ab	اختصارات	
17	به	به|به	به	به|به	Pr|N1	حرف اضافه|اسم	
18	سینماها	سینما	سینما	سینما + ها	N1+Pl	اسم + علامت جمع	
19	و	و|و|و	و	و|و|و	C0|Al|Ab	حرف ربط|حروف الفبا|اختصارات	
20	شبکه‌ی	شبکه|شب	شبکه	شبکه + ی|شب + ک + ه + ی	N1+O|N1+O+O+O	اسم + ی|اسم + ک + ه + ی	
21	نمایش	نمایش|نما	نمایش	نمایش|نما + ی + ش	N1|N1+O	اسم|اسم + ضمیر ملکی سوم شخص مفرد	
22	خانگی	خانگی|خانه|خان	خانگی	خانگی|خانه + گی|خان + ه + گی	A0|N1+O|N1+O+O	صفت|اسم + گی|اسم + ه + گی	
23	ما	ما	ما	ما	N5	ضمیر فاعلی	
24	هم	هم|هم|هم	هم	هم|هم|هم	Ad|C0|O	قید|حرف ربط|ضمیر مشترک/متقابل	
25	می‌رسد	رس	رسید	می + رس + د	V+O	فعل حال اخباری+سوم شخص مفرد	
26	.	.	.	.	Si	علامت	
0	به	به|به	به	به|به	Pr|N1	حرف اضافه|اسم	
1	همین	همین|همین|هم|ین	همین	همین|همین|هم + ین|هم + ین	A1|N6|Ad+O|O+N1	صفت اشاره|ضمیر اشاره|قید + ین|هم + اسم	
2	مناسبت	مناسبت|مناسب	مناسبت	مناسبت|مناسب + ت	N1|A0+O	اسم|صفت + ضمیر ملکی دوم شخص مفرد	
3	ترجمه‌ی	ترجمه	ترجمه	ترجمه + ی	N1+O	اسم + ی	
4	گفت‌وگویی	گفت‌وگو	گفت‌وگو	گفت‌وگو + یی	N1+O	اسم + یی	
5	را	را	را	را	Po	حرف اضافه پسین	
6	با	با	با	با	Pr	حرف اضافه	
7	این	این|این	این	این|این	A1|N6	صفت اشاره|ضمیر اشاره	
8	کارگردان	کارگردان|کارگر|کار	کارگردان	کارگردان|کارگر + دان|کار + گر + دان	N1|N1+O|N1+O+O	اسم|اسم + دان|اسم + گر + دان	
9	برای	برای|برا|بر	برای	برای|برا + ی|بر + ا + ی	Pr|A0+O|O+O+O	حرف اضافه|صفت + ی|ریشه مضارع + ا + ی	
10	شما	شما|شما	شما	شما|شما	N5|N1	ضمیر فاعلی|اسم	
11	انتخاب	انتخاب	انتخاب	انتخاب	N1	اسم	
12	کرده‌ایم	کرده|کرد|کرد|کرد	کرد	کرده + ایم|کرد + ه + ایم|کرد + ه + ای + م|کرد + ه + ایم	N1+V|V+O|V+O|N1+O+V	اسم + فعل اول شخص جمع|فعل ماضی نقلی+اول شخص جمع|فعل ماضی نقلی+دوم شخص مفرد|اسم + ه + فعل اول شخص جمع	
13	تا	تا|تا|تا	تا	تا|تا|تا	Pr|C0|Ab	حرف اضافه|حرف ربط|اختصارات	
14	بیش‌تر	بیشتر|بیش	بیش	بیشتر|بیش + تر	A0|A0+O	صفت|صفت + علامت صفت تفضیلی	
15	با	با	با	با	Pr	حرف اضافه	
16	حال	حال	حال	حال	N1	اسم	
17	و	و|و|و	و	و|و|و	C0|Al|Ab	حرف ربط|حروف الفبا|اختصارات	
18	هوای	هوا	هوا	هوا + ی	N1+O	اسم + ی	
19	این	این|این	این	این|این	A1|N6	صفت اشاره|ضمیر اشاره	
20	داستان	داستان|داس	داستان	داستان|داس + تان	N1|N1+O	اسم|اسم + ضمیر ملکی دوم شخص جمع	
21	متفاوت	متفاوت	متفاوت	متفاوت	A0	صفت	
22	و	و|و|و	و	و|و|و	C0|Al|Ab	حرف ربط|حروف الفبا|اختصارات	
23	عجیب	عجیب	عجیب	عجیب	A0	صفت	
24	از	از	از	از	Pr	حرف اضافه	
25	زندگی	زندگی|زنده	زندگی	زندگی|زنده + گی	N1|A0+O	اسم|صفت + گی	
26	یتی‌ها	یتی ها	یتی‌ها	یتی ها	O	_
27	آشناشویم	آشناشویم	آشناشویم	آشناشویم	O	_
28	.	.	.	.	Si	علامت	
0	زمانی	زمانی|زمان|زم	زمان	زمانی|زمان + ی|زم + ان + ی	A0+O|N1+O+O|N1+O+O	صفت+واجی ریشه: zamAni|اسم + ی+واجی ریشه: zamAn|اسم + ان + ی	
1	که	که|که|که|که	که	که|که|که|که	C0|NA|N1|N1	حرف ربط|ضمیر پرسشی|اسم|اسم	
2	بحث	بحث	بحث	بحث	N1	اسم	
3	هم‌کاری	همکاری|کاری|کار|کار	هم‌کاری	همکاری|هم + کاری|هم + کار + ی|هم + کار + ی	N1|O+A0|O+N1+O|O+V1+O	اسم|هم + صفت|هم + اسم + ی|هم + بن مضارع + ی	
4	با	با	با	با	Pr	حرف اضافه	
5	پروژه‌ی	پروژه	پروژه	پروژه + ی	N1+O	اسم + ی	
6	کوچک‌پا	کوچک‌پا	کوچک‌پا	کوچک‌پا	A0	صفت	
7	را	را	را	را	Po	حرف اضافه پسین	
8	به	به|به	به	به|به	Pr|N1	حرف اضافه|اسم	
9	من	من	من	من	N5	ضمیر فاعلی	
10	پیشنهاد	پیشنهاد|نهاد|نهاد	پیشنهاد	پیشنهاد|پیش + نهاد|پیش + نهاد	N1|V+O|V+O	اسم|فعل ماضی ساده+سوم شخص مفرد|فعل مضارع ساده+سوم شخص مفرد	
11	دادند	داد|داد	داد	داد + ند|داد + ند	V+O|N1+V	فعل ماضی ساده+سوم شخص جمع|اسم + فعل سوم شخص جمع	
12	،	،	،	،	Si	علامت	
13	با	با	با	با	Pr	حرف اضافه	
14	«	«	«	«	Si	علامت	
15	برگزیت	برگزیت	برگزیت	برگزیت	O	_
16	»	»	»	»	Si	علامت	
17	(	(	(	(	Si	علامت	
18	خروج	خروج	خروج	خروج	N1	اسم	
19	انگلیس	انگلیس	انگلیس	انگلیس	N2	اسم خاص مکان	
20	از	از	از	از	Pr	حرف اضافه	
21	اتحادیه‌ی‌اروپا	اتحادیه ی اروپا	اتحادیه‌ی‌اروپا	اتحادیه ی اروپا	O	_
22	)	)	)	)	Si	علامت	
23	هم‌زمان‌بود	هم زمان بود	هم‌زمان‌بود	هم زمان بود	O	_
24	.	.	.	.	Si	علامت	
0	انتخابات	انتخاب	انتخابات	انتخاب + ات	N1+Pl	اسم + علامت جمع	
1	برگزار	برگزار|برگ	برگزار	برگزار|برگ + زار	A0|N1+O	صفت|اسم + زار	
2	شد	شد	شد	شد	V+O	فعل ماضی ساده+سوم شخص مفرد	
3	.	.	.	.	Si	علامت	
0	در	در|در|در|در|در	در	در|در|در|در|در	Pr|V|N1|N1|VPr	حرف اضافه|فعل امر مثبت|اسم|اسم|پیشوند فعل	
1	جهان	جهان|جهان|جه	جهان	جهان|جهان|جه + ان	N1|V|N1+O	اسم|فعل امر مثبت|اسم + ان	
2	موج	موج	موج	موج	N1	اسم	
3	مهاجرت	مهاجرت|مهاجر	مهاجرت	مهاجرت|مهاجر + ت	N1|N1+O	اسم|اسم + ضمیر ملکی دوم شخص مفرد	
4	آغاز	آغاز|آغاز	آغاز	آغاز|آغاز	V|N1	فعل امر مثبت|اسم	
5	شده‌بود	شد	شده‌بود	شد + ه + بود	V+O	فعل ماضی بعید+سوم شخص مفرد	
6	.	.	.	.	Si	علامت	
0	گروهی	گروهی|گروه|گرو|گرو	گروهی	گروهی|گروه + ی|گرو + ه + ی|گرو + ه + ی	A0|N1+O|V1+O+O|N1+O+O	صفت|اسم + ی|بن مضارع + ه + ی|اسم + ه + ی	
1	از	از	از	از	Pr	حرف اضافه	
2	مردم	مردم|مرد|مرد|مرد	مردم	مردم|مرد + م|مرد + م|مرد + م	N1|N1+O|N1+V|V+O	اسم|اسم + ضمیر ملکی اول شخص مفرد|اسم + فعل اول شخص مفرد|فعل ماضی ساده+اول شخص مفرد	
3	روز	روز	روز	روز	N1	اسم	
4	به	به|به	به	به|به	Pr|N1	حرف اضافه|اسم	
5	روز	روز	روز	روز	N1	اسم	
6	به	به|به	به	به|به	Pr|N1	حرف اضافه|اسم	
7	سمت	سمت|سم|سم	سمت	سمت|سم + ت|سم + ت	N1|N1+O|N1+O	اسم|اسم + ضمیر ملکی دوم شخص مفرد|اسم + ضمیر ملکی دوم شخص مفرد	
8	قوم‌گرایی	قوم‌گرایی|قوم|قو|قو	قوم‌گرا	قوم‌گرایی|قوم + گرا + یی|قو + م + گرا + یی|قو + م + گرا + یی	N1|N1+O+O|N1+O+O+O|N1+V	اسم|اسم + گرا + یی|اسم + ضمیر ملکی اول شخص مفرد + گرا + یی|اسم + فعل اول شخص مفرد	
9	و	و|و|و	و	و|و|و	C0|Al|Ab	حرف ربط|حروف الفبا|اختصارات	
10	انزواطلبی	انزواطلبی|انزواطلب|انزوا	انزواطلبی	انزواطلبی|انزواطلب + ی|انزوا + طلب + ی	N1|A0+O|N1+O+O	اسم|صفت + ی|اسم + طلب + ی	
11	گرایش	گرایش|گرا|گر	گرایش	گرایش|گرا + ی + ش|گر + ا + ی + ش	N1|V+O|O+O+O+O	اسم|فعل مضارع ساده+سوم شخص مفرد|ریشه مضارع + ا + ی + ضمیر ملکی سوم شخص مفرد	
12	پیدا	پیدا	پیدا	پیدا	A0	صفت	
13	می‌کردند	کرد	کرد	می + کرد + ند	V+O	فعل ماضی استمراری+سوم شخص جمع	
14	و	و|و|و	و	و|و|و	C0|Al|Ab	حرف ربط|حروف الفبا|اختصارات	
15	مذاکرات	مذاکرات|مذاکره	مذاکرات	مذاکرات|مذاکره + ات	N1|N1+Pl	اسم|اسم + علامت جمع	
16	زیادی	زیادی|زیاد	زیاد	زیادی|زیاد + ی	A0|A0+O	صفت|صفت + ی	
17	برای	برای|برا|بر	برای	برای|برا + ی|بر + ا + ی	Pr|A0+O|O+O+O	حرف اضافه|صفت + ی|ریشه مضارع + ا + ی	
18	تقویت	تقویت	تقویت	تقویت	N1	اسم	
19	مرزبندی	مرزبندی|مرزبند	مرزبند	مرزبندی|مرزبند + ی	N1|N1+O	اسم|اسم + ی	
20	بین	بین|بین|بین|ین	بین	بین|بین|بین|ب + ین	V|A0|N9|O+N1	فعل امر مثبت|صفت|اسم موجود در ساختمان حرف اضافه و حرف ربط گروهی|ب + اسم	
21	کشورها	کشور|کش	کشور	کشور + ها|کش + ور + ها	N1+Pl|V1+O+Pl	اسم + علامت جمع|بن مضارع + ور + علامت جمع	
22	،	،	،	،	Si	علامت	
23	مثل	مثل|مثل|مثل	مثل	مثل|مثل|مثل	N1|N9|N1	اسم|اسم موجود در ساختمان حرف اضافه و حرف ربط گروهی|اسم	
24	دیوارکشی	دیوارکشی|دیوار|دی	دیوارکشی	دیوارکشی|دیوار + ک + ش + ی|دی + وار + ک + ش + ی	N1|N1+O+O+O|N1+O+O+O+O	اسم|اسم + ک + ضمیر ملکی سوم شخص مفرد + ی|اسم + وار + ک + ضمیر ملکی سوم شخص مفرد + ی	
25	بین	بین|بین|بین|ین	بین	بین|بین|بین|ب + ین	V|A0|N9|O+N1	فعل امر مثبت|صفت|اسم موجود در ساختمان حرف اضافه و حرف ربط گروهی|ب + اسم	
26	مکزیک	مکزیک	مکزیک	مکزیک	N2	اسم خاص مکان	
27	و	و|و|و	و	و|و|و	C0|Al|Ab	حرف ربط|حروف الفبا|اختصارات	
28	آمریکا	امریکا	آمریکا	امریکا	N2	اسم خاص مکان	
29	در	در|در|در|در|در	در	در|در|در|در|در	Pr|V|N1|N1|VPr	حرف اضافه|فعل امر مثبت|اسم|اسم|پیشوند فعل	
30	جریان‌بود	جریان بود	جریان‌بود	جریان بود	O	_
31	.	.	.	.	Si	علامت	
0	نه	نه|نه|نه	نه	نه|نه|نه	O|V|N1	عدد حرفی|فعل امر مثبت|اسم	
1	،	،	،	،	Si	علامت	
2	انیمیشن‌ها	انیمیشن	انیمیشن‌ها	انیمیشن + ها	N1+Pl	اسم + علامت جمع	
3	عموما	عموماً	عموما	عموماً	Ad	قید	
4	در	در|در|در|در|در	در	در|در|در|در|در	Pr|V|N1|N1|VPr	حرف اضافه|فعل امر مثبت|اسم|اسم|پیشوند فعل	
5	طول	طول	طول	طول	N1	اسم	
6	پروسه‌ی	پروسه	پروسه	پروسه + ی	N1+O	اسم + ی	
7	تولید	تولید	تولید	تولید	N1	اسم	
8	،	،	،	،	Si	علامت	
9	دست‌خوش	دستخوش	دست‌خوش	دستخوش	N1	اسم	
10	تغییرات	تغییر	تغییرات	تغییر + ات	N1+Pl	اسم + علامت جمع	
11	زیادی	زیادی|زیاد	زیاد	زیادی|زیاد + ی	A0|A0+O	صفت|صفت + ی	
12	می‌شوند	شو	شد	می + شو + ند	V+O	فعل حال اخباری+سوم شخص جمع	
13	.	.	.	.	Si	علامت	
0	درباره‌ی	درباره|دربار	درباره	درباره + ی|دربار + ه + ی	N1+O|N1+O+O	اسم + ی|اسم + ه + ی	
1	این	این|این	این	این|این	A1|N6	صفت اشاره|ضمیر اشاره	
2	فیلم	فیلم|فیل|فیل	فیلم	فیلم|فیل + م|فیل + م	N1|N1+O|N1+V	اسم|اسم + ضمیر ملکی اول شخص مفرد|اسم + فعل اول شخص مفرد	
3	هم	هم|هم|هم	هم	هم|هم|هم	Ad|C0|O	قید|حرف ربط|ضمیر مشترک/متقابل	
4	،	،	،	،	Si	علامت	
5	آمدن	آمدن	آمدن	آمدن	O	_
6	من	من	من	من	N5	ضمیر فاعلی	
7	هم‌زمان	هم‌زمان|زمان|زم	هم‌زمان	هم‌زمان|هم + زمان|هم + زم + ان	A0+O|O+N1+O|O+N1+O	صفت+واجی ریشه: hamzamAn|هم + اسم+واجی ریشه: zamAn|هم + اسم + ان	
8	شد	شد	شد	شد	V+O	فعل ماضی ساده+سوم شخص مفرد	
9	با	با	با	با	Pr	حرف اضافه	
10	تغییر	تغییر	تغییر	تغییر	N1	اسم	
11	مدیریت	مدیریت|مدیر	مدیریت	مدیریت|مدیر + یت	N1|N1+O	اسم|اسم + یت	
12	در	در|در|در|در|در	در	در|در|در|در|در	Pr|V|N1|N1|VPr	حرف اضافه|فعل امر مثبت|اسم|اسم|پیشوند فعل	
13	بخش	بخش|بخش|خش	بخش	بخش|بخش|ب + خش	N1|V|O+N1	اسم|فعل امر مثبت|ب + اسم	
14	انیمیشن	انیمیشن	انیمیشن	انیمیشن	N1	اسم	
15	استودیوی	استودیو	استودیو	استودیو + ی	N1+O	اسم + ی	
16	«	«	«	«	Si	علامت	
17	برادران	برادر	برادر	برادر + ان	N1+O	اسم + ان	
18	وارنر	وارنر	وارنر	وارنر	O	_
19	».	».	».	».	Si	علامت	
0	آن‌ها	آن ها	آن	آن ها	O	_
1	کار	کار|کار	کار	کار|کار	N1|V	اسم|فعل امر مثبت	
2	موزیکالی	موزیکال	موزیکالی	موزیکال + ی	A0+O	صفت + ی	
3	را	را	را	را	Po	حرف اضافه پسین	
4	از	از	از	از	Pr	حرف اضافه	
5	من	من	من	من	N5	ضمیر فاعلی	
6	در	در|در|در|در|در	در	در|در|در|در|در	Pr|V|N1|N1|VPr	حرف اضافه|فعل امر مثبت|اسم|اسم|پیشوند فعل	
7	«	«	«	«	Si	علامت	
8	برادوی	برادوی	برادوی	برادوی	O	_
9	»	»	»	»	Si	علامت	
10	دیده‌بودند	دید	دیده‌بودند	دید + ه + بود + ند	V+O	فعل ماضی بعید+سوم شخص جمع	
11	و	و|و|و	و	و|و|و	C0|Al|Ab	حرف ربط|حروف الفبا|اختصارات	
12	خواستند	خواست|خواست|خواست	خواست	خواست + ند|خواست + ند|خواست + ند	V+O|N1+V|V5+V	فعل ماضی ساده+سوم شخص جمع|اسم + فعل سوم شخص جمع|فعل کمکی + فعل سوم شخص جمع	
13	که	که|که|که|که	که	که|که|که|که	C0|NA|N1|N1	حرف ربط|ضمیر پرسشی|اسم|اسم	
14	کوچک‌پا	کوچک‌پا	کوچک‌پا	کوچک‌پا	A0	صفت	
15	هم	هم|هم|هم	هم	هم|هم|هم	Ad|C0|O	قید|حرف ربط|ضمیر مشترک/متقابل	
16	موزیکال	موزیکال	موزیکال	موزیکال	A0	صفت	
17	شود	شود|شو	شد	شود|شو + د	N1|V+O	اسم|فعل مضارع ساده+سوم شخص مفرد	
18	.	.	.	.	Si	علامت	
0	شاید	شاید|شاید|شا	شاید	شاید|شاید|شا + ی + د	V+O|Ad|V+O	فعل ماضی ساده+سوم شخص مفرد|قید|فعل مضارع ساده+سوم شخص مفرد	
1	سخت	سخت|سخت	سخت	سخت|سخت	V|A0	فعل امر مثبت|صفت	
2	باشد	باش|اشد	بود	باش + د|ب + اشد	V+O|O+A0	فعل مضارع ساده+سوم شخص مفرد|ب + صفت	
3	که	که|که|که|که	که	که|که|که|که	C0|NA|N1|N1	حرف ربط|ضمیر پرسشی|اسم|اسم	
4	بپذیریم	پذیر|پذیر	پذیرفت	ب + پذیر + یم|ب + پذیر + ی + م	V+O|V+O	فعل حال التزامی+اول شخص جمع|فعل حال التزامی+دوم شخص مفرد	
5	استودیوی	استودیو	استودیو	استودیو + ی	N1+O	اسم + ی	
6	وارنر	وارنر	وارنر	وارنر	O	_
7	هم	هم|هم|هم	هم	هم|هم|هم	Ad|C0|O	قید|حرف ربط|ضمیر مشترک/متقابل	
8	می‌تواند	توان|توان	توانست	می + توان + د|می + توان + د	O+V4+O|V+O	می + فعل وجه نما + د|فعل حال اخباری+سوم شخص مفرد	
9	به	به|به	به	به|به	Pr|N1	حرف اضافه|اسم	
10	خوبی	خوبی|خوب	خوبی	خوبی|خوب + ی	N1|A0+O	اسم|صفت + ی	
11	استودیوهای	استودیو	استودیو	استودیو + ها + ی	N1+Pl+O	اسم + علامت جمع + ی	
12	«	«	«	«	Si	علامت	
13	دیزنی	دیزنی	دیزنی	دیزنی	O	_
14	»،	»،	»،	»،	Si	علامت	
15	«	«	«	«	Si	علامت	
16	پیکسار	پیک|پیک|پی	پیکسار	پیک + سار|پیک + سار|پی + ک + سار	N1+O|N1+O|N1+O+O	اسم + سار|اسم + سار|اسم + ک + سار	
17	»	»	»	»	Si	علامت	
18	یا	یا|یا	یا	یا|یا	C0|Intj	حرف ربط|صوت	
19	«	«	«	«	Si	علامت	
20	دریم‌ورکز	دریم ورکز	دریم‌ورکز	دریم ورکز	O	_
21	»،	»،	»،	»،	Si	علامت	
22	موزیکالی	موزیکال	موزیکالی	موزیکال + ی	A0+O	صفت + ی	
23	موفق	موفق	موفق	موفق	A0	صفت	
24	بسازد	ساز	ساخت	ب + ساز + د	V+O	فعل حال التزامی+سوم شخص مفرد	
25	.	.	.	.	Si	علامت	
0	اما	اما	اما	اما	C0	حرف ربط	
1	با	با	با	با	Pr	حرف اضافه	
2	تمام	تمام|تمام	تمام	تمام|تمام	A0|N9	صفت|اسم موجود در ساختمان حرف اضافه و حرف ربط گروهی	
3	احترامی	احترام	احترام	احترام + ی	N1+O	اسم + ی	
4	که	که|که|که|که	که	که|که|که|که	C0|NA|N1|N1	حرف ربط|ضمیر پرسشی|اسم|اسم	
5	برای	برای|برا|بر	برای	برای|برا + ی|بر + ا + ی	Pr|A0+O|O+O+O	حرف اضافه|صفت + ی|ریشه مضارع + ا + ی	
6	کمپانی‌های	کمپانی	کمپانی‌های	کمپانی + ها + ی	N1+Pl+O	اسم + علامت جمع + ی	
7	دیگر	دیگر|دیگر|دی	دیگر	دیگر|دیگر|دی + گر	Ad|A2|N1+O	قید|صفت مبهم|اسم + گر	
8	قائلم	قائل	قائل	قائل	O	_
9	باید	باید	باید	باید	V4	فعل وجه نما	
10	بگویم	گو	گفت	ب + گو + یم	V+O	فعل حال التزامی+اول شخص جمع	
11	،	،	،	،	Si	علامت	
12	بخش	بخش|بخش|خش	بخش	بخش|بخش|ب + خش	N1|V|O+N1	اسم|فعل امر مثبت|ب + اسم	
13	بزرگی	بزرگی|بزرگ|زره|زر|زر	بزرگ	بزرگی|بزرگ + ی|ب + زره + گی|ب + زر + ه + گی|ب + زر + ه + گی	N1|A0+O|O+N1+O|O+N1+O+O|O+N1+O+O	اسم|صفت + ی|ب + اسم + گی|ب + اسم + ه + گی|ب + اسم + ه + گی	
14	از	از	از	از	Pr	حرف اضافه	
15	دنیای	دنیا	دنیا	دنیا + ی	N1+O	اسم + ی	
16	کودکی	کودکی|کودک|کود	کودک	کودکی|کودک + ی|کود + ک + ی	N1|N1+O|N1+O+O	اسم|اسم + ی|اسم + ک + ی	
17	و	و|و|و	و	و|و|و	C0|Al|Ab	حرف ربط|حروف الفبا|اختصارات	
18	نوجوانی	نوجوانی|نوجوان|نوجو|نو	نوجوان	نوجوانی|نوجوان + ی|نوجو + ان + ی|نو + جو + ان + ی	N1|N1+O|A0+O+O|A0+O+O+O	اسم|اسم + ی|صفت + ان + ی|صفت + جو + ان + ی	
19	ما	ما	ما	ما	N5	ضمیر فاعلی	
20	با	با	با	با	Pr	حرف اضافه	
21	«	«	«	«	Si	علامت	
22	باگز‌بانی	باگز بانی	باگز‌بانی	باگز بانی	O	_
23	»،	»،	»،	»،	Si	علامت	
24	«	«	«	«	Si	علامت	
25	دافی‌داک	دافی داک	دافی‌داک	دافی داک	O	_
26	»	»	»	»	Si	علامت	
27	و	و|و|و	و	و|و|و	C0|Al|Ab	حرف ربط|حروف الفبا|اختصارات	
28	«	«	«	«	Si	علامت	
29	چاک‌جونز	چاک جونز	چاک‌جونز	چاک جونز	O	_
30	»	»	»	»	Si	علامت	
31	سپری‌شده‌و	سپری شده و	سپری‌شده‌و	سپری شده و	O	_
32	استودیوی	استودیو	استودیو	استودیو + ی	N1+O	اسم + ی	
33	وارنر	وارنر	وارنر	وارنر	O	_
34	خیلی	خیلی|خیلی|خیل	خیلی	خیلی|خیلی|خیل + ی	A0|Ad|N1+O	صفت|قید|اسم + ی	
35	پیش‌تر	پیشتر|پیش	پیش	پیشتر|پیش + تر	A0|A0+O	صفت|صفت + علامت صفت تفضیلی	
36	از	از	از	از	Pr	حرف اضافه	
37	این	این|این	این	این|این	A1|N6	صفت اشاره|ضمیر اشاره	
38	،	،	،	،	Si	علامت	
39	قدرتش	قدرت	قدرت	قدرت + ش	N1+O	اسم + ضمیر ملکی سوم شخص مفرد	
40	را	را	را	را	Po	حرف اضافه پسین	
41	در	در|در|در|در|در	در	در|در|در|در|در	Pr|V|N1|N1|VPr	حرف اضافه|فعل امر مثبت|اسم|اسم|پیشوند فعل	
42	تولید	تولید	تولید	تولید	N1	اسم	
43	انیمیشن‌های	انیمیشن	انیمیشن‌های	انیمیشن + ها + ی	N1+Pl+O	اسم + علامت جمع + ی	
44	به	به|به	به	به|به	Pr|N1	حرف اضافه|اسم	
45	یادماندنی	یادماندنی	یادماندن	یادماندنی	A0	صفت	
46	نشان	نشان|نشان	نشان	نشان|نشان	V|N1	فعل امر مثبت|اسم	
47	داده	داده|داد|داد	داده	داده|داد + ه|داد + ه	N1|O+O|N1+O	اسم|ریشه ماضی + ه|اسم + ه	
48	است	است|اس		است|اس + ت	V+O|N1+O	فعل مضارع ساده+سوم شخص مفرد|اسم + ضمیر ملکی دوم شخص مفرد	
49	.	.	.	.	Si	علامت	
0	این	این|این	این	این|این	A1|N6	صفت اشاره|ضمیر اشاره	
1	را	را	را	را	Po	حرف اضافه پسین	
2	به‌خلاقیت	خلاقیت|خلاق	به‌خلاقیت	به + خلاقیت|به + خلاق + یت	O+N1|O+A0+O	به + اسم|به + صفت + یت	
3	تدوین	تدوین	تدوین	تدوین	N1	اسم	
4	گرمان	گر|گر	گر	گر + مان|گر + مان	V+O|N1+O	فعل مضارع ساده+سوم شخص مفرد|اسم + ضمیر ملکی اول شخص جمع	
5	،	،	،	،	Si	علامت	
6	یعنی	یعنی	یعنی	یعنی	C0	حرف ربط	
7	«	«	«	«	Si	علامت	
8	پیتر	پیتر	پیتر	پیتر	O	_
9	اتینگر	اتین	اتینگر	اتین + گر	N1+O	اسم + گر	
10	»	»	»	»	Si	علامت	
11	مدیونیم	مدیونی|مدیونی	مدیون	مدیونی + م|مدیونی + م	N1+O|N1+V	اسم + ضمیر ملکی اول شخص مفرد|اسم + فعل اول شخص مفرد	
12	.	.	.	.	Si	علامت	
0	او	او|او	او	او|او	N5|Ab	ضمیر فاعلی|اختصارات	
1	کلمه‌هایی	کلمه|کلم	کلمه	کلمه + ها + یی|کلم + ه + ها + یی	N1+Pl+O|N1+O+Pl+O	اسم + علامت جمع + یی|اسم + ه + علامت جمع + یی	
2	را	را	را	را	Po	حرف اضافه پسین	
3	تصادفی	تصادفی|تصادف	تصادف	تصادفی|تصادف + ی	A0|N1+O	صفت|اسم + ی	
4	اتنخاب	اتنخاب	اتنخاب	اتنخاب	O	_
5	می‌کرد	کرد	کرد	می + کرد	V+O	فعل ماضی استمراری+سوم شخص مفرد	
6	و	و|و|و	و	و|و|و	C0|Al|Ab	حرف ربط|حروف الفبا|اختصارات	
7	گام‌های	گام	گام	گام + ها + ی	N1+Pl+O	اسم + علامت جمع + ی	
8	آن	ان	آن	ان	Ab	اختصارات	
9	را	را	را	را	Po	حرف اضافه پسین	
10	تغییر	تغییر	تغییر	تغییر	N1	اسم	
11	می‌داد	داد	داد	می + داد	V+O	فعل ماضی استمراری+سوم شخص مفرد	
12	.	.	.	.	Si	علامت	
0	او	او|او	او	او|او	N5|Ab	ضمیر فاعلی|اختصارات	
1	به	به|به	به	به|به	Pr|N1	حرف اضافه|اسم	
2	فرمولی	فرمول|فرم	فرمول	فرمول + ی|فرم + ول + ی	N1+O|N1+O+O	اسم + ی|اسم + ول + ی	
3	رسید	رسید|رسید|رس|رس	رسید	رسید|رسید|رس + ید|رس + ید	V+O|N1|V+O|N1+V	فعل ماضی ساده+سوم شخص مفرد|اسم|فعل مضارع ساده+دوم شخص جمع|اسم + فعل دوم شخص جمع	
4	و	و|و|و	و	و|و|و	C0|Al|Ab	حرف ربط|حروف الفبا|اختصارات	
5	آن	ان	آن	ان	Ab	اختصارات	
6	را	را	را	را	Po	حرف اضافه پسین	
7	در	در|در|در|در|در	در	در|در|در|در|در	Pr|V|N1|N1|VPr	حرف اضافه|فعل امر مثبت|اسم|اسم|پیشوند فعل	
8	تمام	تمام|تمام	تمام	تمام|تمام	A0|N9	صفت|اسم موجود در ساختمان حرف اضافه و حرف ربط گروهی	
9	انیمیشن	انیمیشن	انیمیشن	انیمیشن	N1	اسم	
10	،	،	،	،	Si	علامت	
11	به‌کار	بهکار|کار	به‌کار	بهکار|به + کار	N1|O+N1	اسم|به + اسم	
12	برد	برد|برد|بر|رد	برد	برد|برد|بر + د|ب + رد	V+O|N1|V+O|O+A0	فعل ماضی ساده+سوم شخص مفرد|اسم|فعل مضارع ساده+سوم شخص مفرد|ب + صفت	
13	.	.	.	.	Si	علامت	
0	وقتی	وقتی|وقت	وقت	وقتی|وقت + ی	Ad|N1+O	قید|اسم + ی	
1	برای	برای|برا|بر	برای	برای|برا + ی|بر + ا + ی	Pr|A0+O|O+O+O	حرف اضافه|صفت + ی|ریشه مضارع + ا + ی	
2	اولین	اولین|اول	اولین	اولین|اول + ین	A0|A0+O	صفت|صفت + ین	
3	بار	بار|بار	بار	بار|بار	V|N1	فعل امر مثبت|اسم	
4	آن‌ها	آن ها	آن	آن ها	O	_
5	را	را	را	را	Po	حرف اضافه پسین	
6	شنیدیم	شنید|شنید	شنید	شنید + یم|شنید + ی + م	V+O|V+O	فعل ماضی ساده+اول شخص جمع|فعل ماضی ساده+دوم شخص مفرد	
7	همه	همه|همه	همه	همه|همه	N1|A2	اسم|صفت مبهم	
8	به	به|به	به	به|به	Pr|N1	حرف اضافه|اسم	
9	خنده	خنده|خند	خنده	خنده|خند + ه	N1|V1+O	اسم|بن مضارع + ه	
10	افتادیم	افتاد|افتاد	افتاد	افتاد + یم|افتاد + ی + م	V+O|V+O	فعل ماضی ساده+اول شخص جمع|فعل ماضی ساده+دوم شخص مفرد	
11	.	.	.	.	Si	علامت	
0	به	به|به	به	به|به	Pr|N1	حرف اضافه|اسم	
1	نظرم	نظر|نظر	نظر	نظر + م|نظر + م	N1+O|N1+V	اسم + ضمیر ملکی اول شخص مفرد|اسم + فعل اول شخص مفرد	
2	بامزه‌ترین	بامزه|مزه|مزه	بامزه	بامزه + ترین|با + مزه + ترین|با + مزه + ترین	A0+O|O+N1+O|O+N1+O	صفت + علامت صفت تفضیلی|با + اسم + علامت صفت تفضیلی|با + اسم + علامت صفت تفضیلی	
3	دیالوگ	دیالوگ	دیالوگ	دیالوگ	N1	اسم	
4	آن‌جاست	آن جا	آن‌جاست	آن جا	O	_
5	که	که|که|که|که	که	که|که|که|که	C0|NA|N1|N1	حرف ربط|ضمیر پرسشی|اسم|اسم	
6	شخصیت	شخصیت|شخصی|شخص	شخصیت	شخصیت|شخصی + ت|شخص + ی + ت	N1|A0+O|N1+O+O	اسم|صفت + ضمیر ملکی دوم شخص مفرد|اسم + ی + ضمیر ملکی دوم شخص مفرد	
7	«	«	«	«	Si	علامت	
8	پرسی	پرسی|پرس|پرس	پرسید	پرسی|پرس + ی|پرس + ی	Ad|V+O|N1+O	قید|فعل مضارع ساده+دوم شخص مفرد|اسم + ی	
9	»	»	»	»	Si	علامت	
10	می‌گوید	گو	گفت	می + گو + ید	V+O	فعل حال اخباری+دوم شخص جمع	
11	:	:	:	:	Si	علامت	
0	«	«	«	«	Si	علامت	
1	بگیر	بگیر|گیر|گیر	گرفت	بگیر|ب + گیر|ب + گیر	A0|V|O+A0	صفت|فعل امر مثبت|ب + صفت	
2	تو	تو|تو|تو	تو	تو|تو|تو	N5|Ad|N1	ضمیر فاعلی|قید|اسم	
3	دا	دا	دا	دا	O	_
4	بی	بی|بی	بی	بی|بی	Pr|Ab	حرف اضافه|اختصارات	
5	لا	لا	لا	لا	A0	صفت	
6	بو	بو|بو	بو	بو|بو	V|N1	فعل امر مثبت|اسم	
7	!»	!»	!»	!»	Si	علامت	
8	با	با	با	با	Pr	حرف اضافه	
9	شما	شما|شما	شما	شما|شما	N5|N1	ضمیر فاعلی|اسم	
10	موافقم	موافق|موافق	موافق	موافق + م|موافق + م	A0+O|A0+V	صفت + ضمیر ملکی اول شخص مفرد|صفت + فعل اول شخص مفرد	
11	و	و|و|و	و	و|و|و	C0|Al|Ab	حرف ربط|حروف الفبا|اختصارات	
12	به	به|به	به	به|به	Pr|N1	حرف اضافه|اسم	
13	این	این|این	این	این|این	A1|N6	صفت اشاره|ضمیر اشاره	
14	فهرست	فهرست|فهر	فهرست	فهرست|فهر + ست	N1|N1+O	اسم|اسم + ضمیر ملکی سوم شخص مفرد	
15	دو	دو|دو|دو	دو	دو|دو|دو	O|V|N1	عدد حرفی|فعل امر مثبت|اسم	
16	انیمیشن	انیمیشن	انیمیشن	انیمیشن	N1	اسم	
17	دوست‌داشتنی	دوست‌داشتنی	دوست‌داشتنی	دوست‌داشتنی	A0	صفت	
18	«	«	«	«	Si	علامت	
19	لک‌لک‌ها	لک‌لک	لک‌لک	لک‌لک + ها	N1+Pl	اسم + علامت جمع	
20	»	»	»	»	Si	علامت	
21	و	و|و|و	و	و|و|و	C0|Al|Ab	حرف ربط|حروف الفبا|اختصارات	
22	«	«	«	«	Si	علامت	
23	لگو	لگو	لگو	لگو	N1	اسم	
24	»	»	»	»	Si	علامت	
25	را	را	را	را	Po	حرف اضافه پسین	
26	هم	هم|هم|هم	هم	هم|هم|هم	Ad|C0|O	قید|حرف ربط|ضمیر مشترک/متقابل	
27	اضافه	اضافه|اضاف	اضافه	اضافه|اضاف + ه	A0|N1+O	صفت|اسم + ه	
28	می‌کنم	کن|کن	کرد	می + کن + م|می + کن + م	V+O|V+O	فعل حال اخباری+اول شخص مفرد|فعل حال اخباری+اول شخص مفرد	
29	.	.	.	.	Si	علامت	
0	اما	اما	اما	اما	C0	حرف ربط	
1	برگردیم	برگرد|برگرد|برگرد	برگردیم	برگرد + یم|برگرد + ی + م|برگرد + یم	V+O|V+O|N1+V	فعل مضارع ساده+اول شخص جمع|فعل مضارع ساده+دوم شخص مفرد|اسم + فعل اول شخص جمع	
2	به	به|به	به	به|به	Pr|N1	حرف اضافه|اسم	
3	کوچک‌پا	کوچک‌پا	کوچک‌پا	کوچک‌پا	A0	صفت	
4	.	.	.	.	Si	علامت	
0	به	به|به	به	به|به	Pr|N1	حرف اضافه|اسم	
1	نظرم	نظر|نظر	نظر	نظر + م|نظر + م	N1+O|N1+V	اسم + ضمیر ملکی اول شخص مفرد|اسم + فعل اول شخص مفرد	
2	لایه‌های	لایه|لای|یه	لایه	لایه + ها + ی|لای + ه + ها + ی|لا + یه + ها + ی	N1+Pl+O|N1+O+Pl+O|O+N1+Pl+O	اسم + علامت جمع + ی|اسم + ه + علامت جمع + ی|لا + اسم + علامت جمع + ی	
3	بسیاری	بسیاری|بسیار|بسیار|سیار|بس	بسیار	بسیاری|بسیار + ی|بسیار + ی|ب + سیار + ی|بس + یار + ی	A2|A0+O|Ad+O|O+A0+O|A0+O+O	صفت مبهم|صفت + ی|قید + ی|ب + صفت + ی|صفت + یار + ی	
4	در	در|در|در|در|در	در	در|در|در|در|در	Pr|V|N1|N1|VPr	حرف اضافه|فعل امر مثبت|اسم|اسم|پیشوند فعل	
5	این	این|این	این	این|این	A1|N6	صفت اشاره|ضمیر اشاره	
6	انیمیشن	انیمیشن	انیمیشن	انیمیشن	N1	اسم	
7	وجود	وجود|وجود	وجود	وجود|وجود	N1|N9	اسم|اسم موجود در ساختمان حرف اضافه و حرف ربط گروهی	
8	دارد	دار|دار	داشت	دار + د|دار + د	V+O|V5+O	فعل مضارع ساده+سوم شخص مفرد|فعل کمکی + د	
9	؛	؛	؛	؛	Si	علامت	
10	طنز	طنز	طنز	طنز	N1	اسم	
11	،	،	،	،	Si	علامت	
12	موسیقی	موسیقی	موسیقی	موسیقی	N1	اسم	
13	،	،	،	،	Si	علامت	
14	داستان	داستان|داس	داستان	داستان|داس + تان	N1|N1+O	اسم|اسم + ضمیر ملکی دوم شخص جمع	
15	،	،	،	،	Si	علامت	
16	پیام‌هایی	پیام	پیام	پیام + ها + یی	N1+Pl+O	اسم + علامت جمع + یی	
17	پیرامون	پیرامون|پیرامون	پیرامون	پیرامون|پیرامون	N1|N9	اسم|اسم موجود در ساختمان حرف اضافه و حرف ربط گروهی	
18	آفرینش	آفرینش|آفرین	آفرینش	آفرینش|آفرین + ش	N1|V+O	اسم|فعل مضارع ساده+سوم شخص مفرد	
19	،	،	،	،	Si	علامت	
20	کشف	کشف|کشف	کشف	کشف|کشف	N1|N1	اسم|اسم	
21	جهان	جهان|جهان|جه	جهان	جهان|جهان|جه + ان	N1|V|N1+O	اسم|فعل امر مثبت|اسم + ان	
22	و	و|و|و	و	و|و|و	C0|Al|Ab	حرف ربط|حروف الفبا|اختصارات	
23	...	...	 …	...	Si	علامت	
0	رئیس‌جمهور	رییس‌جمهور	رئیس‌جمهور	رییس‌جمهور	N1	اسم	
1	بعدی	بعدی|بعدی|بعد|بعد	بعد	بعدی|بعدی|بعد + ی|بعد + ی	A0|N1|A0+O|N1+O	صفت|اسم|صفت + ی|اسم + ی	
2	گرجستان	گرجستان	گرجستان	گرجستان	N2	اسم خاص مکان	
3	در	در|در|در|در|در	در	در|در|در|در|در	Pr|V|N1|N1|VPr	حرف اضافه|فعل امر مثبت|اسم|اسم|پیشوند فعل	
4	سال	سال	سال	سال	N1	اسم	
5	2024	2024	۲۰۲۴	2024	Nu	عدد رقمی	
6	میلادی	میلادی|میلاد	میلاد	میلادی|میلاد + ی	A0|N1+O	صفت|اسم + ی	
7	توسط	توسط|توسط	توسط	توسط|توسط	N1|N9	اسم|اسم موجود در ساختمان حرف اضافه و حرف ربط گروهی	
8	یک	یک	یک	یک	O	عدد حرفی	
9	کالج	کالج	کالج	کالج	N1	اسم	
10	انتخاباتی	انتخاباتی|انتخاب	انتخاباتی	انتخاباتی|انتخاب + ات + ی	A0|N1+Pl+O	صفت|اسم + علامت جمع + ی	
11	که	که|که|که|که	که	که|که|که|که	C0|NA|N1|N1	حرف ربط|ضمیر پرسشی|اسم|اسم	
12	متشکل	متشکل	متشکل	متشکل	A0	صفت	
13	از	از	از	از	Pr	حرف اضافه	
14	300	300	۳۰۰	300	Nu	عدد رقمی	
15	عضو	عضو	عضو	عضو	N1	اسم	
16	است	است|اس		است|اس + ت	V+O|N1+O	فعل مضارع ساده+سوم شخص مفرد|اسم + ضمیر ملکی دوم شخص مفرد	
17	،	،	،	،	Si	علامت	
18	انتخاب	انتخاب	انتخاب	انتخاب	N1	اسم	
19	خواهد	خواه|خواه	خواست	خواه + د|خواه + د	V+O|V5+O	فعل مضارع ساده+سوم شخص مفرد|فعل کمکی + د	
20	شد	شد	شد	شد	V+O	فعل ماضی ساده+سوم شخص مفرد	
21	.	.	.	.	Si	علامت	
0	این	این|این	این	این|این	A1|N6	صفت اشاره|ضمیر اشاره	
1	تغییر	تغییر	تغییر	تغییر	N1	اسم	
2	قانون	قانون	قانون	قانون	N1	اسم	
3	اساسی	اساسی	اساس	اساسی	A0	صفت	
4	در	در|در|در|در|در	در	در|در|در|در|در	Pr|V|N1|N1|VPr	حرف اضافه|فعل امر مثبت|اسم|اسم|پیشوند فعل	
5	سپتامبر	سپتامبر	سپتامبر	سپتامبر	N1	اسم	
6	سال	سال	سال	سال	N1	اسم	
7	2017	2017	۲۰۱۷	2017	Nu	عدد رقمی	
8	میلادی	میلادی|میلاد	میلاد	میلادی|میلاد + ی	A0|N1+O	صفت|اسم + ی	
9	اتخاذ	اتخاذ	اتخاذ	اتخاذ	N1	اسم	
10	شد	شد	شد	شد	V+O	فعل ماضی ساده+سوم شخص مفرد	
11	؛	؛	؛	؛	Si	علامت	
12	اقدامی	اقدامی|اقدام	اقدام	اقدامی|اقدام + ی	A0|N1+O	صفت|اسم + ی	
13	که	که|که|که|که	که	که|که|که|که	C0|NA|N1|N1	حرف ربط|ضمیر پرسشی|اسم|اسم	
14	از	از	از	از	Pr	حرف اضافه	
15	سوی	سوی|سو	سو	سوی|سو + ی	N1|N1+O	اسم|اسم + ی	
16	احزاب	احزاب	احزاب	احزاب	N1	اسم	
17	اپوزیسیون	اپوزیسیون	اپوزیسیون	اپوزیسیون	N1	اسم	
18	مورد	مورد|مورد|مورد	مورد	مورد|مورد|مورد	N1|N9|N1	اسم|اسم موجود در ساختمان حرف اضافه و حرف ربط گروهی|اسم	
19	انتقاد	انتقاد	انتقاد	انتقاد	N1	اسم	
20	قرار	قرار|قرار	قرار	قرار|قرار	N1|N9	اسم|اسم موجود در ساختمان حرف اضافه و حرف ربط گروهی	
21	گرفته	گرفته|گرفت|گرفت	گرفته	گرفته|گرفت + ه|گرفت + ه	A0|O+O|N1+O	صفت|ریشه ماضی + ه|اسم + ه	
22	و	و|و|و	و	و|و|و	C0|Al|Ab	حرف ربط|حروف الفبا|اختصارات	
23	آن	ان	آن	ان	Ab	اختصارات	
24	را	را	را	را	Po	حرف اضافه پسین	
25	به	به|به	به	به|به	Pr|N1	حرف اضافه|اسم	
26	عنوان	عنوان	عنوان	عنوان	N1	اسم	
27	اقدامی	اقدامی|اقدام	اقدام	اقدامی|اقدام + ی	A0|N1+O	صفت|اسم + ی	
28	به	به|به	به	به|به	Pr|N1	حرف اضافه|اسم	
29	نفع	نفع	نفع	نفع	N1	اسم	
30	حزب	حزب	حزب	حزب	N1	اسم	
31	حاکم	حاکم	حاکم	حاکم	N1	اسم	
32	محکوم	محکوم	محکوم	محکوم	A0	صفت	
33	کردند	کرد|کرد	کرد	کرد + ند|کرد + ند	V+O|N1+V	فعل ماضی ساده+سوم شخص جمع|اسم + فعل سوم شخص جمع	
34	.	.	.	.	Si	علامت	
0	گیورگی	گئورگی	گیورگی	گئورگی	N3	اسم خاص اشخاص	
1	مارگولاشویلی	مارگولاشویلی	مارگولاشویلی	مارگولاشویلی	O	_
2	،	،	،	،	Si	علامت	
3	رئیس‌جمهور	رییس‌جمهور	رئیس‌جمهور	رییس‌جمهور	N1	اسم	
4	در	در|در|در|در|در	در	در|در|در|در|در	Pr|V|N1|N1|VPr	حرف اضافه|فعل امر مثبت|اسم|اسم|پیشوند فعل	
5	حال	حال	حال	حال	N1	اسم	
6	کناره‌گیری	کناره‌گیری	کناره‌گیری	کناره‌گیری	N1	اسم	
7	گرجستان	گرجستان	گرجستان	گرجستان	N2	اسم خاص مکان	
8	از	از	از	از	Pr	حرف اضافه	
9	نامزدی	نامزدی|نامزد	نامزد	نامزدی|نامزد + ی	N1|N1+O	اسم|اسم + ی	
10	در	در|در|در|در|در	در	در|در|در|در|در	Pr|V|N1|N1|VPr	حرف اضافه|فعل امر مثبت|اسم|اسم|پیشوند فعل	
11	انتخابات	انتخاب	انتخابات	انتخاب + ات	N1+Pl	اسم + علامت جمع	
12	برای	برای|برا|بر	برای	برای|برا + ی|بر + ا + ی	Pr|A0+O|O+O+O	حرف اضافه|صفت + ی|ریشه مضارع + ا + ی	
13	دومین	دوم	دومین	دوم + ین	A0+O	صفت + ین	
14	دوره	دوره|دور|دور	دوره	دوره|دور + ه|دور + ه	N1|A0+O|N1+O	اسم|صفت + ه|اسم + ه	
15	متوالی	متوالی	متوالی	متوالی	A0	صفت	
16	امتناع	امتناع	امتناع	امتناع	N1	اسم	
17	و	و|و|و	و	و|و|و	C0|Al|Ab	حرف ربط|حروف الفبا|اختصارات	
18	تاکید	تاک	تاکید	تاک + ید	N1+V	اسم + فعل دوم شخص جمع	
19	کرد	کرد|کرد	کرد	کرد|کرد	V+O|N1	فعل ماضی ساده+سوم شخص مفرد|اسم	
20	تمایل	تمایل	تمایل	تمایل	N1	اسم	
21	ندارد	دار|دار	داشت	ن + دار + د|ن + دار + د	V+O|O+V5+O	فعل حال التزامی منفی+سوم شخص مفرد|ن + فعل کمکی + د	
22	نقشی	نقشی|نقش|نق	نقش	نقشی|نقش + ی|نق + ش + ی	A0|N1+O|N1+O+O	صفت|اسم + ی|اسم + ضمیر ملکی سوم شخص مفرد + ی	
23	را	را	را	را	Po	حرف اضافه پسین	
24	که	که|که|که|که	که	که|که|که|که	C0|NA|N1|N1	حرف ربط|ضمیر پرسشی|اسم|اسم	
25	کم‌رنگ	کم‌رنگ	کم‌رنگ	کم‌رنگ	A0	صفت	
26	و	و|و|و	و	و|و|و	C0|Al|Ab	حرف ربط|حروف الفبا|اختصارات	
27	تشریفاتی‌شده‌،	تشریفاتی شده ،	تشریفاتی‌شده‌،	تشریفاتی شده ،	Si	علامت	
28	برعهده	برعهده	برعهده	برعهده	N1	اسم	
29	گیرد	گیر	گرفت	گیر + د	V+O	فعل مضارع ساده+سوم شخص مفرد	
30	.	.	.	.	Si	علامت	
0	کنگره	کنگره|کنگر|کن|کن|کن	کنگره	کنگره|کنگر + ه|کن + گر + ه|کن + گر + ه|کن + گر + ه	N1|N1+O|V1+O+O|V1+O+O|N2+O+O	اسم|اسم + ه|بن مضارع + گر + ه|بن مضارع + گر + ه|اسم خاص مکان + گر + ه	
1	جهانی	جهانی|جهان|جه	جهانی	جهانی|جهان + ی|جه + ان + ی	A0|N1+O|N1+O+O	صفت|اسم + ی|اسم + ان + ی	
2	است	است|اس		است|اس + ت	V+O|N1+O	فعل مضارع ساده+سوم شخص مفرد|اسم + ضمیر ملکی دوم شخص مفرد	
3	که	که|که|که|که	که	که|که|که|که	C0|NA|N1|N1	حرف ربط|ضمیر پرسشی|اسم|اسم	
4	در	در|در|در|در|در	در	در|در|در|در|در	Pr|V|N1|N1|VPr	حرف اضافه|فعل امر مثبت|اسم|اسم|پیشوند فعل	
5	دنیا	دنیا	دنیا	دنیا	N1	اسم	
6	نظیر	نظیر	نظیر	نظیر	N1	اسم	
7	ندارد	دار|دار	داشت	ن + دار + د|ن + دار + د	V+O|O+V5+O	فعل حال التزامی منفی+سوم شخص مفرد|ن + فعل کمکی + د	
8	،	،	،	،	Si	علامت	
9	اظهار	اظهار	اظهار	اظهار	N1	اسم	
10	داشت	داشت|داشت|داشت|داش	داشت	داشت|داشت|داشت|داش + ت	V+O|N1|V5|N1+O	فعل ماضی ساده+سوم شخص مفرد|اسم|فعل کمکی|اسم + ضمیر ملکی دوم شخص مفرد	
11	:	:	:	:	Si	علامت	
0	دشمنان	دشمن	دشمن	دشمن + ان	A0+O	صفت + ان	
1	اسلام	اسلام	اسلام	اسلام	N1	اسم	
2	از	از	از	از	Pr	حرف اضافه	
3	بر	بر|بر|بر|بر	بر	بر|بر|بر|بر	Pr|V|VPr|N1	حرف اضافه|فعل امر مثبت|پیشوند فعل|اسم	
4	پایی	پایی|پا	پایی	پایی|پا + یی	A0|N1+O	صفت|اسم + یی	
5	این	این|این	این	این|این	A1|N6	صفت اشاره|ضمیر اشاره	
6	عظمت	عظمت	عظمت	عظمت	N1	اسم	
7	عصبانی	عصبانی|عصب	عصبانی	عصبانی|عصب + ان + ی	A0|N1+O+O	صفت|اسم + ان + ی	
8	هستند	هست|هست		هست + ند|هست + ند	V+O|N1+V	فعل مضارع ساده+سوم شخص جمع|اسم + فعل سوم شخص جمع	
9	.	.	.	.	Si	علامت	
0	همان‌طور	همان طور	همان‌طور	همان طور	O	_
1	که	که|که|که|که	که	که|که|که|که	C0|NA|N1|N1	حرف ربط|ضمیر پرسشی|اسم|اسم	
2	امام‌خمینی	امام‌خمینی	امام‌خمینی	امام‌خمینی	N3	اسم خاص اشخاص	
3	(	(	(	(	Si	علامت	
4	ره	ره|ره	ره	ره|ره	V|N1	فعل امر مثبت|اسم	
5	)	)	)	)	Si	علامت	
6	فرمودند	فرمود	فرمود	فرمود + ند	V+O	فعل ماضی ساده+سوم شخص جمع	
7	«	«	«	«	Si	علامت	
8	راه	راه|راه	راه	راه|راه	N1|N9	اسم|اسم موجود در ساختمان حرف اضافه و حرف ربط گروهی	
9	قدس	قدس	قدس	قدس	N2	اسم خاص مکان	
10	از	از	از	از	Pr	حرف اضافه	
11	کربلا	کربلا	کربلا	کربلا	N2	اسم خاص مکان	
12	می‌گذرد	می گذرد	گذشت	می گذرد	O	_
13	»،	»،	»،	»،	Si	علامت	
14	این	این|این	این	این|این	A1|N6	صفت اشاره|ضمیر اشاره	
15	حضور	حضور	حضور	حضور	N1	اسم	
16	میلیونی	میلیونی	میلیون	میلیونی	A0	صفت	
17	زائران	زائر	زائر	زائر	O	_
18	اربعین	اربعین|اربع	اربعین	اربعین|اربع + ین	N1|N1+O	اسم|اسم + ین	
19	زمینه	زمینه|زمینه|زمین|زم	زمینه	زمینه|زمینه|زمین + ه|زم + ین + ه	N1|N9|N1+O|N1+O+O	اسم|اسم موجود در ساختمان حرف اضافه و حرف ربط گروهی|اسم + ه|اسم + ین + ه	
20	ساز	ساز|ساز	ساز	ساز|ساز	V|N1	فعل امر مثبت|اسم	
21	همین	همین|همین|هم|ین	همین	همین|همین|هم + ین|هم + ین	A1|N6|Ad+O|O+N1	صفت اشاره|ضمیر اشاره|قید + ین|هم + اسم	
22	فرمایش	فرمایش|فرما	فرمایش	فرمایش|فرما + ی + ش	N1|V+O	اسم|فعل مضارع ساده+سوم شخص مفرد	
23	ایشان	ایشان	ایشان	ایشان	N5	ضمیر فاعلی	
24	است	است|اس		است|اس + ت	V+O|N1+O	فعل مضارع ساده+سوم شخص مفرد|اسم + ضمیر ملکی دوم شخص مفرد	
25	.	.	.	.	Si	علامت	
0	وی	وی|وی	وی	وی|وی	N5|Ab	ضمیر فاعلی|اختصارات	
1	با	با	با	با	Pr	حرف اضافه	
2	اشاره	اشاره	اشاره	اشاره	N1	اسم	
3	به	به|به	به	به|به	Pr|N1	حرف اضافه|اسم	
4	اینکه	اینکه	اینکه	اینکه	Ad	قید	
5	حماسه	حماسه	حماسه	حماسه	N1	اسم	
6	پیاده‌روی	پیاده‌روی	پیاده‌روی	پیاده‌روی	N1	اسم	
7	اربعین	اربعین|اربع	اربعین	اربعین|اربع + ین	N1|N1+O	اسم|اسم + ین	
8	انقدر	آن‌قدر	انقدر	آن‌قدر	Ad	قید	
9	عظیم	عظیم	عظیم	عظیم	A0	صفت	
10	است	است|اس		است|اس + ت	V+O|N1+O	فعل مضارع ساده+سوم شخص مفرد|اسم + ضمیر ملکی دوم شخص مفرد	
11	که	که|که|که|که	که	که|که|که|که	C0|NA|N1|N1	حرف ربط|ضمیر پرسشی|اسم|اسم	
12	هیچ	هیچ	هیچ	هیچ	A1	صفت اشاره	
13	گروه	گروه|گرو|گرو	گروه	گروه|گرو + ه|گرو + ه	N1|V1+O|N1+O	اسم|بن مضارع + ه|اسم + ه	
14	و	و|و|و	و	و|و|و	C0|Al|Ab	حرف ربط|حروف الفبا|اختصارات	
15	دولتی	دولتی|دولت	دولت	دولتی|دولت + ی	A0|N1+O	صفت|اسم + ی	
16	نمی‌تواند	توان|توان	توانست	نمی + توان + د|نمی + توان + د	O+V4+O|V+O	نمی + فعل وجه نما + د|فعل حال اخباری منفی+سوم شخص مفرد	
17	مدعی	مدعی	مدعی	مدعی	N1	اسم	
18	باشد	باش|اشد	بود	باش + د|ب + اشد	V+O|O+A0	فعل مضارع ساده+سوم شخص مفرد|ب + صفت	
19	که	که|که|که|که	که	که|که|که|که	C0|NA|N1|N1	حرف ربط|ضمیر پرسشی|اسم|اسم	
20	به	به|به	به	به|به	Pr|N1	حرف اضافه|اسم	
21	تنهایی	تنهایی|تنها|تن|تن	تنهایی	تنهایی|تنها + یی|تن + ها + یی|تن + ها + یی	Ad|A0+O|N1+Pl+O|N1+Pl+O	قید|صفت + یی|اسم + علامت جمع + یی|اسم + علامت جمع + یی	
22	این	این|این	این	این|این	A1|N6	صفت اشاره|ضمیر اشاره	
23	حضور	حضور	حضور	حضور	N1	اسم	
24	میلیونی	میلیونی	میلیون	میلیونی	A0	صفت	
25	را	را	را	را	Po	حرف اضافه پسین	
26	اداره	اداره	اداره	اداره	N1	اسم	
27	می‌کند	کن|کن|می|می	کرد	می + کن + د|می + کن + د|می + ک + ند|می + ک + ند	V+O|V+O|N1+O+V|N1+O+V	فعل حال اخباری+سوم شخص مفرد|فعل حال اخباری+سوم شخص مفرد|اسم + ک + فعل سوم شخص جمع|اسم + ک + فعل سوم شخص جمع	
28	،	،	،	،	Si	علامت	
29	افزود	افزود	افزود	افزود	V+O	فعل ماضی ساده+سوم شخص مفرد	
30	:	:	:	:	Si	علامت	
0	این	این|این	این	این|این	A1|N6	صفت اشاره|ضمیر اشاره	
1	حماسه	حماسه	حماسه	حماسه	N1	اسم	
2	عظیم	عظیم	عظیم	عظیم	A0	صفت	
3	یک	یک	یک	یک	O	عدد حرفی	
4	حرکت	حرکت|حر	حرکت	حرکت|حر + ک + ت	N1|A0+O+O	اسم|صفت + ک + ضمیر ملکی دوم شخص مفرد	
5	مردمی	مردمی|مردم	مردمی	مردمی|مردم + ی	A0|N1+O	صفت|اسم + ی	
6	است	است|اس		است|اس + ت	V+O|N1+O	فعل مضارع ساده+سوم شخص مفرد|اسم + ضمیر ملکی دوم شخص مفرد	
7	که	که|که|که|که	که	که|که|که|که	C0|NA|N1|N1	حرف ربط|ضمیر پرسشی|اسم|اسم	
8	خود	خود|خود	خود	خود|خود	O|N1	ضمیر مشترک/متقابل|اسم	
9	مردم	مردم|مرد|مرد|مرد	مردم	مردم|مرد + م|مرد + م|مرد + م	N1|N1+O|N1+V|V+O	اسم|اسم + ضمیر ملکی اول شخص مفرد|اسم + فعل اول شخص مفرد|فعل ماضی ساده+اول شخص مفرد	
10	آن	ان	آن	ان	Ab	اختصارات	
11	را	را	را	را	Po	حرف اضافه پسین	
12	اداره	اداره	اداره	اداره	N1	اسم	
13	می‌کنند	کن|کن	کرد	می + کن + ند|می + کن + ند	V+O|V+O	فعل حال اخباری+سوم شخص جمع|فعل حال اخباری+سوم شخص جمع	
14	.	.	.	.	Si	علامت	
0	حجت	حجت|حج	حجت	حجت|حج + ت	N3|N1+O	اسم خاص اشخاص|اسم + ضمیر ملکی دوم شخص مفرد	
1	الاسلام	الاسلام	الاسلام	الاسلام	O	_
2	نجفی	نجفی	نجف	نجفی	A0	صفت	
3	با	با	با	با	Pr	حرف اضافه	
4	بیان	بیان	بیان	بیان	N1	اسم	
5	اینکه	اینکه	اینکه	اینکه	Ad	قید	
6	در	در|در|در|در|در	در	در|در|در|در|در	Pr|V|N1|N1|VPr	حرف اضافه|فعل امر مثبت|اسم|اسم|پیشوند فعل	
7	بازدید	بازدید|زد	بازدید	بازدید|با + زد + ید	N1|O+N1+V	اسم|با + اسم + فعل دوم شخص جمع	
8	از	از	از	از	Pr	حرف اضافه	
9	موکب‌ها	موکب	موکب	موکب + ها	N1+Pl	اسم + علامت جمع	
10	دیدیم	دید|دید|دید	دید	دید + یم|دید + ی + م|دید + یم	V+O|V+O|N1+V	فعل ماضی ساده+اول شخص جمع|فعل ماضی ساده+دوم شخص مفرد|اسم + فعل اول شخص جمع	
11	که	که|که|که|که	که	که|که|که|که	C0|NA|N1|N1	حرف ربط|ضمیر پرسشی|اسم|اسم	
12	خادمان	خادم	خادمان	خادم	O	_
13	و	و|و|و	و	و|و|و	C0|Al|Ab	حرف ربط|حروف الفبا|اختصارات	
14	زائران	زائر	زائر	زائر	O	_
15	با	با	با	با	Pr	حرف اضافه	
16	تمام	تمام|تمام	تمام	تمام|تمام	A0|N9	صفت|اسم موجود در ساختمان حرف اضافه و حرف ربط گروهی	
17	مشکلات	مشکل	مشکلات	مشکل + ات	N1+Pl	اسم + علامت جمع	
18	از	از	از	از	Pr	حرف اضافه	
19	اقتصادی	اقتصادی|اقتصاد	اقتصاد	اقتصادی|اقتصاد + ی	A0|N1+O	صفت|اسم + ی	
20	یا	یا|یا	یا	یا|یا	C0|Intj	حرف ربط|صوت	
21	حتی	حتی	حتی	حتی	Ad	قید	
22	آب‌و‌هوایی	آب و هوایی	آب‌و‌هوایی	آب و هوایی	O	_
23	با	با	با	با	Pr	حرف اضافه	
24	اخلاص	اخلاص	اخلاص	اخلاص	N1	اسم	
25	به	به|به	به	به|به	Pr|N1	حرف اضافه|اسم	
26	خدمت‌رسانی	خدمت‌رسانی	خدمت‌رسانی	خدمت‌رسانی	N1	اسم	
27	مشغول	مشغول	مشغول	مشغول	A0	صفت	
28	هستند	هست|هست		هست + ند|هست + ند	V+O|N1+V	فعل مضارع ساده+سوم شخص جمع|اسم + فعل سوم شخص جمع	
29	،	،	،	،	Si	علامت	
30	گفت	گفت|گفت	گفت	گفت|گفت	V+O|N1	فعل ماضی ساده+سوم شخص مفرد|اسم	
31	:	:	:	:	Si	علامت	
0	یقین	یقین	یقین	یقین	N1	اسم	
1	دارم	دار|دار|دار	داشت	دار + م|دار + م|دار + م	V+O|N1+O|N1+V	فعل مضارع ساده+اول شخص مفرد|اسم + ضمیر ملکی اول شخص مفرد|اسم + فعل اول شخص مفرد	
2	که	که|که|که|که	که	که|که|که|که	C0|NA|N1|N1	حرف ربط|ضمیر پرسشی|اسم|اسم	
3	پیاده‌روی	پیاده‌روی	پیاده‌روی	پیاده‌روی	N1	اسم	
4	اربعین	اربعین|اربع	اربعین	اربعین|اربع + ین	N1|N1+O	اسم|اسم + ین	
5	امسال	امسال	امسال	امسال	Ad	قید	
6	از	از	از	از	Pr	حرف اضافه	
7	سال‌های	سال	سال	سال + ها + ی	N1+Pl+O	اسم + علامت جمع + ی	
8	گذشته	گذشته|گذشت|گذشت	گذشته	گذشته|گذشت + ه|گذشت + ه	A0|O+O|N1+O	صفت|ریشه ماضی + ه|اسم + ه	
9	باشکوه‌تر	باشکوه|شکوه	باشکوه	باشکوه + تر|با + شکوه + تر	A0+O|O+N1+O	صفت + علامت صفت تفضیلی|با + اسم + علامت صفت تفضیلی	
10	خواهد‌بود	بود	خواهد‌بود	خواهد + بود	V+O	فعل آینده مثبت+سوم شخص مفرد	
11	و	و|و|و	و	و|و|و	C0|Al|Ab	حرف ربط|حروف الفبا|اختصارات	
12	هیچ	هیچ	هیچ	هیچ	A1	صفت اشاره	
13	کسی	کسی|کس	کس	کسی|کس + ی	A2|N1+O	صفت مبهم|اسم + ی	
14	اجازه	اجازه	اجازه	اجازه	N1	اسم	
15	نمی‌دهد	ده	داد	نمی + ده + د	V+O	فعل حال اخباری منفی+سوم شخص مفرد	
16	که	که|که|که|که	که	که|که|که|که	C0|NA|N1|N1	حرف ربط|ضمیر پرسشی|اسم|اسم	
17	این	این|این	این	این|این	A1|N6	صفت اشاره|ضمیر اشاره	
18	حرکت	حرکت|حر	حرکت	حرکت|حر + ک + ت	N1|A0+O+O	اسم|صفت + ک + ضمیر ملکی دوم شخص مفرد	
19	عظیم	عظیم	عظیم	عظیم	A0	صفت	
20	کمرنگ	کم‌رنگ	کمرنگ	کم‌رنگ	A0	صفت	
21	شود	شود|شو	شد	شود|شو + د	N1|V+O	اسم|فعل مضارع ساده+سوم شخص مفرد	
22	.	.	.	.	Si	علامت	
0	نماینده	نماینده|نما|نما|نما	نماینده	نماینده|نما + ینده|نما + ینده|نما + ینده	N1|V1+O|V1+O|N1+O	اسم|بن مضارع + ینده|بن مضارع + ینده|اسم + ینده	
1	مقام	مقام	مقام	مقام	N1	اسم	
2	معظم	معظم	معظم	معظم	A0	صفت	
3	رهبری	رهبری|رهبر|ره|ره	رهبر	رهبری|رهبر + ی|ره + بر + ی|ره + بر + ی	N1|N1+O|V1+O+O|N1+O+O	اسم|اسم + ی|بن مضارع + بر + ی|اسم + بر + ی	
4	در	در|در|در|در|در	در	در|در|در|در|در	Pr|V|N1|N1|VPr	حرف اضافه|فعل امر مثبت|اسم|اسم|پیشوند فعل	
5	کربلا	کربلا	کربلا	کربلا	N2	اسم خاص مکان	
6	خاطر	خاطر|خاطر	خاطر	خاطر|خاطر	N1|N9	اسم|اسم موجود در ساختمان حرف اضافه و حرف ربط گروهی	
7	نشان	نشان|نشان	نشان	نشان|نشان	V|N1	فعل امر مثبت|اسم	
8	کرد	کرد|کرد	کرد	کرد|کرد	V+O|N1	فعل ماضی ساده+سوم شخص مفرد|اسم	
9	:	:	:	:	Si	علامت	
0	خدمت	خدمت|خدم	خدمت	خدمت|خدم + ت	N1|N1+O	اسم|اسم + ضمیر ملکی دوم شخص مفرد	
1	به	به|به	به	به|به	Pr|N1	حرف اضافه|اسم	
2	زائران	زائر	زائر	زائر	O	_
3	اربعین	اربعین|اربع	اربعین	اربعین|اربع + ین	N1|N1+O	اسم|اسم + ین	
4	هدیه	هدیه	هدیه	هدیه	N1	اسم	
5	الهی	الهی|الهی|اله	اله	الهی|الهی|اله + ی	A0|Exp|N1+O	صفت|عبارت|اسم + ی	
6	است	است|اس		است|اس + ت	V+O|N1+O	فعل مضارع ساده+سوم شخص مفرد|اسم + ضمیر ملکی دوم شخص مفرد	
7	که	که|که|که|که	که	که|که|که|که	C0|NA|N1|N1	حرف ربط|ضمیر پرسشی|اسم|اسم	
8	نصیب	نصیب	نصیب	نصیب	N1	اسم	
9	محبان	محب	محب	محب + ان	N1+O	اسم + ان	
10	اهل	اهل	اهل	اهل	A0	صفت	
11	بیت	بیت	بیت	بیت	N1	اسم	
12	(	(	(	(	Si	علامت	
13	ع	ع|ع	ع	ع|ع	Ab|Al	اختصارات|حروف الفبا	
14	)‌شده‌است	) شده است	) ‌شده‌است	) شده است	Si	علامت	
15	.	.	.	.	Si	علامت	
0	خدا	خدا	خدا	خدا	N1	اسم	
1	را	را	را	را	Po	حرف اضافه پسین	
2	شکر	شکر	شکر	شکر	N1	اسم	
3	که	که|که|که|که	که	که|که|که|که	C0|NA|N1|N1	حرف ربط|ضمیر پرسشی|اسم|اسم	
4	پرچم	پرچم|پرچ	پرچم	پرچم|پرچ + م	N1|V+O	اسم|فعل مضارع ساده+اول شخص مفرد	
5	امام	امام|امام	امام	امام|امام	N1|Sp	اسم|شاخص	
6	حسین	حسین|حس	حسین	حسین|حس + ین	N3|N1+O	اسم خاص اشخاص|اسم + ین	
7	(	(	(	(	Si	علامت	
8	ع	ع|ع	ع	ع|ع	Ab|Al	اختصارات|حروف الفبا	
9	)	)	)	)	Si	علامت	
10	بر	بر|بر|بر|بر	بر	بر|بر|بر|بر	Pr|V|VPr|N1	حرف اضافه|فعل امر مثبت|پیشوند فعل|اسم	
11	سر	سر|سر|سر|سر	سر	سر|سر|سر|سر	V|N1|N1|N9	فعل امر مثبت|اسم|اسم|اسم موجود در ساختمان حرف اضافه و حرف ربط گروهی	
12	همه	همه|همه	همه	همه|همه	N1|A2	اسم|صفت مبهم	
13	ما	ما	ما	ما	N5	ضمیر فاعلی	
14	گسترده‌شده‌است	گسترد	گسترده‌شده‌است	گسترد + ه + شد + ه + است	V+O	فعل مجهول ماضی نقلی+سوم شخص مفرد	
15	.	.	.	.	Si	علامت	
0	وی	وی|وی	وی	وی|وی	N5|Ab	ضمیر فاعلی|اختصارات	
1	ضمن	ضمن|ضمن	ضمن	ضمن|ضمن	N1|N9	اسم|اسم موجود در ساختمان حرف اضافه و حرف ربط گروهی	
2	مثبت	مثبت	مثبت	مثبت	A0	صفت	
3	ارزیابی	ارزیابی|ارزیاب	ارزیاب	ارزیابی|ارزیاب + ی	N1|N1+O	اسم|اسم + ی	
4	کردن	کرد	کردن	کرد + ن	V2+O	بن ماضی + ن	
5	خدمات	خدمات|خدم	خدمات	خدمات|خدم + ات	N1|N1+Pl	اسم|اسم + علامت جمع	
6	ارائه‌شده‌در	ارائه شده در	ارائه‌شده‌در	ارائه شده در	O	_
7	موکب‌های	موکب	موکب	موکب + ها + ی	N1+Pl+O	اسم + علامت جمع + ی	
8	اربعین	اربعین|اربع	اربعین	اربعین|اربع + ین	N1|N1+O	اسم|اسم + ین	
9	گفت	گفت|گفت	گفت	گفت|گفت	V+O|N1	فعل ماضی ساده+سوم شخص مفرد|اسم	
10	:	:	:	:	Si	علامت	
0	از	از	از	از	Pr	حرف اضافه	
1	همه	همه|همه	همه	همه|همه	N1|A2	اسم|صفت مبهم	
2	موکب‌داران	موکب داران	موکب‌داران	موکب داران	O	_
3	تشکر	تشکر	تشکر	تشکر	N1	اسم	
4	و	و|و|و	و	و|و|و	C0|Al|Ab	حرف ربط|حروف الفبا|اختصارات	
5	سلام	سلام	سلام	سلام	N1	اسم	
6	مقام	مقام	مقام	مقام	N1	اسم	
7	معظم	معظم	معظم	معظم	A0	صفت	
8	رهبری	رهبری|رهبر|ره|ره	رهبر	رهبری|رهبر + ی|ره + بر + ی|ره + بر + ی	N1|N1+O|V1+O+O|N1+O+O	اسم|اسم + ی|بن مضارع + بر + ی|اسم + بر + ی	
9	را	را	را	را	Po	حرف اضافه پسین	
10	به	به|به	به	به|به	Pr|N1	حرف اضافه|اسم	
11	آن‌ها	آن ها	آن	آن ها	O	_
12	ابلاغ	ابلاغ	ابلاغ	ابلاغ	N1	اسم	
13	می	می|می	می	می|می	N1|N1	اسم|اسم	
14	کنم	کن|کن	کرد	کن + م|کن + م	V+O|V+O	فعل مضارع ساده+اول شخص مفرد|فعل مضارع ساده+اول شخص مفرد	
15	.	.	.	.	Si	علامت	
0	به	به|به	به	به|به	Pr|N1	حرف اضافه|اسم	
1	گزارش	گزارش|گزارش|گزار	گزارش	گزارش|گزارش|گزار + ش	N1|N9|V+O	اسم|اسم موجود در ساختمان حرف اضافه و حرف ربط گروهی|فعل مضارع ساده+سوم شخص مفرد	
2	مهر	مهر|مهر|مهر	مهر	مهر|مهر|مهر	N1|N1|N1	اسم|اسم|اسم	
3	،	،	،	،	Si	علامت	
4	محمدرضا	محمدرضا	محمدرضا	محمدرضا	N3	اسم خاص اشخاص	
5	حسین‌زاده	حسین‌زاده	حسین‌زاده	حسین‌زاده	N4	اسم فامیل	
6	اظهار	اظهار	اظهار	اظهار	N1	اسم	
7	داشت	داشت|داشت|داشت|داش	داشت	داشت|داشت|داشت|داش + ت	V+O|N1|V5|N1+O	فعل ماضی ساده+سوم شخص مفرد|اسم|فعل کمکی|اسم + ضمیر ملکی دوم شخص مفرد	
8	:	:	:	:	Si	علامت	
0	درخواست	درخواست	درخواست	درخواست	N1	اسم	
1	کردیم	کرد|کرد|کرد	کرد	کرد + یم|کرد + ی + م|کرد + یم	V+O|V+O|N1+V	فعل ماضی ساده+اول شخص جمع|فعل ماضی ساده+دوم شخص مفرد|اسم + فعل اول شخص جمع	
2	اگر	اگر	اگر	اگر	C0	حرف ربط	
3	اجازه	اجازه	اجازه	اجازه	N1	اسم	
4	افزایش	افزایش|افزا	افزایش	افزایش|افزا + ی + ش	N1|V+O	اسم|فعل مضارع ساده+سوم شخص مفرد	
5	تعداد	تعداد	تعداد	تعداد	N1	اسم	
6	باجه‌ها	باجه|باج	باجه	باجه + ها|باج + ه + ها	N1+Pl|N1+O+Pl	اسم + علامت جمع|اسم + ه + علامت جمع	
7	و	و|و|و	و	و|و|و	C0|Al|Ab	حرف ربط|حروف الفبا|اختصارات	
8	همچنین	همچنین	همچنین	همچنین	Ad	قید	
9	افزایش	افزایش|افزا	افزایش	افزایش|افزا + ی + ش	N1|V+O	اسم|فعل مضارع ساده+سوم شخص مفرد	
10	ساعات	ساعات|ساعت	ساعات	ساعات|ساعت + ات	N1|N1+Pl	اسم|اسم + علامت جمع	
11	کار	کار|کار	کار	کار|کار	N1|V	اسم|فعل امر مثبت	
12	و	و|و|و	و	و|و|و	C0|Al|Ab	حرف ربط|حروف الفبا|اختصارات	
13	شبانه‌روزی	شبانه‌روزی	شبانه‌روزی	شبانه‌روزی	A0	صفت	
14	کردن	کرد	کردن	کرد + ن	V2+O	بن ماضی + ن	
15	آن‌ها	آن ها	آن	آن ها	O	_
16	را	را	را	را	Po	حرف اضافه پسین	
17	نمی‌دهند	ده	داد	نمی + ده + ند	V+O	فعل حال اخباری منفی+سوم شخص جمع	
18	،	،	،	،	Si	علامت	
19	لااقل	لااقل	لااقل	لااقل	Ad	قید	
20	اجازه	اجازه	اجازه	اجازه	N1	اسم	
21	بدهند	ده|بد|ده	داد	ب + ده + ند|بد + ه + ند|ب + ده + ند	V+O|A0+O+V|O+N1+V	فعل حال التزامی+سوم شخص جمع|صفت + ه + فعل سوم شخص جمع|ب + اسم + فعل سوم شخص جمع	
22	دینارهای	دینار	دینار	دینار + ها + ی	N1+Pl+O	اسم + علامت جمع + ی	
23	موجود	موجود	موجود	موجود	A0	صفت	
24	را	را	را	را	Po	حرف اضافه پسین	
25	به	به|به	به	به|به	Pr|N1	حرف اضافه|اسم	
26	داخل	داخل	داخل	داخل	Ad	قید	
27	مرز	مرز	مرز	مرز	N1	اسم	
28	ایران	ایران	ایران	ایران	N2	اسم خاص مکان	
29	منتقل	منتقل	منتقل	منتقل	A0	صفت	
30	کنیم	کن|کن|کن|کن|کن	کرد	کن + یم|کن + یم|کن + ی + م|کن + ی + م|کن + یم	V+O|V+O|V+O|V+O|N2+V	فعل مضارع ساده+اول شخص جمع|فعل مضارع ساده+اول شخص جمع|فعل مضارع ساده+دوم شخص مفرد|فعل مضارع ساده+دوم شخص مفرد|اسم خاص مکان + فعل اول شخص جمع	
31	تا	تا|تا|تا	تا	تا|تا|تا	Pr|C0|Ab	حرف اضافه|حرف ربط|اختصارات	
32	در	در|در|در|در|در	در	در|در|در|در|در	Pr|V|N1|N1|VPr	حرف اضافه|فعل امر مثبت|اسم|اسم|پیشوند فعل	
33	کشورمان	کشور|کش	کشور	کشور + مان|کش + ور + مان	N1+O|V1+O+O	اسم + ضمیر ملکی اول شخص جمع|بن مضارع + ور + ضمیر ملکی اول شخص جمع	
34	و	و|و|و	و	و|و|و	C0|Al|Ab	حرف ربط|حروف الفبا|اختصارات	
35	در	در|در|در|در|در	در	در|در|در|در|در	Pr|V|N1|N1|VPr	حرف اضافه|فعل امر مثبت|اسم|اسم|پیشوند فعل	
36	لب	لب|لب	لب	لب|لب	N1|N1	اسم|اسم	
37	مرز	مرز	مرز	مرز	N1	اسم	
38	به	به|به	به	به|به	Pr|N1	حرف اضافه|اسم	
39	زائران	زائر	زائر	زائر	O	_
40	پرداخت	پرداخت|پرداخت	پرداخت	پرداخت|پرداخت	V+O|N1	فعل ماضی ساده+سوم شخص مفرد|اسم	
41	شود	شود|شو	شد	شود|شو + د	N1|V+O	اسم|فعل مضارع ساده+سوم شخص مفرد	
42	که	که|که|که|که	که	که|که|که|که	C0|NA|N1|N1	حرف ربط|ضمیر پرسشی|اسم|اسم	
43	متاسفانه	متأسفانه|متأسف	متاسفانه	متأسفانه|متأسف + انه	Ad|A0+O	قید|صفت + انه	
44	طرف	طرف	طرف	طرف	N1	اسم	
45	عراقی	عراقی	عراق	عراقی	A0	صفت	
46	با	با	با	با	Pr	حرف اضافه	
47	این	این|این	این	این|این	A1|N6	صفت اشاره|ضمیر اشاره	
48	پیشنهاد	پیشنهاد|نهاد|نهاد	پیشنهاد	پیشنهاد|پیش + نهاد|پیش + نهاد	N1|V+O|V+O	اسم|فعل ماضی ساده+سوم شخص مفرد|فعل مضارع ساده+سوم شخص مفرد	
49	هم	هم|هم|هم	هم	هم|هم|هم	Ad|C0|O	قید|حرف ربط|ضمیر مشترک/متقابل	
50	موافقت	موافقت|موافق	موافقت	موافقت|موافق + ت	N1|A0+O	اسم|صفت + ضمیر ملکی دوم شخص مفرد	
51	نکرده	نکرده|کرد	کرد	نکرده|ن + کرد + ه	A0|O+O	صفت|ریشه ماضی + ه	
52	است	است|اس		است|اس + ت	V+O|N1+O	فعل مضارع ساده+سوم شخص مفرد|اسم + ضمیر ملکی دوم شخص مفرد	
53	.	.	.	.	Si	علامت	
