0	درهم‌تنیدگی	درهم‌تنیدگی	درهم‌تنیدگی	درهم‌تنیدگی	N1	اسم	
1	کوانتومی	کوانتومی|کوانتوم	کوانتوم	کوانتومی|کوانتوم + ی	A0|N1+O	صفت|اسم + ی	
2	می‌گوید	گو	گفت	می + گو + ید	V+O	فعل حال اخباری+دوم شخص جمع	

0	«	«	«	«	Si	علامت	
1	در	در|در|در|در|در	در	در|در|در|در|در	Pr|V|N1|N1|VPr	حرف اضافه|فعل امر مثبت|اسم|اسم|پیشوند فعل	
2	سامانه‌های	سامانه|سامان	سامانه	سامانه + ها + ی|سامان + ه + ها + ی	N1+Pl+O|N1+O+Pl+O	اسم + علامت جمع + ی|اسم + ه + علامت جمع + ی	
3	مرکب	مرکب|مرکب	مرکب	مرکب|مرکب	A0|N1	صفت|اسم	
4	با	با	با	با	Pr	حرف اضافه	
5	وضعیت‌هایی	وضعیت	وضعیت	وضعیت + ها + یی	N1+Pl+O	اسم + علامت جمع + یی	
6	مواجه	مواجه|مواج	مواجه	مواجه|مواج + ه	A0|A0+O	صفت|صفت + ه	
7	می‌شویم	شو	شد	می + شو + یم	V+O	فعل حال اخباری+اول شخص جمع	

0	که	که|که|که|که	که	که|که|که|که	C0|NA|N1|N1	حرف ربط|ضمیر پرسشی|اسم|اسم	
1	در	در|در|در|در|در	در	در|در|در|در|در	Pr|V|N1|N1|VPr	حرف اضافه|فعل امر مثبت|اسم|اسم|پیشوند فعل	
2	آن	ان	آن	ان	Ab	اختصارات	
3	اجزای	اجزا	اجزا	اجزا + ی	N1+O	اسم + ی	
4	سامانه	سامانه|سامان|سا	سامانه	سامانه|سامان + ه|سا + مان + ه	N1|N1+O|V1+O+O	اسم|اسم + ه|بن مضارع + ضمیر ملکی اول شخص جمع + ه	
5	دارای	دارا|دار	دارا	دارا + ی|دار + ا + ی	A0+O|O+O+O	صفت + ی|ریشه مضارع + ا + ی	
6	هیچ	هیچ	هیچ	هیچ	A1	صفت اشاره	
7	ویژگی	ویژگی|ویژه	ویژگی	ویژگی|ویژه + گی	N1|A0+O	اسم|صفت + گی	
8	نیستند	نیست|است		نیست + ند|نی + است + ند	N1+V|V+O	اسم + فعل سوم شخص جمع|فعل مضارع ساده منفی+سوم شخص جمع	

0	بلکه	بلکه|لکه|لک|بل	بلکه	بلکه|ب + لکه|ب + لک + ه|بل + ک + ه	Ad|O+N1|O+N1+O|N1+O+O	قید|ب + اسم|ب + اسم + ه|اسم + ک + ه	
1	فقط	فقط	فقط	فقط	Ad	قید	
2	سامانه‌ی	سامانه|سامان	سامانه	سامانه + ی|سامان + ه + ی	N1+O|N1+O+O	اسم + ی|اسم + ه + ی	
3	کل	کل|کل|کل	کل	کل|کل|کل	A0|N1|N1	صفت|اسم|اسم	
4	دارای	دارا|دار	دارا	دارا + ی|دار + ا + ی	A0+O|O+O+O	صفت + ی|ریشه مضارع + ا + ی	
5	دسته‌ای	دسته‌ای|دست	دسته	دسته‌ای|دست + ه + ای	A0|N1+O+O	صفت|اسم + ه + ای	
6	از	از	از	از	Pr	حرف اضافه	
7	ویژگی‌ها	ویژگی|ویژه	ویژگی	ویژگی + ها|ویژه + گی + ها	N1+Pl|A0+O+Pl	اسم + علامت جمع|صفت + گی + علامت جمع	
8	است	است|اس		است|اس + ت	V+O|N1+O	فعل مضارع ساده+سوم شخص مفرد|اسم + ضمیر ملکی دوم شخص مفرد	
9	.	.	.	.	Si	علامت	

0	»	»	»	»	Si	علامت	
1	به	به|به	به	به|به	Pr|N1	حرف اضافه|اسم	
2	زبان	زبان	زبان	زبان	N1	اسم	
3	ساده	ساده|ساد	ساده	ساده|ساد + ه	A0|A0+O	صفت|صفت + ه	
4	و	و|و|و	و	و|و|و	C0|Al|Ab	حرف ربط|حروف الفبا|اختصارات	
5	به	به|به	به	به|به	Pr|N1	حرف اضافه|اسم	
6	عنوان	عنوان	عنوان	عنوان	N1	اسم	
7	اولین	اولین|اول	اولین	اولین|اول + ین	A0|A0+O	صفت|صفت + ین	
8	مثال	مثال	مثال	مثال	N1	اسم	
9	تاریخی	تاریخی|تاریخ	تاریخ	تاریخی|تاریخ + ی	A0|N1+O	صفت|اسم + ی	
10	،	،	،	،	Si	علامت	
11	درهم‌تنیدگی	درهم‌تنیدگی	درهم‌تنیدگی	درهم‌تنیدگی	N1	اسم	
12	جفت شدن	جفت شدن	جفت شدن	جفت شدن	O	_

0	خواص	خاصه	خواص	خاصه	O	اسم مفرد جمع مکسر	
1	مکانیکی	مکانیکی|مکانیک|مکانی|مکان|مک|مک	مکانیک	مکانیکی|مکانیک + ی|مکانی + ک + ی|مکان + ی + ک + ی|مک + ان + ی + ک + ی|مک + ان + ی + ک + ی	A0|N1+O|A0+O+O|N1+O+O+O|N1+O+O+O+O|Ad+O+O+O+O	صفت|اسم + ی|صفت + ک + ی|اسم + ی + ک + ی|اسم + ان + ی + ک + ی|قید + ان + ی + ک + ی	
2	دو	دو|دو|دو	دو	دو|دو|دو	O|V|N1	عدد حرفی|فعل امر مثبت|اسم	
3	ذره	ذره|ذر	ذره	ذره|ذر + ه	N1|N1+O	اسم|اسم + ه	
4	است	است|اس		است|اس + ت	V+O|N1+O	فعل مضارع ساده+سوم شخص مفرد|اسم + ضمیر ملکی دوم شخص مفرد	
5	،	،	،	،	Si	علامت	

0	ذراتی	ذرات|ذر	ذرات	ذرات + ی|ذر + ات + ی	N1+O|N1+Pl+O	اسم + ی|اسم + علامت جمع + ی	
1	که	که|که|که|که	که	که|که|که|که	C0|NA|N1|N1	حرف ربط|ضمیر پرسشی|اسم|اسم	
2	پیش‌تر	پیشتر|پیش	پیش	پیشتر|پیش + تر	A0|A0+O	صفت|صفت + علامت صفت تفضیلی	
3	با	با	با	با	Pr	حرف اضافه	
4	یکدیگر	یکدیگر	یکدیگر	یکدیگر	O	ضمیر مشترک/متقابل	
5	در	در|در|در|در|در	در	در|در|در|در|در	Pr|V|N1|N1|VPr	حرف اضافه|فعل امر مثبت|اسم|اسم|پیشوند فعل	
6	اندرکنش	اندرکنش	اندرکنش	اندرکنش	N1	اسم	
7	بوده	بود|بود|بود|ود	بوده	بود + ه|بود + ه|بود + ه|ب + ود + ه	O+O|N1+O|V3+O|O+N1+O	ریشه ماضی + ه|اسم + ه|فعل اسنادی + ه|ب + اسم + ه	

0	و	و|و|و	و	و|و|و	C0|Al|Ab	حرف ربط|حروف الفبا|اختصارات	
1	سپس	سپس	سپس	سپس	Ad	قید	
2	از	از	از	از	Pr	حرف اضافه	
3	یکدیگر	یکدیگر	یکدیگر	یکدیگر	O	ضمیر مشترک/متقابل	
4	جدا	جدا	جدا	جدا	A0	صفت	
5	شده‌اند	شد	شد	شد + ه + اند	V+O	فعل ماضی نقلی+سوم شخص جمع	
6	.	.	.	.	Si	علامت	

0	درهم‌تنیدگی	درهم‌تنیدگی	درهم‌تنیدگی	درهم‌تنیدگی	N1	اسم	
1	برای	برای|برا|بر	برای	برای|برا + ی|بر + ا + ی	Pr|A0+O|O+O+O	حرف اضافه|صفت + ی|ریشه مضارع + ا + ی	
2	ذراتی	ذرات|ذر	ذرات	ذرات + ی|ذر + ات + ی	N1+O|N1+Pl+O	اسم + ی|اسم + علامت جمع + ی	
3	همچون	همچون	همچون	همچون	Pr	حرف اضافه	
4	فوتون‌ها	فوتون|فوت|فوت	فوتون	فوتون + ها|فوت + ون + ها|فوت + ون + ها	N1+Pl|N1+Pl+Pl|N1+Pl+Pl	اسم + علامت جمع|اسم + علامت جمع + علامت جمع|اسم + علامت جمع + علامت جمع	
5	،	،	،	،	Si	علامت	
6	الکترون‌ها	الکترون	الکترون	الکترون + ها	N1+Pl	اسم + علامت جمع	
7	و	و|و|و	و	و|و|و	C0|Al|Ab	حرف ربط|حروف الفبا|اختصارات	
8	حتی	حتی	حتی	حتی	Ad	قید	
9	مولکول‌ها	مولکول	مولکول	مولکول + ها	N1+Pl	اسم + علامت جمع	
10	رخ	رخ|رخ	رخ	رخ|رخ	N1|N1	اسم|اسم	
11	می‌دهد	ده	داد	می + ده + د	V+O	فعل حال اخباری+سوم شخص مفرد	
12	.	.	.	.	Si	علامت	

0	این	این|این	این	این|این	A1|N6	صفت اشاره|ضمیر اشاره	
1	اندرکنش	اندرکنش	اندرکنش	اندرکنش	N1	اسم	
2	فیزیکی	فیزیکی|فیزیک	فیزیکی	فیزیکی|فیزیک + ی	A0|N1+O	صفت|اسم + ی	
3	مربوط	مربوط	مربوط	مربوط	A0	صفت	
4	به	به|به	به	به|به	Pr|N1	حرف اضافه|اسم	
5	خواصی	خاصه	خواص	خاصه + ی	O+O	اسم مفرد جمع مکسر + ی	
6	نظیر	نظیر	نظیر	نظیر	N1	اسم	
7	مکان	مکان|مک|مک	مکان	مکان|مک + ان|مک + ان	N1|N1+O|Ad+O	اسم|اسم + ان|قید + ان	
8	،	،	،	،	Si	علامت	
9	تکانه	تکانه|تکان|تکان|تک|تک|تک	تکانه	تکانه|تکان + ه|تکان + ه|تک + ان + ه|تک + ان + ه|تک + ان + ه	N1|V1+O|N1+O|A0+O+O|N1+O+O|N1+O+O	اسم|بن مضارع + ه|اسم + ه|صفت + ان + ه|اسم + ان + ه|اسم + ان + ه	
10	،	،	،	،	Si	علامت	
11	اسپین	اسپین	اسپین	اسپین	N1	اسم	
12	و	و|و|و	و	و|و|و	C0|Al|Ab	حرف ربط|حروف الفبا|اختصارات	
13	قطبش	قطبش|قطب|قطب	قطب	قطبش|قطب + ش|قطب + ش	N1|V+O|N2+O	اسم|فعل مضارع ساده+سوم شخص مفرد|اسم خاص مکان + ضمیر ملکی سوم شخص مفرد	
14	و	و|و|و	و	و|و|و	C0|Al|Ab	حرف ربط|حروف الفبا|اختصارات	
15	…	…	…	…	O	_
16	است	است|اس		است|اس + ت	V+O|N1+O	فعل مضارع ساده+سوم شخص مفرد|اسم + ضمیر ملکی دوم شخص مفرد	

0	به	به|به	به	به|به	Pr|N1	حرف اضافه|اسم	
1	گونه‌ای	گونه|گون	گونه	گونه + ای|گون + ه + ای	N1+O|N1+O+O	اسم + ای|اسم + ه + ای	
2	که	که|که|که|که	که	که|که|که|که	C0|NA|N1|N1	حرف ربط|ضمیر پرسشی|اسم|اسم	
3	با	با	با	با	Pr	حرف اضافه	
4	تعیین	تعیین	تعیین	تعیین	N1	اسم	
5	هر	هر	هر	هر	A1	صفت اشاره	
6	یک	یک	یک	یک	O	عدد حرفی	
7	از	از	از	از	Pr	حرف اضافه	
8	خواص	خاصه	خواص	خاصه	O	اسم مفرد جمع مکسر	
9	برای	برای|برا|بر	برای	برای|برا + ی|بر + ا + ی	Pr|A0+O|O+O+O	حرف اضافه|صفت + ی|ریشه مضارع + ا + ی	
10	یکی	یکی|یک	یک	یکی|یک + ی	A2|O+O	صفت مبهم|عدد حرفی + ی	
11	از	از	از	از	Pr	حرف اضافه	
12	دو	دو|دو|دو	دو	دو|دو|دو	O|V|N1	عدد حرفی|فعل امر مثبت|اسم	
13	ذره	ذره|ذر	ذره	ذره|ذر + ه	N1|N1+O	اسم|اسم + ه	
14	همان	همان|همان|هم	همان	همان|همان|هم + ان	A1|N6|Ad+O	صفت اشاره|ضمیر اشاره|قید + ان	
15	خاصیت	خاصیت|خاص	خاصیت	خاصیت|خاص + یت	N1|A0+O	اسم|صفت + یت	
16	در	در|در|در|در|در	در	در|در|در|در|در	Pr|V|N1|N1|VPr	حرف اضافه|فعل امر مثبت|اسم|اسم|پیشوند فعل	
17	دیگری	دیگری|دی	دیگر	دیگری|دی + گری	A2|N1+O	صفت مبهم|اسم + گری	
18	تعیین	تعیین	تعیین	تعیین	N1	اسم	
19	می‌شود	شو	شد	می + شو + د	V+O	فعل حال اخباری+سوم شخص مفرد	
20	.	.	.	.	Si	علامت	

0	به	به|به	به	به|به	Pr|N1	حرف اضافه|اسم	
1	عبارت	عبارت	عبارت	عبارت	N1	اسم	
2	دیگر	دیگر|دیگر|دی	دیگر	دیگر|دیگر|دی + گر	Ad|A2|N1+O	قید|صفت مبهم|اسم + گر	
3	هر	هر	هر	هر	A1	صفت اشاره	
4	یک	یک	یک	یک	O	عدد حرفی	
5	از	از	از	از	Pr	حرف اضافه	
6	ذرات	ذرات|ذر	ذرات	ذرات|ذر + ات	N1|N1+Pl	اسم|اسم + علامت جمع	
7	جفت شده	جفت	جفت شده	جفت + شد + ه	V1+O+O	بن مضارع + شد + ه	
8	به	به|به	به	به|به	Pr|N1	حرف اضافه|اسم	
9	خوبی	خوبی|خوب	خوبی	خوبی|خوب + ی	N1|A0+O	اسم|صفت + ی	
10	توسط	توسط|توسط	توسط	توسط|توسط	N1|N9	اسم|اسم موجود در ساختمان حرف اضافه و حرف ربط گروهی	
11	حالت	حالت|حال	حالت	حالت|حال + ت	N1|N1+O	اسم|اسم + ضمیر ملکی دوم شخص مفرد	
12	کوانتومی	کوانتومی|کوانتوم	کوانتوم	کوانتومی|کوانتوم + ی	A0|N1+O	صفت|اسم + ی	
13	مشابه	مشابه	مشابه	مشابه	N1	اسم	
14	توصیف	توصیف	توصیف	توصیف	N1	اسم	
15	می‌شوند	شو	شد	می + شو + ند	V+O	فعل حال اخباری+سوم شخص جمع	
16	.	.	.	.	Si	علامت	

0	فلسفه‌ای	فلسفه|فلسف	فلسفه	فلسفه + ای|فلسف + ه + ای	N1+O|V1+O+O	اسم + ای|بن مضارع + ه + ای	
1	که	که|که|که|که	که	که|که|که|که	C0|NA|N1|N1	حرف ربط|ضمیر پرسشی|اسم|اسم	
2	منجر	منجر	منجر	منجر	A0	صفت	
3	به	به|به	به	به|به	Pr|N1	حرف اضافه|اسم	
4	شکل‌گیری‌ی	شکل‌گیری	شکل‌گیری	شکل‌گیری + ی	N1+O	اسم + ی	
5	زبان‌های‌شی	زبان	زبان‌های‌شی	زبان + ها + ی + ش + ی	N1+Pl+O+O+O	اسم + علامت جمع + ی + ضمیر ملکی سوم شخص مفرد + ی	
6	گرا	گرا|گرا|گر	گرا	گرا|گرا|گر + ا	V|N1|O+O	فعل امر مثبت|اسم|ریشه مضارع + ا	
7	شد	شد	شد	شد	V+O	فعل ماضی ساده+سوم شخص مفرد	
8	،	،	،	،	Si	علامت	

0	عبارت	عبارت	عبارت	عبارت	N1	اسم	
1	بود	بود|بود|بود|بو|ود	بود	بود|بود|بود|بو + د|ب + ود	V+O|N1|V+O|V+O|O+N1	فعل ماضی ساده+سوم شخص مفرد|اسم|فعل ماضی ساده+سوم شخص مفرد|فعل مضارع ساده+سوم شخص مفرد|ب + اسم	

0	از	از	از	از	Pr	حرف اضافه	
1	این	این|این	این	این|این	A1|N6	صفت اشاره|ضمیر اشاره	
2	واقعیت	واقعیت|واقعی|واقع	واقعیت	واقعیت|واقعی + ت|واقع + ی + ت	N1|A0+O|N1+O+O	اسم|صفت + ضمیر ملکی دوم شخص مفرد|اسم + ی + ضمیر ملکی دوم شخص مفرد	
3	که	که|که|که|که	که	که|که|که|که	C0|NA|N1|N1	حرف ربط|ضمیر پرسشی|اسم|اسم	
4	نحوه‌ی	نحوه|نحو	نحوه	نحوه + ی|نحو + ه + ی	N1+O|N1+O+O	اسم + ی|اسم + ه + ی	
5	عملکرد	عملکرد	عملکرد	عملکرد	N1	اسم	
6	مغز	مغز	مغز	مغز	N1	اسم	
7	و	و|و|و	و	و|و|و	C0|Al|Ab	حرف ربط|حروف الفبا|اختصارات	
8	شیوه‌ی	شیوه|شیو	شیوه	شیوه + ی|شیو + ه + ی	N1+O|V1+O+O	اسم + ی|بن مضارع + ه + ی	
9	دریافت	دریافت|دریافت	دریافت	دریافت|دریافت	V+O|N1	فعل ماضی ساده+سوم شخص مفرد|اسم	
10	اطلاعات	اطلاعات|اطلاع	اطلاعات	اطلاعات|اطلاع + ات	N1|N1+Pl	اسم|اسم + علامت جمع	
11	از	از	از	از	Pr	حرف اضافه	
12	محیط	محیط	محیط	محیط	A0	صفت	
13	پیرامون	پیرامون|پیرامون	پیرامون	پیرامون|پیرامون	N1|N9	اسم|اسم موجود در ساختمان حرف اضافه و حرف ربط گروهی	
14	و	و|و|و	و	و|و|و	C0|Al|Ab	حرف ربط|حروف الفبا|اختصارات	
15	پردازش	پردازش|پرداز|پرداز	پردازش	پردازش|پرداز + ش|پرداز + ش	N1|V+O|N1+O	اسم|فعل مضارع ساده+سوم شخص مفرد|اسم + ضمیر ملکی سوم شخص مفرد	
16	آن	ان	آن	ان	Ab	اختصارات	
17	اطلاعات	اطلاعات|اطلاع	اطلاعات	اطلاعات|اطلاع + ات	N1|N1+Pl	اسم|اسم + علامت جمع	
18	(	(	(	(	Si	علامت	
19	اندیشیدن	اندیشید|اندیش	اندیشیدن	اندیشید + ن|اندیش + ید + ن	V2+O|V1+V+O	بن ماضی + ن|بن مضارع + فعل دوم شخص جمع + ن	
20	)	)	)	)	Si	علامت	
21	،	،	،	،	Si	علامت	
22	شیوه‌ای‌	شیوه‌ای|شیوه|شیو	شیوه‌ای‌	شیوه‌ای|شیوه + ای|شیو + ه + ای	A0|N1+O|V1+O+O	صفت|اسم + ای|بن مضارع + ه + ای	
23	شی‌گراست	شی گراست	شی‌گراست	شی گراست	O	_
24	،	،	،	،	Si	علامت	

0	از	از	از	از	Pr	حرف اضافه	
1	همین	همین|همین|هم|ین	همین	همین|همین|هم + ین|هم + ین	A1|N6|Ad+O|O+N1	صفت اشاره|ضمیر اشاره|قید + ین|هم + اسم	
2	روی	روی|روی|رو|رو	روی	روی|روی|رو + ی|رو + ی	Pr1|N1|N1+O|V+O	حرف اضافه گروهی|اسم|اسم + ی|فعل مضارع ساده+دوم شخص مفرد	
3	می‌بایستی	بایستی|بایست	می‌بایستی	می + بایستی|می + بایست + ی	O+V4|O+V4+O	می + فعل وجه نما|می + فعل وجه نما + ی	
4	زبانی	زبانی|زبان	زبان	زبانی|زبان + ی	A0|N1+O	صفت|اسم + ی	
5	تعریف	تعریف	تعریف	تعریف	N1	اسم	
6	می‌شد	شد	شد	می + شد	V+O	فعل ماضی استمراری+سوم شخص مفرد	

0	که	که|که|که|که	که	که|که|که|که	C0|NA|N1|N1	حرف ربط|ضمیر پرسشی|اسم|اسم	
1	همین	همین|همین|هم|ین	همین	همین|همین|هم + ین|هم + ین	A1|N6|Ad+O|O+N1	صفت اشاره|ضمیر اشاره|قید + ین|هم + اسم	
2	شیوه	شیوه|شیو	شیوه	شیوه|شیو + ه	N1|V1+O	اسم|بن مضارع + ه	
3	را	را	را	را	Po	حرف اضافه پسین	
4	مبنای	مبنا	مبنا	مبنا + ی	N1+O	اسم + ی	
5	کار	کار|کار	کار	کار|کار	N1|V	اسم|فعل امر مثبت	
6	خود	خود|خود	خود	خود|خود	O|N1	ضمیر مشترک/متقابل|اسم	
7	قرار	قرار|قرار	قرار	قرار|قرار	N1|N9	اسم|اسم موجود در ساختمان حرف اضافه و حرف ربط گروهی	
8	داده	داده|داد|داد	داده	داده|داد + ه|داد + ه	N1|O+O|N1+O	اسم|ریشه ماضی + ه|اسم + ه	
9	و	و|و|و	و	و|و|و	C0|Al|Ab	حرف ربط|حروف الفبا|اختصارات	
10	بازتولید	بازتولید	بازتولید	بازتولید	N1	اسم	
11	می‌کرد	کرد	کرد	می + کرد	V+O	فعل ماضی استمراری+سوم شخص مفرد	
12	؛	؛	؛	؛	Si	علامت	

0	و	و|و|و	و	و|و|و	C0|Al|Ab	حرف ربط|حروف الفبا|اختصارات	
1	دقیقاً	دقیقاً	دقیقا	دقیقاً	Ad	قید	
2	به	به|به	به	به|به	Pr|N1	حرف اضافه|اسم	
3	همان	همان|همان|هم	همان	همان|همان|هم + ان	A1|N6|Ad+O	صفت اشاره|ضمیر اشاره|قید + ان	
4	شکل	شکل	شکل	شکل	N1	اسم	
5	که	که|که|که|که	که	که|که|که|که	C0|NA|N1|N1	حرف ربط|ضمیر پرسشی|اسم|اسم	
6	اشیا	اشیا	اشیا	اشیا	N1	اسم	
7	در	در|در|در|در|در	در	در|در|در|در|در	Pr|V|N1|N1|VPr	حرف اضافه|فعل امر مثبت|اسم|اسم|پیشوند فعل	
8	جهان	جهان|جهان|جه	جهان	جهان|جهان|جه + ان	N1|V|N1+O	اسم|فعل امر مثبت|اسم + ان	
9	خارج	خارج	خارج	خارج	N1	اسم	
10	،	،	،	،	Si	علامت	
11	دارای	دارا|دار	دارا	دارا + ی|دار + ا + ی	A0+O|O+O+O	صفت + ی|ریشه مضارع + ا + ی	
12	هویت	هویت|هوی|هو	هویت	هویت|هوی + ت|هو + ی + ت	N1|N1+O|N1+O+O	اسم|اسم + ضمیر ملکی دوم شخص مفرد|اسم + ی + ضمیر ملکی دوم شخص مفرد	
13	و	و|و|و	و	و|و|و	C0|Al|Ab	حرف ربط|حروف الفبا|اختصارات	
14	کارکرد	کارکرد	کارکرد	کارکرد	N1	اسم	
15	مشخص	مشخص	مشخص	مشخص	A0	صفت	
16	و	و|و|و	و	و|و|و	C0|Al|Ab	حرف ربط|حروف الفبا|اختصارات	
17	یگانه	یگانه|یگان	یگانه	یگانه|یگان + ه	A0|N1+O	صفت|اسم + ه	
18	برای	برای|برا|بر	برای	برای|برا + ی|بر + ا + ی	Pr|A0+O|O+O+O	حرف اضافه|صفت + ی|ریشه مضارع + ا + ی	
19	خود	خود|خود	خود	خود|خود	O|N1	ضمیر مشترک/متقابل|اسم	
20	هستند	هست|هست		هست + ند|هست + ند	V+O|N1+V	فعل مضارع ساده+سوم شخص جمع|اسم + فعل سوم شخص جمع	

0	و	و|و|و	و	و|و|و	C0|Al|Ab	حرف ربط|حروف الفبا|اختصارات	
1	درعین‌حال	درعین‌حال	درعین‌حال	درعین‌حال	C1	حرف ربط گروهی	
2	با	با	با	با	Pr	حرف اضافه	
3	دیگر	دیگر|دیگر|دی	دیگر	دیگر|دیگر|دی + گر	Ad|A2|N1+O	قید|صفت مبهم|اسم + گر	
4	اشیا	اشیا	اشیا	اشیا	N1	اسم	
5	در	در|در|در|در|در	در	در|در|در|در|در	Pr|V|N1|N1|VPr	حرف اضافه|فعل امر مثبت|اسم|اسم|پیشوند فعل	
6	ارتباطی	ارتباطی|ارتباط	ارتباط	ارتباطی|ارتباط + ی	A0|N1+O	صفت|اسم + ی	
7	تنگاتنگ	تنگاتنگ	تنگاتنگ	تنگاتنگ	A0	صفت	
8	و	و|و|و	و	و|و|و	C0|Al|Ab	حرف ربط|حروف الفبا|اختصارات	
9	مستقیم‌اند	مستقیم	مستقیم‌اند	مستقیم	O	_
10	،	،	،	،	Si	علامت	

0	در	در|در|در|در|در	در	در|در|در|در|در	Pr|V|N1|N1|VPr	حرف اضافه|فعل امر مثبت|اسم|اسم|پیشوند فعل	
1	زبان‌های	زبان	زبان	زبان + ها + ی	N1+Pl+O	اسم + علامت جمع + ی	
2	برنامه‌نویسی	برنامه‌نویسی	برنامه‌نویس	برنامه‌نویسی	N1	اسم	
3	نیز	نیز|آز	نیز	نیز|نی + آز	Ad|V	قید|فعل امر منفی	
4	می‌بایستی	بایستی|بایست	می‌بایستی	می + بایستی|می + بایست + ی	O+V4|O+V4+O	می + فعل وجه نما|می + فعل وجه نما + ی	
5	این	این|این	این	این|این	A1|N6	صفت اشاره|ضمیر اشاره	
6	اصول	اصول	اصول	اصول	N1	اسم	
7	کلی	کلی|کل|کل|کل	کلی	کلی|کل + ی|کل + ی|کل + ی	A0|A0+O|N1+O|N1+O	صفت|صفت + ی|اسم + ی|اسم + ی	
8	برقرار	برقرار	برقرار	برقرار	A0	صفت	
9	می‌شد	شد	شد	می + شد	V+O	فعل ماضی استمراری+سوم شخص مفرد	
10	.	.	.	.	Si	علامت	

0	تا	تا|تا|تا	تا	تا|تا|تا	Pr|C0|Ab	حرف اضافه|حرف ربط|اختصارات	
1	به	به|به	به	به|به	Pr|N1	حرف اضافه|اسم	
2	این	این|این	این	این|این	A1|N6	صفت اشاره|ضمیر اشاره	
3	شکل	شکل	شکل	شکل	N1	اسم	
4	،	،	،	،	Si	علامت	
5	برنامه‌نویس	برنامه‌نویس	برنامه‌نویس	برنامه‌نویس	N1	اسم	
6	بتواند	بتوان|توان|توان	توانست	بتوان + د|ب + توان + د|ب + توان + د	V+O|O+V4+O|V+O	فعل مضارع ساده+سوم شخص مفرد|ب + فعل وجه نما + د|فعل حال التزامی+سوم شخص مفرد	

0	با	با	با	با	Pr	حرف اضافه	
1	بهره‌گیری	بهره‌گیری	بهره‌گیری	بهره‌گیری	N1	اسم	
2	از	از	از	از	Pr	حرف اضافه	
3	زبانی	زبانی|زبان	زبان	زبانی|زبان + ی	A0|N1+O	صفت|اسم + ی	
4	که	که|که|که|که	که	که|که|که|که	C0|NA|N1|N1	حرف ربط|ضمیر پرسشی|اسم|اسم	
5	به	به|به	به	به|به	Pr|N1	حرف اضافه|اسم	
6	روش	روش	روش	روش	N1	اسم	
7	اندیشیدنش	اندیشید|اندیش	اندیشیدن	اندیشید + ن + ش|اندیش + ید + ن + ش	V2+O+O|V1+V+O+O	بن ماضی + ن + مضاف الیه سوم شخص مفرد|بن مضارع + فعل دوم شخص جمع + ن + مضاف الیه سوم شخص مفرد	
8	،	،	،	،	Si	علامت	
9	نزدیکی	نزدیکی|نزدیک	نزدیک	نزدیکی|نزدیک + ی	N1|A0+O	اسم|صفت + ی	
10	بیشتری	بیشتر|شتری|بیش|شتر	بیشتر	بیشتر + ی|بی + شتری|بیش + تر + ی|بی + شتر + ی	A0+O|O+N1|A0+O+O|O+N1+O	صفت + ی|بی + اسم|صفت + علامت صفت تفضیلی + ی|بی + اسم + ی	
11	دارد	دار|دار	داشت	دار + د|دار + د	V+O|V5+O	فعل مضارع ساده+سوم شخص مفرد|فعل کمکی + د	
12	،	،	،	،	Si	علامت	

0	شی‌های	شی	شی‌های	شی	O	_
1	مختلفی	مختلف	مختلف	مختلف + ی	A0+O	صفت + ی	
2	را	را	را	را	Po	حرف اضافه پسین	
3	تعریف	تعریف	تعریف	تعریف	N1	اسم	
4	نموده	نموده|نمود|نمود	نموده	نموده|نمود + ه|نمود + ه	A0|O+O|N1+O	صفت|ریشه ماضی + ه|اسم + ه	
5	،	،	،	،	Si	علامت	

0	این	این|این	این	این|این	A1|N6	صفت اشاره|ضمیر اشاره	
1	شی‌ها	شی	شی‌ها	شی	O	_
2	را	را	را	را	Po	حرف اضافه پسین	
3	در	در|در|در|در|در	در	در|در|در|در|در	Pr|V|N1|N1|VPr	حرف اضافه|فعل امر مثبت|اسم|اسم|پیشوند فعل	
4	ارتباط	ارتباط	ارتباط	ارتباط	N1	اسم	
5	با	با	با	با	Pr	حرف اضافه	
6	یکدیگر	یکدیگر	یکدیگر	یکدیگر	O	ضمیر مشترک/متقابل	
7	قرار	قرار|قرار	قرار	قرار|قرار	N1|N9	اسم|اسم موجود در ساختمان حرف اضافه و حرف ربط گروهی	
8	داده	داده|داد|داد	داده	داده|داد + ه|داد + ه	N1|O+O|N1+O	اسم|ریشه ماضی + ه|اسم + ه	

0	و	و|و|و	و	و|و|و	C0|Al|Ab	حرف ربط|حروف الفبا|اختصارات	
1	از	از	از	از	Pr	حرف اضافه	
2	شی‌های	شی	شی‌های	شی	O	_
3	پویای	پویا	پویا	پویا + ی	A0+O	صفت + ی	
4	تولیدشده	تولیدشده	تولیدشده	تولیدشده	A0	صفت	
5	برای	برای|برا|بر	برای	برای|برا + ی|بر + ا + ی	Pr|A0+O|O+O+O	حرف اضافه|صفت + ی|ریشه مضارع + ا + ی	
6	حل	حل	حل	حل	N1	اسم	
7	مسئله‌ی	مسئله	مسئله	مسئله	O	_
8	پیشروی	پیشروی|پیشرو|روی|رو|رو	پیشروی	پیشروی|پیشرو + ی|پیش + روی|پیش + رو + ی|پیش + رو + ی	N1|A0+O|O+N1|O+N1+O|O+V1+O	اسم|صفت + ی|پیش + اسم|پیش + اسم + ی|پیش + بن مضارع + ی	
9	استفاده	استفاده	استفاده	استفاده	N1	اسم	
10	نماید	نما|نما	نمود	نما + ید|نما + ید	V+O|V+O	فعل مضارع ساده+دوم شخص جمع|فعل مضارع ساده+دوم شخص جمع	
11	.	.	.	.	Si	علامت	

0	امروزه	امروزه|امروز	امروزه	امروزه|امروز + ه	Ad|N1+O	قید|اسم + ه	
1	اکثر	اکثر	اکثر	اکثر	A0	صفت	
2	زبان‌های	زبان	زبان	زبان + ها + ی	N1+Pl+O	اسم + علامت جمع + ی	
3	دستوری	دستوری|دستور|دست	دستور	دستوری|دستور + ی|دست + ور + ی	A0|N1+O|N1+O+O	صفت|اسم + ی|اسم + ور + ی	
4	برنامه‌نویسی	برنامه‌نویسی	برنامه‌نویس	برنامه‌نویسی	N1	اسم	
5	از	از	از	از	Pr	حرف اضافه	
6	فنون	فنون|فن|فن	فنون	فنون|فن + ون|فن + ون	N1|N1+Pl|N1+Pl	اسم|اسم + علامت جمع|اسم + علامت جمع	
7	شی‌گرایی	شی گرایی	شی‌گرایی	شی گرایی	O	_
8	پشتیبانی	پشتیبانی|پشتیبان|پشتی	پشتیبان	پشتیبانی|پشتیبان + ی|پشتی + بان + ی	N1|N1+O|N1+O+O	اسم|اسم + ی|اسم + بان + ی	
9	می‌کنند	کن|کن	کرد	می + کن + ند|می + کن + ند	V+O|V+O	فعل حال اخباری+سوم شخص جمع|فعل حال اخباری+سوم شخص جمع	
10	.	.	.	.	Si	علامت	

0	زبان‌هایی	زبان	زبان	زبان + ها + یی	N1+Pl+O	اسم + علامت جمع + یی	
1	مانند	مانند|مانند|مان|مان	مانند	مانند|مانند|مان + ند|مان + ند	N1|N9|V+O|N1+V	اسم|اسم موجود در ساختمان حرف اضافه و حرف ربط گروهی|فعل مضارع ساده+سوم شخص جمع|اسم + فعل سوم شخص جمع	
2	جاوا	جاوا	جاوا	جاوا	O	_
3	،	،	،	،	Si	علامت	
4	سی++	سی++	سی++	سی++	Si	علامت	
5	،	،	،	،	Si	علامت	
6	سی‌شارپ	سی شارپ	سی‌شارپ	سی شارپ	O	_
7	،	،	،	،	Si	علامت	
8	دلفی	دلفی	دلفی	دلفی	O	_
9	ازجمله	ازجمله	ازجمله	ازجمله	Ad	قید	
10	زبان‌های	زبان	زبان	زبان + ها + ی	N1+Pl+O	اسم + علامت جمع + ی	
11	شی‌گرا	شی گرا	شی‌گرا	شی گرا	O	_
12	هستند	هست|هست		هست + ند|هست + ند	V+O|N1+V	فعل مضارع ساده+سوم شخص جمع|اسم + فعل سوم شخص جمع	
13	.	.	.	.	Si	علامت	

0	حتی	حتی	حتی	حتی	Ad	قید	
1	بسیاری	بسیاری|بسیار|بسیار|سیار|بس	بسیار	بسیاری|بسیار + ی|بسیار + ی|ب + سیار + ی|بس + یار + ی	A2|A0+O|Ad+O|O+A0+O|A0+O+O	صفت مبهم|صفت + ی|قید + ی|ب + صفت + ی|صفت + یار + ی	
2	از	از	از	از	Pr	حرف اضافه	
3	زبان‌های	زبان	زبان	زبان + ها + ی	N1+Pl+O	اسم + علامت جمع + ی	
4	روال	روال	روال	روال	N1	اسم	
5	گونه	گونه|گون	گونه	گونه|گون + ه	N1|N1+O	اسم|اسم + ه	
6	که	که|که|که|که	که	که|که|که|که	C0|NA|N1|N1	حرف ربط|ضمیر پرسشی|اسم|اسم	
7	ساختار	ساختار|ساخت	ساختار	ساختار|ساخت + ار	N1|O+O	اسم|ریشه ماضی + ار	
8	برنامه‌ها	برنامه	برنامه	برنامه + ها	N1+Pl	اسم + علامت جمع	
9	در	در|در|در|در|در	در	در|در|در|در|در	Pr|V|N1|N1|VPr	حرف اضافه|فعل امر مثبت|اسم|اسم|پیشوند فعل	
10	آن‌ها	آن ها	آن	آن ها	O	_
11	بلوک‌هایی	بلوک|لوک|لو	بلوک	بلوک + ها + یی|ب + لوک + ها + یی|ب + لو + ک + ها + یی	N1+Pl+O|O+N1+Pl+O|O+N1+O+Pl+O	اسم + علامت جمع + یی|ب + اسم + علامت جمع + یی|ب + اسم + ک + علامت جمع + یی	
12	با	با	با	با	Pr	حرف اضافه	
12	نام	نام|نام	نام	نام|نام	N1|V	اسم|فعل امر مثبت	
13	پروسیجر	پروسیجر	پروسیجر	پروسیجر	O	_
14	است	است|اس		است|اس + ت	V+O|N1+O	فعل مضارع ساده+سوم شخص مفرد|اسم + ضمیر ملکی دوم شخص مفرد	

0	امروزه	امروزه|امروز	امروزه	امروزه|امروز + ه	Ad|N1+O	قید|اسم + ه	
1	از	از	از	از	Pr	حرف اضافه	
2	فنون	فنون|فن|فن	فنون	فنون|فن + ون|فن + ون	N1|N1+Pl|N1+Pl	اسم|اسم + علامت جمع|اسم + علامت جمع	
3	شی‌گرایی	شی گرایی	شی‌گرایی	شی گرایی	O	_
4	نیز	نیز|آز	نیز	نیز|نی + آز	Ad|V	قید|فعل امر منفی	
5	پشتبانی	پشت	پشتبانی	پشت + بان + ی	N1+O+O	اسم + بان + ی	
6	می‌کنند	کن|کن	کرد	می + کن + ند|می + کن + ند	V+O|V+O	فعل حال اخباری+سوم شخص جمع|فعل حال اخباری+سوم شخص جمع	
7	.	.	.	.	Si	علامت	

0	زبان‌های	زبان	زبان	زبان + ها + ی	N1+Pl+O	اسم + علامت جمع + ی	
1	سی++	سی++	سی++	سی++	Si	علامت	
2	و	و|و|و	و	و|و|و	C0|Al|Ab	حرف ربط|حروف الفبا|اختصارات	
3	‌پی‌اچ‌پی	پی اچ پی	‌پی‌اچ‌پی	پی اچ پی	O	_
4	از	از	از	از	Pr	حرف اضافه	
5	این	این|این	این	این|این	A1|N6	صفت اشاره|ضمیر اشاره	
6	جمله	جمله|جمل	جمله	جمله|جمل + ه	N1|N1+O	اسم|اسم + ه	
7	هستند	هست|هست		هست + ند|هست + ند	V+O|N1+V	فعل مضارع ساده+سوم شخص جمع|اسم + فعل سوم شخص جمع	
8	.	.	.	.	Si	علامت	

0	هر	هر	هر	هر	A1	صفت اشاره	
1	شی‌ء	شی‌ء	شی‌ء	شی‌ء	N1	اسم	
2	یک	یک	یک	یک	O	عدد حرفی	
3	سری	سری|سری|سر|سر|سر	سری	سری|سری|سر + ی|سر + ی|سر + ی	N1|A0|V+O|N1+O|N1+O	اسم|صفت|فعل مضارع ساده+دوم شخص مفرد|اسم + ی|اسم + ی	
4	خصوصیت	خصوصیت|خصوصی|خصوص	خصوصیت	خصوصیت|خصوصی + ت|خصوص + ی + ت	N1|A0+O|N1+O+O	اسم|صفت + ضمیر ملکی دوم شخص مفرد|اسم + ی + ضمیر ملکی دوم شخص مفرد	
5	و	و|و|و	و	و|و|و	C0|Al|Ab	حرف ربط|حروف الفبا|اختصارات	
6	قابلیت	قابلیت|قابل	قابلیت	قابلیت|قابل + یت	N1|A0+O	اسم|صفت + یت	
7	دارد	دار|دار	داشت	دار + د|دار + د	V+O|V5+O	فعل مضارع ساده+سوم شخص مفرد|فعل کمکی + د	
8	،	،	،	،	Si	علامت	

0	که	که|که|که|که	که	که|که|که|که	C0|NA|N1|N1	حرف ربط|ضمیر پرسشی|اسم|اسم	
1	اصطلاحاً	اصطلاحاً	اصطلاحا	اصطلاحاً	Ad	قید	
2	Properties	Properties	Properties	Properties	O	کلمه انگلیسی	
3	و	و|و|و	و	و|و|و	C0|Al|Ab	حرف ربط|حروف الفبا|اختصارات	
4	Operation	Operation	Operation	Operation	O	کلمه انگلیسی	
5	خوانده می‌شوند	خواند	خوانده می‌شوند	خواند + ه + می + شو + ند	V+O	فعل مجهول مضارع اخباری+سوم شخص جمع	
6	.	.	.	.	Si	علامت	

0	در	در|در|در|در|در	در	در|در|در|در|در	Pr|V|N1|N1|VPr	حرف اضافه|فعل امر مثبت|اسم|اسم|پیشوند فعل	
1	این	این|این	این	این|این	A1|N6	صفت اشاره|ضمیر اشاره	
2	پارادایم	پارادایم	پارادایم	پارادایم	N1	اسم	
3	برنامه‌نویسی	برنامه‌نویسی	برنامه‌نویس	برنامه‌نویسی	N1	اسم	
4	،	،	،	،	Si	علامت	
5	دید	دید|دید	دید	دید|دید	V+O|N1	فعل ماضی ساده+سوم شخص مفرد|اسم	
6	برنامه‌نویس	برنامه‌نویس	برنامه‌نویس	برنامه‌نویس	N1	اسم	
7	به	به|به	به	به|به	Pr|N1	حرف اضافه|اسم	
8	سیستم	سیستم	سیستم	سیستم	N1	اسم	
9	دید	دید|دید	دید	دید|دید	V+O|N1	فعل ماضی ساده+سوم شخص مفرد|اسم	
10	شخصی	شخصی|شخص	شخص	شخصی|شخص + ی	A0|N1+O	صفت|اسم + ی	
11	است	است|اس		است|اس + ت	V+O|N1+O	فعل مضارع ساده+سوم شخص مفرد|اسم + ضمیر ملکی دوم شخص مفرد	

0	که	که|که|که|که	که	که|که|که|که	C0|NA|N1|N1	حرف ربط|ضمیر پرسشی|اسم|اسم	
1	سعی	سعی	سعی	سعی	A0	صفت	
2	می‌نماید	نما|نما	نمود	می + نما + ید|می + نما + ید	V+O|V+O	فعل حال اخباری+دوم شخص جمع|فعل حال اخباری+دوم شخص جمع	

0	با	با	با	با	Pr	حرف اضافه	
1	پیدا	پیدا	پیدا	پیدا	A0	صفت	
2	کردن	کرد	کردن	کرد + ن	V2+O	بن ماضی + ن	
3	اشیاء	اشیاء	اشیاء	اشیاء	O	_
4	مختلف	مختلف	مختلف	مختلف	A0	صفت	
5	در	در|در|در|در|در	در	در|در|در|در|در	Pr|V|N1|N1|VPr	حرف اضافه|فعل امر مثبت|اسم|اسم|پیشوند فعل	
6	سیستم	سیستم	سیستم	سیستم	N1	اسم	
7	و	و|و|و	و	و|و|و	C0|Al|Ab	حرف ربط|حروف الفبا|اختصارات	
8	برقراری	برقراری|برقرار	برقراری	برقراری|برقرار + ی	N1|A0+O	اسم|صفت + ی	
9	ارتباط	ارتباط	ارتباط	ارتباط	N1	اسم	
10	بین	بین|بین|بین|ین	بین	بین|بین|بین|ب + ین	V|A0|N9|O+N1	فعل امر مثبت|صفت|اسم موجود در ساختمان حرف اضافه و حرف ربط گروهی|ب + اسم	
11	آن‌ها	آن ها	آن	آن ها	O	_

0	سیستم	سیستم	سیستم	سیستم	N1	اسم	
1	را	را	را	را	Po	حرف اضافه پسین	
2	تولید	تولید	تولید	تولید	N1	اسم	
3	نماید	نما|نما	نمود	نما + ید|نما + ید	V+O|V+O	فعل مضارع ساده+دوم شخص جمع|فعل مضارع ساده+دوم شخص جمع	
4	.	.	.	.	Si	علامت	

0	ردیت	ردی|رد	رد	ردی + ت|رد + ی + ت	N1+O|A0+O+O	اسم + ضمیر ملکی دوم شخص مفرد|صفت + ی + ضمیر ملکی دوم شخص مفرد	
1	یک	یک	یک	یک	O	عدد حرفی	
2	وب‌گاه	وبگاه	وب‌گاه	وبگاه	N1	اسم	
3	برای	برای|برا|بر	برای	برای|برا + ی|بر + ا + ی	Pr|A0+O|O+O+O	حرف اضافه|صفت + ی|ریشه مضارع + ا + ی	
4	جمع‌آوری	جمع آوری	جمع‌آوری	جمع آوری	O	_
5	اخبار	اخبار|خبر|اخ	اخبار	اخبار|خبر|اخ + بار	N1|O|A0+O	اسم|اسم مفرد جمع مکسر|صفت + بار	
6	اجتماعی	اجتماعی|اجتماع	اجتماع	اجتماعی|اجتماع + ی	A0|N1+O	صفت|اسم + ی	
7	که	که|که|که|که	که	که|که|که|که	C0|NA|N1|N1	حرف ربط|ضمیر پرسشی|اسم|اسم	
8	در	در|در|در|در|در	در	در|در|در|در|در	Pr|V|N1|N1|VPr	حرف اضافه|فعل امر مثبت|اسم|اسم|پیشوند فعل	
9	آن	ان	آن	ان	Ab	اختصارات	
10	کاربران	کاربر|کار	کاربر	کاربر + ان|کار + بر + ان	A0+O|N1+O+O	صفت + ان|اسم + بر + ان	
11	ثبت‌نام‌کرده	ثبت‌نام‌کرده|ثبت نام کرد	ثبت‌نام‌کرده	ثبت‌نام‌کرده|ثبت نام کرد + ه	A0|O+O	صفت|ریشه ماضی + ه	
12	قادرند	قادر	قادرند	قادر + ند	A0+V	صفت + فعل سوم شخص جمع	

0	اخبار	اخبار|خبر|اخ	اخبار	اخبار|خبر|اخ + بار	N1|O|A0+O	اسم|اسم مفرد جمع مکسر|صفت + بار	
1	را	را	را	را	Po	حرف اضافه پسین	
2	در	در|در|در|در|در	در	در|در|در|در|در	Pr|V|N1|N1|VPr	حرف اضافه|فعل امر مثبت|اسم|اسم|پیشوند فعل	
3	قالب	قالب	قالب	قالب	N1	اسم	
4	لینک	لین	لینک	لین + ک	N1+O	اسم + ک	
5	یا	یا|یا	یا	یا|یا	C0|Intj	حرف ربط|صوت	
6	متن	متن	متن	متن	N1	اسم	
7	ارسال	ارسال	ارسال	ارسال	N1	اسم	
8	کنند	کن|کن	کرد	کن + ند|کن + ند	V+O|V+O	فعل مضارع ساده+سوم شخص جمع|فعل مضارع ساده+سوم شخص جمع	

0	و	و|و|و	و	و|و|و	C0|Al|Ab	حرف ربط|حروف الفبا|اختصارات	
1	آن	ان	آن	ان	Ab	اختصارات	
2	را	را	را	را	Po	حرف اضافه پسین	
3	با	با	با	با	Pr	حرف اضافه	
4	دیگران	دیگران|دیگر|دی	دیگر	دیگران|دیگر + ان|دی + گر + ان	N5|Ad+O|N1+O+O	ضمیر فاعلی|قید + ان|اسم + گر + ان	
5	به	به|به	به	به|به	Pr|N1	حرف اضافه|اسم	
6	اشتراک	اشتراک|اشتر	اشتراک	اشتراک|اشتر + اک	N1|N1+O	اسم|اسم + اک	
7	بگذارند	گذار|گذار	گذاشت	ب + گذار + ند|ب + گذار + ند	V+O|O+N1+V	فعل حال التزامی+سوم شخص جمع|ب + اسم + فعل سوم شخص جمع	
8	.	.	.	.	Si	علامت	

0	کاربران	کاربر|کار	کاربر	کاربر + ان|کار + بر + ان	A0+O|N1+O+O	صفت + ان|اسم + بر + ان	
1	می‌توانند	توان|توان	توانست	می + توان + ند|می + توان + ند	O+V4+V|V+O	می + فعل وجه نما + فعل سوم شخص جمع|فعل حال اخباری+سوم شخص جمع	

0	به	به|به	به	به|به	Pr|N1	حرف اضافه|اسم	
1	پست	پست|پست	پست	پست|پست	N1|A0	اسم|صفت	
2	یا	یا|یا	یا	یا|یا	C0|Intj	حرف ربط|صوت	
3	گزارش‌های	گزارش|گزار	گزارش	گزارش + ها + ی|گزار + ش + ها + ی	N1+Pl+O|V1+O+Pl+O	اسم + علامت جمع + ی|بن مضارع + ش + علامت جمع + ی	
4	نوشته شده	نوشته شد|نوشت	نوشته شده	نوشته شد + ه|نوشت + ه + شد + ه	O+O|O+O	ریشه ماضی + ه|ریشه ماضی + ه	
5	رأی	رأی	رأی	رأی	N1	اسم	
6	دهند	ده|ده	داد	ده + ند|ده + ند	V+O|N1+V	فعل مضارع ساده+سوم شخص جمع|اسم + فعل سوم شخص جمع	

0	و	و|و|و	و	و|و|و	C0|Al|Ab	حرف ربط|حروف الفبا|اختصارات	
1	جایگاه	جایگاه|جای|جا	جایگاه	جایگاه|جای + گاه|جا + ی + گاه	N1|N1+O|N1+O	اسم|اسم + گاه|اسم + گاه	
2	آن	ان	آن	ان	Ab	اختصارات	
3	خبر	خبر	خبر	خبر	N1	اسم	
4	را	را	را	را	Po	حرف اضافه پسین	
5	در	در|در|در|در|در	در	در|در|در|در|در	Pr|V|N1|N1|VPr	حرف اضافه|فعل امر مثبت|اسم|اسم|پیشوند فعل	
6	صفحات	صفحات|صفحه	صفحات	صفحات|صفحه + ات	N1|N1+Pl	اسم|اسم + علامت جمع	
7	ردیت	ردی|رد	رد	ردی + ت|رد + ی + ت	N1+O|A0+O+O	اسم + ضمیر ملکی دوم شخص مفرد|صفت + ی + ضمیر ملکی دوم شخص مفرد	
8	و	و|و|و	و	و|و|و	C0|Al|Ab	حرف ربط|حروف الفبا|اختصارات	
9	صفحه‌ی	صفحه	صفحه	صفحه + ی	N1+O	اسم + ی	
10	اصلی	اصلی|اصل	اصل	اصلی|اصل + ی	A0|A0+O	صفت|صفت + ی	
11	مشخص	مشخص	مشخص	مشخص	A0	صفت	
12	کنند	کن|کن	کرد	کن + ند|کن + ند	V+O|V+O	فعل مضارع ساده+سوم شخص جمع|فعل مضارع ساده+سوم شخص جمع	
13	.	.	.	.	Si	علامت	

0	درواقع	درواقع	درواقع	درواقع	Ad	قید	
1	کاربران	کاربر|کار	کاربر	کاربر + ان|کار + بر + ان	A0+O|N1+O+O	صفت + ان|اسم + بر + ان	
2	هستند	هست|هست		هست + ند|هست + ند	V+O|N1+V	فعل مضارع ساده+سوم شخص جمع|اسم + فعل سوم شخص جمع	

0	که	که|که|که|که	که	که|که|که|که	C0|NA|N1|N1	حرف ربط|ضمیر پرسشی|اسم|اسم	
1	در	در|در|در|در|در	در	در|در|در|در|در	Pr|V|N1|N1|VPr	حرف اضافه|فعل امر مثبت|اسم|اسم|پیشوند فعل	
2	ردیت	ردی|رد	رد	ردی + ت|رد + ی + ت	N1+O|A0+O+O	اسم + ضمیر ملکی دوم شخص مفرد|صفت + ی + ضمیر ملکی دوم شخص مفرد	
3	اهمیت	اهمیت|اهم	اهمیت	اهمیت|اهم + یت	N1|A0+O	اسم|صفت + یت	
4	خبر	خبر	خبر	خبر	N1	اسم	
5	را	را	را	را	Po	حرف اضافه پسین	
6	تعیین	تعیین	تعیین	تعیین	N1	اسم	
7	می‌کنند	کن|کن	کرد	می + کن + ند|می + کن + ند	V+O|V+O	فعل حال اخباری+سوم شخص جمع|فعل حال اخباری+سوم شخص جمع	
8	.	.	.	.	Si	علامت	

0	این	این|این	این	این|این	A1|N6	صفت اشاره|ضمیر اشاره	
1	وب‌گاه	وبگاه	وب‌گاه	وبگاه	N1	اسم	
2	در	در|در|در|در|در	در	در|در|در|در|در	Pr|V|N1|N1|VPr	حرف اضافه|فعل امر مثبت|اسم|اسم|پیشوند فعل	
3	سال	سال	سال	سال	N1	اسم	
4	۲۰۰۵	۲۰۰۵	۲۰۰۵	۲۰۰۵	Nu	عدد رقمی	
5	توسط	توسط|توسط	توسط	توسط|توسط	N1|N9	اسم|اسم موجود در ساختمان حرف اضافه و حرف ربط گروهی	
6	استیو	استیو	استیو	استیو	N3	اسم خاص اشخاص	
7	هافمن	هافمن	هافمن	هافمن	N4	اسم فامیل	
8	و	و|و|و	و	و|و|و	C0|Al|Ab	حرف ربط|حروف الفبا|اختصارات	
9	الکسیس	الکسیس	الکسیس	الکسیس	O	_
10	اوهانیان	اوهانیان	اوهانیان	اوهانیان	O	_
11	که	که|که|که|که	که	که|که|که|که	C0|NA|N1|N1	حرف ربط|ضمیر پرسشی|اسم|اسم	
12	هر	هر	هر	هر	A1	صفت اشاره	
13	دو	دو|دو|دو	دو	دو|دو|دو	O|V|N1	عدد حرفی|فعل امر مثبت|اسم	
14	دانش‌آموخته‌ی	دانش آموخته	دانش‌آموخته	دانش آموخته	O	_
15	دانشگاه	دانشگاه|دانش|دان	دانشگاه	دانشگاه|دانش + گاه|دان + ش + گاه	N1|N1+O|V1+O+O	اسم|اسم + گاه|بن مضارع + ش + گاه	
16	ویرجینیا	ویرجینیا	ویرجینیا	ویرجینیا	N2	اسم خاص مکان	
17	هستند	هست|هست		هست + ند|هست + ند	V+O|N1+V	فعل مضارع ساده+سوم شخص جمع|اسم + فعل سوم شخص جمع	

0	تأسیس	تأسیس	تأسیس	تأسیس	N1	اسم	
1	شد	شد	شد	شد	V+O	فعل ماضی ساده+سوم شخص مفرد	
2	.	.	.	.	Si	علامت	

0	دفتر	دفتر	دفتر	دفتر	N1	اسم	
1	مرکزی	مرکزی|مرکز	مرکزی	مرکزی|مرکز + ی	A0|N1+O	صفت|اسم + ی	
2	ردیت	ردی|رد	رد	ردی + ت|رد + ی + ت	N1+O|A0+O+O	اسم + ضمیر ملکی دوم شخص مفرد|صفت + ی + ضمیر ملکی دوم شخص مفرد	
3	در	در|در|در|در|در	در	در|در|در|در|در	Pr|V|N1|N1|VPr	حرف اضافه|فعل امر مثبت|اسم|اسم|پیشوند فعل	
4	سان‌فرانسیسکو	سان‌فرانسیسکو	سان‌فرانسیسکو	سان‌فرانسیسکو	N2	اسم خاص مکان	
5	،	،	،	،	Si	علامت	
6	کالیفرنیا	کالیفرنیا	کالیفرنیا	کالیفرنیا	N2	اسم خاص مکان	
7	در	در|در|در|در|در	در	در|در|در|در|در	Pr|V|N1|N1|VPr	حرف اضافه|فعل امر مثبت|اسم|اسم|پیشوند فعل	
8	ایالات‌متحده	ایالات‌متحده	ایالات‌متحده	ایالات‌متحده	N2	اسم خاص مکان	
9	آمریکا	امریکا	آمریکا	امریکا	N2	اسم خاص مکان	
10	است	است|اس		است|اس + ت	V+O|N1+O	فعل مضارع ساده+سوم شخص مفرد|اسم + ضمیر ملکی دوم شخص مفرد	
11	.	.	.	.	Si	علامت	

0	درخشش	درخشش|درخش	درخشش	درخشش|درخش + ش	N1|V+O	اسم|فعل مضارع ساده+سوم شخص مفرد	
1	یا	یا|یا	یا	یا|یا	C0|Intj	حرف ربط|صوت	
2	تلألؤ	تلألؤ	تلألؤ	تلألؤ	N1	اسم	
3	(	(	(	(	Si	علامت	
4	به	به|به	به	به|به	Pr|N1	حرف اضافه|اسم	
5	انگلیسی	انگلیسی	انگلیسی	انگلیسی	A0	صفت	
6	:	:	:	:	Si	علامت	
7	The	The	The	The	O	کلمه انگلیسی	
8	Shining	Shining	Shining	Shining	O	کلمه انگلیسی	
9	)	)	)	)	Si	علامت	
10	فیلمی	فیلم	فیلم	فیلم + ی	N1+O	اسم + ی	
11	در	در|در|در|در|در	در	در|در|در|در|در	Pr|V|N1|N1|VPr	حرف اضافه|فعل امر مثبت|اسم|اسم|پیشوند فعل	
12	سبک	سبک|سبک|سب	سبک	سبک|سبک|سب + ک	N1|A0|N1+O	اسم|صفت|اسم + ک	
13	ترسناک	ترسناک|ترس	ترسناک	ترسناک|ترس + ناک	A0|N1+O	صفت|اسم + ناک	
14	روانشناسانه	روان	روانشناسانه	روان + شناس + انه	A0+O+O	صفت + شناس + انه	
15	محصول	محصول	محصول	محصول	N1	اسم	
16	آمریکا	امریکا	آمریکا	امریکا	N2	اسم خاص مکان	
17	و	و|و|و	و	و|و|و	C0|Al|Ab	حرف ربط|حروف الفبا|اختصارات	
18	بریتانیا	بریتانیا	بریتانیا	بریتانیا	N2	اسم خاص مکان	
19	به	به|به	به	به|به	Pr|N1	حرف اضافه|اسم	
20	کارگردانی	کارگردانی|کارگردان|کارگر|کار	کارگردان	کارگردانی|کارگردان + ی|کارگر + دان + ی|کار + گر + دان + ی	N1|N1+O|N1+O+O|N1+O+O+O	اسم|اسم + ی|اسم + دان + ی|اسم + گر + دان + ی	
21	و	و|و|و	و	و|و|و	C0|Al|Ab	حرف ربط|حروف الفبا|اختصارات	
22	تهیه‌کنندگی	تهیه‌کنندگی	تهیه‌کنندگی	تهیه‌کنندگی	N1	اسم	
23	استنلی	استنلی	استنلی	استنلی	O	_
24	کوبریک	کوبریک	کوبریک	کوبریک	O	_
25	است	است|اس		است|اس + ت	V+O|N1+O	فعل مضارع ساده+سوم شخص مفرد|اسم + ضمیر ملکی دوم شخص مفرد	

0	که	که|که|که|که	که	که|که|که|که	C0|NA|N1|N1	حرف ربط|ضمیر پرسشی|اسم|اسم	
1	در	در|در|در|در|در	در	در|در|در|در|در	Pr|V|N1|N1|VPr	حرف اضافه|فعل امر مثبت|اسم|اسم|پیشوند فعل	
2	سال	سال	سال	سال	N1	اسم	
3	۱۹۸۰	۱۹۸۰	۱۹۸۰	۱۹۸۰	Nu	عدد رقمی	
4	منتشر	منتشر	منتشر	منتشر	A0	صفت	
5	شد	شد	شد	شد	V+O	فعل ماضی ساده+سوم شخص مفرد	
6	.	.	.	.	Si	علامت	

0	فیلم‌نامه	فیلم‌نامه	فیلم‌نامه	فیلم‌نامه	N1	اسم	
1	این	این|این	این	این|این	A1|N6	صفت اشاره|ضمیر اشاره	
2	کار	کار|کار	کار	کار|کار	N1|V	اسم|فعل امر مثبت	
3	را	را	را	را	Po	حرف اضافه پسین	
4	کوبریک	کوبریک	کوبریک	کوبریک	O	_
5	و	و|و|و	و	و|و|و	C0|Al|Ab	حرف ربط|حروف الفبا|اختصارات	
6	دایان	دایان	دایان	دایان	O	_
6	جانسون	جانسون	جانسون	جانسون	N3	اسم خاص اشخاص	
7	،	،	،	،	Si	علامت	
8	رمان‌نویس	رمان‌نویس	رمان‌نویس	رمان‌نویس	N1	اسم	
9	زاده	زاده|زاد|زاد|زاد	زاده	زاده|زاد + ه|زاد + ه|زاد + ه	N1|O+O|V1+O|N1+O	اسم|ریشه ماضی + ه|بن مضارع + ه|اسم + ه	
10	آمریکا	امریکا	آمریکا	امریکا	N2	اسم خاص مکان	
11	نوشتند	نوشت	نوشت	نوشت + ند	V+O	فعل ماضی ساده+سوم شخص جمع	
12	.	.	.	.	Si	علامت	

0	در	در|در|در|در|در	در	در|در|در|در|در	Pr|V|N1|N1|VPr	حرف اضافه|فعل امر مثبت|اسم|اسم|پیشوند فعل	
1	این	این|این	این	این|این	A1|N6	صفت اشاره|ضمیر اشاره	
2	فیلم	فیلم|فیل|فیل	فیلم	فیلم|فیل + م|فیل + م	N1|N1+O|N1+V	اسم|اسم + ضمیر ملکی اول شخص مفرد|اسم + فعل اول شخص مفرد	
3	هنرپیشگانی	هنرپیشه	هنرپیشگانی	هنرپیشه + گان + ی	N1+Pl+O	اسم + علامت جمع + ی	
4	همچون	همچون	همچون	همچون	Pr	حرف اضافه	
5	جک	جک	جک	جک	N1	اسم	
6	نیکلسون	نیکلسون	نیکلسون	نیکلسون	N3	اسم خاص اشخاص	
7	،	،	،	،	Si	علامت	
8	شلی	شلی|شل|شل	شل	شلی|شل + ی|شل + ی	N4|V+O|N1+O	اسم فامیل|فعل مضارع ساده+دوم شخص مفرد|اسم + ی	
9	دووال	دووال	دووال	دووال	O	_
10	و	و|و|و	و	و|و|و	C0|Al|Ab	حرف ربط|حروف الفبا|اختصارات	
11	دنی	دنی	دنی	دنی	N3	اسم خاص اشخاص	
12	لوید	لو	لوید	لو + ید	N1+V	اسم + فعل سوم شخص مفرد	
13	به	به|به	به	به|به	Pr|N1	حرف اضافه|اسم	
14	ایفای	ایفا	ایفا	ایفا + ی	N1+O	اسم + ی	
15	نقش	نقش|نق	نقش	نقش|نق + ش	N1|N1+O	اسم|اسم + ضمیر ملکی سوم شخص مفرد	
16	پرداخته‌اند	پرداخته|پرداخت|پرداخت	پرداخت	پرداخته + اند|پرداخت + ه + اند|پرداخت + ه + اند	A0+V|V+O|N1+O+V	صفت + فعل سوم شخص جمع|فعل ماضی نقلی+سوم شخص جمع|اسم + ه + فعل سوم شخص جمع	
17	.	.	.	.	Si	علامت	

0	درخشش	درخشش|درخش	درخشش	درخشش|درخش + ش	N1|V+O	اسم|فعل مضارع ساده+سوم شخص مفرد	
1	تنها	تنها|تن|تن	تنها	تنها|تن + ها|تن + ها	A0|N1+Pl|N1+Pl	صفت|اسم + علامت جمع|اسم + علامت جمع	
2	فیلم	فیلم|فیل|فیل	فیلم	فیلم|فیل + م|فیل + م	N1|N1+O|N1+V	اسم|اسم + ضمیر ملکی اول شخص مفرد|اسم + فعل اول شخص مفرد	
3	کوبریک	کوبریک	کوبریک	کوبریک	O	_
4	در	در|در|در|در|در	در	در|در|در|در|در	Pr|V|N1|N1|VPr	حرف اضافه|فعل امر مثبت|اسم|اسم|پیشوند فعل	
5	ژانر	ژانر	ژانر	ژانر	N1	اسم	
6	وحشت	وحشت|وحش	وحشت	وحشت|وحش + ت	N1|N1+O	اسم|اسم + ضمیر ملکی دوم شخص مفرد	
7	محسوب	محسوب	محسوب	محسوب	A0	صفت	
8	می‌شود	شو	شد	می + شو + د	V+O	فعل حال اخباری+سوم شخص مفرد	
9	.	.	.	.	Si	علامت	

0	فیلم	فیلم|فیل|فیل	فیلم	فیلم|فیل + م|فیل + م	N1|N1+O|N1+V	اسم|اسم + ضمیر ملکی اول شخص مفرد|اسم + فعل اول شخص مفرد	
1	براساس	براساس	براساس	براساس	Pr1	حرف اضافه گروهی	
2	داستانی	داستانی|داستان|داس	داستان	داستانی|داستان + ی|داس + تان + ی	A0|N1+O|N1+O+O	صفت|اسم + ی|اسم + ضمیر ملکی دوم شخص جمع + ی	
3	به	به|به	به	به|به	Pr|N1	حرف اضافه|اسم	
4	همین	همین|همین|هم|ین	همین	همین|همین|هم + ین|هم + ین	A1|N6|Ad+O|O+N1	صفت اشاره|ضمیر اشاره|قید + ین|هم + اسم	
5	نام	نام|نام	نام	نام|نام	N1|V	اسم|فعل امر مثبت	
6	از	از	از	از	Pr	حرف اضافه	
7	استیون	استیون	استیون	استیون	N3	اسم خاص اشخاص	
8	کینگ	کینگ	کینگ	کینگ	O	_
9	ساخته شد	ساخت	ساخته شد	ساخت + ه + شد	V+O	فعل مجهول ماضی مطلق+سوم شخص مفرد	
10	.	.	.	.	Si	علامت	

0	جک	جک	جک	جک	N1	اسم	
1	نیکلسون	نیکلسون	نیکلسون	نیکلسون	N3	اسم خاص اشخاص	
2	در	در|در|در|در|در	در	در|در|در|در|در	Pr|V|N1|N1|VPr	حرف اضافه|فعل امر مثبت|اسم|اسم|پیشوند فعل	
3	معروف‌ترین	معروف	معروف	معروف + ترین	A0+O	صفت + علامت صفت تفضیلی	
4	سکانس	سکانس	سکانس	سکانس	N1	اسم	
5	فیلم	فیلم|فیل|فیل	فیلم	فیلم|فیل + م|فیل + م	N1|N1+O|N1+V	اسم|اسم + ضمیر ملکی اول شخص مفرد|اسم + فعل اول شخص مفرد	
6	برداشت‌های	برداشت	برداشت	برداشت + ها + ی	N1+Pl+O	اسم + علامت جمع + ی	
7	مکرر	مکرر	مکرر	مکرر	A0	صفت	
8	کوبریک	کوبریک	کوبریک	کوبریک	O	_
9	درحین	درحین	درحین	درحین	Pr1	حرف اضافه گروهی	
10	این	این|این	این	این|این	A1|N6	صفت اشاره|ضمیر اشاره	
11	فیلم	فیلم|فیل|فیل	فیلم	فیلم|فیل + م|فیل + م	N1|N1+O|N1+V	اسم|اسم + ضمیر ملکی اول شخص مفرد|اسم + فعل اول شخص مفرد	
12	یکی	یکی|یک	یک	یکی|یک + ی	A2|O+O	صفت مبهم|عدد حرفی + ی	
13	از	از	از	از	Pr	حرف اضافه	
14	ضرب‌المثل‌های	ضرب‌المثل	ضرب‌المثل	ضرب‌المثل + ها + ی	N1+Pl+O	اسم + علامت جمع + ی	
15	صنعت	صنعت|صنع	صنعت	صنعت|صنع + ت	N1|N1+O	اسم|اسم + ضمیر ملکی دوم شخص مفرد	
16	فیلمسازی	فیلم	فیلمسازی	فیلم + ساز + ی	N1+O+O	اسم + ساز + ی	
17	شده است	شد	شده است	شد + ه + است	V+O	فعل ماضی نقلی+سوم شخص مفرد	
18	.	.	.	.	Si	علامت	

0	او	او|او	او	او|او	N5|Ab	ضمیر فاعلی|اختصارات	
1	۱۲۷	۱۲۷	۱۲۷	۱۲۷	Nu	عدد رقمی	
2	مرتبه	مرتبه|مرتب	مرتبه	مرتبه|مرتب + ه	N1|A0+O	اسم|صفت + ه	
3	از	از	از	از	Pr	حرف اضافه	
4	شلی	شلی|شل|شل	شل	شلی|شل + ی|شل + ی	N4|V+O|N1+O	اسم فامیل|فعل مضارع ساده+دوم شخص مفرد|اسم + ی	
5	دووال	دووال	دووال	دووال	O	_
6	برای	برای|برا|بر	برای	برای|برا + ی|بر + ا + ی	Pr|A0+O|O+O+O	حرف اضافه|صفت + ی|ریشه مضارع + ا + ی	
7	یکی	یکی|یک	یک	یکی|یک + ی	A2|O+O	صفت مبهم|عدد حرفی + ی	
8	از	از	از	از	Pr	حرف اضافه	
9	سکانس‌های	سکانس	سکانس‌های	سکانس + ها + ی	N1+Pl+O	اسم + علامت جمع + ی	
10	فیلم	فیلم|فیل|فیل	فیلم	فیلم|فیل + م|فیل + م	N1|N1+O|N1+V	اسم|اسم + ضمیر ملکی اول شخص مفرد|اسم + فعل اول شخص مفرد	
11	فیلمبرداری	فیلم‌برداری|فیلم‌بردار	فیلمبرداری	فیلم‌برداری|فیلم‌بردار + ی	N1|N1+O	اسم|اسم + ی	
12	کرد	کرد|کرد	کرد	کرد|کرد	V+O|N1	فعل ماضی ساده+سوم شخص مفرد|اسم	
13	.	.	.	.	Si	علامت	

0	عصبیت	عصبیت|عصبی|عصب	عصبیت	عصبیت|عصبی + ت|عصب + ی + ت	N1|A0+O|N1+O+O	اسم|صفت + ضمیر ملکی دوم شخص مفرد|اسم + ی + ضمیر ملکی دوم شخص مفرد	
1	شلی	شلی|شل|شل	شل	شلی|شل + ی|شل + ی	N4|V+O|N1+O	اسم فامیل|فعل مضارع ساده+دوم شخص مفرد|اسم + ی	
2	دووال	دووال	دووال	دووال	O	_
3	در	در|در|در|در|در	در	در|در|در|در|در	Pr|V|N1|N1|VPr	حرف اضافه|فعل امر مثبت|اسم|اسم|پیشوند فعل	
4	فیلم	فیلم|فیل|فیل	فیلم	فیلم|فیل + م|فیل + م	N1|N1+O|N1+V	اسم|اسم + ضمیر ملکی اول شخص مفرد|اسم + فعل اول شخص مفرد	
5	به	به|به	به	به|به	Pr|N1	حرف اضافه|اسم	
6	خوبی	خوبی|خوب	خوبی	خوبی|خوب + ی	N1|A0+O	اسم|صفت + ی	
7	مشهود	مشهود	مشهود	مشهود	A0	صفت	
8	است	است|اس		است|اس + ت	V+O|N1+O	فعل مضارع ساده+سوم شخص مفرد|اسم + ضمیر ملکی دوم شخص مفرد	

0	اسکتمن	اسکتمن	اسکتمن	اسکتمن	O	_
1	کراترز	کراترز	کراترز	کراترز	O	_
2	به	به|به	به	به|به	Pr|N1	حرف اضافه|اسم	
3	نقش	نقش|نق	نقش	نقش|نق + ش	N1|N1+O	اسم|اسم + ضمیر ملکی سوم شخص مفرد	
4	آشپز	آشپز	آشپز	آشپز	N1	اسم	
5	سیاه‌پوست	سیاه‌پوست	سیاه‌پوست	سیاه‌پوست	A0	صفت	
6	هتل	هتل	هتل	هتل	N1	اسم	
7	مجبور	مجبور	مجبور	مجبور	A0	صفت	
8	شد	شد	شد	شد	V+O	فعل ماضی ساده+سوم شخص مفرد	

0	۴۰	۴۰	۴۰	۴۰	Nu	عدد رقمی	
1	بار	بار|بار	بار	بار|بار	V|N1	فعل امر مثبت|اسم	
2	صحنه	صحنه|صحن	صحنه	صحنه|صحن + ه	N1|N1+O	اسم|اسم + ه	
3	درگیری	درگیری|درگیر|درگیر	درگیری	درگیری|درگیر + ی|درگیر + ی	N1|A0+O|V+O	اسم|صفت + ی|فعل مضارع ساده+دوم شخص مفرد	
4	با	با	با	با	Pr	حرف اضافه	
5	تبر	تبر	تبر	تبر	N1	اسم	
6	را	را	را	را	Po	حرف اضافه پسین	
7	بازی	بازی|باز|باز|باز|باز	بازی	بازی|باز + ی|باز + ی|باز + ی|باز + ی	N1|V+O|A0+O|N1+O|Ad+O	اسم|فعل مضارع ساده+دوم شخص مفرد|صفت + ی|اسم + ی|قید + ی	
8	کند	کند|کن|کن	کند	کند|کن + د|کن + د	A0|V+O|V+O	صفت|فعل مضارع ساده+سوم شخص مفرد|فعل مضارع ساده+سوم شخص مفرد	

0	و	و|و|و	و	و|و|و	C0|Al|Ab	حرف ربط|حروف الفبا|اختصارات	
1	نهایتاً	نهایتاً	نهایتا	نهایتاً	Ad	قید	
2	دچار	دچار	دچار	دچار	Ad	قید	
3	فروپاشی	فروپاشی|فروپاش	فروپاش	فروپاشی|فروپاش + ی	N1|V+O	اسم|فعل مضارع ساده+دوم شخص مفرد	
4	عصبی	عصبی|عصب	عصبی	عصبی|عصب + ی	A0|N1+O	صفت|اسم + ی	
5	شده	شد	شده	شد + ه	V3+O	فعل اسنادی + ه	

0	و	و|و|و	و	و|و|و	C0|Al|Ab	حرف ربط|حروف الفبا|اختصارات	
1	با	با	با	با	Pr	حرف اضافه	
2	گریه	گریه|گری|گری	گریه	گریه|گری + ه|گری + ه	N1|V1+O|N1+O	اسم|بن مضارع + ه|اسم + ه	
3	به	به|به	به	به|به	Pr|N1	حرف اضافه|اسم	
4	کوبریک	کوبریک	کوبریک	کوبریک	O	_
5	گفت	گفت|گفت	گفت	گفت|گفت	V+O|N1	فعل ماضی ساده+سوم شخص مفرد|اسم	
6	:	:	:	:	Si	علامت	

0	«	«	«	«	Si	علامت	
1	آقای	آقا	آقا	آقا	O	_
2	کوبریک	کوبریک	کوبریک	کوبریک	O	_
3	آخه	اخ|اخ|اخ	آخه	اخ + ه|اخ + ه|اخ + ه	N1+O|N1+O|A0+O	اسم + ه|اسم + ه|صفت + ه	
4	چی	چی	چی	چی	NA	ضمیر پرسشی	
5	از	از	از	از	Pr	حرف اضافه	
6	جونم	جون|جون	جونم	جون + م|جون + م	N1+O|N1+V	اسم + ضمیر ملکی اول شخص مفرد|اسم + فعل اول شخص مفرد	
7	میخواین	میخواین	میخواین	میخواین	O	_
8	؟	؟	؟	؟	Si	علامت	
9	»	»	»	»	Si	علامت	

0	اما	اما	اما	اما	C0	حرف ربط	
1	کوبریک	کوبریک	کوبریک	کوبریک	O	_
2	سکانس	سکانس	سکانس	سکانس	N1	اسم	
3	خروج	خروج	خروج	خروج	N1	اسم	
4	و	و|و|و	و	و|و|و	C0|Al|Ab	حرف ربط|حروف الفبا|اختصارات	
5	فوران	فوران	فوران	فوران	N1	اسم	
6	خون	خون	خون	خون	N1	اسم	
7	از	از	از	از	Pr	حرف اضافه	
8	درون	درون|در|در	درون	درون|در + ون|در + ون	N1|N1+Pl|N1+Pl	اسم|اسم + علامت جمع|اسم + علامت جمع	
9	آسانسور	آسانسور	آسانسور	آسانسور	N1	اسم	
10	هتل	هتل	هتل	هتل	N1	اسم	
11	اورلووک	اورلووک	اورلووک	اورلووک	O	_
12	را	را	را	را	Po	حرف اضافه پسین	
13	تنها	تنها|تن|تن	تنها	تنها|تن + ها|تن + ها	A0|N1+Pl|N1+Pl	صفت|اسم + علامت جمع|اسم + علامت جمع	
14	سه	سه	سه	سه	O	عدد حرفی	
15	مرتبه	مرتبه|مرتب	مرتبه	مرتبه|مرتب + ه	N1|A0+O	اسم|صفت + ه	
16	تکرار	تکرار	تکرار	تکرار	N1	اسم	
17	کرد	کرد|کرد	کرد	کرد|کرد	V+O|N1	فعل ماضی ساده+سوم شخص مفرد|اسم	

0	و	و|و|و	و	و|و|و	C0|Al|Ab	حرف ربط|حروف الفبا|اختصارات	
1	علت	علت|علت	علت	علت|علت	N1|N9	اسم|اسم موجود در ساختمان حرف اضافه و حرف ربط گروهی	
2	به	به|به	به	به|به	Pr|N1	حرف اضافه|اسم	
3	سختی	سختی|سخت|سخت	سختی	سختی|سخت + ی|سخت + ی	A0|V+O|A0+O	صفت|فعل مضارع ساده+دوم شخص مفرد|صفت + ی	
4	تکرار	تکرار	تکرار	تکرار	N1	اسم	
5	این	این|این	این	این|این	A1|N6	صفت اشاره|ضمیر اشاره	
6	صحنه	صحنه|صحن	صحنه	صحنه|صحن + ه	N1|N1+O	اسم|اسم + ه	
7	بازمی‌گشت	بازگشت	بازمی‌گشت	می + بازگشت	V+O	فعل ماضی استمراری+سوم شخص مفرد	

0	که	که|که|که|که	که	که|که|که|که	C0|NA|N1|N1	حرف ربط|ضمیر پرسشی|اسم|اسم	
1	هر	هر	هر	هر	A1	صفت اشاره	
2	بار	بار|بار	بار	بار|بار	V|N1	فعل امر مثبت|اسم	
3	آماده	آماده|آماد	آماده	آماده|آماد + ه	A0|N1+O	صفت|اسم + ه	
4	کردن	کرد	کردن	کرد + ن	V2+O	بن ماضی + ن	
5	آن	ان	آن	ان	Ab	اختصارات	

0	۹	۹	۹	۹	Nu	عدد رقمی	
1	ساعت	ساعت	ساعت	ساعت	N1	اسم	
2	طول	طول	طول	طول	N1	اسم	
3	می‌کشید	کشید|کش	کشید	می + کشید|می + کش + ید	V+O|V+O	فعل ماضی استمراری+سوم شخص مفرد|فعل حال اخباری+دوم شخص جمع	
4	!	!	!	!	Si	علامت	

0	اما	اما	اما	اما	C0	حرف ربط	
1	کوبریک	کوبریک	کوبریک	کوبریک	O	_
2	پس‌از	پس‌از	پس‌از	پس‌از	Pr1	حرف اضافه گروهی	
3	تماشای	تماشا	تماشا	تماشا + ی	N1+O	اسم + ی	
4	سکانس	سکانس	سکانس	سکانس	N1	اسم	
5	می‌گفت	گفت	گفت	می + گفت	V+O	فعل ماضی استمراری+سوم شخص مفرد	
6	:	:	:	:	Si	علامت	

0	«	«	«	«	Si	علامت	
1	نه	نه|نه|نه	نه	نه|نه|نه	O|V|N1	عدد حرفی|فعل امر مثبت|اسم	
2	شبیه	شبیه|شبیه|شب	شبیه	شبیه|شبیه|شب + یه	A0|N9|N1+O	صفت|اسم موجود در ساختمان حرف اضافه و حرف ربط گروهی|اسم + یه	
3	خون	خون	خون	خون	N1	اسم	
4	واقعی	واقعی|واقع	واقعی	واقعی|واقع + ی	A0|N1+O	صفت|اسم + ی	
5	نشد	شد	شد	ن + شد	V+O	فعل ماضی ساده منفی+سوم شخص مفرد	
6	.	.	.	.	Si	علامت	
7	»	»	»	»	Si	علامت	

0	نکته	نکته	نکته	نکته	N1	اسم	
1	جالب	جالب	جالب	جالب	A0	صفت	
2	درمورد	درمورد	درمورد	درمورد	Pr1	حرف اضافه گروهی	
3	این	این|این	این	این|این	A1|N6	صفت اشاره|ضمیر اشاره	
4	صحنه	صحنه|صحن	صحنه	صحنه|صحن + ه	N1|N1+O	اسم|اسم + ه	
5	این	این|این	این	این|این	A1|N6	صفت اشاره|ضمیر اشاره	
6	بود	بود|بود|بود|بو|ود	بود	بود|بود|بود|بو + د|ب + ود	V+O|N1|V+O|V+O|O+N1	فعل ماضی ساده+سوم شخص مفرد|اسم|فعل ماضی ساده+سوم شخص مفرد|فعل مضارع ساده+سوم شخص مفرد|ب + اسم	

0	که	که|که|که|که	که	که|که|که|که	C0|NA|N1|N1	حرف ربط|ضمیر پرسشی|اسم|اسم	
1	اداره	اداره	اداره	اداره	N1	اسم	
2	سانسور	سانسور	سانسور	سانسور	N1	اسم	
3	انگلستان	انگلستان	انگلستان	انگلستان	N2	اسم خاص مکان	
4	از	از	از	از	Pr	حرف اضافه	
5	وفور	وفور	وفور	وفور	N1	اسم	
6	این	این|این	این	این|این	A1|N6	صفت اشاره|ضمیر اشاره	
7	همه	همه|همه	همه	همه|همه	N1|A2	اسم|صفت مبهم	
8	خون	خون	خون	خون	N1	اسم	
9	در	در|در|در|در|در	در	در|در|در|در|در	Pr|V|N1|N1|VPr	حرف اضافه|فعل امر مثبت|اسم|اسم|پیشوند فعل	
10	یک	یک	یک	یک	O	عدد حرفی	
11	سکانس	سکانس	سکانس	سکانس	N1	اسم	
12	به	به|به	به	به|به	Pr|N1	حرف اضافه|اسم	
13	تنگ	تنگ|تنگ	تنگ	تنگ|تنگ	A0|N1	صفت|اسم	
14	آمده	امد	آمده	امد + ه	N1+O	اسم + ه	

0	و	و|و|و	و	و|و|و	C0|Al|Ab	حرف ربط|حروف الفبا|اختصارات	
1	درجه	درجه|درج	درجه	درجه|درج + ه	N1|N1+O	اسم|اسم + ه	
2	فیلم	فیلم|فیل|فیل	فیلم	فیلم|فیل + م|فیل + م	N1|N1+O|N1+V	اسم|اسم + ضمیر ملکی اول شخص مفرد|اسم + فعل اول شخص مفرد	
3	را	را	را	را	Po	حرف اضافه پسین	
4	فقط	فقط	فقط	فقط	Ad	قید	
5	برای	برای|برا|بر	برای	برای|برا + ی|بر + ا + ی	Pr|A0+O|O+O+O	حرف اضافه|صفت + ی|ریشه مضارع + ا + ی	
6	بزرگسالان	بزرگ‌سالان|بزرگ‌سال	بزرگسالان	بزرگ‌سالان|بزرگ‌سال + ان	N1|A0+O	اسم|صفت + ان	
7	اعلام	اعلام|اعلام	اعلام	اعلام|اعلام	N1|N1	اسم|اسم	
8	نموده بود	نمود	نموده بود	نمود + ه + بود	V+O	فعل ماضی بعید+سوم شخص مفرد	

0	اما	اما	اما	اما	C0	حرف ربط	
1	گویا	گویا|گویا	گویا	گویا|گویا	A0|Ad	صفت|قید	
2	کوبریک	کوبریک	کوبریک	کوبریک	O	_
3	با	با	با	با	Pr	حرف اضافه	
4	زیرکی	زیرکی|زیرک|زیر	زیرک	زیرکی|زیرک + ی|زیر + ک + ی	N1|A0+O|A0+O+O	اسم|صفت + ی|صفت + ک + ی	
5	آن‌ها	آن ها	آن	آن ها	O	_
6	را	را	را	را	Po	حرف اضافه پسین	
7	قانع	قانع	قانع	قانع	A0	صفت	
8	کرد	کرد|کرد	کرد	کرد|کرد	V+O|N1	فعل ماضی ساده+سوم شخص مفرد|اسم	

0	که	که|که|که|که	که	که|که|که|که	C0|NA|N1|N1	حرف ربط|ضمیر پرسشی|اسم|اسم	
1	این	این|این	این	این|این	A1|N6	صفت اشاره|ضمیر اشاره	
2	مایع	مایع	مایع	مایع	N1	اسم	
3	لزج	لزج	لزج	لزج	A0	صفت	
4	،	،	،	،	Si	علامت	
5	خون	خون	خون	خون	N1	اسم	
6	نبوده	نبود|بود|بود	بود	نبود + ه|ن + بود + ه|ن + بود + ه	N1+O|O+O|O+V3+O	اسم + ه|ریشه ماضی + ه|ن + فعل اسنادی + ه	

0	بلکه	بلکه|لکه|لک|بل	بلکه	بلکه|ب + لکه|ب + لک + ه|بل + ک + ه	Ad|O+N1|O+N1+O|N1+O+O	قید|ب + اسم|ب + اسم + ه|اسم + ک + ه	
1	«	«	«	«	Si	علامت	
2	فاضلاب	فاضلاب	فاضلاب	فاضلاب	N1	اسم	
3	»	»	»	»	Si	علامت	
4	است	است|اس		است|اس + ت	V+O|N1+O	فعل مضارع ساده+سوم شخص مفرد|اسم + ضمیر ملکی دوم شخص مفرد	
5	.	.	.	.	Si	علامت	

0	بازیگر	بازیگر|بازی|باز|باز|باز|باز	بازیگر	بازیگر|بازی + گر|باز + ی + گر|باز + ی + گر|باز + ی + گر|باز + ی + گر	N1|N1+O|V1+O+O|A0+O+O|N1+O+O|Ad+O+O	اسم|اسم + گر|بن مضارع + ی + گر|صفت + ی + گر|اسم + ی + گر|قید + ی + گر	
1	نقش	نقش|نق	نقش	نقش|نق + ش	N1|N1+O	اسم|اسم + ضمیر ملکی سوم شخص مفرد	
2	بچه	بچه|چه	بچه	بچه|ب + چه	N1|O+A0	اسم|ب + صفت	
3	فیلم	فیلم|فیل|فیل	فیلم	فیلم|فیل + م|فیل + م	N1|N1+O|N1+V	اسم|اسم + ضمیر ملکی اول شخص مفرد|اسم + فعل اول شخص مفرد	
4	تا	تا|تا|تا	تا	تا|تا|تا	Pr|C0|Ab	حرف اضافه|حرف ربط|اختصارات	
5	۱۲	۱۲	۱۲	۱۲	Nu	عدد رقمی	
6	سالگی	سالگی|ساله|سال	سالگی	سالگی|ساله + گی|سال + ه + گی	A0|N1+O|N1+O+O	صفت|اسم + گی|اسم + ه + گی	
7	نفهمید	فهمید|نفهم|فهم	فهمید	ن + فهمید|نفهم + ید|ن + فهم + ید	V+O|A0+V|V+O	فعل ماضی ساده منفی+سوم شخص مفرد|صفت + فعل دوم شخص جمع|فعل حال التزامی منفی+دوم شخص جمع	

0	که	که|که|که|که	که	که|که|که|که	C0|NA|N1|N1	حرف ربط|ضمیر پرسشی|اسم|اسم	
1	در	در|در|در|در|در	در	در|در|در|در|در	Pr|V|N1|N1|VPr	حرف اضافه|فعل امر مثبت|اسم|اسم|پیشوند فعل	
2	فیلمی	فیلم	فیلم	فیلم + ی	N1+O	اسم + ی	
3	ترسناک	ترسناک|ترس	ترسناک	ترسناک|ترس + ناک	A0|N1+O	صفت|اسم + ناک	
4	بازی	بازی|باز|باز|باز|باز	بازی	بازی|باز + ی|باز + ی|باز + ی|باز + ی	N1|V+O|A0+O|N1+O|Ad+O	اسم|فعل مضارع ساده+دوم شخص مفرد|صفت + ی|اسم + ی|قید + ی	
5	کرده‌است	کرد	کرده‌است	کرد + ه + است	V+O	فعل ماضی نقلی+سوم شخص مفرد	
6	.	.	.	.	Si	علامت	

0	درصورتی‌که	درصورتی‌که	درصورتی‌که	درصورتی‌که	C1	حرف ربط گروهی	
1	در	در|در|در|در|در	در	در|در|در|در|در	Pr|V|N1|N1|VPr	حرف اضافه|فعل امر مثبت|اسم|اسم|پیشوند فعل	
2	۷	۷	۷	۷	Nu	عدد رقمی	
3	سالگی	سالگی|ساله|سال	سالگی	سالگی|ساله + گی|سال + ه + گی	A0|N1+O|N1+O+O	صفت|اسم + گی|اسم + ه + گی	
4	این	این|این	این	این|این	A1|N6	صفت اشاره|ضمیر اشاره	
5	نقش	نقش|نق	نقش	نقش|نق + ش	N1|N1+O	اسم|اسم + ضمیر ملکی سوم شخص مفرد	
6	را	را	را	را	Po	حرف اضافه پسین	
7	بازی	بازی|باز|باز|باز|باز	بازی	بازی|باز + ی|باز + ی|باز + ی|باز + ی	N1|V+O|A0+O|N1+O|Ad+O	اسم|فعل مضارع ساده+دوم شخص مفرد|صفت + ی|اسم + ی|قید + ی	
8	کرده بود	کرد	کرده بود	کرد + ه + بود	V+O	فعل ماضی بعید+سوم شخص مفرد	
9	.	.	.	.	Si	علامت	

0	کوبریک	کوبریک	کوبریک	کوبریک	O	_
1	حس	حس	حس	حس	N1	اسم	
2	مسئولیت	مسی|مس	مسئولیت	مسی + ول + یت|مس + ی + ول + یت	A0+O+O|N1+O+O+O	صفت + ول + یت|اسم + ی + ول + یت	
3	شدیدی	شدید	شدید	شدید + ی	A0+O	صفت + ی	
4	در	در|در|در|در|در	در	در|در|در|در|در	Pr|V|N1|N1|VPr	حرف اضافه|فعل امر مثبت|اسم|اسم|پیشوند فعل	
5	این	این|این	این	این|این	A1|N6	صفت اشاره|ضمیر اشاره	
6	خصوص	خصوص|خصوص	خصوص	خصوص|خصوص	N1|N9	اسم|اسم موجود در ساختمان حرف اضافه و حرف ربط گروهی	
7	احساس	احساس	احساس	احساس	N1	اسم	
8	می‌کرد	کرد	کرد	می + کرد	V+O	فعل ماضی استمراری+سوم شخص مفرد	

0	و	و|و|و	و	و|و|و	C0|Al|Ab	حرف ربط|حروف الفبا|اختصارات	
1	بدین	بدین|دین|دین|بد	بدین	بدین|ب + دین|ب + دین|بد + ین	Pr|O+N1|O+N1|A0+O	حرف اضافه|ب + اسم|ب + اسم|صفت + ین	
2	لحاظ	لحاظ|لحاظ	لحاظ	لحاظ|لحاظ	N1|N9	اسم|اسم موجود در ساختمان حرف اضافه و حرف ربط گروهی	
3	این	این|این	این	این|این	A1|N6	صفت اشاره|ضمیر اشاره	
4	امر	امر	امر	امر	N1	اسم	
5	را	را	را	را	Po	حرف اضافه پسین	
6	از	از	از	از	Pr	حرف اضافه	
7	کودک	کودک|کود	کودک	کودک|کود + ک	N1|N1+O	اسم|اسم + ک	
8	هنرمند	هنرمند|هنر	هنرمند	هنرمند|هنر + مند	N1|N1+O	اسم|اسم + مند	
9	پنهان	پنهان	پنهان	پنهان	A0	صفت	
10	نگاه داشت	نگاهداشت	نگاه داشت	نگاهداشت	O	صورت واجی ریشه: negAhdASt	

0	تا	تا|تا|تا	تا	تا|تا|تا	Pr|C0|Ab	حرف اضافه|حرف ربط|اختصارات	
1	به	به|به	به	به|به	Pr|N1	حرف اضافه|اسم	
2	روحیه	روحیه|روحی	روحیه	روحیه|روحی + ه	N1|A0+O	اسم|صفت + ه	
3	او	او|او	او	او|او	N5|Ab	ضمیر فاعلی|اختصارات	
4	لطمه‌ای	لطمه‌ای|لطمه	لطمه	لطمه‌ای|لطمه + ای	A0|N1+O	صفت|اسم + ای	
5	وارد	وارد	وارد	وارد	N1	اسم	
6	نگردد	گرد	گشت	ن + گرد + د	V+O	فعل حال التزامی منفی+سوم شخص مفرد	
7	.	.	.	.	Si	علامت	

0	حتی	حتی	حتی	حتی	Ad	قید	
1	بار	بار|بار	بار	بار|بار	V|N1	فعل امر مثبت|اسم	
2	نخستی	خست	نخست	ن + خست + ی	V+O	فعل ماضی ساده منفی+دوم شخص مفرد	
3	که	که|که|که|که	که	که|که|که|که	C0|NA|N1|N1	حرف ربط|ضمیر پرسشی|اسم|اسم	
4	دنی	دنی	دنی	دنی	N3	اسم خاص اشخاص	
5	لوید	لو	لوید	لو + ید	N1+V	اسم + فعل سوم شخص مفرد	
6	این	این|این	این	این|این	A1|N6	صفت اشاره|ضمیر اشاره	
7	فیلم	فیلم|فیل|فیل	فیلم	فیلم|فیل + م|فیل + م	N1|N1+O|N1+V	اسم|اسم + ضمیر ملکی اول شخص مفرد|اسم + فعل اول شخص مفرد	
8	را	را	را	را	Po	حرف اضافه پسین	
9	واقعاً	واقعاً	واقعا	واقعاً	Ad	قید	
10	تماشا	تماشا	تماشا	تماشا	N1	اسم	
11	کرد	کرد|کرد	کرد	کرد|کرد	V+O|N1	فعل ماضی ساده+سوم شخص مفرد|اسم	

0	با	با	با	با	Pr	حرف اضافه	
1	خود	خود|خود	خود	خود|خود	O|N1	ضمیر مشترک/متقابل|اسم	
2	استنلی	استنلی	استنلی	استنلی	O	_
3	کوبریک	کوبریک	کوبریک	کوبریک	O	_
4	بود	بود|بود|بود|بو|ود	بود	بود|بود|بود|بو + د|ب + ود	V+O|N1|V+O|V+O|O+N1	فعل ماضی ساده+سوم شخص مفرد|اسم|فعل ماضی ساده+سوم شخص مفرد|فعل مضارع ساده+سوم شخص مفرد|ب + اسم	
5	.	.	.	.	Si	علامت	

0	زلاتان	زلات	زلاتان	زلات	O	_
1	برای	برای|برا|بر	برای	برای|برا + ی|بر + ا + ی	Pr|A0+O|O+O+O	حرف اضافه|صفت + ی|ریشه مضارع + ا + ی	
2	اولین	اولین|اول	اولین	اولین|اول + ین	A0|A0+O	صفت|صفت + ین	
3	بار	بار|بار	بار	بار|بار	V|N1	فعل امر مثبت|اسم	
4	در	در|در|در|در|در	در	در|در|در|در|در	Pr|V|N1|N1|VPr	حرف اضافه|فعل امر مثبت|اسم|اسم|پیشوند فعل	
5	سال	سال	سال	سال	N1	اسم	
6	۱۹۹۶	۱۹۹۶	۱۹۹۶	۱۹۹۶	Nu	عدد رقمی	
7	با	با	با	با	Pr	حرف اضافه	
8	مالمو	مالمو	مالمو	مالمو	O	_
9	قرارداد	قرارداد	قرارداد	قرارداد	N1	اسم	
10	بست	بست|بست|بست	بست	بست|بست|بست	N1|V+O|N2	اسم|فعل ماضی ساده+سوم شخص مفرد|اسم خاص مکان	

1	و	و|و|و	و	و|و|و	C0|Al|Ab	حرف ربط|حروف الفبا|اختصارات	
2	در	در|در|در|در|در	در	در|در|در|در|در	Pr|V|N1|N1|VPr	حرف اضافه|فعل امر مثبت|اسم|اسم|پیشوند فعل	
3	سال	سال	سال	سال	N1	اسم	
4	۱۹۹۹	۱۹۹۹	۱۹۹۹	۱۹۹۹	Nu	عدد رقمی	
5	در	در|در|در|در|در	در	در|در|در|در|در	Pr|V|N1|N1|VPr	حرف اضافه|فعل امر مثبت|اسم|اسم|پیشوند فعل	
6	ترکیب	ترکیب	ترکیب	ترکیب	N1	اسم	
7	تیم	تیم|تی|تی	تیم	تیم|تی + م|تی + م	N1|N1+O|N1+V	اسم|اسم + ضمیر ملکی اول شخص مفرد|اسم + فعل اول شخص مفرد	
8	اول	اول	اول	اول	A0	صفت	
9	این	این|این	این	این|این	A1|N6	صفت اشاره|ضمیر اشاره	
10	تیم	تیم|تی|تی	تیم	تیم|تی + م|تی + م	N1|N1+O|N1+V	اسم|اسم + ضمیر ملکی اول شخص مفرد|اسم + فعل اول شخص مفرد	
11	در	در|در|در|در|در	در	در|در|در|در|در	Pr|V|N1|N1|VPr	حرف اضافه|فعل امر مثبت|اسم|اسم|پیشوند فعل	
12	لیگ	لیگ	لیگ	لیگ	N1	اسم	
13	اول	اول	اول	اول	A0	صفت	
14	سوئد	سو	سوئد	سو + ید	N1+V	اسم + فعل سوم شخص مفرد	
15	قرار	قرار|قرار	قرار	قرار|قرار	N1|N9	اسم|اسم موجود در ساختمان حرف اضافه و حرف ربط گروهی	
16	گرفت	گرفت|گرفت	گرفت	گرفت|گرفت	V+O|N1	فعل ماضی ساده+سوم شخص مفرد|اسم	

0	که	که|که|که|که	که	که|که|که|که	C0|NA|N1|N1	حرف ربط|ضمیر پرسشی|اسم|اسم	
1	در	در|در|در|در|در	در	در|در|در|در|در	Pr|V|N1|N1|VPr	حرف اضافه|فعل امر مثبت|اسم|اسم|پیشوند فعل	
2	این	این|این	این	این|این	A1|N6	صفت اشاره|ضمیر اشاره	
3	سال	سال	سال	سال	N1	اسم	
4	این	این|این	این	این|این	A1|N6	صفت اشاره|ضمیر اشاره	
5	تیم	تیم|تی|تی	تیم	تیم|تی + م|تی + م	N1|N1+O|N1+V	اسم|اسم + ضمیر ملکی اول شخص مفرد|اسم + فعل اول شخص مفرد	
6	با	با	با	با	Pr	حرف اضافه	
7	رتبه	رتبه	رتبه	رتبه	N1	اسم	
8	سیزدهم	سیزده|سیزده	سیزدهم	سیزده + م|سیزده + م	O+O|O+V	عدد حرفی + ضمیر ملکی اول شخص مفرد|عدد حرفی + فعل اول شخص مفرد	
9	به	به|به	به	به|به	Pr|N1	حرف اضافه|اسم	
10	لیگ	لیگ	لیگ	لیگ	N1	اسم	
11	دوم	دوم|دو|دو|دو	دوم	دوم|دو + م|دو + م|دو + م	A0|V+O|N1+O|N1+V	صفت|فعل مضارع ساده+اول شخص مفرد|اسم + ضمیر ملکی اول شخص مفرد|اسم + فعل اول شخص مفرد	
12	سقوط	سقوط	سقوط	سقوط	N1	اسم	
13	کرد	کرد|کرد	کرد	کرد|کرد	V+O|N1	فعل ماضی ساده+سوم شخص مفرد|اسم	

0	ولی	ولی|ولی|ول|ول	ولی	ولی|ولی|ول + ی|ول + ی	C0|N1|A0+O|N1+O	حرف ربط|اسم|صفت + ی|اسم + ی	
1	فصل	فصل	فصل	فصل	N1	اسم	
2	بعد	بعد|بعد|بعد	بعد	بعد|بعد|بعد	A0|N1|N9	صفت|اسم|اسم موجود در ساختمان حرف اضافه و حرف ربط گروهی	
3	به	به|به	به	به|به	Pr|N1	حرف اضافه|اسم	
4	لیگ	لیگ	لیگ	لیگ	N1	اسم	
5	اول	اول	اول	اول	A0	صفت	
6	بازگشت	بازگشت|بازگشت	بازگشت	بازگشت|بازگشت	V+O|N1	فعل ماضی ساده+سوم شخص مفرد|اسم	
7	.	.	.	.	Si	علامت	

0	پیش	پیش|پیش|پی	پیش	پیش|پیش|پی + ش	A0|N9|N1+O	صفت|اسم موجود در ساختمان حرف اضافه و حرف ربط گروهی|اسم + ضمیر ملکی سوم شخص مفرد	
1	از	از	از	از	Pr	حرف اضافه	
2	آن‌که	آن که	آن‌که	آن که	O	_
3	لئو	لیو	لئو	لیو	N1	اسم	
4	بینهاکر	بینهاکر	بینهاکر	بینهاکر	O	_
5	سرمربی	سرمربی	سرمربی	سرمربی	N1	اسم	
6	آژاکس	آژاکس	آژاکس	آژاکس	N1	اسم	
7	علاقه	علاقه	علاقه	علاقه	N1	اسم	
8	خود	خود|خود	خود	خود|خود	O|N1	ضمیر مشترک/متقابل|اسم	
9	را	را	را	را	Po	حرف اضافه پسین	
10	برای	برای|برا|بر	برای	برای|برا + ی|بر + ا + ی	Pr|A0+O|O+O+O	حرف اضافه|صفت + ی|ریشه مضارع + ا + ی	
11	جذب	جذب	جذب	جذب	N1	اسم	
12	این	این|این	این	این|این	A1|N6	صفت اشاره|ضمیر اشاره	
13	بازیکن	بازیکن	بازیکن	بازیکن	N1	اسم	
14	نشان	نشان|نشان	نشان	نشان|نشان	V|N1	فعل امر مثبت|اسم	
15	دهد	ده	داد	ده + د	V+O	فعل مضارع ساده+سوم شخص مفرد	

0	این	این|این	این	این|این	A1|N6	صفت اشاره|ضمیر اشاره	
1	آرسن	آرسن	آرسن	آرسن	O	_
2	ونگر	ون	ونگر	ون + گر	N1+O	اسم + گر	
3	بود	بود|بود|بود|بو|ود	بود	بود|بود|بود|بو + د|ب + ود	V+O|N1|V+O|V+O|O+N1	فعل ماضی ساده+سوم شخص مفرد|اسم|فعل ماضی ساده+سوم شخص مفرد|فعل مضارع ساده+سوم شخص مفرد|ب + اسم	

0	که	که|که|که|که	که	که|که|که|که	C0|NA|N1|N1	حرف ربط|ضمیر پرسشی|اسم|اسم	
1	زلاتان	زلات	زلاتان	زلات	O	_
2	را	را	را	را	Po	حرف اضافه پسین	
3	کشف	کشف|کشف	کشف	کشف|کشف	N1|N1	اسم|اسم	
4	کرد	کرد|کرد	کرد	کرد|کرد	V+O|N1	فعل ماضی ساده+سوم شخص مفرد|اسم	

0	اما	اما	اما	اما	C0	حرف ربط	
1	طی	طی|طی	طی	طی|طی	N1|Pr1	اسم|حرف اضافه گروهی	
2	تلاشی	تلاشی|تلاش	تلاش	تلاشی|تلاش + ی	N1|N1+O	اسم|اسم + ی	
3	ناموفق	ناموفق|موفق	ناموفق	ناموفق|نا + موفق	A0|O+A0	صفت|نا + صفت	
4	برای	برای|برا|بر	برای	برای|برا + ی|بر + ا + ی	Pr|A0+O|O+O+O	حرف اضافه|صفت + ی|ریشه مضارع + ا + ی	
5	انتقال	انتقال	انتقال	انتقال	N1	اسم	
6	وی	وی|وی	وی	وی|وی	N5|Ab	ضمیر فاعلی|اختصارات	
7	به	به|به	به	به|به	Pr|N1	حرف اضافه|اسم	
8	آرسنال	آرسنال	آرسنال	آرسنال	N2	اسم خاص مکان	
9	ابراهیموویچ	ابراهیموویچ	ابراهیموویچ	ابراهیموویچ	O	_
10	به	به|به	به	به|به	Pr|N1	حرف اضافه|اسم	
11	آژاکس	آژاکس	آژاکس	آژاکس	N1	اسم	
12	پیوست	پیوست|پیوست	پیوست	پیوست|پیوست	V+O|N1	فعل ماضی ساده+سوم شخص مفرد|اسم	
13	.	.	.	.	Si	علامت	

0	در	در|در|در|در|در	در	در|در|در|در|در	Pr|V|N1|N1|VPr	حرف اضافه|فعل امر مثبت|اسم|اسم|پیشوند فعل	
1	۲۲	۲۲	۲۲	۲۲	Nu	عدد رقمی	
2	مارس	مارس	مارس	مارس	N1	اسم	
3	۲۰۰۱	۲۰۰۱	۲۰۰۱	۲۰۰۱	Nu	عدد رقمی	
4	ابراهیموویچ	ابراهیموویچ	ابراهیموویچ	ابراهیموویچ	O	_
5	با	با	با	با	Pr	حرف اضافه	
6	قراردادی	قراردادی|قرارداد	قراردادی	قراردادی|قرارداد + ی	A0|N1+O	صفت|اسم + ی	
7	معادل	معادل	معادل	معادل	A0	صفت	
8	۸۰	۸۰	۸۰	۸۰	Nu	عدد رقمی	
9	میلیون	میلیون|میلی|میل|میل	میلیون	میلیون|میلی + ون|میل + ی + ون|میل + ی + ون	O|A0+Pl|N1+O+Pl|N1+O+Pl	عدد حرفی|صفت + علامت جمع|اسم + ی + علامت جمع|اسم + ی + علامت جمع	
10	کرون	کرون|کر	کرون	کرون|کر + ون	N1|A0+Pl	اسم|صفت + علامت جمع	
11	سوئد	سو	سوئد	سو + ید	N1+V	اسم + فعل سوم شخص مفرد	
12	به	به|به	به	به|به	Pr|N1	حرف اضافه|اسم	
13	آژاکس	آژاکس	آژاکس	آژاکس	N1	اسم	
14	پیوست	پیوست|پیوست	پیوست	پیوست|پیوست	V+O|N1	فعل ماضی ساده+سوم شخص مفرد|اسم	
15	.	.	.	.	Si	علامت	

0	«	«	«	«	Si	علامت	
1	قدرت	قدرت|قدر|قدر	قدرت	قدرت|قدر + ت|قدر + ت	N1|N1+O|A0+O	اسم|اسم + ضمیر ملکی دوم شخص مفرد|صفت + ضمیر ملکی دوم شخص مفرد	
2	فقط	فقط	فقط	فقط	Ad	قید	
3	نصیب	نصیب	نصیب	نصیب	N1	اسم	
4	کسانی	کسان|کس	کسانی	کسان + ی|کس + ان + ی	N1+O|N1+O+O	اسم + ی|اسم + ان + ی	
5	می‌شود	شو	شد	می + شو + د	V+O	فعل حال اخباری+سوم شخص مفرد	

0	که	که|که|که|که	که	که|که|که|که	C0|NA|N1|N1	حرف ربط|ضمیر پرسشی|اسم|اسم	
1	جرات	جر|جر	جر	جر + ات|جر + ات	N1+Pl|N1+Pl	اسم + علامت جمع|اسم + علامت جمع	
2	کنند	کن|کن	کرد	کن + ند|کن + ند	V+O|V+O	فعل مضارع ساده+سوم شخص جمع|فعل مضارع ساده+سوم شخص جمع	

0	خم	خم|خم|خم	خم	خم|خم|خم	V|A0|N1	فعل امر مثبت|صفت|اسم	
1	شوند	شوند|شو|شو	شد	شوند|شو + ند|شو + ند	N1|V+O|N1+V	اسم|فعل مضارع ساده+سوم شخص جمع|اسم + فعل سوم شخص جمع	

1	و	و|و|و	و	و|و|و	C0|Al|Ab	حرف ربط|حروف الفبا|اختصارات	
2	آن	ان	آن	ان	Ab	اختصارات	
3	را	را	را	را	Po	حرف اضافه پسین	
4	به	به|به	به	به|به	Pr|N1	حرف اضافه|اسم	
5	دقت	دقت|دق	دقت	دقت|دق + ت	N1|N1+O	اسم|اسم + ضمیر ملکی دوم شخص مفرد	
6	بگیرند	بگیر|گیر|گیر	گرفت	بگیر + ند|ب + گیر + ند|ب + گیر + ند	A0+V|V+O|O+A0+V	صفت + فعل سوم شخص جمع|فعل حال التزامی+سوم شخص جمع|ب + صفت + فعل سوم شخص جمع	
7	.	.	.	.	Si	علامت	

0	فقط	فقط	فقط	فقط	Ad	قید	
1	یک	یک	یک	یک	O	عدد حرفی	
2	چیز	چیز	چیز	چیز	N1	اسم	
3	مهم	مهم|مه|مه|مه|مه	مهم	مهم|مه + م|مه + م|مه + م|مه + م	A0|N1+O|N1+V|N1+O|N1+V	صفت|اسم + ضمیر ملکی اول شخص مفرد|اسم + فعل اول شخص مفرد|اسم + ضمیر ملکی اول شخص مفرد|اسم + فعل اول شخص مفرد	
4	است	است|اس		است|اس + ت	V+O|N1+O	فعل مضارع ساده+سوم شخص مفرد|اسم + ضمیر ملکی دوم شخص مفرد	
5	:	:	:	:	Si	علامت	

0	باید	باید	باید	باید	V4	فعل وجه نما	
1	فقط	فقط	فقط	فقط	Ad	قید	
2	جرات	جر|جر	جر	جر + ات|جر + ات	N1+Pl|N1+Pl	اسم + علامت جمع|اسم + علامت جمع	
3	داشت	داشت|داشت|داشت|داش	داشت	داشت|داشت|داشت|داش + ت	V+O|N1|V5|N1+O	فعل ماضی ساده+سوم شخص مفرد|اسم|فعل کمکی|اسم + ضمیر ملکی دوم شخص مفرد	
4	.	.	.	.	Si	علامت	

0	لازم	لازم|زم	لازم	لازم|لا + زم	A0|O+N1	صفت|لا + اسم	
1	بود	بود|بود|بود|بو|ود	بود	بود|بود|بود|بو + د|ب + ود	V+O|N1|V+O|V+O|O+N1	فعل ماضی ساده+سوم شخص مفرد|اسم|فعل ماضی ساده+سوم شخص مفرد|فعل مضارع ساده+سوم شخص مفرد|ب + اسم	

0	بدانم	دان|بد|بد	دانست	ب + دان + م|بد + ان + م|بد + ان + م	V+O|A0+O+O|A0+O+V	فعل حال التزامی+اول شخص مفرد|صفت + ان + ضمیر ملکی اول شخص مفرد|صفت + ان + فعل اول شخص مفرد	

0	که	که|که|که|که	که	که|که|که|که	C0|NA|N1|N1	حرف ربط|ضمیر پرسشی|اسم|اسم	
1	آیا	آیا|آی	آیا	آیا|آی + ا	NA|O+O	ضمیر پرسشی|ریشه مضارع + ا	
2	من	من	من	من	N5	ضمیر فاعلی	
3	هم	هم|هم|هم	هم	هم|هم|هم	Ad|C0|O	قید|حرف ربط|ضمیر مشترک/متقابل	
4	مانند	مانند|مانند|مان|مان	مانند	مانند|مانند|مان + ند|مان + ند	N1|N9|V+O|N1+V	اسم|اسم موجود در ساختمان حرف اضافه و حرف ربط گروهی|فعل مضارع ساده+سوم شخص جمع|اسم + فعل سوم شخص جمع	
5	همه‌ی	همه	همه	همه + ی	N1+O	اسم + ی	
6	مردم	مردم|مرد|مرد|مرد	مردم	مردم|مرد + م|مرد + م|مرد + م	N1|N1+O|N1+V|V+O	اسم|اسم + ضمیر ملکی اول شخص مفرد|اسم + فعل اول شخص مفرد|فعل ماضی ساده+اول شخص مفرد	
7	شپش	شپش	شپش	شپش	N1	اسم	
8	هستم	هست|هست|هست		هست + م|هست + م|هست + م	V+O|N1+O|N1+V	فعل مضارع ساده+اول شخص مفرد|اسم + ضمیر ملکی اول شخص مفرد|اسم + فعل اول شخص مفرد	

0	یا	یا|یا	یا	یا|یا	C0|Intj	حرف ربط|صوت	
1	انسانم	انسان|انسان	انسان	انسان + م|انسان + م	N1+O|N1+V	اسم + ضمیر ملکی اول شخص مفرد|اسم + فعل اول شخص مفرد	
2	؟	؟	؟	؟	Si	علامت	

0	آیا	آیا|آی	آیا	آیا|آی + ا	NA|O+O	ضمیر پرسشی|ریشه مضارع + ا	
1	من	من	من	من	N5	ضمیر فاعلی	
2	می‌توانم	توان|توان|توان	توانست	می + توان + م|می + توان + م|می + توان + م	O+V4+O|O+V4+V|V+O	می + فعل وجه نما + ضمیر ملکی اول شخص مفرد|می + فعل وجه نما + فعل اول شخص مفرد|فعل حال اخباری+اول شخص مفرد	

0	از	از	از	از	Pr	حرف اضافه	
1	حد	حد	حد	حد	N1	اسم	
2	معین	معین|معین|معین	معین	معین|معین|معین	A0|N1|N1	صفت|اسم|اسم	
3	تجاوز	تجاوز	تجاوز	تجاوز	N1	اسم	
4	کنم	کن|کن	کرد	کن + م|کن + م	V+O|V+O	فعل مضارع ساده+اول شخص مفرد|فعل مضارع ساده+اول شخص مفرد	
5	،	،	،	،	Si	علامت	

0	یا	یا|یا	یا	یا|یا	C0|Intj	حرف ربط|صوت	
1	نمی‌توانم	توان|توان|توان	توانست	نمی + توان + م|نمی + توان + م|نمی + توان + م	O+V4+O|O+V4+V|V+O	نمی + فعل وجه نما + ضمیر ملکی اول شخص مفرد|نمی + فعل وجه نما + فعل اول شخص مفرد|فعل حال اخباری منفی+اول شخص مفرد	
2	؟	؟	؟	؟	Si	علامت	

0	آیا	آیا|آی	آیا	آیا|آی + ا	NA|O+O	ضمیر پرسشی|ریشه مضارع + ا	
1	جسارت	جسارت	جسارت	جسارت	N1	اسم	
2	این	این|این	این	این|این	A1|N6	صفت اشاره|ضمیر اشاره	
3	را	را	را	را	Po	حرف اضافه پسین	
4	دارم	دار|دار|دار	داشت	دار + م|دار + م|دار + م	V+O|N1+O|N1+V	فعل مضارع ساده+اول شخص مفرد|اسم + ضمیر ملکی اول شخص مفرد|اسم + فعل اول شخص مفرد	

0	که	که|که|که|که	که	که|که|که|که	C0|NA|N1|N1	حرف ربط|ضمیر پرسشی|اسم|اسم	
1	خم	خم|خم|خم	خم	خم|خم|خم	V|A0|N1	فعل امر مثبت|صفت|اسم	
2	شوم	شوم|شو|شو|شو	شوم	شوم|شو + م|شو + م|شو + م	A0|V+O|N1+O|N1+V	صفت|فعل مضارع ساده+اول شخص مفرد|اسم + ضمیر ملکی اول شخص مفرد|اسم + فعل اول شخص مفرد	

0	و	و|و|و	و	و|و|و	C0|Al|Ab	حرف ربط|حروف الفبا|اختصارات	
1	آنچه	آنچه	آنچه	آنچه	N1	اسم	
2	را	را	را	را	Po	حرف اضافه پسین	
3	می‌خواهم	خواه|خواه|خواه|می|می|می|می	خواست	می + خواه + م|می + خواه + م|می + خواه + م|می + خواه + م|می + خواه + م|می + خواه + م|می + خواه + م	V+O|O+V5+O|O+V5+V|N1+O+O|N1+O+V|N1+O+O|N1+O+V	فعل حال اخباری+اول شخص مفرد|می + فعل کمکی + ضمیر ملکی اول شخص مفرد|می + فعل کمکی + فعل اول شخص مفرد|اسم + خواه + ضمیر ملکی اول شخص مفرد|اسم + خواه + فعل اول شخص مفرد|اسم + خواه + ضمیر ملکی اول شخص مفرد|اسم + خواه + فعل اول شخص مفرد	
4	،	،	،	،	Si	علامت	

0	بردارم	بردار|بردار|بردار	بردار	بردار + م|بردار + م|بردار + م	V+O|N1+O|N1+V	فعل مضارع ساده+اول شخص مفرد|اسم + ضمیر ملکی اول شخص مفرد|اسم + فعل اول شخص مفرد	

0	یا	یا|یا	یا	یا|یا	C0|Intj	حرف ربط|صوت	
1	نه	نه|نه|نه	نه	نه|نه|نه	O|V|N1	عدد حرفی|فعل امر مثبت|اسم	
2	.	.	.	.	Si	علامت	

0	آیا	آیا|آی	آیا	آیا|آی + ا	NA|O+O	ضمیر پرسشی|ریشه مضارع + ا	
1	موجودی	موجودی|موجود	موجود	موجودی|موجود + ی	N1|A0+O	اسم|صفت + ی	
2	ترسو	ترسو	ترسو	ترسو	A0	صفت	
3	و	و|و|و	و	و|و|و	C0|Al|Ab	حرف ربط|حروف الفبا|اختصارات	
4	بزدلم	بزدل|بزدل	بزدل	بزدل + م|بزدل + م	A0+O|A0+V	صفت + ضمیر ملکی اول شخص مفرد|صفت + فعل اول شخص مفرد	

0	یا	یا|یا	یا	یا|یا	C0|Intj	حرف ربط|صوت	
1	صاحب	صاحب	صاحب	صاحب	N1	اسم	
2	حق	حق|حق	حق	حق|حق	N1|N9	اسم|اسم موجود در ساختمان حرف اضافه و حرف ربط گروهی	
3	و	و|و|و	و	و|و|و	C0|Al|Ab	حرف ربط|حروف الفبا|اختصارات	
4	اختیار	اختیار|اخت|اخ|اخ|اخ	اختیار	اختیار|اخت + یار|اخ + ت + یار|اخ + ت + یار|اخ + ت + یار	N1|A0+O|N1+O+O|N1+O+O|A0+O+O	اسم|صفت + یار|اسم + ضمیر ملکی دوم شخص مفرد + یار|اسم + ضمیر ملکی دوم شخص مفرد + یار|صفت + ضمیر ملکی دوم شخص مفرد + یار	
5	هستم	هست|هست|هست		هست + م|هست + م|هست + م	V+O|N1+O|N1+V	فعل مضارع ساده+اول شخص مفرد|اسم + ضمیر ملکی اول شخص مفرد|اسم + فعل اول شخص مفرد	
6	؟	؟	؟	؟	Si	علامت	

0	»	»	»	»	Si	علامت	
1	«	«	«	«	Si	علامت	
2	قابل‌توجه	قابل‌توجه	قابل‌توجه	قابل‌توجه	A0	صفت	
3	است	است|اس		است|اس + ت	V+O|N1+O	فعل مضارع ساده+سوم شخص مفرد|اسم + ضمیر ملکی دوم شخص مفرد	

0	که	که|که|که|که	که	که|که|که|که	C0|NA|N1|N1	حرف ربط|ضمیر پرسشی|اسم|اسم	
1	بیشتر	بیشتر|بیش|شتر	بیشتر	بیشتر|بیش + تر|بی + شتر	A0|A0+O|O+N1	صفت|صفت + علامت صفت تفضیلی|بی + اسم	
2	اشخاص	شخص	اشخاص	شخص	O	اسم مفرد جمع مکسر	
3	نیکوکار	نیکوکار	نیکوکار	نیکوکار	A0	صفت	
4	و	و|و|و	و	و|و|و	C0|Al|Ab	حرف ربط|حروف الفبا|اختصارات	
5	بنیانگذار	بنیانگذار|بنیان|نی|نی	بنیانگذار	بنیانگذار|بنیان + گذار|ب + نی + ان + گذار|ب + نی + ان + گذار	N1|N1+O|O+N1+O+O|O+Ad+O+O	اسم|اسم + گذار|ب + اسم + ان + گذار|ب + قید + ان + گذار	
6	اصول	اصول	اصول	اصول	N1	اسم	
7	انسانیت	انسانیت|انسانی|انسان	انسانیت	انسانیت|انسانی + ت|انسان + ی + ت	N1|A0+O|N1+O+O	اسم|صفت + ضمیر ملکی دوم شخص مفرد|اسم + ی + ضمیر ملکی دوم شخص مفرد	
8	،	،	،	،	Si	علامت	
9	مردمانی	مردم	مردمانی	مردم	O	_
10	بودند	بود|بود|بود|ود	بود	بود + ند|بود + ند|بود + ند|ب + ود + ند	V+O|N1+V|V+O|O+N1+V	فعل ماضی ساده+سوم شخص جمع|اسم + فعل سوم شخص جمع|فعل ماضی ساده+سوم شخص جمع|ب + اسم + فعل سوم شخص جمع	
11	بی‌نهایت	بی‌نهایت	بی‌نهایت	بی‌نهایت	A0	صفت	
12	خون‌ریز	خون‌ریز	خون‌ریز	خون‌ریز	A0	صفت	
13	.	.	.	.	Si	علامت	

0	همه	همه|همه	همه	همه|همه	N1|A2	اسم|صفت مبهم	
1	،	،	،	،	Si	علامت	
2	و	و|و|و	و	و|و|و	C0|Al|Ab	حرف ربط|حروف الفبا|اختصارات	
3	نه	نه|نه|نه	نه	نه|نه|نه	O|V|N1	عدد حرفی|فعل امر مثبت|اسم	
4	اشخاص	شخص	اشخاص	شخص	O	اسم مفرد جمع مکسر	
5	بزرگ	بزرگ	بزرگ	بزرگ	A0	صفت	
6	،	،	،	،	Si	علامت	
7	بلکه	بلکه|لکه|لک|بل	بلکه	بلکه|ب + لکه|ب + لک + ه|بل + ک + ه	Ad|O+N1|O+N1+O|N1+O+O	قید|ب + اسم|ب + اسم + ه|اسم + ک + ه	
8	حتی	حتی	حتی	حتی	Ad	قید	
9	آن‌هایی	آن	آن	آن	O	_
10	که	که|که|که|که	که	که|که|که|که	C0|NA|N1|N1	حرف ربط|ضمیر پرسشی|اسم|اسم	
11	فقط	فقط	فقط	فقط	Ad	قید	
12	کمی	کمی|کمی|کم|کم	کم	کمی|کمی|کم + ی|کم + ی	A0|A0|A0+O|N1+O	صفت|صفت|صفت + ی|اسم + ی	
13	بیرون	بیرون	بیرون	بیرون	N1	اسم	
14	از	از	از	از	Pr	حرف اضافه	
15	چهارچوب	چهارچوب	چهارچوب	چهارچوب	N1	اسم	
16	معمول	معمول	معمول	معمول	A0	صفت	
17	هستند	هست|هست		هست + ند|هست + ند	V+O|N1+V	فعل مضارع ساده+سوم شخص جمع|اسم + فعل سوم شخص جمع	
18	،	،	،	،	Si	علامت	

0	یعنی	یعنی	یعنی	یعنی	C0	حرف ربط	
1	حتی	حتی	حتی	حتی	Ad	قید	
2	آن‌هایی	آن	آن	آن	O	_
3	که	که|که|که|که	که	که|که|که|که	C0|NA|N1|N1	حرف ربط|ضمیر پرسشی|اسم|اسم	
4	اندکی	اندکی|اندک	اندک	اندکی|اندک + ی	A2|A0+O	صفت مبهم|صفت + ی	
5	توانایی	توانایی|توانا|توان	توانایی	توانایی|توانا + یی|توان + ا + یی	N1|A0+O|O+O+O	اسم|صفت + یی|ریشه مضارع + ا + یی	
6	گفتن	گفت	گفتن	گفت + ن	V2+O	بن ماضی + ن	
7	سخن	سخن	سخن	سخن	N1	اسم	
8	نو	نو|نو	نو	نو|نو	V|A0	فعل امر مثبت|صفت	
9	را	را	را	را	Po	حرف اضافه پسین	
10	دارند	دار|دار|دار	داشت	دار + ند|دار + ند|دار + ند	V+O|N1+V|V5+V	فعل مضارع ساده+سوم شخص جمع|اسم + فعل سوم شخص جمع|فعل کمکی + فعل سوم شخص جمع	
11	،	،	،	،	Si	علامت	

0	قاعدتاً	قاعدتاً	قاعدتا	قاعدتاً	Ad	قید	
1	باید	باید	باید	باید	V4	فعل وجه نما	
2	،	،	،	،	Si	علامت	
3	بنابر	بنابر|بنا|بنا|بر	بنابر	بنابر|بنا + بر|بنا + بر|ب + نا + بر	Pr1|N1+O|N1+O|V+O	حرف اضافه گروهی|اسم + بر|اسم + بر|فعل مضارع ساده+سوم شخص مفرد	
4	طبیعت	طبیعت	طبیعت	طبیعت	N1	اسم	
5	خود	خود|خود	خود	خود|خود	O|N1	ضمیر مشترک/متقابل|اسم	
6	،	،	،	،	Si	علامت	
7	کم‌وبیش	کم‌وبیش	کم‌وبیش	کم‌وبیش	Ad	قید	
8	متجاوز	متجاوز	متجاوز	متجاوز	A0	صفت	
9	باشند	باش|باش	بود	باش + ند|باش + ند	V+O|V5+V	فعل مضارع ساده+سوم شخص جمع|فعل کمکی + فعل سوم شخص جمع	
10	.	.	.	.	Si	علامت	

0	اگر	اگر	اگر	اگر	C0	حرف ربط	
1	جز	جز	جز	جز	Pr	حرف اضافه	
2	این	این|این	این	این|این	A1|N6	صفت اشاره|ضمیر اشاره	
3	باشد	باش|اشد	بود	باش + د|ب + اشد	V+O|O+A0	فعل مضارع ساده+سوم شخص مفرد|ب + صفت	

0	مشکل	مشکل	مشکل	مشکل	N1	اسم	
1	است	است|اس		است|اس + ت	V+O|N1+O	فعل مضارع ساده+سوم شخص مفرد|اسم + ضمیر ملکی دوم شخص مفرد	

0	آن‌ها	آن ها	آن	آن ها	O	_
1	از	از	از	از	Pr	حرف اضافه	
2	چهار	چهار	چهار	چهار	O	عدد حرفی	
3	دیوار	دیوار|دی	دیوار	دیوار|دی + وار	N1|N1+O	اسم|اسم + وار	
4	خود	خود|خود	خود	خود|خود	O|N1	ضمیر مشترک/متقابل|اسم	
5	به	به|به	به	به|به	Pr|N1	حرف اضافه|اسم	
6	درآیند	درا|در|در|در	درآیند	درا + یند|در + ا + یند|در + ا + یند|در + ا + یند	V+O|O+O+O|N1+O+O|N1+O+O	فعل مضارع ساده+سوم شخص جمع|ریشه مضارع + ا + یند|اسم + ا + یند|اسم + ا + یند	
7	،	،	،	،	Si	علامت	

0	و	و|و|و	و	و|و|و	C0|Al|Ab	حرف ربط|حروف الفبا|اختصارات	
1	از	از	از	از	Pr	حرف اضافه	
2	ماندن	ماند|مان	ماندن	ماند + ن|مان + د + ن	V2+O|V1+O+O	بن ماضی + ن|بن مضارع + د + ن	
3	در	در|در|در|در|در	در	در|در|در|در|در	Pr|V|N1|N1|VPr	حرف اضافه|فعل امر مثبت|اسم|اسم|پیشوند فعل	
4	آن	ان	آن	ان	Ab	اختصارات	
5	چهارچوب	چهارچوب	چهارچوب	چهارچوب	N1	اسم	
6	به	به|به	به	به|به	Pr|N1	حرف اضافه|اسم	
7	خاطر	خاطر|خاطر	خاطر	خاطر|خاطر	N1|N9	اسم|اسم موجود در ساختمان حرف اضافه و حرف ربط گروهی	
8	طبع	طبع	طبع	طبع	N1	اسم	
9	خود	خود|خود	خود	خود|خود	O|N1	ضمیر مشترک/متقابل|اسم	
10	،	،	،	،	Si	علامت	
11	نمی‌توانند	توان|توان	توانست	نمی + توان + ند|نمی + توان + ند	O+V4+V|V+O	نمی + فعل وجه نما + فعل سوم شخص جمع|فعل حال اخباری منفی+سوم شخص جمع	

0	راضی	راضی	راضی	راضی	A0	صفت	
1	باشند	باش|باش	بود	باش + ند|باش + ند	V+O|V5+V	فعل مضارع ساده+سوم شخص جمع|فعل کمکی + فعل سوم شخص جمع	
2	.	.	.	.	Si	علامت	

0	»	»	»	»	Si	علامت	
1	«	«	«	«	Si	علامت	
2	همه	همه|همه	همه	همه|همه	N1|A2	اسم|صفت مبهم	
3	قاتلن	قاتلن	قاتلن	قاتلن	O	_
4	؛	؛	؛	؛	Si	علامت	

0	همیشه	همیشه	همیشه	همیشه	Ad	قید	
1	زمین	زمین|زم	زمین	زمین|زم + ین	N1|N1+O	اسم|اسم + ین	
2	جاری	جاری|جار	جاری	جاری|جار + ی	A0|N1+O	صفت|اسم + ی	
3	از	از	از	از	Pr	حرف اضافه	
4	خون	خون	خون	خون	N1	اسم	
5	بوده	بود|بود|بود|ود	بوده	بود + ه|بود + ه|بود + ه|ب + ود + ه	O+O|N1+O|V3+O|O+N1+O	ریشه ماضی + ه|اسم + ه|فعل اسنادی + ه|ب + اسم + ه	
6	.	.	.	.	Si	علامت	

0	روی	روی|روی|رو|رو	روی	روی|روی|رو + ی|رو + ی	Pr1|N1|N1+O|V+O	حرف اضافه گروهی|اسم|اسم + ی|فعل مضارع ساده+دوم شخص مفرد	
1	زمین	زمین|زم	زمین	زمین|زم + ین	N1|N1+O	اسم|اسم + ین	
2	کسایی	کسایی|کسا	کسا	کسایی|کسا + یی	N4|N1+O	اسم فامیل|اسم + یی	
3	که	که|که|که|که	که	که|که|که|که	C0|NA|N1|N1	حرف ربط|ضمیر پرسشی|اسم|اسم	
4	قتل	قتل	قتل	قتل	N1	اسم	
5	می‌کنن	می کنن	می‌کنن	می کنن	O	_

0	بعدها	بعدها|بعد|بعد	بعد	بعدها|بعد + ها|بعد + ها	Ad|A0+Pl|N1+Pl	قید|صفت + علامت جمع|اسم + علامت جمع	
1	صاحب	صاحب	صاحب	صاحب	N1	اسم	
2	بزرگ‌ترین	بزرگ	بزرگ	بزرگ + ترین	A0+O	صفت + علامت صفت تفضیلی	
3	افتخارها	افتخار	افتخار	افتخار + ها	N1+Pl	اسم + علامت جمع	
4	شدن	شد	شدن	شد + ن	V3+O	فعل اسنادی + ن	
5	.	.	.	.	Si	علامت	

0	من	من	من	من	N5	ضمیر فاعلی	
1	فقط	فقط	فقط	فقط	Ad	قید	
2	می‌خواستم	خواست|خواست|خواست	خواست	می + خواست + م|می + خواست + م|می + خواست + م	V+O|O+V5+O|O+V5+V	فعل ماضی استمراری+اول شخص مفرد|می + فعل کمکی + ضمیر ملکی اول شخص مفرد|می + فعل کمکی + فعل اول شخص مفرد	

0	به	به|به	به	به|به	Pr|N1	حرف اضافه|اسم	
1	مردم	مردم|مرد|مرد|مرد	مردم	مردم|مرد + م|مرد + م|مرد + م	N1|N1+O|N1+V|V+O	اسم|اسم + ضمیر ملکی اول شخص مفرد|اسم + فعل اول شخص مفرد|فعل ماضی ساده+اول شخص مفرد	
2	خوبی	خوبی|خوب	خوبی	خوبی|خوب + ی	N1|A0+O	اسم|صفت + ی	
3	کنم	کن|کن	کرد	کن + م|کن + م	V+O|V+O	فعل مضارع ساده+اول شخص مفرد|فعل مضارع ساده+اول شخص مفرد	
4	.	.	.	.	Si	علامت	

0	کشتن	کشت|کشت|کش	کشتن	کشت + ن|کشت + ن|کش + ت + ن	V2+O|V2+O|V1+O+O	بن ماضی + ن|بن ماضی + ن|بن مضارع + ضمیر ملکی دوم شخص مفرد + ن	
1	یک	یک	یک	یک	O	عدد حرفی	
2	پیرزن	پیرزن	پیرزن	پیرزن	N1	اسم	
3	رباخوار	رباخوار	رباخوار	رباخوار	A0	صفت	

0	و	و|و|و	و	و|و|و	C0|Al|Ab	حرف ربط|حروف الفبا|اختصارات	
1	از	از	از	از	Pr	حرف اضافه	
2	بین	بین|بین|بین|ین	بین	بین|بین|بین|ب + ین	V|A0|N9|O+N1	فعل امر مثبت|صفت|اسم موجود در ساختمان حرف اضافه و حرف ربط گروهی|ب + اسم	
3	بردن	برد|بر	بردن	برد + ن|بر + د + ن	V2+O|V1+O+O	بن ماضی + ن|بن مضارع + د + ن	
4	یک	یک	یک	یک	O	عدد حرفی	
5	حشره‌ی	حشره|حشر	حشره	حشره + ی|حشر + ه + ی	N1+O|N1+O+O	اسم + ی|اسم + ه + ی	
6	کثیف	کثیف	کثیف	کثیف	A0	صفت	
7	،	،	،	،	Si	علامت	

0	کجاش	کجا	کجا	کجا	O	_
1	جنایته	جنایت	جنایته	جنایت + ه	N1+O	اسم + ه	
2	؟	؟	؟	؟	Si	علامت	

0	»	»	»	»	Si	علامت	
1	«	«	«	«	Si	علامت	
2	همه	همه|همه	همه	همه|همه	N1|A2	اسم|صفت مبهم	
3	چیزم	چیز|چیز	چیز	چیز + م|چیز + م	N1+O|N1+V	اسم + ضمیر ملکی اول شخص مفرد|اسم + فعل اول شخص مفرد	
4	را	را	را	را	Po	حرف اضافه پسین	
5	باخته بودم	باخت	باخته بودم	باخت + ه + بود + م	V+O	فعل ماضی بعید+اول شخص مفرد	
6	.	.	.	.	Si	علامت	

0	همه	همه|همه	همه	همه|همه	N1|A2	اسم|صفت مبهم	
1	چیزم	چیز|چیز	چیز	چیز + م|چیز + م	N1+O|N1+V	اسم + ضمیر ملکی اول شخص مفرد|اسم + فعل اول شخص مفرد	
2	را	را	را	را	Po	حرف اضافه پسین	
3	!	!	!	!	Si	علامت	

0	از	از	از	از	Pr	حرف اضافه	
1	کازینو	کازینو	کازینو	کازینو	N1	اسم	
2	بیرون	بیرون	بیرون	بیرون	N1	اسم	
3	آمدم	امد|امد	آمد	امد + م|امد + م	N1+O|N1+V	اسم + ضمیر ملکی اول شخص مفرد|اسم + فعل اول شخص مفرد	
4	.	.	.	.	Si	علامت	

0	آن	ان	آن	ان	Ab	اختصارات	
1	وقت	وقت|وقت	وقت	وقت|وقت	N1|N9	اسم|اسم موجود در ساختمان حرف اضافه و حرف ربط گروهی	
2	دیدم	دید|دید|دید	دید	دید + م|دید + م|دید + م	V+O|N1+O|N1+V	فعل ماضی ساده+اول شخص مفرد|اسم + ضمیر ملکی اول شخص مفرد|اسم + فعل اول شخص مفرد	

0	یک	یک	یک	یک	O	عدد حرفی	
1	گولدن	گولدن	گولدن	گولدن	O	_
2	ته	ته|ته	ته	ته|ته	V|Ad	فعل امر مثبت|قید	
3	جیب	جیب	جیب	جیب	N1	اسم	
4	جلیقه‌ام	جلیقه|جلیقه	جلیقه	جلیقه + ام|جلیقه + ام	N1+O|N1+V	اسم + ضمیر ملکی اول شخص مفرد|اسم + فعل اول شخص مفرد	
5	مانده	مانده|ماند|مان	مانده	مانده|ماند + ه|مان + د + ه	A0|O+O|V1+O+O	صفت|ریشه ماضی + ه|بن مضارع + د + ه	
6	.	.	.	.	Si	علامت	

0	گفتم	گفت|گفت|گفت	گفت	گفت + م|گفت + م|گفت + م	V+O|N1+O|N1+V	فعل ماضی ساده+اول شخص مفرد|اسم + ضمیر ملکی اول شخص مفرد|اسم + فعل اول شخص مفرد	
1	:	:	:	:	Si	علامت	

0	«	«	«	«	Si	علامت	
1	آه	اه	آه	اه	N1	اسم	
2	پس	پس|پس	پس	پس|پس	Ad|N9	قید|اسم موجود در ساختمان حرف اضافه و حرف ربط گروهی	
3	هنوز	هنوز	هنوز	هنوز	Ad	قید	
4	می‌توانم	توان|توان|توان	توانست	می + توان + م|می + توان + م|می + توان + م	O+V4+O|O+V4+V|V+O	می + فعل وجه نما + ضمیر ملکی اول شخص مفرد|می + فعل وجه نما + فعل اول شخص مفرد|فعل حال اخباری+اول شخص مفرد	

0	غذایی	غذایی|غذا	غذا	غذایی|غذا + یی	A0|N1+O	صفت|اسم + یی	
1	بخورم	بخور|بخور|بخور|بخور|خور	خورد	بخور + م|بخور + م|بخور + م|بخور + م|ب + خور + م	N1+O|N1+V|A0+O|A0+V|V+O	اسم + ضمیر ملکی اول شخص مفرد|اسم + فعل اول شخص مفرد|صفت + ضمیر ملکی اول شخص مفرد|صفت + فعل اول شخص مفرد|فعل حال التزامی+اول شخص مفرد	
2	!	!	!	!	Si	علامت	

0	»	»	»	»	Si	علامت	
1	اما	اما	اما	اما	C0	حرف ربط	
2	صد	صد	صد	صد	O	عدد حرفی	
3	قدم	قدم|قدم|قد|قد|قد|قد	قدم	قدم|قدم|قد + م|قد + م|قد + م|قد + م	N1|N1|N1+O|N1+V|A0+O|A0+V	اسم|اسم|اسم + ضمیر ملکی اول شخص مفرد|اسم + فعل اول شخص مفرد|صفت + ضمیر ملکی اول شخص مفرد|صفت + فعل اول شخص مفرد	
4	نرفته بودم	رفت|رفت	نرفته بودم	ن + رفت + ه + بود + م|ن + رفت + ه + بود + م	V+O|V+O	فعل ماضی بعید منفی+اول شخص مفرد|فعل ماضی بعید منفی+اول شخص مفرد	

0	که	که|که|که|که	که	که|که|که|که	C0|NA|N1|N1	حرف ربط|ضمیر پرسشی|اسم|اسم	
1	تصمیمم	تصمیم|تصمیم	تصمیم	تصمیم + م|تصمیم + م	N1+O|N1+V	اسم + ضمیر ملکی اول شخص مفرد|اسم + فعل اول شخص مفرد	
2	عوض	عوض	عوض	عوض	N1	اسم	
3	شد	شد	شد	شد	V+O	فعل ماضی ساده+سوم شخص مفرد	
4	.	.	.	.	Si	علامت	

0	برگشتم	برگشت|برگشت|برگشت	برگ	برگشت + م|برگشت + م|برگشت + م	V+O|N1+O|N1+V	فعل ماضی ساده+اول شخص مفرد|اسم + ضمیر ملکی اول شخص مفرد|اسم + فعل اول شخص مفرد	

0	و	و|و|و	و	و|و|و	C0|Al|Ab	حرف ربط|حروف الفبا|اختصارات	
1	یک	یک	یک	یک	O	عدد حرفی	
2	گولدن	گولدن	گولدن	گولدن	O	_
3	را	را	را	را	Po	حرف اضافه پسین	
4	روی	روی|روی|رو|رو	روی	روی|روی|رو + ی|رو + ی	Pr1|N1|N1+O|V+O	حرف اضافه گروهی|اسم|اسم + ی|فعل مضارع ساده+دوم شخص مفرد	
5	مانک	مانک|مان	مانک	مانک|مان + ک	N1|N1+O	اسم|اسم + ک	
6	گذاشتم	گذاشت	گذاشت	گذاشت + م	V+O	فعل ماضی ساده+اول شخص مفرد	

0	(	(	(	(	Si	علامت	
1	بله	بله|بله|له|بل|له|له	بله	بله|بله|ب + له|بل + ه|ب + له|ب + له	Ad|A0|V|N1+O|O+A0|O+N1	قید|صفت|فعل امر مثبت|اسم + ه|ب + صفت|ب + اسم	
2	خوب	خوب	خوب	خوب	A0	صفت	
3	به	به|به	به	به|به	Pr|N1	حرف اضافه|اسم	
4	یاد	یاد	یاد	یاد	N1	اسم	
5	دارم	دار|دار|دار	داشت	دار + م|دار + م|دار + م	V+O|N1+O|N1+V	فعل مضارع ساده+اول شخص مفرد|اسم + ضمیر ملکی اول شخص مفرد|اسم + فعل اول شخص مفرد	
6	.	.	.	.	Si	علامت	

0	روی	روی|روی|رو|رو	روی	روی|روی|رو + ی|رو + ی	Pr1|N1|N1+O|V+O	حرف اضافه گروهی|اسم|اسم + ی|فعل مضارع ساده+دوم شخص مفرد	
1	مانک	مانک|مان	مانک	مانک|مان + ک	N1|N1+O	اسم|اسم + ک	
2	)	)	)	)	Si	علامت	
3	و	و|و|و	و	و|و|و	C0|Al|Ab	حرف ربط|حروف الفبا|اختصارات	
4	جدا	جدا	جدا	جدا	A0	صفت	

0	وقتی	وقتی|وقت	وقت	وقتی|وقت + ی	Ad|N1+O	قید|اسم + ی	
1	آدم	آدم	آدم	آدم	N1	اسم	
2	در	در|در|در|در|در	در	در|در|در|در|در	Pr|V|N1|N1|VPr	حرف اضافه|فعل امر مثبت|اسم|اسم|پیشوند فعل	
3	کشوری	کشوری|کشور|کش	کشور	کشوری|کشور + ی|کش + ور + ی	A0|N1+O|V1+O+O	صفت|اسم + ی|بن مضارع + ور + ی	
4	بیگانه	بیگانه|گانه|گان|بیگ	بیگانه	بیگانه|بی + گانه|بی + گان + ه|بیگ + انه	A0|O+N1|O+N1+O|N1+O	صفت|بی + اسم|بی + اسم + ه|اسم + انه	
5	دور	دور|دور	دور	دور|دور	A0|N1	صفت|اسم	
6	از	از	از	از	Pr	حرف اضافه	
7	وطن	وطن	وطن	وطن	N1	اسم	
8	و	و|و|و	و	و|و|و	C0|Al|Ab	حرف ربط|حروف الفبا|اختصارات	
9	کس	کس	کس	کس	N1	اسم	
10	و	و|و|و	و	و|و|و	C0|Al|Ab	حرف ربط|حروف الفبا|اختصارات	
11	کارش	کار|کار	کار	کار + ش|کار + ش	N1+O|V+O	اسم + ضمیر ملکی سوم شخص مفرد|فعل مضارع ساده+سوم شخص مفرد	
12	تنهاست	تنها|تن|تن	تنهاست	تنها + ست|تن + ها + ست|تن + ها + ست	A0+O|N1+Pl+O|N1+Pl+O	صفت + ضمیر ملکی سوم شخص مفرد|اسم + علامت جمع + ضمیر ملکی سوم شخص مفرد|اسم + علامت جمع + ضمیر ملکی سوم شخص مفرد	

0	و	و|و|و	و	و|و|و	C0|Al|Ab	حرف ربط|حروف الفبا|اختصارات	
1	نمی‌داند	دان	دانست	نمی + دان + د	V+O	فعل حال اخباری منفی+سوم شخص مفرد	

0	که	که|که|که|که	که	که|که|که|که	C0|NA|N1|N1	حرف ربط|ضمیر پرسشی|اسم|اسم	
1	همان	همان|همان|هم	همان	همان|همان|هم + ان	A1|N6|Ad+O	صفت اشاره|ضمیر اشاره|قید + ان	
2	روز	روز	روز	روز	N1	اسم	
3	چه	چه|چه|چه	چه	چه|چه|چه	NA|C0|A0	ضمیر پرسشی|حرف ربط|صفت	
4	خواهد خورد	خواهد خورد	خواهد خورد	خواهد خورد	O	_

0	و	و|و|و	و	و|و|و	C0|Al|Ab	حرف ربط|حروف الفبا|اختصارات	
1	می‌خواهد	خواه|خواه	خواست	می + خواه + د|می + خواه + د	V+O|O+V5+O	فعل حال اخباری+سوم شخص مفرد|می + فعل کمکی + د	

0	آخرین	آخرین	آخرین	آخرین	O	_
1	گولدن	گولدن	گولدن	گولدن	O	_
2	خود	خود|خود	خود	خود|خود	O|N1	ضمیر مشترک/متقابل|اسم	
3	را	را	را	را	Po	حرف اضافه پسین	
4	آخرینش	آخرین	آخرین	آخرین	O	_
5	را	را	را	را	Po	حرف اضافه پسین	
6	به	به|به	به	به|به	Pr|N1	حرف اضافه|اسم	
7	خطر	خطر	خطر	خطر	N1	اسم	
8	اندازد	انداز	انداخت	انداز + د	V+O	فعل مضارع ساده+سوم شخص مفرد	

0	احساس	احساس	احساس	احساس	N1	اسم	
1	عجیبی	عجیبی|عجیب	عجیب	عجیبی|عجیب + ی	A0|A0+O	صفت|صفت + ی	
2	دارد	دار|دار	داشت	دار + د|دار + د	V+O|V5+O	فعل مضارع ساده+سوم شخص مفرد|فعل کمکی + د	
3	.	.	.	.	Si	علامت	

0	اما	اما	اما	اما	C0	حرف ربط	
1	خطر	خطر	خطر	خطر	N1	اسم	
2	کردم	کرد|کرد|کرد	کرد	کرد + م|کرد + م|کرد + م	V+O|N1+O|N1+V	فعل ماضی ساده+اول شخص مفرد|اسم + ضمیر ملکی اول شخص مفرد|اسم + فعل اول شخص مفرد	

0	و	و|و|و	و	و|و|و	C0|Al|Ab	حرف ربط|حروف الفبا|اختصارات	
1	بردم	برد|برد|برد|رد|رد	برد	برد + م|برد + م|برد + م|ب + رد + م|ب + رد + م	V+O|N1+O|N1+V|O+A0+O|O+A0+V	فعل ماضی ساده+اول شخص مفرد|اسم + ضمیر ملکی اول شخص مفرد|اسم + فعل اول شخص مفرد|ب + صفت + ضمیر ملکی اول شخص مفرد|ب + صفت + فعل اول شخص مفرد	

0	و	و|و|و	و	و|و|و	C0|Al|Ab	حرف ربط|حروف الفبا|اختصارات	
1	بیست	بیست	بیست	بیست	O	عدد حرفی	
2	دقیقه	دقیقه|دقیق	دقیقه	دقیقه|دقیق + ه	N1|A0+O	اسم|صفت + ه	
3	بعد	بعد|بعد|بعد	بعد	بعد|بعد|بعد	A0|N1|N9	صفت|اسم|اسم موجود در ساختمان حرف اضافه و حرف ربط گروهی	
4	با	با	با	با	Pr	حرف اضافه	
5	صد	صد	صد	صد	O	عدد حرفی	
6	و	و|و|و	و	و|و|و	C0|Al|Ab	حرف ربط|حروف الفبا|اختصارات	
7	هفتاد	هفتاد	هفتاد	هفتاد	O	عدد حرفی	
8	گولدن	گولدن	گولدن	گولدن	O	_
9	در	در|در|در|در|در	در	در|در|در|در|در	Pr|V|N1|N1|VPr	حرف اضافه|فعل امر مثبت|اسم|اسم|پیشوند فعل	
10	جیب	جیب	جیب	جیب	N1	اسم	
11	از	از	از	از	Pr	حرف اضافه	
12	کازینو	کازینو	کازینو	کازینو	N1	اسم	
13	بیرون	بیرون	بیرون	بیرون	N1	اسم	
14	آمدم	امد|امد	آمد	امد + م|امد + م	N1+O|N1+V	اسم + ضمیر ملکی اول شخص مفرد|اسم + فعل اول شخص مفرد	
15	.	.	.	.	Si	علامت	

0	این	این|این	این	این|این	A1|N6	صفت اشاره|ضمیر اشاره	
1	یک	یک	یک	یک	O	عدد حرفی	
2	واقعیت	واقعیت|واقعی|واقع	واقعیت	واقعیت|واقعی + ت|واقع + ی + ت	N1|A0+O|N1+O+O	اسم|صفت + ضمیر ملکی دوم شخص مفرد|اسم + ی + ضمیر ملکی دوم شخص مفرد	
3	است	است|اس		است|اس + ت	V+O|N1+O	فعل مضارع ساده+سوم شخص مفرد|اسم + ضمیر ملکی دوم شخص مفرد	
4	.	.	.	.	Si	علامت	

0	گاهی	گاهی|گاه	گاه	گاهی|گاه + ی	Ad|Ad+O	قید|قید + ی	
1	آخرین	آخرین	آخرین	آخرین	O	_
2	گولدن	گولدن	گولدن	گولدن	O	_
3	چه	چه|چه|چه	چه	چه|چه|چه	NA|C0|A0	ضمیر پرسشی|حرف ربط|صفت	
4	کارها	کار	کار	کار + ها	N1+Pl	اسم + علامت جمع	
5	می‌کند	کن|کن|می|می	کرد	می + کن + د|می + کن + د|می + ک + ند|می + ک + ند	V+O|V+O|N1+O+V|N1+O+V	فعل حال اخباری+سوم شخص مفرد|فعل حال اخباری+سوم شخص مفرد|اسم + ک + فعل سوم شخص جمع|اسم + ک + فعل سوم شخص جمع	
6	!	!	!	!	Si	علامت	

0	اگر	اگر	اگر	اگر	C0	حرف ربط	
1	شکستم	شکست|شکست|شکست	شکست	شکست + م|شکست + م|شکست + م	V+O|N1+O|N1+V	فعل ماضی ساده+اول شخص مفرد|اسم + ضمیر ملکی اول شخص مفرد|اسم + فعل اول شخص مفرد	
2	را	را	را	را	Po	حرف اضافه پسین	
3	پذیرفته بودم	پذیرفت	پذیرفته بودم	پذیرفت + ه + بود + م	V+O	فعل ماضی بعید+اول شخص مفرد	

0	اگر	اگر	اگر	اگر	C0	حرف ربط	
1	جرئت	جری|جر|جر	جرئت	جری + ت|جر + ی + ت|جر + ی + ت	A0+O|N1+O+O|N1+O+O	صفت + ضمیر ملکی دوم شخص مفرد|اسم + ی + ضمیر ملکی دوم شخص مفرد|اسم + ی + ضمیر ملکی دوم شخص مفرد	
2	تصمیم	تصمیم	تصمیم	تصمیم	N1	اسم	
3	نمی‌داشتم	داشت	داشت	نمی + داشت + م	V+O	فعل ماضی استمراری منفی+اول شخص مفرد	

0	چه	چه|چه|چه	چه	چه|چه|چه	NA|C0|A0	ضمیر پرسشی|حرف ربط|صفت	
1	شده بود	شد	شده بود	شد + ه + بود	V+O	فعل ماضی بعید+سوم شخص مفرد	
2	؟	؟	؟	؟	Si	علامت	

0	…	…	…	…	O	_
1	فردا	فردا	فردا	فردا	Ad	قید	
2	،	،	،	،	Si	علامت	
3	فردا	فردا	فردا	فردا	Ad	قید	
4	،	،	،	،	Si	علامت	
5	همه	همه|همه	همه	همه|همه	N1|A2	اسم|صفت مبهم	
6	چیز	چیز	چیز	چیز	N1	اسم	
7	تمام	تمام|تمام	تمام	تمام|تمام	A0|N9	صفت|اسم موجود در ساختمان حرف اضافه و حرف ربط گروهی	
6	خواهد شد	شد	خواهد شد	خواهد + شد	V+O	فعل آینده مثبت+سوم شخص مفرد	
7	.	.	.	.	Si	علامت	
8	»	»	»	»	Si	علامت	
