0	از	از	از	از	Pr	حرف اضافه	
1	آتشی	آتشی|آتش	آتش	آتشی|آتش + ی	A0|N1+O	صفت|اسم + ی	
2	که	که|که|که|که	که	که|که|که|که	C0|NA|N1|N1	حرف ربط|ضمیر پرسشی|اسم|اسم	
3	افروختم	افروخت|افروخت|افروخت	افروختم	افروخت + م|افروخت + م|افروخت + م	V+O|N1+O|N1+V	فعل ماضی ساده+اول شخص مفرد|اسم + ضمیر ملکی اول شخص مفرد|اسم + فعل اول شخص مفرد	
4	خودم	خودم|خود|خود	خودم	خودم|خود + م|خود + م	O|N1+O|N1+V	ضمیر تاکیدی/انعکاسی|اسم + ضمیر ملکی اول شخص مفرد|اسم + فعل اول شخص مفرد	
5	سوختم	سوخت	سوخت	سوخت + م	V+O	فعل ماضی ساده+اول شخص مفرد	

0	جانبازان	جانباز|جان	جانباز	جانباز + ان|جان + باز + ان	N1+O|N1+O+O	اسم + ان|اسم + باز + ان	
1	و	و|و|و	و	و|و|و	C0|Al|Ab	حرف ربط|حروف الفبا|اختصارات	
2	معلولین	معلول	معلولین	معلول + ین	A0+O	صفت + ین	
3	کشور	کشور|کش	کشور	کشور|کش + ور	N1|V1+O	اسم|بن مضارع + ور	
4	آب‌های	اب	آب	اب + ها + ی	N1+Pl+O	اسم + علامت جمع + ی	
5	آزاد	آزاد	آزاد	آزاد	A0	صفت	
6	دریای	دریا	دریا	دریا + ی	N1+O	اسم + ی	
7	مکران	مکران	مکر	مکران	N2	اسم خاص مکان	
8	را	را	را	را	Po	حرف اضافه پسین	
9	درنوردیدند	درنوردیدند	درنوردیدند	درنوردیدند	O	_

0	بعداً	بعداً	بعدا	بعداً	Ad	قید	
1	از	از	از	از	Pr	حرف اضافه	
2	خجالت	خجالت	خجالت	خجالت	N1	اسم	
3	تو	تو|تو|تو	تو	تو|تو|تو	N5|Ad|N1	ضمیر فاعلی|قید|اسم	
4	در	در|در|در|در|در	در	در|در|در|در|در	Pr|V|N1|N1|VPr	حرف اضافه|فعل امر مثبت|اسم|اسم|پیشوند فعل	
5	می‌آیم	آی	آمد	آی	V	فعل امر مثبت	

0	با	با	با	با	Pr	حرف اضافه	
1	گفتن	گفت	گفتن	گفت + ن	V2+O	بن ماضی + ن	
2	کلمه‌ی	کلمه|کلم	کلمه	کلمه + ی|کلم + ه + ی	N1+O|N1+O+O	اسم + ی|اسم + ه + ی	
3	«	«	«	«	Si	علامت	
4	سپاسگزارم	سپاسگزار|سپاسگزار	سپاسگزار	سپاسگزار + م|سپاسگزار + م	A0+O|A0+V	صفت + ضمیر ملکی اول شخص مفرد|صفت + فعل اول شخص مفرد	
5	»	»	»	»	Si	علامت	
6	مراتب	مراتب	مراتب	مراتب	N1	اسم	
7	تشکر	تشکر	تشکر	تشکر	N1	اسم	
8	و	و|و|و	و	و|و|و	C0|Al|Ab	حرف ربط|حروف الفبا|اختصارات	
9	تقدیر	تقدیر	تقدیر	تقدیر	N1	اسم	
10	خود	خود|خود	خود	خود|خود	O|N1	ضمیر مشترک/متقابل|اسم	
11	را	را	را	را	Po	حرف اضافه پسین	
12	به	به|به	به	به|به	Pr|N1	حرف اضافه|اسم	
13	یکدیگر	یکدیگر	یکدیگر	یکدیگر	O	ضمیر مشترک/متقابل	
14	اعلام	اعلام|اعلام	اعلام	اعلام|اعلام	N1|N1	اسم|اسم	
15	می‌دارند	دار|دار	داشت	می + دار + ند|می + دار + ند	V+O|O+V5+V	فعل حال اخباری+سوم شخص جمع|می + فعل کمکی + فعل سوم شخص جمع	

0	بتازید	تازید|بتاز|تاز	بتازید	ب + تازید|بتاز + ید|ب + تاز + ید	V+O|A0+V|V+O	فعل ماضی التزامی+سوم شخص مفرد|صفت + فعل دوم شخص جمع|فعل حال التزامی+دوم شخص جمع	
1	بتازید	تازید|بتاز|تاز	بتازید	ب + تازید|بتاز + ید|ب + تاز + ید	V+O|A0+V|V+O	فعل ماضی التزامی+سوم شخص مفرد|صفت + فعل دوم شخص جمع|فعل حال التزامی+دوم شخص جمع	
2	‌که	که|که|که|که	‌که	که|که|که|که	C0|NA|N1|N1	حرف ربط|ضمیر پرسشی|اسم|اسم	
3	چالاک	چالاک|چال	چالاک	چالاک|چال + اک	A0|N1+O	صفت|اسم + اک	
4	سوارید	سوار	سوارید	سوار + ید	N1+V	اسم + فعل دوم شخص جمع	
5	.	.	.	.	Si	علامت	

0	بنازید	نازید|ناز|ناز	بنازید	ب + نازید|ب + ناز + ید|ب + ناز + ید	V+O|V+O|O+A0+V	فعل ماضی التزامی+سوم شخص مفرد|فعل حال التزامی+دوم شخص جمع|ب + صفت + فعل دوم شخص جمع	
1	بنازید	نازید|ناز|ناز	بنازید	ب + نازید|ب + ناز + ید|ب + ناز + ید	V+O|V+O|O+A0+V	فعل ماضی التزامی+سوم شخص مفرد|فعل حال التزامی+دوم شخص جمع|ب + صفت + فعل دوم شخص جمع	
2	که	که|که|که|که	که	که|که|که|که	C0|NA|N1|N1	حرف ربط|ضمیر پرسشی|اسم|اسم	
3	خوبان	خوب	خوب	خوب + ان	A0+O	صفت + ان	
4	جهانید	جهانید|جهان|جهان|جه	جهانید	جهانید|جهان + ید|جهان + ید|جه + ان + ید	V+O|N1+V|V+O|N1+O+V	فعل ماضی ساده+سوم شخص مفرد|اسم + فعل دوم شخص جمع|فعل مضارع ساده+دوم شخص جمع|اسم + ان + فعل دوم شخص جمع	

0	در	در|در|در|در|در	در	در|در|در|در|در	Pr|V|N1|N1|VPr	حرف اضافه|فعل امر مثبت|اسم|اسم|پیشوند فعل	
1	سلسله‌	سلسله	سلسله	سلسله	N1	اسم	
2	مراتب	مراتب	مراتب	مراتب	N1	اسم	
2	دانشگاه	دانشگاه|دانش|دان	دانشگاه	دانشگاه|دانش + گاه|دان + ش + گاه	N1|N1+O|V1+O+O	اسم|اسم + گاه|بن مضارع + ش + گاه	
3	چهار	چهار	چهار	چهار	O	عدد حرفی	
4	رده	رده|رد	رده	رده|رد + ه	N1|A0+O	اسم|صفت + ه	
5	مربی	مربی	مربی	مربی	N1	اسم	
6	،	،	،	،	Si	علامت	
7	استاد	استاد|استاد	استاد	استاد|استاد	A0|Sp	صفت|شاخص	
8	،	،	،	،	Si	علامت	
9	دانشیار	دانشیار|دانش|دان	دانشیار	دانشیار|دانش + یار|دان + ش + یار	N1|N1+O|V1+O+O	اسم|اسم + یار|بن مضارع + ش + یار	
10	‌و	و|و|و	‌و	و|و|و	C0|Al|Ab	حرف ربط|حروف الفبا|اختصارات	
11	استاد	استاد|استاد	استاد	استاد|استاد	A0|Sp	صفت|شاخص	
12	تمامی	تمامی|تمام	تمام	تمامی|تمام + ی	A0|A0+O	صفت|صفت + ی	
13	وجود	وجود|وجود	وجود	وجود|وجود	N1|N9	اسم|اسم موجود در ساختمان حرف اضافه و حرف ربط گروهی	
14	دارد	دار|دار	داشت	دار + د|دار + د	V+O|V5+O	فعل مضارع ساده+سوم شخص مفرد|فعل کمکی + د	
15	که	که|که|که|که	که	که|که|که|که	C0|NA|N1|N1	حرف ربط|ضمیر پرسشی|اسم|اسم	
16	مرتبه	مرتبه|مرتب	مرتبه	مرتبه|مرتب + ه	N1|A0+O	اسم|صفت + ه	
17	آخر	آخر	آخر	آخر	N1	اسم	
18	در	در|در|در|در|در	در	در|در|در|در|در	Pr|V|N1|N1|VPr	حرف اضافه|فعل امر مثبت|اسم|اسم|پیشوند فعل	
19	خارج	خارج	خارج	خارج	N1	اسم	
20	از	از	از	از	Pr	حرف اضافه	
21	کشور	کشور|کش	کشور	کشور|کش + ور	N1|V1+O	اسم|بن مضارع + ور	
22	«	«	«	«	Si	علامت	
23	پرفسور	پرفسور|پرفسور	پرفسور	پرفسور|پرفسور	N1|Sp	اسم|شاخص	
24	»	»	»	»	Si	علامت	
25	نامیده می‌شود	نامیده می شود	نامیده می‌شود	نامیده می شود	O	_

0	در	در|در|در|در|در	در	در|در|در|در|در	Pr|V|N1|N1|VPr	حرف اضافه|فعل امر مثبت|اسم|اسم|پیشوند فعل	
1	کاربرد	کاربرد|کار	کاربرد	کاربرد|کار + بر + د	N1|V1+O+O	اسم|بن مضارع + بر + د	
2	امروزی	امروزی|امروز	امروزی	امروزی|امروز + ی	A0|N1+O	صفت|اسم + ی	
3	وزارت	وزارت	وزارت	وزارت	N1	اسم	
4	یکی	یکی|یک	یک	یکی|یک + ی	A2|O+O	صفت مبهم|عدد حرفی + ی	
5	از	از	از	از	Pr	حرف اضافه	
6	اجزای	اجزا	اجزا	اجزا + ی	N1+O	اسم + ی	
7	ساختار	ساختار|ساخت	ساختار	ساختار|ساخت + ار	N1|O+O	اسم|ریشه ماضی + ار	
8	دولت	دولت|دول|دول	دولت	دولت|دول + ت|دول + ت	N1|N1+O|N1+O	اسم|اسم + ضمیر ملکی دوم شخص مفرد|اسم + ضمیر ملکی دوم شخص مفرد	
9	است	است|اس		است|اس + ت	V+O|N1+O	فعل مضارع ساده+سوم شخص مفرد|اسم + ضمیر ملکی دوم شخص مفرد	

0	آموزش	آموزش|آموز	آموزش	آموزش|آموز + ش	N1|V+O	اسم|فعل مضارع ساده+سوم شخص مفرد	
1	آشپزی	آشپزی|آشپز	آشپز	آشپزی|آشپز + ی	N1|N1+O	اسم|اسم + ی	
2	در	در|در|در|در|در	در	در|در|در|در|در	Pr|V|N1|N1|VPr	حرف اضافه|فعل امر مثبت|اسم|اسم|پیشوند فعل	
3	دستپخت	دست‌پخت	دستپخت	دست‌پخت	N1	اسم	
4	در	در|در|در|در|در	در	در|در|در|در|در	Pr|V|N1|N1|VPr	حرف اضافه|فعل امر مثبت|اسم|اسم|پیشوند فعل	
5	قالب	قالب	قالب	قالب	N1	اسم	
6	دستور	دستور|دست	دستور	دستور|دست + ور	N1|N1+O	اسم|اسم + ور	
7	پخت	پخت|پخت|پخت|پخ	پخت	پخت|پخت|پخت|پخ + ت	V+O|N1|A0|N1+O	فعل ماضی ساده+سوم شخص مفرد|اسم|صفت|اسم + ضمیر ملکی دوم شخص مفرد	
8	۴	۴	۴	۴	Nu	عدد رقمی	
9	گروه	گروه|گرو|گرو	گروه	گروه|گرو + ه|گرو + ه	N1|V1+O|N1+O	اسم|بن مضارع + ه|اسم + ه	
10	غذای	غذا	غذا	غذا + ی	N1+O	اسم + ی	
11	ایرانی	ایرانی|ایران	ایران	ایرانی|ایران + ی	A0|N2+O	صفت|اسم خاص مکان + ی	
12	غذای	غذا	غذا	غذا + ی	N1+O	اسم + ی	
13	ملل	ملل	ملل	ملل	N1	اسم	
14	فست	فس	فست	فس	O	_
15	فود	فود	فود	فود	O	_
16	و	و|و|و	و	و|و|و	C0|Al|Ab	حرف ربط|حروف الفبا|اختصارات	
17	فینگر	فین	فینگر	فین + گر	N2+O	اسم خاص مکان + گر	
18	فود	فود	فود	فود	O	_
19	و	و|و|و	و	و|و|و	C0|Al|Ab	حرف ربط|حروف الفبا|اختصارات	
20	نان	نان	نان	نان	N1	اسم	
21	-	-	-	-	Exp	عبارت	
22	قنادی	قنادی|قناد	قناد	قنادی|قناد + ی	N1|N1+O	اسم|اسم + ی	
23	-	-	-	-	Exp	عبارت	
24	دسر	دسر	دسر	دسر	N1	اسم	
25	و	و|و|و	و	و|و|و	C0|Al|Ab	حرف ربط|حروف الفبا|اختصارات	
26	البته	البته	البته	البته	Ad	قید	
27	مسابقه	مسابقه	مسابقه	مسابقه	N1	اسم	
28	آشپز	آشپز	آشپز	آشپز	N1	اسم	
29	‌ارایه	ارایه	‌ارایه	ارایه	N1	اسم	
30	می‌شود	شو	شد	می + شو + د	V+O	فعل حال اخباری+سوم شخص مفرد	

0	توزیع	توزیع	توزیع	توزیع	N1	اسم	
1	یکنواخت	یکنواخت	یکنواخت	یکنواخت	A0	صفت	
2	:	:	:	:	Si	علامت	

0	توزیعی	توزیعی|توزیع	توزیع	توزیعی|توزیع + ی	A0|N1+O	صفت|اسم + ی	
1	که	که|که|که|که	که	که|که|که|که	C0|NA|N1|N1	حرف ربط|ضمیر پرسشی|اسم|اسم	
2	در	در|در|در|در|در	در	در|در|در|در|در	Pr|V|N1|N1|VPr	حرف اضافه|فعل امر مثبت|اسم|اسم|پیشوند فعل	
3	حالت	حالت|حال	حالت	حالت|حال + ت	N1|N1+O	اسم|اسم + ضمیر ملکی دوم شخص مفرد	
4	پیوسته	پیوسته|پیوست|پیوست	پیوسته	پیوسته|پیوست + ه|پیوست + ه	A0|O+O|N1+O	صفت|ریشه ماضی + ه|اسم + ه	
5	دارای	دارا|دار	دارا	دارا + ی|دار + ا + ی	A0+O|O+O+O	صفت + ی|ریشه مضارع + ا + ی	
6	چگالی	چگالی|چگال	چگال	چگالی|چگال + ی	N1|N1+O	اسم|اسم + ی	
7	ثابتی	ثابتی|ثابت	ثابت	ثابتی|ثابت + ی	N4|A0+O	اسم فامیل|صفت + ی	
8	بر	بر|بر|بر|بر	بر	بر|بر|بر|بر	Pr|V|VPr|N1	حرف اضافه|فعل امر مثبت|پیشوند فعل|اسم	
9	مجموعه‌ای	مجموعه‌ای|مجموعه|مجموع	مجموعه	مجموعه‌ای|مجموعه + ای|مجموع + ه + ای	A0|N1+O|A0+O+O	صفت|اسم + ای|صفت + ه + ای	
10	مفروض	مفروض	مفروض	مفروض	A0	صفت	
11	است	است|اس		است|اس + ت	V+O|N1+O	فعل مضارع ساده+سوم شخص مفرد|اسم + ضمیر ملکی دوم شخص مفرد	
12	و	و|و|و	و	و|و|و	C0|Al|Ab	حرف ربط|حروف الفبا|اختصارات	
13	در	در|در|در|در|در	در	در|در|در|در|در	Pr|V|N1|N1|VPr	حرف اضافه|فعل امر مثبت|اسم|اسم|پیشوند فعل	
14	حالت	حالت|حال	حالت	حالت|حال + ت	N1|N1+O	اسم|اسم + ضمیر ملکی دوم شخص مفرد	
15	گسسته	گسسته|گسست	گسسته	گسسته|گسست + ه	A0|O+O	صفت|ریشه ماضی + ه	
16	احتمالی	احتمالی|احتمال	احتمال	احتمالی|احتمال + ی	A0|N1+O	صفت|اسم + ی	
17	یکسان	یکسان	یکسان	یکسان	A0	صفت	
18	را	را	را	را	Po	حرف اضافه پسین	
19	به	به|به	به	به|به	Pr|N1	حرف اضافه|اسم	
20	هر	هر	هر	هر	A1	صفت اشاره	
21	مقدار	مقدار	مقدار	مقدار	N1	اسم	
22	برد	برد|برد|بر|رد	برد	برد|برد|بر + د|ب + رد	V+O|N1|V+O|O+A0	فعل ماضی ساده+سوم شخص مفرد|اسم|فعل مضارع ساده+سوم شخص مفرد|ب + صفت	
23	خود	خود|خود	خود	خود|خود	O|N1	ضمیر مشترک/متقابل|اسم	
24	تخصیص	تخصیص	تخصیص	تخصیص	N1	اسم	
25	می‌دهد	ده	داد	می + ده + د	V+O	فعل حال اخباری+سوم شخص مفرد	

0	دولت	دولت|دول|دول	دولت	دولت|دول + ت|دول + ت	N1|N1+O|N1+O	اسم|اسم + ضمیر ملکی دوم شخص مفرد|اسم + ضمیر ملکی دوم شخص مفرد	
1	کرخت	کرخت|کرخ	کرخت	کرخت|کرخ + ت	A0|A0+O	صفت|صفت + ضمیر ملکی دوم شخص مفرد	
2	و	و|و|و	و	و|و|و	C0|Al|Ab	حرف ربط|حروف الفبا|اختصارات	
3	گیج	گیج	گیج	گیج	A0	صفت	
4	است	است|اس		است|اس + ت	V+O|N1+O	فعل مضارع ساده+سوم شخص مفرد|اسم + ضمیر ملکی دوم شخص مفرد	

0	تاخت	تاخت	تاخت	تاخت	V+O	فعل ماضی ساده+سوم شخص مفرد	
1	اسب	اسب	اسب	اسب	N1	اسم	
2	یا	یا|یا	یا	یا|یا	C0|Intj	حرف ربط|صوت	
3	دیگر	دیگر|دیگر|دی	دیگر	دیگر|دیگر|دی + گر	Ad|A2|N1+O	قید|صفت مبهم|اسم + گر	
4	چهارپایان	چهارپایان|چهارپای|چهارپا	چهارپا	چهارپایان|چهارپای + ان|چهارپا + ی + ان	N1|A0+O|A0+O	اسم|صفت + ان|صفت + ان	
5	به	به|به	به	به|به	Pr|N1	حرف اضافه|اسم	
6	دو	دو|دو|دو	دو	دو|دو|دو	O|V|N1	عدد حرفی|فعل امر مثبت|اسم	
7	شکل	شکل	شکل	شکل	N1	اسم	
8	است	است|اس		است|اس + ت	V+O|N1+O	فعل مضارع ساده+سوم شخص مفرد|اسم + ضمیر ملکی دوم شخص مفرد	

0	سیاحت	سیاحت|سیاح	سیاحت	سیاحت|سیاح + ت	N1|N1+O	اسم|اسم + ضمیر ملکی دوم شخص مفرد	
1	غرب	غرب	غرب	غرب	N1	اسم	
2	یا	یا|یا	یا	یا|یا	C0|Intj	حرف ربط|صوت	
3	سرنوشت	سرنوشت	سرنوشت	سرنوشت	N1	اسم	
4	ارواح	روح	ارواح	روح	O	اسم مفرد جمع مکسر	
5	پس	پس|پس	پس	پس|پس	Ad|N9	قید|اسم موجود در ساختمان حرف اضافه و حرف ربط گروهی	
6	از	از	از	از	Pr	حرف اضافه	
7	مرگ	مرگ	مرگ	مرگ	N1	اسم	
8	کتابی	کتابی|کتاب	کتاب	کتابی|کتاب + ی	A0|N1+O	صفت|اسم + ی	
9	اثر	اثر|اثر	اثر	اثر|اثر	N1|N9	اسم|اسم موجود در ساختمان حرف اضافه و حرف ربط گروهی	
10	آقا	آقا|آقا	آقا	آقا|آقا	N1|Sp	اسم|شاخص	
11	نجفی	نجفی	نجف	نجفی	A0	صفت	
12	قوچانی	قوچانی|قوچان	قوچان	قوچانی|قوچان + ی	A0|N2+O	صفت|اسم خاص مکان + ی	
13	است	است|اس		است|اس + ت	V+O|N1+O	فعل مضارع ساده+سوم شخص مفرد|اسم + ضمیر ملکی دوم شخص مفرد	

0	مهابت	مهابت|مهاب	مهابت	مهابت|مهاب + ت	N1|N1+O	اسم|اسم + ضمیر ملکی دوم شخص مفرد	
1	.	.	.	.	Si	علامت	

0	این	این|این	این	این|این	A1|N6	صفت اشاره|ضمیر اشاره	
1	واژه	واژه|واژ	واژه	واژه|واژ + ه	N1|N1+O	اسم|اسم + ه	
2	را	را	را	را	Po	حرف اضافه پسین	
3	اولین	اولین|اول	اولین	اولین|اول + ین	A0|A0+O	صفت|صفت + ین	
4	بار	بار|بار	بار	بار|بار	V|N1	فعل امر مثبت|اسم	
5	در	در|در|در|در|در	در	در|در|در|در|در	Pr|V|N1|N1|VPr	حرف اضافه|فعل امر مثبت|اسم|اسم|پیشوند فعل	
6	داستان	داستان|داس	داستان	داستان|داس + تان	N1|N1+O	اسم|اسم + ضمیر ملکی دوم شخص جمع	
7	همای	همای|هما	هما	همای|هما + ی	N1|N3+O	اسم|اسم خاص اشخاص + ی	
8	کاظم	کاظم	کاظم	کاظم	N3	اسم خاص اشخاص	
9	رضا	رضا	رضا	رضا	N3	اسم خاص اشخاص	
10	دیدم	دید|دید|دید	دید	دید + م|دید + م|دید + م	V+O|N1+O|N1+V	فعل ماضی ساده+اول شخص مفرد|اسم + ضمیر ملکی اول شخص مفرد|اسم + فعل اول شخص مفرد	

0	انواع	نوع	انواع	نوع	O	اسم مفرد جمع مکسر	
1	کروات	کروات|کرو	کروات	کروات|کرو + ات	N1|N1+Pl	اسم|اسم + علامت جمع	
2	با	با	با	با	Pr	حرف اضافه	
3	طرح	طرح	طرح	طرح	N1	اسم	
4	و	و|و|و	و	و|و|و	C0|Al|Ab	حرف ربط|حروف الفبا|اختصارات	
5	نقش	نقش|نق	نقش	نقش|نق + ش	N1|N1+O	اسم|اسم + ضمیر ملکی سوم شخص مفرد	
6	مختلف	مختلف	مختلف	مختلف	A0	صفت	
7	در	در|در|در|در|در	در	در|در|در|در|در	Pr|V|N1|N1|VPr	حرف اضافه|فعل امر مثبت|اسم|اسم|پیشوند فعل	
8	انواع	نوع	انواع	نوع	O	اسم مفرد جمع مکسر	
9	رنگ‌ها	رنگ	رنگ	رنگ + ها	N1+Pl	اسم + علامت جمع	
10	به	به|به	به	به|به	Pr|N1	حرف اضافه|اسم	
11	همراه	همراه|راه	همراه	همراه|هم + راه	A0|O+N1	صفت|هم + اسم	
12	کالکشن	کالکشن	کالکشن	کالکشن	O	_
13	بی‌نظیر	بی‌نظیر	بی‌نظیر	بی‌نظیر	A0	صفت	
14	از	از	از	از	Pr	حرف اضافه	
15	پاپیون	پاپیون|پاپی|پاپ	پاپیون	پاپیون|پاپی + ون|پاپ + ی + ون	N1|A0+Pl|N1+O+Pl	اسم|صفت + علامت جمع|اسم + ی + علامت جمع	
16	مردانه	مردانه|مرد	مردانه	مردانه|مرد + انه	A0|N1+O	صفت|اسم + انه	
17	برای	برای|برا|بر	برای	برای|برا + ی|بر + ا + ی	Pr|A0+O|O+O+O	حرف اضافه|صفت + ی|ریشه مضارع + ا + ی	
18	سلیقه‌های	سلیقه	سلیقه	سلیقه + ها + ی	N1+Pl+O	اسم + علامت جمع + ی	
19	خاص	خاص	خاص	خاص	A0	صفت	
20	.	.	.	.	Si	علامت	

0	ساسات	ساسات|ساس	ساس	ساسات|ساس + ات	N1|N1+Pl	اسم|اسم + علامت جمع	
1	در	در|در|در|در|در	در	در|در|در|در|در	Pr|V|N1|N1|VPr	حرف اضافه|فعل امر مثبت|اسم|اسم|پیشوند فعل	
2	وسایل	وسایل	وسایل	وسایل	N1	اسم	
3	نقلیه	نقلیه|نقلی|نقلی	نقلیه	نقلیه|نقلی + ه|نقلی + ه	A0|A0+O|A0+O	صفت|صفت + ه|صفت + ه	
4	به	به|به	به	به|به	Pr|N1	حرف اضافه|اسم	
5	دکمه	دکمه	دکمه	دکمه	N1	اسم	
6	دریچه	دریچه|دری|در|در|در	دریچه	دریچه|دری + چه|در + ی + چه|در + ی + چه|در + ی + چه	N1|N1+O|V1+O+O|N1+O+O|N1+O+O	اسم|اسم + چه|بن مضارع + ی + چه|اسم + ی + چه|اسم + ی + چه	
7	هوای	هوا	هوا	هوا + ی	N1+O	اسم + ی	
8	کاربراتور	کاربراتور|کاربر	کاربراتور	کاربراتور|کاربر + ات + ور	N1|A0+Pl+O	اسم|صفت + علامت جمع + ور	
9	می‌گویند	گو	گفت	می + گو + یند	V+O	فعل حال اخباری+سوم شخص جمع	

0	فلاحت	فلاحت|فلاح|فلاح	فلاحت	فلاحت|فلاح + ت|فلاح + ت	N1|N1+O|N1+O	اسم|اسم + ضمیر ملکی دوم شخص مفرد|اسم + ضمیر ملکی دوم شخص مفرد	
1	فارس	فارس	فارس	فارس	N1	اسم	
2	نام	نام|نام	نام	نام|نام	N1|V	اسم|فعل امر مثبت	
3	یکی	یکی|یک	یک	یکی|یک + ی	A2|O+O	صفت مبهم|عدد حرفی + ی	
4	از	از	از	از	Pr	حرف اضافه	
5	مطبوعات	مطبوعات|مطبوع	مطبوعات	مطبوعات|مطبوع + ات	N1|A0+Pl	اسم|صفت + علامت جمع	
6	استان	استان|استان|اس	استان	استان|استان|اس + تان	N1|V|N1+O	اسم|فعل امر مثبت|اسم + ضمیر ملکی دوم شخص جمع	
7	فارس	فارس	فارس	فارس	N1	اسم	
8	در	در|در|در|در|در	در	در|در|در|در|در	Pr|V|N1|N1|VPr	حرف اضافه|فعل امر مثبت|اسم|اسم|پیشوند فعل	
9	دوران	دوران|دوران|دور|دور	دوران	دوران|دوران|دور + ان|دور + ان	N1|N1|A0+O|N1+O	اسم|اسم|صفت + ان|اسم + ان	
10	پهلوی	پهلوی|پهلو	پهلوی	پهلوی|پهلو + ی	N1|N1+O	اسم|اسم + ی	
11	اول	اول	اول	اول	A0	صفت	
12	است	است|اس		است|اس + ت	V+O|N1+O	فعل مضارع ساده+سوم شخص مفرد|اسم + ضمیر ملکی دوم شخص مفرد	

0	آجودان	آجودان	آجودان	آجودان	N1	اسم	
1	یا	یا|یا	یا	یا|یا	C0|Intj	حرف ربط|صوت	
2	فریار	فر	فریار	فر + یار	N1+O	اسم + یار	
3	امیر	امیر	امیر	امیر	N3	اسم خاص اشخاص	
4	یا	یا|یا	یا	یا|یا	C0|Intj	حرف ربط|صوت	
5	افسری	افسری|افسر|افسر	افسری	افسری|افسر + ی|افسر + ی	A0|V+O|N1+O	صفت|فعل مضارع ساده+دوم شخص مفرد|اسم + ی	
6	است	است|اس		است|اس + ت	V+O|N1+O	فعل مضارع ساده+سوم شخص مفرد|اسم + ضمیر ملکی دوم شخص مفرد	
7	که	که|که|که|که	که	که|که|که|که	C0|NA|N1|N1	حرف ربط|ضمیر پرسشی|اسم|اسم	
8	مقامات	مقام	مقامات	مقام + ات	N1+Pl	اسم + علامت جمع	
9	بلندپایه	بلندپایه	بلندپایه	بلندپایه	A0	صفت	
10	کشوری	کشوری|کشور|کش	کشور	کشوری|کشور + ی|کش + ور + ی	A0|N1+O|V1+O+O	صفت|اسم + ی|بن مضارع + ور + ی	
11	و	و|و|و	و	و|و|و	C0|Al|Ab	حرف ربط|حروف الفبا|اختصارات	
12	لشگری	لشگری|لشگر|لش	لشگر	لشگری|لشگر|لش + گر	A0|N1|A0+O	صفت|اسم|صفت + گر	
13	را	را	را	را	Po	حرف اضافه پسین	
14	در	در|در|در|در|در	در	در|در|در|در|در	Pr|V|N1|N1|VPr	حرف اضافه|فعل امر مثبت|اسم|اسم|پیشوند فعل	
15	امور	امر	امور	امر	O	اسم مفرد جمع مکسر	
16	مختلف	مختلف	مختلف	مختلف	A0	صفت	
17	،	،	،	،	Si	علامت	
18	برای	برای|برا|بر	برای	برای|برا + ی|بر + ا + ی	Pr|A0+O|O+O+O	حرف اضافه|صفت + ی|ریشه مضارع + ا + ی	
19	پیشبرد	پیشبرد|برد|بر|رد	پیشبرد	پیشبرد|پیش + برد|پیش + بر + د|پیش + ب + رد	N1|O+N1|O+V1+O|O+O+A0	اسم|پیش + اسم|پیش + بن مضارع + د|پیش + ب + صفت	
20	وظایف	وظایف	وظایف	وظایف	N1	اسم	
21	آنان	آنان	آن	آنان	N5	ضمیر فاعلی	
22	یاری	یاری|یار	یاری	یاری|یار + ی	N1|N1+O	اسم|اسم + ی	
23	می‌کند	کن|کن|می|می	کرد	می + کن + د|می + کن + د|می + ک + ند|می + ک + ند	V+O|V+O|N1+O+V|N1+O+V	فعل حال اخباری+سوم شخص مفرد|فعل حال اخباری+سوم شخص مفرد|اسم + ک + فعل سوم شخص جمع|اسم + ک + فعل سوم شخص جمع	
24	.	.	.	.	Si	علامت	

0	اورانگوتان	اورانگوتان	اورانگوتان	اورانگوتان	N1	اسم	
1	سوماترایی	سوماترایی|سوماترا	سوماترا	سوماترایی|سوماترا + یی	A0|N2+O	صفت|اسم خاص مکان + یی	
2	یکی	یکی|یک	یک	یکی|یک + ی	A2|O+O	صفت مبهم|عدد حرفی + ی	
3	از	از	از	از	Pr	حرف اضافه	
4	دو	دو|دو|دو	دو	دو|دو|دو	O|V|N1	عدد حرفی|فعل امر مثبت|اسم	
5	گونه	گونه|گون	گونه	گونه|گون + ه	N1|N1+O	اسم|اسم + ه	
6	موجود	موجود	موجود	موجود	A0	صفت	
7	اورانگوتان‌ها	اورانگوتان	اورانگوتان	اورانگوتان + ها	N1+Pl	اسم + علامت جمع	
8	است	است|اس		است|اس + ت	V+O|N1+O	فعل مضارع ساده+سوم شخص مفرد|اسم + ضمیر ملکی دوم شخص مفرد	

0	از	از	از	از	Pr	حرف اضافه	
1	چه	چه|چه|چه	چه	چه|چه|چه	NA|C0|A0	ضمیر پرسشی|حرف ربط|صفت	
2	مسیری	مسیر	مسیر	مسیر + ی	N1+O	اسم + ی	
3	می‌توان	توان	می‌توان	می + توان	O+V4	می + فعل وجه نما	
4	به	به|به	به	به|به	Pr|N1	حرف اضافه|اسم	
5	ارسباران	ارسباران	ارسباران	ارسباران	N2	اسم خاص مکان	
6	سفر	سفر	سفر	سفر	N1	اسم	
7	کرد	کرد|کرد	کرد	کرد|کرد	V+O|N1	فعل ماضی ساده+سوم شخص مفرد|اسم	
8	؟	؟	؟	؟	Si	علامت	

0	ویدیوی	ویدیو	ویدیو	ویدیو + ی	N1+O	اسم + ی	
1	زیبا	زیبا|زیب	زیبا	زیبا|زیب + ا	A0|O+O	صفت|ریشه مضارع + ا	
2	از	از	از	از	Pr	حرف اضافه	
3	حضور	حضور	حضور	حضور	N1	اسم	
4	‌شکوهمند	شکوه	‌شکوهمند	شکوه + مند	N1+O	اسم + مند	
5	‌مردم	مردم|مرد|مرد|مرد	‌مردم	مردم|مرد + م|مرد + م|مرد + م	N1|N1+O|N1+V|V+O	اسم|اسم + ضمیر ملکی اول شخص مفرد|اسم + فعل اول شخص مفرد|فعل ماضی ساده+اول شخص مفرد	
6	مشهد	مشهد	مشهد	مشهد	N2	اسم خاص مکان	
7	در	در|در|در|در|در	در	در|در|در|در|در	Pr|V|N1|N1|VPr	حرف اضافه|فعل امر مثبت|اسم|اسم|پیشوند فعل	
8	راهپیمایی	راه‌پیمایی|راه‌پیما	راهپیما	راه‌پیمایی|راه‌پیما + یی	N1|N1+O	اسم|اسم + یی	
9	بزرگ	بزرگ	بزرگ	بزرگ	A0	صفت	
10	بیعت	بیعت|بیع	بیعت	بیعت|بیع + ت	N1|N1+O	اسم|اسم + ضمیر ملکی دوم شخص مفرد	
11	با	با	با	با	Pr	حرف اضافه	
12	ولایت	ولایت|ولا	ولایت	ولایت|ولا + ی + ت	N1|N1+O	اسم|اسم + ضمیر ملکی دوم شخص مفرد	

0	رجب	رجب	رجب	رجب	N3	اسم خاص اشخاص	
1	طیب	طیب|طیب	طیب	طیب|طیب	A0|A0	صفت|صفت	
2	اردوغان	اردوغان	اردوغان	اردوغان	O	_
3	،	،	،	،	Si	علامت	
4	رییس	رییس	رییس	رییس	N1	اسم	
5	جمهوری	جمهوری|جمهور	جمهوری	جمهوری|جمهور + ی	N1|N1+O	اسم|اسم + ی	
6	ترکیه	ترکیه	ترکیه	ترکیه	N2	اسم خاص مکان	
7	اعلام	اعلام|اعلام	اعلام	اعلام|اعلام	N1|N1	اسم|اسم	
8	کرد	کرد|کرد	کرد	کرد|کرد	V+O|N1	فعل ماضی ساده+سوم شخص مفرد|اسم	
9	که	که|که|که|که	که	که|که|که|که	C0|NA|N1|N1	حرف ربط|ضمیر پرسشی|اسم|اسم	
10	کشورش	کشور|کش	کشور	کشور + ش|کش + ور + ش	N1+O|V1+O+O	اسم + ضمیر ملکی سوم شخص مفرد|بن مضارع + ور + ضمیر ملکی سوم شخص مفرد	
11	صلح	صلح	صلح	صلح	N1	اسم	
12	و	و|و|و	و	و|و|و	C0|Al|Ab	حرف ربط|حروف الفبا|اختصارات	
13	امنیت	امنیت|امن	امنیت	امنیت|امن + یت	N1|A0+O	اسم|صفت + یت	
14	را	را	را	را	Po	حرف اضافه پسین	
15	در	در|در|در|در|در	در	در|در|در|در|در	Pr|V|N1|N1|VPr	حرف اضافه|فعل امر مثبت|اسم|اسم|پیشوند فعل	
16	عراق	عراق	عراق	عراق	N2	اسم خاص مکان	
17	و	و|و|و	و	و|و|و	C0|Al|Ab	حرف ربط|حروف الفبا|اختصارات	
18	سوریه	سوریه	سوریه	سوریه	N2	اسم خاص مکان	
19	و	و|و|و	و	و|و|و	C0|Al|Ab	حرف ربط|حروف الفبا|اختصارات	
20	مناطقی	منطقه	مناطق	منطقه + ی	O+O	اسم مفرد جمع مکسر + ی	
21	که	که|که|که|که	که	که|که|که|که	C0|NA|N1|N1	حرف ربط|ضمیر پرسشی|اسم|اسم	
22	تحت	تحت	تحت	تحت	Pr1	حرف اضافه گروهی	
23	کنترل	کنترل	کنترل	کنترل	N1	اسم	
24	ترکیه	ترکیه	ترکیه	ترکیه	N2	اسم خاص مکان	
25	نیست	نیست|است|نی	نیست	نیست|نی + است|نی + ست	N1|V+O|N1+O	اسم|فعل مضارع ساده منفی+سوم شخص مفرد|اسم + ضمیر ملکی سوم شخص مفرد	
26	برقرار	برقرار	برقرار	برقرار	A0	صفت	
27	می‌کند	کن|کن|می|می	کرد	می + کن + د|می + کن + د|می + ک + ند|می + ک + ند	V+O|V+O|N1+O+V|N1+O+V	فعل حال اخباری+سوم شخص مفرد|فعل حال اخباری+سوم شخص مفرد|اسم + ک + فعل سوم شخص جمع|اسم + ک + فعل سوم شخص جمع	

0	وجه	وجه|وج	وجه	وجه|وج + ه	N1|N1+O	اسم|اسم + ه	
1	اول	اول	اول	اول	A0	صفت	
2	آن	ان	آن	ان	Ab	اختصارات	
3	این	این|این	این	این|این	A1|N6	صفت اشاره|ضمیر اشاره	
4	است	است|اس		است|اس + ت	V+O|N1+O	فعل مضارع ساده+سوم شخص مفرد|اسم + ضمیر ملکی دوم شخص مفرد	
5	که	که|که|که|که	که	که|که|که|که	C0|NA|N1|N1	حرف ربط|ضمیر پرسشی|اسم|اسم	
6	در	در|در|در|در|در	در	در|در|در|در|در	Pr|V|N1|N1|VPr	حرف اضافه|فعل امر مثبت|اسم|اسم|پیشوند فعل	
7	برخی	برخی|رخ|رخ	برخی	برخی|ب + رخ + ی|ب + رخ + ی	A2|O+N1+O|O+N1+O	صفت مبهم|ب + اسم + ی|ب + اسم + ی	
8	از	از	از	از	Pr	حرف اضافه	
9	مناطق	منطقه	مناطق	منطقه	O	اسم مفرد جمع مکسر	
10	شهر	شهر	شهر	شهر	N1	اسم	
11	تهران	تهران	تهران	تهران	N2	اسم خاص مکان	
12	ازجمله	ازجمله	ازجمله	ازجمله	Ad	قید	
13	خیابانی	خیابانی|خیابان	خیابان	خیابانی|خیابان + ی	A0|N1+O	صفت|اسم + ی	
14	در	در|در|در|در|در	در	در|در|در|در|در	Pr|V|N1|N1|VPr	حرف اضافه|فعل امر مثبت|اسم|اسم|پیشوند فعل	
15	منطقه	منطقه|منطق	منطقه	منطقه|منطق + ه	N1|N1+O	اسم|اسم + ه	
16	۱۵	۱۵	۱۵	۱۵	Nu	عدد رقمی	
17	با	با	با	با	Pr	حرف اضافه	
18	وضعیت	وضعیت|وضعی|وضع	وضعیت	وضعیت|وضعی + ت|وضع + ی + ت	N1|A0+O|N1+O+O	اسم|صفت + ضمیر ملکی دوم شخص مفرد|اسم + ی + ضمیر ملکی دوم شخص مفرد	
19	بد	بد	بد	بد	A0	صفت	
20	دستفروشی	دست‌فروشی|دست‌فروش	دستفروشی	دست‌فروشی|دست‌فروش + ی	N1|N1+O	اسم|اسم + ی	
21	مواجه	مواجه|مواج	مواجه	مواجه|مواج + ه	A0|A0+O	صفت|صفت + ه	
22	هستیم	هستی|هستی|هست|هست|هست|هست|هست		هستی + م|هستی + م|هست + یم|هست + ی + م|هست + یم|هست + ی + م|هست + ی + م	N1+O|N1+V|V+O|V+O|N1+V|N1+O+O|N1+O+V	اسم + ضمیر ملکی اول شخص مفرد|اسم + فعل اول شخص مفرد|فعل مضارع ساده+اول شخص جمع|فعل مضارع ساده+دوم شخص مفرد|اسم + فعل اول شخص جمع|اسم + ی + ضمیر ملکی اول شخص مفرد|اسم + ی + فعل اول شخص مفرد	
23	که	که|که|که|که	که	که|که|که|که	C0|NA|N1|N1	حرف ربط|ضمیر پرسشی|اسم|اسم	
24	مردم	مردم|مرد|مرد|مرد	مردم	مردم|مرد + م|مرد + م|مرد + م	N1|N1+O|N1+V|V+O	اسم|اسم + ضمیر ملکی اول شخص مفرد|اسم + فعل اول شخص مفرد|فعل ماضی ساده+اول شخص مفرد	
25	گله‌مند	گله‌مند|گله|گله|گله|گل|گل|گل	گله‌مند	گله‌مند|گله + مند|گله + مند|گله + مند|گل + ه + مند|گل + ه + مند|گل + ه + مند	A0|N1+O|N1+O|N1+O|N1+O+O|N1+O+O|N1+O+O	صفت|اسم + مند|اسم + مند|اسم + مند|اسم + ه + مند|اسم + ه + مند|اسم + ه + مند	
26	بوده	بود|بود|بود|ود	بوده	بود + ه|بود + ه|بود + ه|ب + ود + ه	O+O|N1+O|V3+O|O+N1+O	ریشه ماضی + ه|اسم + ه|فعل اسنادی + ه|ب + اسم + ه	


0	مسجد	مسجد	مسجد	مسجد	N1	اسم	
1	‌جمکران	جمکران	‌جمکران	جمکران	N2	اسم خاص مکان	
2	،	،	،	،	Si	علامت	
3	مسجدی	مسجدی|مسجد	مسجد	مسجدی|مسجد + ی	A0|N1+O	صفت|اسم + ی	
4	منسوب	منسوب	منسوب	منسوب	N1	اسم	
5	به	به|به	به	به|به	Pr|N1	حرف اضافه|اسم	
6	امام‌زمان	امام‌زمان	امام‌زمان	امام‌زمان	N1+O	اسم+واجی ریشه: 'emAmzamAn	
7	،	،	،	،	Si	علامت	
8	دوازدهمین	دوازدهم	دوازدهمین	دوازدهم + ین	N1+O	اسم + ین	
9	امام	امام|امام	امام	امام|امام	N1|Sp	اسم|شاخص	
10	شیعیان	شیعی|شیع	شیعیان	شیعی + ان|شیع + ی + ان	A0+O|N1+O+O	صفت + ان|اسم + ی + ان	
11	،	،	،	،	Si	علامت	
12	در	در|در|در|در|در	در	در|در|در|در|در	Pr|V|N1|N1|VPr	حرف اضافه|فعل امر مثبت|اسم|اسم|پیشوند فعل	
13	حاشیه	حاشیه	حاشیه	حاشیه	N1	اسم	
14	شهر	شهر	شهر	شهر	N1	اسم	
15	قم	قم	قم	قم	N2	اسم خاص مکان	
16	که	که|که|که|که	که	که|که|که|که	C0|NA|N1|N1	حرف ربط|ضمیر پرسشی|اسم|اسم	
17	گفته	گفته|گفته|گفت|گفت	گفته	گفته|گفته|گفت + ه|گفت + ه	A0|N9|O+O|N1+O	صفت|اسم موجود در ساختمان حرف اضافه و حرف ربط گروهی|ریشه ماضی + ه|اسم + ه	
18	شده	شد	شده	شد + ه	V3+O	فعل اسنادی + ه	
19	در	در|در|در|در|در	در	در|در|در|در|در	Pr|V|N1|N1|VPr	حرف اضافه|فعل امر مثبت|اسم|اسم|پیشوند فعل	
20	قرن	قرن	قرن	قرن	N1	اسم	
21	چهارم	چهار|چهار	چهارم	چهار + م|چهار + م	O+O|O+V	عدد حرفی + ضمیر ملکی اول شخص مفرد|عدد حرفی + فعل اول شخص مفرد	
22	قمری	قمری|قمری|قمر	قمر	قمری|قمری|قمر + ی	A0|N1|N1+O	صفت|اسم|اسم + ی	
23	به	به|به	به	به|به	Pr|N1	حرف اضافه|اسم	
23	دستور	دستور|دست	دستور	دستور|دست + ور	N1|N1+O	اسم|اسم + ور	
24	وی	وی|وی	وی	وی|وی	N5|Ab	ضمیر فاعلی|اختصارات	
25	ساخته	ساخته|ساخت|ساخت	ساخته	ساخته|ساخت + ه|ساخت + ه	A0|O+O|N1+O	صفت|ریشه ماضی + ه|اسم + ه	
26	شده	شد	شده	شد + ه	V3+O	فعل اسنادی + ه	
27	است	است|اس		است|اس + ت	V+O|N1+O	فعل مضارع ساده+سوم شخص مفرد|اسم + ضمیر ملکی دوم شخص مفرد	

0	تفاوت	تفاوت	تفاوت	تفاوت	N1	اسم	
1	هواکش	هواکش|هوا	هواکش	هواکش|هوا + ک + ش	N1|N1+O+O	اسم|اسم + ک + ضمیر ملکی سوم شخص مفرد	
2	و	و|و|و	و	و|و|و	C0|Al|Ab	حرف ربط|حروف الفبا|اختصارات	
3	دمنده	دمنده|دم|دم|دم	دمنده	دمنده|دم + نده|دم + نده|دم + نده	A0|V1+O|N1+O|N1+O	صفت|بن مضارع + نده|اسم + نده|اسم + نده	
4	در	در|در|در|در|در	در	در|در|در|در|در	Pr|V|N1|N1|VPr	حرف اضافه|فعل امر مثبت|اسم|اسم|پیشوند فعل	
5	چیست	چیست	چیست	چیست	V	فعل امر مثبت	
6	؟	؟	؟	؟	Si	علامت	

0	ندیدند	دید	دید	ن + دید + ند	V+O	فعل ماضی ساده منفی+سوم شخص جمع	
1	چیزی	چیزی|چیز	چیز	چیزی|چیز + ی	Ad|N1+O	قید|اسم + ی	
2	جز	جز	جز	جز	Pr	حرف اضافه	
3	از	از	از	از	Pr	حرف اضافه	
4	بید	بید	بید	بید	N1	اسم	
5	و	و|و|و	و	و|و|و	C0|Al|Ab	حرف ربط|حروف الفبا|اختصارات	
6	سرو	سرو|سرو|سرو	سرو	سرو|سرو|سرو	N1|N1|N1	اسم|اسم|اسم	

0	خرامان	خرامان|خر|خر|خر	خرامان	خرامان|خر + ا + مان|خر + ا + مان|خر + ا + مان	Ad|O+O+O|N1+O+O|N1+O+O	قید|ریشه مضارع + ا + ضمیر ملکی اول شخص جمع|اسم + ا + ضمیر ملکی اول شخص جمع|اسم + ا + ضمیر ملکی اول شخص جمع	
1	بزیر	زیر	بزیر	ب + زیر	O+A0	ب + صفت	
2	گل	گل|گل|گل	گل	گل|گل|گل	N1|N1|N1	اسم|اسم|اسم	
3	اندر	اندر	اندر	اندر	Pr	حرف اضافه	
4	تذرو	تذرو	تذرو	تذرو	N1	اسم	

0	اعضا	اعضا	اعضا	اعضا	N1	اسم	
1	مرحوم	مرحوم	مرحوم	مرحوم	A0	صفت	
2	کافی	کافی|کاف	کافی	کافی|کاف + ی	A0|N1+O	صفت|اسم + ی	
3	،	،	،	،	Si	علامت	
4	۴	۴	۴	۴	Nu	عدد رقمی	
5	بیمار	بیمار|مار	بیمار	بیمار|بی + مار	A0|O+N1	صفت|بی + اسم	
6	را	را	را	را	Po	حرف اضافه پسین	
7	‌کفایت	کفایت	‌کفایت	کفایت	N1	اسم	
8	کرد	کرد|کرد	کرد	کرد|کرد	V+O|N1	فعل ماضی ساده+سوم شخص مفرد|اسم	

0	براکت	راکت|راک|برا|بر|بر	براکت	ب + راکت|ب + راک + ت|برا + ک + ت|بر + ا + ک + ت|بر + ا + ک + ت	O+N1|O+N1+O|A0+O+O|O+O+O+O|N1+O+O+O	ب + اسم|ب + اسم + ضمیر ملکی دوم شخص مفرد|صفت + ک + ضمیر ملکی دوم شخص مفرد|ریشه مضارع + ا + ک + ضمیر ملکی دوم شخص مفرد|اسم + ا + ک + ضمیر ملکی دوم شخص مفرد	
1	ممکن	ممکن	ممکن	ممکن	A0	صفت	
2	است	است|اس		است|اس + ت	V+O|N1+O	فعل مضارع ساده+سوم شخص مفرد|اسم + ضمیر ملکی دوم شخص مفرد	
3	به	به|به	به	به|به	Pr|N1	حرف اضافه|اسم	
4	موارد	مورد|مورد	موارد	مورد|مورد	O|O	اسم مفرد جمع مکسر|اسم مفرد جمع مکسر	
5	زیر	زیر	زیر	زیر	A0	صفت	
6	اشاره	اشاره	اشاره	اشاره	N1	اسم	
7	داشته باشد	داشت	داشته باشد	داشت + ه + باش + د	V+O	فعل ماضی التزامی+سوم شخص مفرد	

0	یکی	یکی|یک	یک	یکی|یک + ی	A2|O+O	صفت مبهم|عدد حرفی + ی	
1	از	از	از	از	Pr	حرف اضافه	
2	ابتدایی‌ترین	ابتدایی|ابتدا	ابتدایی	ابتدایی + ترین|ابتدا + یی + ترین	A0+O|N1+O+O	صفت + علامت صفت تفضیلی|اسم + یی + علامت صفت تفضیلی	
3	راه‌های	راه	راه	راه + ها + ی	N1+Pl+O	اسم + علامت جمع + ی	
4	تبلیغ	تبلیغ	تبلیغ	تبلیغ	N1	اسم	
5	برای	برای|برا|بر	برای	برای|برا + ی|بر + ا + ی	Pr|A0+O|O+O+O	حرف اضافه|صفت + ی|ریشه مضارع + ا + ی	
6	شرکت	شرکت|شرک|شر|شر	شرکت	شرکت|شرک + ت|شر + ک + ت|شر + ک + ت	N1|N1+O|A0+O+O|N1+O+O	اسم|اسم + ضمیر ملکی دوم شخص مفرد|صفت + ک + ضمیر ملکی دوم شخص مفرد|اسم + ک + ضمیر ملکی دوم شخص مفرد	
7	،	،	،	،	Si	علامت	
8	مؤسسه	مؤسسه|مؤسس	مؤسسه	مؤسسه|مؤسس + ه	N1|N1+O	اسم|اسم + ه	
9	یا	یا|یا	یا	یا|یا	C0|Intj	حرف ربط|صوت	
10	مجموعه	مجموعه|مجموع	مجموعه	مجموعه|مجموع + ه	N1|A0+O	اسم|صفت + ه	
11	شما	شما|شما	شما	شما|شما	N5|N1	ضمیر فاعلی|اسم	
12	پخش	پخش|پخش|پخ	پخش	پخش|پخش|پخ + ش	N1|A0|N1+O	اسم|صفت|اسم + ضمیر ملکی سوم شخص مفرد	
13	تراکت	تراکت|تراک	تراکت	تراکت|تراک + ت	N1|N1+O	اسم|اسم + ضمیر ملکی دوم شخص مفرد	
14	است	است|اس		است|اس + ت	V+O|N1+O	فعل مضارع ساده+سوم شخص مفرد|اسم + ضمیر ملکی دوم شخص مفرد	

0	ستاره	ستاره	ستاره	ستاره	N1	اسم	
1	بزرگ	بزرگ	بزرگ	بزرگ	A0	صفت	
2	ایران	ایران	ایران	ایران	N2	اسم خاص مکان	
3	بر	بر|بر|بر|بر	بر	بر|بر|بر|بر	Pr|V|VPr|N1	حرف اضافه|فعل امر مثبت|پیشوند فعل|اسم	
4	سر	سر|سر|سر|سر	سر	سر|سر|سر|سر	V|N1|N1|N9	فعل امر مثبت|اسم|اسم|اسم موجود در ساختمان حرف اضافه و حرف ربط گروهی	
5	دار	دار|دار|دار	دار	دار|دار|دار	V|N1|V5	فعل امر مثبت|اسم|فعل کمکی	
6	‌مکافات	مکافات	‌مکافات	مکافات	N1	اسم	
7	!	!	!	!	Si	علامت	

0	اهمیت	اهمیت|اهم	اهمیت	اهمیت|اهم + یت	N1|A0+O	اسم|صفت + یت	
1	عقل	عقل	عقل	عقل	N1	اسم	
2	معاش	معاش	معاش	معاش	N1	اسم	
3	در	در|در|در|در|در	در	در|در|در|در|در	Pr|V|N1|N1|VPr	حرف اضافه|فعل امر مثبت|اسم|اسم|پیشوند فعل	
4	کنار	کنار|کنار	کنار	کنار|کنار	N1|N1	اسم|اسم	
5	عقل	عقل	عقل	عقل	N1	اسم	
6	معاد	معاد	معاد	معاد	N1	اسم	
7	از	از	از	از	Pr	حرف اضافه	
8	منظر	منظر	منظر	منظر	N1	اسم	
9	حضرت	حضرت|حضر	حضرت	حضرت|حضر + ت	N1|N1+O	اسم|اسم + ضمیر ملکی دوم شخص مفرد	
10	علی	علی|علی	علی	علی|علی	N3|A0	اسم خاص اشخاص|صفت	
11	علیه‌السلام	علیه‌السلام	علیه‌السلام	علیه‌السلام	Exp	عبارت	

0	رفاقت	رفاقت	رفاقت	رفاقت	N1	اسم	
1	مرد	مرد|مرد	مرد	مرد|مرد	N1|V+O	اسم|فعل ماضی ساده+سوم شخص مفرد	
2	می‌خواهد	خواه|خواه	خواست	می + خواه + د|می + خواه + د	V+O|O+V5+O	فعل حال اخباری+سوم شخص مفرد|می + فعل کمکی + د	
3	-	-	-	-	Exp	عبارت	
4	روزگار	روزگار|روز	روزگار	روزگار|روز + گار	N1|N1+O	اسم|اسم + گار	
5	با	با	با	با	Pr	حرف اضافه	
6	ما	ما	ما	ما	N5	ضمیر فاعلی	
7	نساختی	ساخت	ساخت	ن + ساخت + ی	V+O	فعل ماضی ساده منفی+دوم شخص مفرد	
8	نگذشت	گذشت	گذشت	ن + گذشت	V+O	فعل ماضی ساده منفی+سوم شخص مفرد	
9	.	.	.	.	Si	علامت	

0	سرایت	سرایت|سرا|سرا|سر|سر|سر	سرایت	سرایت|سرا + ی + ت|سرا + ی + ت|سر + ا + ی + ت|سر + ا + ی + ت|سر + ا + ی + ت	N1|V+O|N1+O|O+O+O+O|N1+O+O+O|N1+O+O+O	اسم|فعل مضارع ساده+سوم شخص مفرد|اسم + ضمیر ملکی دوم شخص مفرد|ریشه مضارع + ا + ی + ضمیر ملکی دوم شخص مفرد|اسم + ا + ی + ضمیر ملکی دوم شخص مفرد|اسم + ا + ی + ضمیر ملکی دوم شخص مفرد	
جنایت	جنایت	جنایت	جنایت	جنایت	N1	اسم	
1	در	در|در|در|در|در	در	در|در|در|در|در	Pr|V|N1|N1|VPr	حرف اضافه|فعل امر مثبت|اسم|اسم|پیشوند فعل	
2	اصطلاح	اصطلاح	اصطلاح	اصطلاح	N1	اسم	
3	یعنی	یعنی	یعنی	یعنی	C0	حرف ربط	
4	هر	هر	هر	هر	A1	صفت اشاره	
5	جنایتی	جنایت	جنایت	جنایت + ی	N1+O	اسم + ی	
6	که	که|که|که|که	که	که|که|که|که	C0|NA|N1|N1	حرف ربط|ضمیر پرسشی|اسم|اسم	
7	بر	بر|بر|بر|بر	بر	بر|بر|بر|بر	Pr|V|VPr|N1	حرف اضافه|فعل امر مثبت|پیشوند فعل|اسم	
8	تمامیت	تمامیت|تمامی|تمام	تمامیت	تمامیت|تمامی + ت|تمام + ی + ت	N1|A0+O|A0+O+O	اسم|صفت + ضمیر ملکی دوم شخص مفرد|صفت + ی + ضمیر ملکی دوم شخص مفرد	
9	جسمانی	جسمانی	جسمانی	جسمانی	A0	صفت	
10	افراد	فرد	افراد	فرد	O	اسم مفرد جمع مکسر	
11	وارد	وارد	وارد	وارد	N1	اسم	
12	شود	شود|شو	شد	شود|شو + د	N1|V+O	اسم|فعل مضارع ساده+سوم شخص مفرد	

0	این	این|این	این	این|این	A1|N6	صفت اشاره|ضمیر اشاره	
1	نوشتار	نوشتار|نوشت	نوشتار	نوشتار|نوشت + ار	N1|O+O	اسم|ریشه ماضی + ار	
2	ترانه‌ها	ترانه|تر	ترانه	ترانه + ها|تر + انه + ها	N1+Pl|A0+O+Pl	اسم + علامت جمع|صفت + انه + علامت جمع	
3	و	و|و|و	و	و|و|و	C0|Al|Ab	حرف ربط|حروف الفبا|اختصارات	
4	آلبوم‌های	آلبوم	آلبوم‌های	آلبوم	O	_
5	مرجان	مرجان	مرجان	مرجان	N3	اسم خاص اشخاص	
6	را	را	را	را	Po	حرف اضافه پسین	
7	فهرست	فهرست|فهر	فهرست	فهرست|فهر + ست	N1|N1+O	اسم|اسم + ضمیر ملکی سوم شخص مفرد	
8	می‌کند	کن|کن|می|می	کرد	می + کن + د|می + کن + د|می + ک + ند|می + ک + ند	V+O|V+O|N1+O+V|N1+O+V	فعل حال اخباری+سوم شخص مفرد|فعل حال اخباری+سوم شخص مفرد|اسم + ک + فعل سوم شخص جمع|اسم + ک + فعل سوم شخص جمع	

0	در	در|در|در|در|در	در	در|در|در|در|در	Pr|V|N1|N1|VPr	حرف اضافه|فعل امر مثبت|اسم|اسم|پیشوند فعل	
1	برنامه	برنامه	برنامه	برنامه	N1	اسم	
2	امشب	امشب	امشب	امشب	Ad	قید	
3	قاب	قاب	قاب	قاب	N1	اسم	
4	نقد	نقد	نقد	نقد	A0	صفت	
5	مجموعه	مجموعه|مجموع	مجموعه	مجموعه|مجموع + ه	N1|A0+O	اسم|صفت + ه	
6	تلویزیونی	تلویزیونی|تلویزیون	تلویزیون	تلویزیونی|تلویزیون + ی	A0|N1+O	صفت|اسم + ی	
7	سایه‌بان	سایه‌بان|سایه	سایه‌بان	سایه‌بان|سایه + بان	N1|N1+O	اسم|اسم + بان	
8	به	به|به	به	به|به	Pr|N1	حرف اضافه|اسم	
9	کارگردانی	کارگردانی|کارگردان|کارگر|کار	کارگردان	کارگردانی|کارگردان + ی|کارگر + دان + ی|کار + گر + دان + ی	N1|N1+O|N1+O+O|N1+O+O+O	اسم|اسم + ی|اسم + دان + ی|اسم + گر + دان + ی	
10	جمشید	جمشید	جمشید	جمشید	N3	اسم خاص اشخاص	
11	محمودی	محمودی|محمود	محمود	محمودی|محمود + ی	N4|N3+O	اسم فامیل|اسم خاص اشخاص + ی	
12	که	که|که|که|که	که	که|که|که|که	C0|NA|N1|N1	حرف ربط|ضمیر پرسشی|اسم|اسم	
13	به	به|به	به	به|به	Pr|N1	حرف اضافه|اسم	
14	تازگی	تازگی|تازه|تاز	تازگی	تازگی|تازه + گی|تاز + ه + گی	Ad|A0+O|V1+O+O	قید|صفت + گی|بن مضارع + ه + گی	
15	پخش	پخش|پخش|پخ	پخش	پخش|پخش|پخ + ش	N1|A0|N1+O	اسم|صفت|اسم + ضمیر ملکی سوم شخص مفرد	
16	آن	ان	آن	ان	Ab	اختصارات	
17	از	از	از	از	Pr	حرف اضافه	
18	شبکه	شبکه|شب	شبکه	شبکه|شب + ک + ه	N1|N1+O+O	اسم|اسم + ک + ه	
19	دو	دو|دو|دو	دو	دو|دو|دو	O|V|N1	عدد حرفی|فعل امر مثبت|اسم	
20	سیما	سیما	سیما	سیما	N3	اسم خاص اشخاص	
21	به	به|به	به	به|به	Pr|N1	حرف اضافه|اسم	
22	پایان	پایان|پای|پا|پا	پایان	پایان|پای + ان|پا + ی + ان|پا + ی + ان	N1|N1+O|V1+O|N1+O	اسم|اسم + ان|بن مضارع + ان|اسم + ان	
23	رسیده‌است	رسید	رسیده‌است	رسید + ه + است	V+O	فعل ماضی نقلی+سوم شخص مفرد	
24	،	،	،	،	Si	علامت	
25	بررسی	بررسی|بررس	بررسی	بررسی|بررس + ی	N1|N1+O	اسم|اسم + ی	
26	می‌شود	شو	شد	می + شو + د	V+O	فعل حال اخباری+سوم شخص مفرد	

0	در	در|در|در|در|در	در	در|در|در|در|در	Pr|V|N1|N1|VPr	حرف اضافه|فعل امر مثبت|اسم|اسم|پیشوند فعل	
1	زیر	زیر	زیر	زیر	A0	صفت	
2	فهرست	فهرست|فهر	فهرست	فهرست|فهر + ست	N1|N1+O	اسم|اسم + ضمیر ملکی سوم شخص مفرد	
3	کارگردانان	کارگردان|کارگر	کارگردان	کارگردان + ان|کارگر + دان + ان	N1+O|N1+O+O	اسم + ان|اسم + دان + ان	
4	ایرانی‌تبار	ایرانی‌تبار	ایرانی‌تبار	ایرانی‌تبار	A0	صفت	
5	سینما	سینما	سینما	سینما	N1	اسم	
6	،	،	،	،	Si	علامت	
7	تلویزیون	تلویزیون	تلویزیون	تلویزیون	N1	اسم	
8	و	و|و|و	و	و|و|و	C0|Al|Ab	حرف ربط|حروف الفبا|اختصارات	
9	تیاتر	تیاتر	تیاتر	تیاتر	N1	اسم	
10	ایران	ایران	ایران	ایران	N2	اسم خاص مکان	
11	(و	(و	(و	(و	Si	علامت	
12	جهان)	جهان)	جهان)	جهان)	Si	علامت	
13	به	به|به	به	به|به	Pr|N1	حرف اضافه|اسم	
14	ترتیب	ترتیب	ترتیب	ترتیب	N1	اسم	
15	نام	نام|نام	نام	نام|نام	N1|V	اسم|فعل امر مثبت	
16	خانوادگی	خانوادگی|خانواده	خانوادگی	خانوادگی|خانواده + گی	A0|N1+O	صفت|اسم + گی	
17	و	و|و|و	و	و|و|و	C0|Al|Ab	حرف ربط|حروف الفبا|اختصارات	
18	اطلاعاتی	اطلاعاتی|اطلاعات|اطلاع	اطلاعات	اطلاعاتی|اطلاعات + ی|اطلاع + ات + ی	A0|N1+O|N1+Pl+O	صفت|اسم + ی|اسم + علامت جمع + ی	
19	از	از	از	از	Pr	حرف اضافه	
20	آنها	آن‌ها|آن‌ها|آنها|آنها	آن	آن‌ها|آن‌ها|آنها|آنها	N5|N6|N5|N6	ضمیر فاعلی|ضمیر اشاره|ضمیر فاعلی|ضمیر اشاره	
21	آمده‌است	امد	آمده‌است	امد + ها + ست	N1+Pl+O	اسم + علامت جمع + ضمیر ملکی سوم شخص مفرد	
22	.	.	.	.	Si	علامت	

0	قسطنطنیه	قسطنطنیه	قسطنطنیه	قسطنطنیه	N2	اسم خاص مکان	
1	عربی	عربی|عرب	عرب	عربی|عرب + ی	A0|N1+O	صفت|اسم + ی	
2	شده	شد	شده	شد + ه	V3+O	فعل اسنادی + ه	
3	کنستانتینوپول	کنستانتینوپول	کنستانتینوپول	کنستانتینوپول	O	_
4	(شهر	(شهر	(شهر	(شهر	Si	علامت	
5	کنستانتین)	کنستانتین)	کنستانتین)	کنستانتین)	Si	علامت	
6	،	،	،	،	Si	علامت	
7	نام	نام|نام	نام	نام|نام	N1|V	اسم|فعل امر مثبت	
8	پیشین	پیشین|پیش|ین	پیشین	پیشین|پیش + ین|پیش + ین	A0|A0+O|O+N1	صفت|صفت + ین|پیش + اسم	
9	استانبول	استانبول	استانبول	استانبول	N2	اسم خاص مکان	
10	که	که|که|که|که	که	که|که|که|که	C0|NA|N1|N1	حرف ربط|ضمیر پرسشی|اسم|اسم	
11	به	به|به	به	به|به	Pr|N1	حرف اضافه|اسم	
12	افتخار	افتخار	افتخار	افتخار	N1	اسم	
13	قیصر	قیصر	قیصر	قیصر	N3	اسم خاص اشخاص	
14	روم	روم	روم	روم	N2	اسم خاص مکان	
15	کنستانتین	کنستانتین	کنستانتین	کنستانتین	N3	اسم خاص اشخاص	
16	یکم	یک|یک	یکم	یک + م|یک + م	O+O|O+V	عدد حرفی + ضمیر ملکی اول شخص مفرد|عدد حرفی + فعل اول شخص مفرد	
17	بدین	بدین|دین|دین|بد	بدین	بدین|ب + دین|ب + دین|بد + ین	Pr|O+N1|O+N1|A0+O	حرف اضافه|ب + اسم|ب + اسم|صفت + ین	
18	نام	نام|نام	نام	نام|نام	N1|V	اسم|فعل امر مثبت	
19	نامیده شد	نامید	نامیده شد	نامید + ه + شد	V+O	فعل مجهول ماضی مطلق+سوم شخص مفرد	

0	همه‌ی	همه	همه	همه + ی	N1+O	اسم + ی	
1	ما	ما	ما	ما	N5	ضمیر فاعلی	
2	دوست	دوست|دو	دوست	دوست|دو + ست	N1|N1+O	اسم|اسم + ضمیر ملکی سوم شخص مفرد	
3	داریم	دار|دار|دار	داشت	دار + یم|دار + ی + م|دار + یم	V+O|V+O|N1+V	فعل مضارع ساده+اول شخص جمع|فعل مضارع ساده+دوم شخص مفرد|اسم + فعل اول شخص جمع	
4	که	که|که|که|که	که	که|که|که|که	C0|NA|N1|N1	حرف ربط|ضمیر پرسشی|اسم|اسم	
5	برنده	برنده|برنده|رنده|برند|رند|رند|رند|بر	برنده	برنده|برنده|ب + رنده|برند + ه|ب + رند + ه|ب + رند + ه|ب + رند + ه|بر + نده	A0|A0|O+N1|N1+O|O+V1+O|O+A0+O|O+N1+O|V1+O	صفت|صفت|ب + اسم|اسم + ه|ب + بن مضارع + ه|ب + صفت + ه|ب + اسم + ه|بن مضارع + نده	
6	باشیم	باش|باش	بود	باش + یم|باش + ی + م	V+O|V+O	فعل مضارع ساده+اول شخص جمع|فعل مضارع ساده+دوم شخص مفرد	
7	و	و|و|و	و	و|و|و	C0|Al|Ab	حرف ربط|حروف الفبا|اختصارات	
8	نه‌باز	نه|نه	نه‌باز	نه + باز|نه + باز	V1+O|N1+O	بن مضارع + باز|اسم + باز	
9	نه	نه|نه|نه	نه	نه|نه|نه	O|V|N1	عدد حرفی|فعل امر مثبت|اسم	
10	بازنده	بازنده|باز|باز	بازنده	بازنده|باز + نده|باز + نده	A0|V1+O|N1+O	صفت|بن مضارع + نده|اسم + نده	

0	فروشنده	فروشنده|فروش|فروش|فرو|فرو	فروشنده	فروشنده|فروش + نده|فروش + نده|فرو + ش + نده|فرو + ش + نده	N1|V1+O|N1+O|V1+O+O|A0+O+O	اسم|بن مضارع + نده|اسم + نده|بن مضارع + ش + نده|صفت + ضمیر ملکی سوم شخص مفرد + نده	
1	روایتگر	روایت|روا|رو|رو	روایتگر	روایت + گر|روا + ی + ت + گر|رو + ا + ی + ت + گر|رو + ا + ی + ت + گر	N1+O|A0+O+O|N1+O+O+O+O|O+O+O+O+O	اسم + گر|صفت + ضمیر ملکی دوم شخص مفرد + گر|اسم + ا + ی + ضمیر ملکی دوم شخص مفرد + گر|ریشه مضارع + ا + ی + ضمیر ملکی دوم شخص مفرد + گر	
2	داستان	داستان|داس	داستان	داستان|داس + تان	N1|N1+O	اسم|اسم + ضمیر ملکی دوم شخص جمع	
3	زوج	زوج	زوج	زوج	A0	صفت	
4	جوانی	جوانی|جوان	جوان	جوانی|جوان + ی	N1|A0+O	اسم|صفت + ی	
5	است	است|اس		است|اس + ت	V+O|N1+O	فعل مضارع ساده+سوم شخص مفرد|اسم + ضمیر ملکی دوم شخص مفرد	
6	که	که|که|که|که	که	که|که|که|که	C0|NA|N1|N1	حرف ربط|ضمیر پرسشی|اسم|اسم	
7	در	در|در|در|در|در	در	در|در|در|در|در	Pr|V|N1|N1|VPr	حرف اضافه|فعل امر مثبت|اسم|اسم|پیشوند فعل	
8	حال	حال	حال	حال	N1	اسم	
9	اجرای	اجرا	اجرا	اجرا + ی	N1+O	اسم + ی	
10	نمایشنامه	نمایشنامه	نمایشنامه	نمایشنامه	N1	اسم	
11	مرگ	مرگ	مرگ	مرگ	N1	اسم	
12	فروشنده	فروشنده|فروش|فروش|فرو|فرو	فروشنده	فروشنده|فروش + نده|فروش + نده|فرو + ش + نده|فرو + ش + نده	N1|V1+O|N1+O|V1+O+O|A0+O+O	اسم|بن مضارع + نده|اسم + نده|بن مضارع + ش + نده|صفت + ضمیر ملکی سوم شخص مفرد + نده	
13	آرتور	آرتور|آر	آرتور	آرتور|آر + ت + ور	N3|N1+O+O	اسم خاص اشخاص|اسم + ضمیر ملکی دوم شخص مفرد + ور	
14	میلر	میلر	میلر	میلر	N3	اسم خاص اشخاص	
15	هستند	هست|هست		هست + ند|هست + ند	V+O|N1+V	فعل مضارع ساده+سوم شخص جمع|اسم + فعل سوم شخص جمع	

0	در	در|در|در|در|در	در	در|در|در|در|در	Pr|V|N1|N1|VPr	حرف اضافه|فعل امر مثبت|اسم|اسم|پیشوند فعل	
1	زبان	زبان	زبان	زبان	N1	اسم	
2	فارسی	فارسی|فارس	فارس	فارسی|فارس + ی	A0|N1+O	صفت|اسم + ی	
3	این	این|این	این	این|این	A1|N6	صفت اشاره|ضمیر اشاره	
4	ایل	ایل	ایل	ایل	N1	اسم	
5	را	را	را	را	Po	حرف اضافه پسین	
6	به	به|به	به	به|به	Pr|N1	حرف اضافه|اسم	
7	اسم	اسم|اس|اس	اسم	اسم|اس + م|اس + م	N1|N1+O|N1+V	اسم|اسم + ضمیر ملکی اول شخص مفرد|اسم + فعل اول شخص مفرد	
8	ترکاشوند	ترکاشوند	ترکاشوند	ترکاشوند	O	_
9	می شناسند	شناس	شناخت	می + شناس + ند	V+O	فعل حال اخباری+سوم شخص جمع	

0	اگر	اگر	اگر	اگر	C0	حرف ربط	
1	می‌خواهید	خواه|خواه	خواست	می + خواه + ید|می + خواه + ید	V+O|O+V5+V	فعل حال اخباری+دوم شخص جمع|می + فعل کمکی + فعل دوم شخص جمع	
2	در	در|در|در|در|در	در	در|در|در|در|در	Pr|V|N1|N1|VPr	حرف اضافه|فعل امر مثبت|اسم|اسم|پیشوند فعل	
3	منطقه	منطقه|منطق	منطقه	منطقه|منطق + ه	N1|N1+O	اسم|اسم + ه	
3	چمستان	چم|چم	چمستان	چم + ستان|چم + ستان	V1+O|N1+O	بن مضارع + ستان|اسم + ستان	
3	ویلا	ویلا	ویلا	ویلا	N1	اسم	
4	بخرید	خرید|خرید|بخر|خر|خر|خر	خرید	ب + خرید|ب + خرید|بخر + ید|ب + خر + ید|ب + خر + ید|ب + خر + ید	V+O|O+N1|N1+V|V+O|O+N1+V|O+N1+V	فعل ماضی التزامی+سوم شخص مفرد|ب + اسم|اسم + فعل دوم شخص جمع|فعل حال التزامی+دوم شخص جمع|ب + اسم + فعل دوم شخص جمع|ب + اسم + فعل دوم شخص جمع	
5	یا	یا|یا	یا	یا|یا	C0|Intj	حرف ربط|صوت	
6	ساخت‌وساز	ساخت‌وساز	ساخت‌وساز	ساخت‌وساز	N1	اسم	
7	کنید	کن|کن	کرد	کن + ید|کن + ید	V+O|V+O	فعل مضارع ساده+دوم شخص جمع|فعل مضارع ساده+دوم شخص جمع	
8	،	،	،	،	Si	علامت	
9	به	به|به	به	به|به	Pr|N1	حرف اضافه|اسم	
10	نتیجه‌گیری	نتیجه‌گیری	نتیجه‌گیری	نتیجه‌گیری	N1	اسم	
11	ما	ما	ما	ما	N5	ضمیر فاعلی	
12	توجه	توجه	توجه	توجه	N1	اسم	
13	کنید	کن|کن	کرد	کن + ید|کن + ید	V+O|V+O	فعل مضارع ساده+دوم شخص جمع|فعل مضارع ساده+دوم شخص جمع	

0	تمام	تمام|تمام	تمام	تمام|تمام	A0|N9	صفت|اسم موجود در ساختمان حرف اضافه و حرف ربط گروهی	
1	آهنگ‌های	آهنگ	آهنگ	آهنگ	O	_
2	سیروان	سیروان	سیروان	سیروان	O	_
3	خسروی	خسروی|خسرو	خسروی	خسروی|خسرو + ی	N4|N3+O	اسم فامیل|اسم خاص اشخاص + ی	
4	بهمراه	همراه	بهمراه	ب + همراه	O+A0	ب + صفت	
5	آلبوم‌ها	آلبوم	آلبوم‌ها	آلبوم	O	_
6	و	و|و|و	و	و|و|و	C0|Al|Ab	حرف ربط|حروف الفبا|اختصارات	
7	فول	فول	فول	فول	N1	اسم	
9	آلبوم	آلبوم	آلبوم	آلبوم	N1	اسم	
10	آهنگ‌های	آهنگ	آهنگ	آهنگ	O	_
11	سیروان	سیروان	سیروان	سیروان	O	_
12	خسروی	خسروی|خسرو	خسروی	خسروی|خسرو + ی	N4|N3+O	اسم فامیل|اسم خاص اشخاص + ی	
13	و	و|و|و	و	و|و|و	C0|Al|Ab	حرف ربط|حروف الفبا|اختصارات	
14	متن	متن	متن	متن	N1	اسم	
15	ترانه‌ها	ترانه|تر	ترانه	ترانه + ها|تر + انه + ها	N1+Pl|A0+O+Pl	اسم + علامت جمع|صفت + انه + علامت جمع	
16	و	و|و|و	و	و|و|و	C0|Al|Ab	حرف ربط|حروف الفبا|اختصارات	
17	موزیک‌ها	موزیک|موزی	موزیک‌ها	موزیک + ها|موزی + ک + ها	N1+Pl|A0+O+Pl	اسم + علامت جمع|صفت + ک + علامت جمع	
18	در	در|در|در|در|در	در	در|در|در|در|در	Pr|V|N1|N1|VPr	حرف اضافه|فعل امر مثبت|اسم|اسم|پیشوند فعل	
19	ادامه	ادامه	ادامه	ادامه	N1	اسم	
20	قرار	قرار|قرار	قرار	قرار|قرار	N1|N9	اسم|اسم موجود در ساختمان حرف اضافه و حرف ربط گروهی	
21	دارد	دار|دار	داشت	دار + د|دار + د	V+O|V5+O	فعل مضارع ساده+سوم شخص مفرد|فعل کمکی + د	

0	شرکت	شرکت|شرک|شر|شر	شرکت	شرکت|شرک + ت|شر + ک + ت|شر + ک + ت	N1|N1+O|A0+O+O|N1+O+O	اسم|اسم + ضمیر ملکی دوم شخص مفرد|صفت + ک + ضمیر ملکی دوم شخص مفرد|اسم + ک + ضمیر ملکی دوم شخص مفرد	
1	مهاجرتی	مهاجرتی|مهاجرت	مهاجرت	مهاجرتی|مهاجرت + ی	A0|N1+O	صفت|اسم + ی	
2	کنکاش	کنکاش	کنکاش	کنکاش	N1	اسم	
3	ارایه	ارایه	ارایه	ارایه	N1	اسم	
4	دهنده	دهنده|ده|ده	دهنده	دهنده|ده + نده|ده + نده	A0|V1+O|N1+O	صفت|بن مضارع + نده|اسم + نده	
5	خدمات	خدمات|خدم	خدمات	خدمات|خدم + ات	N1|N1+Pl	اسم|اسم + علامت جمع	
6	مهاجرت	مهاجرت|مهاجر	مهاجرت	مهاجرت|مهاجر + ت	N1|N1+O	اسم|اسم + ضمیر ملکی دوم شخص مفرد	
7	به	به|به	به	به|به	Pr|N1	حرف اضافه|اسم	
8	کانادا	کانادا	کانادا	کانادا	N2	اسم خاص مکان	
9	و	و|و|و	و	و|و|و	C0|Al|Ab	حرف ربط|حروف الفبا|اختصارات	
10	اقامت	اقامت	اقامت	اقامت	N1	اسم	
11	کانادا	کانادا	کانادا	کانادا	N2	اسم خاص مکان	

0	جدیدترین	جدید	جدید	جدید + ترین	A0+O	صفت + علامت صفت تفضیلی	
1	دست‌پخت	دست‌پخت	دست‌پخت	دست‌پخت	N1	اسم	
2	خودروسازی	خودروسازی|خودروساز	خودروسازی	خودروسازی|خودروساز + ی	N1|N1+O	اسم|اسم + ی	
3	ایران	ایران	ایران	ایران	N2	اسم خاص مکان	
4	برای	برای|برا|بر	برای	برای|برا + ی|بر + ا + ی	Pr|A0+O|O+O+O	حرف اضافه|صفت + ی|ریشه مضارع + ا + ی	
5	صنعت	صنعت|صنع	صنعت	صنعت|صنع + ت	N1|N1+O	اسم|اسم + ضمیر ملکی دوم شخص مفرد	
6	و	و|و|و	و	و|و|و	C0|Al|Ab	حرف ربط|حروف الفبا|اختصارات	
7	مردم	مردم|مرد|مرد|مرد	مردم	مردم|مرد + م|مرد + م|مرد + م	N1|N1+O|N1+V|V+O	اسم|اسم + ضمیر ملکی اول شخص مفرد|اسم + فعل اول شخص مفرد|فعل ماضی ساده+اول شخص مفرد	
8	کشور	کشور|کش	کشور	کشور|کش + ور	N1|V1+O	اسم|بن مضارع + ور	
9	،	،	،	،	Si	علامت	
10	یک	یک	یک	یک	O	عدد حرفی	
11	سدان	سد	سد	سد + ان	N1+O	اسم + ان	
12	کامپکت	کامپکت	کامپکت	کامپکت	O	_
13	با	با	با	با	Pr	حرف اضافه	
14	نام	نام|نام	نام	نام|نام	N1|V	اسم|فعل امر مثبت	
14	رهام	رهام	رهام	رهام	O	_
15	است	است|اس		است|اس + ت	V+O|N1+O	فعل مضارع ساده+سوم شخص مفرد|اسم + ضمیر ملکی دوم شخص مفرد	

0	شرکت	شرکت|شرک|شر|شر	شرکت	شرکت|شرک + ت|شر + ک + ت|شر + ک + ت	N1|N1+O|A0+O+O|N1+O+O	اسم|اسم + ضمیر ملکی دوم شخص مفرد|صفت + ک + ضمیر ملکی دوم شخص مفرد|اسم + ک + ضمیر ملکی دوم شخص مفرد	
1	بهنوش	بهنوش	بهنوش	بهنوش	N3	اسم خاص اشخاص	
2	ایران	ایران	ایران	ایران	N2	اسم خاص مکان	
3	اولین	اولین|اول	اولین	اولین|اول + ین	A0|A0+O	صفت|صفت + ین	
4	تولیدکننده	تولیدکننده	تولیدکننده	تولیدکننده	A0	صفت	
5	ماءالشعیر	ماءالشعیر	ماءالشعیر	ماءالشعیر	O	_
6	در	در|در|در|در|در	در	در|در|در|در|در	Pr|V|N1|N1|VPr	حرف اضافه|فعل امر مثبت|اسم|اسم|پیشوند فعل	
7	ایران	ایران	ایران	ایران	N2	اسم خاص مکان	
8	است	است|اس		است|اس + ت	V+O|N1+O	فعل مضارع ساده+سوم شخص مفرد|اسم + ضمیر ملکی دوم شخص مفرد	

0	نام	نام|نام	نام	نام|نام	N1|V	اسم|فعل امر مثبت	
1	پدر	پدر	پدر	پدر	N1	اسم	
2	ماهدخت	ماهدخت	ماهدخت	ماهدخت	N3	اسم خاص اشخاص	
3	علی	علی|علی	علی	علی|علی	N3|A0	اسم خاص اشخاص|صفت	
4	خان	خان	خان	خان	N1	اسم	
5	بود	بود|بود|بود|بو|ود	بود	بود|بود|بود|بو + د|ب + ود	V+O|N1|V+O|V+O|O+N1	فعل ماضی ساده+سوم شخص مفرد|اسم|فعل ماضی ساده+سوم شخص مفرد|فعل مضارع ساده+سوم شخص مفرد|ب + اسم	
6	.	.	.	.	Si	علامت	

0	تا	تا|تا|تا	تا	تا|تا|تا	Pr|C0|Ab	حرف اضافه|حرف ربط|اختصارات	
1	اینکه	اینکه	اینکه	اینکه	Ad	قید	
2	شبی	شبی|شب	شب	شبی|شب + ی	Ad|N1+O	قید|اسم + ی	
3	در	در|در|در|در|در	در	در|در|در|در|در	Pr|V|N1|N1|VPr	حرف اضافه|فعل امر مثبت|اسم|اسم|پیشوند فعل	
4	خانه	خانه|خان	خانه	خانه|خان + ه	N1|N1+O	اسم|اسم + ه	
5	علی	علی|علی	علی	علی|علی	N3|A0	اسم خاص اشخاص|صفت	
6	خان	خان	خان	خان	N1	اسم	
7	بودیم	بود|بود|بود|بود|بود|ود	بود	بود + یم|بود + ی + م|بود + یم|بود + یم|بود + ی + م|ب + ود + یم	V+O|V+O|N1+V|V+O|V+O|O+N1+V	فعل ماضی ساده+اول شخص جمع|فعل ماضی ساده+دوم شخص مفرد|اسم + فعل اول شخص جمع|فعل ماضی ساده+اول شخص جمع|فعل ماضی ساده+دوم شخص مفرد|ب + اسم + فعل اول شخص جمع	

0	نبی	نبی	نبی	نبی	N1	اسم	
1	الله	الله	الله	الله	N1	اسم	
2	سلیمان	سلیمان|سلیم|سل	سلیمان	سلیمان|سلیم + نا|سل + یم + نا	N3|A0+O|N1+V+O	اسم خاص اشخاص|صفت + نا|اسم + فعل اول شخص جمع + نا	
3	(ع)	(ع)	(ع)	(ع)	Si	علامت	
4	از	از	از	از	Pr	حرف اضافه	
5	پیامبران	پیامبر|پیام	پیامبر	پیامبر + ان|پیام + بر + ان	N1+O|N1+O+O	اسم + ان|اسم + بر + ان	
6	بزرگ	بزرگ	بزرگ	بزرگ	A0	صفت	
7	بنی‌اسرائیل	بنی اسرائیل	بنی‌اسرائیل	بنی اسرائیل	O	_
8	می‌باشد	باش|باش	بود	می + باش + د|می + باش + د	V+O|O+V5+O	فعل حال اخباری+سوم شخص مفرد|می + فعل کمکی + د	

0	بازار	بازار|ازار	بازار	بازار|ب + ازار	N1|O+N1	اسم|ب + اسم	
1	خودروهای	خودرو	خودرو	خودرو + ها + ی	A0+Pl+O	صفت + علامت جمع + ی	
2	وانت	وانت|وان	وانت	وانت|وان + ت	N1|N1+O	اسم|اسم + ضمیر ملکی دوم شخص مفرد	
3	چند	چند	چند	چند	NA	ضمیر پرسشی	
4	سالی	سالی|سال	سال	سالی|سال + ی	Ad|N1+O	قید|اسم + ی	
5	است	است|اس		است|اس + ت	V+O|N1+O	فعل مضارع ساده+سوم شخص مفرد|اسم + ضمیر ملکی دوم شخص مفرد	
6	که	که|که|که|که	که	که|که|که|که	C0|NA|N1|N1	حرف ربط|ضمیر پرسشی|اسم|اسم	
7	تنوع	تنوع	تنوع	تنوع	N1	اسم	
8	بیشتری	بیشتر|شتری|بیش|شتر	بیشتر	بیشتر + ی|بی + شتری|بیش + تر + ی|بی + شتر + ی	A0+O|O+N1|A0+O+O|O+N1+O	صفت + ی|بی + اسم|صفت + علامت صفت تفضیلی + ی|بی + اسم + ی	
9	به	به|به	به	به|به	Pr|N1	حرف اضافه|اسم	
10	خود	خود|خود	خود	خود|خود	O|N1	ضمیر مشترک/متقابل|اسم	
11	دیده‌است	دید	دیده‌است	دید + ه + است	V+O	فعل ماضی نقلی+سوم شخص مفرد	

0	قصد	قصد	قصد	قصد	N1	اسم	
1	ما	ما	ما	ما	N5	ضمیر فاعلی	
2	بررسی	بررسی|بررس	بررسی	بررسی|بررس + ی	N1|N1+O	اسم|اسم + ی	
2	نیابت	نیابت|یاب	نیابت	نیابت|ن + یاب + ت	N1|V+O	اسم|فعل امر منفی+دوم شخص مفرد	
2	قضایی	قضایی|قضا	قضایی	قضایی|قضا + یی	A0|N1+O	صفت|اسم + یی	
3	دادگاه‌ها	دادگاه|داد	دادگاه	دادگاه + ها|داد + گاه + ها	N1+Pl|N1+O+Pl	اسم + علامت جمع|اسم + گاه + علامت جمع	
4	است	است|اس		است|اس + ت	V+O|N1+O	فعل مضارع ساده+سوم شخص مفرد|اسم + ضمیر ملکی دوم شخص مفرد	

0	یکی	یکی|یک	یک	یکی|یک + ی	A2|O+O	صفت مبهم|عدد حرفی + ی	
1	از	از	از	از	Pr	حرف اضافه	
2	عضوهای	عضو	عضو	عضو + ها + ی	N1+Pl+O	اسم + علامت جمع + ی	
3	اوراق	ورق	اوراق	ورق	O	اسم مفرد جمع مکسر	
4	اداری	اداری	اداری	اداری	A0	صفت	
5	،	،	،	،	Si	علامت	
6	پاکت‌های	پاکت	پاکت‌های	پاکت + ها + ی	N1+Pl+O	اسم + علامت جمع + ی	
7	چاپ	چاپ|چاپ	چاپ	چاپ|چاپ	V|N1	فعل امر مثبت|اسم	
8	آقا	آقا|آقا	آقا	آقا|آقا	N1|Sp	اسم|شاخص	
9	هستند	هست|هست		هست + ند|هست + ند	V+O|N1+V	فعل مضارع ساده+سوم شخص جمع|اسم + فعل سوم شخص جمع	
10	که	که|که|که|که	که	که|که|که|که	C0|NA|N1|N1	حرف ربط|ضمیر پرسشی|اسم|اسم	
11	بصورت	صورت|صور	بصورت	ب + صورت|ب + صور + ت	O+N1|O+N1+O	ب + اسم|ب + اسم + ضمیر ملکی دوم شخص مفرد	
12	جداگانه	جداگانه|جدا	جداگانه	جداگانه|جدا + گانه	Ad|A0+O	قید|صفت + گانه	
13	نیز	نیز|آز	نیز	نیز|نی + آز	Ad|V	قید|فعل امر منفی	
14	می‌توانید	توان|توان	توانست	می + توان + ید|می + توان + ید	O+V4+V|V+O	می + فعل وجه نما + فعل دوم شخص جمع|فعل حال اخباری+دوم شخص جمع	
15	آنلاین	آنلاین	آنلاین	آنلاین	A0	صفت	
16	سفارش	سفارش	سفارش	سفارش	N1	اسم	
17	دهید	ده|ده	داد	ده + ید|ده + ید	V+O|N1+V	فعل مضارع ساده+دوم شخص جمع|اسم + فعل دوم شخص جمع	
18	.	.	.	.	Si	علامت	

0	نامیرا	نامیرا	نامیرا	نامیرا	A0	صفت	
0	نام	نام|نام	نام	نام|نام	N1|V	اسم|فعل امر مثبت	
1	رمانی	رمانی	رمان	رمانی	N2	اسم خاص مکان	
2	از	از	از	از	Pr	حرف اضافه	
3	صادق	صادق	صادق	صادق	A0	صفت	
4	کرمیار	کرم|کرم|کرم|کر|کر	کرمیار	کرم + یار|کرم + یار|کرم + یار|کر + م + یار|کر + م + یار	N1+O|N1+O|N1+O|A0+O+O|A0+V	اسم + یار|اسم + یار|اسم + یار|صفت + ضمیر ملکی اول شخص مفرد + یار|صفت + فعل اول شخص مفرد	
5	است	است|اس		است|اس + ت	V+O|N1+O	فعل مضارع ساده+سوم شخص مفرد|اسم + ضمیر ملکی دوم شخص مفرد	
6	که	که|که|که|که	که	که|که|که|که	C0|NA|N1|N1	حرف ربط|ضمیر پرسشی|اسم|اسم	
7	روایتگر	روایت|روا|رو|رو	روایتگر	روایت + گر|روا + ی + ت + گر|رو + ا + ی + ت + گر|رو + ا + ی + ت + گر	N1+O|A0+O+O|N1+O+O+O+O|O+O+O+O+O	اسم + گر|صفت + ضمیر ملکی دوم شخص مفرد + گر|اسم + ا + ی + ضمیر ملکی دوم شخص مفرد + گر|ریشه مضارع + ا + ی + ضمیر ملکی دوم شخص مفرد + گر	
8	واقعه	واقعه|واقع	واقعه	واقعه|واقع + ه	N1|N1+O	اسم|اسم + ه	
9	عاشورا	عاشورا	عاشورا	عاشورا	N1	اسم	
10	است	است|اس		است|اس + ت	V+O|N1+O	فعل مضارع ساده+سوم شخص مفرد|اسم + ضمیر ملکی دوم شخص مفرد	

0	کمیته	کمیته|کمیت|کم|کم	کمیته	کمیته|کمیت + ه|کم + یت + ه|کم + یت + ه	N1|N1+O|A0+O+O|N1+O+O	اسم|اسم + ه|صفت + یت + ه|اسم + یت + ه	
1	ملی	ملی|مل	ملی	ملی|مل + ی	A0|N1+O	صفت|اسم + ی	
2	المپیک	المپیک	المپیک	المپیک	A0	صفت	
3	به	به|به	به	به|به	Pr|N1	حرف اضافه|اسم	
4	سهراب	سهراب	سهراب	سهراب	N3	اسم خاص اشخاص	
5	مرادی	مرادی|مراد	مراد	مرادی|مراد + ی	N4|N3+O	اسم فامیل|اسم خاص اشخاص + ی	
6	بابت	بابت|باب	بابت	بابت|باب + ت	N1|N1+O	اسم|اسم + ضمیر ملکی دوم شخص مفرد	
7	رکوردشکنی	رکوردشکنی|رکوردشکن	رکوردشکنی	رکوردشکنی|رکوردشکن + ی	N1|A0+O	اسم|صفت + ی	
8	پاداش	پاداش	پاداش	پاداش	N1	اسم	
9	داد	داد|داد	داد	داد|داد	V+O|N1	فعل ماضی ساده+سوم شخص مفرد|اسم	

0	به	به|به	به	به|به	Pr|N1	حرف اضافه|اسم	
1	نظر	نظر|نظر	نظر	نظر|نظر	N1|N9	اسم|اسم موجود در ساختمان حرف اضافه و حرف ربط گروهی	
2	نادم	نادم|دم|دم|دم	نادم	نادم|نا + دم|نا + دم|نا + دم	A0|V+O|O+N1|O+N1	صفت|فعل مضارع ساده+سوم شخص مفرد|نا + اسم|نا + اسم	
3	هیچ	هیچ	هیچ	هیچ	A1	صفت اشاره	
4	کار	کار|کار	کار	کار|کار	N1|V	اسم|فعل امر مثبت	
3	ناشدنی	ناشدنی|شدنی|شد	ناشدنی	ناشدنی|نا + شدنی|نا + شد + نی	A0|O+A0|V+O	صفت|نا + صفت|فعل ماضی ساده+سوم شخص مفرد	
4	در	در|در|در|در|در	در	در|در|در|در|در	Pr|V|N1|N1|VPr	حرف اضافه|فعل امر مثبت|اسم|اسم|پیشوند فعل	
5	دنیا	دنیا	دنیا	دنیا	N1	اسم	
6	نیست	نیست|است|نی	نیست	نیست|نی + است|نی + ست	N1|V+O|N1+O	اسم|فعل مضارع ساده منفی+سوم شخص مفرد|اسم + ضمیر ملکی سوم شخص مفرد	

0	بادمجان	بادمجان	بادمجان	بادمجان	N1	اسم	
1	یکی	یکی|یک	یک	یکی|یک + ی	A2|O+O	صفت مبهم|عدد حرفی + ی	
2	از	از	از	از	Pr	حرف اضافه	
3	صیفی‌جاتی	صیفی	صیفی‌جات	صیفی + جات + ی	N1+Pl+O	اسم + علامت جمع + ی	
4	است	است|اس		است|اس + ت	V+O|N1+O	فعل مضارع ساده+سوم شخص مفرد|اسم + ضمیر ملکی دوم شخص مفرد	
5	که	که|که|که|که	که	که|که|که|که	C0|NA|N1|N1	حرف ربط|ضمیر پرسشی|اسم|اسم	
6	در	در|در|در|در|در	در	در|در|در|در|در	Pr|V|N1|N1|VPr	حرف اضافه|فعل امر مثبت|اسم|اسم|پیشوند فعل	
7	تمام	تمام|تمام	تمام	تمام|تمام	A0|N9	صفت|اسم موجود در ساختمان حرف اضافه و حرف ربط گروهی	
8	فصول	فصول	فصول	فصول	N1	اسم	
9	سال	سال	سال	سال	N1	اسم	
10	وجود	وجود|وجود	وجود	وجود|وجود	N1|N9	اسم|اسم موجود در ساختمان حرف اضافه و حرف ربط گروهی	
11	دارد	دار|دار	داشت	دار + د|دار + د	V+O|V5+O	فعل مضارع ساده+سوم شخص مفرد|فعل کمکی + د	

0	ناصر	ناصر	ناصر	ناصر	N3	اسم خاص اشخاص	
1	ابراهیم‌نژاد	ابراهیم‌نژاد	ابراهیم‌نژاد	ابراهیم‌نژاد	N4	اسم فامیل	
2	با	با	با	با	Pr	حرف اضافه	
2	نام	نام|نام	نام	نام|نام	N1|V	اسم|فعل امر مثبت	
3	هنری	هنری|هنر	هنر	هنری|هنر + ی	A0|N1+O	صفت|اسم + ی	
3	کیوان	کیوان	کیوان	کیوان	N1	اسم	
3	از	از	از	از	Pr	حرف اضافه	
4	خوانندگان	خواننده|خوان|خوان	خوانندگان	خواننده + گان|خوان + نده + گان|خوان + نده + گان	N1+Pl|V1+O+Pl|N1+O+Pl	اسم + علامت جمع|بن مضارع + نده + علامت جمع|اسم + نده + علامت جمع	
5	سبک	سبک|سبک|سب	سبک	سبک|سبک|سب + ک	N1|A0|N1+O	اسم|صفت|اسم + ک	
6	پاپ	پاپ	پاپ	پاپ	N1	اسم	
7	اهل	اهل	اهل	اهل	A0	صفت	
8	ایران	ایران	ایران	ایران	N2	اسم خاص مکان	
9	است	است|اس		است|اس + ت	V+O|N1+O	فعل مضارع ساده+سوم شخص مفرد|اسم + ضمیر ملکی دوم شخص مفرد	

0	خون‌آشام	خون آشام	خون‌آشام	خون آشام	O	_
1	در	در|در|در|در|در	در	در|در|در|در|در	Pr|V|N1|N1|VPr	حرف اضافه|فعل امر مثبت|اسم|اسم|پیشوند فعل	
2	افسانه‌ها	افسانه	افسانه	افسانه + ها	N1+Pl	اسم + علامت جمع	
3	و	و|و|و	و	و|و|و	C0|Al|Ab	حرف ربط|حروف الفبا|اختصارات	
4	فرهنگ	فرهنگ	فرهنگ	فرهنگ	N1	اسم	
5	فولکلوریک	فولکلوریک	فولکلوریک	فولکلوریک	A0	صفت	
6	مردم	مردم|مرد|مرد|مرد	مردم	مردم|مرد + م|مرد + م|مرد + م	N1|N1+O|N1+V|V+O	اسم|اسم + ضمیر ملکی اول شخص مفرد|اسم + فعل اول شخص مفرد|فعل ماضی ساده+اول شخص مفرد	
7	اروپا	اروپا	اروپا	اروپا	N2	اسم خاص مکان	
8	،	،	،	،	Si	علامت	
9	موجودی	موجودی|موجود	موجود	موجودی|موجود + ی	N1|A0+O	اسم|صفت + ی	
10	زنده	زنده	زنده	زنده	A0	صفت	
11	است	است|اس		است|اس + ت	V+O|N1+O	فعل مضارع ساده+سوم شخص مفرد|اسم + ضمیر ملکی دوم شخص مفرد	
12	که	که|که|که|که	که	که|که|که|که	C0|NA|N1|N1	حرف ربط|ضمیر پرسشی|اسم|اسم	
13	شب‌ها	شب	شب	شب + ها	N1+Pl	اسم + علامت جمع	
14	از	از	از	از	Pr	حرف اضافه	
15	گور	گور|گور	گور	گور|گور	V|N1	فعل امر مثبت|اسم	
16	بیرون	بیرون	بیرون	بیرون	N1	اسم	
17	آمده	امد	آمده	امد + ه	N1+O	اسم + ه	
18	و	و|و|و	و	و|و|و	C0|Al|Ab	حرف ربط|حروف الفبا|اختصارات	
19	برای	برای|برا|بر	برای	برای|برا + ی|بر + ا + ی	Pr|A0+O|O+O+O	حرف اضافه|صفت + ی|ریشه مضارع + ا + ی	
20	تغذیه	تغذیه	تغذیه	تغذیه	N1	اسم	
21	خود	خود|خود	خود	خود|خود	O|N1	ضمیر مشترک/متقابل|اسم	
22	از	از	از	از	Pr	حرف اضافه	
23	خون	خون	خون	خون	N1	اسم	
24	مردم	مردم|مرد|مرد|مرد	مردم	مردم|مرد + م|مرد + م|مرد + م	N1|N1+O|N1+V|V+O	اسم|اسم + ضمیر ملکی اول شخص مفرد|اسم + فعل اول شخص مفرد|فعل ماضی ساده+اول شخص مفرد	
25	می‌مکد	مک	می‌مکد	می + مک + د	V+O	فعل حال اخباری+سوم شخص مفرد	

0	قابلیت	قابلیت|قابل	قابلیت	قابلیت|قابل + یت	N1|A0+O	اسم|صفت + یت	
1	اطمینان	اطمینان	اطمینان	اطمینان	N1	اسم	
2	در	در|در|در|در|در	در	در|در|در|در|در	Pr|V|N1|N1|VPr	حرف اضافه|فعل امر مثبت|اسم|اسم|پیشوند فعل	
3	حقیقت	حقیقت	حقیقت	حقیقت	N1	اسم	
4	احتمال	احتمال	احتمال	احتمال	N1	اسم	
5	موفقیت	موفقیت|موفق	موفقیت	موفقیت|موفق + یت	N1|A0+O	اسم|صفت + یت	
6	در	در|در|در|در|در	در	در|در|در|در|در	Pr|V|N1|N1|VPr	حرف اضافه|فعل امر مثبت|اسم|اسم|پیشوند فعل	
6	انجام	انجام|انجام	انجام	انجام|انجام	N1|V	اسم|فعل امر مثبت	
7	وظیفه	وظیفه	وظیفه	وظیفه	N1	اسم	
8	است	است|اس		است|اس + ت	V+O|N1+O	فعل مضارع ساده+سوم شخص مفرد|اسم + ضمیر ملکی دوم شخص مفرد	

0	با	با	با	با	Pr	حرف اضافه	
1	سنگ	سنگ	سنگ	سنگ	N1	اسم	
2	صافی	صافی|صاف|صاف	صاف	صافی|صاف + ی|صاف + ی	N1|V+O|A0+O	اسم|فعل مضارع ساده+دوم شخص مفرد|صفت + ی	
3	که	که|که|که|که	که	که|که|که|که	C0|NA|N1|N1	حرف ربط|ضمیر پرسشی|اسم|اسم	
4	پای	پای|پا|پا	پای	پای|پا + ی|پا + ی	N1|V+O|N1+O	اسم|فعل مضارع ساده+دوم شخص مفرد|اسم + ی	
5	در	در|در|در|در|در	در	در|در|در|در|در	Pr|V|N1|N1|VPr	حرف اضافه|فعل امر مثبت|اسم|اسم|پیشوند فعل	
6	نشیمن	نشیمن	نشیمن	نشیمن	N1	اسم	
7	به	به|به	به	به|به	Pr|N1	حرف اضافه|اسم	
8	راهرو	راهرو	راهرو	راهرو	N1	اسم	
9	بود	بود|بود|بود|بو|ود	بود	بود|بود|بود|بو + د|ب + ود	V+O|N1|V+O|V+O|O+N1	فعل ماضی ساده+سوم شخص مفرد|اسم|فعل ماضی ساده+سوم شخص مفرد|فعل مضارع ساده+سوم شخص مفرد|ب + اسم	
10	می‌شکستیمشان	شکست	می‌شکستیمشان	می + شکست + یم + شان	V+O	فعل ماضی استمراری+اول شخص جمع	
11	می‌خوردیمشان	خورد	می‌خوردیمشان	می + خورد + یم + شان	V+O	فعل ماضی استمراری+اول شخص جمع	
12	یواش‌یواش	یواش‌یواش	یواش‌یواش	یواش‌یواش	Ad	قید	

0	مدت‌ها	مدت	مدت	مدت + ها	N1+Pl	اسم + علامت جمع	
1	از	از	از	از	Pr	حرف اضافه	
2	زمانی	زمانی|زمان|زم	زمان	زمانی|زمان + ی|زم + ان + ی	A0+O|N1+O+O|N1+O+O	صفت+واجی ریشه: zamAni|اسم + ی+واجی ریشه: zamAn|اسم + ان + ی	
2	که	که|که|که|که	که	که|که|که|که	C0|NA|N1|N1	حرف ربط|ضمیر پرسشی|اسم|اسم	
3	اعلام	اعلام|اعلام	اعلام	اعلام|اعلام	N1|N1	اسم|اسم	
4	شد	شد	شد	شد	V+O	فعل ماضی ساده+سوم شخص مفرد	
5	فعالیت	فعالیت|فعال	فعالیت	فعالیت|فعال + یت	N1|A0+O	اسم|صفت + یت	
6	پارکبان‌ها	پارکبان|پارک|پار	پارکبان	پارکبان + ها|پارک + بان + ها|پار + ک + بان + ها	N1+Pl|N1+O+Pl|N1+O+O+Pl	اسم + علامت جمع|اسم + بان + علامت جمع|اسم + ک + بان + علامت جمع	
7	قانونی	قانونی|قانون	قانون	قانونی|قانون + ی	A0|N1+O	صفت|اسم + ی	
8	نیست	نیست|است|نی	نیست	نیست|نی + است|نی + ست	N1|V+O|N1+O	اسم|فعل مضارع ساده منفی+سوم شخص مفرد|اسم + ضمیر ملکی سوم شخص مفرد	

0	همرفت	همرفت|رف	همرفت	همرفت|هم + رف + ت	N1|O+N1+O	اسم|هم + اسم + ضمیر ملکی دوم شخص مفرد	
1	انتقال	انتقال	انتقال	انتقال	N1	اسم	
2	گرمایی	گرمایی|گرما	گرما	گرمایی|گرما + یی	A0|N1+O	صفت|اسم + یی	
3	از	از	از	از	Pr	حرف اضافه	
4	طریق	طریق|طریق	طریق	طریق|طریق	N1|N9	اسم|اسم موجود در ساختمان حرف اضافه و حرف ربط گروهی	
5	حرکت	حرکت|حر	حرکت	حرکت|حر + ک + ت	N1|A0+O+O	اسم|صفت + ک + ضمیر ملکی دوم شخص مفرد	
6	سیالی	سیال	سیال	سیال + ی	A0+O	صفت + ی	
7	مانند	مانند|مانند|مان|مان	مانند	مانند|مانند|مان + ند|مان + ند	N1|N9|V+O|N1+V	اسم|اسم موجود در ساختمان حرف اضافه و حرف ربط گروهی|فعل مضارع ساده+سوم شخص جمع|اسم + فعل سوم شخص جمع	
8	هوا	هوا	هوا	هوا	N1	اسم	
9	یا	یا|یا	یا	یا|یا	C0|Intj	حرف ربط|صوت	
10	آب	اب	آب	اب	N1	اسم	
11	است	است|اس		است|اس + ت	V+O|N1+O	فعل مضارع ساده+سوم شخص مفرد|اسم + ضمیر ملکی دوم شخص مفرد	

0	زکام	زکام	زکام	زکام	N1	اسم	
1	در	در|در|در|در|در	در	در|در|در|در|در	Pr|V|N1|N1|VPr	حرف اضافه|فعل امر مثبت|اسم|اسم|پیشوند فعل	
2	زبان	زبان	زبان	زبان	N1	اسم	
3	عربی	عربی|عرب	عرب	عربی|عرب + ی	A0|N1+O	صفت|اسم + ی	
4	همان	همان|همان|هم	همان	همان|همان|هم + ان	A1|N6|Ad+O	صفت اشاره|ضمیر اشاره|قید + ان	
5	سرماخوردگی	سرماخوردگی|سرماخورده	سرماخوردگی	سرماخوردگی|سرماخورده + گی	N1|A0+O	اسم|صفت + گی	
6	است	است|اس		است|اس + ت	V+O|N1+O	فعل مضارع ساده+سوم شخص مفرد|اسم + ضمیر ملکی دوم شخص مفرد	
7	اما	اما	اما	اما	C0	حرف ربط	
8	در	در|در|در|در|در	در	در|در|در|در|در	Pr|V|N1|N1|VPr	حرف اضافه|فعل امر مثبت|اسم|اسم|پیشوند فعل	
9	اصطلاح	اصطلاح	اصطلاح	اصطلاح	N1	اسم	
10	طب	طب	طب	طب	N1	اسم	
11	سنتی	سنتی|سنت|سنت	سنت	سنتی|سنت + ی|سنت + ی	A0|N1+O|N1+O	صفت|اسم + ی|اسم + ی	
12	زکام	زکام	زکام	زکام	N1	اسم	
13	یا	یا|یا	یا	یا|یا	C0|Intj	حرف ربط|صوت	
14	نزله	نزله	نزله	نزله	N1	اسم	
15	یا	یا|یا	یا	یا|یا	C0|Intj	حرف ربط|صوت	
16	چایمان	چایمان|چای|چای	چایمان	چایمان|چای + مان|چای + مان	N1|V+O|N1+O	اسم|فعل مضارع ساده+سوم شخص مفرد|اسم + ضمیر ملکی اول شخص جمع	
17	به	به|به	به	به|به	Pr|N1	حرف اضافه|اسم	
18	معنی	معنا	معنی	معنا	N1	اسم	
19	التهاب	التهاب	التهاب	التهاب	N1	اسم	
20	بافت	بافت|بافت|باف	بافت	بافت|بافت|باف + ت	V+O|N1|V+O	فعل ماضی ساده+سوم شخص مفرد|اسم|فعل مضارع ساده+سوم شخص مفرد	
21	مخاطی	مخاطی|مخاط	مخاط	مخاطی|مخاط + ی	A0|N1+O	صفت|اسم + ی	
22	بینی	بینی|بین|بین	بینی	بینی|بین + ی|بین + ی	N1|V+O|A0+O	اسم|فعل مضارع ساده+دوم شخص مفرد|صفت + ی	
23	است	است|اس		است|اس + ت	V+O|N1+O	فعل مضارع ساده+سوم شخص مفرد|اسم + ضمیر ملکی دوم شخص مفرد	

0	واتیکان	واتیکان	واتیکان	واتیکان	N2	اسم خاص مکان	
1	دولت‌شهری	دولت‌شهر	دولت‌شهری	دولت‌شهر + ی	N1+O	اسم + ی	
2	مستقل	مستقل	مستقل	مستقل	A0	صفت	
3	است	است|اس		است|اس + ت	V+O|N1+O	فعل مضارع ساده+سوم شخص مفرد|اسم + ضمیر ملکی دوم شخص مفرد	
4	که	که|که|که|که	که	که|که|که|که	C0|NA|N1|N1	حرف ربط|ضمیر پرسشی|اسم|اسم	
5	در	در|در|در|در|در	در	در|در|در|در|در	Pr|V|N1|N1|VPr	حرف اضافه|فعل امر مثبت|اسم|اسم|پیشوند فعل	
6	درون	درون|در|در	درون	درون|در + ون|در + ون	N1|N1+Pl|N1+Pl	اسم|اسم + علامت جمع|اسم + علامت جمع	
7	شهر	شهر	شهر	شهر	N1	اسم	
8	رم	رم|رم	رم	رم|رم	V|N2	فعل امر مثبت|اسم خاص مکان	
9	در	در|در|در|در|در	در	در|در|در|در|در	Pr|V|N1|N1|VPr	حرف اضافه|فعل امر مثبت|اسم|اسم|پیشوند فعل	
10	کشور	کشور|کش	کشور	کشور|کش + ور	N1|V1+O	اسم|بن مضارع + ور	
11	ایتالیا	ایتالیا	ایتالیا	ایتالیا	N2	اسم خاص مکان	
12	جای	جای|جا	جای	جای|جا + ی	N1|N1+O	اسم|اسم + ی	
13	دارد	دار|دار	داشت	دار + د|دار + د	V+O|V5+O	فعل مضارع ساده+سوم شخص مفرد|فعل کمکی + د	

0	در	در|در|در|در|در	در	در|در|در|در|در	Pr|V|N1|N1|VPr	حرف اضافه|فعل امر مثبت|اسم|اسم|پیشوند فعل	
1	صورت	صورت|صورت|صور	صورت	صورت|صورت|صور + ت	N1|N9|N1+O	اسم|اسم موجود در ساختمان حرف اضافه و حرف ربط گروهی|اسم + ضمیر ملکی دوم شخص مفرد	
2	نشت	نشت	نشت	نشت	N1	اسم	
3	گاز	گاز	گاز	گاز	N1	اسم	
4	و	و|و|و	و	و|و|و	C0|Al|Ab	حرف ربط|حروف الفبا|اختصارات	
5	با	با	با	با	Pr	حرف اضافه	
6	استشمام	استشمام	استشمام	استشمام	N1	اسم	
7	بوی	بوی|بو|بو	بو	بوی|بو + ی|بو + ی	N1|V+O|N1+O	اسم|فعل مضارع ساده+دوم شخص مفرد|اسم + ی	
8	آن	ان	آن	ان	Ab	اختصارات	
9	،	،	،	،	Si	علامت	
10	قبل	قبل|قبل|قبل	قبل	قبل|قبل|قبل	Ad|N9|N1	قید|اسم موجود در ساختمان حرف اضافه و حرف ربط گروهی|اسم	
11	از	از	از	از	Pr	حرف اضافه	
12	هر	هر	هر	هر	A1	صفت اشاره	
13	کاری	کاری|کار|کار	کاشت	کاری|کار + ی|کار + ی	A0|N1+O|V+O	صفت|اسم + ی|فعل مضارع ساده+دوم شخص مفرد	
14	باید	باید	باید	باید	V4	فعل وجه نما	
15	دقت	دقت|دق	دقت	دقت|دق + ت	N1|N1+O	اسم|اسم + ضمیر ملکی دوم شخص مفرد	
16	کرد	کرد|کرد	کرد	کرد|کرد	V+O|N1	فعل ماضی ساده+سوم شخص مفرد|اسم	
17	که	که|که|که|که	که	که|که|که|که	C0|NA|N1|N1	حرف ربط|ضمیر پرسشی|اسم|اسم	
18	در	در|در|در|در|در	در	در|در|در|در|در	Pr|V|N1|N1|VPr	حرف اضافه|فعل امر مثبت|اسم|اسم|پیشوند فعل	
19	آن	ان	آن	ان	Ab	اختصارات	
20	محل	محل	محل	محل	N1	اسم	
21	هیچگونه	هیچ‌گونه	هیچگونه	هیچ‌گونه	Ad	قید	
22	جرقه‌ای	جرقه‌ای|جرقه	جرقه	جرقه‌ای|جرقه + ای	A0|N1+O	صفت|اسم + ای	
23	زده	زده|زد|زد	زده	زده|زد + ه|زد + ه	A0|O+O|N1+O	صفت|ریشه ماضی + ه|اسم + ه	
24	نشود	شو	شد	ن + شو + د	V+O	فعل حال التزامی منفی+سوم شخص مفرد	

0	پرهام	پرهام	پرهام	پرهام	N3	اسم خاص اشخاص	
1	،	،	،	،	Si	علامت	
2	یکی	یکی|یک	یک	یکی|یک + ی	A2|O+O	صفت مبهم|عدد حرفی + ی	
3	از	از	از	از	Pr	حرف اضافه	
4	قدیمی‌ترین	قدیم	قدیمی‌ترین	قدیم + ی + ترین	A0+O+O	صفت + ی + علامت صفت تفضیلی	
5	نام‌های	نام	نام	نام + ها + ی	N1+Pl+O	اسم + علامت جمع + ی	
6	پارسی	پارسی|پارس	پارس	پارسی|پارس + ی	A0|N1+O	صفت|اسم + ی	
7	به	به|به	به	به|به	Pr|N1	حرف اضافه|اسم	
8	معنی	معنا	معنی	معنا	N1	اسم	
9	فرشته	فرشته	فرشته	فرشته	N1	اسم	
10	خوبی	خوبی|خوب	خوبی	خوبی|خوب + ی	N1|A0+O	اسم|صفت + ی	
11	است	است|اس		است|اس + ت	V+O|N1+O	فعل مضارع ساده+سوم شخص مفرد|اسم + ضمیر ملکی دوم شخص مفرد	

0	بدون‌شک	بدون‌شک	بدون‌شک	بدون‌شک	Ad	قید	
1	به	به|به	به	به|به	Pr|N1	حرف اضافه|اسم	
2	شما	شما|شما	شما	شما|شما	N5|N1	ضمیر فاعلی|اسم	
3	نیز	نیز|آز	نیز	نیز|نی + آز	Ad|V	قید|فعل امر منفی	
4	گفته	گفته|گفته|گفت|گفت	گفته	گفته|گفته|گفت + ه|گفت + ه	A0|N9|O+O|N1+O	صفت|اسم موجود در ساختمان حرف اضافه و حرف ربط گروهی|ریشه ماضی + ه|اسم + ه	
5	شده	شد	شده	شد + ه	V3+O	فعل اسنادی + ه	
6	که	که|که|که|که	که	که|که|که|که	C0|NA|N1|N1	حرف ربط|ضمیر پرسشی|اسم|اسم	
6	اژدها	اژدها	اژدها	اژدها	N1	اسم	
6	موجودی	موجودی|موجود	موجود	موجودی|موجود + ی	N1|A0+O	اسم|صفت + ی	
7	افسانه‌ای	افسانه‌ای|افسانه	افسانه	افسانه‌ای|افسانه + ای	A0|N1+O	صفت|اسم + ای	
8	بوده	بود|بود|بود|ود	بوده	بود + ه|بود + ه|بود + ه|ب + ود + ه	O+O|N1+O|V3+O|O+N1+O	ریشه ماضی + ه|اسم + ه|فعل اسنادی + ه|ب + اسم + ه	
9	و	و|و|و	و	و|و|و	C0|Al|Ab	حرف ربط|حروف الفبا|اختصارات	
10	هیچگاه	هیچ‌گاه	هیچگاه	هیچ‌گاه	Ad	قید	
11	وجود	وجود|وجود	وجود	وجود|وجود	N1|N9	اسم|اسم موجود در ساختمان حرف اضافه و حرف ربط گروهی	
12	خارجی	خارجی|خارج	خارج	خارجی|خارج + ی	N1|N1+O	اسم|اسم + ی	
13	نداشته‌است	داشت	نداشته‌است	ن + داشت + ه + است	V+O	فعل ماضی نقلی منفی+سوم شخص مفرد	

0	فصل	فصل	فصل	فصل	N1	اسم	
1	باران	باران|باران|بار	باران	باران|باران|بار + ان	V|N1|N1+O	فعل امر مثبت|اسم|اسم + ان	
2	است	است|اس		است|اس + ت	V+O|N1+O	فعل مضارع ساده+سوم شخص مفرد|اسم + ضمیر ملکی دوم شخص مفرد	
3	بارانی	بارانی|باران|بار	باران	بارانی|باران + ی|بار + ان + ی	A0|N1+O|N1+O+O	صفت|اسم + ی|اسم + ان + ی	
4	شویم	شو|شو	شد	شو + یم|شو + یم	V+O|N1+V	فعل مضارع ساده+اول شخص جمع|اسم + فعل اول شخص مفرد	
5	از	از	از	از	Pr	حرف اضافه	
6	درون	درون|در|در	درون	درون|در + ون|در + ون	N1|N1+Pl|N1+Pl	اسم|اسم + علامت جمع|اسم + علامت جمع	
7	جوشیم	جوش|جوش|جوش	جوش	جوش + یم|جوش + ی + م|جوش + یم	V+O|V+O|A0+V	فعل مضارع ساده+اول شخص جمع|فعل مضارع ساده+دوم شخص مفرد|صفت + فعل اول شخص جمع	
8	و	و|و|و	و	و|و|و	C0|Al|Ab	حرف ربط|حروف الفبا|اختصارات	
9	طوفانی	طوفانی|طوفان	طوفان	طوفانی|طوفان + ی	A0|N1+O	صفت|اسم + ی	
10	شویم	شو|شو	شد	شو + یم|شو + یم	V+O|N1+V	فعل مضارع ساده+اول شخص جمع|اسم + فعل اول شخص مفرد	

0	چهارگوش	چهارگوش	چهارگوش	چهارگوش	A0	صفت	
1	یه	یه	یه	یه	N1	اسم	
2	بازی	بازی|باز|باز|باز|باز	بازی	بازی|باز + ی|باز + ی|باز + ی|باز + ی	N1|V+O|A0+O|N1+O|Ad+O	اسم|فعل مضارع ساده+دوم شخص مفرد|صفت + ی|اسم + ی|قید + ی	
3	معمایی	معما	معما	معما + یی	N1+O	اسم + یی	
4	هست	هست|هست		هست|هست	V+O|N1	فعل مضارع ساده+سوم شخص مفرد|اسم	
5	که	که|که|که|که	که	که|که|که|که	C0|NA|N1|N1	حرف ربط|ضمیر پرسشی|اسم|اسم	
6	رد	رد	رد	رد	A0	صفت	
7	کردن	کرد	کردن	کرد + ن	V2+O	بن ماضی + ن	
8	مرحله‌هایش	مرحله	مرحله	مرحله + ها + ی + ش	N1+Pl+O+O	اسم + علامت جمع + ی + ضمیر ملکی سوم شخص مفرد	
9	وقت	وقت|وقت	وقت	وقت|وقت	N1|N9	اسم|اسم موجود در ساختمان حرف اضافه و حرف ربط گروهی	
10	و	و|و|و	و	و|و|و	C0|Al|Ab	حرف ربط|حروف الفبا|اختصارات	
11	تمرکز	تمرکز	تمرکز	تمرکز	N1	اسم	
12	زیادی	زیادی|زیاد	زیاد	زیادی|زیاد + ی	A0|A0+O	صفت|صفت + ی	
13	می‌طلبد	طلب	طلبید	می + طلب + د	V+O	فعل حال اخباری+سوم شخص مفرد	

0	آزمودگی‌یا	آزمودگی یا	آزمودگی‌یا	آزمودگی یا	O	_
1	یا	یا|یا	یا	یا|یا	C0|Intj	حرف ربط|صوت	
2	آروین	آروین	آروین	آروین	O	_
3	در	در|در|در|در|در	در	در|در|در|در|در	Pr|V|N1|N1|VPr	حرف اضافه|فعل امر مثبت|اسم|اسم|پیشوند فعل	
4	مفهوم	مفهوم	مفهوم	مفهوم	N1	اسم	
5	عمومی	عمومی|عموم	عموم	عمومی|عموم + ی	A0|N1+O	صفت|اسم + ی	
6	به	به|به	به	به|به	Pr|N1	حرف اضافه|اسم	
7	همه	همه|همه	همه	همه|همه	N1|A2	اسم|صفت مبهم	
8	مهارت‌ها	مهارت	مهارت	مهارت + ها	N1+Pl	اسم + علامت جمع	
9	و	و|و|و	و	و|و|و	C0|Al|Ab	حرف ربط|حروف الفبا|اختصارات	
10	دانسته‌ها	دانسته|دانست	دانسته	دانسته + ها|دانست + ه + ها	A0+Pl|O+O+Pl	صفت + علامت جمع|ریشه ماضی + ه + علامت جمع	
11	،	،	،	،	Si	علامت	
12	از	از	از	از	Pr	حرف اضافه	
13	برخی	برخی|رخ|رخ	برخی	برخی|ب + رخ + ی|ب + رخ + ی	A2|O+N1+O|O+N1+O	صفت مبهم|ب + اسم + ی|ب + اسم + ی	
14	پدیده‌ها	پدیده|پدید	پدیده	پدیده + ها|پدید + ه + ها	N1+Pl|N1+O+Pl	اسم + علامت جمع|اسم + ه + علامت جمع	
15	و	و|و|و	و	و|و|و	C0|Al|Ab	حرف ربط|حروف الفبا|اختصارات	
16	موضوعات	موضوع	موضوعات	موضوع + ات	N1+Pl	اسم + علامت جمع	
17	که	که|که|که|که	که	که|که|که|که	C0|NA|N1|N1	حرف ربط|ضمیر پرسشی|اسم|اسم	
18	ناشی	ناشی	ناشی	ناشی	A0	صفت	
19	از	از	از	از	Pr	حرف اضافه	
20	برخورد	برخورد|برخورد|برخور	برخورد	برخورد|برخورد|برخور + د	V+O|N1|V+O	فعل ماضی ساده+سوم شخص مفرد|اسم|فعل مضارع ساده+سوم شخص مفرد	
21	با	با	با	با	Pr	حرف اضافه	
22	آن	ان	آن	ان	Ab	اختصارات	
23	موضوع	موضوع	موضوع	موضوع	N1	اسم	
24	و	و|و|و	و	و|و|و	C0|Al|Ab	حرف ربط|حروف الفبا|اختصارات	
25	درگیری	درگیری|درگیر|درگیر	درگیری	درگیری|درگیر + ی|درگیر + ی	N1|A0+O|V+O	اسم|صفت + ی|فعل مضارع ساده+دوم شخص مفرد	
26	با	با	با	با	Pr	حرف اضافه	
27	آن	ان	آن	ان	Ab	اختصارات	
28	پدیده	پدیده|پدید	پدیده	پدیده|پدید + ه	N1|N1+O	اسم|اسم + ه	
29	در	در|در|در|در|در	در	در|در|در|در|در	Pr|V|N1|N1|VPr	حرف اضافه|فعل امر مثبت|اسم|اسم|پیشوند فعل	
30	خلال	خلال|خلال	خلال	خلال|خلال	N1|N9	اسم|اسم موجود در ساختمان حرف اضافه و حرف ربط گروهی	
31	دورانی	دورانی|دوران|دوران|دور|دور	دوران	دورانی|دوران + ی|دوران + ی|دور + ان + ی|دور + ان + ی	A0|N1+O|N1+O|A0+O+O|N1+O+O	صفت|اسم + ی|اسم + ی|صفت + ان + ی|اسم + ان + ی	
32	معین	معین|معین|معین	معین	معین|معین|معین	A0|N1|N1	صفت|اسم|اسم	
33	است	است|اس		است|اس + ت	V+O|N1+O	فعل مضارع ساده+سوم شخص مفرد|اسم + ضمیر ملکی دوم شخص مفرد	
