0	آن	ان	آن	ان	Ab	اختصارات	
1	روز	روز	روز	روز	N1	اسم	
2	مورخ	مورخ|مورخ	مورخ	مورخ|مورخ	N1|A0	اسم|صفت	
3	۹۷/۷/۲۰	۹۷/۷/۲۰	۹۷/۷/۲۰	۹۷/۷/۲۰	Si	علامت	
4	یا	یا|یا	یا	یا|یا	C0|Intj	حرف ربط|صوت	
5	به عبارتی	به‌عبارتی|عبارتی|عبارت	به عبارتی	به‌عبارتی|به + عبارتی|به + عبارت + ی	Ad|O+A0|O+N1+O	قید|به + صفت|به + اسم + ی	
6	۲۰	۲۰	۲۰	۲۰	Nu	عدد رقمی	
7	مهر	مهر|مهر|مهر	مهر	مهر|مهر|مهر	N1|N1|N1	اسم|اسم|اسم	
8	۹۷	۹۷	۹۷	۹۷	Nu	عدد رقمی	
9	حدود	حدود|حدود	حدود	حدود|حدود	N1|N9	اسم|اسم موجود در ساختمان حرف اضافه و حرف ربط گروهی	
10	ساعت	ساعت	ساعت	ساعت	N1	اسم	
11	۹:۱۵	۹:۱۵	۹:۱۵	۹:۱۵	Si	علامت	
12	در	در|در|در|در|در	در	در|در|در|در|در	Pr|V|N1|N1|VPr	حرف اضافه|فعل امر مثبت|اسم|اسم|پیشوند فعل	
13	کلاس	کلاس	کلاس	کلاس	N1	اسم	
14	مبحثی	مبحث	مبحث	مبحث + ی	N1+O	اسم + ی	
15	بیان	بیان	بیان	بیان	N1	اسم	
16	شد	شد	شد	شد	V+O	فعل ماضی ساده+سوم شخص مفرد	
17	که	که|که|که|که	که	که|که|که|که	C0|NA|N1|N1	حرف ربط|ضمیر پرسشی|اسم|اسم	
18	بیانگر	بیانگر|بیان	بیانگر	بیانگر|بیان + گر	N1|N1+O	اسم|اسم + گر	
19	ابهامات	ابهام	ابهامات	ابهام + ات	N1+Pl	اسم + علامت جمع	
20	بسیاری	بسیاری|بسیار|بسیار|سیار|بس	بسیار	بسیاری|بسیار + ی|بسیار + ی|ب + سیار + ی|بس + یار + ی	A2|A0+O|Ad+O|O+A0+O|A0+O+O	صفت مبهم|صفت + ی|قید + ی|ب + صفت + ی|صفت + یار + ی	
21	بود	بود|بود|بود|بو|ود	بود	بود|بود|بود|بو + د|ب + ود	V+O|N1|V+O|V+O|O+N1	فعل ماضی ساده+سوم شخص مفرد|اسم|فعل ماضی ساده+سوم شخص مفرد|فعل مضارع ساده+سوم شخص مفرد|ب + اسم	
22	.	.	.	.	Si	علامت	

0	به طوریکه	به طوریکه	به طوریکه	به طوریکه	O	_
1	هر	هر	هر	هر	A1	صفت اشاره	
2	نفر	نفر	نفر	نفر	N1	اسم	
3	پاسخ	پاسخ	پاسخ	پاسخ	N1	اسم	
4	متفاوتی	متفاوت	متفاوت	متفاوت + ی	A0+O	صفت + ی	
5	داشت	داشت|داشت|داشت|داش	داشت	داشت|داشت|داشت|داش + ت	V+O|N1|V5|N1+O	فعل ماضی ساده+سوم شخص مفرد|اسم|فعل کمکی|اسم + ضمیر ملکی دوم شخص مفرد	
6	و	و|و|و	و	و|و|و	C0|Al|Ab	حرف ربط|حروف الفبا|اختصارات	
7	هرکس	هرکس	هرکس	هرکس	Ad	قید	
8	جداگانه	جداگانه|جدا	جداگانه	جداگانه|جدا + گانه	Ad|A0+O	قید|صفت + گانه	
9	برای	برای|برا|بر	برای	برای|برا + ی|بر + ا + ی	Pr|A0+O|O+O+O	حرف اضافه|صفت + ی|ریشه مضارع + ا + ی	
10	خود	خود|خود	خود	خود|خود	O|N1	ضمیر مشترک/متقابل|اسم	
11	دانش‌اندوزی	دانش‌اندوزی	دانش‌اندوزی	دانش‌اندوزی	N1	اسم	
12	می‌کرد	کرد	کرد	می + کرد	V+O	فعل ماضی استمراری+سوم شخص مفرد	
13	!	!	!	!	Si	علامت	

0	جواب	جواب	جواب	جواب	N1	اسم	
1	درست	درست|درس	درست	درست|درس + ت	A0|N1+O	صفت|اسم + ضمیر ملکی دوم شخص مفرد	
2	۰.۸۹	۰.۸۹	۰٫۸۹	۰.۸۹	Si	علامت	
3	بود	بود|بود|بود|بو|ود	بود	بود|بود|بود|بو + د|ب + ود	V+O|N1|V+O|V+O|O+N1	فعل ماضی ساده+سوم شخص مفرد|اسم|فعل ماضی ساده+سوم شخص مفرد|فعل مضارع ساده+سوم شخص مفرد|ب + اسم	
4	ولی	ولی|ولی|ول|ول	ولی	ولی|ولی|ول + ی|ول + ی	C0|N1|A0+O|N1+O	حرف ربط|اسم|صفت + ی|اسم + ی	
5	هرکس	هرکس	هرکس	هرکس	Ad	قید	
6	یک	یک	یک	یک	O	عدد حرفی	
7	چیزی	چیزی|چیز	چیز	چیزی|چیز + ی	Ad|N1+O	قید|اسم + ی	
8	برای	برای|برا|بر	برای	برای|برا + ی|بر + ا + ی	Pr|A0+O|O+O+O	حرف اضافه|صفت + ی|ریشه مضارع + ا + ی	
9	گفتن	گفت	گفتن	گفت + ن	V2+O	بن ماضی + ن	
10	داشت	داشت|داشت|داشت|داش	داشت	داشت|داشت|داشت|داش + ت	V+O|N1|V5|N1+O	فعل ماضی ساده+سوم شخص مفرد|اسم|فعل کمکی|اسم + ضمیر ملکی دوم شخص مفرد	
11	!	!	!	!	Si	علامت	

0	مانند	مانند|مانند|مان|مان	مانند	مانند|مانند|مان + ند|مان + ند	N1|N9|V+O|N1+V	اسم|اسم موجود در ساختمان حرف اضافه و حرف ربط گروهی|فعل مضارع ساده+سوم شخص جمع|اسم + فعل سوم شخص جمع	
1	۳/۴	۳/۴	۳/۴	۳/۴	Si	علامت	
2	،	،	،	،	Si	علامت	
3	۰.۳۲	۰.۳۲	۰٫۳۲	۰.۳۲	Si	علامت	
4	۰.۴	۰.۴	۰٫۴	۰.۴	Si	علامت	
5	و	و|و|و	و	و|و|و	C0|Al|Ab	حرف ربط|حروف الفبا|اختصارات	
6	...	...	 …	...	Si	علامت	


0	نزدیک‌ترین	نزدیک	نزدیک	نزدیک + ترین	A0+O	صفت + علامت صفت تفضیلی	
1	جواب	جواب	جواب	جواب	N1	اسم	
2	را	را	را	را	Po	حرف اضافه پسین	
3	فاطمه	فاطمه	فاطمه	فاطمه	N3	اسم خاص اشخاص	
4	داده	داده|داد|داد	داده	داده|داد + ه|داد + ه	N1|O+O|N1+O	اسم|ریشه ماضی + ه|اسم + ه	
5	بود	بود|بود|بود|بو|ود	بود	بود|بود|بود|بو + د|ب + ود	V+O|N1|V+O|V+O|O+N1	فعل ماضی ساده+سوم شخص مفرد|اسم|فعل ماضی ساده+سوم شخص مفرد|فعل مضارع ساده+سوم شخص مفرد|ب + اسم	
6	،	،	،	،	Si	علامت	
7	۱.۱۲	۱.۱۲	۱٫۱۲	۱.۱۲	Si	علامت	
8	!	!	!	!	Si	علامت	

0	همهمه	همهمه|همه|هم	همهمه	همهمه|هم + همه|هم + هم + ه	N1|O+N1|O+Ad+O	اسم|هم + اسم|هم + قید + ه	
1	درگرفته بود	درگرفت	درگرفته بود	درگرفت + ه + بود	V+O	فعل ماضی بعید+سوم شخص مفرد	
2	که	که|که|که|که	که	که|که|که|که	C0|NA|N1|N1	حرف ربط|ضمیر پرسشی|اسم|اسم	
3	در	در|در|در|در|در	در	در|در|در|در|در	Pr|V|N1|N1|VPr	حرف اضافه|فعل امر مثبت|اسم|اسم|پیشوند فعل	
4	نه	نه|نه|نه	نه	نه|نه|نه	O|V|N1	عدد حرفی|فعل امر مثبت|اسم	
5	و	و|و|و	و	و|و|و	C0|Al|Ab	حرف ربط|حروف الفبا|اختصارات	
6	سی	سی|سی	سی	سی|سی	O|Ab	عدد حرفی|اختصارات	
7	دقیقه	دقیقه|دقیق	دقیقه	دقیقه|دقیق + ه	N1|A0+O	اسم|صفت + ه	
8	،	،	،	،	Si	علامت	
9	معلم	معلم|معلم	معلم	معلم|معلم	N1|N4	اسم|اسم فامیل	
10	رسید	رسید|رسید|رس|رس	رسید	رسید|رسید|رس + ید|رس + ید	V+O|N1|V+O|N1+V	فعل ماضی ساده+سوم شخص مفرد|اسم|فعل مضارع ساده+دوم شخص جمع|اسم + فعل دوم شخص جمع	
11	؛	؛	؛	؛	Si	علامت	
12	همان	همان|همان|هم	همان	همان|همان|هم + ان	A1|N6|Ad+O	صفت اشاره|ضمیر اشاره|قید + ان	
13	ابتدا	ابتدا	ابتدا	ابتدا	N1	اسم	
14	پرسید	پرسید|پرس|پرس	پرسید	پرسید|پرس + ید|پرس + ید	V+O|V+O|N1+V	فعل ماضی ساده+سوم شخص مفرد|فعل مضارع ساده+دوم شخص جمع|اسم + فعل دوم شخص جمع	
15	:	:	:	:	Si	علامت	

0	«	«	«	«	Si	علامت	
1	پاسخ	پاسخ	پاسخ	پاسخ	N1	اسم	
2	۱.۱۲	۱.۱۲	۱٫۱۲	۱.۱۲	Si	علامت	
3	را	را	را	را	Po	حرف اضافه پسین	
4	چه	چه|چه|چه	چه	چه|چه|چه	NA|C0|A0	ضمیر پرسشی|حرف ربط|صفت	
5	کسی	کسی|کس	کس	کسی|کس + ی	A2|N1+O	صفت مبهم|اسم + ی	
6	بدست‌	بدست|دست|بد	بدست‌	بدست|ب + دست|بد + ست	N1|O+N1|A0+O	اسم|ب + اسم|صفت + ضمیر ملکی سوم شخص مفرد	
7	آورده	آورده|آورد	آورده	آورده|آورد + ه	A0|O+O	صفت|ریشه ماضی + ه	
8	؟	؟	؟	؟	Si	علامت	

0	اسمی	اسمی|اسم	اسم	اسمی|اسم + ی	A0|N1+O	صفت|اسم + ی	
1	روی	روی|روی|رو|رو	روی	روی|روی|رو + ی|رو + ی	Pr1|N1|N1+O|V+O	حرف اضافه گروهی|اسم|اسم + ی|فعل مضارع ساده+دوم شخص مفرد	
2	برگه‌اش	برگه|برگ	برگه	برگه + اش|برگ + ه + اش	N1+O|N1+O+O	اسم + ضمیر ملکی سوم شخص مفرد|اسم + ه + ضمیر ملکی سوم شخص مفرد	
3	نبود	نبود|بود|بود|بو	بود	نبود|ن + بود|ن + بود|ن + بو + د	N1|V+O|V+O|V+O	اسم|فعل ماضی ساده منفی+سوم شخص مفرد|فعل ماضی ساده منفی+سوم شخص مفرد|فعل حال التزامی منفی+سوم شخص مفرد	
4	!	!	!	!	Si	علامت	

0	»	»	»	»	Si	علامت	
1	همین	همین|همین|هم|ین	همین	همین|همین|هم + ین|هم + ین	A1|N6|Ad+O|O+N1	صفت اشاره|ضمیر اشاره|قید + ین|هم + اسم	
2	جا	جا	جا	جا	N1	اسم	
3	بود	بود|بود|بود|بو|ود	بود	بود|بود|بود|بو + د|ب + ود	V+O|N1|V+O|V+O|O+N1	فعل ماضی ساده+سوم شخص مفرد|اسم|فعل ماضی ساده+سوم شخص مفرد|فعل مضارع ساده+سوم شخص مفرد|ب + اسم	
4	که	که|که|که|که	که	که|که|که|که	C0|NA|N1|N1	حرف ربط|ضمیر پرسشی|اسم|اسم	
5	فاطمه	فاطمه	فاطمه	فاطمه	N3	اسم خاص اشخاص	
6	فهمید	فهمید|فهم|فهم	فهمید	فهمید|فهم + ید|فهم + ید	V+O|V+O|N1+V	فعل ماضی ساده+سوم شخص مفرد|فعل مضارع ساده+دوم شخص جمع|اسم + فعل دوم شخص جمع	
7	حق	حق|حق	حق	حق|حق	N1|N9	اسم|اسم موجود در ساختمان حرف اضافه و حرف ربط گروهی	
8	با	با	با	با	Pr	حرف اضافه	
9	او	او|او	او	او|او	N5|Ab	ضمیر فاعلی|اختصارات	
10	بوده	بود|بود|بود|ود	بوده	بود + ه|بود + ه|بود + ه|ب + ود + ه	O+O|N1+O|V3+O|O+N1+O	ریشه ماضی + ه|اسم + ه|فعل اسنادی + ه|ب + اسم + ه	
11	!	!	!	!	Si	علامت	

0	دیگر	دیگر|دیگر|دی	دیگر	دیگر|دیگر|دی + گر	Ad|A2|N1+O	قید|صفت مبهم|اسم + گر	
1	ساعت	ساعت	ساعت	ساعت	N1	اسم	
2	۱۰	۱۰	۱۰	۱۰	Nu	عدد رقمی	
3	شده‌بود	شد	شده‌بود	شد + ه + بود	V+O	فعل ماضی بعید+سوم شخص مفرد	
4	.	.	.	.	Si	علامت	

0	همه	همه|همه	همه	همه|همه	N1|A2	اسم|صفت مبهم	
1	آرام	آرام|آرام	آرام	آرام|آرام	V|A0	فعل امر مثبت|صفت	
2	شدند	شد	شد	شد + ند	V+O	فعل ماضی ساده+سوم شخص جمع	
3	و	و|و|و	و	و|و|و	C0|Al|Ab	حرف ربط|حروف الفبا|اختصارات	
4	دیگر	دیگر|دیگر|دی	دیگر	دیگر|دیگر|دی + گر	Ad|A2|N1+O	قید|صفت مبهم|اسم + گر	
5	به	به|به	به	به|به	Pr|N1	حرف اضافه|اسم	
6	شدت	شدت|شد	شدت	شدت|شد + ت	N1|V+O	اسم|فعل ماضی ساده+سوم شخص مفرد	
7	شک‌ها	شک	شک	شک + ها	N1+Pl	اسم + علامت جمع	
8	برطرف	برطرف	برطرف	برطرف	A0	صفت	
9	شده بود	شد	شده بود	شد + ه + بود	V+O	فعل ماضی بعید+سوم شخص مفرد	
10	و	و|و|و	و	و|و|و	C0|Al|Ab	حرف ربط|حروف الفبا|اختصارات	
11	برایشان	برای|برا|بر	برایشان	برای + شان|برا + ی + شان|بر + ا + ی + شان	Pr+O|A0+O|O+O+O+O	حرف اضافه + ضمیر ملکی سوم شخص جمع|صفت + ضمیر ملکی سوم شخص جمع|ریشه مضارع + ا + ی + ضمیر ملکی سوم شخص جمع	
12	بسیار	بسیار|بسیار|سیار|بس	بسیار	بسیار|بسیار|ب + سیار|بس + یار	A0|Ad|O+A0|A0+O	صفت|قید|ب + صفت|صفت + یار	
13	تعجب‌آور	تعجب آور	تعجب‌آور	تعجب آور	O	_
14	بود	بود|بود|بود|بو|ود	بود	بود|بود|بود|بو + د|ب + ود	V+O|N1|V+O|V+O|O+N1	فعل ماضی ساده+سوم شخص مفرد|اسم|فعل ماضی ساده+سوم شخص مفرد|فعل مضارع ساده+سوم شخص مفرد|ب + اسم	
15	... _	... _	 … _	... _	Si	علامت	

0	همه	همه|همه	همه	همه|همه	N1|A2	اسم|صفت مبهم	
1	با	با	با	با	Pr	حرف اضافه	
2	کنجکاوی	کنجکاوی|کنجکاو	کنجکاو	کنجکاوی|کنجکاو + ی	N1|A0+O	اسم|صفت + ی	
3	به	به|به	به	به|به	Pr|N1	حرف اضافه|اسم	
4	تخته	تخته|تخت	تخته	تخته|تخت + ه	N1|N1+O	اسم|اسم + ه	
5	نگاه	نگاه|نگا	نگاه	نگاه|نگا + ه	N1|N1+O	اسم|اسم + ه	
6	می‌کردند	کرد	کرد	می + کرد + ند	V+O	فعل ماضی استمراری+سوم شخص جمع	
7	و	و|و|و	و	و|و|و	C0|Al|Ab	حرف ربط|حروف الفبا|اختصارات	
8	مشتاقانه	مشتاقانه|مشتاق	مشتاقانه	مشتاقانه|مشتاق + انه	Ad|A0+O	قید|صفت + انه	
9	حرکت	حرکت|حر	حرکت	حرکت|حر + ک + ت	N1|A0+O+O	اسم|صفت + ک + ضمیر ملکی دوم شخص مفرد	
10	گچ	گچ	گچ	گچ	N1	اسم	
11	روی	روی|روی|رو|رو	روی	روی|روی|رو + ی|رو + ی	Pr1|N1|N1+O|V+O	حرف اضافه گروهی|اسم|اسم + ی|فعل مضارع ساده+دوم شخص مفرد	
12	آن	ان	آن	ان	Ab	اختصارات	
13	را	را	را	را	Po	حرف اضافه پسین	
14	دنبال	دنبال|دنبال	دنبال	دنبال|دنبال	N1|N9	اسم|اسم موجود در ساختمان حرف اضافه و حرف ربط گروهی	
15	،	،	،	،	Si	علامت	
16	تا	تا|تا|تا	تا	تا|تا|تا	Pr|C0|Ab	حرف اضافه|حرف ربط|اختصارات	
17	راه‌حل	راه‌حل	راه‌حل	راه‌حل	N1	اسم	
18	را	را	را	را	Po	حرف اضافه پسین	
19	ببینند	بین|بین	ببینند	ب + بین + ند|ب + بین + ند	V+O|O+A0+V	فعل حال التزامی+سوم شخص جمع|ب + صفت + فعل سوم شخص جمع	
20	که	که|که|که|که	که	که|که|که|که	C0|NA|N1|N1	حرف ربط|ضمیر پرسشی|اسم|اسم	
21	ناگهان	ناگهان|ناگه|گه|گه	ناگهان	ناگهان|ناگه + ان|نا + گه + ان|نا + گه + ان	Ad|Ad+O|O+Ad+O|O+N1+O	قید|قید + ان|نا + قید + ان|نا + اسم + ان	
22	در	در|در|در|در|در	در	در|در|در|در|در	Pr|V|N1|N1|VPr	حرف اضافه|فعل امر مثبت|اسم|اسم|پیشوند فعل	
23	ساعت	ساعت	ساعت	ساعت	N1	اسم	
24	۱۰:۱۵	۱۰:۱۵	۱۰:۱۵	۱۰:۱۵	Si	علامت	
25	زنگ	زنگ	زنگ	زنگ	N1	اسم	
26	خورد	خورد|خورد|خور	خورد	خورد|خورد|خور + د	V+O|N1|V+O	فعل ماضی ساده+سوم شخص مفرد|اسم|فعل مضارع ساده+سوم شخص مفرد	
27	که	که|که|که|که	که	که|که|که|که	C0|NA|N1|N1	حرف ربط|ضمیر پرسشی|اسم|اسم	
28	همه	همه|همه	همه	همه|همه	N1|A2	اسم|صفت مبهم	
29	را	را	را	را	Po	حرف اضافه پسین	
30	به	به|به	به	به|به	Pr|N1	حرف اضافه|اسم	
31	دلیل	دلیل	دلیل	دلیل	N1	اسم	
32	این	این|این	این	این|این	A1|N6	صفت اشاره|ضمیر اشاره	
33	یک	یک	یک	یک	O	عدد حرفی	
34	ربع	ربع	ربع	ربع	N1	اسم	
35	زودتر	زود	زود	زود + تر	A0+O	صفت + علامت صفت تفضیلی	
36	زنگ	زنگ	زنگ	زنگ	N1	اسم	
37	خوردن	خورد|خور	خوردن	خورد + ن|خور + د + ن	V2+O|V1+O+O	بن ماضی + ن|بن مضارع + د + ن	
38	تعجب‌زده	تعجب‌زده	تعجب‌زده	تعجب‌زده	A0	صفت	
39	کرد	کرد|کرد	کرد	کرد|کرد	V+O|N1	فعل ماضی ساده+سوم شخص مفرد|اسم	
40	!	!	!	!	Si	علامت	

0	معلم	معلم|معلم	معلم	معلم|معلم	N1|N4	اسم|اسم فامیل	
1	به	به|به	به	به|به	Pr|N1	حرف اضافه|اسم	
2	نماینده	نماینده|نما|نما|نما	نماینده	نماینده|نما + ینده|نما + ینده|نما + ینده	N1|V1+O|V1+O|N1+O	اسم|بن مضارع + ینده|بن مضارع + ینده|اسم + ینده	
3	گفت	گفت|گفت	گفت	گفت|گفت	V+O|N1	فعل ماضی ساده+سوم شخص مفرد|اسم	
4	ایمیل	ایمیل	ایمیل	ایمیل	N1	اسم	
5	(	(	(	(	Si	علامت	
6	email	email	email	email	O	کلمه انگلیسی	
7	)	)	)	)	Si	علامت	
8	همه	همه|همه	همه	همه|همه	N1|A2	اسم|صفت مبهم	
9	دانش‌آموزان	دانش آموز	دانش‌آموز	دانش آموز	O	_
10	را	را	را	را	Po	حرف اضافه پسین	
11	بگیرد	گیر	گرفت	ب + گیر + د	V+O	فعل حال التزامی+سوم شخص مفرد	
12	تا	تا|تا|تا	تا	تا|تا|تا	Pr|C0|Ab	حرف اضافه|حرف ربط|اختصارات	
13	پاسخ	پاسخ	پاسخ	پاسخ	N1	اسم	
14	را	را	را	را	Po	حرف اضافه پسین	
15	به	به|به	به	به|به	Pr|N1	حرف اضافه|اسم	
16	آن‌ها	آن ها	آن	آن ها	O	_
17	میل	میل|میل	میل	میل|میل	N1|N1	اسم|اسم	
18	کند	کند|کن|کن	کند	کند|کن + د|کن + د	A0|V+O|V+O	صفت|فعل مضارع ساده+سوم شخص مفرد|فعل مضارع ساده+سوم شخص مفرد	
19	.	.	.	.	Si	علامت	

1	ایمیل‌های	ایمیل	ایمیل	ایمیل + ها + ی	N1+Pl+O	اسم + علامت جمع + ی	
2	جالبی	جالب	جالب	جالب + ی	A0+O	صفت + ی	
3	شنیده	شنیده|شنید	شنیده	شنیده|شنید + ه	N1|O+O	اسم|ریشه ماضی + ه	
4	می‌شد	شد	شد	می + شد	V+O	فعل ماضی استمراری+سوم شخص مفرد	
5	،	،	،	،	Si	علامت	
6	مثل	مثل|مثل|مثل	مثل	مثل|مثل|مثل	N1|N9|N1	اسم|اسم موجود در ساختمان حرف اضافه و حرف ربط گروهی|اسم	
7	BeFunny@yahoo.com	BeFunny@yahoo.com	BeFunny@yahoo. com	BeFunny@yahoo.com	Si	علامت	
8	،	،	،	،	Si	علامت	
9	sara_happy_girl@gmail.com	sara_happy_girl@gmail.com	sara_happy_girl@gmail. com	sara_happy_girl@gmail.com	Si	علامت	
10	یا	یا|یا	یا	یا|یا	C0|Intj	حرف ربط|صوت	
11	lonely.girl@gamil.com	lonely.girl@gamil.com	lonely. girl@gamil. com	lonely.girl@gamil.com	Si	علامت	
12	و	و|و|و	و	و|و|و	C0|Al|Ab	حرف ربط|حروف الفبا|اختصارات	
13	…	…	…	…	O	_
14	که	که|که|که|که	که	که|که|که|که	C0|NA|N1|N1	حرف ربط|ضمیر پرسشی|اسم|اسم	
15	تا	تا|تا|تا	تا	تا|تا|تا	Pr|C0|Ab	حرف اضافه|حرف ربط|اختصارات	
16	حدودی	حدود	حدود	حدود + ی	N1+O	اسم + ی	
17	از	از	از	از	Pr	حرف اضافه	
18	روی	روی|روی|رو|رو	روی	روی|روی|رو + ی|رو + ی	Pr1|N1|N1+O|V+O	حرف اضافه گروهی|اسم|اسم + ی|فعل مضارع ساده+دوم شخص مفرد	
19	این	این|این	این	این|این	A1|N6	صفت اشاره|ضمیر اشاره	
20	قبیل	قبیل	قبیل	قبیل	N9	اسم موجود در ساختمان حرف اضافه و حرف ربط گروهی	
21	آدرس	آدرس	آدرس	آدرس	N1	اسم	
22	ایمیل‌ها	ایمیل	ایمیل	ایمیل + ها	N1+Pl	اسم + علامت جمع	
23	می‌توان	توان	می‌توان	می + توان	O+V4	می + فعل وجه نما	
24	به	به|به	به	به|به	Pr|N1	حرف اضافه|اسم	
25	حال	حال	حال	حال	N1	اسم	
26	درونی	درونی|درون|در|در	درون	درونی|درون + ی|در + ون + ی|در + ون + ی	A0|N1+O|N1+Pl+O|N1+Pl+O	صفت|اسم + ی|اسم + علامت جمع + ی|اسم + علامت جمع + ی	
27	صاحب	صاحب	صاحب	صاحب	N1	اسم	
28	email	email	email	email	O	کلمه انگلیسی	
29	پی	پی|پی|پی	پی	پی|پی|پی	N1|N9|Ab	اسم|اسم موجود در ساختمان حرف اضافه و حرف ربط گروهی|اختصارات	
30	برد	برد|برد|بر|رد	برد	برد|برد|بر + د|ب + رد	V+O|N1|V+O|O+A0	فعل ماضی ساده+سوم شخص مفرد|اسم|فعل مضارع ساده+سوم شخص مفرد|ب + صفت	
31	..	..	..	..	Si	علامت	

0	الگوریتم‌های	الگوریتم	الگوریتم	الگوریتم	O	_
1	مختلفی	مختلف	مختلف	مختلف + ی	A0+O	صفت + ی	
2	وجود	وجود|وجود	وجود	وجود|وجود	N1|N9	اسم|اسم موجود در ساختمان حرف اضافه و حرف ربط گروهی	
3	دارد	دار|دار	داشت	دار + د|دار + د	V+O|V5+O	فعل مضارع ساده+سوم شخص مفرد|فعل کمکی + د	
4	برای	برای|برا|بر	برای	برای|برا + ی|بر + ا + ی	Pr|A0+O|O+O+O	حرف اضافه|صفت + ی|ریشه مضارع + ا + ی	
5	کلاس‌بندی	کلاس‌بندی	کلاس‌بندی	کلاس‌بندی	N1	اسم	
6	کردن	کرد	کردن	کرد + ن	V2+O	بن ماضی + ن	
7	داده‌ها	داده|داد|داد	داده	داده + ها|داد + ه + ها|داد + ه + ها	N1+Pl|O+O+Pl|N1+O+Pl	اسم + علامت جمع|ریشه ماضی + ه + علامت جمع|اسم + ه + علامت جمع	
8	(	(	(	(	Si	علامت	
9	data	data	data	data	O	کلمه انگلیسی	
10	)	)	)	)	Si	علامت	
11	؛	؛	؛	؛	Si	علامت	
12	مانند	مانند|مانند|مان|مان	مانند	مانند|مانند|مان + ند|مان + ند	N1|N9|V+O|N1+V	اسم|اسم موجود در ساختمان حرف اضافه و حرف ربط گروهی|فعل مضارع ساده+سوم شخص جمع|اسم + فعل سوم شخص جمع	
13	کی.ان.ان	کی.ان.ان	کی. ان. ان	کی.ان.ان	Si	علامت	
14	،	،	،	،	Si	علامت	
15	اس.وی.ام	اس.وی.ام	اس. وی. ام	اس.وی.ام	Si	علامت	
16	،	،	،	،	Si	علامت	
17	سی.ان.ان	سی.ان.ان	سی. ان. ان	سی.ان.ان	Si	علامت	
18	و	و|و|و	و	و|و|و	C0|Al|Ab	حرف ربط|حروف الفبا|اختصارات	
19	غیره	غیره|غیر	غیره	غیره|غیر + ه	N1|A0+O	اسم|صفت + ه	
20	،	،	،	،	Si	علامت	
21	که	که|که|که|که	که	که|که|که|که	C0|NA|N1|N1	حرف ربط|ضمیر پرسشی|اسم|اسم	
22	برای	برای|برا|بر	برای	برای|برا + ی|بر + ا + ی	Pr|A0+O|O+O+O	حرف اضافه|صفت + ی|ریشه مضارع + ا + ی	
23	هر	هر	هر	هر	A1	صفت اشاره	
24	کاربرد	کاربرد|کار	کاربرد	کاربرد|کار + بر + د	N1|V1+O+O	اسم|بن مضارع + بر + د	
25	باید	باید	باید	باید	V4	فعل وجه نما	
26	بررسی	بررسی|بررس	بررسی	بررسی|بررس + ی	N1|N1+O	اسم|اسم + ی	
27	کنیم	کن|کن|کن|کن|کن	کرد	کن + یم|کن + یم|کن + ی + م|کن + ی + م|کن + یم	V+O|V+O|V+O|V+O|N2+V	فعل مضارع ساده+اول شخص جمع|فعل مضارع ساده+اول شخص جمع|فعل مضارع ساده+دوم شخص مفرد|فعل مضارع ساده+دوم شخص مفرد|اسم خاص مکان + فعل اول شخص جمع	
28	ببینیم	بین|بین|بین	ببینیم	ب + بین + یم|ب + بین + ی + م|ب + بین + یم	V+O|V+O|O+A0+V	فعل حال التزامی+اول شخص جمع|فعل حال التزامی+دوم شخص مفرد|ب + صفت + فعل اول شخص جمع	
29	کدامیک	کدامیک	کدامیک	کدامیک	NA	ضمیر پرسشی	
30	برای	برای|برا|بر	برای	برای|برا + ی|بر + ا + ی	Pr|A0+O|O+O+O	حرف اضافه|صفت + ی|ریشه مضارع + ا + ی	
31	کارمان	کار|کار	کار	کار + مان|کار + مان	N1+O|V+O	اسم + ضمیر ملکی اول شخص جمع|فعل مضارع ساده+سوم شخص مفرد	
32	دقت	دقت|دق	دقت	دقت|دق + ت	N1|N1+O	اسم|اسم + ضمیر ملکی دوم شخص مفرد	
33	(	(	(	(	Si	علامت	
34	accuracy	accuracy	accuracy	accuracy	O	کلمه انگلیسی	
35	)	)	)	)	Si	علامت	
36	بالاتری	بالا|بال|بال	بالاتری	بالا + تر + ی|بال + ا + تر + ی|بال + ا + تر + ی	A0+O+O|O+O+O+O|N1+O+O+O	صفت + علامت صفت تفضیلی + ی|ریشه مضارع + ا + علامت صفت تفضیلی + ی|اسم + ا + علامت صفت تفضیلی + ی	
37	دارد	دار|دار	داشت	دار + د|دار + د	V+O|V5+O	فعل مضارع ساده+سوم شخص مفرد|فعل کمکی + د	
38	.	.	.	.	Si	علامت	

0	گاهی	گاهی|گاه	گاه	گاهی|گاه + ی	Ad|Ad+O	قید|قید + ی	
1	بیش‌	بیش	بیش	بیش	A0	صفت	
2	از	از	از	از	Pr	حرف اضافه	
3	۰.۵	۰.۵	۰٫۵	۰.۵	Si	علامت	
4	درصد	درصد	درصد	درصد	N1	اسم	
5	از	از	از	از	Pr	حرف اضافه	
6	وقت‌های	وقت	وقت	وقت + ها + ی	N1+Pl+O	اسم + علامت جمع + ی	
7	روزمره	روزمرّه	روزمره	روزمرّه	A0	صفت	
8	ما	ما	ما	ما	N5	ضمیر فاعلی	
9	صرف	صرف|صرف|صرف|صرف	صرف	صرف|صرف|صرف|صرف	V|N1|A0|N9	فعل امر مثبت|اسم|صفت|اسم موجود در ساختمان حرف اضافه و حرف ربط گروهی	
10	اتفاقاتی	اتفاق	اتفاقات	اتفاق + ات + ی	N1+Pl+O	اسم + علامت جمع + ی	
11	می‌شود	شو	شد	می + شو + د	V+O	فعل حال اخباری+سوم شخص مفرد	
12	که	که|که|که|که	که	که|که|که|که	C0|NA|N1|N1	حرف ربط|ضمیر پرسشی|اسم|اسم	
13	هنوز	هنوز	هنوز	هنوز	Ad	قید	
14	رخ	رخ|رخ	رخ	رخ|رخ	N1|N1	اسم|اسم	
15	نداده‌اند	نداده|داد	داد	نداده + اند|ن + داد + ه + اند	A0+V|V+O	صفت + فعل سوم شخص جمع|فعل ماضی نقلی منفی+سوم شخص جمع	
16	و	و|و|و	و	و|و|و	C0|Al|Ab	حرف ربط|حروف الفبا|اختصارات	
17	ممکن	ممکن	ممکن	ممکن	A0	صفت	
18	است	است|اس		است|اس + ت	V+O|N1+O	فعل مضارع ساده+سوم شخص مفرد|اسم + ضمیر ملکی دوم شخص مفرد	
19	هیچوقت	هیچ‌وقت	هیچوقت	هیچ‌وقت	Ad	قید	
20	هم	هم|هم|هم	هم	هم|هم|هم	Ad|C0|O	قید|حرف ربط|ضمیر مشترک/متقابل	
21	رخ	رخ|رخ	رخ	رخ|رخ	N1|N1	اسم|اسم	
22	ندهند	ده	داد	ن + ده + ند	V+O	فعل حال التزامی منفی+سوم شخص جمع	
23	!	!	!	!	Si	علامت	
24	!	!	!	!	Si	علامت	

0	یا	یا|یا	یا	یا|یا	C0|Intj	حرف ربط|صوت	
1	درمقابل	درمقابل	درمقابل	درمقابل	Pr1	حرف اضافه گروهی	
2	مرور	مرور	مرور	مرور	N1	اسم	
3	اتفاقاتی	اتفاق	اتفاقات	اتفاق + ات + ی	N1+Pl+O	اسم + علامت جمع + ی	
4	که	که|که|که|که	که	که|که|که|که	C0|NA|N1|N1	حرف ربط|ضمیر پرسشی|اسم|اسم	
5	پیشامده	پیشامد|امد	پیشامده	پیشامد + ه|پیش + امد + ه	N1+O|O+N1+O	اسم + ه|پیش + اسم + ه	
6	و	و|و|و	و	و|و|و	C0|Al|Ab	حرف ربط|حروف الفبا|اختصارات	
7	تمام	تمام|تمام	تمام	تمام|تمام	A0|N9	صفت|اسم موجود در ساختمان حرف اضافه و حرف ربط گروهی	
8	شده	شد	شده	شد + ه	V3+O	فعل اسنادی + ه	
9	!	!	!	!	Si	علامت	
10	!	!	!	!	Si	علامت	

0	که	که|که|که|که	که	که|که|که|که	C0|NA|N1|N1	حرف ربط|ضمیر پرسشی|اسم|اسم	
1	این‌ها	این‌ها	این	این‌ها	N6	ضمیر اشاره	
2	شاید	شاید|شاید|شا	شاید	شاید|شاید|شا + ی + د	V+O|Ad|V+O	فعل ماضی ساده+سوم شخص مفرد|قید|فعل مضارع ساده+سوم شخص مفرد	
3	حتی	حتی	حتی	حتی	Ad	قید	
4	آنقدر	آن‌قدر	آنقدر	آن‌قدر	Ad	قید	
5	مهم	مهم|مه|مه|مه|مه	مهم	مهم|مه + م|مه + م|مه + م|مه + م	A0|N1+O|N1+V|N1+O|N1+V	صفت|اسم + ضمیر ملکی اول شخص مفرد|اسم + فعل اول شخص مفرد|اسم + ضمیر ملکی اول شخص مفرد|اسم + فعل اول شخص مفرد	
6	هم	هم|هم|هم	هم	هم|هم|هم	Ad|C0|O	قید|حرف ربط|ضمیر مشترک/متقابل	
7	نباشند	باش|باش	بود	ن + باش + ند|ن + باش + ند	V+O|O+V5+V	فعل حال التزامی منفی+سوم شخص جمع|ن + فعل کمکی + فعل سوم شخص جمع	
8	!	!	!	!	Si	علامت	
9	!	!	!	!	Si	علامت	

0	یعنی	یعنی	یعنی	یعنی	C0	حرف ربط	
1	اصلا	اصلاً	اصلا	اصلاً	Ad	قید	
2	مهم	مهم|مه|مه|مه|مه	مهم	مهم|مه + م|مه + م|مه + م|مه + م	A0|N1+O|N1+V|N1+O|N1+V	صفت|اسم + ضمیر ملکی اول شخص مفرد|اسم + فعل اول شخص مفرد|اسم + ضمیر ملکی اول شخص مفرد|اسم + فعل اول شخص مفرد	
3	نباشند	باش|باش	بود	ن + باش + ند|ن + باش + ند	V+O|O+V5+V	فعل حال التزامی منفی+سوم شخص جمع|ن + فعل کمکی + فعل سوم شخص جمع	
4	!	!	!	!	Si	علامت	

0	مثل	مثل|مثل|مثل	مثل	مثل|مثل|مثل	N1|N9|N1	اسم|اسم موجود در ساختمان حرف اضافه و حرف ربط گروهی|اسم	
1	فکر	فکر	فکر	فکر	N1	اسم	
2	کردن	کرد	کردن	کرد + ن	V2+O	بن ماضی + ن	
3	به	به|به	به	به|به	Pr|N1	حرف اضافه|اسم	
4	اینکه	اینکه	اینکه	اینکه	Ad	قید	
5	فلان	فلان	فلان	فلان	A2	صفت مبهم	
6	شخص	شخص	شخص	شخص	N1	اسم	
7	اگر	اگر	اگر	اگر	C0	حرف ربط	
8	ما	ما	ما	ما	N5	ضمیر فاعلی	
9	فلان	فلان	فلان	فلان	A2	صفت مبهم	
10	کار	کار|کار	کار	کار|کار	N1|V	اسم|فعل امر مثبت	
11	را	را	را	را	Po	حرف اضافه پسین	
12	که	که|که|که|که	که	که|که|که|که	C0|NA|N1|N1	حرف ربط|ضمیر پرسشی|اسم|اسم	
13	به	به|به	به	به|به	Pr|N1	حرف اضافه|اسم	
14	نظرمان	نظر	نظر	نظر + مان	N1+O	اسم + ضمیر ملکی اول شخص جمع	
15	درست	درست|درس	درست	درست|درس + ت	A0|N1+O	صفت|اسم + ضمیر ملکی دوم شخص مفرد	
16	است	است|اس		است|اس + ت	V+O|N1+O	فعل مضارع ساده+سوم شخص مفرد|اسم + ضمیر ملکی دوم شخص مفرد	
17	را	را	را	را	Po	حرف اضافه پسین	
18	انجام	انجام|انجام	انجام	انجام|انجام	N1|V	اسم|فعل امر مثبت	
19	دهیم	ده|ده|ده	داد	ده + یم|ده + ی + م|ده + یم	V+O|V+O|N1+V	فعل مضارع ساده+اول شخص جمع|فعل مضارع ساده+دوم شخص مفرد|اسم + فعل اول شخص جمع	
20	،	،	،	،	Si	علامت	
21	درمورد	درمورد	درمورد	درمورد	Pr1	حرف اضافه گروهی	
22	ما	ما	ما	ما	N5	ضمیر فاعلی	
23	چه	چه|چه|چه	چه	چه|چه|چه	NA|C0|A0	ضمیر پرسشی|حرف ربط|صفت	
24	فکری	فکری|فکر	فکر	فکری|فکر + ی	A0|N1+O	صفت|اسم + ی	
25	می‌کند	کن|کن|می|می	کرد	می + کن + د|می + کن + د|می + ک + ند|می + ک + ند	V+O|V+O|N1+O+V|N1+O+V	فعل حال اخباری+سوم شخص مفرد|فعل حال اخباری+سوم شخص مفرد|اسم + ک + فعل سوم شخص جمع|اسم + ک + فعل سوم شخص جمع	
26	!	!	!	!	Si	علامت	
27	!	!	!	!	Si	علامت	

0	چه‌بسا	چه‌بسا	چه‌بسا	چه‌بسا	Ad	قید	
1	اصلا	اصلاً	اصلا	اصلاً	Ad	قید	
2	فلان	فلان	فلان	فلان	A2	صفت مبهم	
3	شخص	شخص	شخص	شخص	N1	اسم	
4	به	به|به	به	به|به	Pr|N1	حرف اضافه|اسم	
5	ذهنش	ذهن	ذهن	ذهن + ش	N1+O	اسم + ضمیر ملکی سوم شخص مفرد	
6	همچنین	همچنین	همچنین	همچنین	Ad	قید	
7	فکری	فکری|فکر	فکر	فکری|فکر + ی	A0|N1+O	صفت|اسم + ی	
8	خطور	خطور	خطور	خطور	N1	اسم	
9	نکند	کن|کن|نک	کرد	ن + کن + د|ن + کن + د|نک + ند	V+O|V+O|N1+V	فعل حال التزامی منفی+سوم شخص مفرد|فعل حال التزامی منفی+سوم شخص مفرد|اسم + فعل سوم شخص جمع	
10	!	!	!	!	Si	علامت	

0	یا	یا|یا	یا	یا|یا	C0|Intj	حرف ربط|صوت	
1	مثلا	مثلاً	مثلا	مثلاً	Ad	قید	
2	فکر	فکر	فکر	فکر	N1	اسم	
3	کردن	کرد	کردن	کرد + ن	V2+O	بن ماضی + ن	
4	به	به|به	به	به|به	Pr|N1	حرف اضافه|اسم	
5	اینکه	اینکه	اینکه	اینکه	Ad	قید	
6	اگر	اگر	اگر	اگر	C0	حرف ربط	
7	فلان	فلان	فلان	فلان	A2	صفت مبهم	
8	چیز	چیز	چیز	چیز	N1	اسم	
9	گفته	گفته|گفته|گفت|گفت	گفته	گفته|گفته|گفت + ه|گفت + ه	A0|N9|O+O|N1+O	صفت|اسم موجود در ساختمان حرف اضافه و حرف ربط گروهی|ریشه ماضی + ه|اسم + ه	
10	شود	شود|شو	شد	شود|شو + د	N1|V+O	اسم|فعل مضارع ساده+سوم شخص مفرد	
11	ممکن	ممکن	ممکن	ممکن	A0	صفت	
12	است	است|اس		است|اس + ت	V+O|N1+O	فعل مضارع ساده+سوم شخص مفرد|اسم + ضمیر ملکی دوم شخص مفرد	
13	چه	چه|چه|چه	چه	چه|چه|چه	NA|C0|A0	ضمیر پرسشی|حرف ربط|صفت	
14	اتفاقی	اتفاقی|اتفاق	اتفاق	اتفاقی|اتفاق + ی	A0|N1+O	صفت|اسم + ی	
15	بیفتد	افت	بیفتد	بی + افت + د	V+O	فعل حال التزامی+سوم شخص مفرد	
16	یا	یا|یا	یا	یا|یا	C0|Intj	حرف ربط|صوت	
17	بقیه	بقیه|بقیه|قیه|بق|قی	بقیه	بقیه|بقیه|ب + قیه|بق + یه|ب + قی + ه	A0|N1|O+N1|N1+O|O+N1+O	صفت|اسم|ب + اسم|اسم + یه|ب + اسم + ه	
18	چه	چه|چه|چه	چه	چه|چه|چه	NA|C0|A0	ضمیر پرسشی|حرف ربط|صفت	
19	بگویند	گو	گفت	ب + گو + یند	V+O	فعل حال التزامی+سوم شخص جمع	
20	!	!	!	!	Si	علامت	
21	!	!	!	!	Si	علامت	

0	یا	یا|یا	یا	یا|یا	C0|Intj	حرف ربط|صوت	
1	مثلا	مثلاً	مثلا	مثلاً	Ad	قید	
2	من	من	من	من	N5	ضمیر فاعلی	
3	که	که|که|که|که	که	که|که|که|که	C0|NA|N1|N1	حرف ربط|ضمیر پرسشی|اسم|اسم	
4	فلان	فلان	فلان	فلان	A2	صفت مبهم	
5	کار	کار|کار	کار	کار|کار	N1|V	اسم|فعل امر مثبت	
6	را	را	را	را	Po	حرف اضافه پسین	
7	کردم	کرد|کرد|کرد	کرد	کرد + م|کرد + م|کرد + م	V+O|N1+O|N1+V	فعل ماضی ساده+اول شخص مفرد|اسم + ضمیر ملکی اول شخص مفرد|اسم + فعل اول شخص مفرد	
8	آیا	آیا|آی	آیا	آیا|آی + ا	NA|O+O	ضمیر پرسشی|ریشه مضارع + ا	
9	بهمان	بهمان|به	بهمان	بهمان|به + مان	A2|N1+O	صفت مبهم|اسم + ضمیر ملکی اول شخص جمع	
10	شخص	شخص	شخص	شخص	N1	اسم	
11	از	از	از	از	Pr	حرف اضافه	
12	من	من	من	من	N5	ضمیر فاعلی	
13	ناراحت	ناراحت|راحت	ناراحت	ناراحت|نا + راحت	A0|O+A0	صفت|نا + صفت	
14	شده‌	شد	شده	شد + ه	V3+O	فعل اسنادی + ه	
15	یا	یا|یا	یا	یا|یا	C0|Intj	حرف ربط|صوت	
16	نه	نه|نه|نه	نه	نه|نه|نه	O|V|N1	عدد حرفی|فعل امر مثبت|اسم	
17	؟	؟	؟	؟	Si	علامت	

0	گاهی	گاهی|گاه	گاه	گاهی|گاه + ی	Ad|Ad+O	قید|قید + ی	
1	با	با	با	با	Pr	حرف اضافه	
2	یکبار	یک‌بار	یکبار	یک‌بار	A0	صفت	
3	پرسیدن	پرسید|پرس	پرسیدن	پرسید + ن|پرس + ید + ن	V2+O|V1+V+O	بن ماضی + ن|بن مضارع + فعل دوم شخص جمع + ن	
4	از	از	از	از	Pr	حرف اضافه	
5	آن	ان	آن	ان	Ab	اختصارات	
6	شخص	شخص	شخص	شخص	N1	اسم	
7	،	،	،	،	Si	علامت	
8	یا	یا|یا	یا	یا|یا	C0|Intj	حرف ربط|صوت	
9	با	با	با	با	Pr	حرف اضافه	
10	صحبت	صحبت	صحبت	صحبت	N1	اسم	
11	کردن	کرد	کردن	کرد + ن	V2+O	بن ماضی + ن	
12	با	با	با	با	Pr	حرف اضافه	
13	یک	یک	یک	یک	O	عدد حرفی	
14	فرد	فرد	فرد	فرد	N1	اسم	
15	که	که|که|که|که	که	که|که|که|که	C0|NA|N1|N1	حرف ربط|ضمیر پرسشی|اسم|اسم	
16	مطمینیم	مطمینیم	مطمینیم	مطمینیم	O	_
17	ما	ما	ما	ما	N5	ضمیر فاعلی	
18	را	را	را	را	Po	حرف اضافه پسین	
19	دوست	دوست|دو	دوست	دوست|دو + ست	N1|N1+O	اسم|اسم + ضمیر ملکی سوم شخص مفرد	
20	دارد	دار|دار	داشت	دار + د|دار + د	V+O|V5+O	فعل مضارع ساده+سوم شخص مفرد|فعل کمکی + د	
21	و	و|و|و	و	و|و|و	C0|Al|Ab	حرف ربط|حروف الفبا|اختصارات	
22	همچنین	همچنین	همچنین	همچنین	Ad	قید	
23	از	از	از	از	Pr	حرف اضافه	
24	دیدگاهمان	دیدگاه|دید|دید	دیدگاه	دیدگاه + مان|دید + گاه + مان|دید + گاه + مان	N1+O|V|N1+O+O	اسم + ضمیر ملکی اول شخص جمع|فعل ماضی ساده|اسم + گاه + ضمیر ملکی اول شخص جمع	
25	آگاه	آگاه|آگاه	آگاه	آگاه|آگاه	V|A0	فعل امر مثبت|صفت	
26	و	و|و|و	و	و|و|و	C0|Al|Ab	حرف ربط|حروف الفبا|اختصارات	
27	فهمیده	فهمیده|فهمید	فهمیده	فهمیده|فهمید + ه	A0|O+O	صفت|ریشه ماضی + ه	
28	است	است|اس		است|اس + ت	V+O|N1+O	فعل مضارع ساده+سوم شخص مفرد|اسم + ضمیر ملکی دوم شخص مفرد	
29	،	،	،	،	Si	علامت	
30	می‌توان	توان	می‌توان	می + توان	O+V4	می + فعل وجه نما	
31	خیلی	خیلی|خیلی|خیل	خیلی	خیلی|خیلی|خیل + ی	A0|Ad|N1+O	صفت|قید|اسم + ی	
32	از	از	از	از	Pr	حرف اضافه	
33	آشفتگی‌های	آشفتگی	آشفتگی	آشفتگی	O	_
34	فکری	فکری|فکر	فکر	فکری|فکر + ی	A0|N1+O	صفت|اسم + ی	
35	و	و|و|و	و	و|و|و	C0|Al|Ab	حرف ربط|حروف الفبا|اختصارات	
36	بسیاری	بسیاری|بسیار|بسیار|سیار|بس	بسیار	بسیاری|بسیار + ی|بسیار + ی|ب + سیار + ی|بس + یار + ی	A2|A0+O|Ad+O|O+A0+O|A0+O+O	صفت مبهم|صفت + ی|قید + ی|ب + صفت + ی|صفت + یار + ی	
37	موارد	مورد|مورد	موارد	مورد|مورد	O|O	اسم مفرد جمع مکسر|اسم مفرد جمع مکسر	
38	که	که|که|که|که	که	که|که|که|که	C0|NA|N1|N1	حرف ربط|ضمیر پرسشی|اسم|اسم	
39	فکر	فکر	فکر	فکر	N1	اسم	
40	ما	ما	ما	ما	N5	ضمیر فاعلی	
41	را	را	را	را	Po	حرف اضافه پسین	
42	مشوش	مشوش|مش	مشوش	مشوش|مش + وش	N1|N1+O	اسم|اسم + وش	
43	می	می|می	می	می|می	N1|N1	اسم|اسم	
44	کند	کند|کن|کن	کند	کند|کن + د|کن + د	A0|V+O|V+O	صفت|فعل مضارع ساده+سوم شخص مفرد|فعل مضارع ساده+سوم شخص مفرد	
45	رها	رها|رها|ره	رها	رها|رها|ره + ا	V|A0|O+O	فعل امر مثبت|صفت|ریشه مضارع + ا	
46	شد	شد	شد	شد	V+O	فعل ماضی ساده+سوم شخص مفرد	
47	؛	؛	؛	؛	Si	علامت	
48	خیلی	خیلی|خیلی|خیل	خیلی	خیلی|خیلی|خیل + ی	A0|Ad|N1+O	صفت|قید|اسم + ی	
49	از	از	از	از	Pr	حرف اضافه	
50	مسایل	مسئله	مسایل	مسئله	O	اسم مفرد جمع مکسر	
51	را	را	را	را	Po	حرف اضافه پسین	
52	می‌توان	توان	می‌توان	می + توان	O+V4	می + فعل وجه نما	
53	حل	حل	حل	حل	N1	اسم	
54	کرد	کرد|کرد	کرد	کرد|کرد	V+O|N1	فعل ماضی ساده+سوم شخص مفرد|اسم	
55	و	و|و|و	و	و|و|و	C0|Al|Ab	حرف ربط|حروف الفبا|اختصارات	
56	به	به|به	به	به|به	Pr|N1	حرف اضافه|اسم	
57	دنبال	دنبال|دنبال	دنبال	دنبال|دنبال	N1|N9	اسم|اسم موجود در ساختمان حرف اضافه و حرف ربط گروهی	
58	آن	ان	آن	ان	Ab	اختصارات	
59	می‌توانیم	توان|توان|توان	توانست	می + توان + یم|می + توان + یم|می + توان + ی + م	O+V4+V|V+O|V+O	می + فعل وجه نما + فعل اول شخص جمع|فعل حال اخباری+اول شخص جمع|فعل حال اخباری+دوم شخص مفرد	
60	از	از	از	از	Pr	حرف اضافه	
61	وقتمان	وقت	وقتمان	وقت + مان	N1+O	اسم + ضمیر ملکی اول شخص جمع	
62	مفیدتر	مفید	مفید	مفید + تر	A0+O	صفت + علامت صفت تفضیلی	
63	استفاده	استفاده	استفاده	استفاده	N1	اسم	
64	کنیم	کن|کن|کن|کن|کن	کرد	کن + یم|کن + یم|کن + ی + م|کن + ی + م|کن + یم	V+O|V+O|V+O|V+O|N2+V	فعل مضارع ساده+اول شخص جمع|فعل مضارع ساده+اول شخص جمع|فعل مضارع ساده+دوم شخص مفرد|فعل مضارع ساده+دوم شخص مفرد|اسم خاص مکان + فعل اول شخص جمع	
65	و	و|و|و	و	و|و|و	C0|Al|Ab	حرف ربط|حروف الفبا|اختصارات	
66	شادتر	شاد	شاد	شاد + تر	A0+O	صفت + علامت صفت تفضیلی	
67	به	به|به	به	به|به	Pr|N1	حرف اضافه|اسم	
68	زیستن	زیست	زیستن	زیست + ن	V2+O	بن ماضی + ن	
69	خود	خود|خود	خود	خود|خود	O|N1	ضمیر مشترک/متقابل|اسم	
70	ادامه	ادامه	ادامه	ادامه	N1	اسم	
71	دهیم	ده|ده|ده	داد	ده + یم|ده + ی + م|ده + یم	V+O|V+O|N1+V	فعل مضارع ساده+اول شخص جمع|فعل مضارع ساده+دوم شخص مفرد|اسم + فعل اول شخص جمع	
72	!	!	!	!	Si	علامت	
73	!	!	!	!	Si	علامت	

0	در	در|در|در|در|در	در	در|در|در|در|در	Pr|V|N1|N1|VPr	حرف اضافه|فعل امر مثبت|اسم|اسم|پیشوند فعل	
1	پاره‌ای	پاره‌ای|پاره|پار	پاره	پاره‌ای|پاره + ای|پار + ه + ای	A0|A0+O|N1+O+O	صفت|صفت + ای|اسم + ه + ای	
2	از	از	از	از	Pr	حرف اضافه	
3	مسایل	مسئله	مسایل	مسئله	O	اسم مفرد جمع مکسر	
4	،	،	،	،	Si	علامت	
5	مشکل	مشکل	مشکل	مشکل	N1	اسم	
6	زمانی	زمانی|زمان|زم	زمان	زمانی|زمان + ی|زم + ان + ی	A0+O|N1+O+O|N1+O+O	صفت+واجی ریشه: zamAni|اسم + ی+واجی ریشه: zamAn|اسم + ان + ی	
7	رخ	رخ|رخ	رخ	رخ|رخ	N1|N1	اسم|اسم	
8	می‌دهد	ده	داد	می + ده + د	V+O	فعل حال اخباری+سوم شخص مفرد	
9	که	که|که|که|که	که	که|که|که|که	C0|NA|N1|N1	حرف ربط|ضمیر پرسشی|اسم|اسم	
10	فعل‌های	فعل	فعل	فعل + ها + ی	N1+Pl+O	اسم + علامت جمع + ی	
11	مرکب	مرکب|مرکب	مرکب	مرکب|مرکب	A0|N1	صفت|اسم	
12	وارد	وارد	وارد	وارد	N1	اسم	
13	کار	کار|کار	کار	کار|کار	N1|V	اسم|فعل امر مثبت	
14	می‌شوند	شو	شد	می + شو + ند	V+O	فعل حال اخباری+سوم شخص جمع	
15	.	.	.	.	Si	علامت	

0	باید	باید	باید	باید	V4	فعل وجه نما	
1	با	با	با	با	Pr	حرف اضافه	
2	آن‌ها	آن ها	آن	آن ها	O	_
3	چه‌طور	چه‌طور	چه‌طور	چه‌طور	Ad	قید	
4	برخورد	برخورد|برخورد|برخور	برخورد	برخورد|برخورد|برخور + د	V+O|N1|V+O	فعل ماضی ساده+سوم شخص مفرد|اسم|فعل مضارع ساده+سوم شخص مفرد	
5	کرد	کرد|کرد	کرد	کرد|کرد	V+O|N1	فعل ماضی ساده+سوم شخص مفرد|اسم	
6	؟	؟	؟	؟	Si	علامت	
7	؟	؟	؟	؟	Si	علامت	

0	فعل‌هایی	فعل	فعل	فعل + ها + یی	N1+Pl+O	اسم + علامت جمع + یی	
1	مانند	مانند|مانند|مان|مان	مانند	مانند|مانند|مان + ند|مان + ند	N1|N9|V+O|N1+V	اسم|اسم موجود در ساختمان حرف اضافه و حرف ربط گروهی|فعل مضارع ساده+سوم شخص جمع|اسم + فعل سوم شخص جمع	
2	:	:	:	:	Si	علامت	

0	«	«	«	«	Si	علامت	
1	نگاه	نگاه|نگا	نگاه	نگاه|نگا + ه	N1|N1+O	اسم|اسم + ه	
2	کردن	کرد	کردن	کرد + ن	V2+O	بن ماضی + ن	
3	،	،	،	،	Si	علامت	
4	صدا	صدا	صدا	صدا	N1	اسم	
5	زدن	زد	زدن	زد + ن	V2+O	بن ماضی + ن	
6	،	،	،	،	Si	علامت	
7	مشوش	مشوش|مش	مشوش	مشوش|مش + وش	N1|N1+O	اسم|اسم + وش	
8	شدن	شد	شدن	شد + ن	V3+O	فعل اسنادی + ن	
9	و	و|و|و	و	و|و|و	C0|Al|Ab	حرف ربط|حروف الفبا|اختصارات	
10	…	…	…	…	O	_
11	»	»	»	»	Si	علامت	
12	.	.	.	.	Si	علامت	

0	در	در|در|در|در|در	در	در|در|در|در|در	Pr|V|N1|N1|VPr	حرف اضافه|فعل امر مثبت|اسم|اسم|پیشوند فعل	
1	۹	۹	۹	۹	Nu	عدد رقمی	
2	خرداد	خرداد	خرداد	خرداد	N1	اسم	
3	نود	نود|نو	نود	نود|نو + د	O|V+O	عدد حرفی|فعل مضارع ساده+سوم شخص مفرد	
4	و	و|و|و	و	و|و|و	C0|Al|Ab	حرف ربط|حروف الفبا|اختصارات	
5	هفت	هفت	هفت	هفت	O	عدد حرفی	
6	(	(	(	(	Si	علامت	
7	۱۳۹۷.۳.۹	۱۳۹۷.۳.۹	۱۳۹۷٫۳.۹	۱۳۹۷.۳.۹	Si	علامت	
8	)	)	)	)	Si	علامت	
9	،	،	،	،	Si	علامت	
10	در	در|در|در|در|در	در	در|در|در|در|در	Pr|V|N1|N1|VPr	حرف اضافه|فعل امر مثبت|اسم|اسم|پیشوند فعل	
11	وبلاگی	وبلاگ	وبلاگی	وبلاگ	O	_
12	نوشته‌بودند	نوشت	نوشته‌بودند	نوشت + ه + بود + ند	V+O	فعل ماضی بعید+سوم شخص جمع	
13	:	:	:	:	Si	علامت	

0	«	«	«	«	Si	علامت	
1	به	به|به	به	به|به	Pr|N1	حرف اضافه|اسم	
2	کلمه‌ی	کلمه|کلم	کلمه	کلمه + ی|کلم + ه + ی	N1+O|N1+O+O	اسم + ی|اسم + ه + ی	
3	دوم	دوم|دو|دو|دو	دوم	دوم|دو + م|دو + م|دو + م	A0|V+O|N1+O|N1+V	صفت|فعل مضارع ساده+اول شخص مفرد|اسم + ضمیر ملکی اول شخص مفرد|اسم + فعل اول شخص مفرد	
4	در	در|در|در|در|در	در	در|در|در|در|در	Pr|V|N1|N1|VPr	حرف اضافه|فعل امر مثبت|اسم|اسم|پیشوند فعل	
5	فعل	فعل|فعل	فعل	فعل|فعل	V|N1	فعل امر مثبت|اسم	
6	مرکب	مرکب|مرکب	مرکب	مرکب|مرکب	A0|N1	صفت|اسم	
7	»	»	»	»	Si	علامت	
8	همکرد	همکرد	همکرد	همکرد	N1	اسم	
9	«	«	«	«	Si	علامت	
10	می‌گویند	گو	گفت	می + گو + یند	V+O	فعل حال اخباری+سوم شخص جمع	
11	.	.	.	.	Si	علامت	

0	مثلا	مثلاً	مثلا	مثلاً	Ad	قید	
1	»	»	»	»	Si	علامت	
2	کردن	کرد	کردن	کرد + ن	V2+O	بن ماضی + ن	
3	«	«	«	«	Si	علامت	
4	در	در|در|در|در|در	در	در|در|در|در|در	Pr|V|N1|N1|VPr	حرف اضافه|فعل امر مثبت|اسم|اسم|پیشوند فعل	
5	»	»	»	»	Si	علامت	
6	کار	کار|کار	کار	کار|کار	N1|V	اسم|فعل امر مثبت	
7	کردن	کرد	کردن	کرد + ن	V2+O	بن ماضی + ن	
8	«	«	«	«	Si	علامت	
9	و	و|و|و	و	و|و|و	C0|Al|Ab	حرف ربط|حروف الفبا|اختصارات	
10	»	»	»	»	Si	علامت	
11	دادن	داد	دادن	داد + ن	V2+O	بن ماضی + ن	
12	«	«	«	«	Si	علامت	
13	در	در|در|در|در|در	در	در|در|در|در|در	Pr|V|N1|N1|VPr	حرف اضافه|فعل امر مثبت|اسم|اسم|پیشوند فعل	
14	»	»	»	»	Si	علامت	
15	دستور	دستور|دست	دستور	دستور|دست + ور	N1|N1+O	اسم|اسم + ور	
16	دادن	داد	دادن	داد + ن	V2+O	بن ماضی + ن	
17	«	«	«	«	Si	علامت	
18	و	و|و|و	و	و|و|و	C0|Al|Ab	حرف ربط|حروف الفبا|اختصارات	
19	»	»	»	»	Si	علامت	
20	زدن	زد	زدن	زد + ن	V2+O	بن ماضی + ن	
21	«	«	«	«	Si	علامت	
22	در	در|در|در|در|در	در	در|در|در|در|در	Pr|V|N1|N1|VPr	حرف اضافه|فعل امر مثبت|اسم|اسم|پیشوند فعل	
23	»	»	»	»	Si	علامت	
24	دست	دست|دست	دست	دست|دست	N1|N9	اسم|اسم موجود در ساختمان حرف اضافه و حرف ربط گروهی	
25	زدن	زد	زدن	زد + ن	V2+O	بن ماضی + ن	
26	«	«	«	«	Si	علامت	
27	و	و|و|و	و	و|و|و	C0|Al|Ab	حرف ربط|حروف الفبا|اختصارات	
28	»	»	»	»	Si	علامت	
29	نمودن	نمود	نمودن	نمود + ن	V2+O	بن ماضی + ن	
30	«	«	«	«	Si	علامت	
31	در	در|در|در|در|در	در	در|در|در|در|در	Pr|V|N1|N1|VPr	حرف اضافه|فعل امر مثبت|اسم|اسم|پیشوند فعل	
32	»	»	»	»	Si	علامت	
33	صاف	صاف|صاف	صاف	صاف|صاف	V|A0	فعل امر مثبت|صفت	
34	نمودن	نمود	نمودن	نمود + ن	V2+O	بن ماضی + ن	
35	«	«	«	«	Si	علامت	
36	اما	اما	اما	اما	C0	حرف ربط	
37	فعل‌های	فعل	فعل	فعل + ها + ی	N1+Pl+O	اسم + علامت جمع + ی	
38	مرکب	مرکب|مرکب	مرکب	مرکب|مرکب	A0|N1	صفت|اسم	
39	در	در|در|در|در|در	در	در|در|در|در|در	Pr|V|N1|N1|VPr	حرف اضافه|فعل امر مثبت|اسم|اسم|پیشوند فعل	
40	نامه‌های	نامه|نام|نام|مه|مه	نامه	نامه + ها + ی|نام + ه + ها + ی|نام + ه + ها + ی|نا + مه + ها + ی|نا + مه + ها + ی	N1+Pl+O|N1+O+Pl+O|V1+O+Pl+O|O+N1+Pl+O|O+N1+Pl+O	اسم + علامت جمع + ی|اسم + ه + علامت جمع + ی|بن مضارع + ه + علامت جمع + ی|نا + اسم + علامت جمع + ی|نا + اسم + علامت جمع + ی	
41	رسمی	رسمی|رسم	رسم	رسمی|رسم + ی	A0|N1+O	صفت|اسم + ی	
42	و	و|و|و	و	و|و|و	C0|Al|Ab	حرف ربط|حروف الفبا|اختصارات	
43	اداری	اداری	اداری	اداری	A0	صفت	
44	و	و|و|و	و	و|و|و	C0|Al|Ab	حرف ربط|حروف الفبا|اختصارات	
45	شبه‌رسمی	شبه رسمی	شبه‌رسمی	شبه رسمی	O	_
46	،	،	،	،	Si	علامت	
47	ظاهرا	ظاهراً	ظاهرا	ظاهراً	Ad	قید	
48	به	به|به	به	به|به	Pr|N1	حرف اضافه|اسم	
49	دلیل	دلیل	دلیل	دلیل	N1	اسم	
50	زیاده‌روی	زیاده‌روی	زیاده‌روی	زیاده‌روی	N1	اسم	
51	در	در|در|در|در|در	در	در|در|در|در|در	Pr|V|N1|N1|VPr	حرف اضافه|فعل امر مثبت|اسم|اسم|پیشوند فعل	
52	رسمی	رسمی|رسم	رسم	رسمی|رسم + ی	A0|N1+O	صفت|اسم + ی	
53	نوشتن	نوشت|نوش	نوشتن	نوشت + ن|نوش + ت + ن	V2+O|V1+O+O	بن ماضی + ن|بن مضارع + ضمیر ملکی دوم شخص مفرد + ن	
54	و	و|و|و	و	و|و|و	C0|Al|Ab	حرف ربط|حروف الفبا|اختصارات	
55	تفاخر	تفاخر	تفاخر	تفاخر	N1	اسم	
56	ادبی	ادبی|ادب	ادب	ادبی|ادب + ی	A0|N1+O	صفت|اسم + ی	
57	و	و|و|و	و	و|و|و	C0|Al|Ab	حرف ربط|حروف الفبا|اختصارات	
58	در	در|در|در|در|در	در	در|در|در|در|در	Pr|V|N1|N1|VPr	حرف اضافه|فعل امر مثبت|اسم|اسم|پیشوند فعل	
59	اصل	اصل	اصل	اصل	A0	صفت	
60	به	به|به	به	به|به	Pr|N1	حرف اضافه|اسم	
61	دلیل	دلیل	دلیل	دلیل	N1	اسم	
62	ضعف	ضعف	ضعف	ضعف	N1	اسم	
63	نگارش	نگارش	نگارش	نگارش	N1	اسم	
64	و	و|و|و	و	و|و|و	C0|Al|Ab	حرف ربط|حروف الفبا|اختصارات	
65	ناآشنایی	ناآشنایی|ناآشنا|آشنا	ناآشنایی	ناآشنایی|ناآشنا + یی|نا + آشنا + یی	N1|A0+O|O+A0+O	اسم|صفت + یی|نا + صفت + یی	
66	با	با	با	با	Pr	حرف اضافه	
67	فعل‌ها	فعل	فعل	فعل + ها	N1+Pl	اسم + علامت جمع	
68	،	،	،	،	Si	علامت	
69	گاهی	گاهی|گاه	گاه	گاهی|گاه + ی	Ad|Ad+O	قید|قید + ی	
70	به	به|به	به	به|به	Pr|N1	حرف اضافه|اسم	
71	شکلی	شکلی|شکل	شکل	شکلی|شکل + ی	A0|N1+O	صفت|اسم + ی	
72	ناجور	ناجور|جور	ناجور	ناجور|نا + جور	A0|O+N1	صفت|نا + اسم	
73	باهم	باهم|اهم|باه|باه|اه|اه	باهم	باهم|ب + اهم|باه + م|باه + م|ب + اه + م|ب + اه + م	Ad|O+A0|N1+O|N1+V|O+N1+O|O+N1+V	قید|ب + صفت|اسم + ضمیر ملکی اول شخص مفرد|اسم + فعل اول شخص مفرد|ب + اسم + ضمیر ملکی اول شخص مفرد|ب + اسم + فعل اول شخص مفرد	
74	قاطی	قاطر	قاطی	قاطر	N1	اسم	
75	می‌شوند	شو	شد	می + شو + ند	V+O	فعل حال اخباری+سوم شخص جمع	
76	.	.	.	.	Si	علامت	

0	یعنی	یعنی	یعنی	یعنی	C0	حرف ربط	
1	آقا	آقا|آقا	آقا	آقا|آقا	N1|Sp	اسم|شاخص	
2	یا	یا|یا	یا	یا|یا	C0|Intj	حرف ربط|صوت	
3	خانم	خانم|خانم|خان|خان	خانم	خانم|خانم|خان + م|خان + م	N1|Sp|N1+O|N1+V	اسم|شاخص|اسم + ضمیر ملکی اول شخص مفرد|اسم + فعل اول شخص مفرد	
4	نگارنده‌ی	نگارنده	نگارنده	نگارنده + ی	A0+O	صفت + ی	
5	نامه	نامه|نام|نام	نامه	نامه|نام + ه|نام + ه	N1|N1+O|V1+O	اسم|اسم + ه|بن مضارع + ه	
6	یا	یا|یا	یا	یا|یا	C0|Intj	حرف ربط|صوت	
7	اعلان	اعلان	اعلان	اعلان	N1	اسم	
8	یا	یا|یا	یا	یا|یا	C0|Intj	حرف ربط|صوت	
9	بیانیه	بیانیه|بیانی|بیان	بیانیه	بیانیه|بیانی + ه|بیان + ی + ه	N1|A0+O|N1+O+O	اسم|صفت + ه|اسم + ی + ه	
10	یا	یا|یا	یا	یا|یا	C0|Intj	حرف ربط|صوت	
11	هرچه	هرچه	هرچه	هرچه	Ad	قید	
12	،	،	،	،	Si	علامت	
13	همکرد	همکرد	همکرد	همکرد	N1	اسم	
14	یک	یک	یک	یک	O	عدد حرفی	
15	فعل	فعل|فعل	فعل	فعل|فعل	V|N1	فعل امر مثبت|اسم	
16	مرکب	مرکب|مرکب	مرکب	مرکب|مرکب	A0|N1	صفت|اسم	
17	را	را	را	را	Po	حرف اضافه پسین	
18	برمی‌دارد	بردار	برمی‌دارد	می + بردار + د	V+O	فعل حال اخباری+سوم شخص مفرد	
19	و	و|و|و	و	و|و|و	C0|Al|Ab	حرف ربط|حروف الفبا|اختصارات	
20	می‌گذارد	گذارد|گذار	گذاشت	می + گذارد|می + گذار + د	V+O|V+O	فعل ماضی استمراری+سوم شخص مفرد|فعل حال اخباری+سوم شخص مفرد	
21	ته	ته|ته	ته	ته|ته	V|Ad	فعل امر مثبت|قید	
22	دیگری	دیگری|دی	دیگر	دیگری|دی + گری	A2|N1+O	صفت مبهم|اسم + گری	
23	و	و|و|و	و	و|و|و	C0|Al|Ab	حرف ربط|حروف الفبا|اختصارات	
24	واژه‌ی	واژه|واژ	واژه	واژه + ی|واژ + ه + ی	N1+O|N1+O+O	اسم + ی|اسم + ه + ی	
25	دیگر	دیگر|دیگر|دی	دیگر	دیگر|دیگر|دی + گر	Ad|A2|N1+O	قید|صفت مبهم|اسم + گر	
26	آن	ان	آن	ان	Ab	اختصارات	
27	یکی	یکی|یک	یک	یکی|یک + ی	A2|O+O	صفت مبهم|عدد حرفی + ی	
28	فعل	فعل|فعل	فعل	فعل|فعل	V|N1	فعل امر مثبت|اسم	
29	مرکب	مرکب|مرکب	مرکب	مرکب|مرکب	A0|N1	صفت|اسم	
30	را	را	را	را	Po	حرف اضافه پسین	
31	برمی‌دارد	بردار	برمی‌دارد	می + بردار + د	V+O	فعل حال اخباری+سوم شخص مفرد	
32	و	و|و|و	و	و|و|و	C0|Al|Ab	حرف ربط|حروف الفبا|اختصارات	
33	می‌گذارد	گذارد|گذار	گذاشت	می + گذارد|می + گذار + د	V+O|V+O	فعل ماضی استمراری+سوم شخص مفرد|فعل حال اخباری+سوم شخص مفرد	
34	سر	سر|سر|سر|سر	سر	سر|سر|سر|سر	V|N1|N1|N9	فعل امر مثبت|اسم|اسم|اسم موجود در ساختمان حرف اضافه و حرف ربط گروهی	
35	همکرد	همکرد	همکرد	همکرد	N1	اسم	
36	دیگری	دیگری|دی	دیگر	دیگری|دی + گری	A2|N1+O	صفت مبهم|اسم + گری	
37	؛	؛	؛	؛	Si	علامت	
38	یا	یا|یا	یا	یا|یا	C0|Intj	حرف ربط|صوت	
39	اصلا	اصلاً	اصلا	اصلاً	Ad	قید	
40	کل	کل|کل|کل	کل	کل|کل|کل	A0|N1|N1	صفت|اسم|اسم	
41	فعل	فعل|فعل	فعل	فعل|فعل	V|N1	فعل امر مثبت|اسم	
42	مرکب	مرکب|مرکب	مرکب	مرکب|مرکب	A0|N1	صفت|اسم	
43	را	را	را	را	Po	حرف اضافه پسین	
44	اشتباهی	اشتباهی|اشتباه	اشتباه	اشتباهی|اشتباه + ی	A0|A0+O	صفت|صفت + ی	
45	به	به|به	به	به|به	Pr|N1	حرف اضافه|اسم	
46	جای	جای|جا	جای	جای|جا + ی	N1|N1+O	اسم|اسم + ی	
47	فعلی	فعلی|فعل|فعل	فعلی	فعلی|فعل + ی|فعل + ی	A0|V+O|N1+O	صفت|فعل مضارع ساده+دوم شخص مفرد|اسم + ی	
48	دیگر	دیگر|دیگر|دی	دیگر	دیگر|دیگر|دی + گر	Ad|A2|N1+O	قید|صفت مبهم|اسم + گر	
49	به	به|به	به	به|به	Pr|N1	حرف اضافه|اسم	
50	کار	کار|کار	کار	کار|کار	N1|V	اسم|فعل امر مثبت	
51	می‌برد	برد|بر	برد	می + برد|می + بر + د	V+O|V+O	فعل ماضی استمراری+سوم شخص مفرد|فعل حال اخباری+سوم شخص مفرد	
52	»	»	»	»	Si	علامت	
53	.	.	.	.	Si	علامت	

0	معمولا	معمولاً	معمولا	معمولاً	Ad	قید	
1	سیستم	سیستم	سیستم	سیستم	N1	اسم	
2	مشخصی	مشخص	مشخص	مشخص + ی	A0+O	صفت + ی	
3	در	در|در|در|در|در	در	در|در|در|در|در	Pr|V|N1|N1|VPr	حرف اضافه|فعل امر مثبت|اسم|اسم|پیشوند فعل	
4	نوشتن	نوشت|نوش	نوشتن	نوشت + ن|نوش + ت + ن	V2+O|V1+O+O	بن ماضی + ن|بن مضارع + ضمیر ملکی دوم شخص مفرد + ن	
5	تاریخ	تاریخ	تاریخ	تاریخ	N1	اسم	
6	وجود	وجود|وجود	وجود	وجود|وجود	N1|N9	اسم|اسم موجود در ساختمان حرف اضافه و حرف ربط گروهی	
7	ندارد	دار|دار	داشت	ن + دار + د|ن + دار + د	V+O|O+V5+O	فعل حال التزامی منفی+سوم شخص مفرد|ن + فعل کمکی + د	
8	!	!	!	!	Si	علامت	

0	مثلا	مثلاً	مثلا	مثلاً	Ad	قید	
1	همه	همه|همه	همه	همه|همه	N1|A2	اسم|صفت مبهم	
2	این	این|این	این	این|این	A1|N6	صفت اشاره|ضمیر اشاره	
3	مثال‌ها	مثال	مثال	مثال + ها	N1+Pl	اسم + علامت جمع	
4	به	به|به	به	به|به	Pr|N1	حرف اضافه|اسم	
5	یک	یک	یک	یک	O	عدد حرفی	
6	تاریخ	تاریخ	تاریخ	تاریخ	N1	اسم	
7	(	(	(	(	Si	علامت	
8	date	date	date	date	O	کلمه انگلیسی	
9	)	)	)	)	Si	علامت	
10	اشاره	اشاره	اشاره	اشاره	N1	اسم	
11	می‌کنند	کن|کن	کرد	می + کن + ند|می + کن + ند	V+O|V+O	فعل حال اخباری+سوم شخص جمع|فعل حال اخباری+سوم شخص جمع	
12	:	:	:	:	Si	علامت	

0	۹۷.۰۷.۲۰	۹۷.۰۷.۲۰	۹۷٫۰۷٫۲۰	۹۷.۰۷.۲۰	Si	علامت	
1	،	،	،	،	Si	علامت	
2	۲۰	۲۰	۲۰	۲۰	Nu	عدد رقمی	
3	مهر	مهر|مهر|مهر	مهر	مهر|مهر|مهر	N1|N1|N1	اسم|اسم|اسم	
4	نود	نود|نو	نود	نود|نو + د	O|V+O	عدد حرفی|فعل مضارع ساده+سوم شخص مفرد	
5	و	و|و|و	و	و|و|و	C0|Al|Ab	حرف ربط|حروف الفبا|اختصارات	
6	هفت	هفت	هفت	هفت	O	عدد حرفی	
7	،	،	،	،	Si	علامت	
8	بیستم	بیست|بیست|ستم|ست|ست	بیستم	بیست + م|بیست + م|بی + ستم|بی + ست + م|بی + ست + م	O+O|O+V|O+N1|O+N1+O|O+N1+V	عدد حرفی + ضمیر ملکی اول شخص مفرد|عدد حرفی + فعل اول شخص مفرد|بی + اسم|بی + اسم + ضمیر ملکی اول شخص مفرد|بی + اسم + فعل اول شخص مفرد	
9	مهرماه	مهرماه	مهرماه	مهرماه	N1	اسم	
10	۹۷	۹۷	۹۷	۹۷	Nu	عدد رقمی	
11	یا	یا|یا	یا	یا|یا	C0|Intj	حرف ربط|صوت	
12	بیستم	بیست|بیست|ستم|ست|ست	بیستم	بیست + م|بیست + م|بی + ستم|بی + ست + م|بی + ست + م	O+O|O+V|O+N1|O+N1+O|O+N1+V	عدد حرفی + ضمیر ملکی اول شخص مفرد|عدد حرفی + فعل اول شخص مفرد|بی + اسم|بی + اسم + ضمیر ملکی اول شخص مفرد|بی + اسم + فعل اول شخص مفرد	
13	مهرماه	مهرماه	مهرماه	مهرماه	N1	اسم	
14	هزار	هزار|هزار	هزار	هزار|هزار	O|N1	عدد حرفی|اسم	
15	و	و|و|و	و	و|و|و	C0|Al|Ab	حرف ربط|حروف الفبا|اختصارات	
16	سیسصد	سیسصد	سیسصد	سیسصد	O	_
17	و	و|و|و	و	و|و|و	C0|Al|Ab	حرف ربط|حروف الفبا|اختصارات	
18	نود	نود|نو	نود	نود|نو + د	O|V+O	عدد حرفی|فعل مضارع ساده+سوم شخص مفرد	
19	و	و|و|و	و	و|و|و	C0|Al|Ab	حرف ربط|حروف الفبا|اختصارات	
20	هفت	هفت	هفت	هفت	O	عدد حرفی	
21	!	!	!	!	Si	علامت	

0	این	این|این	این	این|این	A1|N6	صفت اشاره|ضمیر اشاره	
1	قبیل	قبیل	قبیل	قبیل	N9	اسم موجود در ساختمان حرف اضافه و حرف ربط گروهی	
2	فرمت‌ها	فرم	فرمت‌ها	فرم + ت + ها	N1+O+Pl	اسم + ت + علامت جمع	
3	(	(	(	(	Si	علامت	
4	formats	formats	formats	formats	O	کلمه انگلیسی	
5	)	)	)	)	Si	علامت	
6	در	در|در|در|در|در	در	در|در|در|در|در	Pr|V|N1|N1|VPr	حرف اضافه|فعل امر مثبت|اسم|اسم|پیشوند فعل	
7	پاره‌ای	پاره‌ای|پاره|پار	پاره	پاره‌ای|پاره + ای|پار + ه + ای	A0|A0+O|N1+O+O	صفت|صفت + ای|اسم + ه + ای	
8	از	از	از	از	Pr	حرف اضافه	
9	متن‌ها	متن	متن	متن + ها	N1+Pl	اسم + علامت جمع	
10	،	،	،	،	Si	علامت	
11	ارزیابی	ارزیابی|ارزیاب	ارزیاب	ارزیابی|ارزیاب + ی	N1|N1+O	اسم|اسم + ی	
12	را	را	را	را	Po	حرف اضافه پسین	
13	دچار	دچار	دچار	دچار	Ad	قید	
14	مشکل	مشکل	مشکل	مشکل	N1	اسم	
15	می‌کنند	کن|کن	کرد	می + کن + ند|می + کن + ند	V+O|V+O	فعل حال اخباری+سوم شخص جمع|فعل حال اخباری+سوم شخص جمع	
16	!	!	!	!	Si	علامت	

0	دراین‌صورت	دراین‌صورت	دراین‌صورت	دراین‌صورت	Exp	عبارت	
1	کاری	کاری|کار|کار	کاشت	کاری|کار + ی|کار + ی	A0|N1+O|V+O	صفت|اسم + ی|فعل مضارع ساده+دوم شخص مفرد	
2	که	که|که|که|که	که	که|که|که|که	C0|NA|N1|N1	حرف ربط|ضمیر پرسشی|اسم|اسم	
3	ما	ما	ما	ما	N5	ضمیر فاعلی	
4	به	به|به	به	به|به	Pr|N1	حرف اضافه|اسم	
5	عنوان	عنوان	عنوان	عنوان	N1	اسم	
6	یک	یک	یک	یک	O	عدد حرفی	
7	فرد	فرد	فرد	فرد	N1	اسم	
8	متخصص	متخصص	متخصص	متخصص	A0	صفت	
9	باید	باید	باید	باید	V4	فعل وجه نما	
10	انجام	انجام|انجام	انجام	انجام|انجام	N1|V	اسم|فعل امر مثبت	
11	دهیم	ده|ده|ده	داد	ده + یم|ده + ی + م|ده + یم	V+O|V+O|N1+V	فعل مضارع ساده+اول شخص جمع|فعل مضارع ساده+دوم شخص مفرد|اسم + فعل اول شخص جمع	
12	،	،	،	،	Si	علامت	
13	یکگونه‌سازی	یکگونه سازی	یکگونه‌سازی	یکگونه سازی	O	_
14	این	این|این	این	این|این	A1|N6	صفت اشاره|ضمیر اشاره	
15	تاریخ‌هاست	تاریخ	تاریخ‌هاست	تاریخ + ها + ست	N1+Pl+O	اسم + علامت جمع + ضمیر ملکی سوم شخص مفرد	
16	؛	؛	؛	؛	Si	علامت	
17	دراین‌صورت	دراین‌صورت	دراین‌صورت	دراین‌صورت	Exp	عبارت	
18	هر	هر	هر	هر	A1	صفت اشاره	
19	زمان‌که	زمان|زم	زمان‌که	زمان + ک + ه|زم + ان + ک + ه	N1+O+O+O|N1+O+O+O	اسم + ک + ه+واجی ریشه: zamAn|اسم + ان + ک + ه	
20	هر	هر	هر	هر	A1	صفت اشاره	
21	کدام	کدام	کدام	کدام	NA	ضمیر پرسشی	
22	از	از	از	از	Pr	حرف اضافه	
23	این	این|این	این	این|این	A1|N6	صفت اشاره|ضمیر اشاره	
24	موارد	مورد|مورد	موارد	مورد|مورد	O|O	اسم مفرد جمع مکسر|اسم مفرد جمع مکسر	
25	بیاید	آی	آمد	بی + آی + د	V+O	فعل حال التزامی+سوم شخص مفرد	
26	ما	ما	ما	ما	N5	ضمیر فاعلی	
27	تشخیص	تشخیص	تشخیص	تشخیص	N1	اسم	
28	می‌دهیم	ده|ده	داد	می + ده + یم|می + ده + ی + م	V+O|V+O	فعل حال اخباری+اول شخص جمع|فعل حال اخباری+دوم شخص مفرد	
29	تاریخ	تاریخ	تاریخ	تاریخ	N1	اسم	
30	(	(	(	(	Si	علامت	
31	date	date	date	date	O	کلمه انگلیسی	
32	)	)	)	)	Si	علامت	
33	است	است|اس		است|اس + ت	V+O|N1+O	فعل مضارع ساده+سوم شخص مفرد|اسم + ضمیر ملکی دوم شخص مفرد	
34	و	و|و|و	و	و|و|و	C0|Al|Ab	حرف ربط|حروف الفبا|اختصارات	
35	آن	ان	آن	ان	Ab	اختصارات	
36	را	را	را	را	Po	حرف اضافه پسین	
37	به	به|به	به	به|به	Pr|N1	حرف اضافه|اسم	
38	یک‌شکل	یک‌شکل	یک‌شکل	یک‌شکل	A0	صفت	
39	در	در|در|در|در|در	در	در|در|در|در|در	Pr|V|N1|N1|VPr	حرف اضافه|فعل امر مثبت|اسم|اسم|پیشوند فعل	
40	میاوریم	میاوریم	میاوریم	میاوریم	O	_
41	،	،	،	،	Si	علامت	
42	مثلا	مثلاً	مثلا	مثلاً	Ad	قید	
43	همه	همه|همه	همه	همه|همه	N1|A2	اسم|صفت مبهم	
44	را	را	را	را	Po	حرف اضافه پسین	
45	به	به|به	به	به|به	Pr|N1	حرف اضافه|اسم	
46	شکل	شکل	شکل	شکل	N1	اسم	
47	«	«	«	«	Si	علامت	
48	بیستم	بیست|بیست|ستم|ست|ست	بیستم	بیست + م|بیست + م|بی + ستم|بی + ست + م|بی + ست + م	O+O|O+V|O+N1|O+N1+O|O+N1+V	عدد حرفی + ضمیر ملکی اول شخص مفرد|عدد حرفی + فعل اول شخص مفرد|بی + اسم|بی + اسم + ضمیر ملکی اول شخص مفرد|بی + اسم + فعل اول شخص مفرد	
49	مهرماه	مهرماه	مهرماه	مهرماه	N1	اسم	
50	هزار	هزار|هزار	هزار	هزار|هزار	O|N1	عدد حرفی|اسم	
51	و	و|و|و	و	و|و|و	C0|Al|Ab	حرف ربط|حروف الفبا|اختصارات	
52	سیسصد	سیسصد	سیسصد	سیسصد	O	_
53	و	و|و|و	و	و|و|و	C0|Al|Ab	حرف ربط|حروف الفبا|اختصارات	
54	نود	نود|نو	نود	نود|نو + د	O|V+O	عدد حرفی|فعل مضارع ساده+سوم شخص مفرد	
55	و	و|و|و	و	و|و|و	C0|Al|Ab	حرف ربط|حروف الفبا|اختصارات	
56	هفت	هفت	هفت	هفت	O	عدد حرفی	
57	»	»	»	»	Si	علامت	
58	یا	یا|یا	یا	یا|یا	C0|Intj	حرف ربط|صوت	
59	«	«	«	«	Si	علامت	
60	۹۷/۷/۲۰	۹۷/۷/۲۰	۹۷/۷/۲۰	۹۷/۷/۲۰	Si	علامت	
61	»	»	»	»	Si	علامت	
62	.	.	.	.	Si	علامت	

0	دراین‌صورت	دراین‌صورت	دراین‌صورت	دراین‌صورت	Exp	عبارت	
1	شاید	شاید|شاید|شا	شاید	شاید|شاید|شا + ی + د	V+O|Ad|V+O	فعل ماضی ساده+سوم شخص مفرد|قید|فعل مضارع ساده+سوم شخص مفرد	
2	شاهد	شاهد	شاهد	شاهد	N1	اسم	
3	کاهش	کاهش|کاه|کاه	کاهش	کاهش|کاه + ش|کاه + ش	N1|V+O|N1+O	اسم|فعل مضارع ساده+سوم شخص مفرد|اسم + ضمیر ملکی سوم شخص مفرد	
4	بیش‌از	بیش‌از	بیش‌از	بیش‌از	Pr1	حرف اضافه گروهی	
5	۱	۱	۱	۱	Nu	عدد رقمی	
6	.	.	.	.	Si	علامت	
7	از	از	از	از	Pr	حرف اضافه	
8	مشکلات	مشکل	مشکلات	مشکل + ات	N1+Pl	اسم + علامت جمع	
9	در	در|در|در|در|در	در	در|در|در|در|در	Pr|V|N1|N1|VPr	حرف اضافه|فعل امر مثبت|اسم|اسم|پیشوند فعل	
10	پردازش	پردازش|پرداز|پرداز	پردازش	پردازش|پرداز + ش|پرداز + ش	N1|V+O|N1+O	اسم|فعل مضارع ساده+سوم شخص مفرد|اسم + ضمیر ملکی سوم شخص مفرد	
11	متن	متن	متن	متن	N1	اسم	
12	شویم	شو|شو	شد	شو + یم|شو + یم	V+O|N1+V	فعل مضارع ساده+اول شخص جمع|اسم + فعل اول شخص مفرد	
13	!	!	!	!	Si	علامت	
14	!	!	!	!	Si	علامت	
15	!	!	!	!	Si	علامت	

0	از	از	از	از	Pr	حرف اضافه	
1	یک	یک	یک	یک	O	عدد حرفی	
2	دیدگاه	دیدگاه|دید	دیدگاه	دیدگاه|دید + گاه	N1|N1+O	اسم|اسم + گاه	
3	می‌گویند	گو	گفت	می + گو + یند	V+O	فعل حال اخباری+سوم شخص جمع	
4	برای	برای|برا|بر	برای	برای|برا + ی|بر + ا + ی	Pr|A0+O|O+O+O	حرف اضافه|صفت + ی|ریشه مضارع + ا + ی	
5	ترقی	ترقی	ترقی	ترقی	N1	اسم	
6	،	،	،	،	Si	علامت	
7	پیشرفت	پیشرفت|رفت|رفت|رف	پیشرفت	پیشرفت|پیش + رفت|پیش + رفت|پیش + رف + ت	N1|V+O|V+O|O+N1+O	اسم|فعل ماضی ساده+سوم شخص مفرد|فعل ماضی ساده+سوم شخص مفرد|پیش + اسم + ضمیر ملکی دوم شخص مفرد	
8	و	و|و|و	و	و|و|و	C0|Al|Ab	حرف ربط|حروف الفبا|اختصارات	
9	رشد	رشد	رشد	رشد	N1	اسم	
10	،	،	،	،	Si	علامت	
11	باید	باید	باید	باید	V4	فعل وجه نما	
12	دایما	دایماً	دایما	دایماً	Ad	قید	
13	به	به|به	به	به|به	Pr|N1	حرف اضافه|اسم	
14	مکان‌های	مکان	مکان	مکان + ها + ی	N1+Pl+O	اسم + علامت جمع + ی	
15	جدید	جدید|جد	جدید	جدید|جد + ید	A0|N1+V	صفت|اسم + فعل دوم شخص جمع	
16	رفت	رفت|رفت|رف	رفت	رفت|رفت|رف + ت	V+O|V+O|N1+O	فعل ماضی ساده+سوم شخص مفرد|فعل ماضی ساده+سوم شخص مفرد|اسم + ضمیر ملکی دوم شخص مفرد	
17	و	و|و|و	و	و|و|و	C0|Al|Ab	حرف ربط|حروف الفبا|اختصارات	
18	با	با	با	با	Pr	حرف اضافه	
19	افراد	فرد	افراد	فرد	O	اسم مفرد جمع مکسر	
20	جدید	جدید|جد	جدید	جدید|جد + ید	A0|N1+V	صفت|اسم + فعل دوم شخص جمع	
21	آشنا	آشنا	آشنا	آشنا	A0	صفت	
22	شد	شد	شد	شد	V+O	فعل ماضی ساده+سوم شخص مفرد	
23	؛	؛	؛	؛	Si	علامت	
24	از	از	از	از	Pr	حرف اضافه	
25	جهاتی	جهات|جه|جه	جهات	جهات + ی|جه + ات + ی|جه + ات + ی	N1+O|V1+Pl+O|N1+Pl+O	اسم + ی|بن مضارع + علامت جمع + ی|اسم + علامت جمع + ی	
26	درست	درست|درس	درست	درست|درس + ت	A0|N1+O	صفت|اسم + ضمیر ملکی دوم شخص مفرد	
27	است	است|اس		است|اس + ت	V+O|N1+O	فعل مضارع ساده+سوم شخص مفرد|اسم + ضمیر ملکی دوم شخص مفرد	
28	،	،	،	،	Si	علامت	
29	مثلا	مثلاً	مثلا	مثلاً	Ad	قید	
30	فرض	فرض	فرض	فرض	N1	اسم	
31	کنید	کن|کن	کرد	کن + ید|کن + ید	V+O|V+O	فعل مضارع ساده+دوم شخص جمع|فعل مضارع ساده+دوم شخص جمع	
32	شما	شما|شما	شما	شما|شما	N5|N1	ضمیر فاعلی|اسم	
33	تا	تا|تا|تا	تا	تا|تا|تا	Pr|C0|Ab	حرف اضافه|حرف ربط|اختصارات	
34	سالیان	سالیان|سالی|سال	سال	سالیان|سالی + ان|سال + ی + ان	N1|Ad+O|N1+O+O	اسم|قید + ان|اسم + ی + ان	
35	سال	سال	سال	سال	N1	اسم	
36	فقط	فقط	فقط	فقط	Ad	قید	
37	در	در|در|در|در|در	در	در|در|در|در|در	Pr|V|N1|N1|VPr	حرف اضافه|فعل امر مثبت|اسم|اسم|پیشوند فعل	
38	خانه	خانه|خان	خانه	خانه|خان + ه	N1|N1+O	اسم|اسم + ه	
39	باشید	باش|باش	بود	باش + ید|باش + ید	V+O|V5+V	فعل مضارع ساده+دوم شخص جمع|فعل کمکی + فعل دوم شخص جمع	
40	و	و|و|و	و	و|و|و	C0|Al|Ab	حرف ربط|حروف الفبا|اختصارات	
41	با	با	با	با	Pr	حرف اضافه	
42	تنها	تنها|تن|تن	تنها	تنها|تن + ها|تن + ها	A0|N1+Pl|N1+Pl	صفت|اسم + علامت جمع|اسم + علامت جمع	
43	کسانی	کسان|کس	کسانی	کسان + ی|کس + ان + ی	N1+O|N1+O+O	اسم + ی|اسم + ان + ی	
44	که	که|که|که|که	که	که|که|که|که	C0|NA|N1|N1	حرف ربط|ضمیر پرسشی|اسم|اسم	
45	ارتباط	ارتباط	ارتباط	ارتباط	N1	اسم	
46	برقرار	برقرار	برقرار	برقرار	A0	صفت	
47	می‌کنید	کن|کن	کرد	می + کن + ید|می + کن + ید	V+O|V+O	فعل حال اخباری+دوم شخص جمع|فعل حال اخباری+دوم شخص جمع	
48	خانواده‌تان	خانواده	خانواده	خانواده + تان	N1+O	اسم + ضمیر ملکی دوم شخص جمع	
49	باشد	باش|اشد	بود	باش + د|ب + اشد	V+O|O+A0	فعل مضارع ساده+سوم شخص مفرد|ب + صفت	
50	!	!	!	!	Si	علامت	
51	!	!	!	!	Si	علامت	
52	!	!	!	!	Si	علامت	

0	دراین‌صورت	دراین‌صورت	دراین‌صورت	دراین‌صورت	Exp	عبارت	
1	تنها	تنها|تن|تن	تنها	تنها|تن + ها|تن + ها	A0|N1+Pl|N1+Pl	صفت|اسم + علامت جمع|اسم + علامت جمع	
2	طیف	طیف	طیف	طیف	N1	اسم	
3	اخلاقی	اخلاقی|خلق|خلق	اخلاق	اخلاقی|خلق + ی|خلق + ی	A0|O+O|O+O	صفت|اسم مفرد جمع مکسر + ی|اسم مفرد جمع مکسر + ی	
4	آن‌ها	آن ها	آن	آن ها	O	_
5	را	را	را	را	Po	حرف اضافه پسین	
6	می‌بینید	بین	دید	می + بین + ید	V+O	فعل حال اخباری+دوم شخص جمع	
7	،	،	،	،	Si	علامت	
8	درصورتی‌که	درصورتی‌که	درصورتی‌که	درصورتی‌که	C1	حرف ربط گروهی	
9	شاید	شاید|شاید|شا	شاید	شاید|شاید|شا + ی + د	V+O|Ad|V+O	فعل ماضی ساده+سوم شخص مفرد|قید|فعل مضارع ساده+سوم شخص مفرد	
10	این‌ها	این‌ها	این	این‌ها	N6	ضمیر اشاره	
11	کم‌تر	کم	کم‌تر	کم + تر	A0+O	صفت + علامت صفت تفضیلی	
12	از	از	از	از	Pr	حرف اضافه	
13	۰.۰۰۱	۰.۰۰۱	۰٫۰۰۱	۰.۰۰۱	Si	علامت	
14	جامعه	جامعه|جامع	جامعه	جامعه|جامع + ه	N1|A0+O	اسم|صفت + ه	
15	باشند	باش|باش	بود	باش + ند|باش + ند	V+O|V5+V	فعل مضارع ساده+سوم شخص جمع|فعل کمکی + فعل سوم شخص جمع	
16	!	!	!	!	Si	علامت	
17	!	!	!	!	Si	علامت	

0	با	با	با	با	Pr	حرف اضافه	
1	منش‌های	منش	منش	منش + ها + ی	N1+Pl+O	اسم + علامت جمع + ی	
2	جدید	جدید|جد	جدید	جدید|جد + ید	A0|N1+V	صفت|اسم + فعل دوم شخص جمع	
3	و	و|و|و	و	و|و|و	C0|Al|Ab	حرف ربط|حروف الفبا|اختصارات	
4	خلق‌وخوهای	خلق‌وخو	خلق‌وخو	خلق‌وخو + ها + ی	N1+Pl+O	اسم + علامت جمع + ی	
5	متنوعی	متنوع	متنوع	متنوع + ی	A0+O	صفت + ی	
6	آشنا	آشنا	آشنا	آشنا	A0	صفت	
7	نمی‌شوید	شوی|شو	شد	نمی + شوی + د|نمی + شو + ید	V+O|V+O	فعل حال اخباری منفی+سوم شخص مفرد|فعل حال اخباری منفی+دوم شخص جمع	
8	درنتیجه	درنتیجه	درنتیجه	درنتیجه	Ad	قید	
9	شاید	شاید|شاید|شا	شاید	شاید|شاید|شا + ی + د	V+O|Ad|V+O	فعل ماضی ساده+سوم شخص مفرد|قید|فعل مضارع ساده+سوم شخص مفرد	
10	فکر	فکر	فکر	فکر	N1	اسم	
11	کنید	کن|کن	کرد	کن + ید|کن + ید	V+O|V+O	فعل مضارع ساده+دوم شخص جمع|فعل مضارع ساده+دوم شخص جمع	
12	همین	همین|همین|هم|ین	همین	همین|همین|هم + ین|هم + ین	A1|N6|Ad+O|O+N1	صفت اشاره|ضمیر اشاره|قید + ین|هم + اسم	
13	گونه	گونه|گون	گونه	گونه|گون + ه	N1|N1+O	اسم|اسم + ه	
14	که	که|که|که|که	که	که|که|که|که	C0|NA|N1|N1	حرف ربط|ضمیر پرسشی|اسم|اسم	
15	هستید	هست|هست		هست + ید|هست + ید	V+O|N1+V	فعل مضارع ساده+دوم شخص جمع|اسم + فعل دوم شخص جمع	
16	ایده‌آل‌ترین	ایده آل	ایده‌آل‌ترین	ایده آل	O	_
17	است	است|اس		است|اس + ت	V+O|N1+O	فعل مضارع ساده+سوم شخص مفرد|اسم + ضمیر ملکی دوم شخص مفرد	
18	و	و|و|و	و	و|و|و	C0|Al|Ab	حرف ربط|حروف الفبا|اختصارات	
19	همه‌چیز	همه چیز	همه‌چیز	همه چیز	O	_
20	خوب	خوب	خوب	خوب	A0	صفت	
21	است	است|اس		است|اس + ت	V+O|N1+O	فعل مضارع ساده+سوم شخص مفرد|اسم + ضمیر ملکی دوم شخص مفرد	
22	!	!	!	!	Si	علامت	
23	!	!	!	!	Si	علامت	

0	ساعت	ساعت	ساعت	ساعت	N1	اسم	
1	۸:۲۰	۸:۲۰	۸:۲۰	۸:۲۰	Si	علامت	
2	صبح	صبح	صبح	صبح	N1	اسم	
3	بود	بود|بود|بود|بو|ود	بود	بود|بود|بود|بو + د|ب + ود	V+O|N1|V+O|V+O|O+N1	فعل ماضی ساده+سوم شخص مفرد|اسم|فعل ماضی ساده+سوم شخص مفرد|فعل مضارع ساده+سوم شخص مفرد|ب + اسم	
4	؛	؛	؛	؛	Si	علامت	
5	نغمه‌ی	نغمه	نغمه	نغمه + ی	N1+O	اسم + ی	
6	زیبای	زیبا|زیب	زیبا	زیبا + ی|زیب + ا + ی	A0+O|O+O+O	صفت + ی|ریشه مضارع + ا + ی	
7	موسیقی‌ای	موسیقی	موسیقی	موسیقی + ای	N1+O	اسم + ای	
8	از	از	از	از	Pr	حرف اضافه	
9	پنجره‌ی	پنجره	پنجره	پنجره + ی	N1+O	اسم + ی	
10	پشتی	پشتی|پشت	پشت	پشتی|پشت + ی	N1|N1+O	اسم|اسم + ی	
11	میامد	میامد	میامد	میامد	O	_
12	.	.	.	.	Si	علامت	

0	برایم	برای|برای	برایم	برای + م|برای + م	Pr+O|Pr+V	حرف اضافه + ضمیر ملکی اول شخص مفرد|حرف اضافه + فعل اول شخص مفرد	
1	مساله	مسئله	مساله	مسئله	N1	اسم	
2	شده‌بود	شد	شده‌بود	شد + ه + بود	V+O	فعل ماضی بعید+سوم شخص مفرد	
3	که	که|که|که|که	که	که|که|که|که	C0|NA|N1|N1	حرف ربط|ضمیر پرسشی|اسم|اسم	
4	به	به|به	به	به|به	Pr|N1	حرف اضافه|اسم	
5	این	این|این	این	این|این	A1|N6	صفت اشاره|ضمیر اشاره	
6	زیبایی	زیبایی|زیبا|زیب	زیبایی	زیبایی|زیبا + یی|زیب + ا + یی	N1|A0+O|O+O+O	اسم|صفت + یی|ریشه مضارع + ا + یی	
7	و	و|و|و	و	و|و|و	C0|Al|Ab	حرف ربط|حروف الفبا|اختصارات	
8	دقت	دقت|دق	دقت	دقت|دق + ت	N1|N1+O	اسم|اسم + ضمیر ملکی دوم شخص مفرد	
9	،	،	،	،	Si	علامت	
10	چه	چه|چه|چه	چه	چه|چه|چه	NA|C0|A0	ضمیر پرسشی|حرف ربط|صفت	
11	کسی	کسی|کس	کس	کسی|کس + ی	A2|N1+O	صفت مبهم|اسم + ی	
12	سنتور	سنتور|سنت|سنت|سن|سن	سنتور	سنتور|سنت + ور|سنت + ور|سن + ت + ور|سن + ت + ور	N1|N1+O|N1+O|N1+O+O|N1+O+O	اسم|اسم + ور|اسم + ور|اسم + ضمیر ملکی دوم شخص مفرد + ور|اسم + ضمیر ملکی دوم شخص مفرد + ور	
13	می‌نوازد	نواز	می‌نوازد	می + نواز + د	V+O	فعل حال اخباری+سوم شخص مفرد	
14	.	.	.	.	Si	علامت	

0	ساعت	ساعت	ساعت	ساعت	N1	اسم	
1	۹:۵۰	۹:۵۰	۹:۵۰	۹:۵۰	Si	علامت	
2	شد	شد	شد	شد	V+O	فعل ماضی ساده+سوم شخص مفرد	
3	.	.	.	.	Si	علامت	

0	همچنان	همچنان|چنان	همچنان	همچنان|هم + چنان	Ad|O+A0	قید|هم + صفت	
1	صدای	صدا	صدا	صدا + ی	N1+O	اسم + ی	
2	دل‌نواز	دل‌نواز	دل‌نواز	دل‌نواز	A0	صفت	
3	ساز	ساز|ساز	ساز	ساز|ساز	V|N1	فعل امر مثبت|اسم	
4	میامد	میامد	میامد	میامد	O	_
5	.	.	.	.	Si	علامت	

0	ساعت	ساعت	ساعت	ساعت	N1	اسم	
1	۱۰:۵۵	۱۰:۵۵	۱۰:۵۵	۱۰:۵۵	Si	علامت	
2	شد	شد	شد	شد	V+O	فعل ماضی ساده+سوم شخص مفرد	
3	و	و|و|و	و	و|و|و	C0|Al|Ab	حرف ربط|حروف الفبا|اختصارات	
4	باز	باز|باز|باز|باز|باز	باز	باز|باز|باز|باز|باز	V|A0|Ad|N1|VPr	فعل امر مثبت|صفت|قید|اسم|پیشوند فعل	
5	همچنان	همچنان|چنان	همچنان	همچنان|هم + چنان	Ad|O+A0	قید|هم + صفت	
6	صدا	صدا	صدا	صدا	N1	اسم	
7	می‌آمد	می آمد	آمد	می آمد	O	_
8	.	.	.	.	Si	علامت	

0	بسیار	بسیار|بسیار|سیار|بس	بسیار	بسیار|بسیار|ب + سیار|بس + یار	A0|Ad|O+A0|A0+O	صفت|قید|ب + صفت|صفت + یار	
1	مسلط	مسلط	مسلط	مسلط	A0	صفت	
2	بود	بود|بود|بود|بو|ود	بود	بود|بود|بود|بو + د|ب + ود	V+O|N1|V+O|V+O|O+N1	فعل ماضی ساده+سوم شخص مفرد|اسم|فعل ماضی ساده+سوم شخص مفرد|فعل مضارع ساده+سوم شخص مفرد|ب + اسم	
3	.	.	.	.	Si	علامت	

0	دیگر	دیگر|دیگر|دی	دیگر	دیگر|دیگر|دی + گر	Ad|A2|N1+O	قید|صفت مبهم|اسم + گر	
1	طاقت	طاقت	طاقت	طاقت	N1	اسم	
2	صبر	صبر	صبر	صبر	N1	اسم	
3	کردن	کرد	کردن	کرد + ن	V2+O	بن ماضی + ن	
4	نداشتم	داشت	داشت	ن + داشت + م	V+O	فعل ماضی ساده منفی+اول شخص مفرد	
5	!	!	!	!	Si	علامت	
6	!	!	!	!	Si	علامت	

0	دل	دل	دل	دل	N1	اسم	
1	را	را	را	را	Po	حرف اضافه پسین	
2	به	به|به	به	به|به	Pr|N1	حرف اضافه|اسم	
3	دریا	دریا	دریا	دریا	N1	اسم	
4	زدم	زد|زد|زد	زد	زد + م|زد + م|زد + م	V+O|N1+O|N1+V	فعل ماضی ساده+اول شخص مفرد|اسم + ضمیر ملکی اول شخص مفرد|اسم + فعل اول شخص مفرد	
5	و	و|و|و	و	و|و|و	C0|Al|Ab	حرف ربط|حروف الفبا|اختصارات	
6	رفتم	رفت|رفت	رفت	رفت + م|رفت + م	V+O|V+O	فعل ماضی ساده+اول شخص مفرد|فعل ماضی ساده+اول شخص مفرد	
7	در	در|در|در|در|در	در	در|در|در|در|در	Pr|V|N1|N1|VPr	حرف اضافه|فعل امر مثبت|اسم|اسم|پیشوند فعل	
8	خانه‌شان	خانه|خان	خانه	خانه + شان|خان + ه + شان	N1+O|N1+O+O	اسم + ضمیر ملکی سوم شخص جمع|اسم + ه + ضمیر ملکی سوم شخص جمع	
9	؛	؛	؛	؛	Si	علامت	
10	در	در|در|در|در|در	در	در|در|در|در|در	Pr|V|N1|N1|VPr	حرف اضافه|فعل امر مثبت|اسم|اسم|پیشوند فعل	
11	باز	باز|باز|باز|باز|باز	باز	باز|باز|باز|باز|باز	V|A0|Ad|N1|VPr	فعل امر مثبت|صفت|قید|اسم|پیشوند فعل	
12	بود	بود|بود|بود|بو|ود	بود	بود|بود|بود|بو + د|ب + ود	V+O|N1|V+O|V+O|O+N1	فعل ماضی ساده+سوم شخص مفرد|اسم|فعل ماضی ساده+سوم شخص مفرد|فعل مضارع ساده+سوم شخص مفرد|ب + اسم	
13	.	.	.	.	Si	علامت	

0	خانم	خانم|خانم|خان|خان	خانم	خانم|خانم|خان + م|خان + م	N1|Sp|N1+O|N1+V	اسم|شاخص|اسم + ضمیر ملکی اول شخص مفرد|اسم + فعل اول شخص مفرد	
1	میانسالی	میان‌سالی|میان‌سال	میانسالی	میان‌سالی|میان‌سال + ی	N1|A0+O	اسم|صفت + ی	
2	بادامن	دامن	بادامن	با + دامن	O+N1	با + اسم	
3	گلداری	گل|گل|گل	گلداری	گل + دار + ی|گل + دار + ی|گل + دار + ی	N1+O+O|N1+O+O|N1+O+O	اسم + دار + ی|اسم + دار + ی|اسم + دار + ی	
4	که	که|که|که|که	که	که|که|که|که	C0|NA|N1|N1	حرف ربط|ضمیر پرسشی|اسم|اسم	
5	رنگ	رنگ	رنگ	رنگ	N1	اسم	
6	و	و|و|و	و	و|و|و	C0|Al|Ab	حرف ربط|حروف الفبا|اختصارات	
7	لعابش	لعاب	لعاب	لعاب + ش	N1+O	اسم + ضمیر ملکی سوم شخص مفرد	
8	هم	هم|هم|هم	هم	هم|هم|هم	Ad|C0|O	قید|حرف ربط|ضمیر مشترک/متقابل	
9	کمی	کمی|کمی|کم|کم	کم	کمی|کمی|کم + ی|کم + ی	A0|A0|A0+O|N1+O	صفت|صفت|صفت + ی|اسم + ی	
10	رفته‌بود	رفت|رفت	رفته‌بود	رفت + ه + بود|رفت + ه + بود	V+O|V+O	فعل ماضی بعید+سوم شخص مفرد|فعل ماضی بعید+سوم شخص مفرد	
11	،	،	،	،	Si	علامت	
12	و	و|و|و	و	و|و|و	C0|Al|Ab	حرف ربط|حروف الفبا|اختصارات	
13	چهره‌ی	چهره	چهره	چهره + ی	N1+O	اسم + ی	
14	گنمدم‌گونی	گنمدم گونی	گنمدم‌گونی	گنمدم گونی	O	_
15	که	که|که|که|که	که	که|که|که|که	C0|NA|N1|N1	حرف ربط|ضمیر پرسشی|اسم|اسم	
16	سر	سر|سر|سر|سر	سر	سر|سر|سر|سر	V|N1|N1|N9	فعل امر مثبت|اسم|اسم|اسم موجود در ساختمان حرف اضافه و حرف ربط گروهی	
17	لپ‌هایش	لپ|لپ	لپ	لپ + ها + ی + ش|لپ + ها + ی + ش	N1+Pl+O+O|N1+Pl+O+O	اسم + علامت جمع + ی + ضمیر ملکی سوم شخص مفرد|اسم + علامت جمع + ی + ضمیر ملکی سوم شخص مفرد	
18	نیز	نیز|آز	نیز	نیز|نی + آز	Ad|V	قید|فعل امر منفی	
19	گل	گل|گل|گل	گل	گل|گل|گل	N1|N1|N1	اسم|اسم|اسم	
20	‌انداخته‌بود	انداخت	‌انداخته‌بود	انداخت + ه + بود	V+O	فعل ماضی بعید+سوم شخص مفرد	
21	،	،	،	،	Si	علامت	
22	طوری	طور	طوری	طور + ی	N1+O	اسم + ی	
23	با	با	با	با	Pr	حرف اضافه	
24	ذوق	ذوق	ذوق	ذوق	N1	اسم	
25	و	و|و|و	و	و|و|و	C0|Al|Ab	حرف ربط|حروف الفبا|اختصارات	
26	هیجان	هیجان	هیجان	هیجان	N1	اسم	
27	بر	بر|بر|بر|بر	بر	بر|بر|بر|بر	Pr|V|VPr|N1	حرف اضافه|فعل امر مثبت|پیشوند فعل|اسم	
28	سیم‌ها	سیم|سیم	سیم	سیم + ها|سیم + ها	N1+Pl|A0+Pl	اسم + علامت جمع|صفت + علامت جمع	
29	می‌کوبید	کوبید|کوب	می‌کوبید	می + کوبید|می + کوب + ید	V+O|V+O	فعل ماضی استمراری+سوم شخص مفرد|فعل حال اخباری+دوم شخص جمع	
30	،	،	،	،	Si	علامت	
31	که	که|که|که|که	که	که|که|که|که	C0|NA|N1|N1	حرف ربط|ضمیر پرسشی|اسم|اسم	
32	انگار	انگار|انگار	انگار	انگار|انگار	V|N1	فعل امر مثبت|اسم	
33	بار	بار|بار	بار	بار|بار	V|N1	فعل امر مثبت|اسم	
34	اولیست	اولی|اولی	اولیست	اولی + ست|اولی + ست	A0+O|A0+O	صفت + ضمیر ملکی سوم شخص مفرد|صفت + ضمیر ملکی سوم شخص مفرد	
35	که	که|که|که|که	که	که|که|که|که	C0|NA|N1|N1	حرف ربط|ضمیر پرسشی|اسم|اسم	
36	آدم	آدم	آدم	آدم	N1	اسم	
37	چیزی	چیزی|چیز	چیز	چیزی|چیز + ی	Ad|N1+O	قید|اسم + ی	
38	را	را	را	را	Po	حرف اضافه پسین	
39	یاد	یاد	یاد	یاد	N1	اسم	
40	گرفته	گرفته|گرفت|گرفت	گرفته	گرفته|گرفت + ه|گرفت + ه	A0|O+O|N1+O	صفت|ریشه ماضی + ه|اسم + ه	
41	و	و|و|و	و	و|و|و	C0|Al|Ab	حرف ربط|حروف الفبا|اختصارات	
42	می‌خواهد	خواه|خواه	خواست	می + خواه + د|می + خواه + د	V+O|O+V5+O	فعل حال اخباری+سوم شخص مفرد|می + فعل کمکی + د	
43	با	با	با	با	Pr	حرف اضافه	
44	ذوق	ذوق	ذوق	ذوق	N1	اسم	
45	برای	برای|برا|بر	برای	برای|برا + ی|بر + ا + ی	Pr|A0+O|O+O+O	حرف اضافه|صفت + ی|ریشه مضارع + ا + ی	
46	عزیزی	عزیزی|عزیز	عزیزی	عزیزی|عزیز + ی	N1|A0+O	اسم|صفت + ی	
47	بنوازد	نواز	بنوازد	ب + نواز + د	V+O	فعل حال التزامی+سوم شخص مفرد	
48	؛	؛	؛	؛	Si	علامت	
49	مثل	مثل|مثل|مثل	مثل	مثل|مثل|مثل	N1|N9|N1	اسم|اسم موجود در ساختمان حرف اضافه و حرف ربط گروهی|اسم	
50	زمانی‌که	زمانی‌که|زمانی|زمان|زم	زمانی‌که	زمانی‌که|زمانی + ک + ه|زمان + ی + ک + ه|زم + ان + ی + ک + ه	C1+O|A0+O+O+O|N1+O+O+O+O|N1+O+O+O+O	حرف ربط گروهی+واجی ریشه: zamAnike|صفت + ک + ه+واجی ریشه: zamAni|اسم + ی + ک + ه+واجی ریشه: zamAn|اسم + ان + ی + ک + ه	
51	برای	برای|برا|بر	برای	برای|برا + ی|بر + ا + ی	Pr|A0+O|O+O+O	حرف اضافه|صفت + ی|ریشه مضارع + ا + ی	
52	بار	بار|بار	بار	بار|بار	V|N1	فعل امر مثبت|اسم	
53	اول	اول	اول	اول	A0	صفت	
54	خواندن	خواند	خواندن	خواند + ن	V2+O	بن ماضی + ن	
55	یاد	یاد	یاد	یاد	N1	اسم	
56	گرفته	گرفته|گرفت|گرفت	گرفته	گرفته|گرفت + ه|گرفت + ه	A0|O+O|N1+O	صفت|ریشه ماضی + ه|اسم + ه	
57	بودم	بود|بود|بود|بود|ود|ود	بود	بود + م|بود + م|بود + م|بود + م|ب + ود + م|ب + ود + م	V+O|N1+O|N1+V|V+O|O+N1+O|O+N1+V	فعل ماضی ساده+اول شخص مفرد|اسم + ضمیر ملکی اول شخص مفرد|اسم + فعل اول شخص مفرد|فعل ماضی ساده+اول شخص مفرد|ب + اسم + ضمیر ملکی اول شخص مفرد|ب + اسم + فعل اول شخص مفرد	
58	و	و|و|و	و	و|و|و	C0|Al|Ab	حرف ربط|حروف الفبا|اختصارات	
59	با	با	با	با	Pr	حرف اضافه	
60	ذوق	ذوق	ذوق	ذوق	N1	اسم	
61	کتاب‌های	کتاب	کتاب	کتاب + ها + ی	N1+Pl+O	اسم + علامت جمع + ی	
62	مختلف	مختلف	مختلف	مختلف	A0	صفت	
63	را	را	را	را	Po	حرف اضافه پسین	
64	برگ	برگ	برگ	برگ	N1	اسم	
65	می‌زدم	زد	زد	می + زد + م	V+O	فعل ماضی استمراری+اول شخص مفرد	
66	و	و|و|و	و	و|و|و	C0|Al|Ab	حرف ربط|حروف الفبا|اختصارات	
67	برای	برای|برا|بر	برای	برای|برا + ی|بر + ا + ی	Pr|A0+O|O+O+O	حرف اضافه|صفت + ی|ریشه مضارع + ا + ی	
68	پدر	پدر	پدر	پدر	N1	اسم	
69	مادرم	مادر|مادر	مادر	مادر + م|مادر + م	N1+O|N1+V	اسم + ضمیر ملکی اول شخص مفرد|اسم + فعل اول شخص مفرد	
70	می‌خواندم	خواند|خوان	خواند	می + خواند + م|می + خوان + د + م	V+O|V+O	فعل ماضی استمراری+اول شخص مفرد|فعل حال اخباری+سوم شخص مفرد	
71	.	.	.	.	Si	علامت	

0	به	به|به	به	به|به	Pr|N1	حرف اضافه|اسم	
1	خودم	خودم|خود|خود	خودم	خودم|خود + م|خود + م	O|N1+O|N1+V	ضمیر تاکیدی/انعکاسی|اسم + ضمیر ملکی اول شخص مفرد|اسم + فعل اول شخص مفرد	
2	آمدم	امد|امد	آمد	امد + م|امد + م	N1+O|N1+V	اسم + ضمیر ملکی اول شخص مفرد|اسم + فعل اول شخص مفرد	
3	دیدم	دید|دید|دید	دید	دید + م|دید + م|دید + م	V+O|N1+O|N1+V	فعل ماضی ساده+اول شخص مفرد|اسم + ضمیر ملکی اول شخص مفرد|اسم + فعل اول شخص مفرد	
4	ساعت	ساعت	ساعت	ساعت	N1	اسم	
5	۱۲:۵۵	۱۲:۵۵	۱۲:۵۵	۱۲:۵۵	Si	علامت	
6	شده	شد	شده	شد + ه	V3+O	فعل اسنادی + ه	
7	بود	بود|بود|بود|بو|ود	بود	بود|بود|بود|بو + د|ب + ود	V+O|N1|V+O|V+O|O+N1	فعل ماضی ساده+سوم شخص مفرد|اسم|فعل ماضی ساده+سوم شخص مفرد|فعل مضارع ساده+سوم شخص مفرد|ب + اسم	
8	و	و|و|و	و	و|و|و	C0|Al|Ab	حرف ربط|حروف الفبا|اختصارات	
9	من	من	من	من	N5	ضمیر فاعلی	
10	همچنان	همچنان|چنان	همچنان	همچنان|هم + چنان	Ad|O+A0	قید|هم + صفت	
11	آنجا	آنجا	آنجا	آنجا	Ad	قید	
12	ایستاده	ایستاده|ایستاد	ایستاده	ایستاده|ایستاد + ه	A0|O+O	صفت|ریشه ماضی + ه	
13	بودم	بود|بود|بود|بود|ود|ود	بود	بود + م|بود + م|بود + م|بود + م|ب + ود + م|ب + ود + م	V+O|N1+O|N1+V|V+O|O+N1+O|O+N1+V	فعل ماضی ساده+اول شخص مفرد|اسم + ضمیر ملکی اول شخص مفرد|اسم + فعل اول شخص مفرد|فعل ماضی ساده+اول شخص مفرد|ب + اسم + ضمیر ملکی اول شخص مفرد|ب + اسم + فعل اول شخص مفرد	
14	.	.	.	.	Si	علامت	
15	.	.	.	.	Si	علامت	
16	یعنی	یعنی	یعنی	یعنی	C0	حرف ربط	
17	بیش‌از	بیش‌از	بیش‌از	بیش‌از	Pr1	حرف اضافه گروهی	
18	۱۲	۱۲	۱۲	۱۲	Nu	عدد رقمی	
19	.	.	.	.	Si	علامت	
20	از	از	از	از	Pr	حرف اضافه	
21	یک	یک	یک	یک	O	عدد حرفی	
22	روز	روز	روز	روز	N1	اسم	
23	خود	خود|خود	خود	خود|خود	O|N1	ضمیر مشترک/متقابل|اسم	
24	را	را	را	را	Po	حرف اضافه پسین	
25	!	!	!	!	Si	علامت	
26	!	!	!	!	Si	علامت	

0	از	از	از	از	Pr	حرف اضافه	
1	دیرباز	دیرباز|دیر	دیرباز	دیرباز|دیر + باز	Ad|N1+O	قید|اسم + باز	
2	تا	تا|تا|تا	تا	تا|تا|تا	Pr|C0|Ab	حرف اضافه|حرف ربط|اختصارات	
3	کنون	کنون	کنون	کنون	Ad	قید	
4	،	،	،	،	Si	علامت	
5	بازی‌های	بازی|باز|باز|باز|باز	بازی	بازی + ها + ی|باز + ی + ها + ی|باز + ی + ها + ی|باز + ی + ها + ی|باز + ی + ها + ی	N1+Pl+O|V1+O+Pl+O|A0+O+Pl+O|N1+O+Pl+O|Ad+O+Pl+O	اسم + علامت جمع + ی|بن مضارع + ی + علامت جمع + ی|صفت + ی + علامت جمع + ی|اسم + ی + علامت جمع + ی|قید + ی + علامت جمع + ی	
6	زیادی	زیادی|زیاد	زیاد	زیادی|زیاد + ی	A0|A0+O	صفت|صفت + ی	
7	وجود	وجود|وجود	وجود	وجود|وجود	N1|N9	اسم|اسم موجود در ساختمان حرف اضافه و حرف ربط گروهی	
8	داشته	داشته|داشت|داشت	داشته	داشته|داشت + ه|داشت + ه	A0|O+O|N1+O	صفت|ریشه ماضی + ه|اسم + ه	
9	که	که|که|که|که	که	که|که|که|که	C0|NA|N1|N1	حرف ربط|ضمیر پرسشی|اسم|اسم	
10	یکی	یکی|یک	یک	یکی|یک + ی	A2|O+O	صفت مبهم|عدد حرفی + ی	
11	از	از	از	از	Pr	حرف اضافه	
12	موردهای	مورد|مورد	مورد	مورد + ها + ی|مورد + ها + ی	N1+Pl+O|N1+Pl+O	اسم + علامت جمع + ی|اسم + علامت جمع + ی	
13	جذاب	جذاب	جذاب	جذاب	A0	صفت	
14	آن	ان	آن	ان	Ab	اختصارات	
15	،	،	،	،	Si	علامت	
16	بازی‌هایی	بازی|باز|باز|باز|باز	بازی	بازی + ها + یی|باز + ی + ها + یی|باز + ی + ها + یی|باز + ی + ها + یی|باز + ی + ها + یی	N1+Pl+O|V1+O+Pl+O|A0+O+Pl+O|N1+O+Pl+O|Ad+O+Pl+O	اسم + علامت جمع + یی|بن مضارع + ی + علامت جمع + یی|صفت + ی + علامت جمع + یی|اسم + ی + علامت جمع + یی|قید + ی + علامت جمع + یی	
17	بوده	بود|بود|بود|ود	بوده	بود + ه|بود + ه|بود + ه|ب + ود + ه	O+O|N1+O|V3+O|O+N1+O	ریشه ماضی + ه|اسم + ه|فعل اسنادی + ه|ب + اسم + ه	
18	که	که|که|که|که	که	که|که|که|که	C0|NA|N1|N1	حرف ربط|ضمیر پرسشی|اسم|اسم	
19	یک	یک	یک	یک	O	عدد حرفی	
20	متن	متن	متن	متن	N1	اسم	
21	نوشته	نوشته|نوشت	نوشته	نوشته|نوشت + ه	N1|O+O	اسم|ریشه ماضی + ه	
22	می‌شد	شد	شد	می + شد	V+O	فعل ماضی استمراری+سوم شخص مفرد	
23	که	که|که|که|که	که	که|که|که|که	C0|NA|N1|N1	حرف ربط|ضمیر پرسشی|اسم|اسم	
24	در	در|در|در|در|در	در	در|در|در|در|در	Pr|V|N1|N1|VPr	حرف اضافه|فعل امر مثبت|اسم|اسم|پیشوند فعل	
25	نگاه	نگاه|نگا	نگاه	نگاه|نگا + ه	N1|N1+O	اسم|اسم + ه	
26	اول	اول	اول	اول	A0	صفت	
27	به	به|به	به	به|به	Pr|N1	حرف اضافه|اسم	
28	راحتی	راحتی|راحت	راحت	راحتی|راحت + ی	A0|A0+O	صفت|صفت + ی	
29	قابل	قابل	قابل	قابل	A0	صفت	
30	خواندن	خواند	خواندن	خواند + ن	V2+O	بن ماضی + ن	
31	نیست	نیست|است|نی	نیست	نیست|نی + است|نی + ست	N1|V+O|N1+O	اسم|فعل مضارع ساده منفی+سوم شخص مفرد|اسم + ضمیر ملکی سوم شخص مفرد	
32	؛	؛	؛	؛	Si	علامت	
33	مثلا	مثلاً	مثلا	مثلاً	Ad	قید	
34	«	«	«	«	Si	علامت	
35	صدیقه	صدیقه|صدیق	صدیقه	صدیقه|صدیق + ه	N3|A0+O	اسم خاص اشخاص|صفت + ه	
36	صد	صد	صد	صد	O	عدد حرفی	
37	یقه	یقه	یقه	یقه	N1	اسم	
38	را	را	را	را	Po	حرف اضافه پسین	
39	دوخت	دوخت	دوخت	دوخت	V+O	فعل ماضی ساده+سوم شخص مفرد	
40	علی	علی|علی	علی	علی|علی	N3|A0	اسم خاص اشخاص|صفت	
41	علی	علی|علی	علی	علی|علی	N3|A0	اسم خاص اشخاص|صفت	
42	علی	علی|علی	علی	علی|علی	N3|A0	اسم خاص اشخاص|صفت	
43	علی	علی|علی	علی	علی|علی	N3|A0	اسم خاص اشخاص|صفت	
44	علی	علی|علی	علی	علی|علی	N3|A0	اسم خاص اشخاص|صفت	
45	او	او|او	او	او|او	N5|Ab	ضمیر فاعلی|اختصارات	
46	را	را	را	را	Po	حرف اضافه پسین	
47	فروخت	فروخت	فروخت	فروخت	V+O	فعل ماضی ساده+سوم شخص مفرد	
48	!	!	!	!	Si	علامت	
49	!	!	!	!	Si	علامت	
50	»	»	»	»	Si	علامت	

0	که	که|که|که|که	که	که|که|که|که	C0|NA|N1|N1	حرف ربط|ضمیر پرسشی|اسم|اسم	
1	می‌شود	شو	شد	می + شو + د	V+O	فعل حال اخباری+سوم شخص مفرد	
2	«	«	«	«	Si	علامت	
3	صدیقه	صدیقه|صدیق	صدیقه	صدیقه|صدیق + ه	N3|A0+O	اسم خاص اشخاص|صفت + ه	
4	صد	صد	صد	صد	O	عدد حرفی	
5	یقه	یقه	یقه	یقه	N1	اسم	
6	را	را	را	را	Po	حرف اضافه پسین	
7	دوخت	دوخت	دوخت	دوخت	V+O	فعل ماضی ساده+سوم شخص مفرد	
8	،	،	،	،	Si	علامت	
9	پنجعلی	پنجعلی	پنجعلی	پنجعلی	O	_
10	او	او|او	او	او|او	N5|Ab	ضمیر فاعلی|اختصارات	
11	را	را	را	را	Po	حرف اضافه پسین	
12	فروخت	فروخت	فروخت	فروخت	V+O	فعل ماضی ساده+سوم شخص مفرد	
13	!	!	!	!	Si	علامت	
14	»	»	»	»	Si	علامت	

0	یا	یا|یا	یا	یا|یا	C0|Intj	حرف ربط|صوت	
1	مثلا	مثلاً	مثلا	مثلاً	Ad	قید	
2	«	«	«	«	Si	علامت	
3	در	در|در|در|در|در	در	در|در|در|در|در	Pr|V|N1|N1|VPr	حرف اضافه|فعل امر مثبت|اسم|اسم|پیشوند فعل	
4	این	این|این	این	این|این	A1|N6	صفت اشاره|ضمیر اشاره	
5	درگه	درگه	درگه	درگه	N1	اسم	
6	که	که|که|که|که	که	که|که|که|که	C0|NA|N1|N1	حرف ربط|ضمیر پرسشی|اسم|اسم	
7	گهگه	گهگه	گهگه	گهگه	O	_
8	که	که|که|که|که	که	که|که|که|که	C0|NA|N1|N1	حرف ربط|ضمیر پرسشی|اسم|اسم	
9	که	که|که|که|که	که	که|که|که|که	C0|NA|N1|N1	حرف ربط|ضمیر پرسشی|اسم|اسم	
10	که	که|که|که|که	که	که|که|که|که	C0|NA|N1|N1	حرف ربط|ضمیر پرسشی|اسم|اسم	
11	که	که|که|که|که	که	که|که|که|که	C0|NA|N1|N1	حرف ربط|ضمیر پرسشی|اسم|اسم	
12	شود	شود|شو	شد	شود|شو + د	N1|V+O	اسم|فعل مضارع ساده+سوم شخص مفرد	
13	ناگه	ناگه|گه	ناگه	ناگه|نا + گه	Ad|O+Ad	قید|نا + قید	
14	،	،	،	،	Si	علامت	
15	مشو	مشو	مشو	مشو	O	_
16	غره	غره|غر	غره	غره|غر + ه	N1|N1+O	اسم|اسم + ه	
17	به	به|به	به	به|به	Pr|N1	حرف اضافه|اسم	
18	امروزت	امروز	امروز	امروز + ت	N1+O	اسم + ضمیر ملکی دوم شخص مفرد	
19	که	که|که|که|که	که	که|که|که|که	C0|NA|N1|N1	حرف ربط|ضمیر پرسشی|اسم|اسم	
20	از	از	از	از	Pr	حرف اضافه	
21	فردا	فردا	فردا	فردا	Ad	قید	
22	نهی	نهی|نه|نه	نهی	نهی|نه + ی|نه + ی	N1|V+O|N1+O	اسم|فعل مضارع ساده+دوم شخص مفرد|اسم + ی	
23	آگه	آگه	آگه	آگه	A0	صفت	
24	!	!	!	!	Si	علامت	
25	‪!‬	‪!‬	‪! ‬	‪!‬	Si	علامت	
26	»	»	»	»	Si	علامت	

0	که	که|که|که|که	که	که|که|که|که	C0|NA|N1|N1	حرف ربط|ضمیر پرسشی|اسم|اسم	
1	می‌شود	شو	شد	می + شو + د	V+O	فعل حال اخباری+سوم شخص مفرد	
2	:	:	:	:	Si	علامت	

0	«	«	«	«	Si	علامت	
1	در	در|در|در|در|در	در	در|در|در|در|در	Pr|V|N1|N1|VPr	حرف اضافه|فعل امر مثبت|اسم|اسم|پیشوند فعل	
2	این	این|این	این	این|این	A1|N6	صفت اشاره|ضمیر اشاره	
3	درگه	درگه	درگه	درگه	N1	اسم	
4	که	که|که|که|که	که	که|که|که|که	C0|NA|N1|N1	حرف ربط|ضمیر پرسشی|اسم|اسم	
5	گهگه	گهگه	گهگه	گهگه	O	_
6	که	که|که|که|که	که	که|که|که|که	C0|NA|N1|N1	حرف ربط|ضمیر پرسشی|اسم|اسم	
7	که	که|که|که|که	که	که|که|که|که	C0|NA|N1|N1	حرف ربط|ضمیر پرسشی|اسم|اسم	
8	که	که|که|که|که	که	که|که|که|که	C0|NA|N1|N1	حرف ربط|ضمیر پرسشی|اسم|اسم	
9	که	که|که|که|که	که	که|که|که|که	C0|NA|N1|N1	حرف ربط|ضمیر پرسشی|اسم|اسم	
10	شود	شود|شو	شد	شود|شو + د	N1|V+O	اسم|فعل مضارع ساده+سوم شخص مفرد	
11	ناگه	ناگه|گه	ناگه	ناگه|نا + گه	Ad|O+Ad	قید|نا + قید	
12	،	،	،	،	Si	علامت	
13	مشو	مشو	مشو	مشو	O	_
14	غره	غره|غر	غره	غره|غر + ه	N1|N1+O	اسم|اسم + ه	
15	به	به|به	به	به|به	Pr|N1	حرف اضافه|اسم	
16	امروزت	امروز	امروز	امروز + ت	N1+O	اسم + ضمیر ملکی دوم شخص مفرد	
17	که	که|که|که|که	که	که|که|که|که	C0|NA|N1|N1	حرف ربط|ضمیر پرسشی|اسم|اسم	
18	از	از	از	از	Pr	حرف اضافه	
19	فردا	فردا	فردا	فردا	Ad	قید	
20	نهی	نهی|نه|نه	نهی	نهی|نه + ی|نه + ی	N1|V+O|N1+O	اسم|فعل مضارع ساده+دوم شخص مفرد|اسم + ی	
21	آگه	آگه	آگه	آگه	A0	صفت	
22	!	!	!	!	Si	علامت	
23	!	!	!	!	Si	علامت	
24	»	»	»	»	Si	علامت	
25	.	.	.	.	Si	علامت	

0	به	به|به	به	به|به	Pr|N1	حرف اضافه|اسم	
1	عنوان	عنوان	عنوان	عنوان	N1	اسم	
2	آخرین	آخرین	آخرین	آخرین	O	_
3	مثال	مثال	مثال	مثال	N1	اسم	
4	«	«	«	«	Si	علامت	
5	در	در|در|در|در|در	در	در|در|در|در|در	Pr|V|N1|N1|VPr	حرف اضافه|فعل امر مثبت|اسم|اسم|پیشوند فعل	
6	لرستان	لرستان	لرستان	لرستان	N2	اسم خاص مکان	
7	نه	نه|نه|نه	نه	نه|نه|نه	O|V|N1	عدد حرفی|فعل امر مثبت|اسم	
8	لرند	لر	لرند	لر + ند	N1+V	اسم + فعل سوم شخص جمع	
9	و	و|و|و	و	و|و|و	C0|Al|Ab	حرف ربط|حروف الفبا|اختصارات	
10	هر	هر	هر	هر	A1	صفت اشاره	
11	لری	لری|لر	لر	لری|لر + ی	N1|N1+O	اسم|اسم + ی	
12	نه	نه|نه|نه	نه	نه|نه|نه	O|V|N1	عدد حرفی|فعل امر مثبت|اسم	
13	نره	نره|ره|نر	نره	نره|ن + ره|نر + ه	A0|V|A0+O	صفت|فعل امر منفی|صفت + ه	
14	لر	لر	لر	لر	N1	اسم	
15	نره	نره|ره|نر	نره	نره|ن + ره|نر + ه	A0|V|A0+O	صفت|فعل امر منفی|صفت + ه	
16	لرچه	لر	لرچه	لر + چه	N1+O	اسم + چه	
17	نره	نره|ره|نر	نره	نره|ن + ره|نر + ه	A0|V|A0+O	صفت|فعل امر منفی|صفت + ه	
18	لر	لر	لر	لر	N1	اسم	
19	،	،	،	،	Si	علامت	
20	هر	هر	هر	هر	A1	صفت اشاره	
21	نره	نره|ره|نر	نره	نره|ن + ره|نر + ه	A0|V|A0+O	صفت|فعل امر منفی|صفت + ه	
22	لر	لر	لر	لر	N1	اسم	
23	نه	نه|نه|نه	نه	نه|نه|نه	O|V|N1	عدد حرفی|فعل امر مثبت|اسم	
24	نره	نره|ره|نر	نره	نره|ن + ره|نر + ه	A0|V|A0+O	صفت|فعل امر منفی|صفت + ه	
25	لر	لر	لر	لر	N1	اسم	
26	»	»	»	»	Si	علامت	
27	،	،	،	،	Si	علامت	
28	که	که|که|که|که	که	که|که|که|که	C0|NA|N1|N1	حرف ربط|ضمیر پرسشی|اسم|اسم	
29	درست	درست|درس	درست	درست|درس + ت	A0|N1+O	صفت|اسم + ضمیر ملکی دوم شخص مفرد	
30	آن	ان	آن	ان	Ab	اختصارات	
31	می‌شود	شو	شد	می + شو + د	V+O	فعل حال اخباری+سوم شخص مفرد	
32	:	:	:	:	Si	علامت	

0	«	«	«	«	Si	علامت	
1	در	در|در|در|در|در	در	در|در|در|در|در	Pr|V|N1|N1|VPr	حرف اضافه|فعل امر مثبت|اسم|اسم|پیشوند فعل	
2	لرستان	لرستان	لرستان	لرستان	N2	اسم خاص مکان	
3	نه	نه|نه|نه	نه	نه|نه|نه	O|V|N1	عدد حرفی|فعل امر مثبت|اسم	
4	لرند	لر	لرند	لر + ند	N1+V	اسم + فعل سوم شخص جمع	
5	و	و|و|و	و	و|و|و	C0|Al|Ab	حرف ربط|حروف الفبا|اختصارات	
6	هر	هر	هر	هر	A1	صفت اشاره	
7	لری	لری|لر	لر	لری|لر + ی	N1|N1+O	اسم|اسم + ی	
8	نه	نه|نه|نه	نه	نه|نه|نه	O|V|N1	عدد حرفی|فعل امر مثبت|اسم	
9	نره	نره|ره|نر	نره	نره|ن + ره|نر + ه	A0|V|A0+O	صفت|فعل امر منفی|صفت + ه	
10	لر	لر	لر	لر	N1	اسم	
11	نره	نره|ره|نر	نره	نره|ن + ره|نر + ه	A0|V|A0+O	صفت|فعل امر منفی|صفت + ه	
12	لرچه	لر	لرچه	لر + چه	N1+O	اسم + چه	
13	نره	نره|ره|نر	نره	نره|ن + ره|نر + ه	A0|V|A0+O	صفت|فعل امر منفی|صفت + ه	
14	لر	لر	لر	لر	N1	اسم	
15	،	،	،	،	Si	علامت	
16	هر	هر	هر	هر	A1	صفت اشاره	
17	نره	نره|ره|نر	نره	نره|ن + ره|نر + ه	A0|V|A0+O	صفت|فعل امر منفی|صفت + ه	
18	لر	لر	لر	لر	N1	اسم	
19	نه	نه|نه|نه	نه	نه|نه|نه	O|V|N1	عدد حرفی|فعل امر مثبت|اسم	
20	نره	نره|ره|نر	نره	نره|ن + ره|نر + ه	A0|V|A0+O	صفت|فعل امر منفی|صفت + ه	
21	لر	لر	لر	لر	N1	اسم	
22	»	»	»	»	Si	علامت	
23	؛	؛	؛	؛	Si	علامت	
24	در	در|در|در|در|در	در	در|در|در|در|در	Pr|V|N1|N1|VPr	حرف اضافه|فعل امر مثبت|اسم|اسم|پیشوند فعل	
25	این	این|این	این	این|این	A1|N6	صفت اشاره|ضمیر اشاره	
26	نمونه‌ها	نمونه	نمونه	نمونه + ها	A0+Pl	صفت + علامت جمع	
27	علاوه‌براینکه	علاوه براینکه	علاوه‌براینکه	علاوه براینکه	O	_
28	بیش‌از	بیش‌از	بیش‌از	بیش‌از	Pr1	حرف اضافه گروهی	
29	۵	۵	۵	۵	Nu	عدد رقمی	
30	.	.	.	.	Si	علامت	
31	از	از	از	از	Pr	حرف اضافه	
32	انسان‌ها	انسان	انسان	انسان + ها	N1+Pl	اسم + علامت جمع	
33	اشتباه	اشتباه	اشتباه	اشتباه	A0	صفت	
34	می‌خوانند	خوان	خواند	می + خوان + ند	V+O	فعل حال اخباری+سوم شخص جمع	
35	،	،	،	،	Si	علامت	
36	برای	برای|برا|بر	برای	برای|برا + ی|بر + ا + ی	Pr|A0+O|O+O+O	حرف اضافه|صفت + ی|ریشه مضارع + ا + ی	
37	سیستم‌های	سیستم	سیستم‌های	سیستم + ها + ی	N1+Pl+O	اسم + علامت جمع + ی	
38	اصلاح	اصلاح	اصلاح	اصلاح	N1	اسم	
39	خودکار	خودکار	خودکار	خودکار	A0	صفت	
40	،	،	،	،	Si	علامت	
41	در	در|در|در|در|در	در	در|در|در|در|در	Pr|V|N1|N1|VPr	حرف اضافه|فعل امر مثبت|اسم|اسم|پیشوند فعل	
42	حالت	حالت|حال	حالت	حالت|حال + ت	N1|N1+O	اسم|اسم + ضمیر ملکی دوم شخص مفرد	
43	عدم	عدم	عدم	عدم	N1	اسم	
44	رعایت	رعایت	رعایت	رعایت	N1	اسم	
45	فاصله	فاصله|فاصل	فاصله	فاصله|فاصل + ه	N1|N1+O	اسم|اسم + ه	
46	و	و|و|و	و	و|و|و	C0|Al|Ab	حرف ربط|حروف الفبا|اختصارات	
47	نیم‌فاصله	نیم فاصله	نیم‌فاصله	نیم فاصله	O	_
48	،	،	،	،	Si	علامت	
49	کار	کار|کار	کار	کار|کار	N1|V	اسم|فعل امر مثبت	
50	بسیار	بسیار|بسیار|سیار|بس	بسیار	بسیار|بسیار|ب + سیار|بس + یار	A0|Ad|O+A0|A0+O	صفت|قید|ب + صفت|صفت + یار	
51	دشوار	دشوار|دش	دشوار	دشوار|دش + وار	A0|N1+O	صفت|اسم + وار	
52	می‌شود	شو	شد	می + شو + د	V+O	فعل حال اخباری+سوم شخص مفرد	
53	.	.	.	.	Si	علامت	

0	*****	*****	*****	*****	Si	علامت	

0	کارورزیده	کارورزیده	کارورزیده	کارورزیده	O	_

0	کاراموزانشان	کاراموزانشان	کاراموزانشان	کاراموزانشان	O	_

0	گواهینامه‌هایشانید	گواهینامه	گواهینامه‌هایشانید	گواهینامه + ها + ی + شان + ید	N1+Pl+O+O+V	اسم + علامت جمع + ی + ضمیر ملکی سوم شخص جمع + فعل دوم شخص جمع	

0	نارس‌ترین	نارس|رس	نارس	نارس + ترین|نا + رس + ترین	A0+O|O+V1+O	صفت + علامت صفت تفضیلی|نا + بن مضارع + علامت صفت تفضیلی	

0	بپاخواستگان	بپاخواستگان	بپاخواستگان	بپاخواستگان	O	_

0	دردمندی‌هایش	دردمندی|دردمند|درد	دردمندی‌هایش	دردمندی + ها + ی + ش|دردمند + ی + ها + ی + ش|درد + مند + ی + ها + ی + ش	N1+Pl+O+O|A0+O+Pl+O+O|N1+O+O+Pl+O+O	اسم + علامت جمع + ی + ضمیر ملکی سوم شخص مفرد|صفت + ی + علامت جمع + ی + ضمیر ملکی سوم شخص مفرد|اسم + مند + ی + علامت جمع + ی + ضمیر ملکی سوم شخص مفرد	

0	بت	بت	بت	بت	N1	اسم	
1	شکنانید	شکن	شکنانید	شکن + ان + ید	N1+O+V	اسم + ان + فعل دوم شخص جمع	

0	همه‌فن‌حریفان	همه‌فن‌حریف	همه‌فن‌حریفان	همه‌فن‌حریف + ان	A0+O	صفت + ان	

0	همه‌کاره‌یید	همه‌کاره	همه‌کاره‌یید	همه‌کاره + ی + ید	A0+O+V	صفت + ی + فعل دوم شخص جمع	

0	همه‌کس‌شناس	همه‌کس	همه‌کس‌شناس	همه‌کس + شناس	N1+O	اسم + شناس	

0	همه‌جا‌گرد	همه جا گرد	همه‌جا‌گرد	همه جا گرد	O	_

0	خسته‌ترین‌هایشانیم	خسته|خست|خست	خسته‌ترین‌هایشانیم	خسته + ترین + ها + ی + شان + یم|خست + ه + ترین + ها + ی + شان + یم|خست + ه + ترین + ها + ی + شان + یم	A0+O+Pl+O+O+V|O+O+O+Pl+O+O+V|N1+O+O+Pl+O+O+V	صفت + علامت صفت تفضیلی + علامت جمع + ی + ضمیر ملکی سوم شخص جمع + فعل اول شخص جمع|ریشه ماضی + ه + علامت صفت تفضیلی + علامت جمع + ی + ضمیر ملکی سوم شخص جمع + فعل اول شخص جمع|اسم + ه + علامت صفت تفضیلی + علامت جمع + ی + ضمیر ملکی سوم شخص جمع + فعل اول شخص جمع	

0	افسرده‌ترین‌هایشانید	افسرده|افسرد	افسرده‌ترین‌هایشانید	افسرده + ترین + ها + ی + شان + ید|افسرد + ه + ترین + ها + ی + شان + ید	A0+O+Pl+O+O+V|O+O+O+Pl+O+O+V	صفت + علامت صفت تفضیلی + علامت جمع + ی + ضمیر ملکی سوم شخص جمع + فعل دوم شخص جمع|ریشه ماضی + ه + علامت صفت تفضیلی + علامت جمع + ی + ضمیر ملکی سوم شخص جمع + فعل دوم شخص جمع	

0	نالان‌ترین	نالان	نالان	نالان + ترین	A0+O	صفت + علامت صفت تفضیلی	

0	کتاب‌دارتان	کتاب	کتاب‌دارتان	کتاب + دار + تان	N1+O+O	اسم + دار + ضمیر ملکی دوم شخص جمع	

0	کتابخانه‌هایم	کتابخانه|کتابخانه|کتاب|کتاب	کتابخانه	کتابخانه + ها + ی + م|کتابخانه + ها + ی + م|کتاب + خانه + ها + ی + م|کتاب + خانه + ها + ی + م	N1+Pl+O+O|N1+Pl+O+V|N1+O+Pl+O+O|N1+O+Pl+O+V	اسم + علامت جمع + ی + ضمیر ملکی اول شخص مفرد|اسم + علامت جمع + ی + فعل اول شخص مفرد|اسم + خانه + علامت جمع + ی + ضمیر ملکی اول شخص مفرد|اسم + خانه + علامت جمع + ی + فعل اول شخص مفرد	

0	بپاسخواسته‌اند	بپاسخواسته اند	بپاسخواسته‌اند	بپاسخواسته اند	O	_

0	می‌خواهدبیاراید	می خواهدبیاراید	می‌خواهدبیاراید	می خواهدبیاراید	O	_

0	خواستنی‌ترین	خواستنی|خواست|تر	خواستنی	خواستنی + ترین|خواست + نی + ترین|خواستنی + تر + ین	A0+O|V2+O+O|O+A0+O	صفت + علامت صفت تفضیلی|بن ماضی + نی + علامت صفت تفضیلی|خواستنی + صفت + ین	

0	کم‌روترینید	کمرو	کم‌روترینید	کمرو + ترین + ید	A0+O+V	صفت + علامت صفت تفضیلی + فعل دوم شخص جمع	

0	پررونق‌تر	پررونق	پررونق	پررونق + تر	A0+O	صفت + علامت صفت تفضیلی	

0	درآشفته‌ترین	درآشفته ترین	درآشفته‌ترین	درآشفته ترین	O	_

0	معدنچیان	معدنچی|معدن	معدنچیان	معدنچی + ان|معدن + چی + ان	N1+O|N1+O+O	اسم + ان|اسم + چی + ان	

0	یکدستی	یکدستی|یکدست	یکدستی	یکدستی|یکدست + ی	N1|A0+O	اسم|صفت + ی	

0	آتشفشانان	آتشفشان	آتشفشانان	آتشفشان	O	_

0	خلبان‌هایتانند	خلبان|خل|خل	خلبان‌هایتانند	خلبان + ها + ی + تان + ند|خل + بان + ها + ی + تان + ند|خل + بان + ها + ی + تان + ند	N1+Pl+O+O+V|V1+O+Pl+O+O+V|A0+O+Pl+O+O+V	اسم + علامت جمع + ی + ضمیر ملکی دوم شخص جمع + فعل سوم شخص جمع|بن مضارع + بان + علامت جمع + ی + ضمیر ملکی دوم شخص جمع + فعل سوم شخص جمع|صفت + بان + علامت جمع + ی + ضمیر ملکی دوم شخص جمع + فعل سوم شخص جمع	

0	ناخداهایشانید	ناخدا|خدا	ناخداهایشانید	ناخدا + ها + ی + شان + ید|نا + خدا + ها + ی + شان + ید	N1+Pl+O+O+V|O+N1+Pl+O+O+V	اسم + علامت جمع + ی + ضمیر ملکی سوم شخص جمع + فعل دوم شخص جمع|نا + اسم + علامت جمع + ی + ضمیر ملکی سوم شخص جمع + فعل دوم شخص جمع	

0	نامردمانتان	نامردم	نامردمانتان	نامردم	O	_

0	ناشکری‌هایمان	ناشکری|شکری	ناشکری‌هایمان	ناشکری + ها + ی + مان|نا + شکری + ها + ی + مان	N1+Pl+O+O|O+A0+Pl+O+O	اسم + علامت جمع + ی + ضمیر ملکی اول شخص جمع|نا + صفت + علامت جمع + ی + ضمیر ملکی اول شخص جمع	

0	آهنچیان	آهنچی	آهنچیان	آهنچی	O	_

0	آهنین	آهنین|آهن	آهنین	آهنین|آهن + ین	A0|N1+O	صفت|اسم + ین	
1	پنجه	پنجه	پنجه	پنجه	N1	اسم	

0	آتشکدگان	آتشکده	آتشکدگان	آتشکده	O	_

0	آزرده‌خاطر	آزرده خاطر	آزرده‌خاطر	آزرده خاطر	O	_

0	فرومایگان	فرومایه	فرومایگان	فرومایه + گان	A0+Pl	صفت + علامت جمع	

0	پاکدلانیم	پاکدلانیم	پاکدلانیم	پاکدلانیم	O	_

0	فروپاشیدگان	فروپاشیده|فروپاشید	فروپاشیدگان	فروپاشیده + گان|فروپاشید + ه + گان	A0+Pl|O+O+Pl	صفت + علامت جمع|ریشه ماضی + ه + علامت جمع	

0	ناایستاترین	ایستا|ایست|ایست	ناایستاترین	نا + ایستا + ترین|نا + ایست + ا + ترین|نا + ایست + ا + ترین	O+A0+O|O+O+O|O+N1+O+O	نا + صفت + علامت صفت تفضیلی|ریشه مضارع + ا + علامت صفت تفضیلی|نا + اسم + ا + علامت صفت تفضیلی	

0	بی	بی|بی	بی	بی|بی	Pr|Ab	حرف اضافه|اختصارات	
1	شیله‌پیلگان	شیله‌پیله	شیله‌پیلگان	شیله‌پیله + گان	N1+Pl	اسم + علامت جمع	

0	لب‌ریز	لبریز	لب‌ریز	لبریز	A0	صفت	

0	دهان‌گشاد	دهان‌گشاد	دهان‌گشاد	دهان‌گشاد	A0	صفت	

0	دهان‌لقان	دهان‌لق	دهان‌لق	دهان‌لق + ان	A0+O	صفت + ان	

0	نرفتگان	نرفته|رفت|رفت	نرفتگان	نرفته + گان|ن + رفت + ه + گان|ن + رفت + ه + گان	A0+Pl|O+O+Pl|O+O+Pl	صفت + علامت جمع|ریشه ماضی + ه + علامت جمع|ریشه ماضی + ه + علامت جمع	

0	نروترین	رو	نروترین	ن + رو + ترین	O+V1+O	ن + بن مضارع + علامت صفت تفضیلی	

0	یکرنگ‌ترین	یکرنگ	یکرنگ	یکرنگ + ترین	A0+O	صفت + علامت صفت تفضیلی	

0	سبک‌باران	سبک‌بار|سبک|سبک	سبک‌بار	سبک‌بار + ان|سبک + بار + ان|سبک + بار + ان	A0+O|N1+O+O|A0+O+O	صفت + ان|اسم + بار + ان|صفت + بار + ان	

0	گرانقدر	گرانقدر	گرانقدر	گرانقدر	A0	صفت	

0	گران‌بهاترین	گرانبها	گران‌بهاترین	گرانبها + ترین	A0+O	صفت + علامت صفت تفضیلی	

0	گران‌مایگان	گرانمایه	گران‌مایگان	گرانمایه + گان	A0+Pl	صفت + علامت جمع	

0	چشم‌تنگان	چشم‌تنگ	چشم‌تنگ	چشم‌تنگ + ان	A0+O	صفت + ان	

0	دل‌نازک‌ترین	دل‌نازک	دل‌نازک	دل‌نازک + ترین	A0+O	صفت + علامت صفت تفضیلی	

0	سنگ‌دلانید	سنگ‌دل	سنگ‌دلانید	سنگ‌دل + ان + ید	A0+O+V	صفت + ان + فعل دوم شخص جمع	

0	بی‌خیالان	بی‌خیال|خیال	بی‌خیال	بی‌خیال + ان|بی + خیال + ان	A0+O|O+N1+O	صفت + ان|بی + اسم + ان	

0	بی‌رنگ‌ترینانید	رنگ	بی‌رنگ‌ترینانید	بی + رنگ + ترین + ان + ید	O+N1+O+O+V	بی + اسم + علامت صفت تفضیلی + ان + فعل دوم شخص جمع	

0	آراسته‌ترینانید	آراسته ترینانید	آراسته‌ترینانید	آراسته ترینانید	O	_

0	شاخ‌شمشاد	شاخ شمشاد	شاخ‌شمشاد	شاخ شمشاد	O	_

0	نازک‌نشمین	نازک نشمین	نازک‌نشمین	نازک نشمین	O	_

0	گندم‌گون	گندمگون|گندم|گند|گند|گند|گند	گندم‌گون	گندمگون|گندم + گون|گند + م + گون|گند + م + گون|گند + م + گون|گند + م + گون	A0|N1+O|V1+O+O|V1+V|N1+O+O|N1+V	صفت|اسم + گون|بن مضارع + ضمیر ملکی اول شخص مفرد + گون|بن مضارع + فعل اول شخص مفرد|اسم + ضمیر ملکی اول شخص مفرد + گون|اسم + فعل اول شخص مفرد	

0	نیکوسرشت	نیکوسرشت	نیکوسرشت	نیکوسرشت	A0	صفت	

0	فراخ‌بال	فراخ‌بال	فراخ‌بال	فراخ‌بال	A0	صفت	

0	تنگدستی	تنگ‌دستی|تنگ‌دست	تنگدست	تنگ‌دستی|تنگ‌دست + ی	N1|A0+O	اسم|صفت + ی	

0	تنگ‌نظرانند	تنگ‌نظر	تنگ‌نظرانند	تنگ‌نظر + ان + ند	A0+O+V	صفت + ان + فعل سوم شخص جمع	

0	نیک‌بی‌نانشانید	نیک بی نانشانید	نیک‌بی‌نانشانید	نیک بی نانشانید	O	_

0	نیک‌سرشتانشانید	نیک سرشتانشانید	نیک‌سرشتانشانید	نیک سرشتانشانید	O	_

0	نیک‌اندیشانشانند	نیک‌اندیش	نیک‌اندیشانشانند	نیک‌اندیش + ان + شان + ند	A0+O+O+V	صفت + ان + ضمیر ملکی سوم شخص جمع + فعل سوم شخص جمع	
