‎0	به	به|به	به	به|به	Pr|N1	حرف اضافه|اسم	
‎1	نام	نام|نام	نام	نام|نام	N1|V	اسم|فعل امر مثبت	
‎2	خدا	خدا	خدا	خدا	N1	اسم	
‎3	روزی	روزی|روز	روز	روزی|روز + ی	N1|N1+O	اسم|اسم + ی	
‎4	روزگاری	روزگار|روز	روزگار	روزگار + ی|روز + گار + ی	N1+O|N1+O+O	اسم + ی|اسم + گار + ی	
‎5	سگ	سگ	سگ	سگ	N1	اسم	
‎6	سنگی	سنگی|سنگ	سنگ	سنگی|سنگ + ی	A0|N1+O	صفت|اسم + ی	
‎7	را	را	را	را	Po	حرف اضافه پسین	
‎8	بلند	بلند|بلند|بلند|لند|بل	بلند	بلند|بلند|بلند|ب + لند|بل + ند	A0|N1|N1|V|N1+V	صفت|اسم|اسم|فعل امر مثبت|اسم + فعل سوم شخص جمع	
‎9	کرد	کرد|کرد	کرد	کرد|کرد	V+O|N1	فعل ماضی ساده+سوم شخص مفرد|اسم	
‎10	و	و|و|و	و	و|و|و	C0|Al|Ab	حرف ربط|حروف الفبا|اختصارات	
‎11	با	با	با	با	Pr	حرف اضافه	
‎12	پوزه	پوزه|پوز|پوز	پوزه	پوزه|پوز + ه|پوز + ه	N1|V1+O|N1+O	اسم|بن مضارع + ه|اسم + ه	
‎13	خود	خود|خود	خود	خود|خود	O|N1	ضمیر مشترک/متقابل|اسم	
‎14	به	به|به	به	به|به	Pr|N1	حرف اضافه|اسم	
‎15	این	این|این	این	این|این	A1|N6	صفت اشاره|ضمیر اشاره	
‎16	ور	ور|ور	ور	ور|ور	N1|N1	اسم|اسم	
‎17	و	و|و|و	و	و|و|و	C0|Al|Ab	حرف ربط|حروف الفبا|اختصارات	
‎18	ان	ان	ان	ان	Ab	اختصارات	
‎19	ور	ور|ور	ور	ور|ور	N1|N1	اسم|اسم	
‎20	پرتاب	پرتاب	پرتاب	پرتاب	N1	اسم	
‎21	می‌کرد	کرد	کرد	می + کرد	V+O	فعل ماضی استمراری+سوم شخص مفرد	
‎22	من	من	من	من	N5	ضمیر فاعلی	
‎23	که	که|که|که|که	که	که|که|که|که	C0|NA|N1|N1	حرف ربط|ضمیر پرسشی|اسم|اسم	
‎24	زنم	زن|زن|زن	زد	زن + م|زن + م|زن + م	V+O|N1+O|N1+V	فعل مضارع ساده+اول شخص مفرد|اسم + ضمیر ملکی اول شخص مفرد|اسم + فعل اول شخص مفرد	
‎25	در	در|در|در|در|در	در	در|در|در|در|در	Pr|V|N1|N1|VPr	حرف اضافه|فعل امر مثبت|اسم|اسم|پیشوند فعل	
‎26	کنار	کنار|کنار	کنار	کنار|کنار	N1|N1	اسم|اسم	
‎27	م	م|م|م	م	م|م|م	Ab|Ab|Al	اختصارات|اختصارات|حروف الفبا	
‎28	ایستاده بود	ایستاده بود|ایستاد	ایستاده بود	ایستاده بود|ایستاد + ه + بود	V+O|V+O	فعل ماضی ساده+سوم شخص مفرد|فعل ماضی بعید+سوم شخص مفرد	
‎29	و	و|و|و	و	و|و|و	C0|Al|Ab	حرف ربط|حروف الفبا|اختصارات	
‎30	گزی	گز|گز	گز	گز + ی|گز + ی	V+O|N1+O	فعل مضارع ساده+دوم شخص مفرد|اسم + ی	
‎31	در	در|در|در|در|در	در	در|در|در|در|در	Pr|V|N1|N1|VPr	حرف اضافه|فعل امر مثبت|اسم|اسم|پیشوند فعل	
‎32	دستم	دست|دست	دستم	دست + م|دست + م	N1+O|N1+V	اسم + ضمیر ملکی اول شخص مفرد|اسم + فعل اول شخص مفرد	
‎33	بود	بود|بود|بود|بو|ود	بود	بود|بود|بود|بو + د|ب + ود	V+O|N1|V+O|V+O|O+N1	فعل ماضی ساده+سوم شخص مفرد|اسم|فعل ماضی ساده+سوم شخص مفرد|فعل مضارع ساده+سوم شخص مفرد|ب + اسم	
‎34	به	به|به	به	به|به	Pr|N1	حرف اضافه|اسم	
‎35	سگ	سگ	سگ	سگ	N1	اسم	
‎36	زنگین	زنگ	زنگین	زنگ + ین	N1+O	اسم + ین	
‎37	رنگ	رنگ	رنگ	رنگ	N1	اسم	
‎38	را	را	را	را	Po	حرف اضافه پسین	
‎39	تعارف	تعارف	تعارف	تعارف	N1	اسم	
‎40	کردم	کرد|کرد|کرد	کرد	کرد + م|کرد + م|کرد + م	V+O|N1+O|N1+V	فعل ماضی ساده+اول شخص مفرد|اسم + ضمیر ملکی اول شخص مفرد|اسم + فعل اول شخص مفرد	
‎41	او	او|او	او	او|او	N5|Ab	ضمیر فاعلی|اختصارات	
‎42	که	که|که|که|که	که	که|که|که|که	C0|NA|N1|N1	حرف ربط|ضمیر پرسشی|اسم|اسم	
‎43	از	از	از	از	Pr	حرف اضافه	
‎44	این	این|این	این	این|این	A1|N6	صفت اشاره|ضمیر اشاره	
‎45	کار	کار|کار	کار	کار|کار	N1|V	اسم|فعل امر مثبت	
‎46	آتشین	آتشین|آتش	آتشین	آتشین|آتش + ین	A0|N1+O	صفت|اسم + ین	
‎47	شده بود	شد	شده بود	شد + ه + بود	V+O	فعل ماضی بعید+سوم شخص مفرد	
‎48	به	به|به	به	به|به	Pr|N1	حرف اضافه|اسم	
‎49	همه‌ی	همه	همه	همه + ی	N1+O	اسم + ی	
‎50	کاخ	کاخ	کاخ	کاخ	N1	اسم	
‎51	نشینان	نشین	نشینان	نشین + ان	V1+O	بن مضارع + ان	
‎52	فریاد	فریاد	فریاد	فریاد	N1	اسم	
‎53	برد	برد|برد|بر|رد	برد	برد|برد|بر + د|ب + رد	V+O|N1|V+O|O+A0	فعل ماضی ساده+سوم شخص مفرد|اسم|فعل مضارع ساده+سوم شخص مفرد|ب + صفت	
‎54	و	و|و|و	و	و|و|و	C0|Al|Ab	حرف ربط|حروف الفبا|اختصارات	
‎55	خودش	خودش|خود	خودش	خودش|خود + ش	O|N1+O	ضمیر تاکیدی/انعکاسی|اسم + ضمیر ملکی سوم شخص مفرد	
‎56	را	را	را	را	Po	حرف اضافه پسین	
‎57	پاک	پاک|پا	پاک	پاک|پا + ک	A0|N1+O	صفت|اسم + ک	
‎58	کرد	کرد|کرد	کرد	کرد|کرد	V+O|N1	فعل ماضی ساده+سوم شخص مفرد|اسم	
‎59	و	و|و|و	و	و|و|و	C0|Al|Ab	حرف ربط|حروف الفبا|اختصارات	
‎60	هوایی	هوایی|هوا	هوا	هوایی|هوا + یی	A0|N1+O	صفت|اسم + یی	
‎61	شده	شد	شده	شد + ه	V3+O	فعل اسنادی + ه	
‎62	و	و|و|و	و	و|و|و	C0|Al|Ab	حرف ربط|حروف الفبا|اختصارات	
‎63	به	به|به	به	به|به	Pr|N1	حرف اضافه|اسم	
‎64	دشت	دشت|دش	دشت	دشت|دش + ت	N1|N1+O	اسم|اسم + ضمیر ملکی دوم شخص مفرد	
‎65	آهوان	آهوان	آهوان	آهوان	N2	اسم خاص مکان	
‎66	زد	زد|زد|زد	زد	زد|زد|زد	V+O|N1|Ab	فعل ماضی ساده+سوم شخص مفرد|اسم|اختصارات	
67	.	.	.	.	Si	علامت	
‎0	پتو	پتو	پتو	پتو	N1	اسم	
‎1	دور	دور|دور	دور	دور|دور	A0|N1	صفت|اسم	
‎2	او	او|او	او	او|او	N5|Ab	ضمیر فاعلی|اختصارات	
‎3	نبود	نبود|بود|بود|بو	بود	نبود|ن + بود|ن + بود|ن + بو + د	N1|V+O|V+O|V+O	اسم|فعل ماضی ساده منفی+سوم شخص مفرد|فعل ماضی ساده منفی+سوم شخص مفرد|فعل حال التزامی منفی+سوم شخص مفرد	
‎4	و	و|و|و	و	و|و|و	C0|Al|Ab	حرف ربط|حروف الفبا|اختصارات	
‎5	توپش	توپ|توپ	توپ	توپ + ش|توپ + ش	V+O|N1+O	فعل مضارع ساده+سوم شخص مفرد|اسم + ضمیر ملکی سوم شخص مفرد	
‎6	را	را	را	را	Po	حرف اضافه پسین	
‎7	در	در|در|در|در|در	در	در|در|در|در|در	Pr|V|N1|N1|VPr	حرف اضافه|فعل امر مثبت|اسم|اسم|پیشوند فعل	
‎8	دستم	دست|دست	دستم	دست + م|دست + م	N1+O|N1+V	اسم + ضمیر ملکی اول شخص مفرد|اسم + فعل اول شخص مفرد	
‎9	داشتم	داشت|داشت|داشت	داشت	داشت + م|داشت + م|داشت + م	V+O|N1+O|N1+V	فعل ماضی ساده+اول شخص مفرد|اسم + ضمیر ملکی اول شخص مفرد|اسم + فعل اول شخص مفرد	
‎10	از	از	از	از	Pr	حرف اضافه	
‎11	شهر	شهر	شهر	شهر	N1	اسم	
‎12	شهرری	شهر‌ری	شهرری	شهر‌ری	N2	اسم خاص مکان	
‎13	راحت	راحت	راحت	راحت	A0	صفت	
‎14	شده بودم	شد|شد	شده بودم	شد + ه + بود + م|شد + ه + بود + م	V3+O+O+O|V3+O+O+V	فعل اسنادی + ه + بود + ضمیر ملکی اول شخص مفرد|فعل اسنادی + ه + بود + فعل اول شخص مفرد	
‎15	و	و|و|و	و	و|و|و	C0|Al|Ab	حرف ربط|حروف الفبا|اختصارات	
‎16	ریش	ریش|ری	ریش	ریش|ری + ش	N1|N1+O	اسم|اسم + ضمیر ملکی سوم شخص مفرد	
‎17	گذاشته بودم	گذاشت	گذاشته بودم	گذاشت + ه + بود + م	V+O	فعل ماضی بعید+اول شخص مفرد	
‎18	شیری	شیری|شیر	شیر	شیری|شیر + ی	A0|N1+O	صفت|اسم + ی	
‎19	شیرین	شیرین|شیر	شیرین	شیرین|شیر + ین	A0|N1+O	صفت|اسم + ین	
‎20	و	و|و|و	و	و|و|و	C0|Al|Ab	حرف ربط|حروف الفبا|اختصارات	
‎21	دلپذیر	دل	دلپذیر	دل + پذیر	N1+O	اسم + پذیر	
‎22	درمقابل	درمقابل	درمقابل	درمقابل	Pr1	حرف اضافه گروهی	
‎23	ان	ان	ان	ان	Ab	اختصارات	
‎24	شیر	شیر	شیر	شیر	N1	اسم	
‎25	قرار	قرار|قرار	قرار	قرار|قرار	N1|N9	اسم|اسم موجود در ساختمان حرف اضافه و حرف ربط گروهی	
‎26	داشت	داشت|داشت|داشت|داش	داشت	داشت|داشت|داشت|داش + ت	V+O|N1|V5|N1+O	فعل ماضی ساده+سوم شخص مفرد|اسم|فعل کمکی|اسم + ضمیر ملکی دوم شخص مفرد	
‎27	اما	اما	اما	اما	C0	حرف ربط	
‎28	فک‌های	فک|فک	فک	فک + ها + ی|فک + ها + ی	N1+Pl+O|N1+Pl+O	اسم + علامت جمع + ی|اسم + علامت جمع + ی	
‎29	دریایی	دریایی|دریا	دریا	دریایی|دریا + یی	A0|N1+O	صفت|اسم + یی	
‎30	شک	شک	شک	شک	N1	اسم	
‎31	کرده بودند	کرد	کرده بودند	کرد + ه + بود + ند	V+O	فعل ماضی بعید+سوم شخص جمع	
32	.	.	.	.	Si	علامت	
‎0	کفی	کفی|کف	کف	کفی|کف + ی	A0|N1+O	صفت|اسم + ی	
‎1	کفش	کفش|کف	کفش	کفش|کف + ش	N1|N1+O	اسم|اسم + ضمیر ملکی سوم شخص مفرد	
‎2	من	من	من	من	N5	ضمیر فاعلی	
‎3	هم	هم|هم|هم	هم	هم|هم|هم	Ad|C0|O	قید|حرف ربط|ضمیر مشترک/متقابل	
‎4	کاشف	کاشف	کاشف	کاشف	A0	صفت	
‎5	اکتشافات	اکتشاف	اکتشافات	اکتشاف + ات	N1+Pl	اسم + علامت جمع	
‎6	یک	یک	یک	یک	O	عدد حرفی	
‎7	کشف	کشف|کشف	کشف	کشف|کشف	N1|N1	اسم|اسم	
‎8	بزرگ	بزرگ	بزرگ	بزرگ	A0	صفت	
‎9	که	که|که|که|که	که	که|که|که|که	C0|NA|N1|N1	حرف ربط|ضمیر پرسشی|اسم|اسم	
‎10	درسر	درسر	درسر	درسر	Pr1	حرف اضافه گروهی	
‎11	و	و|و|و	و	و|و|و	C0|Al|Ab	حرف ربط|حروف الفبا|اختصارات	
‎12	رخ	رخ|رخ	رخ	رخ|رخ	N1|N1	اسم|اسم	
‎13	و	و|و|و	و	و|و|و	C0|Al|Ab	حرف ربط|حروف الفبا|اختصارات	
‎14	سینه	سینه|سین	سینه	سینه|سین + ه	N1|N1+O	اسم|اسم + ه	
‎15	و	و|و|و	و	و|و|و	C0|Al|Ab	حرف ربط|حروف الفبا|اختصارات	
‎16	غیره‌ی	غیره|غیر|هی	غیره	غیره + ی|غیر + ه + ی|غیر + هی + ی	N1+O|A0+O+O|O+Ad+O	اسم + ی|صفت + ه + ی|غیر + قید + ی	
‎17	سرخ	سرخ	سرخ	سرخ	A0	صفت	
‎18	کرات	کرات|کرات|کر	کرات	کرات|کرات|کر + ات	N1|N1|A0+Pl	اسم|اسم|صفت + علامت جمع	
‎19	نمایان	نمایان|نمایان|نما	نمایان	نمایان|نمایان|نما + ی + ان	V|A0|N1+O	فعل امر مثبت|صفت|اسم + ان	
‎20	بود	بود|بود|بود|بو|ود	بود	بود|بود|بود|بو + د|ب + ود	V+O|N1|V+O|V+O|O+N1	فعل ماضی ساده+سوم شخص مفرد|اسم|فعل ماضی ساده+سوم شخص مفرد|فعل مضارع ساده+سوم شخص مفرد|ب + اسم	
21	.	.	.	.	Si	علامت	
‎0	خرسی	خرس	خرس	خرس + ی	N1+O	اسم + ی	
‎1	بدذات	بدذات	بدذات	بدذات	A0	صفت	
‎2	به	به|به	به	به|به	Pr|N1	حرف اضافه|اسم	
‎3	دل	دل	دل	دل	N1	اسم	
‎4	اب	اب	اب	اب	N1	اسم	
‎5	زد	زد|زد|زد	زد	زد|زد|زد	V+O|N1|Ab	فعل ماضی ساده+سوم شخص مفرد|اسم|اختصارات	
‎6	و	و|و|و	و	و|و|و	C0|Al|Ab	حرف ربط|حروف الفبا|اختصارات	
7	…	…	…	…	O	_
‎8	با	با	با	با	Pr	حرف اضافه	
‎9	باد	باد	باد	باد	N1	اسم	
‎10	همراه	همراه|راه	همراه	همراه|هم + راه	A0|O+N1	صفت|هم + اسم	
‎11	شد	شد	شد	شد	V+O	فعل ماضی ساده+سوم شخص مفرد	
12	!	!	!	!	Si	علامت	
13	.	.	.	.	Si	علامت	
14	.	.	.	.	Si	علامت	
‎0	ادبیات	ادبیات|ادبی	ادبیات	ادبیات|ادبی + ات	N1|A0+Pl	اسم|صفت + علامت جمع	
‎1	که	که|که|که|که	که	که|که|که|که	C0|NA|N1|N1	حرف ربط|ضمیر پرسشی|اسم|اسم	
‎2	تا	تا|تا|تا	تا	تا|تا|تا	Pr|C0|Ab	حرف اضافه|حرف ربط|اختصارات	
‎3	ابد	ابد	ابد	ابد	A0	صفت	
‎4	چين‌دار	چین‌دار	چین‌دار	چین‌دار	A0	صفت	
‎5	و	و|و|و	و	و|و|و	C0|Al|Ab	حرف ربط|حروف الفبا|اختصارات	
‎6	استاد	استاد|استاد	استاد	استاد|استاد	A0|Sp	صفت|شاخص	
‎7	حفظ	حفظ	حفظ	حفظ	N1	اسم	
‎8	و	و|و|و	و	و|و|و	C0|Al|Ab	حرف ربط|حروف الفبا|اختصارات	
‎9	حافظه	حافظه|حافظ	حافظه	حافظه|حافظ + ه	N1|N1+O	اسم|اسم + ه	
‎10	منفعت	منفعت	منفعت	منفعت	N1	اسم	
‎11	مورد	مورد|مورد|مورد	مورد	مورد|مورد|مورد	N1|N9|N1	اسم|اسم موجود در ساختمان حرف اضافه و حرف ربط گروهی|اسم	
‎12	حفاظت	حفاظت|حفاظ	حفاظت	حفاظت|حفاظ + ت	N1|N1+O	اسم|اسم + ضمیر ملکی دوم شخص مفرد	
‎13	دانشجو	دانشجو|دانش|دان	دانشجو	دانشجو|دانش + جو|دان + ش + جو	N1|N1+O|V1+O+O	اسم|اسم + جو|بن مضارع + ش + جو	
‎14	است	است|اس		است|اس + ت	V+O|N1+O	فعل مضارع ساده+سوم شخص مفرد|اسم + ضمیر ملکی دوم شخص مفرد	
15	،	،	،	،	Si	علامت	
‎16	پریان	پری|پر|پر|پر	پر	پری + ان|پر + ی + ان|پر + ی + ان|پر + ی + ان	N1+O|V1+O+O|A0+O+O|N1+O+O	اسم + ان|بن مضارع + ی + ان|صفت + ی + ان|اسم + ی + ان	
‎17	پیرین	پیر	پیرین	پیر + ین	A0+O	صفت + ین	
‎18	هم	هم|هم|هم	هم	هم|هم|هم	Ad|C0|O	قید|حرف ربط|ضمیر مشترک/متقابل	
‎19	که	که|که|که|که	که	که|که|که|که	C0|NA|N1|N1	حرف ربط|ضمیر پرسشی|اسم|اسم	
‎20	پنیر	پنیر	پنیر	پنیر	N1	اسم	
‎21	را	را	را	را	Po	حرف اضافه پسین	
‎22	برداشته	برداشت|برداشت	برداشته	برداشت + ه|برداشت + ه	O+O|N1+O	ریشه ماضی + ه|اسم + ه	
‎23	و	و|و|و	و	و|و|و	C0|Al|Ab	حرف ربط|حروف الفبا|اختصارات	
‎24	شناكنان	شناکنان|کان	شناکنان	شناکنان|کان + شن + ان	Ad|N1+O+O	قید|اسم + شن + ان	
‎25	با	با	با	با	Pr	حرف اضافه	
‎26	آشنایی	آشنایی|آشنا	آشنایی	آشنایی|آشنا + یی	N1|A0+O	اسم|صفت + یی	
‎27	به	به|به	به	به|به	Pr|N1	حرف اضافه|اسم	
‎28	مزه	مزه|مزه	مزه	مزه|مزه	N1|N1	اسم|اسم	
29	،	،	،	،	Si	علامت	
‎30	ان	ان	ان	ان	Ab	اختصارات	
‎31	را	را	را	را	Po	حرف اضافه پسین	
‎32	لیمو	لیمو	لیمو	لیمو	N1	اسم	
‎33	زدند	زد|زد	زد	زد + ند|زد + ند	V+O|N1+V	فعل ماضی ساده+سوم شخص جمع|اسم + فعل سوم شخص جمع	
34	.	.	.	.	Si	علامت	
‎0	آن‌ها	آن ها	آن	آن ها	O	_
‎1	میل	میل|میل	میل	میل|میل	N1|N1	اسم|اسم	
‎2	به	به|به	به	به|به	Pr|N1	حرف اضافه|اسم	
‎3	ليمو	لیمو	لیمو	لیمو	N1	اسم	
‎4	نداشتند	داشت|داشت	داشت	ن + داشت + ند|ن + داشت + ند	V+O|O+V5+V	فعل ماضی ساده منفی+سوم شخص جمع|ن + فعل کمکی + فعل سوم شخص جمع	
‎5	اما	اما	اما	اما	C0	حرف ربط	
‎6	سایه‌های	سایه	سایه	سایه + ها + ی	N1+Pl+O	اسم + علامت جمع + ی	
‎7	سیاهین	سیاه|سیا	سیاهین	سیاه + ین|سیا + ه + ین	A0+O|N1+O+O	صفت + ین|اسم + ه + ین	
‎8	بازآمده	بازآمده|بازآمد	بازآمده	بازآمده|بازآمد + ه	A0|O+O	صفت|ریشه ماضی + ه	
‎9	و	و|و|و	و	و|و|و	C0|Al|Ab	حرف ربط|حروف الفبا|اختصارات	
‎10	بازی	بازی|باز|باز|باز|باز	بازی	بازی|باز + ی|باز + ی|باز + ی|باز + ی	N1|V+O|A0+O|N1+O|Ad+O	اسم|فعل مضارع ساده+دوم شخص مفرد|صفت + ی|اسم + ی|قید + ی	
‎11	زیبایی	زیبایی|زیبا|زیب	زیبایی	زیبایی|زیبا + یی|زیب + ا + یی	N1|A0+O|O+O+O	اسم|صفت + یی|ریشه مضارع + ا + یی	
‎12	رابين	رابین|راب	رابین	رابین|راب + ین	N3|N1+O	اسم خاص اشخاص|اسم + ین	
‎13	آنان	آنان	آن	آنان	N5	ضمیر فاعلی	
‎14	و	و|و|و	و	و|و|و	C0|Al|Ab	حرف ربط|حروف الفبا|اختصارات	
‎15	به	به|به	به	به|به	Pr|N1	حرف اضافه|اسم	
‎16	راه	راه|راه	راه	راه|راه	N1|N9	اسم|اسم موجود در ساختمان حرف اضافه و حرف ربط گروهی	
‎17	انداخته بودند	انداخت	انداخته بودند	انداخت + ه + بود + ند	V+O	فعل ماضی بعید+سوم شخص جمع	
‎18	و	و|و|و	و	و|و|و	C0|Al|Ab	حرف ربط|حروف الفبا|اختصارات	
‎19	دما	دما|دم	دما	دما|دم + ا	N1|O+O	اسم|ریشه مضارع + ا	
‎20	بالا	بالا|بال	بالا	بالا|بال + ا	A0|O+O	صفت|ریشه مضارع + ا	
‎21	رفته بود	رفت|رفت	رفته بود	رفت + ه + بود|رفت + ه + بود	V+O|V+O	فعل ماضی بعید+سوم شخص مفرد|فعل ماضی بعید+سوم شخص مفرد	
22	:	:	:	:	Si	علامت	
‎23	دام‌ها	دام	دام	دام + ها	N1+Pl	اسم + علامت جمع	
‎24	دیگر	دیگر|دیگر|دی	دیگر	دیگر|دیگر|دی + گر	Ad|A2|N1+O	قید|صفت مبهم|اسم + گر	
‎25	تاب	تاب|تاب	تاب	تاب|تاب	V|N1	فعل امر مثبت|اسم	
‎26	این	این|این	این	این|این	A1|N6	صفت اشاره|ضمیر اشاره	
‎27	را	را	را	را	Po	حرف اضافه پسین	
‎28	نداشتند	داشت|داشت	داشت	ن + داشت + ند|ن + داشت + ند	V+O|O+V5+V	فعل ماضی ساده منفی+سوم شخص جمع|ن + فعل کمکی + فعل سوم شخص جمع	
29	.	.	.	.	Si	علامت	
‎0	نبات	نبات	نبات	نبات	N1	اسم	
‎1	و	و|و|و	و	و|و|و	C0|Al|Ab	حرف ربط|حروف الفبا|اختصارات	
‎2	برنج	برنج	برنج	برنج	N1	اسم	
‎3	و	و|و|و	و	و|و|و	C0|Al|Ab	حرف ربط|حروف الفبا|اختصارات	
4	…	…	…	…	O	_
5	…	…	…	…	O	_
‎0	را	را	را	را	Po	حرف اضافه پسین	
‎1	به	به|به	به	به|به	Pr|N1	حرف اضافه|اسم	
‎2	برج	برج|برج	برج	برج|برج	N1|N1	اسم|اسم	
‎3	بردم	برد|برد|برد|رد|رد	برد	برد + م|برد + م|برد + م|ب + رد + م|ب + رد + م	V+O|N1+O|N1+V|O+A0+O|O+A0+V	فعل ماضی ساده+اول شخص مفرد|اسم + ضمیر ملکی اول شخص مفرد|اسم + فعل اول شخص مفرد|ب + صفت + ضمیر ملکی اول شخص مفرد|ب + صفت + فعل اول شخص مفرد	
‎4	مشک	مشک|مشک|مش	مشک	مشک|مشک|مش + ک	N1|N1|N1+O	اسم|اسم|اسم + ک	
5	ِ			نوع: علامت	Si	علامت	
‎6	مشکین	مشکین|مشک|مشک	مشکین	مشکین|مشک + ین|مشک + ین	A0|N1+O|N1+O	صفت|اسم + ین|اسم + ین	
‎7	را	را	را	را	Po	حرف اضافه پسین	
‎8	پر	پر|پر|پر	پر	پر|پر|پر	V|A0|N1	فعل امر مثبت|صفت|اسم	
‎9	از	از	از	از	Pr	حرف اضافه	
‎10	ابی	ابی|اب	ابی	ابی|اب + ی	N1|N1+O	اسم|اسم + ی	
‎11	کردم	کرد|کرد|کرد	کرد	کرد + م|کرد + م|کرد + م	V+O|N1+O|N1+V	فعل ماضی ساده+اول شخص مفرد|اسم + ضمیر ملکی اول شخص مفرد|اسم + فعل اول شخص مفرد	
‎12	تا	تا|تا|تا	تا	تا|تا|تا	Pr|C0|Ab	حرف اضافه|حرف ربط|اختصارات	
‎13	شکمش	شکم	شکم	شکم + ش	N1+O	اسم + ضمیر ملکی سوم شخص مفرد	
‎14	را	را	را	را	Po	حرف اضافه پسین	
‎15	مانند	مانند|مانند|مان|مان	مانند	مانند|مانند|مان + ند|مان + ند	N1|N9|V+O|N1+V	اسم|اسم موجود در ساختمان حرف اضافه و حرف ربط گروهی|فعل مضارع ساده+سوم شخص جمع|اسم + فعل سوم شخص جمع	
‎16	تشت	تشت	تشت	تشت	N1	اسم	
‎17	پر	پر|پر|پر	پر	پر|پر|پر	V|A0|N1	فعل امر مثبت|صفت|اسم	
‎18	کنم	کن|کن	کرد	کن + م|کن + م	V+O|V+O	فعل مضارع ساده+اول شخص مفرد|فعل مضارع ساده+اول شخص مفرد	
‎19	اما	اما	اما	اما	C0	حرف ربط	
‎20	شوش	شوش	شوش	شوش	N2	اسم خاص مکان	
‎21	تشکش	تشک	تشک	تشک + ش	N1+O	اسم + ضمیر ملکی سوم شخص مفرد	
‎22	خیس	خیس|خیس	خیس	خیس|خیس	V|A0	فعل امر مثبت|صفت	
‎23	شد	شد	شد	شد	V+O	فعل ماضی ساده+سوم شخص مفرد	
24	.	.	.	.	Si	علامت	
‎0	تمشك	تمشک	تمشک	تمشک	N1	اسم	
‎1	رزمندگی	رزمندگی|رزمنده|رزم|رزم	رزمندگی	رزمندگی|رزمنده + گی|رزم + نده + گی|رزم + نده + گی	N1|A0+O|V1+O+O|N1+O+O	اسم|صفت + گی|بن مضارع + نده + گی|اسم + نده + گی	
‎2	در	در|در|در|در|در	در	در|در|در|در|در	Pr|V|N1|N1|VPr	حرف اضافه|فعل امر مثبت|اسم|اسم|پیشوند فعل	
‎3	مرزهای	مرز	مرز	مرز + ها + ی	N1+Pl+O	اسم + علامت جمع + ی	
‎4	ترمز	ترمز	ترمز	ترمز	N1	اسم	
‎5	بریدن	برید|بر	بریدن	برید + ن|بر + ید + ن	V2+O|V1+V+O	بن ماضی + ن|بن مضارع + فعل دوم شخص جمع + ن	
‎6	یاران	یار	یار	یار + ان	N1+O	اسم + ان	
‎7	دربرابر	دربرابر	دربرابر	دربرابر	Pr1	حرف اضافه گروهی	
‎8	کلم	کلم|کل|کل|کل|کل|کل|کل	کلم	کلم|کل + م|کل + م|کل + م|کل + م|کل + م|کل + م	N1|A0+O|A0+V|N1+O|N1+V|N1+O|N1+V	اسم|صفت + ضمیر ملکی اول شخص مفرد|صفت + فعل اول شخص مفرد|اسم + ضمیر ملکی اول شخص مفرد|اسم + فعل اول شخص مفرد|اسم + ضمیر ملکی اول شخص مفرد|اسم + فعل اول شخص مفرد	
‎9	برای	برای|برا|بر	برای	برای|برا + ی|بر + ا + ی	Pr|A0+O|O+O+O	حرف اضافه|صفت + ی|ریشه مضارع + ا + ی	
‎10	کلمن	کلمن|کلمن	کلمن	کلمن|کلمن	N1|N1	اسم|اسم	
‎11	است	است|اس		است|اس + ت	V+O|N1+O	فعل مضارع ساده+سوم شخص مفرد|اسم + ضمیر ملکی دوم شخص مفرد	
12	.	.	.	.	Si	علامت	
‎0	ملکی	ملکی|ملکی|ملک|ملک|ملک|مل	ملک	ملکی|ملکی|ملک + ی|ملک + ی|ملک + ی|مل + ک + ی	N4|A0|A0+O|N1+O|N1+O|N1+O+O	اسم فامیل|صفت|صفت + ی|اسم + ی|اسم + ی|اسم + ک + ی	
‎1	که	که|که|که|که	که	که|که|که|که	C0|NA|N1|N1	حرف ربط|ضمیر پرسشی|اسم|اسم	
‎2	براي	برای|برا|بر	برای	برای|برا + ی|بر + ا + ی	Pr|A0+O|O+O+O	حرف اضافه|صفت + ی|ریشه مضارع + ا + ی	
‎3	آماده	آماده|آماد	آماده	آماده|آماد + ه	A0|N1+O	صفت|اسم + ه	
‎4	شده بود	شد	شده بود	شد + ه + بود	V+O	فعل ماضی بعید+سوم شخص مفرد	
‎5	اما	اما	اما	اما	C0	حرف ربط	
‎6	ملکه‌ها	ملکه|ملک|ملک|ملک|مل	ملکه	ملکه + ها|ملک + ه + ها|ملک + ه + ها|ملک + ه + ها|مل + ک + ه + ها	N1+Pl|A0+O+Pl|N1+O+Pl|N1+O+Pl|N1+O+O+Pl	اسم + علامت جمع|صفت + ه + علامت جمع|اسم + ه + علامت جمع|اسم + ه + علامت جمع|اسم + ک + ه + علامت جمع	
‎7	در	در|در|در|در|در	در	در|در|در|در|در	Pr|V|N1|N1|VPr	حرف اضافه|فعل امر مثبت|اسم|اسم|پیشوند فعل	
‎8	ان	ان	ان	ان	Ab	اختصارات	
‎9	نرفتند	رفت|رفت	رفت	ن + رفت + ند|ن + رفت + ند	V+O|V+O	فعل ماضی ساده منفی+سوم شخص جمع|فعل ماضی ساده منفی+سوم شخص جمع	
‎10	اگر	اگر	اگر	اگر	C0	حرف ربط	
‎11	پاکان	پاک	پاک	پاک + ان	A0+O	صفت + ان	
‎12	هنر	هنر	هنر	هنر	N1	اسم	
‎13	خود	خود|خود	خود	خود|خود	O|N1	ضمیر مشترک/متقابل|اسم	
‎14	را	را	را	را	Po	حرف اضافه پسین	
‎15	در	در|در|در|در|در	در	در|در|در|در|در	Pr|V|N1|N1|VPr	حرف اضافه|فعل امر مثبت|اسم|اسم|پیشوند فعل	
‎16	پاکت‌شان	پاکت	پاکت‌شان	پاکت + شان	N1+O	اسم + ضمیر ملکی سوم شخص جمع	
‎17	قرار	قرار|قرار	قرار	قرار|قرار	N1|N9	اسم|اسم موجود در ساختمان حرف اضافه و حرف ربط گروهی	
‎18	داده	داده|داد|داد	داده	داده|داد + ه|داد + ه	N1|O+O|N1+O	اسم|ریشه ماضی + ه|اسم + ه	
‎19	و	و|و|و	و	و|و|و	C0|Al|Ab	حرف ربط|حروف الفبا|اختصارات	
‎20	هنری	هنری|هنر	هنر	هنری|هنر + ی	A0|N1+O	صفت|اسم + ی	
‎21	از	از	از	از	Pr	حرف اضافه	
‎22	خود	خود|خود	خود	خود|خود	O|N1	ضمیر مشترک/متقابل|اسم	
‎23	نشان	نشان|نشان	نشان	نشان|نشان	V|N1	فعل امر مثبت|اسم	
‎24	دهند	ده|ده	داد	ده + ند|ده + ند	V+O|N1+V	فعل مضارع ساده+سوم شخص جمع|اسم + فعل سوم شخص جمع	
‎25	در	در|در|در|در|در	در	در|در|در|در|در	Pr|V|N1|N1|VPr	حرف اضافه|فعل امر مثبت|اسم|اسم|پیشوند فعل	
‎26	قرون	قرون|قر	قرون	قرون|قر + ون	N1|N1+Pl	اسم|اسم + علامت جمع	
‎27	وسطا	وسطا	وسطا	وسطا	A0	صفت	
‎28	شهرهای	شهر	شهر	شهر + ها + ی	N1+Pl+O	اسم + علامت جمع + ی	
‎29	یزد	یزد	یزد	یزد	N2	اسم خاص مکان	
‎30	نقره	نقره|نقر	نقره	نقره|نقر + ه	N1|N1+O	اسم|اسم + ه	
‎31	و	و|و|و	و	و|و|و	C0|Al|Ab	حرف ربط|حروف الفبا|اختصارات	
‎32	سیمین	سیمین|سیم	سیمین	سیمین|سیم + ین	N3|A0+O	اسم خاص اشخاص|صفت + ین	
‎33	و	و|و|و	و	و|و|و	C0|Al|Ab	حرف ربط|حروف الفبا|اختصارات	
‎34	زرین	زرین|زر|زر	زرین	زرین|زر + ین|زر + ین	A0|N1+O|N1+O	صفت|اسم + ین|اسم + ین	
‎35	بافته‌ها	بافته|بافت|بافت|فته|فت	بافته	بافته + ها|بافت + ه + ها|بافت + ه + ها|با + فته + ها|با + فت + ه + ها	A0+Pl|O+O+Pl|N1+O+Pl|O+N1+Pl|O+A0+O+Pl	صفت + علامت جمع|ریشه ماضی + ه + علامت جمع|اسم + ه + علامت جمع|با + اسم + علامت جمع|با + صفت + ه + علامت جمع	
‎36	را	را	را	را	Po	حرف اضافه پسین	
‎37	می‌یابند	یاب	یافت	می + یاب + ند	V+O	فعل حال اخباری+سوم شخص جمع	
38	.	.	.	.	Si	علامت	
‎0	کاه	کاه|کاه	کاه	کاه|کاه	V|N1	فعل امر مثبت|اسم	
‎1	که	که|که|که|که	که	که|که|که|که	C0|NA|N1|N1	حرف ربط|ضمیر پرسشی|اسم|اسم	
‎2	از	از	از	از	Pr	حرف اضافه	
‎3	اه‌های	اه	اه‌های	اه + ها + ی	N1+Pl+O	اسم + علامت جمع + ی	
‎4	به‌هم‌پيوسته	به‌هم‌پیوسته|به هم پیوست	به‌هم‌پیوسته	به‌هم‌پیوسته|به هم پیوست + ه	A0|O+O	صفت|ریشه ماضی + ه	
‎5	به	به|به	به	به|به	Pr|N1	حرف اضافه|اسم	
‎6	وجود	وجود|وجود	وجود	وجود|وجود	N1|N9	اسم|اسم موجود در ساختمان حرف اضافه و حرف ربط گروهی	
‎7	امده	امد	امده	امد + ه	N1+O	اسم + ه	
‎8	ارزش	ارزش|ارز|ارز	ارزش	ارزش|ارز + ش|ارز + ش	N1|V+O|N1+O	اسم|فعل مضارع ساده+سوم شخص مفرد|اسم + ضمیر ملکی سوم شخص مفرد	
‎9	کاهو	کاهو	کاهو	کاهو	N1	اسم	
‎10	ندارد	دار|دار	داشت	ن + دار + د|ن + دار + د	V+O|O+V5+O	فعل حال التزامی منفی+سوم شخص مفرد|ن + فعل کمکی + د	
‎11	و	و|و|و	و	و|و|و	C0|Al|Ab	حرف ربط|حروف الفبا|اختصارات	
‎12	ما	ما	ما	ما	N5	ضمیر فاعلی	
‎13	به	به|به	به	به|به	Pr|N1	حرف اضافه|اسم	
‎14	صدمین	صد	صدمین	صد + مین	O+O	عدد حرفی + مین	
‎15	لغت	لغت	لغت	لغت	N1	اسم	
‎16	از	از	از	از	Pr	حرف اضافه	
‎17	کلمه‌ها	کلمه|کلم	کلمه	کلمه + ها|کلم + ه + ها	N1+Pl|N1+O+Pl	اسم + علامت جمع|اسم + ه + علامت جمع	
‎18	و	و|و|و	و	و|و|و	C0|Al|Ab	حرف ربط|حروف الفبا|اختصارات	
‎19	لغات	لغات|لغت	لغات	لغات|لغت + ات	N1|N1+Pl	اسم|اسم + علامت جمع	
‎20	رسیدیم	رسید|رسید|رسید	رسید	رسید + یم|رسید + ی + م|رسید + یم	V+O|V+O|N1+V	فعل ماضی ساده+اول شخص جمع|فعل ماضی ساده+دوم شخص مفرد|اسم + فعل اول شخص جمع	
21	!	!	!	!	Si	علامت	
22	!	!	!	!	Si	علامت	

0	۱۰۰۰	۱۰۰۰	۱۰۰۰	۱۰۰۰	Nu	عدد رقمی	
‎1	رفتیم	رفت|رفت|رفت|رفت	رفت	رفت + یم|رفت + ی + م|رفت + یم|رفت + ی + م	V+O|V+O|V+O|V+O	فعل ماضی ساده+اول شخص جمع|فعل ماضی ساده+دوم شخص مفرد|فعل ماضی ساده+اول شخص جمع|فعل ماضی ساده+دوم شخص مفرد	
‎2	؟	؟	؟	؟	Si	علامت	
3	!	!	!	!	Si	علامت	
‎0	پیراهنش	پیراهن	پیراهن	پیراهن + ش	N1+O	اسم + ضمیر ملکی سوم شخص مفرد	
‎1	را	را	را	را	Po	حرف اضافه پسین	
‎2	با	با	با	با	Pr	حرف اضافه	
‎3	دارچین	دارچین|دارچین	دارچین	دارچین|دارچین	N1|A0	اسم|صفت	
‎4	در	در|در|در|در|در	در	در|در|در|در|در	Pr|V|N1|N1|VPr	حرف اضافه|فعل امر مثبت|اسم|اسم|پیشوند فعل	
‎5	کابینت	کابینت|کابین	کابینت	کابینت|کابین + ت	N1|N1+O	اسم|اسم + ضمیر ملکی دوم شخص مفرد	
‎6	كه	که|که|که|که	که	که|که|که|که	C0|NA|N1|N1	حرف ربط|ضمیر پرسشی|اسم|اسم	
‎7	پسرش	پسر	پسر	پسر + ش	N1+O	اسم + ضمیر ملکی سوم شخص مفرد	
‎8	که	که|که|که|که	که	که|که|که|که	C0|NA|N1|N1	حرف ربط|ضمیر پرسشی|اسم|اسم	
‎9	در	در|در|در|در|در	در	در|در|در|در|در	Pr|V|N1|N1|VPr	حرف اضافه|فعل امر مثبت|اسم|اسم|پیشوند فعل	
‎10	افتاده بود	افتاد	افتاده بود	افتاد + ه + بود	V+O	فعل ماضی بعید+سوم شخص مفرد	
‎11	آنجا	آنجا	آنجا	آنجا	Ad	قید	
‎12	بود	بود|بود|بود|بو|ود	بود	بود|بود|بود|بو + د|ب + ود	V+O|N1|V+O|V+O|O+N1	فعل ماضی ساده+سوم شخص مفرد|اسم|فعل ماضی ساده+سوم شخص مفرد|فعل مضارع ساده+سوم شخص مفرد|ب + اسم	
‎13	گذاریده	گذاریده	گذاریده	گذاریده	O	_
‎14	و	و|و|و	و	و|و|و	C0|Al|Ab	حرف ربط|حروف الفبا|اختصارات	
‎15	با	با	با	با	Pr	حرف اضافه	
‎16	خمپاره	خمپاره	خمپاره	خمپاره	N1	اسم	
‎17	نمکدان	نمکدان|نمک|مک	نمکدان	نمکدان|نمک + دان|ن + مک + دان	N1|N1+O|O+V1+O	اسم|اسم + دان|ن + بن مضارع + دان	
‎18	را	را	را	را	Po	حرف اضافه پسین	
‎19	برداشت	برداشت|برداشت	برداشت	برداشت|برداشت	V+O|N1	فعل ماضی ساده+سوم شخص مفرد|اسم	
20	.	.	.	.	Si	علامت	
‎0	سليمان	سلیمان|سلیم|سل	سلیمان	سلیمان|سلیم + نا|سل + یم + نا	N3|A0+O|N1+V+O	اسم خاص اشخاص|صفت + نا|اسم + فعل اول شخص جمع + نا	
‎1	و	و|و|و	و	و|و|و	C0|Al|Ab	حرف ربط|حروف الفبا|اختصارات	
‎2	سیمان	سیمان	سیمان	سیمان	N1	اسم	
‎3	باقلوا	باقلوا	باقلوا	باقلوا	N1	اسم	
‎4	بود	بود|بود|بود|بو|ود	بود	بود|بود|بود|بو + د|ب + ود	V+O|N1|V+O|V+O|O+N1	فعل ماضی ساده+سوم شخص مفرد|اسم|فعل ماضی ساده+سوم شخص مفرد|فعل مضارع ساده+سوم شخص مفرد|ب + اسم	
5	.	.	.	.	Si	علامت	
‎0	شمعدان	شمعدان|شمع	شمعدان	شمعدان|شمع + دان	N1|N1+O	اسم|اسم + دان	
‎1	گردگیری	گردگیری|گردگیر	گردگیری	گردگیری|گردگیر + ی	N1|A0+O	اسم|صفت + ی	
‎2	شهریور	شهریور|شهر	شهریور	شهریور|شهر + ی + ور	N1|N1+O+O	اسم|اسم + ی + ور	
‎3	سرزمینی	سرزمین	سرزمین	سرزمین + ی	N1+O	اسم + ی	
‎4	بی‌نگهبان	نگهبان	بی‌نگهبان	بی + نگهبان	O+N1	بی + اسم	
‎5	تو	تو|تو|تو	تو	تو|تو|تو	N5|Ad|N1	ضمیر فاعلی|قید|اسم	
‎6	شلوارکشی	شلوارکش|شلوار|شل	شلوارکشی	شلوارکش + ی|شلوار + ک + ش + ی|شل + وار + ک + ش + ی	N1+O|N1+O+O+O|N1+O+O+O+O	اسم + ی|اسم + ک + ضمیر ملکی سوم شخص مفرد + ی|اسم + وار + ک + ضمیر ملکی سوم شخص مفرد + ی	
‎7	که	که|که|که|که	که	که|که|که|که	C0|NA|N1|N1	حرف ربط|ضمیر پرسشی|اسم|اسم	
‎8	سیاه‌رگ	سیاه‌رگ	سیاه‌رگ	سیاه‌رگ	N1	اسم	
‎9	می‌بری	بر|می|می	برد	می + بر + ی|می + بر + ی|می + بر + ی	V+O|N1+O+O|N1+O+O	فعل حال اخباری+دوم شخص مفرد|اسم + بر + ی|اسم + بر + ی	
‎10	؟	؟	؟	؟	Si	علامت	
‎0	کهنسالی	کهنسال	کهنسالی	کهنسال + ی	A0+O	صفت + ی	
‎1	بلندگو	بلندگو	بلندگو	بلندگو	N1	اسم	
‎2	را	را	را	را	Po	حرف اضافه پسین	
‎3	برداشت	برداشت|برداشت	برداشت	برداشت|برداشت	V+O|N1	فعل ماضی ساده+سوم شخص مفرد|اسم	
4	…	…	…	…	O	_
5	.	.	.	.	Si	علامت	
6	.	.	.	.	Si	علامت	
‎0	گلوبند	گلوبند	گلوبند	گلوبند	N1	اسم	
‎1	را	را	را	را	Po	حرف اضافه پسین	
‎2	دست	دست|دست	دست	دست|دست	N1|N9	اسم|اسم موجود در ساختمان حرف اضافه و حرف ربط گروهی	
‎3	و	و|و|و	و	و|و|و	C0|Al|Ab	حرف ربط|حروف الفبا|اختصارات	
‎4	مهتابی	مهتابی|مهتاب	مهتاب	مهتابی|مهتاب + ی	A0|N1+O	صفت|اسم + ی	
‎5	را	را	را	را	Po	حرف اضافه پسین	
6	.	.	.	.	Si	علامت	
‎0	برد	برد|برد|بر|رد	برد	برد|برد|بر + د|ب + رد	V+O|N1|V+O|O+A0	فعل ماضی ساده+سوم شخص مفرد|اسم|فعل مضارع ساده+سوم شخص مفرد|ب + صفت	
‎1	و	و|و|و	و	و|و|و	C0|Al|Ab	حرف ربط|حروف الفبا|اختصارات	
‎2	سر	سر|سر|سر|سر	سر	سر|سر|سر|سر	V|N1|N1|N9	فعل امر مثبت|اسم|اسم|اسم موجود در ساختمان حرف اضافه و حرف ربط گروهی	
‎3	گاومیش	گاومیش	گاومیش	گاومیش	N1	اسم	
‎4	زد	زد|زد|زد	زد	زد|زد|زد	V+O|N1|Ab	فعل ماضی ساده+سوم شخص مفرد|اسم|اختصارات	
‎5	ان	ان	ان	ان	Ab	اختصارات	
‎6	پسر	پسر	پسر	پسر	N1	اسم	
‎7	بدهي	بدهی|ده|ده|ده	بدهی	بدهی|ب + ده + ی|ب + ده + ی|ب + ده + ی	N1|V+O|O+O+O|O+N1+O	اسم|فعل حال التزامی+دوم شخص مفرد|ب + عدد حرفی + ی|ب + اسم + ی	
‎8	بار	بار|بار	بار	بار|بار	V|N1	فعل امر مثبت|اسم	
‎9	می‌آورد	آورد|آور	آورد	می + آورد|می + آور + د	V+O|V+O	فعل ماضی استمراری+سوم شخص مفرد|فعل حال اخباری+سوم شخص مفرد	
10	.	.	.	.	Si	علامت	
‎0	پسرک	پسرک|پسر	پسرک	پسرک|پسر + ک	N1|N1+O	اسم|اسم + ک	
‎1	هوشيار	هوشیار|هوش	هوشیار	هوشیار|هوش + یار	A0|N1+O	صفت|اسم + یار	
‎2	را	را	را	را	Po	حرف اضافه پسین	
‎3	می‌سنجید	سنجید|سنج	می‌سنجید	می + سنجید|می + سنج + ید	V+O|V+O	فعل ماضی استمراری+سوم شخص مفرد|فعل حال اخباری+دوم شخص جمع	
‎4	سوزنبان	سوزنبان|سوزن	سوزنبان	سوزنبان|سوزن + بان	N1|N1+O	اسم|اسم + بان	
‎5	قصه	قصه|قص	قصه	قصه|قص + ه	N1|N1+O	اسم|اسم + ه	
‎6	بادمجان	بادمجان	بادمجان	بادمجان	N1	اسم	
‎7	را	را	را	را	Po	حرف اضافه پسین	
‎8	با	با	با	با	Pr	حرف اضافه	
‎9	دم	دم|دم|دم	دم	دم|دم|دم	V|N1|N1	فعل امر مثبت|اسم|اسم	
‎10	کرد	کرد|کرد	کرد	کرد|کرد	V+O|N1	فعل ماضی ساده+سوم شخص مفرد|اسم	
11	.	.	.	.	Si	علامت	
‎0	صندوقچه	صندوقچه|صندوق	صندوقچه	صندوقچه|صندوق + چه	N1|N1+O	اسم|اسم + چه	
‎1	را	را	را	را	Po	حرف اضافه پسین	
‎2	درآورد	درآورد|درآور	درآورد	درآورد|درآور + د	V+O|V+O	فعل ماضی ساده+سوم شخص مفرد|فعل مضارع ساده+سوم شخص مفرد	
‎3	صندوقچه	صندوقچه|صندوق	صندوقچه	صندوقچه|صندوق + چه	N1|N1+O	اسم|اسم + چه	
‎4	کاری	کاری|کار|کار	کاشت	کاری|کار + ی|کار + ی	A0|N1+O|V+O	صفت|اسم + ی|فعل مضارع ساده+دوم شخص مفرد	
‎5	انجام	انجام|انجام	انجام	انجام|انجام	N1|V	اسم|فعل امر مثبت	
‎6	می‌دهد	ده	داد	می + ده + د	V+O	فعل حال اخباری+سوم شخص مفرد	
‎7	؟	؟	؟	؟	Si	علامت	
‎0	ماهیگیر	ماهیگیر	ماهیگیر	ماهیگیر	N1	اسم	
‎1	دیگر	دیگر|دیگر|دی	دیگر	دیگر|دیگر|دی + گر	Ad|A2|N1+O	قید|صفت مبهم|اسم + گر	
‎2	گیرهای	گیر	گیر	گیر + ها + ی	A0+Pl+O	صفت + علامت جمع + ی	
‎3	نداشت	داشت	داشت	ن + داشت	V+O	فعل ماضی ساده منفی+سوم شخص مفرد	
‎4	و	و|و|و	و	و|و|و	C0|Al|Ab	حرف ربط|حروف الفبا|اختصارات	
‎5	فرنی	فرنی	فرنی	فرنی	N1	اسم	
‎6	خود	خود|خود	خود	خود|خود	O|N1	ضمیر مشترک/متقابل|اسم	
‎7	را	را	را	را	Po	حرف اضافه پسین	
‎8	حرف	حرف|حرف	حرف	حرف|حرف	N1|N1	اسم|اسم	
‎9	چین	چین|چین	چین	چین|چین	V|N2	فعل امر مثبت|اسم خاص مکان	
‎10	کرد	کرد|کرد	کرد	کرد|کرد	V+O|N1	فعل ماضی ساده+سوم شخص مفرد|اسم	
11	.	.	.	.	Si	علامت	
‎0	روزی	روزی|روز	روز	روزی|روز + ی	N1|N1+O	اسم|اسم + ی	
‎1	اختاپوست	اختاپوس	اختاپوس	اختاپوس + ت	N1+O	اسم + ضمیر ملکی دوم شخص مفرد	
‎2	خم	خم|خم|خم	خم	خم|خم|خم	V|A0|N1	فعل امر مثبت|صفت|اسم	
‎3	کرد	کرد|کرد	کرد	کرد|کرد	V+O|N1	فعل ماضی ساده+سوم شخص مفرد|اسم	
4	.	.	.	.	Si	علامت	
‎0	جالباسی	جالباسی	جالباسی	جالباسی	N1	اسم	
‎1	هنرپیشه	هنرپیشه	هنرپیشه	هنرپیشه	N1	اسم	
‎2	دو	دو|دو|دو	دو	دو|دو|دو	O|V|N1	عدد حرفی|فعل امر مثبت|اسم	
‎3	عنوان	عنوان	عنوان	عنوان	N1	اسم	
‎4	؟	؟	؟	؟	Si	علامت	
5	!	!	!	!	Si	علامت	
‎0	که	که|که|که|که	که	که|که|که|که	C0|NA|N1|N1	حرف ربط|ضمیر پرسشی|اسم|اسم	
‎1	دربست	دربست|دربست|درب	دربست	دربست|دربست|درب + ست	A0|N1|N1+O	صفت|اسم|اسم + ضمیر ملکی سوم شخص مفرد	
‎2	به	به|به	به	به|به	Pr|N1	حرف اضافه|اسم	
‎3	آزادی	آزادی|آزاد	آزاد	آزادی|آزاد + ی	N1|A0+O	اسم|صفت + ی	
‎4	می‌روند	رو	رفت	می + رو + ند	V+O	فعل حال اخباری+سوم شخص جمع	
5	.	.	.	.	Si	علامت	
‎0	با	با	با	با	Pr	حرف اضافه	
‎1	انبردستش	انبردست	انبردست	انبردست + ش	N1+O	اسم + ضمیر ملکی سوم شخص مفرد	
‎2	زخمی	زخمی|زخم	زخم	زخمی|زخم + ی	A0|N1+O	صفت|اسم + ی	
‎3	شد	شد	شد	شد	V+O	فعل ماضی ساده+سوم شخص مفرد	
‎4	روز	روز	روز	روز	N1	اسم	
‎5	در	در|در|در|در|در	در	در|در|در|در|در	Pr|V|N1|N1|VPr	حرف اضافه|فعل امر مثبت|اسم|اسم|پیشوند فعل	
‎6	خاوران	خاوران	خاوران	خاوران	N2	اسم خاص مکان	
‎7	با	با	با	با	Pr	حرف اضافه	
‎8	دوکان	دوک	دوک	دوک + ان	N1+O	اسم + ان	
‎9	و	و|و|و	و	و|و|و	C0|Al|Ab	حرف ربط|حروف الفبا|اختصارات	
‎10	گردن	گردن	گردن	گردن	N1	اسم	
‎11	است	است|اس		است|اس + ت	V+O|N1+O	فعل مضارع ساده+سوم شخص مفرد|اسم + ضمیر ملکی دوم شخص مفرد	
12	.	.	.	.	Si	علامت	
‎0	شالیزار	شالیزار|شالی|شال	شالیزار	شالیزار|شالی + زار|شال + ی + زار	N1|N1+O|N1+O+O	اسم|اسم + زار|اسم + ی + زار	
‎1	پر	پر|پر|پر	پر	پر|پر|پر	V|A0|N1	فعل امر مثبت|صفت|اسم	
‎2	از	از	از	از	Pr	حرف اضافه	
‎3	بلدرچين	بلدرچین	بلدرچین	بلدرچین	N1	اسم	
‎4	کماندار	کماندار|کمان|کم|کم	کماندار	کماندار|کمان + دار|کم + ان + دار|کم + ان + دار	N1|N1+O|A0+O+O|N1+O+O	اسم|اسم + دار|صفت + ان + دار|اسم + ان + دار	
‎5	دانمارک	دانمارک	دانمارک	دانمارک	N1	اسم	
‎6	که	که|که|که|که	که	که|که|که|که	C0|NA|N1|N1	حرف ربط|ضمیر پرسشی|اسم|اسم	
‎7	امده	امد	امده	امد + ه	N1+O	اسم + ه	
‎8	بودند	بود|بود|بود|ود	بود	بود + ند|بود + ند|بود + ند|ب + ود + ند	V+O|N1+V|V+O|O+N1+V	فعل ماضی ساده+سوم شخص جمع|اسم + فعل سوم شخص جمع|فعل ماضی ساده+سوم شخص جمع|ب + اسم + فعل سوم شخص جمع	
‎9	شده بود	شد	شده بود	شد + ه + بود	V+O	فعل ماضی بعید+سوم شخص مفرد	
‎10	چلوكباب	چلوکباب	چلوکباب	چلوکباب	N1	اسم	
‎11	شد	شد	شد	شد	V+O	فعل ماضی ساده+سوم شخص مفرد	
‎12	و	و|و|و	و	و|و|و	C0|Al|Ab	حرف ربط|حروف الفبا|اختصارات	
‎13	من	من	من	من	N5	ضمیر فاعلی	
‎14	ستوان	ستوان	ستوان	ستوان	N1	اسم	
‎15	نگفتم	گفت	گفت	ن + گفت + م	V+O	فعل ماضی ساده منفی+اول شخص مفرد	
16	.	.	.	.	Si	علامت	
‎0	شكل	شکل	شکل	شکل	N1	اسم	
‎1	بیضی	بیضی	بیضی	بیضی	N1	اسم	
‎2	دارد	دار|دار	داشت	دار + د|دار + د	V+O|V5+O	فعل مضارع ساده+سوم شخص مفرد|فعل کمکی + د	
‎3	دد	دد	دد	دد	N1	اسم	
4	.	.	.	.	Si	علامت	
5	.	.	.	.	Si	علامت	
‎0	رفسنجان	رفسنجان	رفسنجان	رفسنجان	N2	اسم خاص مکان	
‎1	در	در|در|در|در|در	در	در|در|در|در|در	Pr|V|N1|N1|VPr	حرف اضافه|فعل امر مثبت|اسم|اسم|پیشوند فعل	
‎2	فسنجان	فسنجان	فسنجان	فسنجان	N1	اسم	
‎3	فقط	فقط	فقط	فقط	Ad	قید	
‎4	یک	یک	یک	یک	O	عدد حرفی	
‎5	را	را	را	را	Po	حرف اضافه پسین	
‎6	کم	کم|کم	کم	کم|کم	A0|N1	صفت|اسم	
‎7	دارد	دار|دار	داشت	دار + د|دار + د	V+O|V5+O	فعل مضارع ساده+سوم شخص مفرد|فعل کمکی + د	
8	.	.	.	.	Si	علامت	
‎0	مخابره	مخابره	مخابره	مخابره	N1	اسم	
‎1	و	و|و|و	و	و|و|و	C0|Al|Ab	حرف ربط|حروف الفبا|اختصارات	
‎2	مخابرات	مخابرات|مخابره	مخابرات	مخابرات|مخابره + ات	N1|N1+Pl	اسم|اسم + علامت جمع	
‎3	شنوایی	شنوایی|شنوا|شنو	شنوایی	شنوایی|شنوا + یی|شنو + ا + یی	N1|A0+O|O+O+O	اسم|صفت + یی|ریشه مضارع + ا + یی	
‎4	و	و|و|و	و	و|و|و	C0|Al|Ab	حرف ربط|حروف الفبا|اختصارات	
‎5	روشنایی	روشنایی|روشن	روشنایی	روشنایی|روشن + ا + یی	N1|A0+O+O	اسم|صفت + ا + یی	
‎6	در	در|در|در|در|در	در	در|در|در|در|در	Pr|V|N1|N1|VPr	حرف اضافه|فعل امر مثبت|اسم|اسم|پیشوند فعل	
‎7	شیروانی	شیروانی|شیروان	شیروان	شیروانی|شیروان + ی	N1|N2+O	اسم|اسم خاص مکان + ی	
‎8	از	از	از	از	Pr	حرف اضافه	
‎9	من	من	من	من	N5	ضمیر فاعلی	
‎10	می‌گیرند	گیر	گرفت	می + گیر + ند	V+O	فعل حال اخباری+سوم شخص جمع	
‎11	اردوگاه	اردوگاه|اردو	اردوگاه	اردوگاه|اردو + گاه	N1|N1+O	اسم|اسم + گاه	
‎12	درگاهی	درگاهی|درگاه|گاهی|گاه|در|در	درگاه	درگاهی|درگاه + ی|در + گاهی|در + گاه + ی|در + گاه + ی|در + گاه + ی	N1|N1+O|O+Ad|O+Ad+O|N1+O+O|N1+O+O	اسم|اسم + ی|در + قید|در + قید + ی|اسم + گاه + ی|اسم + گاه + ی	
‎13	بر	بر|بر|بر|بر	بر	بر|بر|بر|بر	Pr|V|VPr|N1	حرف اضافه|فعل امر مثبت|پیشوند فعل|اسم	
‎14	برای	برای|برا|بر	برای	برای|برا + ی|بر + ا + ی	Pr|A0+O|O+O+O	حرف اضافه|صفت + ی|ریشه مضارع + ا + ی	
‎15	کارنامه	کارنامه	کارنامه	کارنامه	N1	اسم	
‎16	ارزان	ارزان|ارز	ارزان	ارزان|ارز + ان	A0|N1+O	صفت|اسم + ان	
‎17	رایانه	رایانه|رایان	رایانه	رایانه|رایان + ه	N1|V1+O	اسم|بن مضارع + ه	
‎18	است	است|اس		است|اس + ت	V+O|N1+O	فعل مضارع ساده+سوم شخص مفرد|اسم + ضمیر ملکی دوم شخص مفرد	
‎19	به	به|به	به	به|به	Pr|N1	حرف اضافه|اسم	
‎20	قبرستان	قبرستان|قبر	قبرستان	قبرستان|قبر + ستان	N1|N1+O	اسم|اسم + ستان	
‎21	پيشنهاد	پیشنهاد|نهاد|نهاد	پیشنهاد	پیشنهاد|پیش + نهاد|پیش + نهاد	N1|V+O|V+O	اسم|فعل ماضی ساده+سوم شخص مفرد|فعل مضارع ساده+سوم شخص مفرد	
‎22	ثروتمند	ثروتمند|ثروت	ثروتمند	ثروتمند|ثروت + مند	A0|N1+O	صفت|اسم + مند	
‎23	سرخ‌پوست	سرخ‌پوست	سرخ‌پوست	سرخ‌پوست	A0	صفت	
‎24	سرسخت	سرسخت	سرسخت	سرسخت	A0	صفت	
‎25	كلاه‌خود	کلاه‌خود	کلاه‌خود	کلاه‌خود	N1	اسم	
‎26	خود	خود|خود	خود	خود|خود	O|N1	ضمیر مشترک/متقابل|اسم	
‎27	را	را	را	را	Po	حرف اضافه پسین	
‎28	در	در|در|در|در|در	در	در|در|در|در|در	Pr|V|N1|N1|VPr	حرف اضافه|فعل امر مثبت|اسم|اسم|پیشوند فعل	
‎29	داشبورد	داشبورد	داشبورد	داشبورد	N1	اسم	
‎30	گارانتی	گارانتی	گارانتی	گارانتی	N1	اسم	
‎31	کرد	کرد|کرد	کرد	کرد|کرد	V+O|N1	فعل ماضی ساده+سوم شخص مفرد|اسم	
‎32	این	این|این	این	این|این	A1|N6	صفت اشاره|ضمیر اشاره	
‎33	سنگاپور	سنگاپور	سنگاپور	سنگاپور	N2	اسم خاص مکان	
‎34	علیست	علی	علیست	علی + ست	A0+O	صفت + ضمیر ملکی سوم شخص مفرد	
‎35	چون	چون|چون	چون	چون|چون	C0|Pr	حرف ربط|حرف اضافه	
‎36	او	او|او	او	او|او	N5|Ab	ضمیر فاعلی|اختصارات	
37	.	.	.	.	Si	علامت	
‎0	آر	آر|آر	آر	آر|آر	Ab|N1	اختصارات|اسم	
‎0	ای‌اش	ای اش	ای	ای اش	O	_
‎1	را	را	را	را	Po	حرف اضافه پسین	
‎2	در	در|در|در|در|در	در	در|در|در|در|در	Pr|V|N1|N1|VPr	حرف اضافه|فعل امر مثبت|اسم|اسم|پیشوند فعل	
‎3	بیمارستان	بیمارستان|بیمار|مار	بیمارستان	بیمارستان|بیمار + ستان|بی + مار + ستان	N1|A0+O|O+N1+O	اسم|صفت + ستان|بی + اسم + ستان	
‎4	آغول	آغول	آغول	آغول	N1	اسم	
5	.	.	.	.	Si	علامت	
‎0	باغول	باغ|غول	باغول	باغ + ول|با + غول	N1+O|O+N1	اسم + ول|با + اسم	
1	.	.	.	.	Si	علامت	
‎0	از	از	از	از	Pr	حرف اضافه	
1	۱۰	۱۰	۱۰	۱۰	Nu	عدد رقمی	
2	.	.	.	.	Si	علامت	

0	۵	۵	۵	۵	Nu	عدد رقمی	
‎1	سال	سال	سال	سال	N1	اسم	
‎2	پیش	پیش|پیش|پی	پیش	پیش|پیش|پی + ش	A0|N9|N1+O	صفت|اسم موجود در ساختمان حرف اضافه و حرف ربط گروهی|اسم + ضمیر ملکی سوم شخص مفرد	
‎3	تابه‌حال	تابه‌حال	تابه‌حال	تابه‌حال	Ad	قید	
‎4	که	که|که|که|که	که	که|که|که|که	C0|NA|N1|N1	حرف ربط|ضمیر پرسشی|اسم|اسم	
‎5	شده	شد	شده	شد + ه	V3+O	فعل اسنادی + ه	
6	۱۲	۱۲	۱۲	۱۲	Nu	عدد رقمی	
‎7	و	و|و|و	و	و|و|و	C0|Al|Ab	حرف ربط|حروف الفبا|اختصارات	
‎8	نیم	نیم|نی|نی	نیم	نیم|نی + م|نی + م	N1|N1+O|N1+V	اسم|اسم + ضمیر ملکی اول شخص مفرد|اسم + فعل اول شخص مفرد	
‎9	سال	سال	سال	سال	N1	اسم	
‎10	می‌گیرد	گیر	گرفت	می + گیر + د	V+O	فعل حال اخباری+سوم شخص مفرد	
11	.	.	.	.	Si	علامت	
12	.	.	.	.	Si	علامت	
‎0	قلم‌كاري	قلم‌کاری	قلم‌کاری	قلم‌کاری	N1	اسم	
‎1	برای	برای|برا|بر	برای	برای|برا + ی|بر + ا + ی	Pr|A0+O|O+O+O	حرف اضافه|صفت + ی|ریشه مضارع + ا + ی	
‎2	قطع‌نامه	قطع‌نامه	قطع‌نامه	قطع‌نامه	N1	اسم	
‎3	مثل	مثل|مثل|مثل	مثل	مثل|مثل|مثل	N1|N9|N1	اسم|اسم موجود در ساختمان حرف اضافه و حرف ربط گروهی|اسم	
‎4	بادبزن	بادبزن	بادبزن	بادبزن	N1	اسم	
‎5	برای	برای|برا|بر	برای	برای|برا + ی|بر + ا + ی	Pr|A0+O|O+O+O	حرف اضافه|صفت + ی|ریشه مضارع + ا + ی	
‎6	بندباز	بندباز|بند|بند	بندباز	بندباز|بند + باز|بند + باز	N1|V1+O|N1+O	اسم|بن مضارع + باز|اسم + باز	
‎7	هخامنشی	هخامنشی|هخامنش	هخامنش	هخامنشی|هخامنش + ی	A0|N3+O	صفت|اسم خاص اشخاص + ی	
‎8	و	و|و|و	و	و|و|و	C0|Al|Ab	حرف ربط|حروف الفبا|اختصارات	
‎9	هر	هر	هر	هر	A1	صفت اشاره	
‎10	دو	دو|دو|دو	دو	دو|دو|دو	O|V|N1	عدد حرفی|فعل امر مثبت|اسم	
‎11	همانند	همانند|هم	همانند	همانند|هم + ان + ند	A0|Ad+O+V	صفت|قید + ان + فعل سوم شخص جمع	
‎12	است	است|اس		است|اس + ت	V+O|N1+O	فعل مضارع ساده+سوم شخص مفرد|اسم + ضمیر ملکی دوم شخص مفرد	
13	.	.	.	.	Si	علامت	
‎0	ورزش‌کار	ورزش‌کار	ورزش‌کار	ورزش‌کار	N1	اسم	
‎1	آرام‌بخش	آرام بخش	آرام‌بخش	آرام بخش	O	_
‎2	بسکتبال	بسکتبال	بسکتبال	بسکتبال	N1	اسم	
‎3	و	و|و|و	و	و|و|و	C0|Al|Ab	حرف ربط|حروف الفبا|اختصارات	
‎4	پيش‌كسوت	پیش‌کسوت|پیش‌کسوت|کسوت	پیش‌کسوت	پیش‌کسوت|پیش‌کسوت|پیش + کسوت	A0|N1|O+N1	صفت|اسم|پیش + اسم	
‎5	می‌گراید	گرا|گر	می‌گراید	می + گرا + ید|می + گر + ا + ید	V+O|O+O+V	فعل حال اخباری+دوم شخص جمع|ریشه مضارع + ا + فعل سوم شخص مفرد	
6	.	.	.	.	Si	علامت	
‎0	در	در|در|در|در|در	در	در|در|در|در|در	Pr|V|N1|N1|VPr	حرف اضافه|فعل امر مثبت|اسم|اسم|پیشوند فعل	
‎1	ان	ان	ان	ان	Ab	اختصارات	
‎2	کار	کار|کار	کار	کار|کار	N1|V	اسم|فعل امر مثبت	
‎3	می‌کند	کن|کن|می|می	کرد	می + کن + د|می + کن + د|می + ک + ند|می + ک + ند	V+O|V+O|N1+O+V|N1+O+V	فعل حال اخباری+سوم شخص مفرد|فعل حال اخباری+سوم شخص مفرد|اسم + ک + فعل سوم شخص جمع|اسم + ک + فعل سوم شخص جمع	
4	.	.	.	.	Si	علامت	
‎0	بندباز	بندباز|بند|بند	بندباز	بندباز|بند + باز|بند + باز	N1|V1+O|N1+O	اسم|بن مضارع + باز|اسم + باز	
‎1	منشی	منشی|منش	منشی	منشی|منش + ی	N1|N1+O	اسم|اسم + ی	
‎2	عجیب	عجیب	عجیب	عجیب	A0	صفت	
‎3	داشت	داشت|داشت|داشت|داش	داشت	داشت|داشت|داشت|داش + ت	V+O|N1|V5|N1+O	فعل ماضی ساده+سوم شخص مفرد|اسم|فعل کمکی|اسم + ضمیر ملکی دوم شخص مفرد	
4	.	.	.	.	Si	علامت	
‎0	این‌جانب	این‌جانب	این‌جانب	این‌جانب	N5	ضمیر فاعلی	
‎1	امیدوارم	امیدوارم|امیدوار|امیدوار	امیدوار	امیدوارم|امیدوار + م|امیدوار + م	Ad|A0+O|A0+V	قید|صفت + ضمیر ملکی اول شخص مفرد|صفت + فعل اول شخص مفرد	
‎2	خنده	خنده|خند	خنده	خنده|خند + ه	N1|V1+O	اسم|بن مضارع + ه	
‎3	بور	بور|بور|ور|ور	بور	بور|بور|ب + ور|ب + ور	N1|N1|O+N1|O+N1	اسم|اسم|ب + اسم|ب + اسم	
‎4	شده باشیم	شد	شده باشیم	شد + ه + باش + یم	V3+O+O+V	فعل اسنادی + ه + باش + فعل اول شخص جمع	
‎5	نه	نه|نه|نه	نه	نه|نه|نه	O|V|N1	عدد حرفی|فعل امر مثبت|اسم	
‎6	خنده	خنده|خند	خنده	خنده|خند + ه	N1|V1+O	اسم|بن مضارع + ه	
‎7	بر	بر|بر|بر|بر	بر	بر|بر|بر|بر	Pr|V|VPr|N1	حرف اضافه|فعل امر مثبت|پیشوند فعل|اسم	
‎8	یا	یا|یا	یا	یا|یا	C0|Intj	حرف ربط|صوت	
‎9	خنده‌بر	خنده|خند	خنده‌بر	خنده + بر|خند + ه + بر	N1+O|V1+O+O	اسم + بر|بن مضارع + ه + بر	
‎10	یا	یا|یا	یا	یا|یا	C0|Intj	حرف ربط|صوت	
‎11	خنده‌بر	خنده|خند	خنده‌بر	خنده + بر|خند + ه + بر	N1+O|V1+O+O	اسم + بر|بن مضارع + ه + بر	
‎12	یا	یا|یا	یا	یا|یا	C0|Intj	حرف ربط|صوت	
‎13	هرکدام	هرکدام	هرکدام	هرکدام	Ad	قید	
14	.	.	.	.	Si	علامت	
‎0	از	از	از	از	Pr	حرف اضافه	
‎1	آنجا	آنجا	آنجا	آنجا	Ad	قید	
‎2	برای	برای|برا|بر	برای	برای|برا + ی|بر + ا + ی	Pr|A0+O|O+O+O	حرف اضافه|صفت + ی|ریشه مضارع + ا + ی	
‎3	همه‌ی	همه	همه	همه + ی	N1+O	اسم + ی	
‎4	ما	ما	ما	ما	N5	ضمیر فاعلی	
‎5	مشخص	مشخص	مشخص	مشخص	A0	صفت	
‎6	است	است|اس		است|اس + ت	V+O|N1+O	فعل مضارع ساده+سوم شخص مفرد|اسم + ضمیر ملکی دوم شخص مفرد	
‎7	در	در|در|در|در|در	در	در|در|در|در|در	Pr|V|N1|N1|VPr	حرف اضافه|فعل امر مثبت|اسم|اسم|پیشوند فعل	
‎8	این	این|این	این	این|این	A1|N6	صفت اشاره|ضمیر اشاره	
‎9	جملات	جملات|جمل	جملات	جملات|جمل + ات	N1|N1+Pl	اسم|اسم + علامت جمع	
‎10	نیز	نیز|آز	نیز	نیز|نی + آز	Ad|V	قید|فعل امر منفی	
‎11	مانند	مانند|مانند|مان|مان	مانند	مانند|مانند|مان + ند|مان + ند	N1|N9|V+O|N1+V	اسم|اسم موجود در ساختمان حرف اضافه و حرف ربط گروهی|فعل مضارع ساده+سوم شخص جمع|اسم + فعل سوم شخص جمع	
‎12	استاندارد	استاندارد|استان	استاندارد	استاندارد|استان + دار + د	A0|V1+O+O	صفت|بن مضارع + دار + د	
‎13	نباید	باید	نباید	ن + باید	O+V4	ن + فعل وجه نما	
‎14	استاندارد	استاندارد|استان	استاندارد	استاندارد|استان + دار + د	A0|V1+O+O	صفت|بن مضارع + دار + د	
‎15	و	و|و|و	و	و|و|و	C0|Al|Ab	حرف ربط|حروف الفبا|اختصارات	
‎16	استاندارد	استاندارد|استان	استاندارد	استاندارد|استان + دار + د	A0|V1+O+O	صفت|بن مضارع + دار + د	
‎17	اشتباه	اشتباه	اشتباه	اشتباه	A0	صفت	
‎18	بنویسیمم	نویسی|نویسی|نویسی|نویس	بنویسیمم	ب + نویسی + م + م|ب + نویسی + م + م|ب + نویسی + م + م|ب + نویس + یم + م	O+N1+O+O|O+N1+O+V|O+N1+V|V+O	ب + اسم + ضمیر ملکی اول شخص مفرد + ضمیر ملکی اول شخص مفرد|ب + اسم + ضمیر ملکی اول شخص مفرد + فعل اول شخص مفرد|ب + اسم + فعل اول شخص مفرد|فعل حال التزامی+اول شخص جمع	
19	.	.	.	.	Si	علامت	
‎0	همچنين	همچنین	همچنین	همچنین	Ad	قید	
‎1	نباید	باید	نباید	ن + باید	O+V4	ن + فعل وجه نما	
‎2	همچنین	همچنین	همچنین	همچنین	Ad	قید	
‎3	کرد	کرد|کرد	کرد	کرد|کرد	V+O|N1	فعل ماضی ساده+سوم شخص مفرد|اسم	
‎4	كه	که|که|که|که	که	که|که|که|که	C0|NA|N1|N1	حرف ربط|ضمیر پرسشی|اسم|اسم	
5	.	.	.	.	Si	علامت	
‎0	باتمام	باتمام	باتمام	باتمام	Pr1	حرف اضافه گروهی	
‎1	این	این|این	این	این|این	A1|N6	صفت اشاره|ضمیر اشاره	
‎2	تفسیر	تفسیر|تف	تفسیر	تفسیر|تف + سیر	N1|N1+O	اسم|اسم + سیر	
‎3	؟	؟	؟	؟	Si	علامت	
4	!	!	!	!	Si	علامت	
‎0	املايي	املایی|املا	املایی	املایی|املا + یی	A0|N1+O	صفت|اسم + یی	
‎1	هم	هم|هم|هم	هم	هم|هم|هم	Ad|C0|O	قید|حرف ربط|ضمیر مشترک/متقابل	
‎2	خود	خود|خود	خود	خود|خود	O|N1	ضمیر مشترک/متقابل|اسم	
‎3	عجیب	عجیب	عجیب	عجیب	A0	صفت	
‎4	قریب	قریب	قریب	قریب	A0	صفت	
‎5	شده است	شد	شده است	شد + ه + است	V+O	فعل ماضی نقلی+سوم شخص مفرد	
6	!	!	!	!	Si	علامت	
7	.	.	.	.	Si	علامت	
‎0	در	در|در|در|در|در	در	در|در|در|در|در	Pr|V|N1|N1|VPr	حرف اضافه|فعل امر مثبت|اسم|اسم|پیشوند فعل	
‎1	این	این|این	این	این|این	A1|N6	صفت اشاره|ضمیر اشاره	
‎2	متن	متن	متن	متن	N1	اسم	
‎3	غلط	غلط|غلط	غلط	غلط|غلط	A0|N1	صفت|اسم	
‎4	املایی	املایی|املا	املایی	املایی|املا + یی	A0|N1+O	صفت|اسم + یی	
‎5	هم	هم|هم|هم	هم	هم|هم|هم	Ad|C0|O	قید|حرف ربط|ضمیر مشترک/متقابل	
‎6	هست	هست|هست		هست|هست	V+O|N1	فعل مضارع ساده+سوم شخص مفرد|اسم	
7	.	.	.	.	Si	علامت	
‎0	نمید	نم	نمید	نم + ید	N1+V	اسم + فعل دوم شخص جمع	
‎1	ونیم	ون	ون	ون + یم	N1+V	اسم + فعل اول شخص جمع	
‎2	چرا	چرا|چرا|چر	چرا	چرا|چرا|چر + ا	NA|N1|O+O	ضمیر پرسشی|اسم|ریشه مضارع + ا	
‎3	؟	؟	؟	؟	Si	علامت	
4	.	.	.	.	Si	علامت	
5	!	!	!	!	Si	علامت	
‎0	در	در|در|در|در|در	در	در|در|در|در|در	Pr|V|N1|N1|VPr	حرف اضافه|فعل امر مثبت|اسم|اسم|پیشوند فعل	
‎1	این	این|این	این	این|این	A1|N6	صفت اشاره|ضمیر اشاره	
‎2	متنه‌ها	متن	متنه‌ها	متن + ه + ها	N1+O+Pl	اسم + ه + علامت جمع	
‎3	و	و|و|و	و	و|و|و	C0|Al|Ab	حرف ربط|حروف الفبا|اختصارات	
‎4	و	و|و|و	و	و|و|و	C0|Al|Ab	حرف ربط|حروف الفبا|اختصارات	
‎5	در	در|در|در|در|در	در	در|در|در|در|در	Pr|V|N1|N1|VPr	حرف اضافه|فعل امر مثبت|اسم|اسم|پیشوند فعل	
‎6	مدل‌های	مدل	مدل‌های	مدل + ها + ی	N1+Pl+O	اسم + علامت جمع + ی	
‎7	مختلف	مختلف	مختلف	مختلف	A0	صفت	
‎8	به	به|به	به	به|به	Pr|N1	حرف اضافه|اسم	
‎9	در	در|در|در|در|در	در	در|در|در|در|در	Pr|V|N1|N1|VPr	حرف اضافه|فعل امر مثبت|اسم|اسم|پیشوند فعل	
‎10	واحد	واحد	واحد	واحد	A0	صفت	
‎11	بررسی	بررسی|بررس	بررسی	بررسی|بررس + ی	N1|N1+O	اسم|اسم + ی	
‎12	به	به|به	به	به|به	Pr|N1	حرف اضافه|اسم	
‎13	اختصاري	اختصاری|اختصار	اختصار	اختصاری|اختصار + ی	A0|N1+O	صفت|اسم + ی	
‎0	ک	ک|ک	ک	ک|ک	Ab|Al	اختصارات|حروف الفبا	
‎0	ه	ه	ه	ه	O	_
‎1	حضور	حضور	حضور	حضور	N1	اسم	
‎2	دارند	دار|دار|دار	داشت	دار + ند|دار + ند|دار + ند	V+O|N1+V|V5+V	فعل مضارع ساده+سوم شخص جمع|اسم + فعل سوم شخص جمع|فعل کمکی + فعل سوم شخص جمع	
3	.	.	.	.	Si	علامت	
‎0	در	در|در|در|در|در	در	در|در|در|در|در	Pr|V|N1|N1|VPr	حرف اضافه|فعل امر مثبت|اسم|اسم|پیشوند فعل	
‎1	این	این|این	این	این|این	A1|N6	صفت اشاره|ضمیر اشاره	
‎2	متن	متن	متن	متن	N1	اسم	
‎3	اسپیس	اسپیس	اسپیس	اسپیس	N1	اسم	
‎4	و	و|و|و	و	و|و|و	C0|Al|Ab	حرف ربط|حروف الفبا|اختصارات	
‎5	فاصله	فاصله|فاصل	فاصله	فاصله|فاصل + ه	N1|N1+O	اسم|اسم + ه	
‎6	خراب	خراب	خراب	خراب	A0	صفت	
‎7	هستند	هست|هست		هست + ند|هست + ند	V+O|N1+V	فعل مضارع ساده+سوم شخص جمع|اسم + فعل سوم شخص جمع	
‎8	به	به|به	به	به|به	Pr|N1	حرف اضافه|اسم	
‎9	دفعات	دفعات|دفع	دفعات	دفعات|دفع + ات	N1|N1+Pl	اسم|اسم + علامت جمع	
10	.	.	.	.	Si	علامت	
‎0	در	در|در|در|در|در	در	در|در|در|در|در	Pr|V|N1|N1|VPr	حرف اضافه|فعل امر مثبت|اسم|اسم|پیشوند فعل	
‎1	این	این|این	این	این|این	A1|N6	صفت اشاره|ضمیر اشاره	
‎2	متن	متن	متن	متن	N1	اسم	
‎3	نقطه	نقطه	نقطه	نقطه	N1	اسم	
‎4	یعنی	یعنی	یعنی	یعنی	C0	حرف ربط	
‎5	همین	همین|همین|هم|ین	همین	همین|همین|هم + ین|هم + ین	A1|N6|Ad+O|O+N1	صفت اشاره|ضمیر اشاره|قید + ین|هم + اسم	
6	.	.	.	.	Si	علامت	
‎0	معلوم	معلوم	معلوم	معلوم	A0	صفت	
‎1	نیست	نیست|است|نی	نیست	نیست|نی + است|نی + ست	N1|V+O|N1+O	اسم|فعل مضارع ساده منفی+سوم شخص مفرد|اسم + ضمیر ملکی سوم شخص مفرد	
‎2	چه	چه|چه|چه	چه	چه|چه|چه	NA|C0|A0	ضمیر پرسشی|حرف ربط|صفت	
‎3	چیزی	چیزی|چیز	چیز	چیزی|چیز + ی	Ad|N1+O	قید|اسم + ی	
‎4	می‌گوید	گو	گفت	می + گو + ید	V+O	فعل حال اخباری+دوم شخص جمع	
‎5	در	در|در|در|در|در	در	در|در|در|در|در	Pr|V|N1|N1|VPr	حرف اضافه|فعل امر مثبت|اسم|اسم|پیشوند فعل	
‎6	این	این|این	این	این|این	A1|N6	صفت اشاره|ضمیر اشاره	
‎7	متن	متن	متن	متن	N1	اسم	
‎8	علایم	علا|علا	علا	علا + ی + م|علا + ی + م	N1+O|N1+V	اسم + ضمیر ملکی اول شخص مفرد|اسم + فعل اول شخص مفرد	
‎9	و	و|و|و	و	و|و|و	C0|Al|Ab	حرف ربط|حروف الفبا|اختصارات	
‎10	علایم	علا|علا	علا	علا + ی + م|علا + ی + م	N1+O|N1+V	اسم + ضمیر ملکی اول شخص مفرد|اسم + فعل اول شخص مفرد	
‎11	نگارشی	نگارشی|نگارش	نگارش	نگارشی|نگارش + ی	N1|N1+O	اسم|اسم + ی	
‎12	معنا	معنا	معنا	معنا	N1	اسم	
‎13	ندارد	دار|دار	داشت	ن + دار + د|ن + دار + د	V+O|O+V5+O	فعل حال التزامی منفی+سوم شخص مفرد|ن + فعل کمکی + د	
14	.	.	.	.	Si	علامت	
‎0	حال	حال	حال	حال	N1	اسم	
‎1	برای	برای|برا|بر	برای	برای|برا + ی|بر + ا + ی	Pr|A0+O|O+O+O	حرف اضافه|صفت + ی|ریشه مضارع + ا + ی	
‎2	بررسی	بررسی|بررس	بررسی	بررسی|بررس + ی	N1|N1+O	اسم|اسم + ی	
‎3	کلمات	کلم	کلمات	کلم + ات	N1+Pl	اسم + علامت جمع	
‎4	دیگر	دیگر|دیگر|دی	دیگر	دیگر|دیگر|دی + گر	Ad|A2|N1+O	قید|صفت مبهم|اسم + گر	
‎5	به	به|به	به	به|به	Pr|N1	حرف اضافه|اسم	
‎6	چند	چند	چند	چند	NA	ضمیر پرسشی	
‎7	نمونه	نمونه	نمونه	نمونه	A0	صفت	
‎8	از	از	از	از	Pr	حرف اضافه	
‎9	سری	سری|سری|سر|سر|سر	سری	سری|سری|سر + ی|سر + ی|سر + ی	N1|A0|V+O|N1+O|N1+O	اسم|صفت|فعل مضارع ساده+دوم شخص مفرد|اسم + ی|اسم + ی	
‎10	عبارات	عبارات|عبارت	عبارات	عبارات|عبارت + ات	N1|N1+Pl	اسم|اسم + علامت جمع	
‎11	روي	روی|روی|رو|رو	روی	روی|روی|رو + ی|رو + ی	Pr1|N1|N1+O|V+O	حرف اضافه گروهی|اسم|اسم + ی|فعل مضارع ساده+دوم شخص مفرد	
‎12	که	که|که|که|که	که	که|که|که|که	C0|NA|N1|N1	حرف ربط|ضمیر پرسشی|اسم|اسم	
‎13	تاریخ	تاریخ	تاریخ	تاریخ	N1	اسم	
‎14	دارند	دار|دار|دار	داشت	دار + ند|دار + ند|دار + ند	V+O|N1+V|V5+V	فعل مضارع ساده+سوم شخص جمع|اسم + فعل سوم شخص جمع|فعل کمکی + فعل سوم شخص جمع	
15	!	!	!	!	Si	علامت	
‎16	؛	؛	؛	؛	Si	علامت	
‎17	من	من	من	من	N5	ضمیر فاعلی	
‎18	و	و|و|و	و	و|و|و	C0|Al|Ab	حرف ربط|حروف الفبا|اختصارات	
‎19	دوستم	دوست|دوست	دوستم	دوست + م|دوست + م	N1+O|N1+V	اسم + ضمیر ملکی اول شخص مفرد|اسم + فعل اول شخص مفرد	
‎20	در	در|در|در|در|در	در	در|در|در|در|در	Pr|V|N1|N1|VPr	حرف اضافه|فعل امر مثبت|اسم|اسم|پیشوند فعل	
‎21	تاریخ	تاریخ	تاریخ	تاریخ	N1	اسم	
22	3/12/97	3/12/97	۳/۱۲/۹۷	3/12/97	Si	علامت	
‎23	یا	یا|یا	یا	یا|یا	C0|Intj	حرف ربط|صوت	
‎24	شاید	شاید|شاید|شا	شاید	شاید|شاید|شا + ی + د	V+O|Ad|V+O	فعل ماضی ساده+سوم شخص مفرد|قید|فعل مضارع ساده+سوم شخص مفرد	
25	3/12/97	3/12/97	۳/۱۲/۹۷	3/12/97	Si	علامت	
‎26	که	که|که|که|که	که	که|که|که|که	C0|NA|N1|N1	حرف ربط|ضمیر پرسشی|اسم|اسم	
‎27	در	در|در|در|در|در	در	در|در|در|در|در	Pr|V|N1|N1|VPr	حرف اضافه|فعل امر مثبت|اسم|اسم|پیشوند فعل	
‎28	یاد	یاد	یاد	یاد	N1	اسم	
‎29	ندارم	ندار|ندار|دار	داشت	ندار + م|ندار + م|ن + دار + م	A0+O|A0+V|V+O	صفت + ضمیر ملکی اول شخص مفرد|صفت + فعل اول شخص مفرد|فعل حال التزامی منفی+اول شخص مفرد	
‎30	به	به|به	به	به|به	Pr|N1	حرف اضافه|اسم	
‎31	یک	یک	یک	یک	O	عدد حرفی	
‎32	مغازه	مغازه	مغازه	مغازه	N1	اسم	
‎33	رفتیم	رفت|رفت|رفت|رفت	رفت	رفت + یم|رفت + ی + م|رفت + یم|رفت + ی + م	V+O|V+O|V+O|V+O	فعل ماضی ساده+اول شخص جمع|فعل ماضی ساده+دوم شخص مفرد|فعل ماضی ساده+اول شخص جمع|فعل ماضی ساده+دوم شخص مفرد	
‎34	که	که|که|که|که	که	که|که|که|که	C0|NA|N1|N1	حرف ربط|ضمیر پرسشی|اسم|اسم	
35	12.5	12.5	۱۲٫۵	12.5	Si	علامت	
‎36	بشقاب	بشقاب	بشقاب	بشقاب	N1	اسم	
‎37	بخریم	بخر|خر|خر|خر|خر	خرید	بخر + یم|ب + خر + یم|ب + خر + ی + م|ب + خر + یم|ب + خر + یم	N1+V|V+O|V+O|O+N1+V|O+N1+V	اسم + فعل اول شخص جمع|فعل حال التزامی+اول شخص جمع|فعل حال التزامی+دوم شخص مفرد|ب + اسم + فعل اول شخص جمع|ب + اسم + فعل اول شخص جمع	
38	.	.	.	.	Si	علامت	
‎0	دوستم	دوست|دوست	دوستم	دوست + م|دوست + م	N1+O|N1+V	اسم + ضمیر ملکی اول شخص مفرد|اسم + فعل اول شخص مفرد	
‎1	در	در|در|در|در|در	در	در|در|در|در|در	Pr|V|N1|N1|VPr	حرف اضافه|فعل امر مثبت|اسم|اسم|پیشوند فعل	
‎2	همان	همان|همان|هم	همان	همان|همان|هم + ان	A1|N6|Ad+O	صفت اشاره|ضمیر اشاره|قید + ان	
‎3	وضعیت	وضعیت|وضعی|وضع	وضعیت	وضعیت|وضعی + ت|وضع + ی + ت	N1|A0+O|N1+O+O	اسم|صفت + ضمیر ملکی دوم شخص مفرد|اسم + ی + ضمیر ملکی دوم شخص مفرد	
‎4	در	در|در|در|در|در	در	در|در|در|در|در	Pr|V|N1|N1|VPr	حرف اضافه|فعل امر مثبت|اسم|اسم|پیشوند فعل	
5	12/5/97	12/5/97	۱۲/۵/۹۷	12/5/97	Si	علامت	
‎6	باز	باز|باز|باز|باز|باز	باز	باز|باز|باز|باز|باز	V|A0|Ad|N1|VPr	فعل امر مثبت|صفت|قید|اسم|پیشوند فعل	
‎7	به	به|به	به	به|به	Pr|N1	حرف اضافه|اسم	
‎8	مغازه	مغازه	مغازه	مغازه	N1	اسم	
‎9	مذکور	مذکور	مذکور	مذکور	A0	صفت	
‎10	مراجعه	مراجعه	مراجعه	مراجعه	N1	اسم	
‎11	کرد	کرد|کرد	کرد	کرد|کرد	V+O|N1	فعل ماضی ساده+سوم شخص مفرد|اسم	
12	!	!	!	!	Si	علامت	
13	!	!	!	!	Si	علامت	
14	!	!	!	!	Si	علامت	
15	!	!	!	!	Si	علامت	
16	!	!	!	!	Si	علامت	
17	!	!	!	!	Si	علامت	
18	!	!	!	!	Si	علامت	
‎0	به	به|به	به	به|به	Pr|N1	حرف اضافه|اسم	
‎1	دوست	دوست|دو	دوست	دوست|دو + ست	N1|N1+O	اسم|اسم + ضمیر ملکی سوم شخص مفرد	
‎2	خود	خود|خود	خود	خود|خود	O|N1	ضمیر مشترک/متقابل|اسم	
‎3	گفتم	گفت|گفت|گفت	گفت	گفت + م|گفت + م|گفت + م	V+O|N1+O|N1+V	فعل ماضی ساده+اول شخص مفرد|اسم + ضمیر ملکی اول شخص مفرد|اسم + فعل اول شخص مفرد	
‎4	چرا	چرا|چرا|چر	چرا	چرا|چرا|چر + ا	NA|N1|O+O	ضمیر پرسشی|اسم|ریشه مضارع + ا	
5	1397/5/12	1397/5/12	۱۳۹۷/۵/۱۲	1397/5/12	Si	علامت	
‎6	نرفتی	رفت|رفت	رفت	ن + رفت + ی|ن + رفت + ی	V+O|V+O	فعل ماضی ساده منفی+دوم شخص مفرد|فعل ماضی ساده منفی+دوم شخص مفرد	
‎7	که	که|که|که|که	که	که|که|که|که	C0|NA|N1|N1	حرف ربط|ضمیر پرسشی|اسم|اسم	
‎8	گفت	گفت|گفت	گفت	گفت|گفت	V+O|N1	فعل ماضی ساده+سوم شخص مفرد|اسم	
‎9	به	به|به	به	به|به	Pr|N1	حرف اضافه|اسم	
‎10	تو	تو|تو|تو	تو	تو|تو|تو	N5|Ad|N1	ضمیر فاعلی|قید|اسم	
‎11	چه	چه|چه|چه	چه	چه|چه|چه	NA|C0|A0	ضمیر پرسشی|حرف ربط|صفت	
12	!	!	!	!	Si	علامت	
13	!	!	!	!	Si	علامت	
14	!	!	!	!	Si	علامت	
15	!	!	!	!	Si	علامت	
16	!	!	!	!	Si	علامت	
‎17	؟	؟	؟	؟	Si	علامت	
‎0	من	من	من	من	N5	ضمیر فاعلی	
‎1	هم	هم|هم|هم	هم	هم|هم|هم	Ad|C0|O	قید|حرف ربط|ضمیر مشترک/متقابل	
‎2	که	که|که|که|که	که	که|که|که|که	C0|NA|N1|N1	حرف ربط|ضمیر پرسشی|اسم|اسم	
‎3	ناراحت	ناراحت|راحت	ناراحت	ناراحت|نا + راحت	A0|O+A0	صفت|نا + صفت	
‎4	بودم	بود|بود|بود|بود|ود|ود	بود	بود + م|بود + م|بود + م|بود + م|ب + ود + م|ب + ود + م	V+O|N1+O|N1+V|V+O|O+N1+O|O+N1+V	فعل ماضی ساده+اول شخص مفرد|اسم + ضمیر ملکی اول شخص مفرد|اسم + فعل اول شخص مفرد|فعل ماضی ساده+اول شخص مفرد|ب + اسم + ضمیر ملکی اول شخص مفرد|ب + اسم + فعل اول شخص مفرد	
‎5	در	در|در|در|در|در	در	در|در|در|در|در	Pr|V|N1|N1|VPr	حرف اضافه|فعل امر مثبت|اسم|اسم|پیشوند فعل	
‎6	حساب	حساب	حساب	حساب	N1	اسم	
‎7	بانکی‌ام	بانکی|بانکی|بانک|بانک	بانکی‌ام	بانکی + ام|بانکی + ام|بانک + ی + ام|بانک + ی + ام	A0+O|A0+V|N1+O+O|N1+O+V	صفت + ضمیر ملکی اول شخص مفرد|صفت + فعل اول شخص مفرد|اسم + ی + ضمیر ملکی اول شخص مفرد|اسم + ی + فعل اول شخص مفرد	
‎8	به	به|به	به	به|به	Pr|N1	حرف اضافه|اسم	
‎9	شماره	شماره|شمار|شمار	شماره	شماره|شمار + ه|شمار + ه	N1|V1+O|N1+O	اسم|بن مضارع + ه|اسم + ه	
10	۴۳۵،۲۳،۲۴۲۳۴۲۵۱۲،۱۲۳۱۴،۱۲۳۱۲	۴۳۵،۲۳،۲۴۲۳۴۲۵۱۲،۱۲۳۱۴،۱۲۳۱۲	۴۳۵، ۲۳، ۲۴۲۳۴۲۵۱۲، ۱۲۳۱۴، ۱۲۳۱۲	۴۳۵،۲۳،۲۴۲۳۴۲۵۱۲،۱۲۳۱۴،۱۲۳۱۲	Si	علامت	
‎11	تومان	تومان|تو	تومان	تومان|تو + مان	N1|N1+O	اسم|اسم + ضمیر ملکی اول شخص جمع	
‎12	پول	پول	پول	پول	N1	اسم	
‎13	ریختم	ریخت|ریخت|ریخت	ریخت	ریخت + م|ریخت + م|ریخت + م	V+O|N1+O|N1+V	فعل ماضی ساده+اول شخص مفرد|اسم + ضمیر ملکی اول شخص مفرد|اسم + فعل اول شخص مفرد	
‎14	بعد	بعد|بعد|بعد	بعد	بعد|بعد|بعد	A0|N1|N9	صفت|اسم|اسم موجود در ساختمان حرف اضافه و حرف ربط گروهی	
‎15	رفتم	رفت|رفت	رفت	رفت + م|رفت + م	V+O|V+O	فعل ماضی ساده+اول شخص مفرد|فعل ماضی ساده+اول شخص مفرد	
‎16	و	و|و|و	و	و|و|و	C0|Al|Ab	حرف ربط|حروف الفبا|اختصارات	
17	۱۲۳،۱۲۳،۲۳۵،۳۴۵،۳۴۵	۱۲۳،۱۲۳،۲۳۵،۳۴۵،۳۴۵	۱۲۳، ۱۲۳، ۲۳۵، ۳۴۵، ۳۴۵	۱۲۳،۱۲۳،۲۳۵،۳۴۵،۳۴۵	Si	علامت	
‎18	را	را	را	را	Po	حرف اضافه پسین	
‎19	که	که|که|که|که	که	که|که|که|که	C0|NA|N1|N1	حرف ربط|ضمیر پرسشی|اسم|اسم	
‎20	به	به|به	به	به|به	Pr|N1	حرف اضافه|اسم	
‎21	﷼	﷼	﷼	﷼	O	_
‎22	بود	بود|بود|بود|بو|ود	بود	بود|بود|بود|بو + د|ب + ود	V+O|N1|V+O|V+O|O+N1	فعل ماضی ساده+سوم شخص مفرد|اسم|فعل ماضی ساده+سوم شخص مفرد|فعل مضارع ساده+سوم شخص مفرد|ب + اسم	
‎23	به	به|به	به	به|به	Pr|N1	حرف اضافه|اسم	
‎24	دلار	دلار	دلار	دلار	N1	اسم	
‎25	کردم	کرد|کرد|کرد	کرد	کرد + م|کرد + م|کرد + م	V+O|N1+O|N1+V	فعل ماضی ساده+اول شخص مفرد|اسم + ضمیر ملکی اول شخص مفرد|اسم + فعل اول شخص مفرد	
‎26	شد	شد	شد	شد	V+O	فعل ماضی ساده+سوم شخص مفرد	
27	۲	۲	۲	۲	Nu	عدد رقمی	
28	$	$	$	$	Si	علامت	
‎29	و	و|و|و	و	و|و|و	C0|Al|Ab	حرف ربط|حروف الفبا|اختصارات	
‎30	از	از	از	از	Pr	حرف اضافه	
‎31	تعجب	تعجب	تعجب	تعجب	N1	اسم	
‎32	بیهوش	بیهوش|هوش	بیهوش	بیهوش|بی + هوش	A0|O+N1	صفت|بی + اسم	
‎33	شدم	شد	شد	شد + م	V+O	فعل ماضی ساده+اول شخص مفرد	
34	!	!	!	!	Si	علامت	
‎0	در	در|در|در|در|در	در	در|در|در|در|در	Pr|V|N1|N1|VPr	حرف اضافه|فعل امر مثبت|اسم|اسم|پیشوند فعل	
‎1	همین	همین|همین|هم|ین	همین	همین|همین|هم + ین|هم + ین	A1|N6|Ad+O|O+N1	صفت اشاره|ضمیر اشاره|قید + ین|هم + اسم	
‎2	حین	حین	حین	حین	N1	اسم	
‎3	فکر	فکر	فکر	فکر	N1	اسم	
‎4	کردم	کرد|کرد|کرد	کرد	کرد + م|کرد + م|کرد + م	V+O|N1+O|N1+V	فعل ماضی ساده+اول شخص مفرد|اسم + ضمیر ملکی اول شخص مفرد|اسم + فعل اول شخص مفرد	
‎5	شاید	شاید|شاید|شا	شاید	شاید|شاید|شا + ی + د	V+O|Ad|V+O	فعل ماضی ساده+سوم شخص مفرد|قید|فعل مضارع ساده+سوم شخص مفرد	
‎6	بهتر	بهتر	بهتر	بهتر	A0	صفت	
‎7	بود	بود|بود|بود|بو|ود	بود	بود|بود|بود|بو + د|ب + ود	V+O|N1|V+O|V+O|O+N1	فعل ماضی ساده+سوم شخص مفرد|اسم|فعل ماضی ساده+سوم شخص مفرد|فعل مضارع ساده+سوم شخص مفرد|ب + اسم	
‎8	و	و|و|و	و	و|و|و	C0|Al|Ab	حرف ربط|حروف الفبا|اختصارات	
9	۱۲۳،۱۲۳،۲۳۵،۳۴۵،۳۴۵	۱۲۳،۱۲۳،۲۳۵،۳۴۵،۳۴۵	۱۲۳، ۱۲۳، ۲۳۵، ۳۴۵، ۳۴۵	۱۲۳،۱۲۳،۲۳۵،۳۴۵،۳۴۵	Si	علامت	
‎10	تومان	تومان|تو	تومان	تومان|تو + مان	N1|N1+O	اسم|اسم + ضمیر ملکی اول شخص جمع	
‎11	را	را	را	را	Po	حرف اضافه پسین	
‎12	آدامس	آدامس	آدامس	آدامس	N1	اسم	
‎13	می‌خریدم	خرید|خر	خرید	می + خرید + م|می + خر + ید + م	V+O|V+O	فعل ماضی استمراری+اول شخص مفرد|فعل حال اخباری+دوم شخص جمع	
14	!	!	!	!	Si	علامت	
‎0	اما	اما	اما	اما	C0	حرف ربط	
‎1	متوجه	متوجه	متوجه	متوجه	A0	صفت	
‎2	شدم	شد	شد	شد + م	V+O	فعل ماضی ساده+اول شخص مفرد	
‎3	بهترین	بهترین|بهتر	بهترین	بهترین|بهتر + ین	A0|A0+O	صفت|صفت + ین	
‎4	کار	کار|کار	کار	کار|کار	N1|V	اسم|فعل امر مثبت	
‎5	انست	انس	انس	انس + ت	N1+O	اسم + ضمیر ملکی دوم شخص مفرد	
‎6	که	که|که|که|که	که	که|که|که|که	C0|NA|N1|N1	حرف ربط|ضمیر پرسشی|اسم|اسم	
‎7	و	و|و|و	و	و|و|و	C0|Al|Ab	حرف ربط|حروف الفبا|اختصارات	
8	۱۲۳،۱۲۳،۲۳۵،۳۴۵،۳۴۵	۱۲۳،۱۲۳،۲۳۵،۳۴۵،۳۴۵	۱۲۳، ۱۲۳، ۲۳۵، ۳۴۵، ۳۴۵	۱۲۳،۱۲۳،۲۳۵،۳۴۵،۳۴۵	Si	علامت	
‎9	﷼	﷼	﷼	﷼	O	_
‎10	را	را	را	را	Po	حرف اضافه پسین	
‎11	به	به|به	به	به|به	Pr|N1	حرف اضافه|اسم	
‎12	دوست	دوست|دو	دوست	دوست|دو + ست	N1|N1+O	اسم|اسم + ضمیر ملکی سوم شخص مفرد	
‎13	دیگرم	دی|دی	دیگر	دی + گر + م|دی + گر + م	N1+O+O|N1+O+V	اسم + گر + ضمیر ملکی اول شخص مفرد|اسم + گر + فعل اول شخص مفرد	
‎14	که	که|که|که|که	که	که|که|که|که	C0|NA|N1|N1	حرف ربط|ضمیر پرسشی|اسم|اسم	
15	۱۲۳،۱۲۳،۲۳۵،۳۴۵،۳۴۵	۱۲۳،۱۲۳،۲۳۵،۳۴۵،۳۴۵	۱۲۳، ۱۲۳، ۲۳۵، ۳۴۵، ۳۴۵	۱۲۳،۱۲۳،۲۳۵،۳۴۵،۳۴۵	Si	علامت	
‎16	﷼	﷼	﷼	﷼	O	_
‎17	میخواهد بدهم	ده	میخواهد بدهم	می + خواهد + ب + ده + م	O+O	??+اول شخص مفرد	
‎18	و	و|و|و	و	و|و|و	C0|Al|Ab	حرف ربط|حروف الفبا|اختصارات	
‎19	همین	همین|همین|هم|ین	همین	همین|همین|هم + ین|هم + ین	A1|N6|Ad+O|O+N1	صفت اشاره|ضمیر اشاره|قید + ین|هم + اسم	
‎20	شد	شد	شد	شد	V+O	فعل ماضی ساده+سوم شخص مفرد	
‎21	که	که|که|که|که	که	که|که|که|که	C0|NA|N1|N1	حرف ربط|ضمیر پرسشی|اسم|اسم	
‎22	برگشتم	برگشت|برگشت|برگشت	برگ	برگشت + م|برگشت + م|برگشت + م	V+O|N1+O|N1+V	فعل ماضی ساده+اول شخص مفرد|اسم + ضمیر ملکی اول شخص مفرد|اسم + فعل اول شخص مفرد	
‎23	و	و|و|و	و	و|و|و	C0|Al|Ab	حرف ربط|حروف الفبا|اختصارات	
‎24	دلار	دلار	دلار	دلار	N1	اسم	
‎25	خود	خود|خود	خود	خود|خود	O|N1	ضمیر مشترک/متقابل|اسم	
‎26	را	را	را	را	Po	حرف اضافه پسین	
‎27	ریال	ریال	ریال	ریال	N1	اسم	
‎28	کردم	کرد|کرد|کرد	کرد	کرد + م|کرد + م|کرد + م	V+O|N1+O|N1+V	فعل ماضی ساده+اول شخص مفرد|اسم + ضمیر ملکی اول شخص مفرد|اسم + فعل اول شخص مفرد	
‎29	اما	اما	اما	اما	C0	حرف ربط	
‎30	باز	باز|باز|باز|باز|باز	باز	باز|باز|باز|باز|باز	V|A0|Ad|N1|VPr	فعل امر مثبت|صفت|قید|اسم|پیشوند فعل	
‎31	به	به|به	به	به|به	Pr|N1	حرف اضافه|اسم	
‎32	من	من	من	من	N5	ضمیر فاعلی	
33	۲.۵	۲.۵	۲٫۵	۲.۵	Si	علامت	
‎34	میلیون	میلیون|میلی|میل|میل	میلیون	میلیون|میلی + ون|میل + ی + ون|میل + ی + ون	O|A0+Pl|N1+O+Pl|N1+O+Pl	عدد حرفی|صفت + علامت جمع|اسم + ی + علامت جمع|اسم + ی + علامت جمع	
‎35	﷼	﷼	﷼	﷼	O	_
‎36	دادند	داد|داد	داد	داد + ند|داد + ند	V+O|N1+V	فعل ماضی ساده+سوم شخص جمع|اسم + فعل سوم شخص جمع	
‎37	و	و|و|و	و	و|و|و	C0|Al|Ab	حرف ربط|حروف الفبا|اختصارات	
‎38	بقیه	بقیه|بقیه|قیه|بق|قی	بقیه	بقیه|بقیه|ب + قیه|بق + یه|ب + قی + ه	A0|N1|O+N1|N1+O|O+N1+O	صفت|اسم|ب + اسم|اسم + یه|ب + اسم + ه	
‎39	را	را	را	را	Po	حرف اضافه پسین	
‎40	با	با	با	با	Pr	حرف اضافه	
‎41	کلاهم	کلاه|کلاه|کلا|کلا	کلاه	کلاه + م|کلاه + م|کلا + ه + م|کلا + ه + م	N1+O|N1+V|N1+O+O|N1+O+V	اسم + ضمیر ملکی اول شخص مفرد|اسم + فعل اول شخص مفرد|اسم + ه + ضمیر ملکی اول شخص مفرد|اسم + ه + فعل اول شخص مفرد	
‎42	برداشتند	برداشت|برداشت	برداشتند	برداشت + ند|برداشت + ند	V+O|N1+V	فعل ماضی ساده+سوم شخص جمع|اسم + فعل سوم شخص جمع	
‎43	و	و|و|و	و	و|و|و	C0|Al|Ab	حرف ربط|حروف الفبا|اختصارات	
‎44	بردند	برد|برد|رد	برد	برد + ند|برد + ند|ب + رد + ند	V+O|N1+V|O+A0+V	فعل ماضی ساده+سوم شخص جمع|اسم + فعل سوم شخص جمع|ب + صفت + فعل سوم شخص جمع	
45	!	!	!	!	Si	علامت	
‎0	حالا	حالا	حالا	حالا	Ad	قید	
‎1	من	من	من	من	N5	ضمیر فاعلی	
‎2	با	با	با	با	Pr	حرف اضافه	
3	2.5	2.5	۲٫۵	2.5	Si	علامت	
‎4	میلیون	میلیون|میلی|میل|میل	میلیون	میلیون|میلی + ون|میل + ی + ون|میل + ی + ون	O|A0+Pl|N1+O+Pl|N1+O+Pl	عدد حرفی|صفت + علامت جمع|اسم + ی + علامت جمع|اسم + ی + علامت جمع	
‎5	﷼	﷼	﷼	﷼	O	_
‎6	که	که|که|که|که	که	که|که|که|که	C0|NA|N1|N1	حرف ربط|ضمیر پرسشی|اسم|اسم	
‎7	می‌شود	شو	شد	می + شو + د	V+O	فعل حال اخباری+سوم شخص مفرد	
8	۰/۲۵	۰/۲۵	۰/۲۵	۰/۲۵	Si	علامت	
‎9	یا	یا|یا	یا	یا|یا	C0|Intj	حرف ربط|صوت	
10	۲۵/۰	۲۵/۰	۲۵/۰	۲۵/۰	Si	علامت	
‎11	میلیون	میلیون|میلی|میل|میل	میلیون	میلیون|میلی + ون|میل + ی + ون|میل + ی + ون	O|A0+Pl|N1+O+Pl|N1+O+Pl	عدد حرفی|صفت + علامت جمع|اسم + ی + علامت جمع|اسم + ی + علامت جمع	
‎12	تومان	تومان|تو	تومان	تومان|تو + مان	N1|N1+O	اسم|اسم + ضمیر ملکی اول شخص جمع	
‎13	دیگر	دیگر|دیگر|دی	دیگر	دیگر|دیگر|دی + گر	Ad|A2|N1+O	قید|صفت مبهم|اسم + گر	
‎14	کاری	کاری|کار|کار	کاشت	کاری|کار + ی|کار + ی	A0|N1+O|V+O	صفت|اسم + ی|فعل مضارع ساده+دوم شخص مفرد	
‎15	نمی‌توانم	توان|توان|توان	توانست	نمی + توان + م|نمی + توان + م|نمی + توان + م	O+V4+O|O+V4+V|V+O	نمی + فعل وجه نما + ضمیر ملکی اول شخص مفرد|نمی + فعل وجه نما + فعل اول شخص مفرد|فعل حال اخباری منفی+اول شخص مفرد	
‎16	انجام	انجام|انجام	انجام	انجام|انجام	N1|V	اسم|فعل امر مثبت	
‎17	بدهم	ده|ده|ده|ده|ده	داد	ب + ده + م|ب + ده + م|ب + ده + م|ب + ده + م|ب + ده + م	V+O|O+O+O|O+O+V|O+N1+O|O+N1+V	فعل حال التزامی+اول شخص مفرد|ب + عدد حرفی + ضمیر ملکی اول شخص مفرد|ب + عدد حرفی + فعل اول شخص مفرد|ب + اسم + ضمیر ملکی اول شخص مفرد|ب + اسم + فعل اول شخص مفرد	
18	.	.	.	.	Si	علامت	
‎0	به	به|به	به	به|به	Pr|N1	حرف اضافه|اسم	
‎1	خانه	خانه|خان	خانه	خانه|خان + ه	N1|N1+O	اسم|اسم + ه	
‎2	رفتم	رفت|رفت	رفت	رفت + م|رفت + م	V+O|V+O	فعل ماضی ساده+اول شخص مفرد|فعل ماضی ساده+اول شخص مفرد	
‎3	و	و|و|و	و	و|و|و	C0|Al|Ab	حرف ربط|حروف الفبا|اختصارات	
‎4	دومینو	دومینو	دومینو	دومینو	N1	اسم	
‎5	را	را	را	را	Po	حرف اضافه پسین	
‎6	برداشتم	برداشت|برداشت|برداشت	برداشتم	برداشت + م|برداشت + م|برداشت + م	V+O|N1+O|N1+V	فعل ماضی ساده+اول شخص مفرد|اسم + ضمیر ملکی اول شخص مفرد|اسم + فعل اول شخص مفرد	
‎7	در	در|در|در|در|در	در	در|در|در|در|در	Pr|V|N1|N1|VPr	حرف اضافه|فعل امر مثبت|اسم|اسم|پیشوند فعل	
‎8	آشپزخانه	آشپزخانه|آشپز	آشپزخانه	آشپزخانه|آشپز + خانه	N1|N1+O	اسم|اسم + خانه	
‎9	طاس‌كباب	طاس‌کباب	طاس‌کباب	طاس‌کباب	N1	اسم	
‎10	را	را	را	را	Po	حرف اضافه پسین	
‎11	با	با	با	با	Pr	حرف اضافه	
‎12	زخم‌زبان	زخم‌زبان	زخم‌زبان	زخم‌زبان	N1	اسم	
‎13	و	و|و|و	و	و|و|و	C0|Al|Ab	حرف ربط|حروف الفبا|اختصارات	
‎14	سیرابی	سیرابی|سیراب	سیراب	سیرابی|سیراب + ی	N1|A0+O	اسم|صفت + ی	
‎15	درست	درست|درس	درست	درست|درس + ت	A0|N1+O	صفت|اسم + ضمیر ملکی دوم شخص مفرد	
‎16	کردم	کرد|کرد|کرد	کرد	کرد + م|کرد + م|کرد + م	V+O|N1+O|N1+V	فعل ماضی ساده+اول شخص مفرد|اسم + ضمیر ملکی اول شخص مفرد|اسم + فعل اول شخص مفرد	
17	.	.	.	.	Si	علامت	
‎0	باوجود	باوجود	باوجود	باوجود	Pr1	حرف اضافه گروهی	
‎1	چين‌وچروك	چین‌وچروک	چین‌وچروک	چین‌وچروک	N1	اسم	
‎2	بسیار	بسیار|بسیار|سیار|بس	بسیار	بسیار|بسیار|ب + سیار|بس + یار	A0|Ad|O+A0|A0+O	صفت|قید|ب + صفت|صفت + یار	
‎3	فيلم	فیلم|فیل|فیل	فیلم	فیلم|فیل + م|فیل + م	N1|N1+O|N1+V	اسم|اسم + ضمیر ملکی اول شخص مفرد|اسم + فعل اول شخص مفرد	
‎4	را	را	را	را	Po	حرف اضافه پسین	
‎5	که	که|که|که|که	که	که|که|که|که	C0|NA|N1|N1	حرف ربط|ضمیر پرسشی|اسم|اسم	
‎6	موجوداتی	موجود	موجودات	موجود + ات + ی	A0+Pl+O	صفت + علامت جمع + ی	
‎7	عجیب	عجیب	عجیب	عجیب	A0	صفت	
‎8	در	در|در|در|در|در	در	در|در|در|در|در	Pr|V|N1|N1|VPr	حرف اضافه|فعل امر مثبت|اسم|اسم|پیشوند فعل	
‎9	ان	ان	ان	ان	Ab	اختصارات	
‎10	بودند	بود|بود|بود|ود	بود	بود + ند|بود + ند|بود + ند|ب + ود + ند	V+O|N1+V|V+O|O+N1+V	فعل ماضی ساده+سوم شخص جمع|اسم + فعل سوم شخص جمع|فعل ماضی ساده+سوم شخص جمع|ب + اسم + فعل سوم شخص جمع	
‎11	گذاشتم	گذاشت	گذاشت	گذاشت + م	V+O	فعل ماضی ساده+اول شخص مفرد	
‎12	و	و|و|و	و	و|و|و	C0|Al|Ab	حرف ربط|حروف الفبا|اختصارات	
‎13	مشغول	مشغول	مشغول	مشغول	A0	صفت	
‎14	دیدن	دید	دیدن	دید + ن	V2+O	بن ماضی + ن	
‎15	کش‌ها	کش	کش	کش + ها	N1+Pl	اسم + علامت جمع	
‎16	شدم	شد	شد	شد + م	V+O	فعل ماضی ساده+اول شخص مفرد	
‎17	روی	روی|روی|رو|رو	روی	روی|روی|رو + ی|رو + ی	Pr1|N1|N1+O|V+O	حرف اضافه گروهی|اسم|اسم + ی|فعل مضارع ساده+دوم شخص مفرد	
‎18	گاز	گاز	گاز	گاز	N1	اسم	
‎19	چای	چای|چای	چای	چای|چای	V|N1	فعل امر مثبت|اسم	
‎20	گل‌گاوزبان	گل‌گاوزبان	گل‌گاوزبان	گل‌گاوزبان	N1	اسم	
‎21	دم	دم|دم|دم	دم	دم|دم|دم	V|N1|N1	فعل امر مثبت|اسم|اسم	
‎22	کرده بود	کرد	کرده بود	کرد + ه + بود	V+O	فعل ماضی بعید+سوم شخص مفرد	
23	.	.	.	.	Si	علامت	
‎0	و	و|و|و	و	و|و|و	C0|Al|Ab	حرف ربط|حروف الفبا|اختصارات	
‎1	روی	روی|روی|رو|رو	روی	روی|روی|رو + ی|رو + ی	Pr1|N1|N1+O|V+O	حرف اضافه گروهی|اسم|اسم + ی|فعل مضارع ساده+دوم شخص مفرد	
‎2	میز	میز	میز	میز	N1	اسم	
‎3	شيرتوشير	شیرتوشیر	شیرتوشیر	شیرتوشیر	A0	صفت	
‎4	و	و|و|و	و	و|و|و	C0|Al|Ab	حرف ربط|حروف الفبا|اختصارات	
‎5	پر	پر|پر|پر	پر	پر|پر|پر	V|A0|N1	فعل امر مثبت|صفت|اسم	
‎6	از	از	از	از	Pr	حرف اضافه	
‎7	خیار	خیار	خیار	خیار	N1	اسم	
‎8	مجلسی	مجلسی|مجلس	مجلس	مجلسی|مجلس + ی	A0|N1+O	صفت|اسم + ی	
‎9	و	و|و|و	و	و|و|و	C0|Al|Ab	حرف ربط|حروف الفبا|اختصارات	
‎10	در	در|در|در|در|در	در	در|در|در|در|در	Pr|V|N1|N1|VPr	حرف اضافه|فعل امر مثبت|اسم|اسم|پیشوند فعل	
‎11	کنار	کنار|کنار	کنار	کنار|کنار	N1|N1	اسم|اسم	
‎12	موز	موز	موز	موز	N1	اسم	
‎13	مار	مار	مار	مار	N1	اسم	
‎14	قرار	قرار|قرار	قرار	قرار|قرار	N1|N9	اسم|اسم موجود در ساختمان حرف اضافه و حرف ربط گروهی	
‎15	داشت	داشت|داشت|داشت|داش	داشت	داشت|داشت|داشت|داش + ت	V+O|N1|V5|N1+O	فعل ماضی ساده+سوم شخص مفرد|اسم|فعل کمکی|اسم + ضمیر ملکی دوم شخص مفرد	
16	.	.	.	.	Si	علامت	
‎0	سررسید	سررسید	سررسید	سررسید	N1	اسم	
‎1	بدهکاری‌هایم	بدهکاری|بدهکاری|بدهکار|بدهکار|ده|ده	بدهکاری‌هایم	بدهکاری + ها + ی + م|بدهکاری + ها + ی + م|بدهکار + ی + ها + ی + م|بدهکار + ی + ها + ی + م|ب + ده + کار + ی + ها + ی + م|ب + ده + کار + ی + ها + ی + م	N1+Pl+O+O|N1+Pl+O+V|A0+O+Pl+O+O|A0+O+Pl+O+V|O+V1+O+O+Pl+O+O|O+V1+O+O+Pl+O+V	اسم + علامت جمع + ی + ضمیر ملکی اول شخص مفرد|اسم + علامت جمع + ی + فعل اول شخص مفرد|صفت + ی + علامت جمع + ی + ضمیر ملکی اول شخص مفرد|صفت + ی + علامت جمع + ی + فعل اول شخص مفرد|ب + بن مضارع + کار + ی + علامت جمع + ی + ضمیر ملکی اول شخص مفرد|ب + بن مضارع + کار + ی + علامت جمع + ی + فعل اول شخص مفرد	
‎2	از	از	از	از	Pr	حرف اضافه	
‎3	بیکاری	بیکاری|بیکار|کار	بیکاری	بیکاری|بیکار + ی|بی + کار + ی	N1|A0+O|O+N1+O	اسم|صفت + ی|بی + اسم + ی	
‎4	زیاد	زیاد	زیاد	زیاد	A0	صفت	
‎5	و	و|و|و	و	و|و|و	C0|Al|Ab	حرف ربط|حروف الفبا|اختصارات	
‎6	رودربایستی	رودربایستی	رودربایستی	رودربایستی	N1	اسم	
‎7	با	با	با	با	Pr	حرف اضافه	
‎8	کسانی	کسان|کس	کسانی	کسان + ی|کس + ان + ی	N1+O|N1+O+O	اسم + ی|اسم + ان + ی	
‎9	که	که|که|که|که	که	که|که|که|که	C0|NA|N1|N1	حرف ربط|ضمیر پرسشی|اسم|اسم	
‎10	به	به|به	به	به|به	Pr|N1	حرف اضافه|اسم	
‎11	آن‌ها	آن ها	آن	آن ها	O	_
‎12	پول	پول	پول	پول	N1	اسم	
‎13	قرض	قرض	قرض	قرض	N1	اسم	
‎14	داده بودم	داد	داده بودم	داد + ه + بود + م	V+O	فعل ماضی بعید+اول شخص مفرد	
‎15	سر	سر|سر|سر|سر	سر	سر|سر|سر|سر	V|N1|N1|N9	فعل امر مثبت|اسم|اسم|اسم موجود در ساختمان حرف اضافه و حرف ربط گروهی	
‎16	رسیده بود	رسید	رسیده بود	رسید + ه + بود	V+O	فعل ماضی بعید+سوم شخص مفرد	
17	.	.	.	.	Si	علامت	
‎0	برای	برای|برا|بر	برای	برای|برا + ی|بر + ا + ی	Pr|A0+O|O+O+O	حرف اضافه|صفت + ی|ریشه مضارع + ا + ی	
‎1	خود	خود|خود	خود	خود|خود	O|N1	ضمیر مشترک/متقابل|اسم	
‎2	که	که|که|که|که	که	که|که|که|که	C0|NA|N1|N1	حرف ربط|ضمیر پرسشی|اسم|اسم	
‎3	از	از	از	از	Pr	حرف اضافه	
‎4	گذشته	گذشته|گذشت|گذشت	گذشته	گذشته|گذشت + ه|گذشت + ه	A0|O+O|N1+O	صفت|ریشه ماضی + ه|اسم + ه	
‎5	قبری	قبر	قبر	قبر + ی	N1+O	اسم + ی	
‎6	کنده	کنده|کنده|کند	کنده	کنده|کنده|کند + ه	A0|N1|A0+O	صفت|اسم|صفت + ه	
‎7	بودم	بود|بود|بود|بود|ود|ود	بود	بود + م|بود + م|بود + م|بود + م|ب + ود + م|ب + ود + م	V+O|N1+O|N1+V|V+O|O+N1+O|O+N1+V	فعل ماضی ساده+اول شخص مفرد|اسم + ضمیر ملکی اول شخص مفرد|اسم + فعل اول شخص مفرد|فعل ماضی ساده+اول شخص مفرد|ب + اسم + ضمیر ملکی اول شخص مفرد|ب + اسم + فعل اول شخص مفرد	
‎8	اما	اما	اما	اما	C0	حرف ربط	
‎9	در	در|در|در|در|در	در	در|در|در|در|در	Pr|V|N1|N1|VPr	حرف اضافه|فعل امر مثبت|اسم|اسم|پیشوند فعل	
‎10	ان	ان	ان	ان	Ab	اختصارات	
‎11	گور	گور|گور	گور	گور|گور	V|N1	فعل امر مثبت|اسم	
‎12	خری	خر|خر|خر	خرید	خر + ی|خر + ی|خر + ی	V+O|N1+O|N1+O	فعل مضارع ساده+دوم شخص مفرد|اسم + ی|اسم + ی	
‎13	خوابیده بود	خوابید	خوابیده بود	خوابید + ه + بود	V+O	فعل ماضی بعید+سوم شخص مفرد	
14	.	.	.	.	Si	علامت	
‎0	پیتزا	پیتزا	پیتزا	پیتزا	N1	اسم	
‎1	را	را	را	را	Po	حرف اضافه پسین	
‎2	خریدم	خرید|خرید|خرید|خر	خرید	خرید + م|خرید + م|خرید + م|خر + ید + م	V+O|N1+O|N1+V|V+O	فعل ماضی ساده+اول شخص مفرد|اسم + ضمیر ملکی اول شخص مفرد|اسم + فعل اول شخص مفرد|فعل مضارع ساده+دوم شخص جمع	
‎3	و	و|و|و	و	و|و|و	C0|Al|Ab	حرف ربط|حروف الفبا|اختصارات	
‎4	رويان	رویان|رویان|روی|رو|رو	رویان	رویان|رویان|روی + ان|رو + ی + ان|رو + ی + ان	V|N1|N1+O|N1+O+O|V1+O+O	فعل امر مثبت|اسم|اسم + ان|اسم + ی + ان|بن مضارع + ی + ان	
‎5	سس	سس	سس	سس	N1	اسم	
‎6	خردل	خردل	خردل	خردل	N1	اسم	
‎7	بر	بر|بر|بر|بر	بر	بر|بر|بر|بر	Pr|V|VPr|N1	حرف اضافه|فعل امر مثبت|پیشوند فعل|اسم	
‎8	رویش	رویش|روی|رو|رو	رویش	رویش|روی + ش|رو + ی + ش|رو + ی + ش	N1|N1+O|N1+O+O|V+O	اسم|اسم + ضمیر ملکی سوم شخص مفرد|اسم + ی + ضمیر ملکی سوم شخص مفرد|فعل مضارع ساده+دوم شخص مفرد	
‎9	نون	نون	نون	نون	N1	اسم	
‎10	کنجدی	کنجدی|کنجد	کنجد	کنجدی|کنجد + ی	A0|N1+O	صفت|اسم + ی	
‎11	جا	جا	جا	جا	N1	اسم	
‎12	خوش	خوش	خوش	خوش	A0	صفت	
‎13	کرده بود	کرد	کرده بود	کرد + ه + بود	V+O	فعل ماضی بعید+سوم شخص مفرد	
14	.	.	.	.	Si	علامت	
‎0	شروع	شروع	شروع	شروع	N1	اسم	
‎1	به	به|به	به	به|به	Pr|N1	حرف اضافه|اسم	
‎2	درست	درست|درس	درست	درست|درس + ت	A0|N1+O	صفت|اسم + ضمیر ملکی دوم شخص مفرد	
‎3	کردن	کرد	کردن	کرد + ن	V2+O	بن ماضی + ن	
‎4	کاردستی‌های	کاردستی	کاردستی	کاردستی + ها + ی	N1+Pl+O	اسم + علامت جمع + ی	
‎5	عجیب	عجیب	عجیب	عجیب	A0	صفت	
‎6	کردم	کرد|کرد|کرد	کرد	کرد + م|کرد + م|کرد + م	V+O|N1+O|N1+V	فعل ماضی ساده+اول شخص مفرد|اسم + ضمیر ملکی اول شخص مفرد|اسم + فعل اول شخص مفرد	
7	.	.	.	.	Si	علامت	
‎0	کتاب	کتاب	کتاب	کتاب	N1	اسم	
‎1	حيدربابا	حیدربابا	حیدربابا	حیدربابا	N3	اسم خاص اشخاص	
‎2	در	در|در|در|در|در	در	در|در|در|در|در	Pr|V|N1|N1|VPr	حرف اضافه|فعل امر مثبت|اسم|اسم|پیشوند فعل	
‎3	کتابخانه	کتابخانه|کتاب	کتابخانه	کتابخانه|کتاب + خانه	N1|N1+O	اسم|اسم + خانه	
‎4	خاک	خاک	خاک	خاک	N1	اسم	
‎5	گرفته بود	گرفت	گرفته بود	گرفت + ه + بود	V+O	فعل ماضی بعید+سوم شخص مفرد	
6	،	،	،	،	Si	علامت	
7	،	،	،	،	Si	علامت	
‎8	باران	باران|باران|بار	باران	باران|باران|بار + ان	V|N1|N1+O	فعل امر مثبت|اسم|اسم + ان	
‎9	را	را	را	را	Po	حرف اضافه پسین	
‎10	از	از	از	از	Pr	حرف اضافه	
‎11	یک	یک	یک	یک	O	عدد حرفی	
‎12	اب	اب	اب	اب	N1	اسم	
‎13	زیر	زیر	زیر	زیر	A0	صفت	
‎14	کاه	کاه|کاه	کاه	کاه|کاه	V|N1	فعل امر مثبت|اسم	
‎15	لیمو	لیمو	لیمو	لیمو	N1	اسم	
‎16	زین	زین	زین	زین	N1	اسم	
‎17	سوار	سوار	سوار	سوار	N1	اسم	
‎18	گرفتم	گرفت|گرفت|گرفت	گرفت	گرفت + م|گرفت + م|گرفت + م	V+O|N1+O|N1+V	فعل ماضی ساده+اول شخص مفرد|اسم + ضمیر ملکی اول شخص مفرد|اسم + فعل اول شخص مفرد	
19	.	.	.	.	Si	علامت	
‎0	بعضی	بعضی|بعض	بعضی	بعضی|بعض + ی	A2|A0+O	صفت مبهم|صفت + ی	
‎1	می‌گویند	گو	گفت	می + گو + یند	V+O	فعل حال اخباری+سوم شخص جمع	
‎2	در	در|در|در|در|در	در	در|در|در|در|در	Pr|V|N1|N1|VPr	حرف اضافه|فعل امر مثبت|اسم|اسم|پیشوند فعل	
‎3	ماهشهر	ماهشهر	ماهشهر	ماهشهر	N2	اسم خاص مکان	
‎4	پرچین	پرچین	پرچین	پرچین	N1	اسم	
‎5	و	و|و|و	و	و|و|و	C0|Al|Ab	حرف ربط|حروف الفبا|اختصارات	
‎6	چهارچوب	چهارچوب	چهارچوب	چهارچوب	N1	اسم	
‎7	وجود	وجود|وجود	وجود	وجود|وجود	N1|N9	اسم|اسم موجود در ساختمان حرف اضافه و حرف ربط گروهی	
‎8	ندارد	دار|دار	داشت	ن + دار + د|ن + دار + د	V+O|O+V5+O	فعل حال التزامی منفی+سوم شخص مفرد|ن + فعل کمکی + د	
‎9	و	و|و|و	و	و|و|و	C0|Al|Ab	حرف ربط|حروف الفبا|اختصارات	
‎10	برخی	برخی|رخ|رخ	برخی	برخی|ب + رخ + ی|ب + رخ + ی	A2|O+N1+O|O+N1+O	صفت مبهم|ب + اسم + ی|ب + اسم + ی	
‎11	دنبال	دنبال|دنبال	دنبال	دنبال|دنبال	N1|N9	اسم|اسم موجود در ساختمان حرف اضافه و حرف ربط گروهی	
‎12	ستاره	ستاره	ستاره	ستاره	N1	اسم	
‎13	دنباله‌دار	دنباله‌دار|دنباله|دنبال	دنباله‌دار	دنباله‌دار|دنباله + دار|دنبال + ه + دار	A0|N1+O|N1+O+O	صفت|اسم + دار|اسم + ه + دار	
‎14	دربه‌در	دربه‌در	دربه‌در	دربه‌در	A0	صفت	
‎15	شدند	شد	شد	شد + ند	V+O	فعل ماضی ساده+سوم شخص جمع	
‎16	ولی	ولی|ولی|ول|ول	ولی	ولی|ولی|ول + ی|ول + ی	C0|N1|A0+O|N1+O	حرف ربط|اسم|صفت + ی|اسم + ی	
‎17	من	من	من	من	N5	ضمیر فاعلی	
‎18	شنیدم	شنید	شنید	شنید + م	V+O	فعل ماضی ساده+اول شخص مفرد	
19	«	«	«	«	Si	علامت	
‎20	دود	دود|دو	دود	دود|دو + د	N1|V+O	اسم|فعل مضارع ساده+سوم شخص مفرد	
‎21	از	از	از	از	Pr	حرف اضافه	
‎22	کنده	کنده|کنده|کند	کنده	کنده|کنده|کند + ه	A0|N1|A0+O	صفت|اسم|صفت + ه	
‎23	بلند	بلند|بلند|بلند|لند|بل	بلند	بلند|بلند|بلند|ب + لند|بل + ند	A0|N1|N1|V|N1+V	صفت|اسم|اسم|فعل امر مثبت|اسم + فعل سوم شخص جمع	
‎24	میشه	میش|می|می	میشه	میش + ه|می + ش + ه|می + ش + ه	N1+O|N1+O+O|N1+O+O	اسم + ه|اسم + ضمیر ملکی سوم شخص مفرد + ه|اسم + ضمیر ملکی سوم شخص مفرد + ه	
25	»	»	»	»	Si	علامت	
26	(	(	(	(	Si	علامت	
27	)	)	)	)	Si	علامت	
28	.	.	.	.	Si	علامت	
‎0	راستی	راستی|راست	راست	راستی|راست + ی	N1|A0+O	اسم|صفت + ی	
‎1	برای	برای|برا|بر	برای	برای|برا + ی|بر + ا + ی	Pr|A0+O|O+O+O	حرف اضافه|صفت + ی|ریشه مضارع + ا + ی	
‎2	ارقام	ارقام	ارقام	ارقام	N1	اسم	
‎3	عربی	عربی|عرب	عرب	عربی|عرب + ی	A0|N1+O	صفت|اسم + ی	
‎4	دقت	دقت|دق	دقت	دقت|دق + ت	N1|N1+O	اسم|اسم + ضمیر ملکی دوم شخص مفرد	
‎5	کنید	کن|کن	کرد	کن + ید|کن + ید	V+O|V+O	فعل مضارع ساده+دوم شخص جمع|فعل مضارع ساده+دوم شخص جمع	
‎6	که	که|که|که|که	که	که|که|که|که	C0|NA|N1|N1	حرف ربط|ضمیر پرسشی|اسم|اسم	
‎7	به	به|به	به	به|به	Pr|N1	حرف اضافه|اسم	
‎8	قسمت	قسمت|قسم|قسم	قسمت	قسمت|قسم + ت|قسم + ت	N1|N2+O|N1+O	اسم|اسم خاص مکان + ضمیر ملکی دوم شخص مفرد|اسم + ضمیر ملکی دوم شخص مفرد	
‎9	تنظیمات	تنظیم	تنظیمات	تنظیم + ات	N1+Pl	اسم + علامت جمع	
‎10	ورد	ورد|ورد	ورد	ورد|ورد	V|N1	فعل امر مثبت|اسم	
‎11	بروید	برو|رو|رو	رفت	برو + ید|ب + رو + ید|ب + رو + ید	A0+V|O+N1+V|V+O	صفت + فعل سوم شخص مفرد|ب + اسم + فعل سوم شخص مفرد|فعل حال التزامی+دوم شخص جمع	
12	.	.	.	.	Si	علامت	
‎0	برای	برای|برا|بر	برای	برای|برا + ی|بر + ا + ی	Pr|A0+O|O+O+O	حرف اضافه|صفت + ی|ریشه مضارع + ا + ی	
‎1	این	این|این	این	این|این	A1|N6	صفت اشاره|ضمیر اشاره	
‎2	کار	کار|کار	کار	کار|کار	N1|V	اسم|فعل امر مثبت	
3	:	:	:	:	Si	علامت	
‎4	در	در|در|در|در|در	در	در|در|در|در|در	Pr|V|N1|N1|VPr	حرف اضافه|فعل امر مثبت|اسم|اسم|پیشوند فعل	
‎5	ورد	ورد|ورد	ورد	ورد|ورد	V|N1	فعل امر مثبت|اسم	
6	۲۰۱۰	۲۰۱۰	۲۰۱۰	۲۰۱۰	Nu	عدد رقمی	
7	:	:	:	:	Si	علامت	
‎8	روی	روی|روی|رو|رو	روی	روی|روی|رو + ی|رو + ی	Pr1|N1|N1+O|V+O	حرف اضافه گروهی|اسم|اسم + ی|فعل مضارع ساده+دوم شخص مفرد	
‎9	نوار	نوار	نوار	نوار	N1	اسم	
10	File	File	File	File	O	کلمه انگلیسی	
‎11	کلیک	کلیک|کلی	کلیک	کلیک|کلی + ک	N1|A0+O	اسم|صفت + ک	
‎12	کنید	کن|کن	کرد	کن + ید|کن + ید	V+O|V+O	فعل مضارع ساده+دوم شخص جمع|فعل مضارع ساده+دوم شخص جمع	
13	،	،	،	،	Si	علامت	
‎14	و	و|و|و	و	و|و|و	C0|Al|Ab	حرف ربط|حروف الفبا|اختصارات	
‎15	از	از	از	از	Pr	حرف اضافه	
‎16	منوی	منوی|منو	منوی	منوی|منو + ی	N1|N1+O	اسم|اسم + ی	
‎17	سمت	سمت|سم|سم	سمت	سمت|سم + ت|سم + ت	N1|N1+O|N1+O	اسم|اسم + ضمیر ملکی دوم شخص مفرد|اسم + ضمیر ملکی دوم شخص مفرد	
‎18	چپ	چپ|چپ	چپ	چپ|چپ	V|A0	فعل امر مثبت|صفت	
19	،	،	،	،	Si	علامت	
‎20	را	را	را	را	Po	حرف اضافه پسین	
‎21	انتخاب	انتخاب	انتخاب	انتخاب	N1	اسم	
‎22	کنید	کن|کن	کرد	کن + ید|کن + ید	V+O|V+O	فعل مضارع ساده+دوم شخص جمع|فعل مضارع ساده+دوم شخص جمع	
23	.	.	.	.	Si	علامت	
‎0	در	در|در|در|در|در	در	در|در|در|در|در	Pr|V|N1|N1|VPr	حرف اضافه|فعل امر مثبت|اسم|اسم|پیشوند فعل	
‎1	ورد	ورد|ورد	ورد	ورد|ورد	V|N1	فعل امر مثبت|اسم	
2	۲۰۰۷	۲۰۰۷	۲۰۰۷	۲۰۰۷	Nu	عدد رقمی	
3	:	:	:	:	Si	علامت	
‎4	روي	روی|روی|رو|رو	روی	روی|روی|رو + ی|رو + ی	Pr1|N1|N1+O|V+O	حرف اضافه گروهی|اسم|اسم + ی|فعل مضارع ساده+دوم شخص مفرد	
‎5	گرد	گرد|گرد|گرد|گرد|گر	گرد	گرد|گرد|گرد|گرد|گر + د	V|A0|N1|A0|V+O	فعل امر مثبت|صفت|اسم|صفت|فعل مضارع ساده+سوم شخص مفرد	
‎6	در	در|در|در|در|در	در	در|در|در|در|در	Pr|V|N1|N1|VPr	حرف اضافه|فعل امر مثبت|اسم|اسم|پیشوند فعل	
‎7	سمت	سمت|سم|سم	سمت	سمت|سم + ت|سم + ت	N1|N1+O|N1+O	اسم|اسم + ضمیر ملکی دوم شخص مفرد|اسم + ضمیر ملکی دوم شخص مفرد	
‎8	بالا	بالا|بال	بالا	بالا|بال + ا	A0|O+O	صفت|ریشه مضارع + ا	
9	-	-	-	-	Exp	عبارت	
‎10	چپ	چپ|چپ	چپ	چپ|چپ	V|A0	فعل امر مثبت|صفت	
‎11	کلیک	کلیک|کلی	کلیک	کلیک|کلی + ک	N1|A0+O	اسم|صفت + ک	
‎12	کنید	کن|کن	کرد	کن + ید|کن + ید	V+O|V+O	فعل مضارع ساده+دوم شخص جمع|فعل مضارع ساده+دوم شخص جمع	
‎13	و	و|و|و	و	و|و|و	C0|Al|Ab	حرف ربط|حروف الفبا|اختصارات	
‎14	از	از	از	از	Pr	حرف اضافه	
‎15	منوی	منوی|منو	منوی	منوی|منو + ی	N1|N1+O	اسم|اسم + ی	
‎16	باز	باز|باز|باز|باز|باز	باز	باز|باز|باز|باز|باز	V|A0|Ad|N1|VPr	فعل امر مثبت|صفت|قید|اسم|پیشوند فعل	
‎17	شده	شد	شده	شد + ه	V3+O	فعل اسنادی + ه	
18	،	،	،	،	Si	علامت	
‎19	از	از	از	از	Pr	حرف اضافه	
‎20	پایین	پایین|پا	پایین	پایین|پا + ین	A0|N1+O	صفت|اسم + ین	
‎21	منو	منو	منو	منو	N1	اسم	
22	،	،	،	،	Si	علامت	
‎23	دکمهی	دکمه	دکمه	دکمه + ی	N1+O	اسم + ی	
‎24	را	را	را	را	Po	حرف اضافه پسین	
‎25	انتخاب	انتخاب	انتخاب	انتخاب	N1	اسم	
‎26	کنید	کن|کن	کرد	کن + ید|کن + ید	V+O|V+O	فعل مضارع ساده+دوم شخص جمع|فعل مضارع ساده+دوم شخص جمع	
27	.	.	.	.	Si	علامت	
‎0	در	در|در|در|در|در	در	در|در|در|در|در	Pr|V|N1|N1|VPr	حرف اضافه|فعل امر مثبت|اسم|اسم|پیشوند فعل	
‎1	ورد	ورد|ورد	ورد	ورد|ورد	V|N1	فعل امر مثبت|اسم	
2	۲۰۰۳	۲۰۰۳	۲۰۰۳	۲۰۰۳	Nu	عدد رقمی	
3	:	:	:	:	Si	علامت	
‎4	از	از	از	از	Pr	حرف اضافه	
‎5	منوی	منوی|منو	منوی	منوی|منو + ی	N1|N1+O	اسم|اسم + ی	
‎6	بالا	بالا|بال	بالا	بالا|بال + ا	A0|O+O	صفت|ریشه مضارع + ا	
‎7	را	را	را	را	Po	حرف اضافه پسین	
‎8	انتخاب	انتخاب	انتخاب	انتخاب	N1	اسم	
‎9	کنید	کن|کن	کرد	کن + ید|کن + ید	V+O|V+O	فعل مضارع ساده+دوم شخص جمع|فعل مضارع ساده+دوم شخص جمع	
10	.	.	.	.	Si	علامت	
‎0	كه	که|که|که|که	که	که|که|که|که	C0|NA|N1|N1	حرف ربط|ضمیر پرسشی|اسم|اسم	
‎1	اینجا	اینجا	اینجا	اینجا	N1	اسم	
‎2	می‌بینی	بین	دید	می + بین + ی	V+O	فعل حال اخباری+دوم شخص مفرد	
‎3	یه	یه	یه	یه	N1	اسم	
‎4	سری	سری|سری|سر|سر|سر	سری	سری|سری|سر + ی|سر + ی|سر + ی	N1|A0|V+O|N1+O|N1+O	اسم|صفت|فعل مضارع ساده+دوم شخص مفرد|اسم + ی|اسم + ی	
‎5	از	از	از	از	Pr	حرف اضافه	
‎6	نمونه	نمونه	نمونه	نمونه	A0	صفت	
‎7	اعدا	اعدا	اعدا	اعدا	N1	اسم	
‎8	ده	ده|ده|ده	ده	ده|ده|ده	V|O|N1	فعل امر مثبت|عدد حرفی|اسم	
‎9	که	که|که|که|که	که	که|که|که|که	C0|NA|N1|N1	حرف ربط|ضمیر پرسشی|اسم|اسم	
‎10	من	من	من	من	N5	ضمیر فاعلی	
‎11	براتون	برات	براتون	برات + ون	N1+Pl	اسم + علامت جمع	
‎12	گذاشتم	گذاشت	گذاشت	گذاشت + م	V+O	فعل ماضی ساده+اول شخص مفرد	
‎13	حالشو	حالشو	حالشو	حالشو	O	_
‎14	ببرین	برین|ببر|بر|بر	ببرین	ب + برین|ببر + ین|ب + بر + ین|ب + بر + ین	O+A0|N1+O|O+V1+O|O+N1+O	ب + صفت|اسم + ین|ب + بن مضارع + ین|ب + اسم + ین	
‎15	هورااااا	هورااااا	هورااااا	هورااااا	O	_
16	*	*	*	*	Si	علامت	
17	٠	٠	٠	٠	Nu	عدد رقمی	
18	۰	۰	۰	۰	Nu	عدد رقمی	
19	١	١	١	١	Nu	عدد رقمی	
20	۱	۱	۱	۱	Nu	عدد رقمی	
21	٢	٢	٢	٢	Nu	عدد رقمی	
22	۲	۲	۲	۲	Nu	عدد رقمی	
23	٣	٣	٣	٣	Nu	عدد رقمی	
24	۳	۳	۳	۳	Nu	عدد رقمی	
25	۴	۴	۴	۴	Nu	عدد رقمی	
26	۳	۳	۳	۳	Nu	عدد رقمی	
27	۴	۴	۴	۴	Nu	عدد رقمی	
28	۵	۵	۵	۵	Nu	عدد رقمی	
29	۵	۵	۵	۵	Nu	عدد رقمی	
30	۶	۶	۶	۶	Nu	عدد رقمی	
31	۶	۶	۶	۶	Nu	عدد رقمی	
32	٧	٧	٧	٧	Nu	عدد رقمی	
33	۳	۳	۳	۳	Nu	عدد رقمی	
34	۷	۷	۷	۷	Nu	عدد رقمی	
35	٨	٨	٨	٨	Nu	عدد رقمی	
36	۸	۸	۸	۸	Nu	عدد رقمی	
37	٩	٩	٩	٩	Nu	عدد رقمی	
38	۳	۳	۳	۳	Nu	عدد رقمی	
39	۹	۹	۹	۹	Nu	عدد رقمی	
40	١٠	١٠	١٠	١٠	Nu	عدد رقمی	
41	۳	۳	۳	۳	Nu	عدد رقمی	
42	۱۰	۱۰	۱۰	۱۰	Nu	عدد رقمی	
