0	بزرگ‌ترین	بزرگ	بزرگ	بزرگ + ترین	A0+O	صفت + علامت صفت تفضیلی	
1	کاری	کاری|کار|کار	کاشت	کاری|کار + ی|کار + ی	A0|N1+O|V+O	صفت|اسم + ی|فعل مضارع ساده+دوم شخص مفرد	
2	که	که|که|که|که	که	که|که|که|که	C0|NA|N1|N1	حرف ربط|ضمیر پرسشی|اسم|اسم	
3	در	در|در|در|در|در	در	در|در|در|در|در	Pr|V|N1|N1|VPr	حرف اضافه|فعل امر مثبت|اسم|اسم|پیشوند فعل	
4	راستای	راستا	راستا	راستا + ی	N1+O	اسم + ی	
5	کشورگشایی	کشورگشا	کشورگشایی	کشورگشا + یی	A0+O	صفت + یی	
6	می‌توان	توان	می‌توان	می + توان	O+V4	می + فعل وجه نما	
7	انجام	انجام|انجام	انجام	انجام|انجام	N1|V	اسم|فعل امر مثبت	
8	داد	داد|داد	داد	داد|داد	V+O|N1	فعل ماضی ساده+سوم شخص مفرد|اسم	
9	فرار	فرار|فرار	فرار	فرار|فرار	N1|A0	اسم|صفت	
10	از	از	از	از	Pr	حرف اضافه	
11	این	این|این	این	این|این	A1|N6	صفت اشاره|ضمیر اشاره	
12	کشور	کشور|کش	کشور	کشور|کش + ور	N1|V1+O	اسم|بن مضارع + ور	
13	خراب	خراب	خراب	خراب	A0	صفت	
14	شده	شد	شده	شد + ه	V3+O	فعل اسنادی + ه	
15	است	است|اس		است|اس + ت	V+O|N1+O	فعل مضارع ساده+سوم شخص مفرد|اسم + ضمیر ملکی دوم شخص مفرد	
16	.	.	.	.	Si	علامت	

0	مال	مال|مال	مال	مال|مال	V|N1	فعل امر مثبت|اسم	
1	از	از	از	از	Pr	حرف اضافه	
2	بهر	بهر|بهر	بهر	بهر|بهر	N1|N9	اسم|اسم موجود در ساختمان حرف اضافه و حرف ربط گروهی	
3	آسایش	آسایش|آسا	آسایش	آسایش|آسا + ی + ش	N1|V+O	اسم|فعل مضارع ساده+سوم شخص مفرد	
4	عمر	عمر|عمر	عمر	عمر|عمر	N1|N3	اسم|اسم خاص اشخاص	
5	است	است|اس		است|اس + ت	V+O|N1+O	فعل مضارع ساده+سوم شخص مفرد|اسم + ضمیر ملکی دوم شخص مفرد	
6	،	،	،	،	Si	علامت	
7	نه	نه|نه|نه	نه	نه|نه|نه	O|V|N1	عدد حرفی|فعل امر مثبت|اسم	
8	عمر	عمر|عمر	عمر	عمر|عمر	N1|N3	اسم|اسم خاص اشخاص	
9	از	از	از	از	Pr	حرف اضافه	
10	بهر	بهر|بهر	بهر	بهر|بهر	N1|N9	اسم|اسم موجود در ساختمان حرف اضافه و حرف ربط گروهی	
11	گردکردن	گردکردن	گردکردن	گردکردن	O	_
12	مال	مال|مال	مال	مال|مال	V|N1	فعل امر مثبت|اسم	
13	.	.	.	.	Si	علامت	

0	عاقلی	عاقلی|عاقل	عاقلی	عاقلی|عاقل + ی	N1|A0+O	اسم|صفت + ی	
1	را	را	را	را	Po	حرف اضافه پسین	
2	پرسیدند	پرسید	پرسید	پرسید + ند	V+O	فعل ماضی ساده+سوم شخص جمع	
3	:	:	:	:	Si	علامت	

0	نیک‌بخت	نیک‌بخت	نیک‌بخت	نیک‌بخت	A0	صفت	
1	کیست	کیست|کیس	کیست	کیست|کیس + ت	N1|N1+O	اسم|اسم + ضمیر ملکی دوم شخص مفرد	
2	و	و|و|و	و	و|و|و	C0|Al|Ab	حرف ربط|حروف الفبا|اختصارات	
3	بدبختی	بدبختی|بدبخت	بدبخت	بدبختی|بدبخت + ی	N1|A0+O	اسم|صفت + ی	
4	چیست	چیست	چیست	چیست	V	فعل امر مثبت	
5	؟	؟	؟	؟	Si	علامت	

0	گفت	گفت|گفت	گفت	گفت|گفت	V+O|N1	فعل ماضی ساده+سوم شخص مفرد|اسم	
1	:	:	:	:	Si	علامت	

0	نیک‌بخت	نیک‌بخت	نیک‌بخت	نیک‌بخت	A0	صفت	
1	ان	ان	ان	ان	Ab	اختصارات	
2	که	که|که|که|که	که	که|که|که|که	C0|NA|N1|N1	حرف ربط|ضمیر پرسشی|اسم|اسم	
3	خورد	خورد|خورد|خور	خورد	خورد|خورد|خور + د	V+O|N1|V+O	فعل ماضی ساده+سوم شخص مفرد|اسم|فعل مضارع ساده+سوم شخص مفرد	
4	و	و|و|و	و	و|و|و	C0|Al|Ab	حرف ربط|حروف الفبا|اختصارات	
5	کشت	کشت|کشت|کشت|کش|کش	کشت	کشت|کشت|کشت|کش + ت|کش + ت	V+O|V+O|N1|V+O|N1+O	فعل ماضی ساده+سوم شخص مفرد|فعل ماضی ساده+سوم شخص مفرد|اسم|فعل مضارع ساده+سوم شخص مفرد|اسم + ضمیر ملکی دوم شخص مفرد	
6	و	و|و|و	و	و|و|و	C0|Al|Ab	حرف ربط|حروف الفبا|اختصارات	
7	بدبخت	بدبخت	بدبخت	بدبخت	A0	صفت	
8	آن	ان	آن	ان	Ab	اختصارات	
9	که	که|که|که|که	که	که|که|که|که	C0|NA|N1|N1	حرف ربط|ضمیر پرسشی|اسم|اسم	
10	مرد	مرد|مرد	مرد	مرد|مرد	N1|V+O	اسم|فعل ماضی ساده+سوم شخص مفرد	
11	و	و|و|و	و	و|و|و	C0|Al|Ab	حرف ربط|حروف الفبا|اختصارات	
12	هشت	هشت|هش	هشت	هشت|هش + ت	O|N1+O	عدد حرفی|اسم + ضمیر ملکی دوم شخص مفرد	
13	.	.	.	.	Si	علامت	

0	اوباشی	اوباش	اوباش	اوباش	O	_
1	را	را	را	را	Po	حرف اضافه پسین	
2	در	در|در|در|در|در	در	در|در|در|در|در	Pr|V|N1|N1|VPr	حرف اضافه|فعل امر مثبت|اسم|اسم|پیشوند فعل	
3	خیابان	خیابان	خیابان	خیابان	N1	اسم	
4	دیدم	دید|دید|دید	دید	دید + م|دید + م|دید + م	V+O|N1+O|N1+V	فعل ماضی ساده+اول شخص مفرد|اسم + ضمیر ملکی اول شخص مفرد|اسم + فعل اول شخص مفرد	
5	که	که|که|که|که	که	که|که|که|که	C0|NA|N1|N1	حرف ربط|ضمیر پرسشی|اسم|اسم	
6	اعمال	اعمال|عمل	اعمال	اعمال|عمل	N1|O	اسم|اسم مفرد جمع مکسر	
7	ناشایستی	ناشایست|شایست	ناشایست	ناشایست + ی|نا + شایست + ی	A0+O|V+O	صفت + ی|فعل ماضی ساده+سوم شخص مفرد	
8	انجام	انجام|انجام	انجام	انجام|انجام	N1|V	اسم|فعل امر مثبت	
9	می‌دادند	داد	داد	می + داد + ند	V+O	فعل ماضی استمراری+سوم شخص جمع	
10	.	.	.	.	Si	علامت	

0	مطالب	مطالب	مطالب	مطالب	N1	اسم	
1	زیبایی	زیبایی|زیبا|زیب	زیبایی	زیبایی|زیبا + یی|زیب + ا + یی	N1|A0+O|O+O+O	اسم|صفت + یی|ریشه مضارع + ا + یی	
2	در	در|در|در|در|در	در	در|در|در|در|در	Pr|V|N1|N1|VPr	حرف اضافه|فعل امر مثبت|اسم|اسم|پیشوند فعل	
3	باب	باب|باب	باب	باب|باب	N1|N9	اسم|اسم موجود در ساختمان حرف اضافه و حرف ربط گروهی	
4	مسجد	مسجد	مسجد	مسجد	N1	اسم	
5	خوانده	خوانده|خواند	خوانده	خوانده|خواند + ه	N1|O+O	اسم|ریشه ماضی + ه	
6	بودم	بود|بود|بود|بود|ود|ود	بود	بود + م|بود + م|بود + م|بود + م|ب + ود + م|ب + ود + م	V+O|N1+O|N1+V|V+O|O+N1+O|O+N1+V	فعل ماضی ساده+اول شخص مفرد|اسم + ضمیر ملکی اول شخص مفرد|اسم + فعل اول شخص مفرد|فعل ماضی ساده+اول شخص مفرد|ب + اسم + ضمیر ملکی اول شخص مفرد|ب + اسم + فعل اول شخص مفرد	
7	که	که|که|که|که	که	که|که|که|که	C0|NA|N1|N1	حرف ربط|ضمیر پرسشی|اسم|اسم	
8	مورد	مورد|مورد|مورد	مورد	مورد|مورد|مورد	N1|N9|N1	اسم|اسم موجود در ساختمان حرف اضافه و حرف ربط گروهی|اسم	
9	پسندم	پسند|پسند|پسند|دم	پسندید	پسند + م|پسند + م|پسند + م|پس + ن + دم	V+O|N1+O|N1+V|V+O	فعل مضارع ساده+اول شخص مفرد|اسم + ضمیر ملکی اول شخص مفرد|اسم + فعل اول شخص مفرد|فعل مضارع ساده منفی+سوم شخص مفرد	
10	واقع	واقع	واقع	واقع	N1	اسم	
11	نشده‌بود	شد	نشده‌بود	ن + شد + ه + بود	V+O	فعل ماضی بعید منفی+سوم شخص مفرد	
12	.	.	.	.	Si	علامت	

0	تجربه	تجربه|تجرب	تجربه	تجربه|تجرب + ه	N1|N1+O	اسم|اسم + ه	
1	خوبی	خوبی|خوب	خوبی	خوبی|خوب + ی	N1|A0+O	اسم|صفت + ی	
2	در	در|در|در|در|در	در	در|در|در|در|در	Pr|V|N1|N1|VPr	حرف اضافه|فعل امر مثبت|اسم|اسم|پیشوند فعل	
3	زمینه‌ی	زمینه|زمین|زم	زمینه	زمینه + ی|زمین + ه + ی|زم + ین + ه + ی	N1+O|N1+O+O|N1+O+O+O	اسم + ی|اسم + ه + ی|اسم + ین + ه + ی	
4	تجربه‌های	تجربه|تجرب	تجربه	تجربه + ها + ی|تجرب + ه + ها + ی	N1+Pl+O|N1+O+Pl+O	اسم + علامت جمع + ی|اسم + ه + علامت جمع + ی	
5	شخصی	شخصی|شخص	شخص	شخصی|شخص + ی	A0|N1+O	صفت|اسم + ی	
6	دارم	دار|دار|دار	داشت	دار + م|دار + م|دار + م	V+O|N1+O|N1+V	فعل مضارع ساده+اول شخص مفرد|اسم + ضمیر ملکی اول شخص مفرد|اسم + فعل اول شخص مفرد	
7	!	!	!	!	Si	علامت	

0	مهم‌ترین	مهم	مهم	مهم + ترین	A0+O	صفت + علامت صفت تفضیلی	
1	دلیل	دلیل	دلیل	دلیل	N1	اسم	
2	در	در|در|در|در|در	در	در|در|در|در|در	Pr|V|N1|N1|VPr	حرف اضافه|فعل امر مثبت|اسم|اسم|پیشوند فعل	
3	بی‌کاری‌های	بیکاری|بیکار|کار	بی‌کاری‌های	بیکاری + ها + ی|بیکار + ی + ها + ی|بی + کار + ی + ها + ی	N1+Pl+O|A0+O+Pl+O|O+N1+O+Pl+O	اسم + علامت جمع + ی|صفت + ی + علامت جمع + ی|بی + اسم + ی + علامت جمع + ی	
4	اکثر	اکثر	اکثر	اکثر	A0	صفت	
5	دانشجویان	دانشجوی|دانشجو|دانش|دان	دانشجو	دانشجوی + ان|دانشجو + ی + ان|دانش + جو + ی + ان|دان + ش + جو + ی + ان	N1+O|N1+O+O|N1+O+O+O|V1+O+O+O+O	اسم + ان|اسم + ی + ان|اسم + جو + ی + ان|بن مضارع + ش + جو + ی + ان	
6	کشور	کشور|کش	کشور	کشور|کش + ور	N1|V1+O	اسم|بن مضارع + ور	
7	انتخاب	انتخاب	انتخاب	انتخاب	N1	اسم	
8	رشته	رشته|رشت	رشته	رشته|رشت + ه	N1|O+O	اسم|ریشه ماضی + ه	
9	اشتباه	اشتباه	اشتباه	اشتباه	A0	صفت	
10	است	است|اس		است|اس + ت	V+O|N1+O	فعل مضارع ساده+سوم شخص مفرد|اسم + ضمیر ملکی دوم شخص مفرد	
11	!	!	!	!	Si	علامت	

0	بهترین	بهترین|بهتر	بهترین	بهترین|بهتر + ین	A0|A0+O	صفت|صفت + ین	
1	کتابی	کتابی|کتاب	کتاب	کتابی|کتاب + ی	A0|N1+O	صفت|اسم + ی	
2	که	که|که|که|که	که	که|که|که|که	C0|NA|N1|N1	حرف ربط|ضمیر پرسشی|اسم|اسم	
3	خوانده‌ام	خوانده|خوانده|خواند	خواند	خوانده + ام|خوانده + ام|خواند + ه + ام	N1+O|N1+V|V+O	اسم + ضمیر ملکی اول شخص مفرد|اسم + فعل اول شخص مفرد|فعل ماضی نقلی+اول شخص مفرد	
4	کتاب	کتاب	کتاب	کتاب	N1	اسم	
5	۳۰۰	۳۰۰	۳۰۰	۳۰۰	Nu	عدد رقمی	
6	سال	سال	سال	سال	N1	اسم	
7	تنهایی	تنهایی|تنها|تن|تن	تنهایی	تنهایی|تنها + یی|تن + ها + یی|تن + ها + یی	Ad|A0+O|N1+Pl+O|N1+Pl+O	قید|صفت + یی|اسم + علامت جمع + یی|اسم + علامت جمع + یی	
8	بود	بود|بود|بود|بو|ود	بود	بود|بود|بود|بو + د|ب + ود	V+O|N1|V+O|V+O|O+N1	فعل ماضی ساده+سوم شخص مفرد|اسم|فعل ماضی ساده+سوم شخص مفرد|فعل مضارع ساده+سوم شخص مفرد|ب + اسم	
9	!	!	!	!	Si	علامت	

0	در	در|در|در|در|در	در	در|در|در|در|در	Pr|V|N1|N1|VPr	حرف اضافه|فعل امر مثبت|اسم|اسم|پیشوند فعل	
1	۱۳	۱۳	۱۳	۱۳	Nu	عدد رقمی	
2	ابان	اب	ابان	اب + ان	N1+O	اسم + ان	
3	سال	سال	سال	سال	N1	اسم	
4	۱۳۹۷	۱۳۹۷	۱۳۹۷	۱۳۹۷	Nu	عدد رقمی	
5	یکی	یکی|یک	یک	یکی|یک + ی	A2|O+O	صفت مبهم|عدد حرفی + ی	
6	از	از	از	از	Pr	حرف اضافه	
7	مهم‌ترین	مهم	مهم	مهم + ترین	A0+O	صفت + علامت صفت تفضیلی	
8	اتفاقات	اتفاق	اتفاقات	اتفاق + ات	N1+Pl	اسم + علامت جمع	
9	زندگی	زندگی|زنده	زندگی	زندگی|زنده + گی	N1|A0+O	اسم|صفت + گی	
10	جامعه	جامعه|جامع	جامعه	جامعه|جامع + ه	N1|A0+O	اسم|صفت + ه	
11	بشری	بشری|بشر|بشر|شر|شر	بشر	بشری|بشر + ی|بشر + ی|ب + شر + ی|ب + شر + ی	A0|N1+O|N1+O|O+A0+O|O+N1+O	صفت|اسم + ی|اسم + ی|ب + صفت + ی|ب + اسم + ی	
12	رخ	رخ|رخ	رخ	رخ|رخ	N1|N1	اسم|اسم	
13	نداد	داد	داد	ن + داد	V+O	فعل ماضی ساده منفی+سوم شخص مفرد	
14	.	.	.	.	Si	علامت	

0	ظاهراً	ظاهراً	ظاهرا	ظاهراً	Ad	قید	
1	بهترین	بهترین|بهتر	بهترین	بهترین|بهتر + ین	A0|A0+O	صفت|صفت + ین	
2	کاری	کاری|کار|کار	کاشت	کاری|کار + ی|کار + ی	A0|N1+O|V+O	صفت|اسم + ی|فعل مضارع ساده+دوم شخص مفرد	
3	که	که|که|که|که	که	که|که|که|که	C0|NA|N1|N1	حرف ربط|ضمیر پرسشی|اسم|اسم	
4	می‌شود	شو	شد	می + شو + د	V+O	فعل حال اخباری+سوم شخص مفرد	
5	انجام	انجام|انجام	انجام	انجام|انجام	N1|V	اسم|فعل امر مثبت	
6	داد	داد|داد	داد	داد|داد	V+O|N1	فعل ماضی ساده+سوم شخص مفرد|اسم	
7	مشاهده	مشاهده|مشاهد	مشاهده	مشاهده|مشاهد + ه	N1|N1+O	اسم|اسم + ه	
8	کار	کار|کار	کار	کار|کار	N1|V	اسم|فعل امر مثبت	
9	بقیه	بقیه|بقیه|قیه|بق|قی	بقیه	بقیه|بقیه|ب + قیه|بق + یه|ب + قی + ه	A0|N1|O+N1|N1+O|O+N1+O	صفت|اسم|ب + اسم|اسم + یه|ب + اسم + ه	
10	است	است|اس		است|اس + ت	V+O|N1+O	فعل مضارع ساده+سوم شخص مفرد|اسم + ضمیر ملکی دوم شخص مفرد	
11	.	.	.	.	Si	علامت	

0	بزرگ‌ترین	بزرگ	بزرگ	بزرگ + ترین	A0+O	صفت + علامت صفت تفضیلی	
1	عامل	عامل	عامل	عامل	N1	اسم	
2	پیروزی	پیروزی	پیروزی	پیروزی	N2	اسم خاص مکان	
3	۲	۲	۲	۲	Nu	عدد رقمی	
4	بر	بر|بر|بر|بر	بر	بر|بر|بر|بر	Pr|V|VPr|N1	حرف اضافه|فعل امر مثبت|پیشوند فعل|اسم	
5	صفر	صفر|صفر	صفر	صفر|صفر	O|N1	عدد حرفی|اسم	
6	مقابل	مقابل|مقابل	مقابل	مقابل|مقابل	A0|N9	صفت|اسم موجود در ساختمان حرف اضافه و حرف ربط گروهی	
7	تیم	تیم|تی|تی	تیم	تیم|تی + م|تی + م	N1|N1+O|N1+V	اسم|اسم + ضمیر ملکی اول شخص مفرد|اسم + فعل اول شخص مفرد	
8	ضعیف	ضعیف	ضعیف	ضعیف	A0	صفت	
9	استقلال	استقلال	استقلال	استقلال	N1	اسم	
10	،	،	،	،	Si	علامت	
11	ضعیف	ضعیف	ضعیف	ضعیف	A0	صفت	
12	بودن	بود|بود|بو	بودن	بود + ن|بود + ن|بو + د + ن	V2+O|V3+O|V1+O+O	بن ماضی + ن|فعل اسنادی + ن|بن مضارع + د + ن	
13	این	این|این	این	این|این	A1|N6	صفت اشاره|ضمیر اشاره	
14	تیم	تیم|تی|تی	تیم	تیم|تی + م|تی + م	N1|N1+O|N1+V	اسم|اسم + ضمیر ملکی اول شخص مفرد|اسم + فعل اول شخص مفرد	
15	بود	بود|بود|بود|بو|ود	بود	بود|بود|بود|بو + د|ب + ود	V+O|N1|V+O|V+O|O+N1	فعل ماضی ساده+سوم شخص مفرد|اسم|فعل ماضی ساده+سوم شخص مفرد|فعل مضارع ساده+سوم شخص مفرد|ب + اسم	
16	.	.	.	.	Si	علامت	

0	اژدها	اژدها	اژدها	اژدها	N1	اسم	
1	که	که|که|که|که	که	که|که|که|که	C0|NA|N1|N1	حرف ربط|ضمیر پرسشی|اسم|اسم	
2	از	از	از	از	Pr	حرف اضافه	
3	در	در|در|در|در|در	در	در|در|در|در|در	Pr|V|N1|N1|VPr	حرف اضافه|فعل امر مثبت|اسم|اسم|پیشوند فعل	
4	واردشد	واردشد	واردشد	واردشد	O	_
5	همگی	همگی|همه|همه|گی	همگی	همگی|همه + گی|همه + گی|هم + گی	A0|N1+O|A2+O|O+N1	صفت|اسم + گی|صفت مبهم + گی|هم + اسم	
6	ترسیدند	ترسید	ترسید	ترسید + ند	V+O	فعل ماضی ساده+سوم شخص جمع	
7	!	!	!	!	Si	علامت	

0	دانشجویان	دانشجوی|دانشجو|دانش|دان	دانشجو	دانشجوی + ان|دانشجو + ی + ان|دانش + جو + ی + ان|دان + ش + جو + ی + ان	N1+O|N1+O+O|N1+O+O+O|V1+O+O+O+O	اسم + ان|اسم + ی + ان|اسم + جو + ی + ان|بن مضارع + ش + جو + ی + ان	
1	دکترای	دکترا	دکترا	دکترا + ی	N1+O	اسم + ی	
2	حاضر	حاضر|حاضر	حاضر	حاضر|حاضر	N1|A0	اسم|صفت	
3	در	در|در|در|در|در	در	در|در|در|در|در	Pr|V|N1|N1|VPr	حرف اضافه|فعل امر مثبت|اسم|اسم|پیشوند فعل	
4	کلاس	کلاس	کلاس	کلاس	N1	اسم	
5	مسیول	مسی|مس	مسیول	مسی + ول|مس + ی + ول	A0+O|N1+O+O	صفت + ول|اسم + ی + ول	
6	هدایت	هدایت	هدایت	هدایت	N1	اسم	
7	فرایند	فرایند	فرایند	فرایند	N1	اسم	
8	،	،	،	،	Si	علامت	
9	کنترل‌ها	کنترل	کنترل	کنترل + ها	N1+Pl	اسم + علامت جمع	
10	،	،	،	،	Si	علامت	
11	تهیه	تهیه|تهی	تهیه	تهیه|تهی + ه	N1|A0+O	اسم|صفت + ه	
12	استانداردهای	استاندارد	استاندارد	استاندارد + ها + ی	A0+Pl+O	صفت + علامت جمع + ی	
13	مسابقه	مسابقه	مسابقه	مسابقه	N1	اسم	
14	و	و|و|و	و	و|و|و	C0|Al|Ab	حرف ربط|حروف الفبا|اختصارات	
15	برچسب‌زنی	برچسب‌زنی	برچسب‌زنی	برچسب‌زنی	N1	اسم	
16	داده‌ها	داده|داد|داد	داده	داده + ها|داد + ه + ها|داد + ه + ها	N1+Pl|O+O+Pl|N1+O+Pl	اسم + علامت جمع|ریشه ماضی + ه + علامت جمع|اسم + ه + علامت جمع	
17	،	،	،	،	Si	علامت	
18	تکمیل	تکمیل	تکمیل	تکمیل	N1	اسم	
19	داده	داده|داد|داد	داده	داده|داد + ه|داد + ه	N1|O+O|N1+O	اسم|ریشه ماضی + ه|اسم + ه	
20	تست	تست|تست	تست	تست|تست	N1|A0	اسم|صفت	
21	و	و|و|و	و	و|و|و	C0|Al|Ab	حرف ربط|حروف الفبا|اختصارات	
22	تهیه	تهیه|تهی	تهیه	تهیه|تهی + ه	N1|A0+O	اسم|صفت + ه	
23	گزارش	گزارش|گزارش|گزار	گزارش	گزارش|گزارش|گزار + ش	N1|N9|V+O	اسم|اسم موجود در ساختمان حرف اضافه و حرف ربط گروهی|فعل مضارع ساده+سوم شخص مفرد	
24	(مقاله)	(مقاله)	(مقاله)	(مقاله)	Si	علامت	
25	مروری	مروری|مرور	مرور	مروری|مرور + ی	A0|N1+O	صفت|اسم + ی	
26	از	از	از	از	Pr	حرف اضافه	
27	کل	کل|کل|کل	کل	کل|کل|کل	A0|N1|N1	صفت|اسم|اسم	
28	مطالعه	مطالعه|مطالع	مطالعه	مطالعه|مطالع + ه	N1|N1+O	اسم|اسم + ه	
29	و	و|و|و	و	و|و|و	C0|Al|Ab	حرف ربط|حروف الفبا|اختصارات	
30	بررسی	بررسی|بررس	بررسی	بررسی|بررس + ی	N1|N1+O	اسم|اسم + ی	
31	انجام‌شده	انجام‌شده	انجام‌شده	انجام‌شده	A0	صفت	
32	هستند	هست|هست		هست + ند|هست + ند	V+O|N1+V	فعل مضارع ساده+سوم شخص جمع|اسم + فعل سوم شخص جمع	
33	لذا	لذا	لذا	لذا	Ad	قید	
34	باید	باید	باید	باید	V4	فعل وجه نما	
35	به	به|به	به	به|به	Pr|N1	حرف اضافه|اسم	
36	کل	کل|کل|کل	کل	کل|کل|کل	A0|N1|N1	صفت|اسم|اسم	
37	ابزارها	ابزار|اب	ابزار	ابزار + ها|اب + زار + ها	N1+Pl|N1+O+Pl	اسم + علامت جمع|اسم + زار + علامت جمع	
38	اشراف	اشراف	اشراف	اشراف	N1	اسم	
39	نسبی	نسبی|نسبی|نسب	نسبی	نسبی|نسبی|نسب + ی	A0|A0|N1+O	صفت|صفت|اسم + ی	
40	داشته باشند	داشت	داشته باشند	داشت + ه + باش + ند	V+O	فعل ماضی التزامی+سوم شخص جمع	
41	.	.	.	.	Si	علامت	

0	شرح	شرح	شرح	شرح	N1	اسم	
1	وظایف	وظایف	وظایف	وظایف	N1	اسم	
2	این	این|این	این	این|این	A1|N6	صفت اشاره|ضمیر اشاره	
3	دسته	دست	دسته	دست + ه	N1+O	اسم + ه	
4	جداگانه	جداگانه|جدا	جداگانه	جداگانه|جدا + گانه	Ad|A0+O	قید|صفت + گانه	
5	در	در|در|در|در|در	در	در|در|در|در|در	Pr|V|N1|N1|VPr	حرف اضافه|فعل امر مثبت|اسم|اسم|پیشوند فعل	
6	جلسه	جلسه	جلسه	جلسه	N1	اسم	
7	حضوری	حضوری|حضور	حضور	حضوری|حضور + ی	A0|N1+O	صفت|اسم + ی	
8	تشریح	تشریح	تشریح	تشریح	N1	اسم	
9	خواهدشد	خواه|خواه|شد	خواهدشد	خواه + د + شد|خواه + د + شد|خواهد + شد	V1+O+O|V5+O+O|V+O	بن مضارع + د + شد|فعل کمکی + د + شد|فعل آینده مثبت+سوم شخص مفرد	
10	.	.	.	.	Si	علامت	

0	دیگری	دیگری|دی	دیگر	دیگری|دی + گری	A2|N1+O	صفت مبهم|اسم + گری	
1	جمع	جمع	جمع	جمع	A0	صفت	
2	«	«	«	«	Si	علامت	
3	مکسر	مکسر	مکسر	مکسر	A0	صفت	
4	»	»	»	»	Si	علامت	
5	است	است|اس		است|اس + ت	V+O|N1+O	فعل مضارع ساده+سوم شخص مفرد|اسم + ضمیر ملکی دوم شخص مفرد	
6	که	که|که|که|که	که	که|که|که|که	C0|NA|N1|N1	حرف ربط|ضمیر پرسشی|اسم|اسم	
7	قاعدهی	قاعده	قاعده	قاعده + ی	N1+O	اسم + ی	
8	معینی	معینی|معین|معین|معین	معین	معینی|معین + ی|معین + ی|معین + ی	N4|A0+O|N1+O|N1+O	اسم فامیل|صفت + ی|اسم + ی|اسم + ی	
9	ندارد	دار|دار	داشت	ن + دار + د|ن + دار + د	V+O|O+V5+O	فعل حال التزامی منفی+سوم شخص مفرد|ن + فعل کمکی + د	
10	،	،	،	،	Si	علامت	
11	یعنی	یعنی	یعنی	یعنی	C0	حرف ربط	
12	«	«	«	«	Si	علامت	
13	قیاسی	قیاسی|قیاسی|قیاس	قیاس	قیاسی|قیاسی|قیاس + ی	A0|N4|N1+O	صفت|اسم فامیل|اسم + ی	
14	»	»	»	»	Si	علامت	
15	نیست	نیست|است|نی	نیست	نیست|نی + است|نی + ست	N1|V+O|N1+O	اسم|فعل مضارع ساده منفی+سوم شخص مفرد|اسم + ضمیر ملکی سوم شخص مفرد	
16	،	،	،	،	Si	علامت	
17	«	«	«	«	Si	علامت	
18	سماعی	سماعی|سماع	سماع	سماعی|سماع + ی	A0|N1+O	صفت|اسم + ی	
19	»	»	»	»	Si	علامت	
20	است	است|اس		است|اس + ت	V+O|N1+O	فعل مضارع ساده+سوم شخص مفرد|اسم + ضمیر ملکی دوم شخص مفرد	
21	و	و|و|و	و	و|و|و	C0|Al|Ab	حرف ربط|حروف الفبا|اختصارات	
22	درمورد	درمورد	درمورد	درمورد	Pr1	حرف اضافه گروهی	
23	هر	هر	هر	هر	A1	صفت اشاره	
24	اسم	اسم|اس|اس	اسم	اسم|اس + م|اس + م	N1|N1+O|N1+V	اسم|اسم + ضمیر ملکی اول شخص مفرد|اسم + فعل اول شخص مفرد	
25	مفردی	مفرد	مفرد	مفرد + ی	A0+O	صفت + ی	
26	باید	باید	باید	باید	V4	فعل وجه نما	
27	دید	دید|دید	دید	دید|دید	V+O|N1	فعل ماضی ساده+سوم شخص مفرد|اسم	
28	یا	یا|یا	یا	یا|یا	C0|Intj	حرف ربط|صوت	
29	درواقع	درواقع	درواقع	درواقع	Ad	قید	
30	شنید	شنید|شن	شنید	شنید|شن + ید	V+O|N1+V	فعل ماضی ساده+سوم شخص مفرد|اسم + فعل دوم شخص جمع	
31	که	که|که|که|که	که	که|که|که|که	C0|NA|N1|N1	حرف ربط|ضمیر پرسشی|اسم|اسم	
32	اهل	اهل	اهل	اهل	A0	صفت	
33	زبان	زبان	زبان	زبان	N1	اسم	
34	مفرد	مفرد	مفرد	مفرد	A0	صفت	
35	ان	ان	ان	ان	Ab	اختصارات	
36	را	را	را	را	Po	حرف اضافه پسین	
37	به	به|به	به	به|به	Pr|N1	حرف اضافه|اسم	
38	چه	چه|چه|چه	چه	چه|چه|چه	NA|C0|A0	ضمیر پرسشی|حرف ربط|صفت	
39	صورت	صورت|صورت|صور	صورت	صورت|صورت|صور + ت	N1|N9|N1+O	اسم|اسم موجود در ساختمان حرف اضافه و حرف ربط گروهی|اسم + ضمیر ملکی دوم شخص مفرد	
40	می‌شکند	شکن	شکست	می + شکن + د	V+O	فعل حال اخباری+سوم شخص مفرد	
41	و	و|و|و	و	و|و|و	C0|Al|Ab	حرف ربط|حروف الفبا|اختصارات	
42	چه‌گونه	چه	چه‌گونه	چه + گون + ه	A0+O+O	صفت + گون + ه	
43	به	به|به	به	به|به	Pr|N1	حرف اضافه|اسم	
44	صورت	صورت|صورت|صور	صورت	صورت|صورت|صور + ت	N1|N9|N1+O	اسم|اسم موجود در ساختمان حرف اضافه و حرف ربط گروهی|اسم + ضمیر ملکی دوم شخص مفرد	
45	جمع	جمع	جمع	جمع	A0	صفت	
46	مکسر	مکسر	مکسر	مکسر	A0	صفت	
47	یا	یا|یا	یا	یا|یا	C0|Intj	حرف ربط|صوت	
48	شکسته	شکسته|شکست|شکست	شکسته	شکسته|شکست + ه|شکست + ه	A0|O+O|N1+O	صفت|ریشه ماضی + ه|اسم + ه	
49	درمی‌آورد	درمی آورد	درمی‌آورد	درمی آورد	O	_
50	.	.	.	.	Si	علامت	
