0	در	در|در|در|در|در	در	در|در|در|در|در	Pr|V|N1|N1|VPr	حرف اضافه|فعل امر مثبت|اسم|اسم|پیشوند فعل	
1	شب	شب	شب	شب	N1	اسم	
2	شبنم	شبنم	شبنم	شبنم	N1	اسم	
3	نم‌نم	نم‌نم	نم‌نم	نم‌نم	Ad	قید	
4	نم	نم	نم	نم	N1	اسم	
5	را	را	را	را	Po	حرف اضافه پسین	
6	بر	بر|بر|بر|بر	بر	بر|بر|بر|بر	Pr|V|VPr|N1	حرف اضافه|فعل امر مثبت|پیشوند فعل|اسم	
7	تن	تن|تن|تن	تن	تن|تن|تن	V|N1|N1	فعل امر مثبت|اسم|اسم	
8	گلبرگ	گلبرگ	گلبرگ	گلبرگ	N1	اسم	
9	پوشاند	پوشاند|پوشان|پوش	پوشاند	پوشاند|پوشان + د|پوش + ان + د	V+O|V+O|V1+O+O	فعل ماضی ساده+سوم شخص مفرد|فعل مضارع ساده+سوم شخص مفرد|بن مضارع + ان + د	
10	.	.	.	.	Si	علامت	

0	سخنان	سخن	سخن	سخن + ان	N1+O	اسم + ان	
1	خاطر پریشان	خاطرپریش	خاطر پریشان	خاطرپریش + ان	A0+O	صفت + ان	
2	خاطرم	خاطر|خاطر	خاطر	خاطر + م|خاطر + م	N1+O|N1+V	اسم + ضمیر ملکی اول شخص مفرد|اسم + فعل اول شخص مفرد	
3	را	را	را	را	Po	حرف اضافه پسین	
4	پریشان	پریشان|پری|پر|پر|پر	پریشان	پریشان|پری + شان|پر + ی + شان|پر + ی + شان|پر + ی + شان	A0|N1+O|V+O|A0+O+O|N1+O+O	صفت|اسم + ضمیر ملکی سوم شخص جمع|فعل مضارع ساده+دوم شخص مفرد|صفت + ی + ضمیر ملکی سوم شخص جمع|اسم + ی + ضمیر ملکی سوم شخص جمع	
5	می‌کند	کن|کن|می|می	کرد	می + کن + د|می + کن + د|می + ک + ند|می + ک + ند	V+O|V+O|N1+O+V|N1+O+V	فعل حال اخباری+سوم شخص مفرد|فعل حال اخباری+سوم شخص مفرد|اسم + ک + فعل سوم شخص جمع|اسم + ک + فعل سوم شخص جمع	
6	.	.	.	.	Si	علامت	

0	به	به|به	به	به|به	Pr|N1	حرف اضافه|اسم	
1	خاطر	خاطر|خاطر	خاطر	خاطر|خاطر	N1|N9	اسم|اسم موجود در ساختمان حرف اضافه و حرف ربط گروهی	
2	زیادی	زیادی|زیاد	زیاد	زیادی|زیاد + ی	A0|A0+O	صفت|صفت + ی	
3	رویش	رویش|روی|رو|رو	رویش	رویش|روی + ش|رو + ی + ش|رو + ی + ش	N1|N1+O|N1+O+O|V+O	اسم|اسم + ضمیر ملکی سوم شخص مفرد|اسم + ی + ضمیر ملکی سوم شخص مفرد|فعل مضارع ساده+دوم شخص مفرد	
4	رویش	رویش|روی|رو|رو	رویش	رویش|روی + ش|رو + ی + ش|رو + ی + ش	N1|N1+O|N1+O+O|V+O	اسم|اسم + ضمیر ملکی سوم شخص مفرد|اسم + ی + ضمیر ملکی سوم شخص مفرد|فعل مضارع ساده+دوم شخص مفرد	
5	از	از	از	از	Pr	حرف اضافه	
6	رویش	رویش|روی|رو|رو	رویش	رویش|روی + ش|رو + ی + ش|رو + ی + ش	N1|N1+O|N1+O+O|V+O	اسم|اسم + ضمیر ملکی سوم شخص مفرد|اسم + ی + ضمیر ملکی سوم شخص مفرد|فعل مضارع ساده+دوم شخص مفرد	
7	ریش	ریش|ری	ریش	ریش|ری + ش	N1|N1+O	اسم|اسم + ضمیر ملکی سوم شخص مفرد	
8	کم	کم|کم	کم	کم|کم	A0|N1	صفت|اسم	
9	شد	شد	شد	شد	V+O	فعل ماضی ساده+سوم شخص مفرد	
10	.	.	.	.	Si	علامت	

0	دانه	دانه|دان	دانه	دانه|دان + ه	N1|V1+O	اسم|بن مضارع + ه	
1	دانست	دانست	دانست	دانست	V+O	فعل ماضی ساده+سوم شخص مفرد	
2	که	که|که|که|که	که	که|که|که|که	C0|NA|N1|N1	حرف ربط|ضمیر پرسشی|اسم|اسم	
3	دانه	دانه|دان	دانه	دانه|دان + ه	N1|V1+O	اسم|بن مضارع + ه	
4	ست	ست	ست	ست	N1	اسم	
5	و	و|و|و	و	و|و|و	C0|Al|Ab	حرف ربط|حروف الفبا|اختصارات	
6	می‌روید	رو	رفت	می + رو + ید	V+O	فعل حال اخباری+دوم شخص جمع	
7	که	که|که|که|که	که	که|که|که|که	C0|NA|N1|N1	حرف ربط|ضمیر پرسشی|اسم|اسم	
8	به	به|به	به	به|به	Pr|N1	حرف اضافه|اسم	
9	زیر	زیر	زیر	زیر	A0	صفت	
10	رفت	رفت|رفت|رف	رفت	رفت|رفت|رف + ت	V+O|V+O|N1+O	فعل ماضی ساده+سوم شخص مفرد|فعل ماضی ساده+سوم شخص مفرد|اسم + ضمیر ملکی دوم شخص مفرد	
11	شما	شما|شما	شما	شما|شما	N5|N1	ضمیر فاعلی|اسم	
12	چرا	چرا|چرا|چر	چرا	چرا|چرا|چر + ا	NA|N1|O+O	ضمیر پرسشی|اسم|ریشه مضارع + ا	
13	می‌روید	رو	رفت	می + رو + ید	V+O	فعل حال اخباری+دوم شخص جمع	
14	.	.	.	.	Si	علامت	

0	بی‌تا	بی‌تا	بی‌تا	بی‌تا	A0	صفت	
1	بی‌تابی	بی‌تابی	بی‌تاب	بی‌تابی	N1	اسم	
2	می‌کرد	کرد	کرد	می + کرد	V+O	فعل ماضی استمراری+سوم شخص مفرد	
3	چون	چون|چون	چون	چون|چون	C0|Pr	حرف ربط|حرف اضافه	
4	بی‌تا	بی‌تا	بی‌تا	بی‌تا	A0	صفت	
5	نبود	نبود|بود|بود|بو	بود	نبود|ن + بود|ن + بود|ن + بو + د	N1|V+O|V+O|V+O	اسم|فعل ماضی ساده منفی+سوم شخص مفرد|فعل ماضی ساده منفی+سوم شخص مفرد|فعل حال التزامی منفی+سوم شخص مفرد	
6	.	.	.	.	Si	علامت	

0	سه	سه	سه	سه	O	عدد حرفی	
1	تا	تا|تا|تا	تا	تا|تا|تا	Pr|C0|Ab	حرف اضافه|حرف ربط|اختصارات	
2	سه	سه	سه	سه	O	عدد حرفی	
3	تا	تا|تا|تا	تا	تا|تا|تا	Pr|C0|Ab	حرف اضافه|حرف ربط|اختصارات	
4	سه‌تار	سه‌تار	سه‌تار	سه‌تار	N1	اسم	
5	سه‌	سه	سه	سه	O	عدد حرفی	
6	تار	تار|تار|تار	تار	تار|تار|تار	V|A0|N1	فعل امر مثبت|صفت|اسم	
7	را	را	را	را	Po	حرف اضافه پسین	
8	برداشت	برداشت|برداشت	برداشت	برداشت|برداشت	V+O|N1	فعل ماضی ساده+سوم شخص مفرد|اسم	
9	.	.	.	.	Si	علامت	

0	شهره	شهره|شهره|شهر	شهره	شهره|شهره|شهر + ه	N3|N1|N1+O	اسم خاص اشخاص|اسم|اسم + ه	
1	شهره	شهره|شهره|شهر	شهره	شهره|شهره|شهر + ه	N3|N1|N1+O	اسم خاص اشخاص|اسم|اسم + ه	
2	شهر	شهر	شهر	شهر	N1	اسم	
3	است	است|اس		است|اس + ت	V+O|N1+O	فعل مضارع ساده+سوم شخص مفرد|اسم + ضمیر ملکی دوم شخص مفرد	
4	.	.	.	.	Si	علامت	

0	در	در|در|در|در|در	در	در|در|در|در|در	Pr|V|N1|N1|VPr	حرف اضافه|فعل امر مثبت|اسم|اسم|پیشوند فعل	
1	این	این|این	این	این|این	A1|N6	صفت اشاره|ضمیر اشاره	
2	درگه	درگه	درگه	درگه	N1	اسم	
3	که	که|که|که|که	که	که|که|که|که	C0|NA|N1|N1	حرف ربط|ضمیر پرسشی|اسم|اسم	
4	گه‌گه	گه گه	گه‌گه	گه گه	O	_
5	که	که|که|که|که	که	که|که|که|که	C0|NA|N1|N1	حرف ربط|ضمیر پرسشی|اسم|اسم	
6	که	که|که|که|که	که	که|که|که|که	C0|NA|N1|N1	حرف ربط|ضمیر پرسشی|اسم|اسم	
7	و	و|و|و	و	و|و|و	C0|Al|Ab	حرف ربط|حروف الفبا|اختصارات	
8	که	که|که|که|که	که	که|که|که|که	C0|NA|N1|N1	حرف ربط|ضمیر پرسشی|اسم|اسم	
9	که	که|که|که|که	که	که|که|که|که	C0|NA|N1|N1	حرف ربط|ضمیر پرسشی|اسم|اسم	
10	شود	شود|شو	شد	شود|شو + د	N1|V+O	اسم|فعل مضارع ساده+سوم شخص مفرد	
11	ناگه	ناگه|گه	ناگه	ناگه|نا + گه	Ad|O+Ad	قید|نا + قید	
12	مشو	مشو	مشو	مشو	O	_
13	غره	غره|غر	غره	غره|غر + ه	N1|N1+O	اسم|اسم + ه	
14	به	به|به	به	به|به	Pr|N1	حرف اضافه|اسم	
15	امروزت	امروز	امروز	امروز + ت	N1+O	اسم + ضمیر ملکی دوم شخص مفرد	
16	که	که|که|که|که	که	که|که|که|که	C0|NA|N1|N1	حرف ربط|ضمیر پرسشی|اسم|اسم	
17	از	از	از	از	Pr	حرف اضافه	
18	فردا	فردا	فردا	فردا	Ad	قید	
19	نه‌ای	نه|نه	نه	نه + ای|نه + ای	V1+O|N1+O	بن مضارع + ای|اسم + ای	
20	آگه	آگه	آگه	آگه	A0	صفت	
21	.	.	.	.	Si	علامت	

0	تو	تو|تو|تو	تو	تو|تو|تو	N5|Ad|N1	ضمیر فاعلی|قید|اسم	
1	خود	خود|خود	خود	خود|خود	O|N1	ضمیر مشترک/متقابل|اسم	
2	ناگه	ناگه|گه	ناگه	ناگه|نا + گه	Ad|O+Ad	قید|نا + قید	
3	وصالم	وصال|وصال	وصال	وصال + م|وصال + م	N1+O|N1+V	اسم + ضمیر ملکی اول شخص مفرد|اسم + فعل اول شخص مفرد	
4	داده‌ایی	داد	داده	داد + ها + یی	N1+Pl+O	اسم + علامت جمع + یی	
5	بر	بر|بر|بر|بر	بر	بر|بر|بر|بر	Pr|V|VPr|N1	حرف اضافه|فعل امر مثبت|پیشوند فعل|اسم	
6	درگه	درگه	درگه	درگه	N1	اسم	
7	فضلت	فضل	فضل	فضل + ت	N1+O	اسم + ضمیر ملکی دوم شخص مفرد	
8	که	که|که|که|که	که	که|که|که|که	C0|NA|N1|N1	حرف ربط|ضمیر پرسشی|اسم|اسم	
9	گه‌گه	گه گه	گه‌گه	گه گه	O	_
10	دل	دل	دل	دل	N1	اسم	
11	کجا	کجا	کجا	کجا	NA	ضمیر پرسشی	
12	آگه	آگه	آگه	آگه	A0	صفت	
13	شود	شود|شو	شد	شود|شو + د	N1|V+O	اسم|فعل مضارع ساده+سوم شخص مفرد	
14	از	از	از	از	Pr	حرف اضافه	
15	در	در|در|در|در|در	در	در|در|در|در|در	Pr|V|N1|N1|VPr	حرف اضافه|فعل امر مثبت|اسم|اسم|پیشوند فعل	
16	گهت	گه	گه	گه + ت	N1+O	اسم + ضمیر ملکی دوم شخص مفرد	
17	هرگه	هرگه	هرگه	هرگه	Ad	قید	
18	.	.	.	.	Si	علامت	

0	صدیقه	صدیقه|صدیق	صدیقه	صدیقه|صدیق + ه	N3|A0+O	اسم خاص اشخاص|صفت + ه	
1	صدیقه	صدیقه|صدیق	صدیقه	صدیقه|صدیق + ه	N3|A0+O	اسم خاص اشخاص|صفت + ه	
2	دوخت	دوخت	دوخت	دوخت	V+O	فعل ماضی ساده+سوم شخص مفرد	
3	.	.	.	.	Si	علامت	

0	آنقدر	آن‌قدر	آنقدر	آن‌قدر	Ad	قید	
1	بست‌نشست	بست نشست	بست‌نشست	بست نشست	O	_
2	تا	تا|تا|تا	تا	تا|تا|تا	Pr|C0|Ab	حرف اضافه|حرف ربط|اختصارات	
3	آب	اب	آب	اب	N1	اسم	
4	را	را	را	را	Po	حرف اضافه پسین	
5	بست	بست|بست|بست	بست	بست|بست|بست	N1|V+O|N2	اسم|فعل ماضی ساده+سوم شخص مفرد|اسم خاص مکان	
6	.	.	.	.	Si	علامت	

0	دوش	دوش|دوش	دوش	دوش|دوش	V|N1	فعل امر مثبت|اسم	
1	دوشش	دوش|دوش	دوش	دوش + ش|دوش + ش	V+O|N1+O	فعل مضارع ساده+سوم شخص مفرد|اسم + ضمیر ملکی سوم شخص مفرد	
2	را	را	را	را	Po	حرف اضافه پسین	
3	بست	بست|بست|بست	بست	بست|بست|بست	N1|V+O|N2	اسم|فعل ماضی ساده+سوم شخص مفرد|اسم خاص مکان	
4	و	و|و|و	و	و|و|و	C0|Al|Ab	حرف ربط|حروف الفبا|اختصارات	
5	بردوشش	برد|برد|بر|رد	بردوشش	برد + وش + ش|برد + وش + ش|بر + د + وش + ش|ب + رد + وش + ش	V|N1+O+O|V1+O+O+O|O+A0+O+O	فعل ماضی ساده|اسم + وش + ضمیر ملکی سوم شخص مفرد|بن مضارع + د + وش + ضمیر ملکی سوم شخص مفرد|ب + صفت + وش + ضمیر ملکی سوم شخص مفرد	
6	گذاشت	گذاشت	گذاشت	گذاشت	V+O	فعل ماضی ساده+سوم شخص مفرد	
7	و	و|و|و	و	و|و|و	C0|Al|Ab	حرف ربط|حروف الفبا|اختصارات	
8	گاو	گاو	گاو	گاو	N1	اسم	
9	را	را	را	را	Po	حرف اضافه پسین	
10	دوشید	دوشید|دوش|دوش	دوشید	دوشید|دوش + ید|دوش + ید	V+O|V+O|N1+V	فعل ماضی ساده+سوم شخص مفرد|فعل مضارع ساده+دوم شخص جمع|اسم + فعل دوم شخص جمع	
11	.	.	.	.	Si	علامت	

0	مه	مه|مه	مه	مه|مه	N1|N1	اسم|اسم	
1	مه	مه|مه	مه	مه|مه	N1|N1	اسم|اسم	
2	را	را	را	را	Po	حرف اضافه پسین	
3	مهار	مهار	مهار	مهار	N1	اسم	
4	کرد	کرد|کرد	کرد	کرد|کرد	V+O|N1	فعل ماضی ساده+سوم شخص مفرد|اسم	
5	.	.	.	.	Si	علامت	

0	ما	ما	ما	ما	N5	ضمیر فاعلی	
1	زیاد	زیاد	زیاد	زیاد	A0	صفت	
2	ز	ز|ز	ز	ز|ز	Ab|Al	اختصارات|حروف الفبا	
3	زیاد	زیاد	زیاد	زیاد	A0	صفت	
4	می‌رویم	رو	رفت	می + رو + یم	V+O	فعل حال اخباری+اول شخص جمع	
5	.	.	.	.	Si	علامت	

0	پرسید	پرسید|پرس|پرس	پرسید	پرسید|پرس + ید|پرس + ید	V+O|V+O|N1+V	فعل ماضی ساده+سوم شخص مفرد|فعل مضارع ساده+دوم شخص جمع|اسم + فعل دوم شخص جمع	
1	برای	برای|برا|بر	برای	برای|برا + ی|بر + ا + ی	Pr|A0+O|O+O+O	حرف اضافه|صفت + ی|ریشه مضارع + ا + ی	
2	شام	شام	شام	شام	N1	اسم	
3	چه	چه|چه|چه	چه	چه|چه|چه	NA|C0|A0	ضمیر پرسشی|حرف ربط|صفت	
4	شامی	شامی|شام	شامی	شامی|شام + ی	N1|N1+O	اسم|اسم + ی	
5	داریم	دار|دار|دار	داشت	دار + یم|دار + ی + م|دار + یم	V+O|V+O|N1+V	فعل مضارع ساده+اول شخص جمع|فعل مضارع ساده+دوم شخص مفرد|اسم + فعل اول شخص جمع	
6	گفتم	گفت|گفت|گفت	گفت	گفت + م|گفت + م|گفت + م	V+O|N1+O|N1+V	فعل ماضی ساده+اول شخص مفرد|اسم + ضمیر ملکی اول شخص مفرد|اسم + فعل اول شخص مفرد	
7	شامی	شامی|شام	شامی	شامی|شام + ی	N1|N1+O	اسم|اسم + ی	
8	.	.	.	.	Si	علامت	

0	با	با	با	با	Pr	حرف اضافه	
1	صدای	صدا	صدا	صدا + ی	N1+O	اسم + ی	
2	بلند	بلند|بلند|بلند|لند|بل	بلند	بلند|بلند|بلند|ب + لند|بل + ند	A0|N1|N1|V|N1+V	صفت|اسم|اسم|فعل امر مثبت|اسم + فعل سوم شخص جمع	
3	آواز	آواز	آواز	آواز	N1	اسم	
4	سرداد	سر داد	سرداد	سر داد	V+O	فعل ماضی ساده+سوم شخص مفرد	
5	که	که|که|که|که	که	که|که|که|که	C0|NA|N1|N1	حرف ربط|ضمیر پرسشی|اسم|اسم	
6	هوای	هوا	هوا	هوا + ی	N1+O	اسم + ی	
7	سرد	سرد|سر	سرد	سرد|سر + د	A0|V+O	صفت|فعل مضارع ساده+سوم شخص مفرد	
8	سردرد	سردرد|سر|سر	سردرد	سردرد|سر + درد|سر + درد	N1|N1+O|N1+O	اسم|اسم + درد|اسم + درد	
9	می‌آورد	آورد|آور	آورد	می + آورد|می + آور + د	V+O|V+O	فعل ماضی استمراری+سوم شخص مفرد|فعل حال اخباری+سوم شخص مفرد	
10	.	.	.	.	Si	علامت	

0	سبک	سبک|سبک|سب	سبک	سبک|سبک|سب + ک	N1|A0|N1+O	اسم|صفت|اسم + ک	
1	سبکی	سبکی|سبکی|سبک|سبک|سب	سبک	سبکی|سبکی|سبک + ی|سبک + ی|سب + ک + ی	A0|N1|N1+O|A0+O|N1+O+O	صفت|اسم|اسم + ی|صفت + ی|اسم + ک + ی	
2	را	را	را	را	Po	حرف اضافه پسین	
3	برای	برای|برا|بر	برای	برای|برا + ی|بر + ا + ی	Pr|A0+O|O+O+O	حرف اضافه|صفت + ی|ریشه مضارع + ا + ی	
4	نوشتن	نوشت|نوش	نوشتن	نوشت + ن|نوش + ت + ن	V2+O|V1+O+O	بن ماضی + ن|بن مضارع + ضمیر ملکی دوم شخص مفرد + ن	
5	دارد	دار|دار	داشت	دار + د|دار + د	V+O|V5+O	فعل مضارع ساده+سوم شخص مفرد|فعل کمکی + د	
6	.	.	.	.	Si	علامت	

0	شعر	شعر	شعر	شعر	N1	اسم	
1	را	را	را	را	Po	حرف اضافه پسین	
2	از	از	از	از	Pr	حرف اضافه	
3	برخواند	برخواند	برخواند	برخواند	O	_
4	.	.	.	.	Si	علامت	

0	به	به|به	به	به|به	Pr|N1	حرف اضافه|اسم	
1	را	را	را	را	Po	حرف اضافه پسین	
2	خورد	خورد|خورد|خور	خورد	خورد|خورد|خور + د	V+O|N1|V+O	فعل ماضی ساده+سوم شخص مفرد|اسم|فعل مضارع ساده+سوم شخص مفرد	
3	و	و|و|و	و	و|و|و	C0|Al|Ab	حرف ربط|حروف الفبا|اختصارات	
4	گفت	گفت|گفت	گفت	گفت|گفت	V+O|N1	فعل ماضی ساده+سوم شخص مفرد|اسم	
5	به‌به	به‌به|به	به‌به	به‌به|به + به	Intj|O+N1	صوت|به + اسم	
6	به	به|به	به	به|به	Pr|N1	حرف اضافه|اسم	
7	این	این|این	این	این|این	A1|N6	صفت اشاره|ضمیر اشاره	
8	به	به|به	به	به|به	Pr|N1	حرف اضافه|اسم	
9	!	!	!	!	Si	علامت	

0	درست	درست|درس	درست	درست|درس + ت	A0|N1+O	صفت|اسم + ضمیر ملکی دوم شخص مفرد	
1	درست	درست|درس	درست	درست|درس + ت	A0|N1+O	صفت|اسم + ضمیر ملکی دوم شخص مفرد	
2	را	را	را	را	Po	حرف اضافه پسین	
3	بخوان	خوان|خوان|خو	خواند	ب + خوان|ب + خوان|ب + خو + ان	V|O+N1|O+N1+O	فعل امر مثبت|ب + اسم|ب + اسم + ان	
4	.	.	.	.	Si	علامت	

0	چوب	چوب	چوب	چوب	N1	اسم	
1	خط‌خطی	خط‌خطی	خط‌خطی	خط‌خطی	A0	صفت	
2	پر	پر|پر|پر	پر	پر|پر|پر	V|A0|N1	فعل امر مثبت|صفت|اسم	
3	از	از	از	از	Pr	حرف اضافه	
4	چوب‌خط	چوبخط	چوب‌خط	چوبخط	N1	اسم	
5	بود	بود|بود|بود|بو|ود	بود	بود|بود|بود|بو + د|ب + ود	V+O|N1|V+O|V+O|O+N1	فعل ماضی ساده+سوم شخص مفرد|اسم|فعل ماضی ساده+سوم شخص مفرد|فعل مضارع ساده+سوم شخص مفرد|ب + اسم	
6	.	.	.	.	Si	علامت	

0	چهارپایان	چهارپایان|چهارپای|چهارپا	چهارپا	چهارپایان|چهارپای + ان|چهارپا + ی + ان	N1|A0+O|A0+O	اسم|صفت + ان|صفت + ان	
1	پایان	پایان|پای|پا|پا	پایان	پایان|پای + ان|پا + ی + ان|پا + ی + ان	N1|N1+O|V1+O|N1+O	اسم|اسم + ان|بن مضارع + ان|اسم + ان	
2	راه	راه|راه	راه	راه|راه	N1|N9	اسم|اسم موجود در ساختمان حرف اضافه و حرف ربط گروهی	
3	را	را	را	را	Po	حرف اضافه پسین	
4	پاییدند	پایید	پاییدند	پایید + ند	V+O	فعل ماضی ساده+سوم شخص جمع	
5	.	.	.	.	Si	علامت	

0	یک	یک	یک	یک	O	عدد حرفی	
1	فرد	فرد	فرد	فرد	N1	اسم	
2	با	با	با	با	Pr	حرف اضافه	
3	لباس	لباس	لباس	لباس	N1	اسم	
4	راه‌راه	راه‌راه	راه‌راه	راه‌راه	A0	صفت	
5	راه‌بندان	راه‌بندان	راه‌بندان	راه‌بندان	N1	اسم	
6	به راه انداخته	به راه انداخت	به راه انداخته	به راه انداخت + ه	O+O	ریشه ماضی + ه	
7	بود	بود|بود|بود|بو|ود	بود	بود|بود|بود|بو + د|ب + ود	V+O|N1|V+O|V+O|O+N1	فعل ماضی ساده+سوم شخص مفرد|اسم|فعل ماضی ساده+سوم شخص مفرد|فعل مضارع ساده+سوم شخص مفرد|ب + اسم	
8	.	.	.	.	Si	علامت	

0	نم‌نمک	نم‌نمک	نم‌نمک	نم‌نمک	Ad	قید	
1	نمک	نمک|مک|نم	نمک	نمک|ن + مک|نم + ک	N1|V|N1+O	اسم|فعل امر منفی|اسم + ک	
2	را	را	را	را	Po	حرف اضافه پسین	
3	به	به|به	به	به|به	Pr|N1	حرف اضافه|اسم	
4	غذا	غذا	غذا	غذا	N1	اسم	
5	اضافه	اضافه|اضاف	اضافه	اضافه|اضاف + ه	A0|N1+O	صفت|اسم + ه	
6	کن	کن|کن|کن	کن	کن|کن|کن	V|V|N2	فعل امر مثبت|فعل امر مثبت|اسم خاص مکان	
7	.	.	.	.	Si	علامت	

0	چون	چون|چون	چون	چون|چون	C0|Pr	حرف ربط|حرف اضافه	
1	هوا	هوا	هوا	هوا	N1	اسم	
2	تاریک	تاریک|تاری	تاریک	تاریک|تاری + ک	A0|N1+O	صفت|اسم + ک	
3	است	است|اس		است|اس + ت	V+O|N1+O	فعل مضارع ساده+سوم شخص مفرد|اسم + ضمیر ملکی دوم شخص مفرد	
4	در	در|در|در|در|در	در	در|در|در|در|در	Pr|V|N1|N1|VPr	حرف اضافه|فعل امر مثبت|اسم|اسم|پیشوند فعل	
5	بامداد	بامداد	بامداد	بامداد	N1	اسم	
6	با	با	با	با	Pr	حرف اضافه	
7	مداد	مداد	مداد	مداد	N1	اسم	
8	بنویس	نویس	نوشت	ب + نویس	V	فعل امر مثبت	
9	تا	تا|تا|تا	تا	تا|تا|تا	Pr|C0|Ab	حرف اضافه|حرف ربط|اختصارات	
10	بتوانی	بتوان|توان|توان|تو	توانست	بتوان + ی|ب + توان + ی|ب + توان + ی|ب + تو + ان + ی	V+O|V+O|O+N1+O|O+N1+O+O	فعل مضارع ساده+دوم شخص مفرد|فعل حال التزامی+دوم شخص مفرد|ب + اسم + ی|ب + اسم + ان + ی	
11	با	با	با	با	Pr	حرف اضافه	
12	پاک‌کن	پاک‌کن	پاک‌کن	پاک‌کن	N1	اسم	
13	آن	ان	آن	ان	Ab	اختصارات	
14	را	را	را	را	Po	حرف اضافه پسین	
15	پاک	پاک|پا	پاک	پاک|پا + ک	A0|N1+O	صفت|اسم + ک	
16	کنی	کن|کن	کرد	کن + ی|کن + ی	V+O|V+O	فعل مضارع ساده+دوم شخص مفرد|فعل مضارع ساده+دوم شخص مفرد	
17	.	.	.	.	Si	علامت	

0	از	از	از	از	Pr	حرف اضافه	
1	بس	بس	بس	بس	A0	صفت	
2	به	به|به	به	به|به	Pr|N1	حرف اضافه|اسم	
3	من	من	من	من	N5	ضمیر فاعلی	
4	گفت	گفت|گفت	گفت	گفت|گفت	V+O|N1	فعل ماضی ساده+سوم شخص مفرد|اسم	
5	نترس	نترس|ترس	نترس	نترس|ن + ترس	A0|V	صفت|فعل امر منفی	
6	!	!	!	!	Si	علامت	
7	تا	تا|تا|تا	تا	تا|تا|تا	Pr|C0|Ab	حرف اضافه|حرف ربط|اختصارات	
8	من	من	من	من	N5	ضمیر فاعلی	
9	نترس	نترس|ترس	نترس	نترس|ن + ترس	A0|V	صفت|فعل امر منفی	
10	به	به|به	به	به|به	Pr|N1	حرف اضافه|اسم	
11	بار	بار|بار	بار	بار|بار	V|N1	فعل امر مثبت|اسم	
12	آمدم	امد|امد	آمد	امد + م|امد + م	N1+O|N1+V	اسم + ضمیر ملکی اول شخص مفرد|اسم + فعل اول شخص مفرد	
13	.	.	.	.	Si	علامت	

0	حس	حس	حس	حس	N1	اسم	
1	کردم	کرد|کرد|کرد	کرد	کرد + م|کرد + م|کرد + م	V+O|N1+O|N1+V	فعل ماضی ساده+اول شخص مفرد|اسم + ضمیر ملکی اول شخص مفرد|اسم + فعل اول شخص مفرد	
2	دستم	دست|دست	دستم	دست + م|دست + م	N1+O|N1+V	اسم + ضمیر ملکی اول شخص مفرد|اسم + فعل اول شخص مفرد	
3	بی‌حس	بی‌حس	بی‌حس	بی‌حس	A0	صفت	
4	شده	شد	شده	شد + ه	V3+O	فعل اسنادی + ه	
5	است	است|اس		است|اس + ت	V+O|N1+O	فعل مضارع ساده+سوم شخص مفرد|اسم + ضمیر ملکی دوم شخص مفرد	
6	.	.	.	.	Si	علامت	

0	گزیده	گزیده|گزید|گزید	گزیده	گزیده|گزید + ه|گزید + ه	A0|O+O|O+O	صفت|ریشه ماضی + ه|ریشه ماضی + ه	
1	حرفش	حرف|حرف	حرف	حرف + ش|حرف + ش	N1+O|N1+O	اسم + ضمیر ملکی سوم شخص مفرد|اسم + ضمیر ملکی سوم شخص مفرد	
2	این	این|این	این	این|این	A1|N6	صفت اشاره|ضمیر اشاره	
3	بود	بود|بود|بود|بو|ود	بود	بود|بود|بود|بو + د|ب + ود	V+O|N1|V+O|V+O|O+N1	فعل ماضی ساده+سوم شخص مفرد|اسم|فعل ماضی ساده+سوم شخص مفرد|فعل مضارع ساده+سوم شخص مفرد|ب + اسم	
4	که	که|که|که|که	که	که|که|که|که	C0|NA|N1|N1	حرف ربط|ضمیر پرسشی|اسم|اسم	
5	ما	ما	ما	ما	N5	ضمیر فاعلی	
6	را	را	را	را	Po	حرف اضافه پسین	
7	مار	مار	مار	مار	N1	اسم	
8	گزیده	گزیده|گزید|گزید	گزیده	گزیده|گزید + ه|گزید + ه	A0|O+O|O+O	صفت|ریشه ماضی + ه|ریشه ماضی + ه	
9	است	است|اس		است|اس + ت	V+O|N1+O	فعل مضارع ساده+سوم شخص مفرد|اسم + ضمیر ملکی دوم شخص مفرد	
10	.	.	.	.	Si	علامت	

0	با	با	با	با	Pr	حرف اضافه	
1	گویش	گویش|گوی|گو	گویش	گویش|گوی + ش|گو + ی + ش	N1|N1+O|V+O	اسم|اسم + ضمیر ملکی سوم شخص مفرد|فعل مضارع ساده+دوم شخص مفرد	
2	خاصی	خاص	خاص	خاص + ی	A0+O	صفت + ی	
3	گفت	گفت|گفت	گفت	گفت|گفت	V+O|N1	فعل ماضی ساده+سوم شخص مفرد|اسم	
4	گویش	گویش|گوی|گو	گویش	گویش|گوی + ش|گو + ی + ش	N1|N1+O|V+O	اسم|اسم + ضمیر ملکی سوم شخص مفرد|فعل مضارع ساده+دوم شخص مفرد	
5	را	را	را	را	Po	حرف اضافه پسین	
6	بردار	بردار|بردار|برد	بردار	بردار|بردار|برد + ار	V|N1|O+O	فعل امر مثبت|اسم|ریشه ماضی + ار	
7	.	.	.	.	Si	علامت	

0	باآن‌که	باآن که	باآن‌که	باآن که	O	_
1	اتاق	اتاق	اتاق	اتاق	N1	اسم	
2	سوت‌وکور	سوت‌وکور	سوت‌وکور	سوت‌وکور	A0	صفت	
3	بود	بود|بود|بود|بو|ود	بود	بود|بود|بود|بو + د|ب + ود	V+O|N1|V+O|V+O|O+N1	فعل ماضی ساده+سوم شخص مفرد|اسم|فعل ماضی ساده+سوم شخص مفرد|فعل مضارع ساده+سوم شخص مفرد|ب + اسم	
4	باز	باز|باز|باز|باز|باز	باز	باز|باز|باز|باز|باز	V|A0|Ad|N1|VPr	فعل امر مثبت|صفت|قید|اسم|پیشوند فعل	
5	هم	هم|هم|هم	هم	هم|هم|هم	Ad|C0|O	قید|حرف ربط|ضمیر مشترک/متقابل	
6	صدایی	صدایی|صدا	صدا	صدایی|صدا + یی	A0|N1+O	صفت|اسم + یی	
7	شنیده	شنیده|شنید	شنیده	شنیده|شنید + ه	N1|O+O	اسم|ریشه ماضی + ه	
8	نمی‌شد	شد	شد	نمی + شد	V+O	فعل ماضی استمراری منفی+سوم شخص مفرد	
9	.	.	.	.	Si	علامت	

0	قدم‌قدم	قدم قدم	قدم‌قدم	قدم قدم	O	_
1	جلو	جلو	جلو	جلو	A0	صفت	
2	رفتم	رفت|رفت	رفت	رفت + م|رفت + م	V+O|V+O	فعل ماضی ساده+اول شخص مفرد|فعل ماضی ساده+اول شخص مفرد	
3	و	و|و|و	و	و|و|و	C0|Al|Ab	حرف ربط|حروف الفبا|اختصارات	
4	قدم	قدم|قدم|قد|قد|قد|قد	قدم	قدم|قدم|قد + م|قد + م|قد + م|قد + م	N1|N1|N1+O|N1+V|A0+O|A0+V	اسم|اسم|اسم + ضمیر ملکی اول شخص مفرد|اسم + فعل اول شخص مفرد|صفت + ضمیر ملکی اول شخص مفرد|صفت + فعل اول شخص مفرد	
5	را	را	را	را	Po	حرف اضافه پسین	
6	خم	خم|خم|خم	خم	خم|خم|خم	V|A0|N1	فعل امر مثبت|صفت|اسم	
7	کردم	کرد|کرد|کرد	کرد	کرد + م|کرد + م|کرد + م	V+O|N1+O|N1+V	فعل ماضی ساده+اول شخص مفرد|اسم + ضمیر ملکی اول شخص مفرد|اسم + فعل اول شخص مفرد	
8	.	.	.	.	Si	علامت	

0	سر	سر|سر|سر|سر	سر	سر|سر|سر|سر	V|N1|N1|N9	فعل امر مثبت|اسم|اسم|اسم موجود در ساختمان حرف اضافه و حرف ربط گروهی	
1	و	و|و|و	و	و|و|و	C0|Al|Ab	حرف ربط|حروف الفبا|اختصارات	
2	صورتش	صورت	صورت	صورت + ش	N1+O	اسم + ضمیر ملکی سوم شخص مفرد	
3	را	را	را	را	Po	حرف اضافه پسین	
4	سایه	سایه	سایه	سایه	N1	اسم	
5	انداخته‌بود	انداخت	انداخته‌بود	انداخت + ه + بود	V+O	فعل ماضی بعید+سوم شخص مفرد	
6	.	.	.	.	Si	علامت	

0	یک	یک	یک	یک	O	عدد حرفی	
1	ماهی	ماهی|ماه	ماه	ماهی|ماه + ی	N1|N1+O	اسم|اسم + ی	
2	ماهی	ماهی|ماه	ماه	ماهی|ماه + ی	N1|N1+O	اسم|اسم + ی	
3	چندین	چندین	چندین	چندین	A0	صفت	
4	لیتر	لیتر	لیتر	لیتر	N1	اسم	
5	آب	اب	آب	اب	N1	اسم	
6	می‌خورد	خورد|خور	خورد	می + خورد|می + خور + د	V+O|V+O	فعل ماضی استمراری+سوم شخص مفرد|فعل حال اخباری+سوم شخص مفرد	
7	.	.	.	.	Si	علامت	

0	سراسیمه	سراسیمه	سراسیمه	سراسیمه	A0	صفت	
1	گفت	گفت|گفت	گفت	گفت|گفت	V+O|N1	فعل ماضی ساده+سوم شخص مفرد|اسم	
2	کی‌برد	کی‌برد	کی‌برد	کی‌برد	N1	اسم	
3	را	را	را	را	Po	حرف اضافه پسین	
4	کی	کی|کی|کی	کی	کی|کی|کی	NA|NA|Ab	ضمیر پرسشی|ضمیر پرسشی|اختصارات	
5	برد	برد|برد|بر|رد	برد	برد|برد|بر + د|ب + رد	V+O|N1|V+O|O+A0	فعل ماضی ساده+سوم شخص مفرد|اسم|فعل مضارع ساده+سوم شخص مفرد|ب + صفت	
6	؟	؟	؟	؟	Si	علامت	

0	به	به|به	به	به|به	Pr|N1	حرف اضافه|اسم	
1	پایان	پایان|پای|پا|پا	پایان	پایان|پای + ان|پا + ی + ان|پا + ی + ان	N1|N1+O|V1+O|N1+O	اسم|اسم + ان|بن مضارع + ان|اسم + ان	
2	آمد	امد	آمد	امد	N1	اسم	
3	این	این|این	این	این|این	A1|N6	صفت اشاره|ضمیر اشاره	
4	دفتر	دفتر	دفتر	دفتر	N1	اسم	
5	حکایت	حکایت	حکایت	حکایت	N1	اسم	
6	همچنان	همچنان|چنان	همچنان	همچنان|هم + چنان	Ad|O+A0	قید|هم + صفت	
7	باقیست	باقی	باقیست	باقی + ست	N1+O	اسم + ضمیر ملکی سوم شخص مفرد	
8	.	.	.	.	Si	علامت	

0	هرچه	هرچه	هرچه	هرچه	Ad	قید	
1	درسر	درسر	درسر	درسر	Pr1	حرف اضافه گروهی	
2	داشت	داشت|داشت|داشت|داش	داشت	داشت|داشت|داشت|داش + ت	V+O|N1|V5|N1+O	فعل ماضی ساده+سوم شخص مفرد|اسم|فعل کمکی|اسم + ضمیر ملکی دوم شخص مفرد	
3	را	را	را	را	Po	حرف اضافه پسین	
4	به‌کارگرفت	به کارگرفت	به‌کارگرفت	به کارگرفت	O	_
5	.	.	.	.	Si	علامت	

0	مادر	مادر	مادر	مادر	N1	اسم	
1	بی	بی|بی	بی	بی|بی	Pr|Ab	حرف اضافه|اختصارات	
2	تو	تو|تو|تو	تو	تو|تو|تو	N5|Ad|N1	ضمیر فاعلی|قید|اسم	
3	ما	ما	ما	ما	N5	ضمیر فاعلی	
4	درمانده‌ایم	درمانده|درماند|درماند|درمان	درمانده	درمانده + ایم|درماند + ه + ایم|درماند + ه + ای + م|درمان + د + ه + ایم	A0+V|V+O|V+O|V1+O+O+V	صفت + فعل اول شخص جمع|فعل ماضی نقلی+اول شخص جمع|فعل ماضی نقلی+دوم شخص مفرد|بن مضارع + د + ه + فعل اول شخص جمع	
5	.	.	.	.	Si	علامت	

0	با	با	با	با	Pr	حرف اضافه	
1	هرکه	هرکه	هرکه	هرکه	Ad	قید	
2	گشتم	گشت|گشت|گشت|گشت	گشت	گشت + م|گشت + م|گشت + م|گشت + م	V+O|V+O|N1+O|N1+V	فعل ماضی ساده+اول شخص مفرد|فعل ماضی ساده+اول شخص مفرد|اسم + ضمیر ملکی اول شخص مفرد|اسم + فعل اول شخص مفرد	
3	دیوانه	دیوانه|دیوان	دیوانه	دیوانه|دیوان + ه	A0|N1+O	صفت|اسم + ه	
4	گشتم	گشت|گشت|گشت|گشت	گشت	گشت + م|گشت + م|گشت + م|گشت + م	V+O|V+O|N1+O|N1+V	فعل ماضی ساده+اول شخص مفرد|فعل ماضی ساده+اول شخص مفرد|اسم + ضمیر ملکی اول شخص مفرد|اسم + فعل اول شخص مفرد	
5	.	.	.	.	Si	علامت	

0	حالا	حالا	حالا	حالا	Ad	قید	
1	که	که|که|که|که	که	که|که|که|که	C0|NA|N1|N1	حرف ربط|ضمیر پرسشی|اسم|اسم	
2	خوب	خوب	خوب	خوب	A0	صفت	
3	فکر	فکر	فکر	فکر	N1	اسم	
4	می‌کنم	کن|کن	کرد	می + کن + م|می + کن + م	V+O|V+O	فعل حال اخباری+اول شخص مفرد|فعل حال اخباری+اول شخص مفرد	
5	او	او|او	او	او|او	N5|Ab	ضمیر فاعلی|اختصارات	
6	پربیراه	پربیراه	پربیراه	پربیراه	A0	صفت	
7	نمی‌گفت	گفت	گفت	نمی + گفت	V+O	فعل ماضی استمراری منفی+سوم شخص مفرد	
8	.	.	.	.	Si	علامت	

0	با	با	با	با	Pr	حرف اضافه	
1	تکان	تکان|تکان|تک|تک|تک	تکان	تکان|تکان|تک + ان|تک + ان|تک + ان	V|N1|A0+O|N1+O|N1+O	فعل امر مثبت|اسم|صفت + ان|اسم + ان|اسم + ان	
2	دادن	داد	دادن	داد + ن	V2+O	بن ماضی + ن	
3	لب	لب|لب	لب	لب|لب	N1|N1	اسم|اسم	
4	لب‌کلام	لب کلام	لب‌کلام	لب کلام	O	_
5	را	را	را	را	Po	حرف اضافه پسین	
6	گفت	گفت|گفت	گفت	گفت|گفت	V+O|N1	فعل ماضی ساده+سوم شخص مفرد|اسم	
7	.	.	.	.	Si	علامت	

0	او	او|او	او	او|او	N5|Ab	ضمیر فاعلی|اختصارات	
1	را	را	را	را	Po	حرف اضافه پسین	
2	ضمیر	ضمیر	ضمیر	ضمیر	N1	اسم	
3	ناخوآگاهش	ناخوآگاهش	ناخوآگاهش	ناخوآگاهش	O	_
4	آگاهش	آگاهش	آگاه	آگاهش	O	_
5	کرد	کرد|کرد	کرد	کرد|کرد	V+O|N1	فعل ماضی ساده+سوم شخص مفرد|اسم	
6	.	.	.	.	Si	علامت	

0	او	او|او	او	او|او	N5|Ab	ضمیر فاعلی|اختصارات	
1	خود	خود|خود	خود	خود|خود	O|N1	ضمیر مشترک/متقابل|اسم	
2	کار	کار|کار	کار	کار|کار	N1|V	اسم|فعل امر مثبت	
3	خودکار	خودکار	خودکار	خودکار	A0	صفت	
4	خودکارش	خودکار	خودکار	خودکار + ش	A0+O	صفت + ضمیر ملکی سوم شخص مفرد	
5	را	را	را	را	Po	حرف اضافه پسین	
6	انجام	انجام|انجام	انجام	انجام|انجام	N1|V	اسم|فعل امر مثبت	
7	می‌داد	داد	داد	می + داد	V+O	فعل ماضی استمراری+سوم شخص مفرد	
8	.	.	.	.	Si	علامت	

0	دزد	دزد|دزد	دزد	دزد|دزد	V|A0	فعل امر مثبت|صفت	
1	به	به|به	به	به|به	Pr|N1	حرف اضافه|اسم	
2	قصد	قصد	قصد	قصد	N1	اسم	
3	دست‌برد	دستبرد	دست‌برد	دستبرد	N1	اسم	
4	به	به|به	به	به|به	Pr|N1	حرف اضافه|اسم	
5	سمت	سمت|سم|سم	سمت	سمت|سم + ت|سم + ت	N1|N1+O|N1+O	اسم|اسم + ضمیر ملکی دوم شخص مفرد|اسم + ضمیر ملکی دوم شخص مفرد	
6	کیف	کیف|کیف	کیف	کیف|کیف	N1|N1	اسم|اسم	
7	دست‌	دست|دست	دست	دست|دست	N1|N9	اسم|اسم موجود در ساختمان حرف اضافه و حرف ربط گروهی	
8	‌برد	برد|برد|بر|رد	‌برد	برد|برد|بر + د|ب + رد	V+O|N1|V+O|O+A0	فعل ماضی ساده+سوم شخص مفرد|اسم|فعل مضارع ساده+سوم شخص مفرد|ب + صفت	
9	.	.	.	.	Si	علامت	

0	روش	روش	روش	روش	N1	اسم	
1	و	و|و|و	و	و|و|و	C0|Al|Ab	حرف ربط|حروف الفبا|اختصارات	
2	سنت	سنت|سنت|سن|سن	سنت	سنت|سنت|سن + ت|سن + ت	N1|N1|N1+O|N1+O	اسم|اسم|اسم + ضمیر ملکی دوم شخص مفرد|اسم + ضمیر ملکی دوم شخص مفرد	
3	اینجا	اینجا	اینجا	اینجا	N1	اسم	
4	اینگونه	اینگونه	اینگونه	اینگونه	Ad	قید	
5	است	است|اس		است|اس + ت	V+O|N1+O	فعل مضارع ساده+سوم شخص مفرد|اسم + ضمیر ملکی دوم شخص مفرد	
6	که	که|که|که|که	که	که|که|که|که	C0|NA|N1|N1	حرف ربط|ضمیر پرسشی|اسم|اسم	
7	باید	باید	باید	باید	V4	فعل وجه نما	
8	سنت	سنت|سنت|سن|سن	سنت	سنت|سنت|سن + ت|سن + ت	N1|N1|N1+O|N1+O	اسم|اسم|اسم + ضمیر ملکی دوم شخص مفرد|اسم + ضمیر ملکی دوم شخص مفرد	
9	را	را	را	را	Po	حرف اضافه پسین	
10	بگویی	گو	گفت	ب + گو + یی	V+O	فعل حال التزامی+دوم شخص مفرد	
11	.	.	.	.	Si	علامت	

0	شاهی	شاهی|شاه|شا	شاه	شاهی|شاه + ی|شا + ه + ی	A0|N1+O|V1+O+O	صفت|اسم + ی|بن مضارع + ه + ی	
1	را	را	را	را	Po	حرف اضافه پسین	
2	دیدم	دید|دید|دید	دید	دید + م|دید + م|دید + م	V+O|N1+O|N1+V	فعل ماضی ساده+اول شخص مفرد|اسم + ضمیر ملکی اول شخص مفرد|اسم + فعل اول شخص مفرد	
3	که	که|که|که|که	که	که|که|که|که	C0|NA|N1|N1	حرف ربط|ضمیر پرسشی|اسم|اسم	
4	حتی	حتی	حتی	حتی	Ad	قید	
5	یک	یک	یک	یک	O	عدد حرفی	
6	شاهی	شاهی|شاه|شا	شاه	شاهی|شاه + ی|شا + ه + ی	A0|N1+O|V1+O+O	صفت|اسم + ی|بن مضارع + ه + ی	
7	را	را	را	را	Po	حرف اضافه پسین	
8	هم	هم|هم|هم	هم	هم|هم|هم	Ad|C0|O	قید|حرف ربط|ضمیر مشترک/متقابل	
9	هدیه	هدیه	هدیه	هدیه	N1	اسم	
10	نمی‌داد	داد	داد	نمی + داد	V+O	فعل ماضی استمراری منفی+سوم شخص مفرد	
11	.	.	.	.	Si	علامت	

0	راهم	راه|راه	راه	راه + م|راه + م	N1+O|N1+V	اسم + ضمیر ملکی اول شخص مفرد|اسم + فعل اول شخص مفرد	
1	را	را	را	را	Po	حرف اضافه پسین	
2	هم	هم|هم|هم	هم	هم|هم|هم	Ad|C0|O	قید|حرف ربط|ضمیر مشترک/متقابل	
3	بستند	بست|بست|ست	بست	بست + ند|بست + ند|ب + ست + ند	N1+V|V+O|O+N1+V	اسم + فعل سوم شخص جمع|فعل ماضی ساده+سوم شخص جمع|ب + اسم + فعل سوم شخص جمع	
4	.	.	.	.	Si	علامت	

0	تشکر	تشکر	تشکر	تشکر	N1	اسم	
1	زبانی	زبانی|زبان	زبان	زبانی|زبان + ی	A0|N1+O	صفت|اسم + ی	
2	ز	ز|ز	ز	ز|ز	Ab|Al	اختصارات|حروف الفبا	
3	بانی	بانی	بانی	بانی	N1	اسم	
4	این	این|این	این	این|این	A1|N6	صفت اشاره|ضمیر اشاره	
5	مجلس	مجلس	مجلس	مجلس	N1	اسم	
6	کافی	کافی|کاف	کافی	کافی|کاف + ی	A0|N1+O	صفت|اسم + ی	
7	نیست	نیست|است|نی	نیست	نیست|نی + است|نی + ست	N1|V+O|N1+O	اسم|فعل مضارع ساده منفی+سوم شخص مفرد|اسم + ضمیر ملکی سوم شخص مفرد	
8	.	.	.	.	Si	علامت	

0	نقاش	نقاش	نقاش	نقاش	N1	اسم	
1	بعد	بعد|بعد|بعد	بعد	بعد|بعد|بعد	A0|N1|N9	صفت|اسم|اسم موجود در ساختمان حرف اضافه و حرف ربط گروهی	
2	از	از	از	از	Pr	حرف اضافه	
3	اینکه	اینکه	اینکه	اینکه	Ad	قید	
4	یک	یک	یک	یک	O	عدد حرفی	
5	دست	دست|دست	دست	دست|دست	N1|N9	اسم|اسم موجود در ساختمان حرف اضافه و حرف ربط گروهی	
6	کشید	کشید|کش|کش	کشید	کشید|کش + ید|کش + ید	V+O|V+O|N1+V	فعل ماضی ساده+سوم شخص مفرد|فعل مضارع ساده+دوم شخص جمع|اسم + فعل دوم شخص جمع	
7	از	از	از	از	Pr	حرف اضافه	
8	کارش	کار|کار	کار	کار + ش|کار + ش	N1+O|V+O	اسم + ضمیر ملکی سوم شخص مفرد|فعل مضارع ساده+سوم شخص مفرد	
9	دست	دست|دست	دست	دست|دست	N1|N9	اسم|اسم موجود در ساختمان حرف اضافه و حرف ربط گروهی	
10	کشید	کشید|کش|کش	کشید	کشید|کش + ید|کش + ید	V+O|V+O|N1+V	فعل ماضی ساده+سوم شخص مفرد|فعل مضارع ساده+دوم شخص جمع|اسم + فعل دوم شخص جمع	
11	.	.	.	.	Si	علامت	

0	معلم	معلم|معلم	معلم	معلم|معلم	N1|N4	اسم|اسم فامیل	
1	در	در|در|در|در|در	در	در|در|در|در|در	Pr|V|N1|N1|VPr	حرف اضافه|فعل امر مثبت|اسم|اسم|پیشوند فعل	
2	کلاس	کلاس	کلاس	کلاس	N1	اسم	
3	زیست	زیست|زیست	زیست	زیست|زیست	V+O|N1	فعل ماضی ساده+سوم شخص مفرد|اسم	
4	بی‌هوا	بی‌هوا	بی‌هوا	بی‌هوا	Ad	قید	
5	گفت	گفت|گفت	گفت	گفت|گفت	V+O|N1	فعل ماضی ساده+سوم شخص مفرد|اسم	
6	بی‌	بی|بی	بی	بی|بی	Pr|Ab	حرف اضافه|اختصارات	
7	هوا	هوا	هوا	هوا	N1	اسم	
8	نمی‌توان	توان	نمی‌توان	نمی + توان	O+V4	نمی + فعل وجه نما	
9	زیست	زیست|زیست	زیست	زیست|زیست	V+O|N1	فعل ماضی ساده+سوم شخص مفرد|اسم	
10	.	.	.	.	Si	علامت	

0	تحقیقات	تحقیق	تحقیقات	تحقیق + ات	N1+Pl	اسم + علامت جمع	
1	سری	سری|سری|سر|سر|سر	سری	سری|سری|سر + ی|سر + ی|سر + ی	N1|A0|V+O|N1+O|N1+O	اسم|صفت|فعل مضارع ساده+دوم شخص مفرد|اسم + ی|اسم + ی	
2	خاطرنشان‌	خاطرنشان	خاطرنشان	خاطرنشان	A0	صفت	
3	کرده‌اند‌	کرده|کرد|کرد	کرده‌اند‌	کرده + اند|کرد + ه + اند|کرد + ه + اند	N1+V|V+O|N1+O+V	اسم + فعل سوم شخص جمع|فعل ماضی نقلی+سوم شخص جمع|اسم + ه + فعل سوم شخص جمع	
4	که	که|که|که|که	که	که|که|که|که	C0|NA|N1|N1	حرف ربط|ضمیر پرسشی|اسم|اسم	
5	موهای	مو	مو	مو + ها + ی	N1+Pl+O	اسم + علامت جمع + ی	
6	کمند	کمند|کم|کم	کمند	کمند|کم + ند|کم + ند	N1|A0+V|N1+V	اسم|صفت + فعل سوم شخص جمع|اسم + فعل سوم شخص جمع	
7	کمند	کمند|کم|کم	کمند	کمند|کم + ند|کم + ند	N1|A0+V|N1+V	اسم|صفت + فعل سوم شخص جمع|اسم + فعل سوم شخص جمع	
8	.	.	.	.	Si	علامت	

0	مار	مار	مار	مار	N1	اسم	
1	سمی	سمی|سم|سم	سم	سمی|سم + ی|سم + ی	A0|N1+O|N1+O	صفت|اسم + ی|اسم + ی	
2	سمش	سم|سم	سم	سم + ش|سم + ش	N1+O|N1+O	اسم + ضمیر ملکی سوم شخص مفرد|اسم + ضمیر ملکی سوم شخص مفرد	
3	سمی	سمی|سم|سم	سم	سمی|سم + ی|سم + ی	A0|N1+O|N1+O	صفت|اسم + ی|اسم + ی	
4	کشنده‌است	کش	کشنده‌است	کش + نده + است	V1+O+O	بن مضارع + نده + است	
5	.	.	.	.	Si	علامت	

0	گوسفند	گوسفند	گوسفند	گوسفند	N1	اسم	
1	سمش	سم|سم	سم	سم + ش|سم + ش	N1+O|N1+O	اسم + ضمیر ملکی سوم شخص مفرد|اسم + ضمیر ملکی سوم شخص مفرد	
2	را	را	را	را	Po	حرف اضافه پسین	
3	به	به|به	به	به|به	Pr|N1	حرف اضافه|اسم	
4	زمین	زمین|زم	زمین	زمین|زم + ین	N1|N1+O	اسم|اسم + ین	
5	کوبید	کوبید|کوب|کوب	کوبید	کوبید|کوب + ید|کوب + ید	V+O|V+O|N1+V	فعل ماضی ساده+سوم شخص مفرد|فعل مضارع ساده+دوم شخص جمع|اسم + فعل دوم شخص جمع	
6	.	.	.	.	Si	علامت	

0	باد	باد	باد	باد	N1	اسم	
1	ابرها	ابر|ابر	ابر	ابر + ها|ابر + ها	N1+Pl|N1+Pl	اسم + علامت جمع|اسم + علامت جمع	
2	را	را	را	را	Po	حرف اضافه پسین	
3	پراکنده	پراکنده|پراکند|پراکن	پراکنده	پراکنده|پراکند + ه|پراکن + د + ه	A0|O+O|V1+O+O	صفت|ریشه ماضی + ه|بن مضارع + د + ه	
4	ساخت	ساخت|ساخت	ساخت	ساخت|ساخت	V+O|N1	فعل ماضی ساده+سوم شخص مفرد|اسم	
5	.	.	.	.	Si	علامت	

0	ابر	ابر|ابر	ابر	ابر|ابر	N1|N1	اسم|اسم	
1	ابری	ابری|ابر|ابر	ابر	ابری|ابر + ی|ابر + ی	A0|N1+O|N1+O	صفت|اسم + ی|اسم + ی	
2	در	در|در|در|در|در	در	در|در|در|در|در	Pr|V|N1|N1|VPr	حرف اضافه|فعل امر مثبت|اسم|اسم|پیشوند فعل	
3	آسمان	اس	آسمان	اس + مان	N1+O	اسم + ضمیر ملکی اول شخص جمع	
4	سایه	سایه	سایه	سایه	N1	اسم	
5	گسترانید	گسترانید|گستران|گس	گسترانید	گسترانید|گستران + ید|گس + تر + ان + ید	V+O|V+O|A0+O+O+V	فعل ماضی ساده+سوم شخص مفرد|فعل مضارع ساده+دوم شخص جمع|صفت + علامت صفت تفضیلی + ان + فعل دوم شخص جمع	
6	.	.	.	.	Si	علامت	

0	با	با	با	با	Pr	حرف اضافه	
1	بارش	بارش|بار|بار	بارش	بارش|بار + ش|بار + ش	N1|V+O|N1+O	اسم|فعل مضارع ساده+سوم شخص مفرد|اسم + ضمیر ملکی سوم شخص مفرد	
2	باران	باران|باران|بار	باران	باران|باران|بار + ان	V|N1|N1+O	فعل امر مثبت|اسم|اسم + ان	
3	او	او|او	او	او|او	N5|Ab	ضمیر فاعلی|اختصارات	
4	هم	هم|هم|هم	هم	هم|هم|هم	Ad|C0|O	قید|حرف ربط|ضمیر مشترک/متقابل	
5	کمابیش	کمابیش|کمابی|کماب	کمابیش	کمابیش|کمابی + ش|کماب + ی + ش	Ad|N1+O|A0+O+O	قید|اسم + ضمیر ملکی سوم شخص مفرد|صفت + ی + ضمیر ملکی سوم شخص مفرد	
6	تر	تر	تر	تر	A0	صفت	
7	شد	شد	شد	شد	V+O	فعل ماضی ساده+سوم شخص مفرد	
8	.	.	.	.	Si	علامت	

0	در	در|در|در|در|در	در	در|در|در|در|در	Pr|V|N1|N1|VPr	حرف اضافه|فعل امر مثبت|اسم|اسم|پیشوند فعل	
1	انتهای	انتها	انتهای	انتها + ی	N1+O	اسم + ی	
2	مسابقه	مسابقه	مسابقه	مسابقه	N1	اسم	
3	مهره	مهره|مهر|مهر|مهر	مهره	مهره|مهر + ه|مهر + ه|مهر + ه	N1|N1+O|N1+O|N1+O	اسم|اسم + ه|اسم + ه|اسم + ه	
4	آس‌مان	اس	آس‌مان	اس + مان	N1+O	اسم + ضمیر ملکی اول شخص جمع	
5	را	را	را	را	Po	حرف اضافه پسین	
6	روکردیم	روکردیم	روکردیم	روکردیم	O	_
7	.	.	.	.	Si	علامت	

0	او	او|او	او	او|او	N5|Ab	ضمیر فاعلی|اختصارات	
1	خود	خود|خود	خود	خود|خود	O|N1	ضمیر مشترک/متقابل|اسم	
2	را	را	را	را	Po	حرف اضافه پسین	
3	سیر	سیر|سیر	سیر	سیر|سیر	A0|N1	صفت|اسم	
4	کرد	کرد|کرد	کرد	کرد|کرد	V+O|N1	فعل ماضی ساده+سوم شخص مفرد|اسم	
5	و	و|و|و	و	و|و|و	C0|Al|Ab	حرف ربط|حروف الفبا|اختصارات	
6	در	در|در|در|در|در	در	در|در|در|در|در	Pr|V|N1|N1|VPr	حرف اضافه|فعل امر مثبت|اسم|اسم|پیشوند فعل	
7	اطراف	اطراف|اطراف	اطراف	اطراف|اطراف	N1|N9	اسم|اسم موجود در ساختمان حرف اضافه و حرف ربط گروهی	
8	سیرکرد	سیرکرد	سیرکرد	سیرکرد	O	_
9	.	.	.	.	Si	علامت	

0	ادب	ادب	ادب	ادب	N1	اسم	
1	آداب	آداب	آداب	آداب	N1	اسم	
2	دارد	دار|دار	داشت	دار + د|دار + د	V+O|V5+O	فعل مضارع ساده+سوم شخص مفرد|فعل کمکی + د	
3	.	.	.	.	Si	علامت	

0	با	با	با	با	Pr	حرف اضافه	
1	دیدن	دید	دیدن	دید + ن	V2+O	بن ماضی + ن	
2	صحنه	صحنه|صحن	صحنه	صحنه|صحن + ه	N1|N1+O	اسم|اسم + ه	
3	دهانش	دهان|ده	دهان	دهان + ش|ده + ان + ش	N1+O|N1+O+O	اسم + ضمیر ملکی سوم شخص مفرد|اسم + ان + ضمیر ملکی سوم شخص مفرد	
4	باز	باز|باز|باز|باز|باز	باز	باز|باز|باز|باز|باز	V|A0|Ad|N1|VPr	فعل امر مثبت|صفت|قید|اسم|پیشوند فعل	
5	ماند	ماند|مان	ماند	ماند|مان + د	V+O|V+O	فعل ماضی ساده+سوم شخص مفرد|فعل مضارع ساده+سوم شخص مفرد	
6	چرا	چرا|چرا|چر	چرا	چرا|چرا|چر + ا	NA|N1|O+O	ضمیر پرسشی|اسم|ریشه مضارع + ا	
7	که	که|که|که|که	که	که|که|که|که	C0|NA|N1|N1	حرف ربط|ضمیر پرسشی|اسم|اسم	
8	بز	بز	بز	بز	N1	اسم	
9	رگش	رگ	رگ	رگ + ش	N1+O	اسم + ضمیر ملکی سوم شخص مفرد	
10	را	را	را	را	Po	حرف اضافه پسین	
11	زد	زد|زد|زد	زد	زد|زد|زد	V+O|N1|Ab	فعل ماضی ساده+سوم شخص مفرد|اسم|اختصارات	
12	.	.	.	.	Si	علامت	

0	خیزید	خیزید|خیز|خیز	خیزید	خیزید|خیز + ید|خیز + ید	V+O|V+O|N1+V	فعل ماضی ساده+سوم شخص مفرد|فعل مضارع ساده+دوم شخص جمع|اسم + فعل دوم شخص جمع	
1	و	و|و|و	و	و|و|و	C0|Al|Ab	حرف ربط|حروف الفبا|اختصارات	
2	خز	خز|خز	خز	خز|خز	V|N1	فعل امر مثبت|اسم	
3	آرید	آر	آرید	آر + ید	N1+V	اسم + فعل دوم شخص جمع	
4	که	که|که|که|که	که	که|که|که|که	C0|NA|N1|N1	حرف ربط|ضمیر پرسشی|اسم|اسم	
5	هنگام	هنگام|هنگام	هنگام	هنگام|هنگام	N1|N9	اسم|اسم موجود در ساختمان حرف اضافه و حرف ربط گروهی	
6	خزان	خزان|خز	خزان	خزان|خز + ان	Ad|N1+O	قید|اسم + ان	
7	است	است|اس		است|اس + ت	V+O|N1+O	فعل مضارع ساده+سوم شخص مفرد|اسم + ضمیر ملکی دوم شخص مفرد	
8	باد	باد	باد	باد	N1	اسم	
9	خنک	خنک	خنک	خنک	A0	صفت	
10	از	از	از	از	Pr	حرف اضافه	
11	جانب	جانب|جانب	جانب	جانب|جانب	N1|N9	اسم|اسم موجود در ساختمان حرف اضافه و حرف ربط گروهی	
12	خوارزم	خوارزم	خوارزم	خوارزم	N2	اسم خاص مکان	
13	وزان	وزان	وزان	وزان	Ad	قید	
14	است	است|اس		است|اس + ت	V+O|N1+O	فعل مضارع ساده+سوم شخص مفرد|اسم + ضمیر ملکی دوم شخص مفرد	
15	.	.	.	.	Si	علامت	

0	نیایش	نیایش|نیا|آی	نیایش	نیایش|نیا + ی + ش|نی + آی + ی + ش	N1|N1+O|V+O	اسم|اسم + ضمیر ملکی سوم شخص مفرد|فعل حال التزامی منفی+دوم شخص مفرد	
1	به	به|به	به	به|به	Pr|N1	حرف اضافه|اسم	
2	همراه	همراه|راه	همراه	همراه|هم + راه	A0|O+N1	صفت|هم + اسم	
3	نیایش	نیایش|نیا|آی	نیایش	نیایش|نیا + ی + ش|نی + آی + ی + ش	N1|N1+O|V+O	اسم|اسم + ضمیر ملکی سوم شخص مفرد|فعل حال التزامی منفی+دوم شخص مفرد	
4	در	در|در|در|در|در	در	در|در|در|در|در	Pr|V|N1|N1|VPr	حرف اضافه|فعل امر مثبت|اسم|اسم|پیشوند فعل	
5	مراسم	مراسم	مراسم	مراسم	N1	اسم	
6	شرکت	شرکت|شرک|شر|شر	شرکت	شرکت|شرک + ت|شر + ک + ت|شر + ک + ت	N1|N1+O|A0+O+O|N1+O+O	اسم|اسم + ضمیر ملکی دوم شخص مفرد|صفت + ک + ضمیر ملکی دوم شخص مفرد|اسم + ک + ضمیر ملکی دوم شخص مفرد	
7	کرد	کرد|کرد	کرد	کرد|کرد	V+O|N1	فعل ماضی ساده+سوم شخص مفرد|اسم	
8	.	.	.	.	Si	علامت	

0	آرایشگر	آرایشگر|آرایش|آرای	آرایشگر	آرایشگر|آرایش + گر|آرای + ش + گر	N1|N1+O|N1+O+O	اسم|اسم + گر|اسم + ضمیر ملکی سوم شخص مفرد + گر	
1	گفت	گفت|گفت	گفت	گفت|گفت	V+O|N1	فعل ماضی ساده+سوم شخص مفرد|اسم	
2	تنها	تنها|تن|تن	تنها	تنها|تن + ها|تن + ها	A0|N1+Pl|N1+Pl	صفت|اسم + علامت جمع|اسم + علامت جمع	
3	فرق	فرقه|فرق	فرق	فرقه|فرق	O|N1	اسم مفرد جمع مکسر|اسم	
4	سر	سر|سر|سر|سر	سر	سر|سر|سر|سر	V|N1|N1|N9	فعل امر مثبت|اسم|اسم|اسم موجود در ساختمان حرف اضافه و حرف ربط گروهی	
5	او	او|او	او	او|او	N5|Ab	ضمیر فاعلی|اختصارات	
6	با	با	با	با	Pr	حرف اضافه	
7	من	من	من	من	N5	ضمیر فاعلی	
8	در	در|در|در|در|در	در	در|در|در|در|در	Pr|V|N1|N1|VPr	حرف اضافه|فعل امر مثبت|اسم|اسم|پیشوند فعل	
9	داشتن	داشت	داشتن	داشت + ن	V2+O	بن ماضی + ن	
10	فرق‌سر	فرق سر	فرق‌سر	فرق سر	O	_
11	است	است|اس		است|اس + ت	V+O|N1+O	فعل مضارع ساده+سوم شخص مفرد|اسم + ضمیر ملکی دوم شخص مفرد	
12	.	.	.	.	Si	علامت	

0	کاچی	کاچی|کاچ	کاچی	کاچی|کاچ	N1|N1	اسم|اسم	
1	به	به|به	به	به|به	Pr|N1	حرف اضافه|اسم	
2	از	از	از	از	Pr	حرف اضافه	
3	هیچی	هیچی|هی	هیچ	هیچی|هی + چی	N1|Ad+O	اسم|قید + چی	
4	.	.	.	.	Si	علامت	

0	تاکسی	تاکسی	تاکسی	تاکسی	N1	اسم	
1	تاکسی	تاکسی	تاکسی	تاکسی	N1	اسم	
2	تاکسی	تاکسی	تاکسی	تاکسی	N1	اسم	
3	نخواست	خواست	خواست	ن + خواست	V+O	فعل ماضی ساده منفی+سوم شخص مفرد	
4	نایست	ایست|نای	ایستاد	ن + ایست|نای + ست	V|N1+O	فعل امر منفی|اسم + ضمیر ملکی سوم شخص مفرد	
5	.	.	.	.	Si	علامت	

0	او	او|او	او	او|او	N5|Ab	ضمیر فاعلی|اختصارات	
1	بروروی	برورو	بروروی	برورو + ی	N1+O	اسم + ی	
2	زیبایی	زیبایی|زیبا|زیب	زیبایی	زیبایی|زیبا + یی|زیب + ا + یی	N1|A0+O|O+O+O	اسم|صفت + یی|ریشه مضارع + ا + یی	
3	داشت	داشت|داشت|داشت|داش	داشت	داشت|داشت|داشت|داش + ت	V+O|N1|V5|N1+O	فعل ماضی ساده+سوم شخص مفرد|اسم|فعل کمکی|اسم + ضمیر ملکی دوم شخص مفرد	
4	.	.	.	.	Si	علامت	

0	و	و|و|و	و	و|و|و	C0|Al|Ab	حرف ربط|حروف الفبا|اختصارات	
1	ندا	ندا	ندا	ندا	N1	اسم	
2	دم	دم|دم|دم	دم	دم|دم|دم	V|N1|N1	فعل امر مثبت|اسم|اسم	
3	در	در|در|در|در|در	در	در|در|در|در|در	Pr|V|N1|N1|VPr	حرف اضافه|فعل امر مثبت|اسم|اسم|پیشوند فعل	
4	راهی‌بود	راهی بود	راهی‌بود	راهی بود	O	_
5	.	.	.	.	Si	علامت	

0	لب	لب|لب	لب	لب|لب	N1|N1	اسم|اسم	
1	و	و|و|و	و	و|و|و	C0|Al|Ab	حرف ربط|حروف الفبا|اختصارات	
2	دهنش	دهن	دهنش	دهن + ش	N1+O	اسم + ضمیر ملکی سوم شخص مفرد	
3	را	را	را	را	Po	حرف اضافه پسین	
4	سرخ	سرخ	سرخ	سرخ	A0	صفت	
5	کرد	کرد|کرد	کرد	کرد|کرد	V+O|N1	فعل ماضی ساده+سوم شخص مفرد|اسم	
6	.	.	.	.	Si	علامت	

0	سرما	سرما|سرما	سرما	سرما|سرما	V|N1	فعل امر مثبت|اسم	
1	سرمایی	سرمایی|سرما	سرما	سرمایی|سرما + یی	A0|N1+O	صفت|اسم + یی	
2	که	که|که|که|که	که	که|که|که|که	C0|NA|N1|N1	حرف ربط|ضمیر پرسشی|اسم|اسم	
3	بالای	بالا|بال|لای|لا	بالا	بالا + ی|بال + ا + ی|با + لای|با + لا + ی	A0+O|O+O+O|O+N1|O+A0+O	صفت + ی|ریشه مضارع + ا + ی|با + اسم|با + صفت + ی	
4	سر	سر|سر|سر|سر	سر	سر|سر|سر|سر	V|N1|N1|N9	فعل امر مثبت|اسم|اسم|اسم موجود در ساختمان حرف اضافه و حرف ربط گروهی	
5	ما	ما	ما	ما	N5	ضمیر فاعلی	
6	بود	بود|بود|بود|بو|ود	بود	بود|بود|بود|بو + د|ب + ود	V+O|N1|V+O|V+O|O+N1	فعل ماضی ساده+سوم شخص مفرد|اسم|فعل ماضی ساده+سوم شخص مفرد|فعل مضارع ساده+سوم شخص مفرد|ب + اسم	
7	را	را	را	را	Po	حرف اضافه پسین	
8	سرد	سرد|سر	سرد	سرد|سر + د	A0|V+O	صفت|فعل مضارع ساده+سوم شخص مفرد	
9	کرد	کرد|کرد	کرد	کرد|کرد	V+O|N1	فعل ماضی ساده+سوم شخص مفرد|اسم	
10	.	.	.	.	Si	علامت	

0	سرما	سرما|سرما	سرما	سرما|سرما	V|N1	فعل امر مثبت|اسم	
1	سر	سر|سر|سر|سر	سر	سر|سر|سر|سر	V|N1|N1|N9	فعل امر مثبت|اسم|اسم|اسم موجود در ساختمان حرف اضافه و حرف ربط گروهی	
2	ما	ما	ما	ما	N5	ضمیر فاعلی	
3	را	را	را	را	Po	حرف اضافه پسین	
4	سر	سر|سر|سر|سر	سر	سر|سر|سر|سر	V|N1|N1|N9	فعل امر مثبت|اسم|اسم|اسم موجود در ساختمان حرف اضافه و حرف ربط گروهی	
5	کرد	کرد|کرد	کرد	کرد|کرد	V+O|N1	فعل ماضی ساده+سوم شخص مفرد|اسم	
6	.	.	.	.	Si	علامت	

0	سردردش	سردرد|سر|سر|سر	سردرد	سردرد + ش|سر + درد + ش|سر + درد + ش|سر + درد + ش	N1+O|V1+O+O|N1+O+O|N1+O+O	اسم + ضمیر ملکی سوم شخص مفرد|بن مضارع + درد + ضمیر ملکی سوم شخص مفرد|اسم + درد + ضمیر ملکی سوم شخص مفرد|اسم + درد + ضمیر ملکی سوم شخص مفرد	
1	او	او|او	او	او|او	N5|Ab	ضمیر فاعلی|اختصارات	
2	به	به|به	به	به|به	Pr|N1	حرف اضافه|اسم	
3	دردسر	دردسر	دردسر	دردسر	N1	اسم	
4	انداخت	انداخت	انداخت	انداخت	V+O	فعل ماضی ساده+سوم شخص مفرد	
5	.	.	.	.	Si	علامت	

0	ز	ز|ز	ز	ز|ز	Ab|Al	اختصارات|حروف الفبا	
1	هر	هر	هر	هر	A1	صفت اشاره	
2	روی	روی|روی|رو|رو	روی	روی|روی|رو + ی|رو + ی	Pr1|N1|N1+O|V+O	حرف اضافه گروهی|اسم|اسم + ی|فعل مضارع ساده+دوم شخص مفرد	
3	کار	کار|کار	کار	کار|کار	N1|V	اسم|فعل امر مثبت	
4	او	او|او	او	او|او	N5|Ab	ضمیر فاعلی|اختصارات	
5	نادرست	نادرست|درست|نادر|درس|در|در	نادرست	نادرست|نا + درست|نادر + ست|نا + درس + ت|نا + در + ست|نا + در + ست	A0|O+A0|A0+O|O+N1+O|O+N1+O|O+N1+O	صفت|نا + صفت|صفت + ضمیر ملکی سوم شخص مفرد|نا + اسم + ضمیر ملکی دوم شخص مفرد|نا + اسم + ضمیر ملکی سوم شخص مفرد|نا + اسم + ضمیر ملکی سوم شخص مفرد	
6	بود	بود|بود|بود|بو|ود	بود	بود|بود|بود|بو + د|ب + ود	V+O|N1|V+O|V+O|O+N1	فعل ماضی ساده+سوم شخص مفرد|اسم|فعل ماضی ساده+سوم شخص مفرد|فعل مضارع ساده+سوم شخص مفرد|ب + اسم	
7	.	.	.	.	Si	علامت	

0	او	او|او	او	او|او	N5|Ab	ضمیر فاعلی|اختصارات	
1	از	از	از	از	Pr	حرف اضافه	
2	سر	سر|سر|سر|سر	سر	سر|سر|سر|سر	V|N1|N1|N9	فعل امر مثبت|اسم|اسم|اسم موجود در ساختمان حرف اضافه و حرف ربط گروهی	
3	که	که|که|که|که	که	که|که|که|که	C0|NA|N1|N1	حرف ربط|ضمیر پرسشی|اسم|اسم	
4	هیچ	هیچ	هیچ	هیچ	A1	صفت اشاره	
5	شانسی	شانسی|شانس	شانس	شانسی|شانس + ی	Ad|N1+O	قید|اسم + ی	
6	نیاورد	آورد|آور	آورد	نی + آورد|نی + آور + د	V+O|V+O	فعل ماضی ساده منفی+سوم شخص مفرد|فعل حال التزامی منفی+سوم شخص مفرد	
7	.	.	.	.	Si	علامت	

0	میزبان	میزبان|میز	میزبان	میزبان|میز + بان	N1|N1+O	اسم|اسم + بان	
1	گفت	گفت|گفت	گفت	گفت|گفت	V+O|N1	فعل ماضی ساده+سوم شخص مفرد|اسم	
2	قدمتان	قدم|قدم	قدم	قدم + تان|قدم + تان	N1+O|N1+O	اسم + ضمیر ملکی دوم شخص جمع|اسم + ضمیر ملکی دوم شخص جمع	
3	میمون	میمون|میم	میمون	میمون|میم + ون	N1|N1+Pl	اسم|اسم + علامت جمع	
4	و	و|و|و	و	و|و|و	C0|Al|Ab	حرف ربط|حروف الفبا|اختصارات	
5	مبارک‌پی	مبارک پی	مبارک‌پی	مبارک پی	O	_
6	است	است|اس		است|اس + ت	V+O|N1+O	فعل مضارع ساده+سوم شخص مفرد|اسم + ضمیر ملکی دوم شخص مفرد	
7	.	.	.	.	Si	علامت	

0	او	او|او	او	او|او	N5|Ab	ضمیر فاعلی|اختصارات	
1	لکنت	لکنت	لکنت	لکنت	N1	اسم	
2	شدیدی	شدید	شدید	شدید + ی	A0+O	صفت + ی	
3	داشت	داشت|داشت|داشت|داش	داشت	داشت|داشت|داشت|داش + ت	V+O|N1|V5|N1+O	فعل ماضی ساده+سوم شخص مفرد|اسم|فعل کمکی|اسم + ضمیر ملکی دوم شخص مفرد	
4	و	و|و|و	و	و|و|و	C0|Al|Ab	حرف ربط|حروف الفبا|اختصارات	
5	همیشه	همیشه	همیشه	همیشه	Ad	قید	
6	من‌و‌من	من و من	من‌و‌من	من و من	O	_
7	می‌کرد	کرد	کرد	می + کرد	V+O	فعل ماضی استمراری+سوم شخص مفرد	
8	و	و|و|و	و	و|و|و	C0|Al|Ab	حرف ربط|حروف الفبا|اختصارات	
9	به	به|به	به	به|به	Pr|N1	حرف اضافه|اسم	
10	تت‌وپت	تت وپت	تت‌وپت	تت وپت	O	_
11	می‌افتاد	افتاد	افتاد	می + افتاد	V+O	فعل ماضی استمراری+سوم شخص مفرد	
12	.	.	.	.	Si	علامت	

0	چونین	چون	چونین	چون	O	_
1	بود	بود|بود|بود|بو|ود	بود	بود|بود|بود|بو + د|ب + ود	V+O|N1|V+O|V+O|O+N1	فعل ماضی ساده+سوم شخص مفرد|اسم|فعل ماضی ساده+سوم شخص مفرد|فعل مضارع ساده+سوم شخص مفرد|ب + اسم	
2	که	که|که|که|که	که	که|که|که|که	C0|NA|N1|N1	حرف ربط|ضمیر پرسشی|اسم|اسم	
3	دیگر	دیگر|دیگر|دی	دیگر	دیگر|دیگر|دی + گر	Ad|A2|N1+O	قید|صفت مبهم|اسم + گر	
4	کسی	کسی|کس	کس	کسی|کس + ی	A2|N1+O	صفت مبهم|اسم + ی	
5	احترامش	احترام	احترام	احترام + ش	N1+O	اسم + ضمیر ملکی سوم شخص مفرد	
6	نمی‌کرد	کرد	کرد	نمی + کرد	V+O	فعل ماضی استمراری منفی+سوم شخص مفرد	
7	.	.	.	.	Si	علامت	

0	او	او|او	او	او|او	N5|Ab	ضمیر فاعلی|اختصارات	
1	مشتاق	مشتاق	مشتاق	مشتاق	A0	صفت	
2	گفت‌وشنود	گفت‌وشنود	گفت‌وشنود	گفت‌وشنود	N1	اسم	
3	بین	بین|بین|بین|ین	بین	بین|بین|بین|ب + ین	V|A0|N9|O+N1	فعل امر مثبت|صفت|اسم موجود در ساختمان حرف اضافه و حرف ربط گروهی|ب + اسم	
4	ما	ما	ما	ما	N5	ضمیر فاعلی	
5	بود	بود|بود|بود|بو|ود	بود	بود|بود|بود|بو + د|ب + ود	V+O|N1|V+O|V+O|O+N1	فعل ماضی ساده+سوم شخص مفرد|اسم|فعل ماضی ساده+سوم شخص مفرد|فعل مضارع ساده+سوم شخص مفرد|ب + اسم	
6	.	.	.	.	Si	علامت	

0	روان‌شناس	روان‌شناس|روان	روان‌شناس	روان‌شناس|روان + شناس	N1|A0+O	اسم|صفت + شناس	
1	علت	علت|علت	علت	علت|علت	N1|N9	اسم|اسم موجود در ساختمان حرف اضافه و حرف ربط گروهی	
2	خواب‌گفت‌های	خواب گفت های	خواب‌گفت‌های	خواب گفت های	O	_
3	شبانه	شبانه|شبان|شب	شبانه	شبانه|شبان + ه|شب + ان + ه	A0|N1+O|N1+O+O	صفت|اسم + ه|اسم + ان + ه	
4	او	او|او	او	او|او	N5|Ab	ضمیر فاعلی|اختصارات	
5	را	را	را	را	Po	حرف اضافه پسین	
6	کشف	کشف|کشف	کشف	کشف|کشف	N1|N1	اسم|اسم	
7	کرد	کرد|کرد	کرد	کرد|کرد	V+O|N1	فعل ماضی ساده+سوم شخص مفرد|اسم	
8	.	.	.	.	Si	علامت	

0	شعبه	شعبه|شعب	شعبه	شعبه|شعب + ه	N1|N1+O	اسم|اسم + ه	
1	باز	باز|باز|باز|باز|باز	باز	باز|باز|باز|باز|باز	V|A0|Ad|N1|VPr	فعل امر مثبت|صفت|قید|اسم|پیشوند فعل	
2	با	با	با	با	Pr	حرف اضافه	
3	سیاه‌بازی	سیاه‌بازی|سیاه	سیاه‌بازی	سیاه‌بازی|سیاه + باز + ی	N1|A0+O+O	اسم|صفت + باز + ی	
4	خاصی	خاص	خاص	خاص + ی	A0+O	صفت + ی	
5	تمام	تمام|تمام	تمام	تمام|تمام	A0|N9	صفت|اسم موجود در ساختمان حرف اضافه و حرف ربط گروهی	
6	حاضران	حاضر|حاضر	حاضر	حاضر + ان|حاضر + ان	N1+O|A0+O	اسم + ان|صفت + ان	
7	را	را	را	را	Po	حرف اضافه پسین	
8	فریب	فریب|فریب	فریب	فریب|فریب	V|N1	فعل امر مثبت|اسم	
9	داد	داد|داد	داد	داد|داد	V+O|N1	فعل ماضی ساده+سوم شخص مفرد|اسم	
10	.	.	.	.	Si	علامت	

0	صورتش	صورت	صورت	صورت + ش	N1+O	اسم + ضمیر ملکی سوم شخص مفرد	
1	در	در|در|در|در|در	در	در|در|در|در|در	Pr|V|N1|N1|VPr	حرف اضافه|فعل امر مثبت|اسم|اسم|پیشوند فعل	
2	تاریکی	تاریکی|تاریک|تاری	تاریکی	تاریکی|تاریک + ی|تاری + ک + ی	N1|A0+O|N1+O+O	اسم|صفت + ی|اسم + ک + ی	
3	سیاه	سیاه|سیا	سیاه	سیاه|سیا + ه	A0|N1+O	صفت|اسم + ه	
4	و	و|و|و	و	و|و|و	C0|Al|Ab	حرف ربط|حروف الفبا|اختصارات	
5	اغبر	اغبر	اغبر	اغبر	O	_
6	دیده‌می‌شد	دید	دیده‌می‌شد	دید + ه + می + شد	V+O	فعل مجهول ماضی استمراری+سوم شخص مفرد	
7	.	.	.	.	Si	علامت	

0	آنقدر	آن‌قدر	آنقدر	آن‌قدر	Ad	قید	
1	تلاش	تلاش	تلاش	تلاش	N1	اسم	
2	کرد	کرد|کرد	کرد	کرد|کرد	V+O|N1	فعل ماضی ساده+سوم شخص مفرد|اسم	
3	تا	تا|تا|تا	تا	تا|تا|تا	Pr|C0|Ab	حرف اضافه|حرف ربط|اختصارات	
4	دوستش	دوست	دوست	دوست + ش	N1+O	اسم + ضمیر ملکی سوم شخص مفرد	
5	ترش‌رویش	ترش‌رو	ترش‌رو	ترش‌رو + ی + ش	A0+O+O	صفت + ی + ضمیر ملکی سوم شخص مفرد	
6	بالاخره	بالاخره	بالاخره	بالاخره	Ad	قید	
7	به‌خنده‌افتاد	به خنده افتاد	به‌خنده‌افتاد	به خنده افتاد	O	_
8	.	.	.	.	Si	علامت	

0	من	من	من	من	N5	ضمیر فاعلی	
1	چو	چو	چو	چو	N1	اسم	
2	لب	لب|لب	لب	لب|لب	N1|N1	اسم|اسم	
3	ژاله	ژاله	ژاله	ژاله	N3	اسم خاص اشخاص	
4	شدم	شد	شد	شد + م	V+O	فعل ماضی ساده+اول شخص مفرد	
5	خنده‌ناک	خنده|خند	خنده‌ناک	خنده + ناک|خند + ه + ناک	N1+O|V1+O+O	اسم + ناک|بن مضارع + ه + ناک	
6	،	،	،	،	Si	علامت	
7	جامه	جامه|جام	جامه	جامه|جام + ه	N1|N1+O	اسم|اسم + ه	
8	به	به|به	به	به|به	Pr|N1	حرف اضافه|اسم	
9	صد	صد	صد	صد	O	عدد حرفی	
10	جای	جای|جا	جای	جای|جا + ی	N1|N1+O	اسم|اسم + ی	
11	چو	چو	چو	چو	N1	اسم	
12	گل	گل|گل|گل	گل	گل|گل|گل	N1|N1|N1	اسم|اسم|اسم	
13	کرده	کرده|کرد|کرد	کرده	کرده|کرد + ه|کرد + ه	N1|O+O|N1+O	اسم|ریشه ماضی + ه|اسم + ه	
14	چاک	چاک	چاک	چاک	N1	اسم	
15	.	.	.	.	Si	علامت	

0	لشکر	لشکر	لشکر	لشکر	N1	اسم	
1	دشمن	دشمن	دشمن	دشمن	A0	صفت	
2	ما	ما	ما	ما	N5	ضمیر فاعلی	
3	را	را	را	را	Po	حرف اضافه پسین	
4	به	به|به	به	به|به	Pr|N1	حرف اضافه|اسم	
5	انهزام	انهزام	انهزام	انهزام	O	_
6	واداشت	واداشت	واداشت	واداشت	V+O	فعل ماضی ساده+سوم شخص مفرد	
7	.	.	.	.	Si	علامت	

0	از	از	از	از	Pr	حرف اضافه	
1	وقتی‌	وقتی|وقت	وقتی‌	وقتی|وقت + ی	Ad|N1+O	قید|اسم + ی	
2	که	که|که|که|که	که	که|که|که|که	C0|NA|N1|N1	حرف ربط|ضمیر پرسشی|اسم|اسم	
3	او	او|او	او	او|او	N5|Ab	ضمیر فاعلی|اختصارات	
4	را	را	را	را	Po	حرف اضافه پسین	
5	دید	دید|دید	دید	دید|دید	V+O|N1	فعل ماضی ساده+سوم شخص مفرد|اسم	
6	شیدا	شیدا	شیدا	شیدا	A0	صفت	
7	شد	شد	شد	شد	V+O	فعل ماضی ساده+سوم شخص مفرد	
8	.	.	.	.	Si	علامت	

0	کسی	کسی|کس	کس	کسی|کس + ی	A2|N1+O	صفت مبهم|اسم + ی	
1	کاندر	کاندر	کاندر	کاندر	C1	حرف ربط گروهی	
2	آب	اب	آب	اب	N1	اسم	
3	است	است|اس		است|اس + ت	V+O|N1+O	فعل مضارع ساده+سوم شخص مفرد|اسم + ضمیر ملکی دوم شخص مفرد	
4	و	و|و|و	و	و|و|و	C0|Al|Ab	حرف ربط|حروف الفبا|اختصارات	
5	آب	اب	آب	اب	N1	اسم	
6	آشناست	آشنا	آشناست	آشنا	O	_
7	از	از	از	از	Pr	حرف اضافه	
8	آب‌	اب	آب	اب	N1	اسم	
9	‌ار	ار	‌ار	ار	O	_
10	چو	چو	چو	چو	N1	اسم	
11	آتش	آتش	آتش	آتش	N1	اسم	
12	بترسد	ترس	ترسید	ب + ترس + د	V+O	فعل حال التزامی+سوم شخص مفرد	
13	رواست	روا|رو	رواست	روا + ست|رو + ا + ست	A0+O|O+O+O	صفت + ضمیر ملکی سوم شخص مفرد|ریشه مضارع + ا + ضمیر ملکی سوم شخص مفرد	
14	.	.	.	.	Si	علامت	

0	آب	اب	آب	اب	N1	اسم	
1	دریا	دریا	دریا	دریا	N1	اسم	
2	شور	شور|شور	شور	شور|شور	V|A0	فعل امر مثبت|صفت	
3	بود	بود|بود|بود|بو|ود	بود	بود|بود|بود|بو + د|ب + ود	V+O|N1|V+O|V+O|O+N1	فعل ماضی ساده+سوم شخص مفرد|اسم|فعل ماضی ساده+سوم شخص مفرد|فعل مضارع ساده+سوم شخص مفرد|ب + اسم	
4	و	و|و|و	و	و|و|و	C0|Al|Ab	حرف ربط|حروف الفبا|اختصارات	
5	او	او|او	او	او|او	N5|Ab	ضمیر فاعلی|اختصارات	
6	ناچار	ناچار|چار	ناچار	ناچار|نا + چار	A0|O+N1	صفت|نا + اسم	
7	شد	شد	شد	شد	V+O	فعل ماضی ساده+سوم شخص مفرد	
8	آن	ان	آن	ان	Ab	اختصارات	
9	را	را	را	را	Po	حرف اضافه پسین	
10	بجوشاند	جوشاند|جوشان|جوش|جو	بجوشاند	ب + جوشاند|ب + جوشان + د|ب + جوش + ان + د|ب + جو + شان + د	V+O|V+O|O+V1+O+O|O+V1+O+O	فعل ماضی التزامی+سوم شخص مفرد|فعل حال التزامی+سوم شخص مفرد|ب + بن مضارع + ان + د|ب + بن مضارع + ضمیر ملکی سوم شخص جمع + د	
11	تا	تا|تا|تا	تا	تا|تا|تا	Pr|C0|Ab	حرف اضافه|حرف ربط|اختصارات	
12	آب‌مقطر	آب مقطر	آب‌مقطر	آب مقطر	O	_
13	درست	درست|درس	درست	درست|درس + ت	A0|N1+O	صفت|اسم + ضمیر ملکی دوم شخص مفرد	
14	کند	کند|کن|کن	کند	کند|کن + د|کن + د	A0|V+O|V+O	صفت|فعل مضارع ساده+سوم شخص مفرد|فعل مضارع ساده+سوم شخص مفرد	
15	.	.	.	.	Si	علامت	

0	پدرش	پدر	پدر	پدر + ش	N1+O	اسم + ضمیر ملکی سوم شخص مفرد	
1	برایش	برای|رایش	برایش	برای + ش|ب + رایش	Pr+O|O+N1	حرف اضافه + ضمیر ملکی سوم شخص مفرد|ب + اسم	
2	آستین‌بالازد	آستین بالازد	آستین‌بالازد	آستین بالازد	O	_
3	.	.	.	.	Si	علامت	

0	مراسم	مراسم	مراسم	مراسم	N1	اسم	
1	جشن	جشن	جشن	جشن	N1	اسم	
2	در	در|در|در|در|در	در	در|در|در|در|در	Pr|V|N1|N1|VPr	حرف اضافه|فعل امر مثبت|اسم|اسم|پیشوند فعل	
3	سالن	سالن	سالن	سالن	N1	اسم	
4	آمفی‌تأتر	آمفی تاتر	آمفی‌تأتر	آمفی تاتر	O	_
5	دانشکده	دانشکده|دانش|دان	دانشکده	دانشکده|دانش + کده|دان + ش + کده	N1|N1+O|V1+O+O	اسم|اسم + کده|بن مضارع + ش + کده	
6	برگزار	برگزار|برگ	برگزار	برگزار|برگ + زار	A0|N1+O	صفت|اسم + زار	
7	شد	شد	شد	شد	V+O	فعل ماضی ساده+سوم شخص مفرد	
8	.	.	.	.	Si	علامت	

0	بالاخانه‌ها	بالاخانه|بالا|بال|بال	بالاخانه	بالاخانه + ها|بالا + خانه + ها|بال + ا + خانه + ها|بال + ا + خانه + ها	N1+Pl|A0+O+Pl|O+O+O+Pl|N1+O+O+Pl	اسم + علامت جمع|صفت + خانه + علامت جمع|ریشه مضارع + ا + خانه + علامت جمع|اسم + ا + خانه + علامت جمع	
1	را	را	را	را	Po	حرف اضافه پسین	
2	معمولاً	معمولاً	معمولا	معمولاً	Ad	قید	
3	برای	برای|برا|بر	برای	برای|برا + ی|بر + ا + ی	Pr|A0+O|O+O+O	حرف اضافه|صفت + ی|ریشه مضارع + ا + ی	
4	دراویش	دراویش	دراویش	دراویش	N1	اسم	
5	و	و|و|و	و	و|و|و	C0|Al|Ab	حرف ربط|حروف الفبا|اختصارات	
6	پیرمرادها	پیرمراد	پیرمراد	پیرمراد	O	_
7	و	و|و|و	و	و|و|و	C0|Al|Ab	حرف ربط|حروف الفبا|اختصارات	
8	بصورت	صورت|صور	بصورت	ب + صورت|ب + صور + ت	O+N1|O+N1+O	ب + اسم|ب + اسم + ضمیر ملکی دوم شخص مفرد	
9	نذر	نذر	نذر	نذر	N1	اسم	
10	جهت	جهت|جهت|جه|جه	جهت	جهت|جهت|جه + ت|جه + ت	N1|N9|V+O|N1+O	اسم|اسم موجود در ساختمان حرف اضافه و حرف ربط گروهی|فعل مضارع ساده+سوم شخص مفرد|اسم + ضمیر ملکی دوم شخص مفرد	
11	فقرا	فقرا	فقرا	فقرا	N1	اسم	
12	و	و|و|و	و	و|و|و	C0|Al|Ab	حرف ربط|حروف الفبا|اختصارات	
13	مانند	مانند|مانند|مان|مان	مانند	مانند|مانند|مان + ند|مان + ند	N1|N9|V+O|N1+V	اسم|اسم موجود در ساختمان حرف اضافه و حرف ربط گروهی|فعل مضارع ساده+سوم شخص جمع|اسم + فعل سوم شخص جمع	
14	آن	ان	آن	ان	Ab	اختصارات	
15	می‌ساختند	ساخت	ساخت	می + ساخت + ند	V+O	فعل ماضی استمراری+سوم شخص جمع	
16	.	.	.	.	Si	علامت	

0	علت	علت|علت	علت	علت|علت	N1|N9	اسم|اسم موجود در ساختمان حرف اضافه و حرف ربط گروهی	
1	این	این|این	این	این|این	A1|N6	صفت اشاره|ضمیر اشاره	
2	همه	همه|همه	همه	همه|همه	N1|A2	اسم|صفت مبهم	
3	پابه‌پا	پابه‌پا	پابه‌پا	پابه‌پا	N1	اسم	
4	کردنش	کرد	کردن	کرد + ن + ش	V2+O+O	بن ماضی + ن + مضاف الیه سوم شخص مفرد	
5	را	را	را	را	Po	حرف اضافه پسین	
6	نفهمیدم	فهمید|فهم	فهمید	ن + فهمید + م|ن + فهم + ید + م	V+O|V+O	فعل ماضی ساده منفی+اول شخص مفرد|فعل حال التزامی منفی+دوم شخص جمع	
7	.	.	.	.	Si	علامت	

0	او	او|او	او	او|او	N5|Ab	ضمیر فاعلی|اختصارات	
1	ما	ما	ما	ما	N5	ضمیر فاعلی	
2	را	را	را	را	Po	حرف اضافه پسین	
3	پادرهوا	پادرهوا	پادرهوا	پادرهوا	A0	صفت	
4	رها	رها|رها|ره	رها	رها|رها|ره + ا	V|A0|O+O	فعل امر مثبت|صفت|ریشه مضارع + ا	
5	کرد	کرد|کرد	کرد	کرد|کرد	V+O|N1	فعل ماضی ساده+سوم شخص مفرد|اسم	
6	و	و|و|و	و	و|و|و	C0|Al|Ab	حرف ربط|حروف الفبا|اختصارات	
7	رفت	رفت|رفت|رف	رفت	رفت|رفت|رف + ت	V+O|V+O|N1+O	فعل ماضی ساده+سوم شخص مفرد|فعل ماضی ساده+سوم شخص مفرد|اسم + ضمیر ملکی دوم شخص مفرد	
8	.	.	.	.	Si	علامت	

0	ماجراجویی	ماجراجویی|ماجراجو|ماجرا	ماجراجویی	ماجراجویی|ماجراجو + یی|ماجرا + جو + یی	N1|A0+O|N1+O+O	اسم|صفت + یی|اسم + جو + یی	
1	و	و|و|و	و	و|و|و	C0|Al|Ab	حرف ربط|حروف الفبا|اختصارات	
2	پرشروشور	پرشروشور	پرشروشور	پرشروشور	A0	صفت	
3	بودن	بود|بود|بو	بودن	بود + ن|بود + ن|بو + د + ن	V2+O|V3+O|V1+O+O	بن ماضی + ن|فعل اسنادی + ن|بن مضارع + د + ن	
4	کوری	کوری|کور|کور	کور	کوری|کور + ی|کور + ی	N1|N1+O|N1+O	اسم|اسم + ی|اسم + ی	
5	مقابل	مقابل|مقابل	مقابل	مقابل|مقابل	A0|N9	صفت|اسم موجود در ساختمان حرف اضافه و حرف ربط گروهی	
6	آرامش	آرامش|آرام	آرامش	آرامش|آرام + ش	N1|A0+O	اسم|صفت + ضمیر ملکی سوم شخص مفرد	
7	و	و|و|و	و	و|و|و	C0|Al|Ab	حرف ربط|حروف الفبا|اختصارات	
8	خونسردی	خون‌سردی|خون‌سرد	خونسرد	خون‌سردی|خون‌سرد + ی	N1|A0+O	اسم|صفت + ی	
9	پل	پل	پل	پل	N1	اسم	
10	(	(	(	(	Si	علامت	
11	که	که|که|که|که	که	که|که|که|که	C0|NA|N1|N1	حرف ربط|ضمیر پرسشی|اسم|اسم	
12	وکیل	وکیل	وکیل	وکیل	N1	اسم	
13	دعاوی	دعاوی	دعاوی	دعاوی	N1	اسم	
14	تازه‌کار	تازه‌کار	تازه‌کار	تازه‌کار	A0	صفت	
15	است	است|اس		است|اس + ت	V+O|N1+O	فعل مضارع ساده+سوم شخص مفرد|اسم + ضمیر ملکی دوم شخص مفرد	
16	)	)	)	)	Si	علامت	
17	،	،	،	،	Si	علامت	
18	به‌	به|به	به	به|به	Pr|N1	حرف اضافه|اسم	
19	همراه	همراه|راه	همراه	همراه|هم + راه	A0|O+N1	صفت|هم + اسم	
20	شرایط	شرط	شرایط	شرط	O	اسم مفرد جمع مکسر	
21	نامساعد	نامساعد|مساعد	نامساعد	نامساعد|نا + مساعد	A0|O+A0	صفت|نا + صفت	
22	خانه	خانه|خان	خانه	خانه|خان + ه	N1|N1+O	اسم|اسم + ه	
23	،	،	،	،	Si	علامت	
24	همسایه‌های	همسایه|سایه	همسایه	همسایه + ها + ی|هم + سایه + ها + ی	N1+Pl+O|O+N1+Pl+O	اسم + علامت جمع + ی|هم + اسم + علامت جمع + ی	
25	عجیب‌وغریب	عجیب‌وغریب	عجیب‌وغریب	عجیب‌وغریب	A0	صفت	
26	و	و|و|و	و	و|و|و	C0|Al|Ab	حرف ربط|حروف الفبا|اختصارات	
27	به‌خصوص	به‌خصوص|خصوص	به‌خصوص	به‌خصوص|به + خصوص	Ad|O+N1	قید|به + اسم	
28	،	،	،	،	Si	علامت	
29	به	به|به	به	به|به	Pr|N1	حرف اضافه|اسم	
30	دعوایی	دعوایی|دعوا	دعوا	دعوایی|دعوا + یی	A0|N1+O	صفت|اسم + یی	
31	سخت	سخت|سخت	سخت	سخت|سخت	V|A0	فعل امر مثبت|صفت	
32	و	و|و|و	و	و|و|و	C0|Al|Ab	حرف ربط|حروف الفبا|اختصارات	
33	رفتن	رفت|رفت	رفتن	رفت + ن|رفت + ن	V2+O|V2+O	بن ماضی + ن|بن ماضی + ن	
34	شوهر	شوهر	شوهر	شوهر	N1	اسم	
35	از	از	از	از	Pr	حرف اضافه	
36	خانه	خانه|خان	خانه	خانه|خان + ه	N1|N1+O	اسم|اسم + ه	
37	منجر	منجر	منجر	منجر	A0	صفت	
38	می‌شود	شو	شد	می + شو + د	V+O	فعل حال اخباری+سوم شخص مفرد	
39	.	.	.	.	Si	علامت	

0	پنجه‌بوکس	پنجه‌بوکس	پنجه‌بوکس	پنجه‌بوکس	N1	اسم	
1	یکی	یکی|یک	یک	یکی|یک + ی	A2|O+O	صفت مبهم|عدد حرفی + ی	
2	از	از	از	از	Pr	حرف اضافه	
3	انواع	نوع	انواع	نوع	O	اسم مفرد جمع مکسر	
4	سلاح‌های	سلاح	سلاح	سلاح + ها + ی	N1+Pl+O	اسم + علامت جمع + ی	
5	سرد	سرد|سر	سرد	سرد|سر + د	A0|V+O	صفت|فعل مضارع ساده+سوم شخص مفرد	
6	است	است|اس		است|اس + ت	V+O|N1+O	فعل مضارع ساده+سوم شخص مفرد|اسم + ضمیر ملکی دوم شخص مفرد	
7	که	که|که|که|که	که	که|که|که|که	C0|NA|N1|N1	حرف ربط|ضمیر پرسشی|اسم|اسم	
8	از	از	از	از	Pr	حرف اضافه	
9	آن	ان	آن	ان	Ab	اختصارات	
10	در	در|در|در|در|در	در	در|در|در|در|در	Pr|V|N1|N1|VPr	حرف اضافه|فعل امر مثبت|اسم|اسم|پیشوند فعل	
11	نزاع‌های	نزاع	نزاع	نزاع + ها + ی	N1+Pl+O	اسم + علامت جمع + ی	
12	خیابانی	خیابانی|خیابان	خیابان	خیابانی|خیابان + ی	A0|N1+O	صفت|اسم + ی	
13	استفاده	استفاده	استفاده	استفاده	N1	اسم	
14	می‌کنند	کن|کن	کرد	می + کن + ند|می + کن + ند	V+O|V+O	فعل حال اخباری+سوم شخص جمع|فعل حال اخباری+سوم شخص جمع	
15	.	.	.	.	Si	علامت	

0	تب‌زرد	تب زرد	تب‌زرد	تب زرد	N1	اسم	
1	نوعی	نوعی|نوع	نوع	نوعی|نوع + ی	A0|N1+O	صفت|اسم + ی	
2	بیماری	بیماری|بیمار|مار	بیمار	بیماری|بیمار + ی|بی + مار + ی	N1|A0+O|O+N1+O	اسم|صفت + ی|بی + اسم + ی	
3	تب‌زا	تب‌زا	تب‌زا	تب‌زا	A0	صفت	
4	ست	ست	ست	ست	N1	اسم	
5	که	که|که|که|که	که	که|که|که|که	C0|NA|N1|N1	حرف ربط|ضمیر پرسشی|اسم|اسم	
6	در	در|در|در|در|در	در	در|در|در|در|در	Pr|V|N1|N1|VPr	حرف اضافه|فعل امر مثبت|اسم|اسم|پیشوند فعل	
7	معده	معده	معده	معده	N1	اسم	
8	و	و|و|و	و	و|و|و	C0|Al|Ab	حرف ربط|حروف الفبا|اختصارات	
9	امعا	امعاء	امعا	امعاء	N1	اسم	
10	تولید	تولید	تولید	تولید	N1	اسم	
11	عفونت	عفونت	عفونت	عفونت	N1	اسم	
12	می‌کند	کن|کن|می|می	کرد	می + کن + د|می + کن + د|می + ک + ند|می + ک + ند	V+O|V+O|N1+O+V|N1+O+V	فعل حال اخباری+سوم شخص مفرد|فعل حال اخباری+سوم شخص مفرد|اسم + ک + فعل سوم شخص جمع|اسم + ک + فعل سوم شخص جمع	
13	و	و|و|و	و	و|و|و	C0|Al|Ab	حرف ربط|حروف الفبا|اختصارات	
14	بر	بر|بر|بر|بر	بر	بر|بر|بر|بر	Pr|V|VPr|N1	حرف اضافه|فعل امر مثبت|پیشوند فعل|اسم	
15	اثر	اثر|اثر	اثر	اثر|اثر	N1|N9	اسم|اسم موجود در ساختمان حرف اضافه و حرف ربط گروهی	
16	گزیدگی	گزیدگی|گزیده|گزید|گزید	گزیدگی	گزیدگی|گزیده + گی|گزید + ه + گی|گزید + ه + گی	N1|A0+O|O+O+O|O+O+O	اسم|صفت + گی|ریشه ماضی + ه + گی|ریشه ماضی + ه + گی	
17	یک	یک	یک	یک	O	عدد حرفی	
18	نوع	نوع	نوع	نوع	N1	اسم	
19	پشه	پشه|پش	پشه	پشه|پش + ه	N1|N1+O	اسم|اسم + ه	
20	در	در|در|در|در|در	در	در|در|در|در|در	Pr|V|N1|N1|VPr	حرف اضافه|فعل امر مثبت|اسم|اسم|پیشوند فعل	
21	انسان	انسان	انسان	انسان	N1	اسم	
22	حادث	حادث	حادث	حادث	A0	صفت	
23	می‌شود	شو	شد	می + شو + د	V+O	فعل حال اخباری+سوم شخص مفرد	
24	.	.	.	.	Si	علامت	

0	چگونه	چگونه	چگونه	چگونه	Ad	قید	
1	است	است|اس		است|اس + ت	V+O|N1+O	فعل مضارع ساده+سوم شخص مفرد|اسم + ضمیر ملکی دوم شخص مفرد	
2	که	که|که|که|که	که	که|که|که|که	C0|NA|N1|N1	حرف ربط|ضمیر پرسشی|اسم|اسم	
3	کار	کار|کار	کار	کار|کار	N1|V	اسم|فعل امر مثبت	
4	خود	خود|خود	خود	خود|خود	O|N1	ضمیر مشترک/متقابل|اسم	
5	را	را	را	را	Po	حرف اضافه پسین	
6	جد	جد	جد	جد	N1	اسم	
7	دانی	دانی|دان	دانست	دانی|دان + ی	A0|V+O	صفت|فعل مضارع ساده+دوم شخص مفرد	
8	و	و|و|و	و	و|و|و	C0|Al|Ab	حرف ربط|حروف الفبا|اختصارات	
9	پساپیش	پساپیش	پساپیش	پساپیش	O	_
10	کارهای	کار	کار	کار + ها + ی	N1+Pl+O	اسم + علامت جمع + ی	
11	خود	خود|خود	خود	خود|خود	O|N1	ضمیر مشترک/متقابل|اسم	
12	را	را	را	را	Po	حرف اضافه پسین	
13	نگاه	نگاه|نگا	نگاه	نگاه|نگا + ه	N1|N1+O	اسم|اسم + ه	
14	می‌داری	دار|دار|می|می	داشت	می + دار + ی|می + دار + ی|می + دار + ی|می + دار + ی	V+O|O+V5+O|N1+O+O|N1+O+O	فعل حال اخباری+دوم شخص مفرد|می + فعل کمکی + ی|اسم + دار + ی|اسم + دار + ی	
15	.	.	.	.	Si	علامت	

0	این	این|این	این	این|این	A1|N6	صفت اشاره|ضمیر اشاره	
1	قوم	قوم|قو|قو	قوم	قوم|قو + م|قو + م	N1|N1+O|N1+V	اسم|اسم + ضمیر ملکی اول شخص مفرد|اسم + فعل اول شخص مفرد	
2	بعداز	بعداز	بعداز	بعداز	Pr1	حرف اضافه گروهی	
3	کسری	کسر	کسر	کسر + ی	N1+O	اسم + ی	
4	و	و|و|و	و	و|و|و	C0|Al|Ab	حرف ربط|حروف الفبا|اختصارات	
5	پرویز	پرویز	پرویز	پرویز	N3	اسم خاص اشخاص	
6	بوده‌اند	بود|بود|بود|ود	بود	بود + ه + اند|بود + ه + اند|بود + ه + اند|ب + ود + ه + اند	V+O|N1+O+V|V+O|O+N1+O+V	فعل ماضی نقلی+سوم شخص جمع|اسم + ه + فعل سوم شخص جمع|فعل ماضی نقلی+سوم شخص جمع|ب + اسم + ه + فعل سوم شخص جمع	
7	در	در|در|در|در|در	در	در|در|در|در|در	Pr|V|N1|N1|VPr	حرف اضافه|فعل امر مثبت|اسم|اسم|پیشوند فعل	
8	مدت	مدت|مد|مد	مدت	مدت|مد + ت|مد + ت	N1|N1+O|N1+O	اسم|اسم + ضمیر ملکی دوم شخص مفرد|اسم + ضمیر ملکی دوم شخص مفرد	
9	چهار	چهار	چهار	چهار	O	عدد حرفی	
10	سال	سال	سال	سال	N1	اسم	
11	و	و|و|و	و	و|و|و	C0|Al|Ab	حرف ربط|حروف الفبا|اختصارات	
12	پنج	پنج	پنج	پنج	O	عدد حرفی	
13	کمابیش	کمابیش|کمابی|کماب	کمابیش	کمابیش|کمابی + ش|کماب + ی + ش	Ad|N1+O|A0+O+O	قید|اسم + ضمیر ملکی سوم شخص مفرد|صفت + ی + ضمیر ملکی سوم شخص مفرد	
14	پادشاهی	پادشاهی|پادشاه|شاهی|شاه|شا	پادشاه	پادشاهی|پادشاه + ی|پاد + شاهی|پاد + شاه + ی|پاد + شا + ه + ی	N1|N1+O|O+A0|O+N1+O|O+V1+O+O	اسم|اسم + ی|پاد + صفت|پاد + اسم + ی|پاد + بن مضارع + ه + ی	
15	کرده‌اند	کرده|کرد|کرد	کرد	کرده + اند|کرد + ه + اند|کرد + ه + اند	N1+V|V+O|N1+O+V	اسم + فعل سوم شخص جمع|فعل ماضی نقلی+سوم شخص جمع|اسم + ه + فعل سوم شخص جمع	
16	.	.	.	.	Si	علامت	

0	هوا	هوا	هوا	هوا	N1	اسم	
1	کم‌کم	کم‌کم|کم|کم|کم|کم	کم‌کم	کم‌کم|کم + ک + م|کم + ک + م|کم + ک + م|کم + ک + م	Ad|A0+O+O|A0+O+V|N1+O+O|N1+O+V	قید|صفت + ک + ضمیر ملکی اول شخص مفرد|صفت + ک + فعل اول شخص مفرد|اسم + ک + ضمیر ملکی اول شخص مفرد|اسم + ک + فعل اول شخص مفرد	
2	داشت	داشت|داشت|داشت|داش	داشت	داشت|داشت|داشت|داش + ت	V+O|N1|V5|N1+O	فعل ماضی ساده+سوم شخص مفرد|اسم|فعل کمکی|اسم + ضمیر ملکی دوم شخص مفرد	
3	گرگ‌ومیش	گرگ‌ومیش	گرگ‌ومیش	گرگ‌ومیش	N1	اسم	
4	می‌شد	شد	شد	می + شد	V+O	فعل ماضی استمراری+سوم شخص مفرد	
5	.	.	.	.	Si	علامت	

0	جنگ	جنگ|جنگ|جنگ	جنگ	جنگ|جنگ|جنگ	V|N1|N1	فعل امر مثبت|اسم|اسم	
1	زرگری	زرگری|زرگر|زر|زر	زرگر	زرگری|زرگر|زر + گر|زر + گر	N1|N1|N1+O|N1+O	اسم|اسم|اسم + گر|اسم + گر	
2	میانجی	میانجی	میانجی	میانجی	N1	اسم	
3	نخواهد	خواه|خواه	خواست	ن + خواه + د|ن + خواه + د	V+O|O+V5+O	فعل حال التزامی منفی+سوم شخص مفرد|ن + فعل کمکی + د	
4	.	.	.	.	Si	علامت	

0	غارت	غارت|غار|غار	غارت	غارت|غار + ت|غار + ت	N1|N1+O|N1+O	اسم|اسم + ضمیر ملکی دوم شخص مفرد|اسم + ضمیر ملکی دوم شخص مفرد	
1	جهان‌سوم	جهان سوم	جهان‌سوم	جهان سوم	O	_
2	نام	نام|نام	نام	نام|نام	N1|V	اسم|فعل امر مثبت	
3	یک	یک	یک	یک	O	عدد حرفی	
4	کتاب	کتاب	کتاب	کتاب	N1	اسم	
5	ادبی	ادبی|ادب	ادب	ادبی|ادب + ی	A0|N1+O	صفت|اسم + ی	
6	است	است|اس		است|اس + ت	V+O|N1+O	فعل مضارع ساده+سوم شخص مفرد|اسم + ضمیر ملکی دوم شخص مفرد	
7	که	که|که|که|که	که	که|که|که|که	C0|NA|N1|N1	حرف ربط|ضمیر پرسشی|اسم|اسم	
8	توسط	توسط|توسط	توسط	توسط|توسط	N1|N9	اسم|اسم موجود در ساختمان حرف اضافه و حرف ربط گروهی	
9	نویسنده	نویسنده|نویس	نویسنده	نویسنده|نویس + نده	A0|V1+O	صفت|بن مضارع + نده	
10	اهل	اهل	اهل	اهل	A0	صفت	
11	فرانسه	فرانسه	فرانسه	فرانسه	N2	اسم خاص مکان	
12	نوشته	نوشته|نوشت	نوشته	نوشته|نوشت + ه	N1|O+O	اسم|ریشه ماضی + ه	
13	شده	شد	شده	شد + ه	V3+O	فعل اسنادی + ه	
14	است	است|اس		است|اس + ت	V+O|N1+O	فعل مضارع ساده+سوم شخص مفرد|اسم + ضمیر ملکی دوم شخص مفرد	
15	.	.	.	.	Si	علامت	

0	نام	نام|نام	نام	نام|نام	N1|V	اسم|فعل امر مثبت	
1	دیگر	دیگر|دیگر|دی	دیگر	دیگر|دیگر|دی + گر	Ad|A2|N1+O	قید|صفت مبهم|اسم + گر	
2	خرچنگ	خرچنگ	خرچنگ	خرچنگ	N1	اسم	
3	چنگار	چنگار	چنگار	چنگار	O	_
4	است	است|اس		است|اس + ت	V+O|N1+O	فعل مضارع ساده+سوم شخص مفرد|اسم + ضمیر ملکی دوم شخص مفرد	
5	.	.	.	.	Si	علامت	

0	همه	همه|همه	همه	همه|همه	N1|A2	اسم|صفت مبهم	
1	جا	جا	جا	جا	N1	اسم	
2	چوافتاد	چوافتاد	چوافتاد	چوافتاد	O	_
3	که	که|که|که|که	که	که|که|که|که	C0|NA|N1|N1	حرف ربط|ضمیر پرسشی|اسم|اسم	
4	او	او|او	او	او|او	N5|Ab	ضمیر فاعلی|اختصارات	
5	نمی‌آید	نم	آمد	نم + ی + اید	N1+O+V	اسم + ی + فعل دوم شخص جمع	
6	.	.	.	.	Si	علامت	

0	خال‌بینی	خال بینی	خال‌بینی	خال بینی	O	_
1	نوعی	نوعی|نوع	نوع	نوعی|نوع + ی	A0|N1+O	صفت|اسم + ی	
2	از	از	از	از	Pr	حرف اضافه	
3	پیشگوییست	پیشگو	پیشگوییست	پیشگو + یی + ست	A0+O+O	صفت + یی + ضمیر ملکی سوم شخص مفرد	
4	که	که|که|که|که	که	که|که|که|که	C0|NA|N1|N1	حرف ربط|ضمیر پرسشی|اسم|اسم	
5	با	با	با	با	Pr	حرف اضافه	
6	دیدن	دید	دیدن	دید + ن	V2+O	بن ماضی + ن	
7	خال	خال	خال	خال	N1	اسم	
8	بدن	بدن	بدن	بدن	N1	اسم	
9	انجام	انجام|انجام	انجام	انجام|انجام	N1|V	اسم|فعل امر مثبت	
10	می‌گیرد	گیر	گرفت	می + گیر + د	V+O	فعل حال اخباری+سوم شخص مفرد	
11	.	.	.	.	Si	علامت	

0	او	او|او	او	او|او	N5|Ab	ضمیر فاعلی|اختصارات	
1	در	در|در|در|در|در	در	در|در|در|در|در	Pr|V|N1|N1|VPr	حرف اضافه|فعل امر مثبت|اسم|اسم|پیشوند فعل	
2	جوانی	جوانی|جوان	جوان	جوانی|جوان + ی	N1|A0+O	اسم|صفت + ی	
3	بسیار	بسیار|بسیار|سیار|بس	بسیار	بسیار|بسیار|ب + سیار|بس + یار	A0|Ad|O+A0|A0+O	صفت|قید|ب + صفت|صفت + یار	
4	خام‌رأی	خام رای	خام‌رأی	خام رای	O	_
5	و	و|و|و	و	و|و|و	C0|Al|Ab	حرف ربط|حروف الفبا|اختصارات	
6	خام‌عقل	خام عقل	خام‌عقل	خام عقل	O	_
7	بود	بود|بود|بود|بو|ود	بود	بود|بود|بود|بو + د|ب + ود	V+O|N1|V+O|V+O|O+N1	فعل ماضی ساده+سوم شخص مفرد|اسم|فعل ماضی ساده+سوم شخص مفرد|فعل مضارع ساده+سوم شخص مفرد|ب + اسم	
8	.	.	.	.	Si	علامت	

0	در	در|در|در|در|در	در	در|در|در|در|در	Pr|V|N1|N1|VPr	حرف اضافه|فعل امر مثبت|اسم|اسم|پیشوند فعل	
1	زمان	زمان|زم	زمان	زمان|زم + ان	N1+O|N1+O	اسم+واجی ریشه: zamAn|اسم + ان	
2	قدیم	قدیم|قد|قد	قدیم	قدیم|قد + یم|قد + یم	A0|N1+V|A0+V	صفت|اسم + فعل اول شخص جمع|صفت + فعل اول شخص جمع	
3	؛	؛	؛	؛	Si	علامت	
4	پادشاهان	پادشاه|شاه	پادشاه	پادشاه + ان|پاد + شاه + ان	N1+O|O+N1+O	اسم + ان|پاد + اسم + ان	
5	به	به|به	به	به|به	Pr|N1	حرف اضافه|اسم	
6	بهترین	بهترین|بهتر	بهترین	بهترین|بهتر + ین	A0|A0+O	صفت|صفت + ین	
7	زنشان	زن	زن	زن + شان	N1+O	اسم + ضمیر ملکی سوم شخص جمع	
8	که	که|که|که|که	که	که|که|که|که	C0|NA|N1|N1	حرف ربط|ضمیر پرسشی|اسم|اسم	
9	ازلحاظ	ازلحاظ	ازلحاظ	ازلحاظ	Pr1	حرف اضافه گروهی	
10	زیبارویی	زیبارو	زیبارو	زیبارو + یی	A0+O	صفت + یی	
11	و	و|و|و	و	و|و|و	C0|Al|Ab	حرف ربط|حروف الفبا|اختصارات	
12	رهبری	رهبری|رهبر|ره|ره	رهبر	رهبری|رهبر + ی|ره + بر + ی|ره + بر + ی	N1|N1+O|V1+O+O|N1+O+O	اسم|اسم + ی|بن مضارع + بر + ی|اسم + بر + ی	
13	از	از	از	از	Pr	حرف اضافه	
14	دیگران	دیگران|دیگر|دی	دیگر	دیگران|دیگر + ان|دی + گر + ان	N5|Ad+O|N1+O+O	ضمیر فاعلی|قید + ان|اسم + گر + ان	
15	،	،	،	،	Si	علامت	
16	سرتر	سرتر	سر	سرتر	N1	اسم	
17	و	و|و|و	و	و|و|و	C0|Al|Ab	حرف ربط|حروف الفبا|اختصارات	
18	آس‌تر	استر|استر	آس‌تر	استر|استر	N1|N1	اسم|اسم	
19	بود	بود|بود|بود|بو|ود	بود	بود|بود|بود|بو + د|ب + ود	V+O|N1|V+O|V+O|O+N1	فعل ماضی ساده+سوم شخص مفرد|اسم|فعل ماضی ساده+سوم شخص مفرد|فعل مضارع ساده+سوم شخص مفرد|ب + اسم	
20	لقب	لقب	لقب	لقب	N1	اسم	
21	خانم‌خانما	خانم خانما	خانم‌خانما	خانم خانما	O	_
22	را	را	را	را	Po	حرف اضافه پسین	
23	نسبت	نسبت|نسبت|نسب	نسبت	نسبت|نسبت|نسب + ت	N1|N9|N1+O	اسم|اسم موجود در ساختمان حرف اضافه و حرف ربط گروهی|اسم + ضمیر ملکی دوم شخص مفرد	
24	می‌دادند	داد	داد	می + داد + ند	V+O	فعل ماضی استمراری+سوم شخص جمع	
25	.	.	.	.	Si	علامت	

0	ادبا	ادبا	ادبا	ادبا	N1	اسم	
1	در	در|در|در|در|در	در	در|در|در|در|در	Pr|V|N1|N1|VPr	حرف اضافه|فعل امر مثبت|اسم|اسم|پیشوند فعل	
2	مجمع	مجمع	مجمع	مجمع	N1	اسم	
3	سازمان‌ملل	سازمان ملل	سازمان‌ملل	سازمان ملل	O	_
4	سخنرانی	سخنرانی|سخنران	سخنران	سخنرانی|سخنران + ی	N1|N1+O	اسم|اسم + ی	
5	کردند	کرد|کرد	کرد	کرد + ند|کرد + ند	V+O|N1+V	فعل ماضی ساده+سوم شخص جمع|اسم + فعل سوم شخص جمع	
6	.	.	.	.	Si	علامت	

0	به	به|به	به	به|به	Pr|N1	حرف اضافه|اسم	
1	دستور	دستور|دست	دستور	دستور|دست + ور	N1|N1+O	اسم|اسم + ور	
2	او	او|او	او	او|او	N5|Ab	ضمیر فاعلی|اختصارات	
3	تمام	تمام|تمام	تمام	تمام|تمام	A0|N9	صفت|اسم موجود در ساختمان حرف اضافه و حرف ربط گروهی	
4	اسرا	اسرا	اسرا	اسرا	N1	اسم	
5	را	را	را	را	Po	حرف اضافه پسین	
6	از	از	از	از	Pr	حرف اضافه	
7	داخل	داخل	داخل	داخل	Ad	قید	
8	خزاین	خزاین	خزاین	خزاین	N1	اسم	
9	آزاد	آزاد	آزاد	آزاد	A0	صفت	
10	کردند	کرد|کرد	کرد	کرد + ند|کرد + ند	V+O|N1+V	فعل ماضی ساده+سوم شخص جمع|اسم + فعل سوم شخص جمع	
11	.	.	.	.	Si	علامت	

0	استاد	استاد|استاد	استاد	استاد|استاد	A0|Sp	صفت|شاخص	
1	اسامی	اسامی|اسام	اسامی	اسامی|اسام + ی	N1|N3+O	اسم|اسم خاص اشخاص + ی	
2	دانشجویان	دانشجوی|دانشجو|دانش|دان	دانشجو	دانشجوی + ان|دانشجو + ی + ان|دانش + جو + ی + ان|دان + ش + جو + ی + ان	N1+O|N1+O+O|N1+O+O+O|V1+O+O+O+O	اسم + ان|اسم + ی + ان|اسم + جو + ی + ان|بن مضارع + ش + جو + ی + ان	
3	به	به|به	به	به|به	Pr|N1	حرف اضافه|اسم	
4	همراه	همراه|راه	همراه	همراه|هم + راه	A0|O+N1	صفت|هم + اسم	
5	آرا	آرا|آرا	آرا	آرا|آرا	V|N1	فعل امر مثبت|اسم	
6	آن‌ها	آن ها	آن	آن ها	O	_
7	را	را	را	را	Po	حرف اضافه پسین	
8	خواند	خواند|خوان	خواند	خواند|خوان + د	V+O|V+O	فعل ماضی ساده+سوم شخص مفرد|فعل مضارع ساده+سوم شخص مفرد	
9	.	.	.	.	Si	علامت	

0	هنوز	هنوز	هنوز	هنوز	Ad	قید	
1	هم	هم|هم|هم	هم	هم|هم|هم	Ad|C0|O	قید|حرف ربط|ضمیر مشترک/متقابل	
2	علل	علل	علل	علل	N1	اسم	
3	بسیاری	بسیاری|بسیار|بسیار|سیار|بس	بسیار	بسیاری|بسیار + ی|بسیار + ی|ب + سیار + ی|بس + یار + ی	A2|A0+O|Ad+O|O+A0+O|A0+O+O	صفت مبهم|صفت + ی|قید + ی|ب + صفت + ی|صفت + یار + ی	
4	از	از	از	از	Pr	حرف اضافه	
5	امراض	امراض	امراض	امراض	N1	اسم	
6	ناشناخته	ناشناخته|شناخته|شناخت|شناخت	ناشناخته	ناشناخته|نا + شناخته|نا + شناخت + ه|نا + شناخت + ه	A0|O+A0|V+O|O+N1+O	صفت|نا + صفت|فعل ماضی ساده+سوم شخص مفرد|نا + اسم + ه	
7	است	است|اس		است|اس + ت	V+O|N1+O	فعل مضارع ساده+سوم شخص مفرد|اسم + ضمیر ملکی دوم شخص مفرد	
8	.	.	.	.	Si	علامت	

0	در	در|در|در|در|در	در	در|در|در|در|در	Pr|V|N1|N1|VPr	حرف اضافه|فعل امر مثبت|اسم|اسم|پیشوند فعل	
1	رانندگی	رانندگی|راننده|ران|ران	رانندگی	رانندگی|راننده + گی|ران + نده + گی|ران + نده + گی	N1|N1+O|V1+O+O|N1+O+O	اسم|اسم + گی|بن مضارع + نده + گی|اسم + نده + گی	
2	باید	باید	باید	باید	V4	فعل وجه نما	
3	به	به|به	به	به|به	Pr|N1	حرف اضافه|اسم	
4	علایم	علا|علا	علا	علا + ی + م|علا + ی + م	N1+O|N1+V	اسم + ضمیر ملکی اول شخص مفرد|اسم + فعل اول شخص مفرد	
5	هشدار	هشدار|هش	هشدار	هشدار|هش + دار	N1|N1+O	اسم|اسم + دار	
6	توجه	توجه	توجه	توجه	N1	اسم	
7	داشت	داشت|داشت|داشت|داش	داشت	داشت|داشت|داشت|داش + ت	V+O|N1|V5|N1+O	فعل ماضی ساده+سوم شخص مفرد|اسم|فعل کمکی|اسم + ضمیر ملکی دوم شخص مفرد	
8	.	.	.	.	Si	علامت	

0	جزه	جزه	جزه	جزه	O	_
1	درس	درس	درس	درس	N1	اسم	
2	پردازش‌زبانهای‌طبیعیش	پردازش زبانهای طبیعیش	پردازش‌زبانهای‌طبیعیش	پردازش زبانهای طبیعیش	O	_
3	را	را	را	را	Po	حرف اضافه پسین	
4	همراه	همراه|راه	همراه	همراه|هم + راه	A0|O+N1	صفت|هم + اسم	
5	نداشت	داشت	داشت	ن + داشت	V+O	فعل ماضی ساده منفی+سوم شخص مفرد	
6	.	.	.	.	Si	علامت	

0	با	با	با	با	Pr	حرف اضافه	
1	آن	ان	آن	ان	Ab	اختصارات	
2	ضربه	ضربه|ضرب	ضربه	ضربه|ضرب + ه	N1|N1+O	اسم|اسم + ه	
3	در	در|در|در|در|در	در	در|در|در|در|در	Pr|V|N1|N1|VPr	حرف اضافه|فعل امر مثبت|اسم|اسم|پیشوند فعل	
4	دم	دم|دم|دم	دم	دم|دم|دم	V|N1|N1	فعل امر مثبت|اسم|اسم	
5	دردم	دردم|درد|درد|در	درد	دردم|درد + م|درد + م|در + د + م	Ad|N1+O|N1+V|V+O	قید|اسم + ضمیر ملکی اول شخص مفرد|اسم + فعل اول شخص مفرد|فعل مضارع ساده+سوم شخص مفرد	
6	آمد	امد	آمد	امد	N1	اسم	
7	.	.	.	.	Si	علامت	

0	نوشته‌هایش	نوشته|نوشت	نوشته	نوشته + ها + ی + ش|نوشت + ه + ها + ی + ش	N1+Pl+O+O|O+O+Pl+O+O	اسم + علامت جمع + ی + ضمیر ملکی سوم شخص مفرد|ریشه ماضی + ه + علامت جمع + ی + ضمیر ملکی سوم شخص مفرد	
1	درهم‌و‌برهم	درهم و برهم	درهم‌و‌برهم	درهم و برهم	O	_
2	بود	بود|بود|بود|بو|ود	بود	بود|بود|بود|بو + د|ب + ود	V+O|N1|V+O|V+O|O+N1	فعل ماضی ساده+سوم شخص مفرد|اسم|فعل ماضی ساده+سوم شخص مفرد|فعل مضارع ساده+سوم شخص مفرد|ب + اسم	
3	.	.	.	.	Si	علامت	

0	او	او|او	او	او|او	N5|Ab	ضمیر فاعلی|اختصارات	
1	از	از	از	از	Pr	حرف اضافه	
2	حمله	حمله|حمل	حمله	حمله|حمل + ه	N1|N1+O	اسم|اسم + ه	
3	دشمن	دشمن	دشمن	دشمن	A0	صفت	
4	درامان	درا|در|در|در	درامان	درا + مان|در + ا + مان|در + ا + مان|در + ا + مان	V+O|O+O+O|N1+O+O|N1+O+O	فعل مضارع ساده+سوم شخص مفرد|ریشه مضارع + ا + ضمیر ملکی اول شخص جمع|اسم + ا + ضمیر ملکی اول شخص جمع|اسم + ا + ضمیر ملکی اول شخص جمع	
5	ماند	ماند|مان	ماند	ماند|مان + د	V+O|V+O	فعل ماضی ساده+سوم شخص مفرد|فعل مضارع ساده+سوم شخص مفرد	
6	.	.	.	.	Si	علامت	

0	کتابش	کتاب	کتاب	کتاب + ش	N1+O	اسم + ضمیر ملکی سوم شخص مفرد	
1	دوصد	دوصد	دوصد	دوصد	O	_
2	صفحه	صفحه	صفحه	صفحه	N1	اسم	
3	داشت	داشت|داشت|داشت|داش	داشت	داشت|داشت|داشت|داش + ت	V+O|N1|V5|N1+O	فعل ماضی ساده+سوم شخص مفرد|اسم|فعل کمکی|اسم + ضمیر ملکی دوم شخص مفرد	
4	.	.	.	.	Si	علامت	

0	دوستش	دوست	دوست	دوست + ش	N1+O	اسم + ضمیر ملکی سوم شخص مفرد	
1	بسیار	بسیار|بسیار|سیار|بس	بسیار	بسیار|بسیار|ب + سیار|بس + یار	A0|Ad|O+A0|A0+O	صفت|قید|ب + صفت|صفت + یار	
2	نرم	نرم|نرم|رم|نر|نر	نرم	نرم|نرم|ن + رم|نر + م|نر + م	A0|N1|V|A0+O|A0+V	صفت|اسم|فعل امر منفی|صفت + ضمیر ملکی اول شخص مفرد|صفت + فعل اول شخص مفرد	
3	دل	دل	دل	دل	N1	اسم	
4	و	و|و|و	و	و|و|و	C0|Al|Ab	حرف ربط|حروف الفبا|اختصارات	
5	رقیق‌القلب	رقیق‌القلب	رقیق‌القلب	رقیق‌القلب	A0	صفت	
6	بود	بود|بود|بود|بو|ود	بود	بود|بود|بود|بو + د|ب + ود	V+O|N1|V+O|V+O|O+N1	فعل ماضی ساده+سوم شخص مفرد|اسم|فعل ماضی ساده+سوم شخص مفرد|فعل مضارع ساده+سوم شخص مفرد|ب + اسم	
7	.	.	.	.	Si	علامت	

0	چوب	چوب	چوب	چوب	N1	اسم	
1	نیاز	نیاز|یاز	نیاز	نیاز|ن + یاز	N1|V	اسم|فعل امر منفی	
2	به	به|به	به	به|به	Pr|N1	حرف اضافه|اسم	
3	رنده	رنده|رند|رند|رند	رنده	رنده|رند + ه|رند + ه|رند + ه	N1|V1+O|A0+O|N1+O	اسم|بن مضارع + ه|صفت + ه|اسم + ه	
4	و	و|و|و	و	و|و|و	C0|Al|Ab	حرف ربط|حروف الفبا|اختصارات	
5	رنده‌کاری	رنده‌کاری	رنده‌کاری	رنده‌کاری	N1	اسم	
6	و	و|و|و	و	و|و|و	C0|Al|Ab	حرف ربط|حروف الفبا|اختصارات	
7	رنده‌کردن	رنده کردن	رنده‌کردن	رنده کردن	O	_
8	داشت	داشت|داشت|داشت|داش	داشت	داشت|داشت|داشت|داش + ت	V+O|N1|V5|N1+O	فعل ماضی ساده+سوم شخص مفرد|اسم|فعل کمکی|اسم + ضمیر ملکی دوم شخص مفرد	
9	.	.	.	.	Si	علامت	

0	آهن	آهن	آهن	آهن	N1	اسم	
1	در	در|در|در|در|در	در	در|در|در|در|در	Pr|V|N1|N1|VPr	حرف اضافه|فعل امر مثبت|اسم|اسم|پیشوند فعل	
2	مجاورت	مجاورت|مجاور	مجاورت	مجاورت|مجاور + ت	N1|A0+O	اسم|صفت + ضمیر ملکی دوم شخص مفرد	
3	با	با	با	با	Pr	حرف اضافه	
4	اکسیژن	اکسیژن	اکسیژن	اکسیژن	N1	اسم	
5	شروع	شروع	شروع	شروع	N1	اسم	
6	به	به|به	به	به|به	Pr|N1	حرف اضافه|اسم	
7	زنگ‌زدن	زنگ زدن	زنگ‌زدن	زنگ زدن	O	_
8	می‌کند	کن|کن|می|می	کرد	می + کن + د|می + کن + د|می + ک + ند|می + ک + ند	V+O|V+O|N1+O+V|N1+O+V	فعل حال اخباری+سوم شخص مفرد|فعل حال اخباری+سوم شخص مفرد|اسم + ک + فعل سوم شخص جمع|اسم + ک + فعل سوم شخص جمع	
9	.	.	.	.	Si	علامت	

0	جرات	جر|جر	جر	جر + ات|جر + ات	N1+Pl|N1+Pl	اسم + علامت جمع|اسم + علامت جمع	
1	نداشت	داشت	داشت	ن + داشت	V+O	فعل ماضی ساده منفی+سوم شخص مفرد	
2	حرفش	حرف|حرف	حرف	حرف + ش|حرف + ش	N1+O|N1+O	اسم + ضمیر ملکی سوم شخص مفرد|اسم + ضمیر ملکی سوم شخص مفرد	
3	را	را	را	را	Po	حرف اضافه پسین	
4	رودررو	رودررو	رودررو	رودررو	Ad	قید	
5	به‌رویش	رویش|روی|رو|رو	به‌رویش	به + رویش|به + روی + ش|به + رو + ی + ش|به + رو + ی + ش	O+N1|O+N1+O|O+N1+O+O|O+V1+O+O	به + اسم|به + اسم + ضمیر ملکی سوم شخص مفرد|به + اسم + ی + ضمیر ملکی سوم شخص مفرد|به + بن مضارع + ی + ضمیر ملکی سوم شخص مفرد	
6	آورد	آورد|آور	آورد	آورد|آور + د	V+O|V+O	فعل ماضی ساده+سوم شخص مفرد|فعل مضارع ساده+سوم شخص مفرد	
7	.	.	.	.	Si	علامت	

0	او	او|او	او	او|او	N5|Ab	ضمیر فاعلی|اختصارات	
1	را	را	را	را	Po	حرف اضافه پسین	
2	روانه	روانه|روان	روانه	روانه|روان + ه	Ad|A0+O	قید|صفت + ه	
3	کرد	کرد|کرد	کرد	کرد|کرد	V+O|N1	فعل ماضی ساده+سوم شخص مفرد|اسم	
4	تا	تا|تا|تا	تا	تا|تا|تا	Pr|C0|Ab	حرف اضافه|حرف ربط|اختصارات	
5	به	به|به	به	به|به	Pr|N1	حرف اضافه|اسم	
6	کارش	کار|کار	کار	کار + ش|کار + ش	N1+O|V+O	اسم + ضمیر ملکی سوم شخص مفرد|فعل مضارع ساده+سوم شخص مفرد	
7	برسد	رسد|رس	رسید	ب + رسد|ب + رس + د	O+N1|V+O	ب + اسم|فعل حال التزامی+سوم شخص مفرد	
8	.	.	.	.	Si	علامت	

0	او	او|او	او	او|او	N5|Ab	ضمیر فاعلی|اختصارات	
1	در	در|در|در|در|در	در	در|در|در|در|در	Pr|V|N1|N1|VPr	حرف اضافه|فعل امر مثبت|اسم|اسم|پیشوند فعل	
2	بستر	بستر|ستر|ستر|بس	بستر	بستر|ب + ستر|ب + ستر|بس + تر	N1|V|O+N1|A0+O	اسم|فعل امر مثبت|ب + اسم|صفت + علامت صفت تفضیلی	
3	افتاده	افتاده|افتاد	افتاده	افتاده|افتاد + ه	A0|O+O	صفت|ریشه ماضی + ه	
4	بود	بود|بود|بود|بو|ود	بود	بود|بود|بود|بو + د|ب + ود	V+O|N1|V+O|V+O|O+N1	فعل ماضی ساده+سوم شخص مفرد|اسم|فعل ماضی ساده+سوم شخص مفرد|فعل مضارع ساده+سوم شخص مفرد|ب + اسم	
5	و	و|و|و	و	و|و|و	C0|Al|Ab	حرف ربط|حروف الفبا|اختصارات	
6	روبه‌مرگ	روبه مرگ	روبه‌مرگ	روبه مرگ	O	_
7	بود	بود|بود|بود|بو|ود	بود	بود|بود|بود|بو + د|ب + ود	V+O|N1|V+O|V+O|O+N1	فعل ماضی ساده+سوم شخص مفرد|اسم|فعل ماضی ساده+سوم شخص مفرد|فعل مضارع ساده+سوم شخص مفرد|ب + اسم	
8	.	.	.	.	Si	علامت	

0	کارهایش	کار	کار	کار + ها + ی + ش	N1+Pl+O+O	اسم + علامت جمع + ی + ضمیر ملکی سوم شخص مفرد	
1	بسیار	بسیار|بسیار|سیار|بس	بسیار	بسیار|بسیار|ب + سیار|بس + یار	A0|Ad|O+A0|A0+O	صفت|قید|ب + صفت|صفت + یار	
2	روح‌فرسا	روح‌فرسا	روح‌فرسا	روح‌فرسا	A0	صفت	
3	و	و|و|و	و	و|و|و	C0|Al|Ab	حرف ربط|حروف الفبا|اختصارات	
4	عذاب‌آور	عذاب آور	عذاب‌آور	عذاب آور	O	_
5	بود	بود|بود|بود|بو|ود	بود	بود|بود|بود|بو + د|ب + ود	V+O|N1|V+O|V+O|O+N1	فعل ماضی ساده+سوم شخص مفرد|اسم|فعل ماضی ساده+سوم شخص مفرد|فعل مضارع ساده+سوم شخص مفرد|ب + اسم	
6	.	.	.	.	Si	علامت	
