0	وی	وی|وی	وی	وی|وی	N5|Ab	ضمیر فاعلی|اختصارات	
1	افزود	افزود	افزود	افزود	V+O	فعل ماضی ساده+سوم شخص مفرد	
2	:	:	:	:	Si	علامت	

0	در	در|در|در|در|در	در	در|در|در|در|در	Pr|V|N1|N1|VPr	حرف اضافه|فعل امر مثبت|اسم|اسم|پیشوند فعل	
1	سال	سال	سال	سال	N1	اسم	
2	۹۵	۹۵	۹۵	۹۵	Nu	عدد رقمی	
3	نیز	نیز|آز	نیز	نیز|نی + آز	Ad|V	قید|فعل امر منفی	
4	آقای	آقا	آقا	آقا	O	_
5	اللهیاری	الله	اللهیاری	الله + یار + ی	N1+O+O	اسم + یار + ی	
6	برای	برای|برا|بر	برای	برای|برا + ی|بر + ا + ی	Pr|A0+O|O+O+O	حرف اضافه|صفت + ی|ریشه مضارع + ا + ی	
7	چند	چند	چند	چند	NA	ضمیر پرسشی	
8	روز	روز	روز	روز	N1	اسم	
9	بازداشت	بازداشت|بازداشت	بازداشت	بازداشت|بازداشت	V+O|N1	فعل ماضی ساده+سوم شخص مفرد|اسم	
10	شده بود	شد	شده بود	شد + ه + بود	V+O	فعل ماضی بعید+سوم شخص مفرد	
11	که	که|که|که|که	که	که|که|که|که	C0|NA|N1|N1	حرف ربط|ضمیر پرسشی|اسم|اسم	
12	با	با	با	با	Pr	حرف اضافه	
13	ضمانت	ضمانت|ضمان|ضم	ضمانت	ضمانت|ضمان + ت|ضم + ان + ت	N1|N1+O|N1+O+O	اسم|اسم + ضمیر ملکی دوم شخص مفرد|اسم + ان + ضمیر ملکی دوم شخص مفرد	
14	ملکی	ملکی|ملکی|ملک|ملک|ملک|مل	ملک	ملکی|ملکی|ملک + ی|ملک + ی|ملک + ی|مل + ک + ی	N4|A0|A0+O|N1+O|N1+O|N1+O+O	اسم فامیل|صفت|صفت + ی|اسم + ی|اسم + ی|اسم + ک + ی	
15	معاونش	معاون	معاون	معاون + ش	N1+O	اسم + ضمیر ملکی سوم شخص مفرد	
16	از	از	از	از	Pr	حرف اضافه	
17	زندان	زندان|زن	زندان	زندان|زن + دان	N1|N1+O	اسم|اسم + دان	
18	آزاد	آزاد	آزاد	آزاد	A0	صفت	
19	شد	شد	شد	شد	V+O	فعل ماضی ساده+سوم شخص مفرد	
20	،	،	،	،	Si	علامت	
21	ولی	ولی|ولی|ول|ول	ولی	ولی|ولی|ول + ی|ول + ی	C0|N1|A0+O|N1+O	حرف ربط|اسم|صفت + ی|اسم + ی	
22	از	از	از	از	Pr	حرف اضافه	
23	آن	ان	آن	ان	Ab	اختصارات	
24	زمان	زمان|زم	زمان	زمان|زم + ان	N1+O|N1+O	اسم+واجی ریشه: zamAn|اسم + ان	
25	تاکنون	تاکنون	تاکنون	تاکنون	Ad	قید	
26	بقیه	بقیه|بقیه|قیه|بق|قی	بقیه	بقیه|بقیه|ب + قیه|بق + یه|ب + قی + ه	A0|N1|O+N1|N1+O|O+N1+O	صفت|اسم|ب + اسم|اسم + یه|ب + اسم + ه	
27	پرونده‌ها	پرونده|پرو	پرونده	پرونده + ها|پرو + نده + ها	N1+Pl|N1+O+Pl	اسم + علامت جمع|اسم + نده + علامت جمع	
28	در	در|در|در|در|در	در	در|در|در|در|در	Pr|V|N1|N1|VPr	حرف اضافه|فعل امر مثبت|اسم|اسم|پیشوند فعل	
29	سازمان	سازمان|ساز|ساز	سازمان	سازمان|ساز + مان|ساز + مان	N1+O|V+O|N1+O	اسم+واجی ریشه: sAzmAn|فعل مضارع ساده+سوم شخص مفرد|اسم + ضمیر ملکی اول شخص جمع	
30	نظام	نظام	نظام	نظام	N1	اسم	
31	روانشناسی	روان	روانشناسی	روان + شناس + ی	A0+O+O	صفت + شناس + ی	
32	مسکوت	مسکوت|مسکو	مسکوت	مسکوت|مسکو + ت	A0|N2+O	صفت|اسم خاص مکان + ضمیر ملکی دوم شخص مفرد	
33	مانده بود	ماند|مان	مانده بود	ماند + ه + بود|مان + د + ه + بود	V+O|V1+O+O+O	فعل ماضی بعید+سوم شخص مفرد|بن مضارع + د + ه + بود	
34	.	.	.	.	Si	علامت	

0	عضو	عضو	عضو	عضو	N1	اسم	
1	سازمان	سازمان|ساز|ساز	سازمان	سازمان|ساز + مان|ساز + مان	N1+O|V+O|N1+O	اسم+واجی ریشه: sAzmAn|فعل مضارع ساده+سوم شخص مفرد|اسم + ضمیر ملکی اول شخص جمع	
2	نظام	نظام	نظام	نظام	N1	اسم	
3	روانشناسی	روان	روانشناسی	روان + شناس + ی	A0+O+O	صفت + شناس + ی	
4	خاطرنشان‌	خاطرنشان	خاطرنشان	خاطرنشان	A0	صفت	
5	کرد	کرد|کرد	کرد	کرد|کرد	V+O|N1	فعل ماضی ساده+سوم شخص مفرد|اسم	
6	:	:	:	:	Si	علامت	

0	از	از	از	از	Pr	حرف اضافه	
1	مهرماه	مهرماه	مهرماه	مهرماه	N1	اسم	
2	سال	سال	سال	سال	N1	اسم	
3	گذشته	گذشته|گذشت|گذشت	گذشته	گذشته|گذشت + ه|گذشت + ه	A0|O+O|N1+O	صفت|ریشه ماضی + ه|اسم + ه	
4	ردصلاحیت	ردصلاحیت	ردصلاحیت	ردصلاحیت	A0	صفت	
5	رئیس	رییس	رئیس	رییس	N1	اسم	
6	سازمان	سازمان|ساز|ساز	سازمان	سازمان|ساز + مان|ساز + مان	N1+O|V+O|N1+O	اسم+واجی ریشه: sAzmAn|فعل مضارع ساده+سوم شخص مفرد|اسم + ضمیر ملکی اول شخص جمع	
7	روانشناسی	روان	روانشناسی	روان + شناس + ی	A0+O+O	صفت + شناس + ی	
8	توسط	توسط|توسط	توسط	توسط|توسط	N1|N9	اسم|اسم موجود در ساختمان حرف اضافه و حرف ربط گروهی	
9	دفتر	دفتر	دفتر	دفتر	N1	اسم	
10	رئیس‌جمهور	رییس‌جمهور	رئیس‌جمهور	رییس‌جمهور	N1	اسم	
11	انجام	انجام|انجام	انجام	انجام|انجام	N1|V	اسم|فعل امر مثبت	
12	گرفت	گرفت|گرفت	گرفت	گرفت|گرفت	V+O|N1	فعل ماضی ساده+سوم شخص مفرد|اسم	
13	،	،	،	،	Si	علامت	
14	ولی	ولی|ولی|ول|ول	ولی	ولی|ولی|ول + ی|ول + ی	C0|N1|A0+O|N1+O	حرف ربط|اسم|صفت + ی|اسم + ی	
15	علی‌رغم	علی‌رغم	علی‌رغم	علی‌رغم	Pr1	حرف اضافه گروهی	
16	این	این|این	این	این|این	A1|N6	صفت اشاره|ضمیر اشاره	
17	ردصلاحیت	ردصلاحیت	ردصلاحیت	ردصلاحیت	A0	صفت	
18	همچنان	همچنان|چنان	همچنان	همچنان|هم + چنان	Ad|O+A0	قید|هم + صفت	
19	عباسعلی	عباسعلی	عباسعلی	عباسعلی	N3	اسم خاص اشخاص	
20	اللهیاری	الله	اللهیاری	الله + یار + ی	N1+O+O	اسم + یار + ی	
21	در	در|در|در|در|در	در	در|در|در|در|در	Pr|V|N1|N1|VPr	حرف اضافه|فعل امر مثبت|اسم|اسم|پیشوند فعل	
22	کافه	کافه|کاف	کافه	کافه|کاف + ه	N1|N1+O	اسم|اسم + ه	
23	یا	یا|یا	یا	یا|یا	C0|Intj	حرف ربط|صوت	
24	تریا	تریا	تریا	تریا	N1	اسم	
25	کارتابل	کارتابل	کارتابل	کارتابل	O	_
26	سازمان	سازمان|ساز|ساز	سازمان	سازمان|ساز + مان|ساز + مان	N1+O|V+O|N1+O	اسم+واجی ریشه: sAzmAn|فعل مضارع ساده+سوم شخص مفرد|اسم + ضمیر ملکی اول شخص جمع	
27	را	را	را	را	Po	حرف اضافه پسین	
28	امضا	امضا	امضا	امضا	N1	اسم	
29	می‌کرد	کرد	کرد	می + کرد	V+O	فعل ماضی استمراری+سوم شخص مفرد	
30	.	.	.	.	Si	علامت	

0	پنج‌شنبه‌ها	پنجشنبه	پنج‌شنبه	پنجشنبه + ها	N1+Pl	اسم + علامت جمع	
2	به‌زودی	به‌زودی|زودی|زود	به‌زودی	به‌زودی|به + زودی|به + زود + ی	Ad|O+N1|O+A0+O	قید|به + اسم|به + صفت + ی	
3	می‌گذرند	می گذرند	گذشت	می گذرند	O	_
4	.	.	.	.	Si	علامت	

0	دویست	دویست	دویست	دویست	O	عدد حرفی	
1	و	و|و|و	و	و|و|و	C0|Al|Ab	حرف ربط|حروف الفبا|اختصارات	
2	هشتاد	هشتاد	هشتاد	هشتاد	O	عدد حرفی	
3	و	و|و|و	و	و|و|و	C0|Al|Ab	حرف ربط|حروف الفبا|اختصارات	
4	نهمین	نه|نه	نهمین	نه + مین|نه + مین	O+O|V1+O	عدد حرفی + مین|بن مضارع + مین	
5	سمینار	سمینار	سمینار	سمینار	N1	اسم	
6	ادواری	ادواری|ادوار	ادوار	ادواری|ادوار + ی	A0|N1+O	صفت|اسم + ی	
7	عصب‌پژوهی	عصب پژوهی	عصب‌پژوهی	عصب پژوهی	O	_
8	اجتماعی	اجتماعی|اجتماع	اجتماع	اجتماعی|اجتماع + ی	A0|N1+O	صفت|اسم + ی	
9	به	به|به	به	به|به	Pr|N1	حرف اضافه|اسم	
10	مغز‌پژوهی	مغز پژوهی	مغز‌پژوهی	مغز پژوهی	O	_
11	رشک	رشک|رش	رشک	رشک|رش + ک	N1|N1+O	اسم|اسم + ک	
12	و	و|و|و	و	و|و|و	C0|Al|Ab	حرف ربط|حروف الفبا|اختصارات	
13	حسد	حسد	حسد	حسد	N1	اسم	
14	اختصاص	اختصاص	اختصاص	اختصاص	N1	اسم	
15	دارد	دار|دار	داشت	دار + د|دار + د	V+O|V5+O	فعل مضارع ساده+سوم شخص مفرد|فعل کمکی + د	
16	.	.	.	.	Si	علامت	

0	سخنران	سخنران	سخنران	سخنران	N1	اسم	
1	این	این|این	این	این|این	A1|N6	صفت اشاره|ضمیر اشاره	
2	نشست	نشست|نشست|شست	نشست	نشست|نشست|ن + شست	V+O|N1|V+O	فعل ماضی ساده+سوم شخص مفرد|اسم|فعل ماضی ساده منفی+سوم شخص مفرد	
3	که	که|که|که|که	که	که|که|که|که	C0|NA|N1|N1	حرف ربط|ضمیر پرسشی|اسم|اسم	
4	26	26	۲۶	26	Nu	عدد رقمی	
5	مهر	مهر|مهر|مهر	مهر	مهر|مهر|مهر	N1|N1|N1	اسم|اسم|اسم	
6	برگزار	برگزار|برگ	برگزار	برگزار|برگ + زار	A0|N1+O	صفت|اسم + زار	
7	‌می‌شود	شو	‌می‌شود	می + شو + د	V+O	فعل حال اخباری+سوم شخص مفرد	
8	دکتر	دکتر|دکتر	دکتر	دکتر|دکتر	A0|Sp	صفت|شاخص	
9	آذرخش	آذرخش	آذرخش	آذرخش	N1	اسم	
10	مکری	مکر	مکر	مکر + ی	N1+O	اسم + ی	
11	است	است|اس		است|اس + ت	V+O|N1+O	فعل مضارع ساده+سوم شخص مفرد|اسم + ضمیر ملکی دوم شخص مفرد	
12	.	.	.	.	Si	علامت	

0	در	در|در|در|در|در	در	در|در|در|در|در	Pr|V|N1|N1|VPr	حرف اضافه|فعل امر مثبت|اسم|اسم|پیشوند فعل	
1	این	این|این	این	این|این	A1|N6	صفت اشاره|ضمیر اشاره	
2	سمینار	سمینار	سمینار	سمینار	N1	اسم	
3	که	که|که|که|که	که	که|که|که|که	C0|NA|N1|N1	حرف ربط|ضمیر پرسشی|اسم|اسم	
4	از	از	از	از	Pr	حرف اضافه	
5	ساعت	ساعت	ساعت	ساعت	N1	اسم	
6	هشت	هشت|هش	هشت	هشت|هش + ت	O|N1+O	عدد حرفی|اسم + ضمیر ملکی دوم شخص مفرد	
7	و	و|و|و	و	و|و|و	C0|Al|Ab	حرف ربط|حروف الفبا|اختصارات	
8	نیم	نیم|نی|نی	نیم	نیم|نی + م|نی + م	N1|N1+O|N1+V	اسم|اسم + ضمیر ملکی اول شخص مفرد|اسم + فعل اول شخص مفرد	
9	صبح	صبح	صبح	صبح	N1	اسم	
10	تا	تا|تا|تا	تا	تا|تا|تا	Pr|C0|Ab	حرف اضافه|حرف ربط|اختصارات	
11	یازده	یازده	یازده	یازده	O	عدد حرفی	
12	در	در|در|در|در|در	در	در|در|در|در|در	Pr|V|N1|N1|VPr	حرف اضافه|فعل امر مثبت|اسم|اسم|پیشوند فعل	
13	سالن	سالن	سالن	سالن	N1	اسم	
14	کنفرانس	کنفرانس	کنفرانس	کنفرانس	N1	اسم	
15	بیمارستان	بیمارستان|بیمار|مار	بیمارستان	بیمارستان|بیمار + ستان|بی + مار + ستان	N1|A0+O|O+N1+O	اسم|صفت + ستان|بی + اسم + ستان	
16	ایرانمهر	ایران‌مهر	ایرانمهر	ایران‌مهر	N1	اسم	
17	برقرار	برقرار	برقرار	برقرار	A0	صفت	
18	است	است|اس		است|اس + ت	V+O|N1+O	فعل مضارع ساده+سوم شخص مفرد|اسم + ضمیر ملکی دوم شخص مفرد	
19	صاحب‌نظران	صاحب‌نظر	صاحب‌نظران	صاحب‌نظر + ان	A0+O	صفت + ان	
20	و	و|و|و	و	و|و|و	C0|Al|Ab	حرف ربط|حروف الفبا|اختصارات	
21	علاقه‌مندان	علاقه‌مند|علاقه	علاقه‌مند	علاقه‌مند + ان|علاقه + مند + ان	A0+O|N1+O+O	صفت + ان|اسم + مند + ان	
22	به	به|به	به	به|به	Pr|N1	حرف اضافه|اسم	
23	موضوع	موضوع	موضوع	موضوع	N1	اسم	
24	مغز‌پژوهی	مغز پژوهی	مغز‌پژوهی	مغز پژوهی	O	_
25	رشک	رشک|رش	رشک	رشک|رش + ک	N1|N1+O	اسم|اسم + ک	
26	و	و|و|و	و	و|و|و	C0|Al|Ab	حرف ربط|حروف الفبا|اختصارات	
27	حسد	حسد	حسد	حسد	N1	اسم	
28	به	به|به	به	به|به	Pr|N1	حرف اضافه|اسم	
29	بحث	بحث	بحث	بحث	N1	اسم	
30	و	و|و|و	و	و|و|و	C0|Al|Ab	حرف ربط|حروف الفبا|اختصارات	
31	تبادل	تبادل	تبادل	تبادل	N1	اسم	
32	نظر	نظر|نظر	نظر	نظر|نظر	N1|N9	اسم|اسم موجود در ساختمان حرف اضافه و حرف ربط گروهی	
33	می‌پردازند	پرداز	پرداخت	می + پرداز + ند	V+O	فعل حال اخباری+سوم شخص جمع	
34	.	.	.	.	Si	علامت	

0	ورود	ورود|ود	ورود	ورود|ور + ود	N1|O+N1	اسم|ور + اسم	
1	برای	برای|برا|بر	برای	برای|برا + ی|بر + ا + ی	Pr|A0+O|O+O+O	حرف اضافه|صفت + ی|ریشه مضارع + ا + ی	
2	عموم	عموم|عمو|عمو	عموم	عموم|عمو + م|عمو + م	N1|N1+O|N1+V	اسم|اسم + ضمیر ملکی اول شخص مفرد|اسم + فعل اول شخص مفرد	
3	آزاد	آزاد	آزاد	آزاد	A0	صفت	
4	است	است|اس		است|اس + ت	V+O|N1+O	فعل مضارع ساده+سوم شخص مفرد|اسم + ضمیر ملکی دوم شخص مفرد	
5	و	و|و|و	و	و|و|و	C0|Al|Ab	حرف ربط|حروف الفبا|اختصارات	
6	درباره	درباره|درباره|دربار	درباره	درباره|درباره|دربار + ه	N1|Pr1|N1+O	اسم|حرف اضافه گروهی|اسم + ه	
7	موضوع	موضوع	موضوع	موضوع	N1	اسم	
8	با	با	با	با	Pr	حرف اضافه	
9	صاحب‌نظران	صاحب‌نظر	صاحب‌نظران	صاحب‌نظر + ان	A0+O	صفت + ان	
11	بحث	بحث	بحث	بحث	N1	اسم	
12	و	و|و|و	و	و|و|و	C0|Al|Ab	حرف ربط|حروف الفبا|اختصارات	
13	گفت‌وگو	گفت‌وگو	گفت‌وگو	گفت‌وگو	N1	اسم	
14	انجام	انجام|انجام	انجام	انجام|انجام	N1|V	اسم|فعل امر مثبت	
15	می‌شود	شو	شد	می + شو + د	V+O	فعل حال اخباری+سوم شخص مفرد	
16	.	.	.	.	Si	علامت	

0	در	در|در|در|در|در	در	در|در|در|در|در	Pr|V|N1|N1|VPr	حرف اضافه|فعل امر مثبت|اسم|اسم|پیشوند فعل	
1	کالبدشکافی	کالبدشکافی	کالبدشکافی	کالبدشکافی	N1	اسم	
2	سایت	سایت	سایت	سایت	N1	اسم	
3	iFixit	iFixit	iFixit	iFixit	O	کلمه انگلیسی	
4	،	،	،	،	Si	علامت	
5	آن‌ها	آن ها	آن	آن ها	O	_
6	موفق	موفق	موفق	موفق	A0	صفت	
7	به	به|به	به	به|به	Pr|N1	حرف اضافه|اسم	
8	کشف	کشف|کشف	کشف	کشف|کشف	N1|N1	اسم|اسم	
9	یک	یک	یک	یک	O	عدد حرفی	
10	نوار	نوار	نوار	نوار	N1	اسم	
11	آنتن	آنتن	آنتن	آنتن	N1	اسم	
12	جدید	جدید|جد	جدید	جدید|جد + ید	A0|N1+V	صفت|اسم + فعل دوم شخص جمع	
13	در	در|در|در|در|در	در	در|در|در|در|در	Pr|V|N1|N1|VPr	حرف اضافه|فعل امر مثبت|اسم|اسم|پیشوند فعل	
14	بخش	بخش|بخش|خش	بخش	بخش|بخش|ب + خش	N1|V|O+N1	اسم|فعل امر مثبت|ب + اسم	
15	پایینی	پایینی|پایین|پا	پایین	پایینی|پایین + ی|پا + ین + ی	A0|A0+O|N1+O+O	صفت|صفت + ی|اسم + ین + ی	
16	گوشی	گوشی|گوش	گوش	گوشی|گوش + ی	N1|N1+O	اسم|اسم + ی	
17	شدند	شد	شد	شد + ند	V+O	فعل ماضی ساده+سوم شخص جمع	
18	که	که|که|که|که	که	که|که|که|که	C0|NA|N1|N1	حرف ربط|ضمیر پرسشی|اسم|اسم	
19	قاعدتاً	قاعدتاً	قاعدتا	قاعدتاً	Ad	قید	
20	باید	باید	باید	باید	V4	فعل وجه نما	
21	منجر	منجر	منجر	منجر	A0	صفت	
22	به	به|به	به	به|به	Pr|N1	حرف اضافه|اسم	
23	بهبود	بهبود	بهبود	بهبود	N1	اسم	
24	آنتن‌دهی	آنتن دهی	آنتن‌دهی	آنتن دهی	O	_
25	این	این|این	این	این|این	A1|N6	صفت اشاره|ضمیر اشاره	
26	گوشی‌ها	گوشی|گوش	گوشی‌ها	گوشی + ها|گوش + ی + ها	N1+Pl|N1+O+Pl	اسم + علامت جمع|اسم + ی + علامت جمع	
27	شود	شود|شو	شد	شود|شو + د	N1|V+O	اسم|فعل مضارع ساده+سوم شخص مفرد	
28	.	.	.	.	Si	علامت	

0	کاربران	کاربر|کار	کاربر	کاربر + ان|کار + بر + ان	A0+O|N1+O+O	صفت + ان|اسم + بر + ان	
1	برای	برای|برا|بر	برای	برای|برا + ی|بر + ا + ی	Pr|A0+O|O+O+O	حرف اضافه|صفت + ی|ریشه مضارع + ا + ی	
2	توضیح	توضیح	توضیح	توضیح	N1	اسم	
3	این	این|این	این	این|این	A1|N6	صفت اشاره|ضمیر اشاره	
4	مشکل	مشکل	مشکل	مشکل	N1	اسم	
5	تئوری‌های	تئوری	تئوری‌های	تئوری	O	_
6	مختلفی	مختلف	مختلف	مختلف + ی	A0+O	صفت + ی	
7	را	را	را	را	Po	حرف اضافه پسین	
8	مطرح	مطرح	مطرح	مطرح	N1	اسم	
9	کرده‌اند	کرده|کرد|کرد	کرد	کرده + اند|کرد + ه + اند|کرد + ه + اند	N1+V|V+O|N1+O+V	اسم + فعل سوم شخص جمع|فعل ماضی نقلی+سوم شخص جمع|اسم + ه + فعل سوم شخص جمع	
10	و	و|و|و	و	و|و|و	C0|Al|Ab	حرف ربط|حروف الفبا|اختصارات	
11	برخی	برخی|رخ|رخ	برخی	برخی|ب + رخ + ی|ب + رخ + ی	A2|O+N1+O|O+N1+O	صفت مبهم|ب + اسم + ی|ب + اسم + ی	
12	از	از	از	از	Pr	حرف اضافه	
13	آن‌ها	آن ها	آن	آن ها	O	_
14	شبکه‌های	شبکه|شب	شبکه	شبکه + ها + ی|شب + ک + ه + ها + ی	N1+Pl+O|N1+O+O+Pl+O	اسم + علامت جمع + ی|اسم + ک + ه + علامت جمع + ی	
15	تلفن	تلفن	تلفن	تلفن	N1	اسم	
16	همراه	همراه|راه	همراه	همراه|هم + راه	A0|O+N1	صفت|هم + اسم	
17	را	را	را	را	Po	حرف اضافه پسین	
18	مقصر	مقصر	مقصر	مقصر	A0	صفت	
19	این	این|این	این	این|این	A1|N6	صفت اشاره|ضمیر اشاره	
20	موضوع	موضوع	موضوع	موضوع	N1	اسم	
21	می‌دانند	دان	دانست	می + دان + ند	V+O	فعل حال اخباری+سوم شخص جمع	
22	ولی	ولی|ولی|ول|ول	ولی	ولی|ولی|ول + ی|ول + ی	C0|N1|A0+O|N1+O	حرف ربط|اسم|صفت + ی|اسم + ی	
23	برخی	برخی|رخ|رخ	برخی	برخی|ب + رخ + ی|ب + رخ + ی	A2|O+N1+O|O+N1+O	صفت مبهم|ب + اسم + ی|ب + اسم + ی	
24	دیگر	دیگر|دیگر|دی	دیگر	دیگر|دیگر|دی + گر	Ad|A2|N1+O	قید|صفت مبهم|اسم + گر	
25	اعلام	اعلام|اعلام	اعلام	اعلام|اعلام	N1|N1	اسم|اسم	
26	کرده‌اند	کرده|کرد|کرد	کرد	کرده + اند|کرد + ه + اند|کرد + ه + اند	N1+V|V+O|N1+O+V	اسم + فعل سوم شخص جمع|فعل ماضی نقلی+سوم شخص جمع|اسم + ه + فعل سوم شخص جمع	
27	که	که|که|که|که	که	که|که|که|که	C0|NA|N1|N1	حرف ربط|ضمیر پرسشی|اسم|اسم	
28	این	این|این	این	این|این	A1|N6	صفت اشاره|ضمیر اشاره	
29	مسأله	مسئله	مسأله	مسئله	N1	اسم	
30	یادآور	یادآور	یادآور	یادآور	A0	صفت	
31	مشکل	مشکل	مشکل	مشکل	N1	اسم	
32	مربوط	مربوط	مربوط	مربوط	A0	صفت	
33	به	به|به	به	به|به	Pr|N1	حرف اضافه|اسم	
34	آنتن‌های	آنتن	آنتن	آنتن	O	_
35	آیفون۴	آیفون۴	آیفون۴	آیفون۴	O	_
36	است	است|اس		است|اس + ت	V+O|N1+O	فعل مضارع ساده+سوم شخص مفرد|اسم + ضمیر ملکی دوم شخص مفرد	
37	که	که|که|که|که	که	که|که|که|که	C0|NA|N1|N1	حرف ربط|ضمیر پرسشی|اسم|اسم	
38	در	در|در|در|در|در	در	در|در|در|در|در	Pr|V|N1|N1|VPr	حرف اضافه|فعل امر مثبت|اسم|اسم|پیشوند فعل	
39	آن	ان	آن	ان	Ab	اختصارات	
40	زمان	زمان|زم	زمان	زمان|زم + ان	N1+O|N1+O	اسم+واجی ریشه: zamAn|اسم + ان	
41	سر	سر|سر|سر|سر	سر	سر|سر|سر|سر	V|N1|N1|N9	فعل امر مثبت|اسم|اسم|اسم موجود در ساختمان حرف اضافه و حرف ربط گروهی	
42	و	و|و|و	و	و|و|و	C0|Al|Ab	حرف ربط|حروف الفبا|اختصارات	
43	صدای	صدا	صدا	صدا + ی	N1+O	اسم + ی	
44	بسیار	بسیار|بسیار|سیار|بس	بسیار	بسیار|بسیار|ب + سیار|بس + یار	A0|Ad|O+A0|A0+O	صفت|قید|ب + صفت|صفت + یار	
45	زیادی	زیادی|زیاد	زیاد	زیادی|زیاد + ی	A0|A0+O	صفت|صفت + ی	
46	به‌راه‌انداخت	به راه انداخت	به‌راه‌انداخت	به راه انداخت	V+O	فعل ماضی ساده+سوم شخص مفرد	
47	.	.	.	.	Si	علامت	

0	چند	چند	چند	چند	NA	ضمیر پرسشی	
1	روز	روز	روز	روز	N1	اسم	
2	بعد	بعد|بعد|بعد	بعد	بعد|بعد|بعد	A0|N1|N9	صفت|اسم|اسم موجود در ساختمان حرف اضافه و حرف ربط گروهی	
3	از	از	از	از	Pr	حرف اضافه	
4	تصویب	تصویب	تصویب	تصویب	N1	اسم	
5	چهارمین	چهار	چهارمین	چهار + مین	O+O	عدد حرفی + مین	
6	لایحه	لایحه	لایحه	لایحه	N1	اسم	
7	در	در|در|در|در|در	در	در|در|در|در|در	Pr|V|N1|N1|VPr	حرف اضافه|فعل امر مثبت|اسم|اسم|پیشوند فعل	
8	چارچوب	چارچوب	چارچوب	چارچوب	N1	اسم	
9	لوایح	لوایح	لوایح	لوایح	N1	اسم	
10	مرتبط	مرتبط	مرتبط	مرتبط	A0	صفت	
11	با	با	با	با	Pr	حرف اضافه	
12	پول‌شویی	پول‌شویی	پول‌شویی	پول‌شویی	N1	اسم	
13	و	و|و|و	و	و|و|و	C0|Al|Ab	حرف ربط|حروف الفبا|اختصارات	
14	مبارزه	مبارزه|مبارز	مبارزه	مبارزه|مبارز + ه	N1|A0+O	اسم|صفت + ه	
15	با	با	با	با	Pr	حرف اضافه	
16	تروریسم	تروریسم	تروریسم	تروریسم	N1	اسم	
17	موسوم	موسوم	موسوم	موسوم	N1	اسم	
18	به	به|به	به	به|به	Pr|N1	حرف اضافه|اسم	
19	FATF	FATF	FATF	FATF	O	کلمه انگلیسی	
20	،	،	،	،	Si	علامت	
21	بساط	بساط	بساط	بساط	N1	اسم	
22	اتهام‌زنی	اتهام زنی	اتهام‌زنی	اتهام زنی	O	_
23	درمورد	درمورد	درمورد	درمورد	Pr1	حرف اضافه گروهی	
24	پشت‌پرده	پشت‌پرده	پشت‌پرده	پشت‌پرده	N1	اسم	
25	رشد	رشد	رشد	رشد	N1	اسم	
26	قیمت	قیمت|قیم	قیمت	قیمت|قیم + ت	N1|N1+O	اسم|اسم + ضمیر ملکی دوم شخص مفرد	
27	دلار	دلار	دلار	دلار	N1	اسم	
28	بالا‌گرفته‌است	بالا گرفته	بالا‌گرفته‌است	بالا گرفته	O	_
29	.	.	.	.	Si	علامت	

0	علائم	علا|علا	علائم	علا + ی + م|علا + ی + م	N1+O|N1+V	اسم + ضمیر ملکی اول شخص مفرد|اسم + فعل اول شخص مفرد	
1	سیاسی	سیاسی|سیاس	سیاسی	سیاسی|سیاس + ی	A0|A0+O	صفت|صفت + ی	
2	و	و|و|و	و	و|و|و	C0|Al|Ab	حرف ربط|حروف الفبا|اختصارات	
3	رسانه‌ای	رسانه‌ای|رسانه|رسان|رس	رسانه	رسانه‌ای|رسانه + ای|رسان + ه + ای|رس + ان + ه + ای	A0|N1+O|V1+O+O|N1+O+O+O	صفت|اسم + ای|بن مضارع + ه + ای|اسم + ان + ه + ای	
4	از	از	از	از	Pr	حرف اضافه	
5	بروز	بروز	بروز	بروز	N1	اسم	
6	یک	یک	یک	یک	O	عدد حرفی	
7	جنگ	جنگ|جنگ|جنگ	جنگ	جنگ|جنگ|جنگ	V|N1|N1	فعل امر مثبت|اسم|اسم	
8	ارزی	ارزی|ارز|ارز	ارزی	ارزی|ارز + ی|ارز + ی	A0|V+O|N1+O	صفت|فعل مضارع ساده+دوم شخص مفرد|اسم + ی	
9	برسر	برسر	برسر	برسر	Pr1	حرف اضافه گروهی	
10	تأیید	تأیید	تأیید	تأیید	N1	اسم	
11	نهایی	نهایی|نه|نه	نهایی	نهایی|نه + ا + یی|نه + ا + یی	A0|O+O+O|N1+O+O	صفت|ریشه مضارع + ا + یی|اسم + ا + یی	
12	FATF	FATF	FATF	FATF	O	کلمه انگلیسی	
13	در	در|در|در|در|در	در	در|در|در|در|در	Pr|V|N1|N1|VPr	حرف اضافه|فعل امر مثبت|اسم|اسم|پیشوند فعل	
14	مراجع	مرجع	مراجع	مرجع	O	اسم مفرد جمع مکسر	
15	قانونی	قانونی|قانون	قانون	قانونی|قانون + ی	A0|N1+O	صفت|اسم + ی	
16	‌حکایت‌دارد	حکایت دارد	‌حکایت‌دارد	حکایت دارد	O	_
17	.	.	.	.	Si	علامت	

0	به‌گزارش	به‌گزارش|گزارش	به‌گزارش	به‌گزارش|به + گزارش	Pr1|O+N1	حرف اضافه گروهی|به + اسم	
1	همشهری	همشهری|همشهر|شهری|شهر	همشهری	همشهری|همشهر + ی|هم + شهری|هم + شهر + ی	N1|A0+O|O+A0|O+N1+O	اسم|صفت + ی|هم + صفت|هم + اسم + ی	
2	،	،	،	،	Si	علامت	
3	تریبون‌های	تریبون	تریبون‌های	تریبون + ها + ی	N1+Pl+O	اسم + علامت جمع + ی	
4	سیاسی	سیاسی|سیاس	سیاسی	سیاسی|سیاس + ی	A0|A0+O	صفت|صفت + ی	
5	و	و|و|و	و	و|و|و	C0|Al|Ab	حرف ربط|حروف الفبا|اختصارات	
6	رسانه‌ای	رسانه‌ای|رسانه|رسان|رس	رسانه	رسانه‌ای|رسانه + ای|رسان + ه + ای|رس + ان + ه + ای	A0|N1+O|V1+O+O|N1+O+O+O	صفت|اسم + ای|بن مضارع + ه + ای|اسم + ان + ه + ای	
7	برخی	برخی|رخ|رخ	برخی	برخی|ب + رخ + ی|ب + رخ + ی	A2|O+N1+O|O+N1+O	صفت مبهم|ب + اسم + ی|ب + اسم + ی	
8	گروه‌های	گروه|گرو|گرو	گروه	گروه + ها + ی|گرو + ه + ها + ی|گرو + ه + ها + ی	N1+Pl+O|V1+O+Pl+O|N1+O+Pl+O	اسم + علامت جمع + ی|بن مضارع + ه + علامت جمع + ی|اسم + ه + علامت جمع + ی	
9	مخالف	مخالف	مخالف	مخالف	A0	صفت	
10	دولت	دولت|دول|دول	دولت	دولت|دول + ت|دول + ت	N1|N1+O|N1+O	اسم|اسم + ضمیر ملکی دوم شخص مفرد|اسم + ضمیر ملکی دوم شخص مفرد	
11	،	،	،	،	Si	علامت	
12	به	به|به	به	به|به	Pr|N1	حرف اضافه|اسم	
13	محل	محل	محل	محل	N1	اسم	
14	اتهام‌زنی	اتهام زنی	اتهام‌زنی	اتهام زنی	O	_
15	علیه	علیه|علیه|علی	علیه	علیه|علیه|علی + ه	N1|N9|A0+O	اسم|اسم موجود در ساختمان حرف اضافه و حرف ربط گروهی|صفت + ه	
16	دولت	دولت|دول|دول	دولت	دولت|دول + ت|دول + ت	N1|N1+O|N1+O	اسم|اسم + ضمیر ملکی دوم شخص مفرد|اسم + ضمیر ملکی دوم شخص مفرد	
17	درمورد	درمورد	درمورد	درمورد	Pr1	حرف اضافه گروهی	
18	افزایش	افزایش|افزا	افزایش	افزایش|افزا + ی + ش	N1|V+O	اسم|فعل مضارع ساده+سوم شخص مفرد	
19	قیمت	قیمت|قیم	قیمت	قیمت|قیم + ت	N1|N1+O	اسم|اسم + ضمیر ملکی دوم شخص مفرد	
20	ارز	ارز|ارز	ارز	ارز|ارز	V|N1	فعل امر مثبت|اسم	
21	تبدیل	تبدیل	تبدیل	تبدیل	N1	اسم	
22	شده‌است	شد	شده‌است	شد + ه + است	V+O	فعل ماضی نقلی+سوم شخص مفرد	
22	.	.	.	.	Si	علامت	

0	درطول	درطول	درطول	درطول	Pr1	حرف اضافه گروهی	
1	چند	چند	چند	چند	NA	ضمیر پرسشی	
2	روز	روز	روز	روز	N1	اسم	
3	گذشته	گذشته|گذشت|گذشت	گذشته	گذشته|گذشت + ه|گذشت + ه	A0|O+O|N1+O	صفت|ریشه ماضی + ه|اسم + ه	
4	به‌ویژه	به‌ویژه|ویژه	به‌ویژه	به‌ویژه|به + ویژه	Ad|O+A0	قید|به + صفت	
5	بعد	بعد|بعد|بعد	بعد	بعد|بعد|بعد	A0|N1|N9	صفت|اسم|اسم موجود در ساختمان حرف اضافه و حرف ربط گروهی	
6	از	از	از	از	Pr	حرف اضافه	
7	تصویب	تصویب	تصویب	تصویب	N1	اسم	
8	قانون	قانون	قانون	قانون	N1	اسم	
9	CFT	CFT	CFT	CFT	O	کلمه انگلیسی	
10	در	در|در|در|در|در	در	در|در|در|در|در	Pr|V|N1|N1|VPr	حرف اضافه|فعل امر مثبت|اسم|اسم|پیشوند فعل	
11	مجلس	مجلس	مجلس	مجلس	N1	اسم	
12	،	،	،	،	Si	علامت	
13	برخی	برخی|رخ|رخ	برخی	برخی|ب + رخ + ی|ب + رخ + ی	A2|O+N1+O|O+N1+O	صفت مبهم|ب + اسم + ی|ب + اسم + ی	
14	رسانه‌ها	رسانه|رسان	رسانه	رسانه + ها|رسان + ه + ها	N1+Pl|V1+O+Pl	اسم + علامت جمع|بن مضارع + ه + علامت جمع	
15	وارد	وارد	وارد	وارد	N1	اسم	
16	کارزار	کارزار|کار	کارزار	کارزار|کار + زار	N1|N1+O	اسم|اسم + زار	
17	‌سیگنال‌دهی	سیگنال دهی	‌سیگنال‌دهی	سیگنال دهی	O	_
18	به	به|به	به	به|به	Pr|N1	حرف اضافه|اسم	
19	قیمت	قیمت|قیم	قیمت	قیمت|قیم + ت	N1|N1+O	اسم|اسم + ضمیر ملکی دوم شخص مفرد	
20	ارز	ارز|ارز	ارز	ارز|ارز	V|N1	فعل امر مثبت|اسم	
21	در	در|در|در|در|در	در	در|در|در|در|در	Pr|V|N1|N1|VPr	حرف اضافه|فعل امر مثبت|اسم|اسم|پیشوند فعل	
22	بازار	بازار|ازار	بازار	بازار|ب + ازار	N1|O+N1	اسم|ب + اسم	
23	آزاد	آزاد	آزاد	آزاد	A0	صفت	
24	شده‌اند	شد	شد	شد + ه + اند	V+O	فعل ماضی نقلی+سوم شخص جمع	
25	.	.	.	.	Si	علامت	

0	آنها	آن‌ها|آن‌ها|آنها|آنها	آن	آن‌ها|آن‌ها|آنها|آنها	N5|N6|N5|N6	ضمیر فاعلی|ضمیر اشاره|ضمیر فاعلی|ضمیر اشاره	
1	عامل	عامل	عامل	عامل	N1	اسم	
2	اصلی	اصلی|اصل	اصل	اصلی|اصل + ی	A0|A0+O	صفت|صفت + ی	
3	افزایش	افزایش|افزا	افزایش	افزایش|افزا + ی + ش	N1|V+O	اسم|فعل مضارع ساده+سوم شخص مفرد	
4	قیمت	قیمت|قیم	قیمت	قیمت|قیم + ت	N1|N1+O	اسم|اسم + ضمیر ملکی دوم شخص مفرد	
5	دلار	دلار	دلار	دلار	N1	اسم	
6	را	را	را	را	Po	حرف اضافه پسین	
7	دولت	دولت|دول|دول	دولت	دولت|دول + ت|دول + ت	N1|N1+O|N1+O	اسم|اسم + ضمیر ملکی دوم شخص مفرد|اسم + ضمیر ملکی دوم شخص مفرد	
8	و	و|و|و	و	و|و|و	C0|Al|Ab	حرف ربط|حروف الفبا|اختصارات	
9	تصویب‌شدن	تصویب شدن	تصویب‌شدن	تصویب شدن	O	_
10	قانون	قانون	قانون	قانون	N1	اسم	
11	FATF	FATF	FATF	FATF	O	کلمه انگلیسی	
12	در	در|در|در|در|در	در	در|در|در|در|در	Pr|V|N1|N1|VPr	حرف اضافه|فعل امر مثبت|اسم|اسم|پیشوند فعل	
13	مجلس	مجلس	مجلس	مجلس	N1	اسم	
14	می‌دانند	دان	دانست	می + دان + ند	V+O	فعل حال اخباری+سوم شخص جمع	
15	.	.	.	.	Si	علامت	

0	در	در|در|در|در|در	در	در|در|در|در|در	Pr|V|N1|N1|VPr	حرف اضافه|فعل امر مثبت|اسم|اسم|پیشوند فعل	
1	روزهای	روز	روز	روز + ها + ی	N1+Pl+O	اسم + علامت جمع + ی	
2	اخیر	اخیر	اخیر	اخیر	A0	صفت	
3	خبرگزاری	خبرگزاری|خبرگزار	خبرگزاری	خبرگزاری|خبرگزار + ی	N1|N1+O	اسم|اسم + ی	
4	فارس	فارس	فارس	فارس	N1	اسم	
5	و	و|و|و	و	و|و|و	C0|Al|Ab	حرف ربط|حروف الفبا|اختصارات	
6	روزنامه	روزنامه	روزنامه	روزنامه	N1	اسم	
7	کیهان	کیهان	کیهان	کیهان	N1	اسم	
8	با	با	با	با	Pr	حرف اضافه	
9	تیترهایی	تیتر	تیتر	تیتر + ها + یی	N1+Pl+O	اسم + علامت جمع + یی	
10	جهت‌دار	جهت‌دار|جهت|جه|جه	جهت‌دار	جهت‌دار|جهت + دار|جه + ت + دار|جه + ت + دار	A0|N1+O|V1+O+O|N1+O+O	صفت|اسم + دار|بن مضارع + ضمیر ملکی دوم شخص مفرد + دار|اسم + ضمیر ملکی دوم شخص مفرد + دار	
11	،	،	،	،	Si	علامت	
12	به	به|به	به	به|به	Pr|N1	حرف اضافه|اسم	
13	شکلی	شکلی|شکل	شکل	شکلی|شکل + ی	A0|N1+O	صفت|اسم + ی	
14	آشکار	آش‌کار|آشکار|آشکار	آشکار	آش‌کار|آشکار|آشکار	N1|V|A0	اسم|فعل امر مثبت|صفت	
15	رشد	رشد	رشد	رشد	N1	اسم	
16	قیمت	قیمت|قیم	قیمت	قیمت|قیم + ت	N1|N1+O	اسم|اسم + ضمیر ملکی دوم شخص مفرد	
17	دلار	دلار	دلار	دلار	N1	اسم	
18	را	را	را	را	Po	حرف اضافه پسین	
19	به	به|به	به	به|به	Pr|N1	حرف اضافه|اسم	
20	دولت	دولت|دول|دول	دولت	دولت|دول + ت|دول + ت	N1|N1+O|N1+O	اسم|اسم + ضمیر ملکی دوم شخص مفرد|اسم + ضمیر ملکی دوم شخص مفرد	
21	و	و|و|و	و	و|و|و	C0|Al|Ab	حرف ربط|حروف الفبا|اختصارات	
22	تصویب	تصویب	تصویب	تصویب	N1	اسم	
23	FATF	FATF	FATF	FATF	O	کلمه انگلیسی	
24	نسبت‌داده‌اند	نسبت داده اند	نسبت‌داده‌اند	نسبت داده اند	O	_
25	.	.	.	.	Si	علامت	

0	خاشقجی	خاشقجی	خاشقجی	خاشقجی	O	_
1	که	که|که|که|که	که	که|که|که|که	C0|NA|N1|N1	حرف ربط|ضمیر پرسشی|اسم|اسم	
2	سابقه	سابقه|سابق	سابقه	سابقه|سابق + ه	N1|A0+O	اسم|صفت + ه	
3	گفتگو	گفتگو	گفتگو	گفتگو	N1	اسم	
4	با	با	با	با	Pr	حرف اضافه	
5	بن‌لادن	بن‌لادن	بن‌لادن	بن‌لادن	N3	اسم خاص اشخاص	
6	را	را	را	را	Po	حرف اضافه پسین	
7	نیز	نیز|آز	نیز	نیز|نی + آز	Ad|V	قید|فعل امر منفی	
8	در	در|در|در|در|در	در	در|در|در|در|در	Pr|V|N1|N1|VPr	حرف اضافه|فعل امر مثبت|اسم|اسم|پیشوند فعل	
9	کارنامه	کارنامه	کارنامه	کارنامه	N1	اسم	
10	خود	خود|خود	خود	خود|خود	O|N1	ضمیر مشترک/متقابل|اسم	
11	دارد	دار|دار	داشت	دار + د|دار + د	V+O|V5+O	فعل مضارع ساده+سوم شخص مفرد|فعل کمکی + د	
12	و	و|و|و	و	و|و|و	C0|Al|Ab	حرف ربط|حروف الفبا|اختصارات	
13	پیش‌تر	پیشتر|پیش	پیش	پیشتر|پیش + تر	A0|A0+O	صفت|صفت + علامت صفت تفضیلی	
14	هم	هم|هم|هم	هم	هم|هم|هم	Ad|C0|O	قید|حرف ربط|ضمیر مشترک/متقابل	
15	مشاور	مشاور	مشاور	مشاور	N1	اسم	
16	دولت	دولت|دول|دول	دولت	دولت|دول + ت|دول + ت	N1|N1+O|N1+O	اسم|اسم + ضمیر ملکی دوم شخص مفرد|اسم + ضمیر ملکی دوم شخص مفرد	
17	عربستان	عربستان	عربستان	عربستان	N2	اسم خاص مکان	
18	بوده	بود|بود|بود|ود	بوده	بود + ه|بود + ه|بود + ه|ب + ود + ه	O+O|N1+O|V3+O|O+N1+O	ریشه ماضی + ه|اسم + ه|فعل اسنادی + ه|ب + اسم + ه	
19	و	و|و|و	و	و|و|و	C0|Al|Ab	حرف ربط|حروف الفبا|اختصارات	
20	رابطه	رابطه|رابط	رابطه	رابطه|رابط + ه	N1|N1+O	اسم|اسم + ه	
21	بسیار	بسیار|بسیار|سیار|بس	بسیار	بسیار|بسیار|ب + سیار|بس + یار	A0|Ad|O+A0|A0+O	صفت|قید|ب + صفت|صفت + یار	
22	خوبی	خوبی|خوب	خوبی	خوبی|خوب + ی	N1|A0+O	اسم|صفت + ی	
23	با	با	با	با	Pr	حرف اضافه	
24	شاهزادگان	شاهزاده	شاهزادگان	شاهزاده + گان	N1+Pl	اسم + علامت جمع	
25	سعودی	سعودی|سعود	سعودی	سعودی|سعود + ی	A0|N1+O	صفت|اسم + ی	
26	علی‌الخصوص	علی‌الخصوص	علی‌الخصوص	علی‌الخصوص	Ad	قید	
27	محمدبن‌نایف	محمدبن نایف	محمدبن‌نایف	محمدبن نایف	O	_
28	ولیعهد	ولیعهد	ولیعهد	ولیعهد	N1	اسم	
29	برکنارشده	برکنارشده	برکنارشده	برکنارشده	A0	صفت	
30	سعودی	سعودی|سعود	سعودی	سعودی|سعود + ی	A0|N1+O	صفت|اسم + ی	
31	داشته‌است	داشت	داشته‌است	داشت + ه + است	V+O	فعل ماضی نقلی+سوم شخص مفرد	
32	در	در|در|در|در|در	در	در|در|در|در|در	Pr|V|N1|N1|VPr	حرف اضافه|فعل امر مثبت|اسم|اسم|پیشوند فعل	
33	سال	سال	سال	سال	N1	اسم	
34	2017	2017	۲۰۱۷	2017	Nu	عدد رقمی	
35	درپی	درپی	درپی	درپی	Pr1	حرف اضافه گروهی	
36	طرح	طرح	طرح	طرح	N1	اسم	
37	انتقادهایی	انتقاد	انتقاد	انتقاد + ها + یی	N1+Pl+O	اسم + علامت جمع + یی	
38	نسبت‌به	نسبت‌به	نسبت‌به	نسبت‌به	Pr1	حرف اضافه گروهی	
39	سیاست‌های	سیاست|سیاس	سیاست	سیاست + ها + ی|سیاس + ها + ی	N1+Pl+O|A0+Pl+O	اسم + علامت جمع + ی|صفت + علامت جمع + ی	
40	محمدبن‌سلمان	محمدبن سلمان	محمدبن‌سلمان	محمدبن سلمان	O	_
41	،	،	،	،	Si	علامت	
42	ولیعهد	ولیعهد	ولیعهد	ولیعهد	N1	اسم	
43	عربستان	عربستان	عربستان	عربستان	N2	اسم خاص مکان	
44	و	و|و|و	و	و|و|و	C0|Al|Ab	حرف ربط|حروف الفبا|اختصارات	
45	نیز	نیز|آز	نیز	نیز|نی + آز	Ad|V	قید|فعل امر منفی	
46	زیرسؤال‌بردن	زیرسوال بردن	زیرسؤال‌بردن	زیرسوال بردن	O	_
47	مداخله	مداخله	مداخله	مداخله	N1	اسم	
48	نظامی	نظامی|نظام	نظام	نظامی|نظام + ی	A0|N1+O	صفت|اسم + ی	
49	عربستان	عربستان	عربستان	عربستان	N2	اسم خاص مکان	
50	در	در|در|در|در|در	در	در|در|در|در|در	Pr|V|N1|N1|VPr	حرف اضافه|فعل امر مثبت|اسم|اسم|پیشوند فعل	
51	یمن	یمن|یمن	یمن	یمن|یمن	N2|N1	اسم خاص مکان|اسم	
52	،	،	،	،	Si	علامت	
53	از	از	از	از	Pr	حرف اضافه	
54	بیم	بیم	بیم	بیم	N1	اسم	
55	دستگیری	دستگیری|دستگیر	دستگیر	دستگیری|دستگیر + ی	N1|N1+O	اسم|اسم + ی	
56	عربستان	عربستان	عربستان	عربستان	N2	اسم خاص مکان	
57	را	را	را	را	Po	حرف اضافه پسین	
58	ترک‌کرد	ترک کرد	ترک‌کرد	ترک کرد	O	_
59	و	و|و|و	و	و|و|و	C0|Al|Ab	حرف ربط|حروف الفبا|اختصارات	
60	به	به|به	به	به|به	Pr|N1	حرف اضافه|اسم	
61	آمریکا	امریکا	آمریکا	امریکا	N2	اسم خاص مکان	
62	رفت	رفت|رفت|رف	رفت	رفت|رفت|رف + ت	V+O|V+O|N1+O	فعل ماضی ساده+سوم شخص مفرد|فعل ماضی ساده+سوم شخص مفرد|اسم + ضمیر ملکی دوم شخص مفرد	
63	.	.	.	.	Si	علامت	

0	شب	شب	شب	شب	N1	اسم	
1	عید	عید	عید	عید	N1	اسم	
2	نوروز	نوروز|نوروز	نوروز	نوروز|نوروز	N1|N1	اسم|اسم	
3	بود	بود|بود|بود|بو|ود	بود	بود|بود|بود|بو + د|ب + ود	V+O|N1|V+O|V+O|O+N1	فعل ماضی ساده+سوم شخص مفرد|اسم|فعل ماضی ساده+سوم شخص مفرد|فعل مضارع ساده+سوم شخص مفرد|ب + اسم	
4	و	و|و|و	و	و|و|و	C0|Al|Ab	حرف ربط|حروف الفبا|اختصارات	
5	موقع	موقع	موقع	موقع	N1	اسم	
6	ترفیع	ترفیع	ترفیع	ترفیع	N1	اسم	
7	رتبه	رتبه	رتبه	رتبه	N1	اسم	
8	.	.	.	.	Si	علامت	

0	در	در|در|در|در|در	در	در|در|در|در|در	Pr|V|N1|N1|VPr	حرف اضافه|فعل امر مثبت|اسم|اسم|پیشوند فعل	
1	اداره	اداره	اداره	اداره	N1	اسم	
2	با	با	با	با	Pr	حرف اضافه	
3	هم‌قطارها‌	قطار	هم‌قطارها‌	هم + قطار + ها	O+N1+Pl	هم + اسم + علامت جمع	
4	قرارومدار	قرارومدار	قرارومدار	قرارومدار	N1	اسم	
5	گذاشته‌بودیم	گذاشت|گذاشت	گذاشته‌بودیم	گذاشت + ه + بود + یم|گذاشت + ه + بود + ی + م	V+O|V+O	فعل ماضی بعید+اول شخص جمع|فعل ماضی بعید+اول شخص مفرد	
6	که	که|که|که|که	که	که|که|که|که	C0|NA|N1|N1	حرف ربط|ضمیر پرسشی|اسم|اسم	
7	هرکس	هرکس	هرکس	هرکس	Ad	قید	
8	اول	اول	اول	اول	A0	صفت	
9	ترفیع	ترفیع	ترفیع	ترفیع	N1	اسم	
10	رتبه	رتبه	رتبه	رتبه	N1	اسم	
11	یافت	یافت	یافت	یافت	V+O	فعل ماضی ساده+سوم شخص مفرد	
12	،	،	،	،	Si	علامت	
13	به	به|به	به	به|به	Pr|N1	حرف اضافه|اسم	
14	عنوان	عنوان	عنوان	عنوان	N1	اسم	
15	ولیمه	ولیمه|ولی|ولی	ولیمه	ولیمه|ولی + م + ه|ولی + م + ه	N1|N1+O+O|N1+V	اسم|اسم + ضمیر ملکی اول شخص مفرد + ه|اسم + فعل اول شخص مفرد	
16	یک	یک	یک	یک	O	عدد حرفی	
17	مهمانی	مهمانی|مهمان	مهمان	مهمانی|مهمان + ی	N1|N1+O	اسم|اسم + ی	
18	دسته‌جمعی	دسته‌جمعی	دسته‌جمعی	دسته‌جمعی	A0	صفت	
19	کرده	کرده|کرد|کرد	کرده	کرده|کرد + ه|کرد + ه	N1|O+O|N1+O	اسم|ریشه ماضی + ه|اسم + ه	
20	،	،	،	،	Si	علامت	
21	کباب	کباب	کباب	کباب	N1	اسم	
22	غاز	غاز	غاز	غاز	N1	اسم	
23	صحیحی	صحیح	صحیح	صحیح + ی	A0+O	صفت + ی	
24	بدهد	ده	داد	ب + ده + د	V+O	فعل حال التزامی+سوم شخص مفرد	
25	دوستان	دوست	دوستان	دوست + ان	N1+O	اسم + ان	
26	نوش‌جان	نوش‌جان	نوش‌جان	نوش‌جان	Exp	عبارت	
27	نموده	نموده|نمود|نمود	نموده	نموده|نمود + ه|نمود + ه	A0|O+O|N1+O	صفت|ریشه ماضی + ه|اسم + ه	
28	به	به|به	به	به|به	Pr|N1	حرف اضافه|اسم	
29	عمر	عمر|عمر	عمر	عمر|عمر	N1|N3	اسم|اسم خاص اشخاص	
30	و	و|و|و	و	و|و|و	C0|Al|Ab	حرف ربط|حروف الفبا|اختصارات	
31	عزتش	عزت	عزت	عزت + ش	N1+O	اسم + ضمیر ملکی سوم شخص مفرد	
32	دعاکنند	دعاکنند	دعاکنند	دعاکنند	O	_
33	.	.	.	.	Si	علامت	

0	زد	زد|زد|زد	زد	زد|زد|زد	V+O|N1|Ab	فعل ماضی ساده+سوم شخص مفرد|اسم|اختصارات	
1	و	و|و|و	و	و|و|و	C0|Al|Ab	حرف ربط|حروف الفبا|اختصارات	
2	ترفیع	ترفیع	ترفیع	ترفیع	N1	اسم	
3	رتبه	رتبه	رتبه	رتبه	N1	اسم	
4	به	به|به	به	به|به	Pr|N1	حرف اضافه|اسم	
5	اسم	اسم|اس|اس	اسم	اسم|اس + م|اس + م	N1|N1+O|N1+V	اسم|اسم + ضمیر ملکی اول شخص مفرد|اسم + فعل اول شخص مفرد	
6	من	من	من	من	N5	ضمیر فاعلی	
7	درآمد	درآمد|درآمد	درآمد	درآمد|درآمد	V+O|N1	فعل ماضی ساده+سوم شخص مفرد|اسم	
8	.	.	.	.	Si	علامت	

0	فوراً	فوراً	فورا	فوراً	Ad	قید	
1	مسأله‌ی	مساله	مسأله‌ی	مساله	O	_
2	مهمانی	مهمانی|مهمان	مهمان	مهمانی|مهمان + ی	N1|N1+O	اسم|اسم + ی	
3	و	و|و|و	و	و|و|و	C0|Al|Ab	حرف ربط|حروف الفبا|اختصارات	
4	قرار	قرار|قرار	قرار	قرار|قرار	N1|N9	اسم|اسم موجود در ساختمان حرف اضافه و حرف ربط گروهی	
5	با	با	با	با	Pr	حرف اضافه	
6	رفقا	رفقا	رفقا	رفقا	N1	اسم	
7	را	را	را	را	Po	حرف اضافه پسین	
8	با	با	با	با	Pr	حرف اضافه	
9	عیالم	عیال|عیال	عیال	عیال + م|عیال + م	N1+O|N1+V	اسم + ضمیر ملکی اول شخص مفرد|اسم + فعل اول شخص مفرد	
10	که	که|که|که|که	که	که|که|که|که	C0|NA|N1|N1	حرف ربط|ضمیر پرسشی|اسم|اسم	
11	به	به|به	به	به|به	Pr|N1	حرف اضافه|اسم	
12	تازگی	تازگی|تازه|تاز	تازگی	تازگی|تازه + گی|تاز + ه + گی	Ad|A0+O|V1+O+O	قید|صفت + گی|بن مضارع + ه + گی	
13	باهم	باهم|اهم|باه|باه|اه|اه	باهم	باهم|ب + اهم|باه + م|باه + م|ب + اه + م|ب + اه + م	Ad|O+A0|N1+O|N1+V|O+N1+O|O+N1+V	قید|ب + صفت|اسم + ضمیر ملکی اول شخص مفرد|اسم + فعل اول شخص مفرد|ب + اسم + ضمیر ملکی اول شخص مفرد|ب + اسم + فعل اول شخص مفرد	
14	‌عروسی‌	عروسی|عروس	‌عروسی‌	عروسی|عروس + ی	N1|N1+O	اسم|اسم + ی	
15	کرده‌بودیم	کرد|کرد	کرده‌بودیم	کرد + ه + بود + یم|کرد + ه + بود + ی + م	V+O|V+O	فعل ماضی بعید+اول شخص جمع|فعل ماضی بعید+اول شخص مفرد	
16	درمیان‌	درم	درمیان‌	درم + ی + ان	N1+O+O	اسم + ی + ان	
17	گذاشتم	گذاشت	گذاشت	گذاشت + م	V+O	فعل ماضی ساده+اول شخص مفرد	
18	.	.	.	.	Si	علامت	

0	گفت	گفت|گفت	گفت	گفت|گفت	V+O|N1	فعل ماضی ساده+سوم شخص مفرد|اسم	
1	تو	تو|تو|تو	تو	تو|تو|تو	N5|Ad|N1	ضمیر فاعلی|قید|اسم	
2	شیرینی	شیرینی|شیرین|شیر	شیرینی	شیرینی|شیرین + ی|شیر + ین + ی	N1|A0+O|N1+O+O	اسم|صفت + ی|اسم + ین + ی	
3	عروسی	عروسی|عروس	عروس	عروسی|عروس + ی	N1|N1+O	اسم|اسم + ی	
4	هم	هم|هم|هم	هم	هم|هم|هم	Ad|C0|O	قید|حرف ربط|ضمیر مشترک/متقابل	
5	به	به|به	به	به|به	Pr|N1	حرف اضافه|اسم	
6	دوستانت	دوست	دوستان	دوست + ان + ت	N1+O+O	اسم + ان + ضمیر ملکی دوم شخص مفرد	
7	نداده‌ای	نداده|داد	داد	نداده + ای|ن + داد + ه + ای	A0+O|V+O	صفت + ای|فعل ماضی نقلی منفی+دوم شخص مفرد	
8	و	و|و|و	و	و|و|و	C0|Al|Ab	حرف ربط|حروف الفبا|اختصارات	
9	باید	باید	باید	باید	V4	فعل وجه نما	
10	در	در|در|در|در|در	در	در|در|در|در|در	Pr|V|N1|N1|VPr	حرف اضافه|فعل امر مثبت|اسم|اسم|پیشوند فعل	
11	این	این|این	این	این|این	A1|N6	صفت اشاره|ضمیر اشاره	
12	موقع	موقع	موقع	موقع	N1	اسم	
13	درست	درست|درس	درست	درست|درس + ت	A0|N1+O	صفت|اسم + ضمیر ملکی دوم شخص مفرد	
14	جلوشان	جلو	جلو	جلو + شان	A0+O	صفت + ضمیر ملکی سوم شخص جمع	
15	درآیی	درا|در|در|در	درآیی	درا + یی|در + ا + یی|در + ا + یی|در + ا + یی	V+O|O+O+O|N1+O+O|N1+O+O	فعل مضارع ساده+دوم شخص مفرد|ریشه مضارع + ا + یی|اسم + ا + یی|اسم + ا + یی	
16	.	.	.	.	Si	علامت	

0	ولی	ولی|ولی|ول|ول	ولی	ولی|ولی|ول + ی|ول + ی	C0|N1|A0+O|N1+O	حرف ربط|اسم|صفت + ی|اسم + ی	
1	چیزی	چیزی|چیز	چیز	چیزی|چیز + ی	Ad|N1+O	قید|اسم + ی	
2	که	که|که|که|که	که	که|که|که|که	C0|NA|N1|N1	حرف ربط|ضمیر پرسشی|اسم|اسم	
3	هست	هست|هست		هست|هست	V+O|N1	فعل مضارع ساده+سوم شخص مفرد|اسم	
4	چون	چون|چون	چون	چون|چون	C0|Pr	حرف ربط|حرف اضافه	
5	ظرف	ظرف	ظرف	ظرف	N1	اسم	
6	و	و|و|و	و	و|و|و	C0|Al|Ab	حرف ربط|حروف الفبا|اختصارات	
7	کارد	کارد|کار	کارد	کارد|کار + د	N1|V+O	اسم|فعل مضارع ساده+سوم شخص مفرد	
8	و	و|و|و	و	و|و|و	C0|Al|Ab	حرف ربط|حروف الفبا|اختصارات	
9	چنگال	چنگال	چنگال	چنگال	N1	اسم	
10	برای	برای|برا|بر	برای	برای|برا + ی|بر + ا + ی	Pr|A0+O|O+O+O	حرف اضافه|صفت + ی|ریشه مضارع + ا + ی	
11	دوازده	دوازده	دوازده	دوازده	O	عدد حرفی	
12	نفر	نفر	نفر	نفر	N1	اسم	
13	بیش‌تر	بیشتر|بیش	بیش	بیشتر|بیش + تر	A0|A0+O	صفت|صفت + علامت صفت تفضیلی	
14	نداریم	نداری|نداری|دار|دار|دار|دار|دار	داشت	نداری + م|نداری + م|ن + دار + یم|ن + دار + ی + م|ن + دار + یم|ن + دار + ی + م|ن + دار + ی + م	N1+O|N1+V|V+O|V+O|O+V5+V|O+V5+O+O|O+V5+O+V	اسم + ضمیر ملکی اول شخص مفرد|اسم + فعل اول شخص مفرد|فعل حال التزامی منفی+اول شخص جمع|فعل حال التزامی منفی+دوم شخص مفرد|ن + فعل کمکی + فعل اول شخص جمع|ن + فعل کمکی + ی + ضمیر ملکی اول شخص مفرد|ن + فعل کمکی + ی + فعل اول شخص مفرد	
15	یا	یا|یا	یا	یا|یا	C0|Intj	حرف ربط|صوت	
16	باید	باید	باید	باید	V4	فعل وجه نما	
17	باز	باز|باز|باز|باز|باز	باز	باز|باز|باز|باز|باز	V|A0|Ad|N1|VPr	فعل امر مثبت|صفت|قید|اسم|پیشوند فعل	
18	یک	یک	یک	یک	O	عدد حرفی	
19	دست	دست|دست	دست	دست|دست	N1|N9	اسم|اسم موجود در ساختمان حرف اضافه و حرف ربط گروهی	
20	دیگر	دیگر|دیگر|دی	دیگر	دیگر|دیگر|دی + گر	Ad|A2|N1+O	قید|صفت مبهم|اسم + گر	
21	خرید	خرید|خرید|خر|خر|خر	خرید	خرید|خرید|خر + ید|خر + ید|خر + ید	V+O|N1|V+O|N1+V|N1+V	فعل ماضی ساده+سوم شخص مفرد|اسم|فعل مضارع ساده+دوم شخص جمع|اسم + فعل دوم شخص جمع|اسم + فعل دوم شخص جمع	
22	و	و|و|و	و	و|و|و	C0|Al|Ab	حرف ربط|حروف الفبا|اختصارات	
23	یا	یا|یا	یا	یا|یا	C0|Intj	حرف ربط|صوت	
24	باید	باید	باید	باید	V4	فعل وجه نما	
25	عده‌ی	عده|عده	عده	عده + ی|عده + ی	N1+O|N1+O	اسم + ی|اسم + ی	
26	مهمان	مهمان|مه|مه	مهمان	مهمان|مه + مان|مه + مان	N1|N1+O|N1+O	اسم|اسم + ضمیر ملکی اول شخص جمع|اسم + ضمیر ملکی اول شخص جمع	
27	بیشتر	بیشتر|بیش|شتر	بیشتر	بیشتر|بیش + تر|بی + شتر	A0|A0+O|O+N1	صفت|صفت + علامت صفت تفضیلی|بی + اسم	
28	از	از	از	از	Pr	حرف اضافه	
29	یازده	یازده	یازده	یازده	O	عدد حرفی	
30	نفر	نفر	نفر	نفر	N1	اسم	
31	نباشد	باش	بود	ن + باش + د	V+O	فعل حال التزامی منفی+سوم شخص مفرد	
32	که	که|که|که|که	که	که|که|که|که	C0|NA|N1|N1	حرف ربط|ضمیر پرسشی|اسم|اسم	
33	با	با	با	با	Pr	حرف اضافه	
34	خودت	خودت|خود	خود	خودت|خود + ت	O|N1+O	ضمیر تاکیدی/انعکاسی|اسم + ضمیر ملکی دوم شخص مفرد	
35	بشود	شود|شو	شد	ب + شود|ب + شو + د	O+N1|V+O	ب + اسم|فعل حال التزامی+سوم شخص مفرد	
36	دوازده	دوازده	دوازده	دوازده	O	عدد حرفی	
37	نفر	نفر	نفر	نفر	N1	اسم	
38	.	.	.	.	Si	علامت	

0	گفتم	گفت|گفت|گفت	گفت	گفت + م|گفت + م|گفت + م	V+O|N1+O|N1+V	فعل ماضی ساده+اول شخص مفرد|اسم + ضمیر ملکی اول شخص مفرد|اسم + فعل اول شخص مفرد	
1	خودت	خودت|خود	خود	خودت|خود + ت	O|N1+O	ضمیر تاکیدی/انعکاسی|اسم + ضمیر ملکی دوم شخص مفرد	
2	بهتر	بهتر	بهتر	بهتر	A0	صفت	
3	می‌دانی	میدانی|دان|می|می	دانست	میدانی|می + دان + ی|می + دان + ی|می + دان + ی	A0|V+O|N1+O+O|N1+O+O	صفت|فعل حال اخباری+دوم شخص مفرد|اسم + دان + ی|اسم + دان + ی	
4	که	که|که|که|که	که	که|که|که|که	C0|NA|N1|N1	حرف ربط|ضمیر پرسشی|اسم|اسم	
5	در	در|در|در|در|در	در	در|در|در|در|در	Pr|V|N1|N1|VPr	حرف اضافه|فعل امر مثبت|اسم|اسم|پیشوند فعل	
6	این	این|این	این	این|این	A1|N6	صفت اشاره|ضمیر اشاره	
7	شب	شب	شب	شب	N1	اسم	
8	عیدی	عیدی|عید	عید	عیدی|عید + ی	N1|N1+O	اسم|اسم + ی	
9	مالیه	مالیه|مالی	مالیه	مالیه|مالی + ه	N1|A0+O	اسم|صفت + ه	
10	از	از	از	از	Pr	حرف اضافه	
11	چه	چه|چه|چه	چه	چه|چه|چه	NA|C0|A0	ضمیر پرسشی|حرف ربط|صفت	
12	قراراست	قراراست	قراراست	قراراست	O	_
13	و	و|و|و	و	و|و|و	C0|Al|Ab	حرف ربط|حروف الفبا|اختصارات	
14	بودجه	بودجه	بودجه	بودجه	N1	اسم	
15	ابدن	ابدن	ابدن	ابدن	O	_
16	اجازه‌ی	اجازه	اجازه	اجازه + ی	N1+O	اسم + ی	
17	خریدن	خرید|خر	خریدن	خرید + ن|خر + ید + ن	V2+O|V1+V+O	بن ماضی + ن|بن مضارع + فعل دوم شخص جمع + ن	
18	خرت‌و‌پرت	خرت و پرت	خرت‌و‌پرت	خرت و پرت	O	_
19	تازه	تازه|تاز	تازه	تازه|تاز + ه	A0|V1+O	صفت|بن مضارع + ه	
20	نمی‌دهد	ده	داد	نمی + ده + د	V+O	فعل حال اخباری منفی+سوم شخص مفرد	
21	و	و|و|و	و	و|و|و	C0|Al|Ab	حرف ربط|حروف الفبا|اختصارات	
22	دوستان	دوست	دوستان	دوست + ان	N1+O	اسم + ان	
23	هم	هم|هم|هم	هم	هم|هم|هم	Ad|C0|O	قید|حرف ربط|ضمیر مشترک/متقابل	
24	از	از	از	از	Pr	حرف اضافه	
25	بیست	بیست	بیست	بیست	O	عدد حرفی	
26	و	و|و|و	و	و|و|و	C0|Al|Ab	حرف ربط|حروف الفبا|اختصارات	
27	سه	سه	سه	سه	O	عدد حرفی	
28	چهار	چهار	چهار	چهار	O	عدد حرفی	
29	نفر	نفر	نفر	نفر	N1	اسم	
30	کم‌تر	کم	کم‌تر	کم + تر	A0+O	صفت + علامت صفت تفضیلی	
31	نمی‌شوند	شو	شد	نمی + شو + ند	V+O	فعل حال اخباری منفی+سوم شخص جمع	
32	.	.	.	.	Si	علامت	

0	گفت	گفت|گفت	گفت	گفت|گفت	V+O|N1	فعل ماضی ساده+سوم شخص مفرد|اسم	
1	یک	یک	یک	یک	O	عدد حرفی	
2	بر	بر|بر|بر|بر	بر	بر|بر|بر|بر	Pr|V|VPr|N1	حرف اضافه|فعل امر مثبت|پیشوند فعل|اسم	
3	‌نره‌خر	نره خر	‌نره‌خر	نره خر	O	_
4	گردن‌کلفت	گردن‌کلفت	گردن‌کلفت	گردن‌کلفت	A0	صفت	
5	را	را	را	را	Po	حرف اضافه پسین	
6	که	که|که|که|که	که	که|که|که|که	C0|NA|N1|N1	حرف ربط|ضمیر پرسشی|اسم|اسم	
7	نمی‌شود	شو	شد	نمی + شو + د	V+O	فعل حال اخباری منفی+سوم شخص مفرد	
8	وعده‌	وعده	وعده	وعده	N1	اسم	
9	گرفت	گرفت|گرفت	گرفت	گرفت|گرفت	V+O|N1	فعل ماضی ساده+سوم شخص مفرد|اسم	
10	.	.	.	.	Si	علامت	

0	تنها	تنها|تن|تن	تنها	تنها|تن + ها|تن + ها	A0|N1+Pl|N1+Pl	صفت|اسم + علامت جمع|اسم + علامت جمع	
1	همان	همان|همان|هم	همان	همان|همان|هم + ان	A1|N6|Ad+O	صفت اشاره|ضمیر اشاره|قید + ان	
2	رتبه‌های	رتبه	رتبه	رتبه + ها + ی	N1+Pl+O	اسم + علامت جمع + ی	
3	بالا	بالا|بال	بالا	بالا|بال + ا	A0|O+O	صفت|ریشه مضارع + ا	
4	را	را	را	را	Po	حرف اضافه پسین	
5	وعده‌بگیر	وعده بگیر	وعده‌بگیر	وعده بگیر	O	_
6	و	و|و|و	و	و|و|و	C0|Al|Ab	حرف ربط|حروف الفبا|اختصارات	
7	مابقی	مابقی	مابقی	مابقی	N1	اسم	
8	را	را	را	را	Po	حرف اضافه پسین	
9	نقداً	نقداً	نقدا	نقداً	Ad	قید	
10	خط‌بکش	خطب	خط‌بکش	خطب + ک + ش	N1+O+O	اسم + ک + ضمیر ملکی سوم شخص مفرد	
11	و	و|و|و	و	و|و|و	C0|Al|Ab	حرف ربط|حروف الفبا|اختصارات	
12	بگذار	گذار|گذار	گذاشت	ب + گذار|ب + گذار	V|O+N1	فعل امر مثبت|ب + اسم	
13	‌سماق‌	سماق	‌سماق‌	سماق	N1	اسم	
14	بمکند	مک|بم|مک	بمکند	ب + مک + ند|بم + ک + ند|ب + مک + ند	V+O|A0+O+V|O+N1+V	فعل حال التزامی+سوم شخص جمع|صفت + ک + فعل سوم شخص جمع|ب + اسم + فعل سوم شخص جمع	
15	.	.	.	.	Si	علامت	

0	گفتم	گفت|گفت|گفت	گفت	گفت + م|گفت + م|گفت + م	V+O|N1+O|N1+V	فعل ماضی ساده+اول شخص مفرد|اسم + ضمیر ملکی اول شخص مفرد|اسم + فعل اول شخص مفرد	
1	ای	ای|ای	ای	ای|ای	Intj|Ab	صوت|اختصارات	
2	بابا	بابا|بابا	بابا	بابا|بابا	N1|Sp	اسم|شاخص	
3	،	،	،	،	Si	علامت	
4	خدا	خدا	خدا	خدا	N1	اسم	
5	را	را	را	را	Po	حرف اضافه پسین	
6	خوش	خوش	خوش	خوش	A0	صفت	
7	نمی‌آید	نم	آمد	نم + ی + اید	N1+O+V	اسم + ی + فعل دوم شخص جمع	
8	.	.	.	.	Si	علامت	

0	این	این|این	این	این|این	A1|N6	صفت اشاره|ضمیر اشاره	
1	بدبخت‌ها	بدبخت	بدبخت	بدبخت + ها	A0+Pl	صفت + علامت جمع	
2	سال	سال	سال	سال	N1	اسم	
3	آزگار	آزگار|آز	آزگار	آزگار|آز + گار	A0|N1+O	صفت|اسم + گار	
4	یک	یک	یک	یک	O	عدد حرفی	
5	بار	بار|بار	بار	بار|بار	V|N1	فعل امر مثبت|اسم	
6	برایشان	برای|برا|بر	برایشان	برای + شان|برا + ی + شان|بر + ا + ی + شان	Pr+O|A0+O|O+O+O+O	حرف اضافه + ضمیر ملکی سوم شخص جمع|صفت + ضمیر ملکی سوم شخص جمع|ریشه مضارع + ا + ی + ضمیر ملکی سوم شخص جمع	
7	چنین	چنین	چنین	چنین	A2	صفت مبهم	
8	پایی	پایی|پا	پایی	پایی|پا + یی	A0|N1+O	صفت|اسم + یی	
9	می‌افتد	افت	افتاد	می + افت + د	V+O	فعل حال اخباری+سوم شخص مفرد	
10	و	و|و|و	و	و|و|و	C0|Al|Ab	حرف ربط|حروف الفبا|اختصارات	
11	شکم‌ها	شکم	شکم	شکم + ها	N1+Pl	اسم + علامت جمع	
12	را	را	را	را	Po	حرف اضافه پسین	
13	مدتی	مدت	مدت	مدت + ی	N1+O	اسم + ی	
14	است	است|اس		است|اس + ت	V+O|N1+O	فعل مضارع ساده+سوم شخص مفرد|اسم + ضمیر ملکی دوم شخص مفرد	
15	صابون‌	صابون	صابون	صابون	N1	اسم	
16	زده‌اند	زده|زد|زد	زد	زده + اند|زد + ه + اند|زد + ه + اند	A0+V|V+O|N1+O+V	صفت + فعل سوم شخص جمع|فعل ماضی نقلی+سوم شخص جمع|اسم + ه + فعل سوم شخص جمع	
16	که	که|که|که|که	که	که|که|که|که	C0|NA|N1|N1	حرف ربط|ضمیر پرسشی|اسم|اسم	
17	کباب	کباب	کباب	کباب	N1	اسم	
18	غاز	غاز	غاز	غاز	N1	اسم	
19	بخورند	خورند|بخور|بخور|خور	خورد	ب + خورند|بخور + ند|بخور + ند|ب + خور + ند	O+A0|N1+V|A0+V|V+O	ب + صفت|اسم + فعل سوم شخص جمع|صفت + فعل سوم شخص جمع|فعل حال التزامی+سوم شخص جمع	
20	و	و|و|و	و	و|و|و	C0|Al|Ab	حرف ربط|حروف الفبا|اختصارات	
21	ساعت‌شماری	ساعت‌شماری	ساعت‌شماری	ساعت‌شماری	N1	اسم	
22	می‌کنند	کن|کن	کرد	می + کن + ند|می + کن + ند	V+O|V+O	فعل حال اخباری+سوم شخص جمع|فعل حال اخباری+سوم شخص جمع	
23	.	.	.	.	Si	علامت	

0	اگر	اگر	اگر	اگر	C0	حرف ربط	
1	از	از	از	از	Pr	حرف اضافه	
2	زیرش	زیر	زیر	زیر + ش	A0+O	صفت + ضمیر ملکی سوم شخص مفرد	
3	دربروم	دررو	دربروم	ب + دررو + م	V+O	فعل حال التزامی+اول شخص مفرد	
4	چشمم	چشم|چشم|چش	چشم	چشم + م|چشم + م|چش + م + م	N1+O|N1+V|V+O	اسم + ضمیر ملکی اول شخص مفرد|اسم + فعل اول شخص مفرد|فعل مضارع ساده+اول شخص مفرد	
5	را	را	را	را	Po	حرف اضافه پسین	
6	درخواهند‌	در|در|در	درخواهند‌	در + خواه + ند|در + خواه + ند|در + خواه + ند	V1+O+V|N1+O+V|N1+O+V	بن مضارع + خواه + فعل سوم شخص جمع|اسم + خواه + فعل سوم شخص جمع|اسم + خواه + فعل سوم شخص جمع	
7	آورد	آورد|آور	آورد	آورد|آور + د	V+O|V+O	فعل ماضی ساده+سوم شخص مفرد|فعل مضارع ساده+سوم شخص مفرد	
8	و	و|و|و	و	و|و|و	C0|Al|Ab	حرف ربط|حروف الفبا|اختصارات	
9	حالا	حالا	حالا	حالا	Ad	قید	
10	که	که|که|که|که	که	که|که|که|که	C0|NA|N1|N1	حرف ربط|ضمیر پرسشی|اسم|اسم	
11	خودمانیم	خود	خودمانیم	خود + مان + یم	N1+O+V	اسم + ضمیر ملکی اول شخص جمع + فعل اول شخص جمع	
12	،	،	،	،	Si	علامت	
13	حق	حق|حق	حق	حق|حق	N1|N9	اسم|اسم موجود در ساختمان حرف اضافه و حرف ربط گروهی	
14	هم	هم|هم|هم	هم	هم|هم|هم	Ad|C0|O	قید|حرف ربط|ضمیر مشترک/متقابل	
15	دارند	دار|دار|دار	داشت	دار + ند|دار + ند|دار + ند	V+O|N1+V|V5+V	فعل مضارع ساده+سوم شخص جمع|اسم + فعل سوم شخص جمع|فعل کمکی + فعل سوم شخص جمع	
16	.	.	.	.	Si	علامت	

0	چطور	چطور|چطور	چطور	چطور|چطور	A0|Ad	صفت|قید	
1	است	است|اس		است|اس + ت	V+O|N1+O	فعل مضارع ساده+سوم شخص مفرد|اسم + ضمیر ملکی دوم شخص مفرد	
2	از	از	از	از	Pr	حرف اضافه	
3	منزل	منزل	منزل	منزل	N1	اسم	
4	یکی	یکی|یک	یک	یکی|یک + ی	A2|O+O	صفت مبهم|عدد حرفی + ی	
5	از	از	از	از	Pr	حرف اضافه	
6	دوستان	دوست	دوستان	دوست + ان	N1+O	اسم + ان	
7	و	و|و|و	و	و|و|و	C0|Al|Ab	حرف ربط|حروف الفبا|اختصارات	
8	آشنایان	آشنا	آشنا	آشنا	O	_
9	یک	یک	یک	یک	O	عدد حرفی	
10	‌دست	دست|دست	‌دست	دست|دست	N1|N9	اسم|اسم موجود در ساختمان حرف اضافه و حرف ربط گروهی	
11	دیگر	دیگر|دیگر|دی	دیگر	دیگر|دیگر|دی + گر	Ad|A2|N1+O	قید|صفت مبهم|اسم + گر	
12	ظرف	ظرف	ظرف	ظرف	N1	اسم	
13	و	و|و|و	و	و|و|و	C0|Al|Ab	حرف ربط|حروف الفبا|اختصارات	
14	لوازم	لوازم	لوازم	لوازم	N1	اسم	
15	عاریه	عاریه|عاری	عاریه	عاریه|عاری + ه	A0|A0+O	صفت|صفت + ه	
16	بگیریم	گیریم|بگیر|گیر|گیر|گیر	گرفت	ب + گیریم|بگیر + یم|ب + گیر + یم|ب + گیر + ی + م|ب + گیر + یم	O+N1|A0+V|V+O|V+O|O+A0+V	ب + اسم|صفت + فعل اول شخص جمع|فعل حال التزامی+اول شخص جمع|فعل حال التزامی+دوم شخص مفرد|ب + صفت + فعل اول شخص جمع	
17	.	.	.	.	Si	علامت	

0	اینک	اینک	اینک	اینک	Ad	قید	
1	روز	روز	روز	روز	N1	اسم	
2	دوم	دوم|دو|دو|دو	دوم	دوم|دو + م|دو + م|دو + م	A0|V+O|N1+O|N1+V	صفت|فعل مضارع ساده+اول شخص مفرد|اسم + ضمیر ملکی اول شخص مفرد|اسم + فعل اول شخص مفرد	
3	عید	عید	عید	عید	N1	اسم	
4	است	است|اس		است|اس + ت	V+O|N1+O	فعل مضارع ساده+سوم شخص مفرد|اسم + ضمیر ملکی دوم شخص مفرد	
5	و	و|و|و	و	و|و|و	C0|Al|Ab	حرف ربط|حروف الفبا|اختصارات	
6	تدارک	تدارک	تدارک	تدارک	N1	اسم	
7	پذیرایی	پذیرایی|پذیرا|پذیر	پذیرایی	پذیرایی|پذیرا + یی|پذیر + ا + یی	N1|A0+O|O+O+O	اسم|صفت + یی|ریشه مضارع + ا + یی	
8	از	از	از	از	Pr	حرف اضافه	
9	هرجهت	هرجهت	هرجهت	هرجهت	O	_
11	دیده	دیده|دید|دید	دیده	دیده|دید + ه|دید + ه	N1|O+O|N1+O	اسم|ریشه ماضی + ه|اسم + ه	
12	شده است	شد	شده است	شد + ه + است	V+O	فعل ماضی نقلی+سوم شخص مفرد	
13	.	.	.	.	Si	علامت	

0	علاوه‌بر	علاوه‌بر	علاوه‌بر	علاوه‌بر	Pr1	حرف اضافه گروهی	
1	غاز	غاز	غاز	غاز	N1	اسم	
2	معهود	معهود	معهود	معهود	A0	صفت	
3	،	،	،	،	Si	علامت	
4	آش	اش	آش	اش	Ab	اختصارات	
5	جو	جو|جو|جو	جو	جو|جو|جو	V|N1|N1	فعل امر مثبت|اسم|اسم	
6	اعلا	اعلا	اعلا	اعلا	A0	صفت	
7	و	و|و|و	و	و|و|و	C0|Al|Ab	حرف ربط|حروف الفبا|اختصارات	
8	کباب	کباب	کباب	کباب	N1	اسم	
9	بره‌ی	بره|بره|بر|بر	بره	بره + ی|بره + ی|بر + ه + ی|بر + ه + ی	N1+O|N1+O|V1+O+O|N1+O+O	اسم + ی|اسم + ی|بن مضارع + ه + ی|اسم + ه + ی	
10	ممتاز	ممتاز	ممتاز	ممتاز	A0	صفت	
11	و	و|و|و	و	و|و|و	C0|Al|Ab	حرف ربط|حروف الفبا|اختصارات	
12	دو	دو|دو|دو	دو	دو|دو|دو	O|V|N1	عدد حرفی|فعل امر مثبت|اسم	
13	رنگ	رنگ	رنگ	رنگ	N1	اسم	
14	پلو	پلو	پلو	پلو	N1	اسم	
15	و	و|و|و	و	و|و|و	C0|Al|Ab	حرف ربط|حروف الفبا|اختصارات	
16	چند	چند	چند	چند	NA	ضمیر پرسشی	
17	جور	جور|جور	جور	جور|جور	A0|N1	صفت|اسم	
18	خورش	خورش|خور	خورش	خورش|خور + ش	N1|V+O	اسم|فعل مضارع ساده+سوم شخص مفرد	
19	با	با	با	با	Pr	حرف اضافه	
20	تمام	تمام|تمام	تمام	تمام|تمام	A0|N9	صفت|اسم موجود در ساختمان حرف اضافه و حرف ربط گروهی	
21	مخلفات	مخلفات	مخلفات	مخلفات	N1	اسم	
22	‌روبه‌راه	روبه‌راه	‌روبه‌راه	روبه‌راه	A0	صفت	
23	‌شده‌است	شد	‌شده‌است	شد + ه + است	V+O	فعل ماضی نقلی+سوم شخص مفرد	
24	.	.	.	.	Si	علامت	

0	در	در|در|در|در|در	در	در|در|در|در|در	Pr|V|N1|N1|VPr	حرف اضافه|فعل امر مثبت|اسم|اسم|پیشوند فعل	
1	تختخواب	تختخواب	تختخواب	تختخواب	N1	اسم	
2	گرم	گرم|گرم|گرم|گر|گر|گر	گرم	گرم|گرم|گرم|گر + م|گر + م|گر + م	A0|N1|N1|V+O|N1+O|N1+V	صفت|اسم|اسم|فعل مضارع ساده+اول شخص مفرد|اسم + ضمیر ملکی اول شخص مفرد|اسم + فعل اول شخص مفرد	
3	و	و|و|و	و	و|و|و	C0|Al|Ab	حرف ربط|حروف الفبا|اختصارات	
4	نرم	نرم|نرم|رم|نر|نر	نرم	نرم|نرم|ن + رم|نر + م|نر + م	A0|N1|V|A0+O|A0+V	صفت|اسم|فعل امر منفی|صفت + ضمیر ملکی اول شخص مفرد|صفت + فعل اول شخص مفرد	
5	و	و|و|و	و	و|و|و	C0|Al|Ab	حرف ربط|حروف الفبا|اختصارات	
6	تازه‌ای	تازه|تاز	تازه	تازه + ای|تاز + ه + ای	A0+O|V1+O+O	صفت + ای|بن مضارع + ه + ای	
7	که	که|که|که|که	که	که|که|که|که	C0|NA|N1|N1	حرف ربط|ضمیر پرسشی|اسم|اسم	
8	از	از	از	از	Pr	حرف اضافه	
9	جمله‌ی	جمله|جمل	جمله	جمله + ی|جمل + ه + ی	N1+O|N1+O+O	اسم + ی|اسم + ه + ی	
10	اسباب	اسباب	اسباب	اسباب	N1	اسم	
11	جهاز	جهاز	جهاز	جهاز	N1	اسم	
12	خانم	خانم|خانم|خان|خان	خانم	خانم|خانم|خان + م|خان + م	N1|Sp|N1+O|N1+V	اسم|شاخص|اسم + ضمیر ملکی اول شخص مفرد|اسم + فعل اول شخص مفرد	
13	است	است|اس		است|اس + ت	V+O|N1+O	فعل مضارع ساده+سوم شخص مفرد|اسم + ضمیر ملکی دوم شخص مفرد	
14	لم	لم|لم|لم	لم	لم|لم|لم	V|N1|N1	فعل امر مثبت|اسم|اسم	
15	داده	داده|داد|داد	داده	داده|داد + ه|داد + ه	N1|O+O|N1+O	اسم|ریشه ماضی + ه|اسم + ه	
16	و	و|و|و	و	و|و|و	C0|Al|Ab	حرف ربط|حروف الفبا|اختصارات	
17	به	به|به	به	به|به	Pr|N1	حرف اضافه|اسم	
18	تفریح	تفریح	تفریح	تفریح	N1	اسم	
19	تمام	تمام|تمام	تمام	تمام|تمام	A0|N9	صفت|اسم موجود در ساختمان حرف اضافه و حرف ربط گروهی	
20	مشغول	مشغول	مشغول	مشغول	A0	صفت	
21	خواندن	خواند	خواندن	خواند + ن	V2+O	بن ماضی + ن	
22	حکایت‌های	حکایت	حکایت	حکایت + ها + ی	N1+Pl+O	اسم + علامت جمع + ی	
23	بی‌نظیر	بی‌نظیر	بی‌نظیر	بی‌نظیر	A0	صفت	
24	صادق	صادق	صادق	صادق	A0	صفت	
25	هدایت	هدایت	هدایت	هدایت	N1	اسم	
26	بودم	بود|بود|بود|بود|ود|ود	بود	بود + م|بود + م|بود + م|بود + م|ب + ود + م|ب + ود + م	V+O|N1+O|N1+V|V+O|O+N1+O|O+N1+V	فعل ماضی ساده+اول شخص مفرد|اسم + ضمیر ملکی اول شخص مفرد|اسم + فعل اول شخص مفرد|فعل ماضی ساده+اول شخص مفرد|ب + اسم + ضمیر ملکی اول شخص مفرد|ب + اسم + فعل اول شخص مفرد	
27	.	.	.	.	Si	علامت	

0	درست	درست|درس	درست	درست|درس + ت	A0|N1+O	صفت|اسم + ضمیر ملکی دوم شخص مفرد	
1	کیفور	کیفور	کیفور	کیفور	A0	صفت	
2	شده بودم	شد|شد	شده بودم	شد + ه + بود + م|شد + ه + بود + م	V3+O+O+O|V3+O+O+V	فعل اسنادی + ه + بود + ضمیر ملکی اول شخص مفرد|فعل اسنادی + ه + بود + فعل اول شخص مفرد	
3	که	که|که|که|که	که	که|که|که|که	C0|NA|N1|N1	حرف ربط|ضمیر پرسشی|اسم|اسم	
4	عیالم	عیال|عیال	عیال	عیال + م|عیال + م	N1+O|N1+V	اسم + ضمیر ملکی اول شخص مفرد|اسم + فعل اول شخص مفرد	
5	وارد	وارد	وارد	وارد	N1	اسم	
6	شد	شد	شد	شد	V+O	فعل ماضی ساده+سوم شخص مفرد	
7	و	و|و|و	و	و|و|و	C0|Al|Ab	حرف ربط|حروف الفبا|اختصارات	
8	گفت	گفت|گفت	گفت	گفت|گفت	V+O|N1	فعل ماضی ساده+سوم شخص مفرد|اسم	
9	جوان	جوان	جوان	جوان	A0	صفت	
10	دیلاقی	دیلاق	دیلاق	دیلاق + ی	A0+O	صفت + ی	
11	‌‌مصطفی‌نام	مصطفی نام	‌‌مصطفی‌نام	مصطفی نام	O	_
12	آمده	امد	آمده	امد + ه	N1+O	اسم + ه	
13	می‌گوید	گو	گفت	می + گو + ید	V+O	فعل حال اخباری+دوم شخص جمع	
14	پسرعموی	پسرعمو	پسرعموی	پسرعمو + ی	N1+O	اسم + ی	
15	تنی	تنی|تن|تن|تن	تنی	تنی|تن + ی|تن + ی|تن + ی	A0|V+O|N1+O|N1+O	صفت|فعل مضارع ساده+دوم شخص مفرد|اسم + ی|اسم + ی	
16	تو	تو|تو|تو	تو	تو|تو|تو	N5|Ad|N1	ضمیر فاعلی|قید|اسم	
17	است	است|اس		است|اس + ت	V+O|N1+O	فعل مضارع ساده+سوم شخص مفرد|اسم + ضمیر ملکی دوم شخص مفرد	
18	و	و|و|و	و	و|و|و	C0|Al|Ab	حرف ربط|حروف الفبا|اختصارات	
19	برای	برای|برا|بر	برای	برای|برا + ی|بر + ا + ی	Pr|A0+O|O+O+O	حرف اضافه|صفت + ی|ریشه مضارع + ا + ی	
20	عید	عید	عید	عید	N1	اسم	
21	مبارکی	مبارکی|مبارک	مبارک	مبارکی|مبارک + ی	N1|A0+O	اسم|صفت + ی	
22	شرفیاب	شرفیاب	شرفیاب	شرفیاب	A0	صفت	
23	شده است	شد	شده است	شد + ه + است	V+O	فعل ماضی نقلی+سوم شخص مفرد	
24	.	.	.	.	Si	علامت	

0	مصطفی	مصطفی	مصطفی	مصطفی	N3	اسم خاص اشخاص	
1	پسر	پسر	پسر	پسر	N1	اسم	
3	عموی	عمو	عمو	عمو + ی	N1+O	اسم + ی	
4	دختر	دختر	دختر	دختر	N1	اسم	
5	دایی	دایی|دایی	دایی	دایی|دایی	N1|Sp	اسم|شاخص	
6	خاله	خاله|خاله|خال	خاله	خاله|خاله|خال + ه	N1|Sp|N1+O	اسم|شاخص|اسم + ه	
7	مادرم	مادر|مادر	مادر	مادر + م|مادر + م	N1+O|N1+V	اسم + ضمیر ملکی اول شخص مفرد|اسم + فعل اول شخص مفرد	
8	می‌شد	شد	شد	می + شد	V+O	فعل ماضی استمراری+سوم شخص مفرد	
0	.	.	.	.	Si	علامت	

0	جوانی	جوانی|جوان	جوان	جوانی|جوان + ی	N1|A0+O	اسم|صفت + ی	
1	به	به|به	به	به|به	Pr|N1	حرف اضافه|اسم	
2	سن	سن|سن	سن	سن|سن	N1|N1	اسم|اسم	
3	بیست	بیست	بیست	بیست	O	عدد حرفی	
4	و	و|و|و	و	و|و|و	C0|Al|Ab	حرف ربط|حروف الفبا|اختصارات	
5	پنج	پنج	پنج	پنج	O	عدد حرفی	
6	یا	یا|یا	یا	یا|یا	C0|Intj	حرف ربط|صوت	
7	بیست	بیست	بیست	بیست	O	عدد حرفی	
8	و	و|و|و	و	و|و|و	C0|Al|Ab	حرف ربط|حروف الفبا|اختصارات	
9	شش	شش|شش	شش	شش|شش	O|N1	عدد حرفی|اسم	
10	.	.	.	.	Si	علامت	

0	لات‌ولوت	لات‌ولوت	لات‌ولوت	لات‌ولوت	A0	صفت	
1	و	و|و|و	و	و|و|و	C0|Al|Ab	حرف ربط|حروف الفبا|اختصارات	
2	آسمان‌جل	آسمان جل	آسمان‌جل	آسمان جل	O	_
3	و	و|و|و	و	و|و|و	C0|Al|Ab	حرف ربط|حروف الفبا|اختصارات	
4	بی‌دست‌وپا	بی‌دست‌وپا	بی‌دست‌وپا	بی‌دست‌وپا	A0	صفت	
5	و	و|و|و	و	و|و|و	C0|Al|Ab	حرف ربط|حروف الفبا|اختصارات	
6	پخمه	پخمه|پخم	پخمه	پخمه|پخم + ه	A0|N1+O	صفت|اسم + ه	
7	و	و|و|و	و	و|و|و	C0|Al|Ab	حرف ربط|حروف الفبا|اختصارات	
8	گاگول	گاگول	گاگول	گاگول	O	_
9	و	و|و|و	و	و|و|و	C0|Al|Ab	حرف ربط|حروف الفبا|اختصارات	
10	تا	تا|تا|تا	تا	تا|تا|تا	Pr|C0|Ab	حرف اضافه|حرف ربط|اختصارات	
11	بخواهی	خواه|خواه|خواه	خواست	ب + خواه + ی|ب + خواه + ی|ب + خواه + ی	V+O|O+Ad+O|O+V5+O	فعل حال التزامی+دوم شخص مفرد|ب + قید + ی|ب + فعل کمکی + ی	
12	بدریخت	بدریخت	بدریخت	بدریخت	A0	صفت	
13	و	و|و|و	و	و|و|و	C0|Al|Ab	حرف ربط|حروف الفبا|اختصارات	
14	بدقواره	بدقواره|دق	بدقواره	بدقواره|ب + دق + واره	A0|O+N1+O	صفت|ب + اسم + واره	
15	.	.	.	.	Si	علامت	

0	هروقت‌	هروقت	هروقت‌	هروقت	O	_
1	می‌خواست	خواست|خواست	خواست	می + خواست|می + خواست	V+O|O+V5	فعل ماضی استمراری+سوم شخص مفرد|می + فعل کمکی	
2	حرفی	حرفی|حرف|حرف	حرف	حرفی|حرف + ی|حرف + ی	A0|N1+O|N1+O	صفت|اسم + ی|اسم + ی	
3	بزند	زن|بز	زد	ب + زن + د|بز + ند	V+O|N1+V	فعل حال التزامی+سوم شخص مفرد|اسم + فعل سوم شخص جمع	
4	،	،	،	،	Si	علامت	
5	رنگ	رنگ	رنگ	رنگ	N1	اسم	
6	می‌گذاشت	گذاشت	گذاشت	می + گذاشت	V+O	فعل ماضی استمراری+سوم شخص مفرد	
7	و	و|و|و	و	و|و|و	C0|Al|Ab	حرف ربط|حروف الفبا|اختصارات	
8	رنگ	رنگ	رنگ	رنگ	N1	اسم	
9	برمی‌داشت	برداشت	برمی‌داشت	می + برداشت	V+O	فعل ماضی استمراری+سوم شخص مفرد	
10	و	و|و|و	و	و|و|و	C0|Al|Ab	حرف ربط|حروف الفبا|اختصارات	
11	مثل	مثل|مثل|مثل	مثل	مثل|مثل|مثل	N1|N9|N1	اسم|اسم موجود در ساختمان حرف اضافه و حرف ربط گروهی|اسم	
12	این‌که	اینکه	این‌که	اینکه	Ad	قید	
13	دسته	دست	دسته	دست + ه	N1+O	اسم + ه	
14	هاون	هاون	هاون	هاون	N1	اسم	
15	برنجی	برنجی|برنج	برنجی	برنجی|برنج + ی	A0|N1+O	صفت|اسم + ی	
16	در	در|در|در|در|در	در	در|در|در|در|در	Pr|V|N1|N1|VPr	حرف اضافه|فعل امر مثبت|اسم|اسم|پیشوند فعل	
17	گلویش	گلو	گلو	گلو + ی + ش	N1+O+O	اسم + ی + ضمیر ملکی سوم شخص مفرد	
18	گیر	گیر|گیر	گیر	گیر|گیر	V|A0	فعل امر مثبت|صفت	
19	کرده باشد	کرد	کرده باشد	کرد + ه + باش + د	V+O	فعل ماضی التزامی+سوم شخص مفرد	
20	دهنش	دهن	دهنش	دهن + ش	N1+O	اسم + ضمیر ملکی سوم شخص مفرد	
21	بازمی‌ماند	بازماند	بازمی‌ماند	می + بازماند	V+O	فعل ماضی استمراری+سوم شخص مفرد	
22	و	و|و|و	و	و|و|و	C0|Al|Ab	حرف ربط|حروف الفبا|اختصارات	
23	به	به|به	به	به|به	Pr|N1	حرف اضافه|اسم	
24	خرخر	خرخر	خرخر	خرخر	N1	اسم	
25	می‌افتاد	افتاد	افتاد	می + افتاد	V+O	فعل ماضی استمراری+سوم شخص مفرد	
26	.	.	.	.	Si	علامت	

0	الحمد	الحمد	الحمد	الحمد	N1	اسم	
1	الله	الله	الله	الله	N1	اسم	
2	سالی	سالی|سال	سال	سالی|سال + ی	Ad|N1+O	قید|اسم + ی	
3	یک‌مرتبه	یک‌مرتبه	یک‌مرتبه	یک‌مرتبه	Ad	قید	
4	بیش‌تر	بیشتر|بیش	بیش	بیشتر|بیش + تر	A0|A0+O	صفت|صفت + علامت صفت تفضیلی	
5	از	از	از	از	Pr	حرف اضافه	
6	زیارت	زیارت	زیارت	زیارت	N1	اسم	
7	جمالش	جمال	جمال	جمال + ش	N1+O	اسم + ضمیر ملکی سوم شخص مفرد	
8	مسرور	مسرور	مسرور	مسرور	A0	صفت	
9	و	و|و|و	و	و|و|و	C0|Al|Ab	حرف ربط|حروف الفبا|اختصارات	
10	مشعوف	مشعوف	مشعوف	مشعوف	A0	صفت	
11	نمی‌شدم	شد	شد	نمی + شد + م	V+O	فعل ماضی استمراری منفی+اول شخص مفرد	
12	.	.	.	.	Si	علامت	

0	به	به|به	به	به|به	Pr|N1	حرف اضافه|اسم	
1	زنم	زن|زن|زن	زد	زن + م|زن + م|زن + م	V+O|N1+O|N1+V	فعل مضارع ساده+اول شخص مفرد|اسم + ضمیر ملکی اول شخص مفرد|اسم + فعل اول شخص مفرد	
2	گفتم	گفت|گفت|گفت	گفت	گفت + م|گفت + م|گفت + م	V+O|N1+O|N1+V	فعل ماضی ساده+اول شخص مفرد|اسم + ضمیر ملکی اول شخص مفرد|اسم + فعل اول شخص مفرد	
3	تو	تو|تو|تو	تو	تو|تو|تو	N5|Ad|N1	ضمیر فاعلی|قید|اسم	
4	را	را	را	را	Po	حرف اضافه پسین	
5	به	به|به	به	به|به	Pr|N1	حرف اضافه|اسم	
6	خدا	خدا	خدا	خدا	N1	اسم	
7	بگو	گو	گفت	ب + گو	V	فعل امر مثبت	
8	فلانی	فلانی	فلان	فلانی	A2	صفت مبهم	
9	هنوز	هنوز	هنوز	هنوز	Ad	قید	
10	از	از	از	از	Pr	حرف اضافه	
11	خواب	خواب|خواب	خواب	خواب|خواب	V|N1	فعل امر مثبت|اسم	
12	بیدار	بیدار|دار	بیدار	بیدار|بی + دار	A0|O+N1	صفت|بی + اسم	
13	نشده	شد	شد	ن + شد + ه	O+V3+O	ن + فعل اسنادی + ه	
14	و	و|و|و	و	و|و|و	C0|Al|Ab	حرف ربط|حروف الفبا|اختصارات	
15	شر	شر|شر	شر	شر|شر	A0|N1	صفت|اسم	
16	این	این|این	این	این|این	A1|N6	صفت اشاره|ضمیر اشاره	
17	غول	غول	غول	غول	N1	اسم	
19	بی‌شاخ‌ودم‌	بی‌شاخ‌ودم	بی‌شاخ‌ودم‌	بی‌شاخ‌ودم	A0	صفت	
20	را	را	را	را	Po	حرف اضافه پسین	
21	از	از	از	از	Pr	حرف اضافه	
22	سر	سر|سر|سر|سر	سر	سر|سر|سر|سر	V|N1|N1|N9	فعل امر مثبت|اسم|اسم|اسم موجود در ساختمان حرف اضافه و حرف ربط گروهی	
23	ما	ما	ما	ما	N5	ضمیر فاعلی	
24	بکن	بکن|کن|کن	کرد	بکن|ب + کن|ب + کن	A0|V|V	صفت|فعل امر مثبت|فعل امر مثبت	
25	و	و|و|و	و	و|و|و	C0|Al|Ab	حرف ربط|حروف الفبا|اختصارات	
26	بگذار	گذار|گذار	گذاشت	ب + گذار|ب + گذار	V|O+N1	فعل امر مثبت|ب + اسم	
27	برود	رود|رو	رفت	ب + رود|ب + رو + د	O+N1|V+O	ب + اسم|فعل حال التزامی+سوم شخص مفرد	
28	لای	لای|لا	لا	لای|لا + ی	N1|A0+O	اسم|صفت + ی	
29	دست	دست|دست	دست	دست|دست	N1|N9	اسم|اسم موجود در ساختمان حرف اضافه و حرف ربط گروهی	
30	بابای	بابا	بابا	بابا + ی	N1+O	اسم + ی	
31	علیه	علیه|علیه|علی	علیه	علیه|علیه|علی + ه	N1|N9|A0+O	اسم|اسم موجود در ساختمان حرف اضافه و حرف ربط گروهی|صفت + ه	
32	‌الرحمه‌‌اش	الرحمه  اش	‌الرحمه‌‌اش	الرحمه  اش	O	_
33	.	.	.	.	Si	علامت	

0	گفت	گفت|گفت	گفت	گفت|گفت	V+O|N1	فعل ماضی ساده+سوم شخص مفرد|اسم	
1	به	به|به	به	به|به	Pr|N1	حرف اضافه|اسم	
2	من	من	من	من	N5	ضمیر فاعلی	
3	دخلی	دخل	دخل	دخل + ی	N1+O	اسم + ی	
4	ندارد	دار|دار	داشت	ن + دار + د|ن + دار + د	V+O|O+V5+O	فعل حال التزامی منفی+سوم شخص مفرد|ن + فعل کمکی + د	
5	!	!	!	!	Si	علامت	

0	مال	مال|مال	مال	مال|مال	V|N1	فعل امر مثبت|اسم	
1	بد	بد	بد	بد	A0	صفت	
2	بیخ	بیخ	بیخ	بیخ	N1	اسم	
3	ریش	ریش|ری	ریش	ریش|ری + ش	N1|N1+O	اسم|اسم + ضمیر ملکی سوم شخص مفرد	
4	صاحبش	صاحب	صاحب	صاحب + ش	N1+O	اسم + ضمیر ملکی سوم شخص مفرد	
5	.	.	.	.	Si	علامت	

0	ماشاء‌الله	ماشاء‌الله	ماشاء‌الله	ماشاء‌الله	N1	اسم	
1	هفت	هفت	هفت	هفت	O	عدد حرفی	
2	قرآن	قران|قر	قرآن	قران|قر + ان	N1|N1+O	اسم|اسم + ان	
3	به	به|به	به	به|به	Pr|N1	حرف اضافه|اسم	
4	میان	میان|می|می	میان	میان|می + ان|می + ان	N1|N1+O|N1+O	اسم|اسم + ان|اسم + ان	
5	پسر	پسر	پسر	پسر	N1	اسم	
6	عموی	عمو	عمو	عمو + ی	N1+O	اسم + ی	
7	دسته	دست	دسته	دست + ه	N1+O	اسم + ه	
8	دیزی	دیزی|دیز	دیزی	دیزی|دیز + ی	N1|N1+O	اسم|اسم + ی	
9	خودت	خودت|خود	خود	خودت|خود + ت	O|N1+O	ضمیر تاکیدی/انعکاسی|اسم + ضمیر ملکی دوم شخص مفرد	
10	است	است|اس		است|اس + ت	V+O|N1+O	فعل مضارع ساده+سوم شخص مفرد|اسم + ضمیر ملکی دوم شخص مفرد	
11	.	.	.	.	Si	علامت	

0	هرگلی	هرگلی	هرگلی	هرگلی	O	_
1	هست	هست|هست		هست|هست	V+O|N1	فعل مضارع ساده+سوم شخص مفرد|اسم	
2	به	به|به	به	به|به	Pr|N1	حرف اضافه|اسم	
3	سر	سر|سر|سر|سر	سر	سر|سر|سر|سر	V|N1|N1|N9	فعل امر مثبت|اسم|اسم|اسم موجود در ساختمان حرف اضافه و حرف ربط گروهی	
4	خودت	خودت|خود	خود	خودت|خود + ت	O|N1+O	ضمیر تاکیدی/انعکاسی|اسم + ضمیر ملکی دوم شخص مفرد	
5	بزن	بزن|زن|زن	زد	بزن|ب + زن|ب + زن	A0|V|O+N1	صفت|فعل امر مثبت|ب + اسم	
6	.	.	.	.	Si	علامت	

0	من	من	من	من	N5	ضمیر فاعلی	
1	اساسن	اساسن	اساسن	اساسن	O	_
2	شرط	شرط|شرط	شرط	شرط|شرط	N1|N9	اسم|اسم موجود در ساختمان حرف اضافه و حرف ربط گروهی	
3	کرده‌ام	کرده|کرده|کرد|کرد|کرد	کرد	کرده + ام|کرده + ام|کرد + ه + ام|کرد + ه + ام|کرد + ه + ام	N1+O|N1+V|V+O|N1+O+O|N1+O+V	اسم + ضمیر ملکی اول شخص مفرد|اسم + فعل اول شخص مفرد|فعل ماضی نقلی+اول شخص مفرد|اسم + ه + ضمیر ملکی اول شخص مفرد|اسم + ه + فعل اول شخص مفرد	
4	با	با	با	با	Pr	حرف اضافه	
5	قوم	قوم|قو|قو	قوم	قوم|قو + م|قو + م	N1|N1+O|N1+V	اسم|اسم + ضمیر ملکی اول شخص مفرد|اسم + فعل اول شخص مفرد	
6	و	و|و|و	و	و|و|و	C0|Al|Ab	حرف ربط|حروف الفبا|اختصارات	
7	خویش‌های	خویش	خویش	خویش	O	_
8	ددری	ددری	ددری	ددری	O	_
9	تو	تو|تو|تو	تو	تو|تو|تو	N5|Ad|N1	ضمیر فاعلی|قید|اسم	
10	هیچ	هیچ	هیچ	هیچ	A1	صفت اشاره	
11	سروکاری	سروکار	سروکار	سروکار + ی	N1+O	اسم + ی	
12	نداشته باشم	داشت	نداشته باشم	ن + داشت + ه + باش + م	V+O	فعل ماضی التزامی منفی+اول شخص مفرد	
13	؛	؛	؛	؛	Si	علامت	
14	آن‌هم	آن هم	آن‌هم	آن هم	O	_
15	با	با	با	با	Pr	حرف اضافه	
16	چنین	چنین	چنین	چنین	A2	صفت مبهم	
17	لندهور	لندهور	لندهور	لندهور	A0	صفت	
18	الدنگی	الدنگ	الدنگ	الدنگ + ی	A0+O	صفت + ی	
19	.	.	.	.	Si	علامت	

0	دیدم	دید|دید|دید	دید	دید + م|دید + م|دید + م	V+O|N1+O|N1+V	فعل ماضی ساده+اول شخص مفرد|اسم + ضمیر ملکی اول شخص مفرد|اسم + فعل اول شخص مفرد	
1	چاره‌ای	چاره|چار	چاره	چاره + ای|چار + ه + ای	N1+O|N1+O+O	اسم + ای|اسم + ه + ای	
2	نیست	نیست|است|نی	نیست	نیست|نی + است|نی + ست	N1|V+O|N1+O	اسم|فعل مضارع ساده منفی+سوم شخص مفرد|اسم + ضمیر ملکی سوم شخص مفرد	
3	و	و|و|و	و	و|و|و	C0|Al|Ab	حرف ربط|حروف الفبا|اختصارات	
4	خدا	خدا	خدا	خدا	N1	اسم	
5	را	را	را	را	Po	حرف اضافه پسین	
6	هم	هم|هم|هم	هم	هم|هم|هم	Ad|C0|O	قید|حرف ربط|ضمیر مشترک/متقابل	
7	خوش	خوش	خوش	خوش	A0	صفت	
8	نمی‌آید	نم	آمد	نم + ی + اید	N1+O+V	اسم + ی + فعل دوم شخص جمع	
9	این	این|این	این	این|این	A1|N6	صفت اشاره|ضمیر اشاره	
10	بیچاره	بیچاره|چاره|چار	بیچاره	بیچاره|بی + چاره|بی + چار + ه	A0|O+N1|O+N1+O	صفت|بی + اسم|بی + اسم + ه	
11	که	که|که|که|که	که	که|که|که|که	C0|NA|N1|N1	حرف ربط|ضمیر پرسشی|اسم|اسم	
12	لابد	لابد	لابد	لابد	Ad	قید	
13	از	از	از	از	Pr	حرف اضافه	
14	راه	راه|راه	راه	راه|راه	N1|N9	اسم|اسم موجود در ساختمان حرف اضافه و حرف ربط گروهی	
15	دور	دور|دور	دور	دور|دور	A0|N1	صفت|اسم	
16	و	و|و|و	و	و|و|و	C0|Al|Ab	حرف ربط|حروف الفبا|اختصارات	
17	دراز	دراز	دراز	دراز	A0	صفت	
18	با	با	با	با	Pr	حرف اضافه	
19	شکم	شکم|شک|شک	شکم	شکم|شک + م|شک + م	N1|N1+O|N1+V	اسم|اسم + ضمیر ملکی اول شخص مفرد|اسم + فعل اول شخص مفرد	
20	گرسنه	گرسنه	گرسنه	گرسنه	A0	صفت	
21	و	و|و|و	و	و|و|و	C0|Al|Ab	حرف ربط|حروف الفبا|اختصارات	
22	پای	پای|پا|پا	پای	پای|پا + ی|پا + ی	N1|V+O|N1+O	اسم|فعل مضارع ساده+دوم شخص مفرد|اسم + ی	
23	برهنه	برهنه|رهن	برهنه	برهنه|ب + رهن + ه	A0|O+N1+O	صفت|ب + اسم + ه	
24	به	به|به	به	به|به	Pr|N1	حرف اضافه|اسم	
25	امید	امید|ام	امید	امید|ام + ید	N3|N1+V	اسم خاص اشخاص|اسم + فعل دوم شخص جمع	
26	چند	چند	چند	چند	NA	ضمیر پرسشی	
27	ریال	ریال	ریال	ریال	N1	اسم	
28	عیدی	عیدی|عید	عید	عیدی|عید + ی	N1|N1+O	اسم|اسم + ی	
29	آمده	امد	آمده	امد + ه	N1+O	اسم + ه	
30	ناامید	ناامید|امید|ام	ناامید	ناامید|نا + امید|نا + ام + ید	A0|O+N3|O+N1+V	صفت|نا + اسم خاص اشخاص|نا + اسم + فعل دوم شخص جمع	
31	کنم	کن|کن	کرد	کن + م|کن + م	V+O|V+O	فعل مضارع ساده+اول شخص مفرد|فعل مضارع ساده+اول شخص مفرد	
32	.	.	.	.	Si	علامت	

0	پیش	پیش|پیش|پی	پیش	پیش|پیش|پی + ش	A0|N9|N1+O	صفت|اسم موجود در ساختمان حرف اضافه و حرف ربط گروهی|اسم + ضمیر ملکی سوم شخص مفرد	
1	خودم	خودم|خود|خود	خودم	خودم|خود + م|خود + م	O|N1+O|N1+V	ضمیر تاکیدی/انعکاسی|اسم + ضمیر ملکی اول شخص مفرد|اسم + فعل اول شخص مفرد	
2	گفتم	گفت|گفت|گفت	گفت	گفت + م|گفت + م|گفت + م	V+O|N1+O|N1+V	فعل ماضی ساده+اول شخص مفرد|اسم + ضمیر ملکی اول شخص مفرد|اسم + فعل اول شخص مفرد	
3	چنین	چنین	چنین	چنین	A2	صفت مبهم	
4	روز	روز	روز	روز	N1	اسم	
5	مبارکی	مبارکی|مبارک	مبارک	مبارکی|مبارک + ی	N1|A0+O	اسم|صفت + ی	
6	‌‌صله‌ی‌ارحام	صله ی ارحام	‌‌صله‌ی‌ارحام	صله ی ارحام	O	_
7	نکنی	کن|کن	کرد	ن + کن + ی|ن + کن + ی	V+O|V+O	فعل حال التزامی منفی+دوم شخص مفرد|فعل حال التزامی منفی+دوم شخص مفرد	
8	کی	کی|کی|کی	کی	کی|کی|کی	NA|NA|Ab	ضمیر پرسشی|ضمیر پرسشی|اختصارات	
9	خواهی کرد	کرد	خواهی کرد	خواهی + کرد	V+O	فعل آینده مثبت+دوم شخص مفرد	
10	؟	؟	؟	؟	Si	علامت	

0	لذا	لذا	لذا	لذا	Ad	قید	
1	صدایش	صدا	صدا	صدا + ی + ش	N1+O	اسم + ضمیر ملکی سوم شخص مفرد	
2	کردم	کرد|کرد|کرد	کرد	کرد + م|کرد + م|کرد + م	V+O|N1+O|N1+V	فعل ماضی ساده+اول شخص مفرد|اسم + ضمیر ملکی اول شخص مفرد|اسم + فعل اول شخص مفرد	
3	،	،	،	،	Si	علامت	
4	سرش	سرش	سر	سرش	V	فعل امر مثبت	
5	را	را	را	را	Po	حرف اضافه پسین	
6	خم	خم|خم|خم	خم	خم|خم|خم	V|A0|N1	فعل امر مثبت|صفت|اسم	
7	کرده	کرده|کرد|کرد	کرده	کرده|کرد + ه|کرد + ه	N1|O+O|N1+O	اسم|ریشه ماضی + ه|اسم + ه	
8	وارد	وارد	وارد	وارد	N1	اسم	
9	شد	شد	شد	شد	V+O	فعل ماضی ساده+سوم شخص مفرد	
10	.	.	.	.	Si	علامت	

0	دیدم	دید|دید|دید	دید	دید + م|دید + م|دید + م	V+O|N1+O|N1+V	فعل ماضی ساده+اول شخص مفرد|اسم + ضمیر ملکی اول شخص مفرد|اسم + فعل اول شخص مفرد	
1	ماشاء‌الله	ماشاء‌الله	ماشاء‌الله	ماشاء‌الله	N1	اسم	
2	چشم	چشم|چشم|چش	چشم	چشم|چشم|چش + م	N1|Ad|V+O	اسم|قید|فعل مضارع ساده+اول شخص مفرد	
3	بد	بد	بد	بد	A0	صفت	
4	دور	دور|دور	دور	دور|دور	A0|N1	صفت|اسم	
5	آقا	آقا|آقا	آقا	آقا|آقا	N1|Sp	اسم|شاخص	
6	واترقیده‌اند	واترقیده اند	واترقیده‌اند	واترقیده اند	O	_
7	.	.	.	.	Si	علامت	

0	قدش	قد|قد	قد	قد + ش|قد + ش	N1+O|A0+O	اسم + ضمیر ملکی سوم شخص مفرد|صفت + ضمیر ملکی سوم شخص مفرد	
1	درازتر	دراز	دراز	دراز + تر	A0+O	صفت + علامت صفت تفضیلی	
2	و	و|و|و	و	و|و|و	C0|Al|Ab	حرف ربط|حروف الفبا|اختصارات	
3	‌پک‌وپوزش	پک‌وپوز	‌پک‌وپوزش	پک‌وپوز + ش	N1+O	اسم + ضمیر ملکی سوم شخص مفرد	
4	کریه‌تر	کریه|کری	کریه	کریه + تر|کری + ه + تر	A0+O|N1+O+O	صفت + علامت صفت تفضیلی|اسم + ه + علامت صفت تفضیلی	
5	شده است	شد	شده است	شد + ه + است	V+O	فعل ماضی نقلی+سوم شخص مفرد	
6	.	.	.	.	Si	علامت	

0	گردنش	گردن	گردن	گردن + ش	N1+O	اسم + ضمیر ملکی سوم شخص مفرد	
1	مثل	مثل|مثل|مثل	مثل	مثل|مثل|مثل	N1|N9|N1	اسم|اسم موجود در ساختمان حرف اضافه و حرف ربط گروهی|اسم	
2	گردن	گردن	گردن	گردن	N1	اسم	
3	همان	همان|همان|هم	همان	همان|همان|هم + ان	A1|N6|Ad+O	صفت اشاره|ضمیر اشاره|قید + ان	
4	غاز	غاز	غاز	غاز	N1	اسم	
5	مادر	مادر	مادر	مادر	N1	اسم	
6	مرده‌ای	مرده|مرد|مرد	مرد	مرده + ای|مرد + ه + ای|مرد + ه + ای	A0+O|N1+O+O|V+O	صفت + ای|اسم + ه + ای|فعل ماضی نقلی+دوم شخص مفرد	
7	که	که|که|که|که	که	که|که|که|که	C0|NA|N1|N1	حرف ربط|ضمیر پرسشی|اسم|اسم	
8	در	در|در|در|در|در	در	در|در|در|در|در	Pr|V|N1|N1|VPr	حرف اضافه|فعل امر مثبت|اسم|اسم|پیشوند فعل	
9	همان	همان|همان|هم	همان	همان|همان|هم + ان	A1|N6|Ad+O	صفت اشاره|ضمیر اشاره|قید + ان	
10	ساعت	ساعت	ساعت	ساعت	N1	اسم	
11	در	در|در|در|در|در	در	در|در|در|در|در	Pr|V|N1|N1|VPr	حرف اضافه|فعل امر مثبت|اسم|اسم|پیشوند فعل	
12	دیگ	دیگ	دیگ	دیگ	N1	اسم	
13	مشغول	مشغول	مشغول	مشغول	A0	صفت	
14	‌کباب	کباب	‌کباب	کباب	N1	اسم	
15	شدن	شد	شدن	شد + ن	V3+O	فعل اسنادی + ن	
16	بود	بود|بود|بود|بو|ود	بود	بود|بود|بود|بو + د|ب + ود	V+O|N1|V+O|V+O|O+N1	فعل ماضی ساده+سوم شخص مفرد|اسم|فعل ماضی ساده+سوم شخص مفرد|فعل مضارع ساده+سوم شخص مفرد|ب + اسم	
17	سر	سر|سر|سر|سر	سر	سر|سر|سر|سر	V|N1|N1|N9	فعل امر مثبت|اسم|اسم|اسم موجود در ساختمان حرف اضافه و حرف ربط گروهی	
18	از	از	از	از	Pr	حرف اضافه	
19	یقه‌ی	یقه	یقه	یقه + ی	N1+O	اسم + ی	
20	چرکین	چرکین|چرک	چرکین	چرکین|چرک + ین	A0|A0+O	صفت|صفت + ین	
21	بیرون	بیرون	بیرون	بیرون	N1	اسم	
22	دوانده بود	دواند	دوانده بود	دواند + ه + بود	V+O	فعل ماضی بعید+سوم شخص مفرد	
23	و	و|و|و	و	و|و|و	C0|Al|Ab	حرف ربط|حروف الفبا|اختصارات	
24	اگرچه	اگرچه	اگرچه	اگرچه	C1	حرف ربط گروهی	
25	به	به|به	به	به|به	Pr|N1	حرف اضافه|اسم	
26	حساب	حساب	حساب	حساب	N1	اسم	
27	خودش	خودش|خود	خودش	خودش|خود + ش	O|N1+O	ضمیر تاکیدی/انعکاسی|اسم + ضمیر ملکی سوم شخص مفرد	
28	ریش	ریش|ری	ریش	ریش|ری + ش	N1|N1+O	اسم|اسم + ضمیر ملکی سوم شخص مفرد	
29	تراشیده بود	تراشید	تراشیده بود	تراشید + ه + بود	V+O	فعل ماضی بعید+سوم شخص مفرد	
30	،	،	،	،	Si	علامت	
31	اما	اما	اما	اما	C0	حرف ربط	
32	پشم‌های	پشم	پشم	پشم + ها + ی	N1+Pl+O	اسم + علامت جمع + ی	
33	زرد	زرد	زرد	زرد	A0	صفت	
34	و	و|و|و	و	و|و|و	C0|Al|Ab	حرف ربط|حروف الفبا|اختصارات	
35	سرخ	سرخ	سرخ	سرخ	A0	صفت	
36	و	و|و|و	و	و|و|و	C0|Al|Ab	حرف ربط|حروف الفبا|اختصارات	
37	خرمایی	خرمایی|خرما	خرما	خرمایی|خرما + یی	A0|N1+O	صفت|اسم + یی	
38	به	به|به	به	به|به	Pr|N1	حرف اضافه|اسم	
39	بلندی	بلندی|بلند|بلند|بلند|لند|بل	بلند	بلندی|بلند + ی|بلند + ی|بلند + ی|ب + لند + ی|بل + ند + ی	N1|A0+O|N1+O|N1+O|O+N1+O|N1+V+O	اسم|صفت + ی|اسم + ی|اسم + ی|ب + اسم + ی|اسم + فعل سوم شخص جمع + ی	
40	یک	یک	یک	یک	O	عدد حرفی	
41	انگشت	انگشت	انگشت	انگشت	N1	اسم	
42	از	از	از	از	Pr	حرف اضافه	
43	لابلای	لابلای	لابلای	لابلای	O	_
44	یقه‌ی	یقه	یقه	یقه + ی	N1+O	اسم + ی	
45	پیراهن	پیراهن	پیراهن	پیراهن	N1	اسم	
46	،	،	،	،	Si	علامت	
47	سر	سر|سر|سر|سر	سر	سر|سر|سر|سر	V|N1|N1|N9	فعل امر مثبت|اسم|اسم|اسم موجود در ساختمان حرف اضافه و حرف ربط گروهی	
48	به	به|به	به	به|به	Pr|N1	حرف اضافه|اسم	
49	درآورده	درآورده|درآورد	درآورده	درآورده|درآورد + ه	A0|O+O	صفت|ریشه ماضی + ه	
50	و	و|و|و	و	و|و|و	C0|Al|Ab	حرف ربط|حروف الفبا|اختصارات	
51	مثل	مثل|مثل|مثل	مثل	مثل|مثل|مثل	N1|N9|N1	اسم|اسم موجود در ساختمان حرف اضافه و حرف ربط گروهی|اسم	
52	کزم‌هایی	کزم هایی	کزم‌هایی	کزم هایی	O	_
53	که	که|که|که|که	که	که|که|که|که	C0|NA|N1|N1	حرف ربط|ضمیر پرسشی|اسم|اسم	
54	به	به|به	به	به|به	Pr|N1	حرف اضافه|اسم	
55	مارچوبه‌ی	مارچوبه	مارچوبه	مارچوبه + ی	N1+O	اسم + ی	
56	گندیده	گندیده|گندید	گندیده	گندیده|گندید + ه	A0|O+O	صفت|ریشه ماضی + ه	
57	افتاده باشند	افتاد	افتاده باشند	افتاد + ه + باش + ند	V+O	فعل ماضی التزامی+سوم شخص جمع	
58	در	در|در|در|در|در	در	در|در|در|در|در	Pr|V|N1|N1|VPr	حرف اضافه|فعل امر مثبت|اسم|اسم|پیشوند فعل	
59	پیرامون	پیرامون|پیرامون	پیرامون	پیرامون|پیرامون	N1|N9	اسم|اسم موجود در ساختمان حرف اضافه و حرف ربط گروهی	
60	گردن	گردن	گردن	گردن	N1	اسم	
61	و	و|و|و	و	و|و|و	C0|Al|Ab	حرف ربط|حروف الفبا|اختصارات	
62	گلو	گلو	گلو	گلو	N1	اسم	
63	در	در|در|در|در|در	در	در|در|در|در|در	Pr|V|N1|N1|VPr	حرف اضافه|فعل امر مثبت|اسم|اسم|پیشوند فعل	
64	جنبش	جنبش|جنب|جنب|جنب	جنبش	جنبش|جنب + ش|جنب + ش|جنب + ش	N1|V+O|N1+O|N1+O	اسم|فعل مضارع ساده+سوم شخص مفرد|اسم + ضمیر ملکی سوم شخص مفرد|اسم + ضمیر ملکی سوم شخص مفرد	
65	و	و|و|و	و	و|و|و	C0|Al|Ab	حرف ربط|حروف الفبا|اختصارات	
66	اهتزاز	اهتزاز	اهتزاز	اهتزاز	N1	اسم	
67	بودند	بود|بود|بود|ود	بود	بود + ند|بود + ند|بود + ند|ب + ود + ند	V+O|N1+V|V+O|O+N1+V	فعل ماضی ساده+سوم شخص جمع|اسم + فعل سوم شخص جمع|فعل ماضی ساده+سوم شخص جمع|ب + اسم + فعل سوم شخص جمع	
68	.	.	.	.	Si	علامت	

0	از	از	از	از	Pr	حرف اضافه	
1	توصیف	توصیف	توصیف	توصیف	N1	اسم	
2	لباسش	لباس	لباس	لباس + ش	N1+O	اسم + ضمیر ملکی سوم شخص مفرد	
3	بهتر	بهتر	بهتر	بهتر	A0	صفت	
4	است	است|اس		است|اس + ت	V+O|N1+O	فعل مضارع ساده+سوم شخص مفرد|اسم + ضمیر ملکی دوم شخص مفرد	
5	بگذرم	بگذرم	گذشت	بگذرم	O	_
6	،	،	،	،	Si	علامت	
7	ولی	ولی|ولی|ول|ول	ولی	ولی|ولی|ول + ی|ول + ی	C0|N1|A0+O|N1+O	حرف ربط|اسم|صفت + ی|اسم + ی	
8	همین	همین|همین|هم|ین	همین	همین|همین|هم + ین|هم + ین	A1|N6|Ad+O|O+N1	صفت اشاره|ضمیر اشاره|قید + ین|هم + اسم	
9	قدر	قدر|قدر	قدر	قدر|قدر	N1|A0	اسم|صفت	
10	می‌دانم	دان|می|می|می|می	دانست	می + دان + م|می + دان + م|می + دان + م|می + دان + م|می + دان + م	V+O|N1+O+O|N1+O+V|N1+O+O|N1+O+V	فعل حال اخباری+اول شخص مفرد|اسم + دان + ضمیر ملکی اول شخص مفرد|اسم + دان + فعل اول شخص مفرد|اسم + دان + ضمیر ملکی اول شخص مفرد|اسم + دان + فعل اول شخص مفرد	
11	که	که|که|که|که	که	که|که|که|که	C0|NA|N1|N1	حرف ربط|ضمیر پرسشی|اسم|اسم	
12	سر	سر|سر|سر|سر	سر	سر|سر|سر|سر	V|N1|N1|N9	فعل امر مثبت|اسم|اسم|اسم موجود در ساختمان حرف اضافه و حرف ربط گروهی	
13	زانوهای	زانو	زانو	زانو + ها + ی	N1+Pl+O	اسم + علامت جمع + ی	
14	شلوارش	شلوار|شل|شل	شلوار	شلوار + ش|شل + وار + ش|شل + وار + ش	N1+O|V1+O+O|N1+O+O	اسم + ضمیر ملکی سوم شخص مفرد|بن مضارع + وار + ضمیر ملکی سوم شخص مفرد|اسم + وار + ضمیر ملکی سوم شخص مفرد	
15	_	_	_	_	O	_
16	که	که|که|که|که	که	که|که|که|که	C0|NA|N1|N1	حرف ربط|ضمیر پرسشی|اسم|اسم	
17	از	از	از	از	Pr	حرف اضافه	
18	بس	بس	بس	بس	A0	صفت	
19	شسته	شسته|شست	شسته	شسته|شست + ه	A0|O+O	صفت|ریشه ماضی + ه	
20	شده بودند	شد	شده بودند	شد + ه + بود + ند	V3+O+O+V	فعل اسنادی + ه + بود + فعل سوم شخص جمع	
21	به	به|به	به	به|به	Pr|N1	حرف اضافه|اسم	
22	قدر	قدر|قدر	قدر	قدر|قدر	N1|A0	اسم|صفت	
23	یک	یک	یک	یک	O	عدد حرفی	
24	وجب	وجب	وجب	وجب	N1	اسم	
25	خورد	خورد|خورد|خور	خورد	خورد|خورد|خور + د	V+O|N1|V+O	فعل ماضی ساده+سوم شخص مفرد|اسم|فعل مضارع ساده+سوم شخص مفرد	
26	رفته بود	رفت|رفت	رفته بود	رفت + ه + بود|رفت + ه + بود	V+O|V+O	فعل ماضی بعید+سوم شخص مفرد|فعل ماضی بعید+سوم شخص مفرد	
27	چنان	چنان	چنان	چنان	A0	صفت	
28	باد	باد	باد	باد	N1	اسم	
29	کرده بود	کرد	کرده بود	کرد + ه + بود	V+O	فعل ماضی بعید+سوم شخص مفرد	
30	که	که|که|که|که	که	که|که|که|که	C0|NA|N1|N1	حرف ربط|ضمیر پرسشی|اسم|اسم	
31	راستی‌راستی	راستی راستی	راستی‌راستی	راستی راستی	O	_
32	تصور	تصور	تصور	تصور	N1	اسم	
33	کردم	کرد|کرد|کرد	کرد	کرد + م|کرد + م|کرد + م	V+O|N1+O|N1+V	فعل ماضی ساده+اول شخص مفرد|اسم + ضمیر ملکی اول شخص مفرد|اسم + فعل اول شخص مفرد	
34	دو	دو|دو|دو	دو	دو|دو|دو	O|V|N1	عدد حرفی|فعل امر مثبت|اسم	
35	رأس	رأس	رأس	رأس	N1	اسم	
36	هندوانه	هندوانه|هندو	هندوانه	هندوانه|هندو + انه	N1|A0+O	اسم|صفت + انه	
37	از	از	از	از	Pr	حرف اضافه	
38	جایی	جایی|جا	جا	جایی|جا + یی	N1|N1+O	اسم|اسم + یی	
39	کش	کش|کش	کش	کش|کش	V|N1	فعل امر مثبت|اسم	
40	رفته	رفت|رفت	رفته	رفت + ه|رفت + ه	O+O|O+O	ریشه ماضی + ه|ریشه ماضی + ه	
41	و	و|و|و	و	و|و|و	C0|Al|Ab	حرف ربط|حروف الفبا|اختصارات	
42	در	در|در|در|در|در	در	در|در|در|در|در	Pr|V|N1|N1|VPr	حرف اضافه|فعل امر مثبت|اسم|اسم|پیشوند فعل	
43	آنجا	آنجا	آنجا	آنجا	Ad	قید	
43	مخفی	مخفی	مخفی	مخفی	A0	صفت	
44	کرده است	کرد	کرده است	کرد + ه + است	V+O	فعل ماضی نقلی+سوم شخص مفرد	
45	.	.	.	.	Si	علامت	

0	دیدم	دید|دید|دید	دید	دید + م|دید + م|دید + م	V+O|N1+O|N1+V	فعل ماضی ساده+اول شخص مفرد|اسم + ضمیر ملکی اول شخص مفرد|اسم + فعل اول شخص مفرد	
1	زیاد	زیاد	زیاد	زیاد	A0	صفت	
2	پرت‌وبلا	پرت وبلا	پرت‌وبلا	پرت وبلا	O	_
3	می‌گوید	گو	گفت	می + گو + ید	V+O	فعل حال اخباری+دوم شخص جمع	
4	؛	؛	؛	؛	Si	علامت	
5	خواستم	خواست|خواست|خواست	خواست	خواست + م|خواست + م|خواست + م	V+O|N1+O|N1+V	فعل ماضی ساده+اول شخص مفرد|اسم + ضمیر ملکی اول شخص مفرد|اسم + فعل اول شخص مفرد	
6	نوکش	نوک|نو	نوک	نوک + ش|نو + ک + ش	N1+O|A0+O+O	اسم + ضمیر ملکی سوم شخص مفرد|صفت + ک + ضمیر ملکی سوم شخص مفرد	
7	را	را	را	را	Po	حرف اضافه پسین	
8	چیده	چیده|چید	چیده	چیده|چید + ه	A0|O+O	صفت|ریشه ماضی + ه	
9	،	،	،	،	Si	علامت	
10	دمش	دم|دم|دم	دم	دم + ش|دم + ش|دم + ش	V+O|N1+O|N1+O	فعل مضارع ساده+سوم شخص مفرد|اسم + ضمیر ملکی سوم شخص مفرد|اسم + ضمیر ملکی سوم شخص مفرد	
11	را	را	را	را	Po	حرف اضافه پسین	
12	روی	روی|روی|رو|رو	روی	روی|روی|رو + ی|رو + ی	Pr1|N1|N1+O|V+O	حرف اضافه گروهی|اسم|اسم + ی|فعل مضارع ساده+دوم شخص مفرد	
13	کولش	کول	کول	کول + ش	N1+O	اسم + ضمیر ملکی سوم شخص مفرد	
14	بگذارم	گذار|گذار|گذار	گذاشت	ب + گذار + م|ب + گذار + م|ب + گذار + م	V+O|O+N1+O|O+N1+V	فعل حال التزامی+اول شخص مفرد|ب + اسم + ضمیر ملکی اول شخص مفرد|ب + اسم + فعل اول شخص مفرد	
15	و	و|و|و	و	و|و|و	C0|Al|Ab	حرف ربط|حروف الفبا|اختصارات	
16	به	به|به	به	به|به	Pr|N1	حرف اضافه|اسم	
17	امان	امان|ام	امان	امان|ام + ان	N1|N1+O	اسم|اسم + ان	
18	خدا	خدا	خدا	خدا	N1	اسم	
19	بسپارم	بسپار|بسپار|سپار|سپار|سپار	سپارد	بسپار + م|بسپار + م|ب + سپار + م|ب + سپار + م|ب + سپار + م	N1+O|N1+V|V+O|O+N1+O|O+N1+V	اسم + ضمیر ملکی اول شخص مفرد|اسم + فعل اول شخص مفرد|فعل حال التزامی+اول شخص مفرد|ب + اسم + ضمیر ملکی اول شخص مفرد|ب + اسم + فعل اول شخص مفرد	
20	.	.	.	.	Si	علامت	

0	این	این|این	این	این|این	A1|N6	صفت اشاره|ضمیر اشاره	
1	حرف	حرف|حرف	حرف	حرف|حرف	N1|N1	اسم|اسم	
2	که	که|که|که|که	که	که|که|که|که	C0|NA|N1|N1	حرف ربط|ضمیر پرسشی|اسم|اسم	
3	در	در|در|در|در|در	در	در|در|در|در|در	Pr|V|N1|N1|VPr	حرف اضافه|فعل امر مثبت|اسم|اسم|پیشوند فعل	
4	بادی	بادی|باد|دی	باد	بادی|باد + ی|با + دی	Ad|N1+O|O+N1	قید|اسم + ی|با + اسم	
5	امر	امر	امر	امر	N1	اسم	
6	زیاد	زیاد	زیاد	زیاد	A0	صفت	
7	بی‌پا	بی‌پا	بی‌پا	بی‌پا	A0	صفت	
8	و	و|و|و	و	و|و|و	C0|Al|Ab	حرف ربط|حروف الفبا|اختصارات	
9	بی‌معنی	بی‌معنی	بی‌معنی	بی‌معنی	A0	صفت	
10	به‌نظر	به‌نظر|نظر	به‌نظر	به‌نظر|به + نظر	Pr1|O+N1	حرف اضافه گروهی|به + اسم	
11	می‌آمد	می آمد	آمد	می آمد	O	_
12	،	،	،	،	Si	علامت	
13	کم‌کم	کم‌کم|کم|کم|کم|کم	کم‌کم	کم‌کم|کم + ک + م|کم + ک + م|کم + ک + م|کم + ک + م	Ad|A0+O+O|A0+O+V|N1+O+O|N1+O+V	قید|صفت + ک + ضمیر ملکی اول شخص مفرد|صفت + ک + فعل اول شخص مفرد|اسم + ک + ضمیر ملکی اول شخص مفرد|اسم + ک + فعل اول شخص مفرد	
14	وقتی	وقتی|وقت	وقت	وقتی|وقت + ی	Ad|N1+O	قید|اسم + ی	
15	درست	درست|درس	درست	درست|درس + ت	A0|N1+O	صفت|اسم + ضمیر ملکی دوم شخص مفرد	
16	آن	ان	آن	ان	Ab	اختصارات	
17	را	را	را	را	Po	حرف اضافه پسین	
18	در	در|در|در|در|در	در	در|در|در|در|در	Pr|V|N1|N1|VPr	حرف اضافه|فعل امر مثبت|اسم|اسم|پیشوند فعل	
19	زوایا	زاویه	زوایا	زاویه	O	اسم مفرد جمع مکسر	
20	و	و|و|و	و	و|و|و	C0|Al|Ab	حرف ربط|حروف الفبا|اختصارات	
21	خفایای	خفیه	خفایا	خفیه	O	_
22	خاطر	خاطر|خاطر	خاطر	خاطر|خاطر	N1|N9	اسم|اسم موجود در ساختمان حرف اضافه و حرف ربط گروهی	
23	و	و|و|و	و	و|و|و	C0|Al|Ab	حرف ربط|حروف الفبا|اختصارات	
24	مخیله	مخیله	مخیله	مخیله	N1	اسم	
25	نشخوار	نشخوار	نشخوار	نشخوار	N1	اسم	
26	کردم	کرد|کرد|کرد	کرد	کرد + م|کرد + م|کرد + م	V+O|N1+O|N1+V	فعل ماضی ساده+اول شخص مفرد|اسم + ضمیر ملکی اول شخص مفرد|اسم + فعل اول شخص مفرد	
27	،	،	،	،	Si	علامت	
28	معلوم	معلوم	معلوم	معلوم	A0	صفت	
29	شد	شد	شد	شد	V+O	فعل ماضی ساده+سوم شخص مفرد	
30	آن	ان	آن	ان	Ab	اختصارات	
31	قدرها	قدر|قدر	قدر	قدر + ها|قدر + ها	N1+Pl|A0+Pl	اسم + علامت جمع|صفت + علامت جمع	
32	هم	هم|هم|هم	هم	هم|هم|هم	Ad|C0|O	قید|حرف ربط|ضمیر مشترک/متقابل	
33	نامعقول	نامعقول|معقول	نامعقول	نامعقول|نا + معقول	A0|O+A0	صفت|نا + صفت	
34	نیست	نیست|است|نی	نیست	نیست|نی + است|نی + ست	N1|V+O|N1+O	اسم|فعل مضارع ساده منفی+سوم شخص مفرد|اسم + ضمیر ملکی سوم شخص مفرد	
35	و	و|و|و	و	و|و|و	C0|Al|Ab	حرف ربط|حروف الفبا|اختصارات	
36	نباید	باید	نباید	ن + باید	O+V4	ن + فعل وجه نما	
37	زیاد	زیاد	زیاد	زیاد	A0	صفت	
38	سرسری	سرسری	سرسری	سرسری	A0	صفت	
39	گرفت	گرفت|گرفت	گرفت	گرفت|گرفت	V+O|N1	فعل ماضی ساده+سوم شخص مفرد|اسم	
40	.	.	.	.	Si	علامت	

0	هرچه	هرچه	هرچه	هرچه	Ad	قید	
1	بیش‌تر	بیشتر|بیش	بیش	بیشتر|بیش + تر	A0|A0+O	صفت|صفت + علامت صفت تفضیلی	
2	در	در|در|در|در|در	در	در|در|در|در|در	Pr|V|N1|N1|VPr	حرف اضافه|فعل امر مثبت|اسم|اسم|پیشوند فعل	
3	این	این|این	این	این|این	A1|N6	صفت اشاره|ضمیر اشاره	
4	باب	باب|باب	باب	باب|باب	N1|N9	اسم|اسم موجود در ساختمان حرف اضافه و حرف ربط گروهی	
5	دقیق	دقیق	دقیق	دقیق	A0	صفت	
6	شدم	شد	شد	شد + م	V+O	فعل ماضی ساده+اول شخص مفرد	
7	یک	یک	یک	یک	O	عدد حرفی	
8	نوع	نوع	نوع	نوع	N1	اسم	
9	امیدواری	امیدواری|امیدوار	امیدوار	امیدواری|امیدوار + ی	N1|A0+O	اسم|صفت + ی	
10	در	در|در|در|در|در	در	در|در|در|در|در	Pr|V|N1|N1|VPr	حرف اضافه|فعل امر مثبت|اسم|اسم|پیشوند فعل	
11	خود	خود|خود	خود	خود|خود	O|N1	ضمیر مشترک/متقابل|اسم	
12	حس	حس	حس	حس	N1	اسم	
13	نمودم	نمود|نمود|نمود|مو	نمود	نمود + م|نمود + م|نمود + م|ن + مو + د + م	V+O|N1+O|N1+V|V+O	فعل ماضی ساده+اول شخص مفرد|اسم + ضمیر ملکی اول شخص مفرد|اسم + فعل اول شخص مفرد|فعل حال التزامی منفی+سوم شخص مفرد	
14	و	و|و|و	و	و|و|و	C0|Al|Ab	حرف ربط|حروف الفبا|اختصارات	
15	ستاره‌ی	ستاره	ستاره	ستاره + ی	N1+O	اسم + ی	
16	ضعیفی	ضعیفی|ضعیف	ضعیف	ضعیفی|ضعیف + ی	N1|A0+O	اسم|صفت + ی	
17	در	در|در|در|در|در	در	در|در|در|در|در	Pr|V|N1|N1|VPr	حرف اضافه|فعل امر مثبت|اسم|اسم|پیشوند فعل	
18	شبستان	شبستان|شب	شبستان	شبستان|شب + ستان	N1|N1+O	اسم|اسم + ستان	
19	تیره	تیره|تیر	تیره	تیره|تیر + ه	A0|N1+O	صفت|اسم + ه	
20	و	و|و|و	و	و|و|و	C0|Al|Ab	حرف ربط|حروف الفبا|اختصارات	
21	تار	تار|تار|تار	تار	تار|تار|تار	V|A0|N1	فعل امر مثبت|صفت|اسم	
22	درونم	درون|درون|در|در|در|در	درون	درون + م|درون + م|در + ون + م|در + ون + م|در + ون + م|در + ون + م	N1+O|N1+V|N1+Pl+O|N1+Pl+V|N1+Pl+O|N1+Pl+V	اسم + ضمیر ملکی اول شخص مفرد|اسم + فعل اول شخص مفرد|اسم + علامت جمع + ضمیر ملکی اول شخص مفرد|اسم + علامت جمع + فعل اول شخص مفرد|اسم + علامت جمع + ضمیر ملکی اول شخص مفرد|اسم + علامت جمع + فعل اول شخص مفرد	
23	درخشیدن	درخشید	درخشیدن	درخشید + ن	V2+O	بن ماضی + ن	
24	گرفت	گرفت|گرفت	گرفت	گرفت|گرفت	V+O|N1	فعل ماضی ساده+سوم شخص مفرد|اسم	
25	.	.	.	.	Si	علامت	

0	رفته‌رفته	رفته‌رفته	رفته‌رفته	رفته‌رفته	Ad	قید	
1	سردماغ	سردماغ	سردماغ	سردماغ	A0	صفت	
2	آمدم	امد|امد	آمد	امد + م|امد + م	N1+O|N1+V	اسم + ضمیر ملکی اول شخص مفرد|اسم + فعل اول شخص مفرد	
3	و	و|و|و	و	و|و|و	C0|Al|Ab	حرف ربط|حروف الفبا|اختصارات	
4	خندان	خندان|خندان|خند	خندان	خندان|خندان|خند + ان	V|A0|V1+O	فعل امر مثبت|صفت|بن مضارع + ان	
5	و	و|و|و	و	و|و|و	C0|Al|Ab	حرف ربط|حروف الفبا|اختصارات	
6	شادمان	شادمان|شاد	شادمان	شادمان|شاد + مان	A0|A0+O	صفت|صفت + ضمیر ملکی اول شخص جمع	
7	روبه	روبه|روب	روبه	روبه|روب + ه	N1|V1+O	اسم|بن مضارع + ه	
8	مصطفی	مصطفی	مصطفی	مصطفی	N3	اسم خاص اشخاص	
9	نموده	نموده|نمود|نمود	نموده	نموده|نمود + ه|نمود + ه	A0|O+O|N1+O	صفت|ریشه ماضی + ه|اسم + ه	
10	گفتم	گفت|گفت|گفت	گفت	گفت + م|گفت + م|گفت + م	V+O|N1+O|N1+V	فعل ماضی ساده+اول شخص مفرد|اسم + ضمیر ملکی اول شخص مفرد|اسم + فعل اول شخص مفرد	
11	اولین	اولین|اول	اولین	اولین|اول + ین	A0|A0+O	صفت|صفت + ین	
12	بار	بار|بار	بار	بار|بار	V|N1	فعل امر مثبت|اسم	
13	است	است|اس		است|اس + ت	V+O|N1+O	فعل مضارع ساده+سوم شخص مفرد|اسم + ضمیر ملکی دوم شخص مفرد	
14	که	که|که|که|که	که	که|که|که|که	C0|NA|N1|N1	حرف ربط|ضمیر پرسشی|اسم|اسم	
15	از	از	از	از	Pr	حرف اضافه	
16	تو	تو|تو|تو	تو	تو|تو|تو	N5|Ad|N1	ضمیر فاعلی|قید|اسم	
17	یک	یک	یک	یک	O	عدد حرفی	
18	کلمه	کلمه|کلم	کلمه	کلمه|کلم + ه	N1|N1+O	اسم|اسم + ه	
19	حرف	حرف|حرف	حرف	حرف|حرف	N1|N1	اسم|اسم	
20	حسابی	حسابی|حساب	حساب	حسابی|حساب + ی	A0|N1+O	صفت|اسم + ی	
21	می‌شنوم	شنو	شنید	می + شنو + م	V+O	فعل حال اخباری+اول شخص مفرد	
22	ولی	ولی|ولی|ول|ول	ولی	ولی|ولی|ول + ی|ول + ی	C0|N1|A0+O|N1+O	حرف ربط|اسم|صفت + ی|اسم + ی	
23	به‌نظرم	به نظرم	به‌نظرم	به نظرم	O	_
24	این	این|این	این	این|این	A1|N6	صفت اشاره|ضمیر اشاره	
25	گره	گره|گر|گر	گره	گره|گر + ه|گر + ه	N1|V1+O|N1+O	اسم|بن مضارع + ه|اسم + ه	
26	فقط	فقط	فقط	فقط	Ad	قید	
27	به	به|به	به	به|به	Pr|N1	حرف اضافه|اسم	
28	دست	دست|دست	دست	دست|دست	N1|N9	اسم|اسم موجود در ساختمان حرف اضافه و حرف ربط گروهی	
29	خودت	خودت|خود	خود	خودت|خود + ت	O|N1+O	ضمیر تاکیدی/انعکاسی|اسم + ضمیر ملکی دوم شخص مفرد	
30	گشوده	گشوده|گشود	گشوده	گشوده|گشود + ه	A0|O+O	صفت|ریشه ماضی + ه	
31	خواهد شد	شد	خواهد شد	خواهد + شد	V+O	فعل آینده مثبت+سوم شخص مفرد	
32	.	.	.	.	Si	علامت	

0	باید	باید	باید	باید	V4	فعل وجه نما	
1	خودت	خودت|خود	خود	خودت|خود + ت	O|N1+O	ضمیر تاکیدی/انعکاسی|اسم + ضمیر ملکی دوم شخص مفرد	
2	مهارت	مهارت|مهار	مهارت	مهارت|مهار + ت	N1|N1+O	اسم|اسم + ضمیر ملکی دوم شخص مفرد	
3	به	به|به	به	به|به	Pr|N1	حرف اضافه|اسم	
4	خرج	خرج	خرج	خرج	N1	اسم	
5	بدهی	بدهی|ده|ده|ده	بدهی	بدهی|ب + ده + ی|ب + ده + ی|ب + ده + ی	N1|V+O|O+O+O|O+N1+O	اسم|فعل حال التزامی+دوم شخص مفرد|ب + عدد حرفی + ی|ب + اسم + ی	
6	که	که|که|که|که	که	که|که|که|که	C0|NA|N1|N1	حرف ربط|ضمیر پرسشی|اسم|اسم	
7	احدی	احدی|احد	احدی	احدی|احد + ی	N4|A0+O	اسم فامیل|صفت + ی	
8	از	از	از	از	Pr	حرف اضافه	
9	مهمانان	مهمان	مهمان	مهمان + ان	N1+O	اسم + ان	
10	درصدد	درصدد	درصدد	درصدد	Pr1	حرف اضافه گروهی	
11	دست‌زدن	دست زدن	دست‌زدن	دست زدن	O	_
12	به	به|به	به	به|به	Pr|N1	حرف اضافه|اسم	
13	این	این|این	این	این|این	A1|N6	صفت اشاره|ضمیر اشاره	
14	غاز	غاز	غاز	غاز	N1	اسم	
15	برنیاید	بر|بر|بر	برنیاید	بر + نی + اید|بر + نی + اید|بر + نی + اید	V1+O+V|VPr+O+V|N1+O+V	بن مضارع + نی + فعل دوم شخص جمع|پیشوند فعل + نی + فعل دوم شخص جمع|اسم + نی + فعل دوم شخص جمع	
16	.	.	.	.	Si	علامت	

0	فردای	فردا	فردا	فردا	O	_
1	آن	ان	آن	ان	Ab	اختصارات	
2	روز	روز	روز	روز	N1	اسم	
3	به	به|به	به	به|به	Pr|N1	حرف اضافه|اسم	
4	خاطرم	خاطر|خاطر	خاطر	خاطر + م|خاطر + م	N1+O|N1+V	اسم + ضمیر ملکی اول شخص مفرد|اسم + فعل اول شخص مفرد	
5	آمد	امد	آمد	امد	N1	اسم	
6	که	که|که|که|که	که	که|که|که|که	C0|NA|N1|N1	حرف ربط|ضمیر پرسشی|اسم|اسم	
7	دیروز	دیروز	دیروز	دیروز	Ad	قید	
8	یک	یک	یک	یک	O	عدد حرفی	
9	دست	دست|دست	دست	دست|دست	N1|N9	اسم|اسم موجود در ساختمان حرف اضافه و حرف ربط گروهی	
10	از	از	از	از	Pr	حرف اضافه	
11	بهترین	بهترین|بهتر	بهترین	بهترین|بهتر + ین	A0|A0+O	صفت|صفت + ین	
12	لباس‌های	لباس	لباس	لباس + ها + ی	N1+Pl+O	اسم + علامت جمع + ی	
13	نودوز	نودوز	نودوز	نودوز	A0	صفت	
14	خود	خود|خود	خود	خود|خود	O|N1	ضمیر مشترک/متقابل|اسم	
15	را	را	را	را	Po	حرف اضافه پسین	
16	با	با	با	با	Pr	حرف اضافه	
17	کلیه‌ی	کلیه|کلیه|کلی	کلیه	کلیه + ی|کلیه + ی|کلی + ه + ی	Ad+O|N1+O|A0+O+O	قید + ی|اسم + ی|صفت + ه + ی	
18	متفرعات	متفرع	متفرعات	متفرع + ات	A0+Pl	صفت + علامت جمع	
19	به	به|به	به	به|به	Pr|N1	حرف اضافه|اسم	
20	انضمام	انضمام	انضمام	انضمام	N1	اسم	
21	مایحتوی	مایحتوی	مایحتوی	مایحتوی	O	_
22	یعنی	یعنی	یعنی	یعنی	C0	حرف ربط	
23	آقای	آقا	آقا	آقا	O	_
24	استادی	استادی|استاد	استاد	استادی|استاد + ی	N1|A0+O	اسم|صفت + ی	
25	مصطفی‌خان	مصطفی خان	مصطفی‌خان	مصطفی خان	O	_
26	به	به|به	به	به|به	Pr|N1	حرف اضافه|اسم	
27	دست	دست|دست	دست	دست|دست	N1|N9	اسم|اسم موجود در ساختمان حرف اضافه و حرف ربط گروهی	
28	چلاق	چلاق	چلاق	چلاق	A0	صفت	
29	شده	شد	شده	شد + ه	V3+O	فعل اسنادی + ه	
30	خودم	خودم|خود|خود	خودم	خودم|خود + م|خود + م	O|N1+O|N1+V	ضمیر تاکیدی/انعکاسی|اسم + ضمیر ملکی اول شخص مفرد|اسم + فعل اول شخص مفرد	
31	از	از	از	از	Pr	حرف اضافه	
32	خانه	خانه|خان	خانه	خانه|خان + ه	N1|N1+O	اسم|اسم + ه	
33	بیرون	بیرون	بیرون	بیرون	N1	اسم	
34	انداخته‌ام	انداخته|انداخته|انداخت	انداخت	انداخته + ام|انداخته + ام|انداخت + ه + ام	A0+O|A0+V|V+O	صفت + ضمیر ملکی اول شخص مفرد|صفت + فعل اول شخص مفرد|فعل ماضی نقلی+اول شخص مفرد	
35	.	.	.	.	Si	علامت	

0	ولی	ولی|ولی|ول|ول	ولی	ولی|ولی|ول + ی|ول + ی	C0|N1|A0+O|N1+O	حرف ربط|اسم|صفت + ی|اسم + ی	
1	چون‌که	چون‌که	چون‌که	چون‌که	C1	حرف ربط گروهی	
2	تیری	تیر	تیر	تیر + ی	N1+O	اسم + ی	
3	که	که|که|که|که	که	که|که|که|که	C0|NA|N1|N1	حرف ربط|ضمیر پرسشی|اسم|اسم	
4	از	از	از	از	Pr	حرف اضافه	
5	شست	شست	شست	شست	V+O	فعل ماضی ساده+سوم شخص مفرد	
6	رفته	رفت|رفت	رفته	رفت + ه|رفت + ه	O+O|O+O	ریشه ماضی + ه|ریشه ماضی + ه	
7	بازنمی‌گردد	بازگرد	بازنمی‌گردد	نمی + بازگرد + د	V+O	فعل حال اخباری منفی+سوم شخص مفرد	
8	،	،	،	،	Si	علامت	
9	یک‌بار	یک‌بار	یک‌بار	یک‌بار	A0	صفت	
10	دیگر	دیگر|دیگر|دی	دیگر	دیگر|دیگر|دی + گر	Ad|A2|N1+O	قید|صفت مبهم|اسم + گر	
11	به	به|به	به	به|به	Pr|N1	حرف اضافه|اسم	
12	کلام	کلام	کلام	کلام	N1	اسم	
13	بلندپایه‌ی	بلندپایه	بلندپایه	بلندپایه + ی	A0+O	صفت + ی	
14	«	«	«	«	Si	علامت	
15	از	از	از	از	Pr	حرف اضافه	
16	ما	ما	ما	ما	N5	ضمیر فاعلی	
17	ست	ست	ست	ست	N1	اسم	
18	که	که|که|که|که	که	که|که|که|که	C0|NA|N1|N1	حرف ربط|ضمیر پرسشی|اسم|اسم	
19	بر	بر|بر|بر|بر	بر	بر|بر|بر|بر	Pr|V|VPr|N1	حرف اضافه|فعل امر مثبت|پیشوند فعل|اسم	
20	ما	ما	ما	ما	N5	ضمیر فاعلی	
21	ست	ست	ست	ست	N1	اسم	
22	»	»	»	»	Si	علامت	
23	ایمان	ایمان	ایمان	ایمان	N1	اسم	
24	آوردم	آورد	آورد	آورد	O	_
25	و	و|و|و	و	و|و|و	C0|Al|Ab	حرف ربط|حروف الفبا|اختصارات	
26	پشت	پشت|پش	پشت	پشت|پش + ت	N1|N1+O	اسم|اسم + ضمیر ملکی دوم شخص مفرد	
27	دستم	دست|دست	دستم	دست + م|دست + م	N1+O|N1+V	اسم + ضمیر ملکی اول شخص مفرد|اسم + فعل اول شخص مفرد	
28	را	را	را	را	Po	حرف اضافه پسین	
29	داغ	داغ	داغ	داغ	A0	صفت	
30	کردم	کرد|کرد|کرد	کرد	کرد + م|کرد + م|کرد + م	V+O|N1+O|N1+V	فعل ماضی ساده+اول شخص مفرد|اسم + ضمیر ملکی اول شخص مفرد|اسم + فعل اول شخص مفرد	
21	که	که|که|که|که	که	که|که|که|که	C0|NA|N1|N1	حرف ربط|ضمیر پرسشی|اسم|اسم	
32	تا	تا|تا|تا	تا	تا|تا|تا	Pr|C0|Ab	حرف اضافه|حرف ربط|اختصارات	
33	من	من	من	من	N5	ضمیر فاعلی	
34	باشم	باش|شم	بود	باش + م|با + شم	V+O|O+N1	فعل مضارع ساده+اول شخص مفرد|با + اسم	
35	دیگر	دیگر|دیگر|دی	دیگر	دیگر|دیگر|دی + گر	Ad|A2|N1+O	قید|صفت مبهم|اسم + گر	
36	پیرامون	پیرامون|پیرامون	پیرامون	پیرامون|پیرامون	N1|N9	اسم|اسم موجود در ساختمان حرف اضافه و حرف ربط گروهی	
37	ترفیع	ترفیع	ترفیع	ترفیع	N1	اسم	
38	رتبه	رتبه	رتبه	رتبه	N1	اسم	
39	نگردم	گرد|نگر|گر	گشت	ن + گرد + م|نگر + د + م|ن + گر + د + م	V+O|V+O|V+O	فعل حال التزامی منفی+اول شخص مفرد|فعل مضارع ساده+سوم شخص مفرد|فعل حال التزامی منفی+سوم شخص مفرد	
40	!	!	!	!	Si	علامت	

