0	طبق	طبق|طبق|طبق	طبق	طبق|طبق|طبق	Pr1|N1|N9	حرف اضافه گروهی|اسم|اسم موجود در ساختمان حرف اضافه و حرف ربط گروهی	
1	اعلام	اعلام|اعلام	اعلام	اعلام|اعلام	N1|N1	اسم|اسم	
2	وزارت	وزارت	وزارت	وزارت	N1	اسم	
3	اقتصاد	اقتصاد	اقتصاد	اقتصاد	N1	اسم	
4	تدوین	تدوین	تدوین	تدوین	N1	اسم	
5	شاخص‌های	شاخص	شاخص	شاخص + ها + ی	A0+Pl+O	صفت + علامت جمع + ی	
6	ملی	ملی|مل	ملی	ملی|مل + ی	A0|N1+O	صفت|اسم + ی	
7	محیط	محیط	محیط	محیط	A0	صفت	
8	کسب‌	کسب	کسب	کسب	N1	اسم	
9	و	و|و|و	و	و|و|و	C0|Al|Ab	حرف ربط|حروف الفبا|اختصارات	
10	کار	کار|کار	کار	کار|کار	N1|V	اسم|فعل امر مثبت	
11	کشور	کشور|کش	کشور	کشور|کش + ور	N1|V1+O	اسم|بن مضارع + ور	
12	برای	برای|برا|بر	برای	برای|برا + ی|بر + ا + ی	Pr|A0+O|O+O+O	حرف اضافه|صفت + ی|ریشه مضارع + ا + ی	
13	نخستین	نخستین|نخست|خست	نخستین	نخستین|نخست + ین|ن + خست + ین	A0|A0+O|O+V2+O	صفت|صفت + ین|ن + بن ماضی + ین	
14	بار	بار|بار	بار	بار|بار	V|N1	فعل امر مثبت|اسم	
15	اجرایی	اجرایی|اجرا	اجرایی	اجرایی|اجرا + یی	A0|N1+O	صفت|اسم + یی	
16	شد	شد	شد	شد	V+O	فعل ماضی ساده+سوم شخص مفرد	
17	.	.	.	.	Si	علامت	

0	اِمروز	امروز	امروز	امروز	N1	اسم	
1	هوا	هوا	هوا	هوا	N1	اسم	
2	باراني	بارانی|باران|بار	باران	بارانی|باران + ی|بار + ان + ی	A0|N1+O|N1+O+O	صفت|اسم + ی|اسم + ان + ی	
3	است	است|اس		است|اس + ت	V+O|N1+O	فعل مضارع ساده+سوم شخص مفرد|اسم + ضمیر ملکی دوم شخص مفرد	
4	.	.	.	.	Si	علامت	

0	چترم	چتر|چتر	چتر	چتر + م|چتر + م	N1+O|N1+V	اسم + ضمیر ملکی اول شخص مفرد|اسم + فعل اول شخص مفرد	
1	را	را	را	را	Po	حرف اضافه پسین	
2	با	با	با	با	Pr	حرف اضافه	
3	خودم	خودم|خود|خود	خودم	خودم|خود + م|خود + م	O|N1+O|N1+V	ضمیر تاکیدی/انعکاسی|اسم + ضمیر ملکی اول شخص مفرد|اسم + فعل اول شخص مفرد	
4	نبُردم	نبرد|نبرد|برد|بر	برد	نبرد + م|نبرد + م|ن + برد + م|ن + بر + د + م	N1+O|N1+V|V+O|V+O	اسم + ضمیر ملکی اول شخص مفرد|اسم + فعل اول شخص مفرد|فعل ماضی ساده منفی+اول شخص مفرد|فعل حال التزامی منفی+سوم شخص مفرد	
5	.	.	.	.	Si	علامت	

