0	می‌اندیشم	اندیش|می|می|می|می	اندیشید	می + اندیش + م|می + اند + ی + ش + م|می + اند + ی + ش + م|می + اند + ی + ش + م|می + اند + ی + ش + م	V+O|N1+V+O+O+O|N1+V+O+O+V|N1+V+O+O+O|N1+V+O+O+V	فعل حال اخباری+اول شخص مفرد|اسم + فعل سوم شخص جمع + ی + ضمیر ملکی سوم شخص مفرد + ضمیر ملکی اول شخص مفرد|اسم + فعل سوم شخص جمع + ی + ضمیر ملکی سوم شخص مفرد + فعل اول شخص مفرد|اسم + فعل سوم شخص جمع + ی + ضمیر ملکی سوم شخص مفرد + ضمیر ملکی اول شخص مفرد|اسم + فعل سوم شخص جمع + ی + ضمیر ملکی سوم شخص مفرد + فعل اول شخص مفرد	
1	که	که|که|که|که	که	که|که|که|که	C0|NA|N1|N1	حرف ربط|ضمیر پرسشی|اسم|اسم	
2	به	به|به	به	به|به	Pr|N1	حرف اضافه|اسم	
3	لطایف‌حیل	لطایف حیل	لطایف‌حیل	لطایف حیل	O	_
4	و	و|و|و	و	و|و|و	C0|Al|Ab	حرف ربط|حروف الفبا|اختصارات	
5	بدایع	بدایع	بدایع	بدایع	N1	اسم	
6	تمویهات	تمویهات	تمویهات	تمویهات	O	_
7	گرد	گرد|گرد|گرد|گرد|گر	گرد	گرد|گرد|گرد|گرد|گر + د	V|A0|N1|A0|V+O	فعل امر مثبت|صفت|اسم|صفت|فعل مضارع ساده+سوم شخص مفرد	
8	این	این|این	این	این|این	A1|N6	صفت اشاره|ضمیر اشاره	
9	غرض	غرض	غرض	غرض	N1	اسم	
10	درآیم	درا|در|در|در|در|در|در|در|در	درآیم	درا + ی + م|در + ا + ی + م|در + ا + ی + م|در + ا + ی + م|در + ا + ی + م|در + ا + ی + م|در + ا + ی + م|در + ا + ی + م|در + ا + ی + م	V+O|O+O+O+O|O+O+O+V|N1+O+O+O|N1+O+O+V|N1+O+O+O|N1+O+O+V|VPr+O+O+O|VPr+O+O+V	فعل مضارع ساده+اول شخص مفرد|ریشه مضارع + ا + ی + ضمیر ملکی اول شخص مفرد|ریشه مضارع + ا + ی + فعل اول شخص مفرد|اسم + ا + ی + ضمیر ملکی اول شخص مفرد|اسم + ا + ی + فعل اول شخص مفرد|اسم + ا + ی + ضمیر ملکی اول شخص مفرد|اسم + ا + ی + فعل اول شخص مفرد|پیشوند فعل + ا + ی + ضمیر ملکی اول شخص مفرد|پیشوند فعل + ا + ی + فعل اول شخص مفرد	
11	و	و|و|و	و	و|و|و	C0|Al|Ab	حرف ربط|حروف الفبا|اختصارات	
12	به	به|به	به	به|به	Pr|N1	حرف اضافه|اسم	
13	هر	هر	هر	هر	A1	صفت اشاره	
14	وجه	وجه|وج	وجه	وجه|وج + ه	N1|N1+O	اسم|اسم + ه	
15	که	که|که|که|که	که	که|که|که|که	C0|NA|N1|N1	حرف ربط|ضمیر پرسشی|اسم|اسم	
16	ممکن	ممکن	ممکن	ممکن	A0	صفت	
17	گردد	گرد	گشت	گرد + د	V+O	فعل مضارع ساده+سوم شخص مفرد	
18	بکوشم	کوش|کوش|کوش	کوشید	ب + کوش + م|ب + کوش + م|ب + کوش + م	V+O|O+N1+O|O+N1+V	فعل حال التزامی+اول شخص مفرد|ب + اسم + ضمیر ملکی اول شخص مفرد|ب + اسم + فعل اول شخص مفرد	
19	تا	تا|تا|تا	تا	تا|تا|تا	Pr|C0|Ab	حرف اضافه|حرف ربط|اختصارات	
20	او	او|او	او	او|او	N5|Ab	ضمیر فاعلی|اختصارات	
21	را	را	را	را	Po	حرف اضافه پسین	
22	در	در|در|در|در|در	در	در|در|در|در|در	Pr|V|N1|N1|VPr	حرف اضافه|فعل امر مثبت|اسم|اسم|پیشوند فعل	
23	گردانم	گردان|گردان|گردان|گردان|گردان|گرد|گرد|گر|گر	گردان	گردان + م|گردان + م|گردان + م|گردان + م|گردان + م|گرد + ان + م|گرد + ان + م|گر + د + ان + م|گر + د + ان + م	V+O|N1+O|N1+V|A0+O|A0+V|V1+O+O|V1+O+V|V1+O+O+O|V1+O+O+V	فعل مضارع ساده+اول شخص مفرد|اسم + ضمیر ملکی اول شخص مفرد|اسم + فعل اول شخص مفرد|صفت + ضمیر ملکی اول شخص مفرد|صفت + فعل اول شخص مفرد|بن مضارع + ان + ضمیر ملکی اول شخص مفرد|بن مضارع + ان + فعل اول شخص مفرد|بن مضارع + د + ان + ضمیر ملکی اول شخص مفرد|بن مضارع + د + ان + فعل اول شخص مفرد	
24	،	،	،	،	Si	علامت	
25	که	که|که|که|که	که	که|که|که|که	C0|NA|N1|N1	حرف ربط|ضمیر پرسشی|اسم|اسم	
26	اهمال	اهمال	اهمال	اهمال	N1	اسم	
27	و	و|و|و	و	و|و|و	C0|Al|Ab	حرف ربط|حروف الفبا|اختصارات	
28	تقصیر	تقصیر	تقصیر	تقصیر	N1	اسم	
29	را	را	را	را	Po	حرف اضافه پسین	
30	در	در|در|در|در|در	در	در|در|در|در|در	Pr|V|N1|N1|VPr	حرف اضافه|فعل امر مثبت|اسم|اسم|پیشوند فعل	
31	مذهب	مذهب|مذهب|مذهب	مذهب	مذهب|مذهب|مذهب	N1|A0|N1	اسم|صفت|اسم	
32	حمیت	حمیت	حمیت	حمیت	N1	اسم	
33	رخصت	رخصت	رخصت	رخصت	N1	اسم	
34	نبینم	بین	دید	ن + بین + م	V+O	فعل حال التزامی منفی+اول شخص مفرد	
35	و	و|و|و	و	و|و|و	C0|Al|Ab	حرف ربط|حروف الفبا|اختصارات	
36	اگر	اگر	اگر	اگر	C0	حرف ربط	
37	غفلتی	غفلت	غفلت	غفلت + ی	N1+O	اسم + ی	
38	روا	روا|رو	روا	روا|رو + ا	A0|O+O	صفت|ریشه مضارع + ا	
39	دارم	دار|دار|دار	داشت	دار + م|دار + م|دار + م	V+O|N1+O|N1+V	فعل مضارع ساده+اول شخص مفرد|اسم + ضمیر ملکی اول شخص مفرد|اسم + فعل اول شخص مفرد	
40	به	به|به	به	به|به	Pr|N1	حرف اضافه|اسم	
41	نزدیک	نزدیک	نزدیک	نزدیک	A0	صفت	
42	اصحاب	صاحب	اصحاب	صاحب	O	اسم مفرد جمع مکسر	
43	مروت	مروت|مرو	مروت	مروت|مرو + ت	N1|N2+O	اسم|اسم خاص مکان + ضمیر ملکی دوم شخص مفرد	
44	معذور	معذور	معذور	معذور	A0	صفت	
45	نباشم	باش	بود	ن + باش + م	V+O	فعل حال التزامی منفی+اول شخص مفرد	
46	.	.	.	.	Si	علامت	

0	و	و|و|و	و	و|و|و	C0|Al|Ab	حرف ربط|حروف الفبا|اختصارات	
1	نیز	نیز|آز	نیز	نیز|نی + آز	Ad|V	قید|فعل امر منفی	
2	منزلتی	منزلتی|منزلت	منزلت	منزلتی|منزلت + ی	N1|N1+O	اسم|اسم + ی	
3	تو	تو|تو|تو	تو	تو|تو|تو	N5|Ad|N1	ضمیر فاعلی|قید|اسم	
4	نمی‌جویم	جو	جست	نمی + جو + یم	V+O	فعل حال اخباری منفی+اول شخص جمع	
5	و	و|و|و	و	و|و|و	C0|Al|Ab	حرف ربط|حروف الفبا|اختصارات	
6	در	در|در|در|در|در	در	در|در|در|در|در	Pr|V|N1|N1|VPr	حرف اضافه|فعل امر مثبت|اسم|اسم|پیشوند فعل	
7	طلب	طلب|طلب	طلب	طلب|طلب	V|N1	فعل امر مثبت|اسم	
8	زیادتی	زیادتی|زیادت	زیادتی	زیادتی|زیادت + ی	A0|N1+O	صفت|اسم + ی	
9	قدم	قدم|قدم|قد|قد|قد|قد	قدم	قدم|قدم|قد + م|قد + م|قد + م|قد + م	N1|N1|N1+O|N1+V|A0+O|A0+V	اسم|اسم|اسم + ضمیر ملکی اول شخص مفرد|اسم + فعل اول شخص مفرد|صفت + ضمیر ملکی اول شخص مفرد|صفت + فعل اول شخص مفرد	
10	نمی‌گزارم	گزار	گزارد	نمی + گزار + م	V+O	فعل حال اخباری منفی+اول شخص مفرد	
11	که	که|که|که|که	که	که|که|که|که	C0|NA|N1|N1	حرف ربط|ضمیر پرسشی|اسم|اسم	
12	به	به|به	به	به|به	Pr|N1	حرف اضافه|اسم	
13	حرص	حرص	حرص	حرص	N1	اسم	
14	و	و|و|و	و	و|و|و	C0|Al|Ab	حرف ربط|حروف الفبا|اختصارات	
15	گرم‌شکمی	گرم شکمی	گرم‌شکمی	گرم شکمی	O	_
16	منسوب	منسوب	منسوب	منسوب	N1	اسم	
17	شوم	شوم|شو|شو|شو	شوم	شوم|شو + م|شو + م|شو + م	A0|V+O|N1+O|N1+V	صفت|فعل مضارع ساده+اول شخص مفرد|اسم + ضمیر ملکی اول شخص مفرد|اسم + فعل اول شخص مفرد	
18	.	.	.	.	Si	علامت	

0	و	و|و|و	و	و|و|و	C0|Al|Ab	حرف ربط|حروف الفبا|اختصارات	
1	شاید	شاید|شاید|شا	شاید	شاید|شاید|شا + ی + د	V+O|Ad|V+O	فعل ماضی ساده+سوم شخص مفرد|قید|فعل مضارع ساده+سوم شخص مفرد	
2	بود	بود|بود|بود|بو|ود	بود	بود|بود|بود|بو + د|ب + ود	V+O|N1|V+O|V+O|O+N1	فعل ماضی ساده+سوم شخص مفرد|اسم|فعل ماضی ساده+سوم شخص مفرد|فعل مضارع ساده+سوم شخص مفرد|ب + اسم	
3	که	که|که|که|که	که	که|که|که|که	C0|NA|N1|N1	حرف ربط|ضمیر پرسشی|اسم|اسم	
4	چون	چون|چون	چون	چون|چون	C0|Pr	حرف ربط|حرف اضافه	
5	صورت	صورت|صورت|صور	صورت	صورت|صورت|صور + ت	N1|N9|N1+O	اسم|اسم موجود در ساختمان حرف اضافه و حرف ربط گروهی|اسم + ضمیر ملکی دوم شخص مفرد	
6	حال	حال	حال	حال	N1	اسم	
7	بشناخت	شناخت|شناخت	بشناخت	ب + شناخت|ب + شناخت	V+O|O+N1	فعل ماضی التزامی+سوم شخص مفرد|ب + اسم	
8	و	و|و|و	و	و|و|و	C0|Al|Ab	حرف ربط|حروف الفبا|اختصارات	
9	فضیحت	فضیحت	فضیحت	فضیحت	N1	اسم	
10	خود	خود|خود	خود	خود|خود	O|N1	ضمیر مشترک/متقابل|اسم	
11	بدید	دید|دید|بد	بدید	ب + دید|ب + دید|بد + ید	V+O|O+N1|A0+V	فعل ماضی التزامی+سوم شخص مفرد|ب + اسم|صفت + فعل دوم شخص جمع	
12	به	به|به	به	به|به	Pr|N1	حرف اضافه|اسم	
13	مکابره	مکابره	مکابره	مکابره	O	_
14	درآید	درا|در	درآید	درا + ید|در + ا + ید	V+O|O+O+V	فعل مضارع ساده+دوم شخص جمع|ریشه مضارع + ا + فعل سوم شخص مفرد	
15	،	،	،	،	Si	علامت	
16	ساخته	ساخته|ساخت|ساخت	ساخته	ساخته|ساخت + ه|ساخت + ه	A0|O+O|N1+O	صفت|ریشه ماضی + ه|اسم + ه	
17	و	و|و|و	و	و|و|و	C0|Al|Ab	حرف ربط|حروف الفبا|اختصارات	
18	بسیجیده	بسیجید	بسیجیده	بسیجید + ه	O+O	ریشه ماضی + ه	
19	جنگ	جنگ|جنگ|جنگ	جنگ	جنگ|جنگ|جنگ	V|N1|N1	فعل امر مثبت|اسم|اسم	
20	آغازد	آغازد	آغازد	آغازد	O	_
21	،	،	،	،	Si	علامت	
22	یا	یا|یا	یا	یا|یا	C0|Intj	حرف ربط|صوت	
23	مستعد	مستعد	مستعد	مستعد	A0	صفت	
24	و	و|و|و	و	و|و|و	C0|Al|Ab	حرف ربط|حروف الفبا|اختصارات	
25	متشمر	متشمر	متشمر	متشمر	O	_
26	روی	روی|روی|رو|رو	روی	روی|روی|رو + ی|رو + ی	Pr1|N1|N1+O|V+O	حرف اضافه گروهی|اسم|اسم + ی|فعل مضارع ساده+دوم شخص مفرد	
27	بگرداند	گرداند|گردان	بگرداند	ب + گرداند|ب + گردان + د	V+O|V+O	فعل ماضی التزامی+سوم شخص مفرد|فعل حال التزامی+سوم شخص مفرد	
28	.	.	.	.	Si	علامت	

0	و	و|و|و	و	و|و|و	C0|Al|Ab	حرف ربط|حروف الفبا|اختصارات	
1	اصحاب	صاحب	اصحاب	صاحب	O	اسم مفرد جمع مکسر	
2	حزم	حزم	حزم	حزم	N1	اسم	
3	گناه	گناه	گناه	گناه	N1	اسم	
4	ظاهر	ظاهر	ظاهر	ظاهر	N1	اسم	
5	را	را	را	را	Po	حرف اضافه پسین	
6	عقوبت	عقوبت	عقوبت	عقوبت	N1	اسم	
7	مستور	مستور|مس	مستور	مستور|مس + ت + ور	A0|N1+O+O	صفت|اسم + ضمیر ملکی دوم شخص مفرد + ور	
8	و	و|و|و	و	و|و|و	C0|Al|Ab	حرف ربط|حروف الفبا|اختصارات	
9	جرم	جرم|جرم|جر|جر|جر|جر	جرم	جرم|جرم|جر + م|جر + م|جر + م|جر + م	N1|N1|N1+O|N1+V|N1+O|N1+V	اسم|اسم|اسم + ضمیر ملکی اول شخص مفرد|اسم + فعل اول شخص مفرد|اسم + ضمیر ملکی اول شخص مفرد|اسم + فعل اول شخص مفرد	
10	مستور	مستور|مس	مستور	مستور|مس + ت + ور	A0|N1+O+O	صفت|اسم + ضمیر ملکی دوم شخص مفرد + ور	
11	را	را	را	را	Po	حرف اضافه پسین	
12	عقوبت	عقوبت	عقوبت	عقوبت	N1	اسم	
13	ظاهر	ظاهر	ظاهر	ظاهر	N1	اسم	
14	جایز	جایز	جایز	جایز	A0	صفت	
15	نشمرند	شمر	نشمرند	ن + شمر + ند	V+O	فعل حال التزامی منفی+سوم شخص جمع	
16	.	.	.	.	Si	علامت	

0	و	و|و|و	و	و|و|و	C0|Al|Ab	حرف ربط|حروف الفبا|اختصارات	
1	بباید	باید	بباید	ب + باید	O+V4	ب + فعل وجه نما	
2	شناخت	شناخت|شناخت	شناخت	شناخت|شناخت	V+O|N1	فعل ماضی ساده+سوم شخص مفرد|اسم	
3	که	که|که|که|که	که	که|که|که|که	C0|NA|N1|N1	حرف ربط|ضمیر پرسشی|اسم|اسم	
4	عقوبت	عقوبت	عقوبت	عقوبت	N1	اسم	
5	غادران	غادران	غادران	غادران	O	_
6	زود	زود	زود	زود	A0	صفت	
7	نازل	نازل	نازل	نازل	N1	اسم	
8	گردد	گرد	گشت	گرد + د	V+O	فعل مضارع ساده+سوم شخص مفرد	
9	،	،	،	،	Si	علامت	
10	و	و|و|و	و	و|و|و	C0|Al|Ab	حرف ربط|حروف الفبا|اختصارات	
11	سوگند	سوگند|سوگ	سوگند	سوگند|سوگ + ند	N1|N1+V	اسم|اسم + فعل سوم شخص جمع	
12	دروغ	دروغ	دروغ	دروغ	N1	اسم	
13	قواعد	قواعد	قواعد	قواعد	N1	اسم	
14	عمر	عمر|عمر	عمر	عمر|عمر	N1|N3	اسم|اسم خاص اشخاص	
15	و	و|و|و	و	و|و|و	C0|Al|Ab	حرف ربط|حروف الفبا|اختصارات	
16	اساس	اساس	اساس	اساس	O	_
17	زندگانی	زندگانی|زنده	زندگانی	زندگانی|زنده + گان + ی	N1|A0+Pl+O	اسم|صفت + علامت جمع + ی	
18	زود	زود	زود	زود	A0	صفت	
19	با	با	با	با	Pr	حرف اضافه	
20	خلل	خلل	خلل	خلل	N1	اسم	
21	کند	کند|کن|کن	کند	کند|کن + د|کن + د	A0|V+O|V+O	صفت|فعل مضارع ساده+سوم شخص مفرد|فعل مضارع ساده+سوم شخص مفرد	
22	،	،	،	،	Si	علامت	
23	و	و|و|و	و	و|و|و	C0|Al|Ab	حرف ربط|حروف الفبا|اختصارات	
24	زبان	زبان	زبان	زبان	N1	اسم	
25	نبوت	نبوت|بو	نبوت	نبوت|ن + بو + ت	N1|V+O	اسم|فعل امر منفی+دوم شخص مفرد	
26	بدین	بدین|دین|دین|بد	بدین	بدین|ب + دین|ب + دین|بد + ین	Pr|O+N1|O+N1|A0+O	حرف اضافه|ب + اسم|ب + اسم|صفت + ین	
27	دقیقه	دقیقه|دقیق	دقیقه	دقیقه|دقیق + ه	N1|A0+O	اسم|صفت + ه	
28	اشارت	اشارت	اشارت	اشارت	N1	اسم	
29	کند	کند|کن|کن	کند	کند|کن + د|کن + د	A0|V+O|V+O	صفت|فعل مضارع ساده+سوم شخص مفرد|فعل مضارع ساده+سوم شخص مفرد	
30	.	.	.	.	Si	علامت	

0	آن	ان	آن	ان	Ab	اختصارات	
1	کس	کس	کس	کس	N1	اسم	
2	که	که|که|که|که	که	که|که|که|که	C0|NA|N1|N1	حرف ربط|ضمیر پرسشی|اسم|اسم	
3	به	به|به	به	به|به	Pr|N1	حرف اضافه|اسم	
4	تواضع	تواضع	تواضع	تواضع	N1	اسم	
5	و	و|و|و	و	و|و|و	C0|Al|Ab	حرف ربط|حروف الفبا|اختصارات	
6	تضرع	تضرع	تضرع	تضرع	N1	اسم	
7	مقدمات	مقدمات|مقدم|مقدم	مقدمات	مقدمات|مقدم + ات|مقدم + ات	N1|A0+Pl|N1+Pl	اسم|صفت + علامت جمع|اسم + علامت جمع	
8	آزار	ازار	آزار	ازار	N1	اسم	
9	فرو	فرو|فرو|فرو	فرو	فرو|فرو|فرو	V|VPr|A0	فعل امر مثبت|پیشوند فعل|صفت	
10	نتواند	توان	توانست	ن + توان + د	V+O	فعل حال التزامی منفی+سوم شخص مفرد	
11	گذاشت	گذاشت	گذاشت	گذاشت	V+O	فعل ماضی ساده+سوم شخص مفرد	
12	و	و|و|و	و	و|و|و	C0|Al|Ab	حرف ربط|حروف الفبا|اختصارات	
13	در	در|در|در|در|در	در	در|در|در|در|در	Pr|V|N1|N1|VPr	حرف اضافه|فعل امر مثبت|اسم|اسم|پیشوند فعل	
14	عفو	عفو	عفو	عفو	N1	اسم	
15	و	و|و|و	و	و|و|و	C0|Al|Ab	حرف ربط|حروف الفبا|اختصارات	
16	تجاوز	تجاوز	تجاوز	تجاوز	N1	اسم	
17	پیش‌دستی	پیش‌دستی|دست	پیش‌دستی	پیش‌دستی|پیش + دست + ی	N1|O+N1+O	اسم|پیش + اسم + ی	
18	و	و|و|و	و	و|و|و	C0|Al|Ab	حرف ربط|حروف الفبا|اختصارات	
19	مبادرت	مبادرت	مبادرت	مبادرت	N1	اسم	
20	نتواند	توان	توانست	ن + توان + د	V+O	فعل حال التزامی منفی+سوم شخص مفرد	
21	نمود	نمود|نمود|مو	نمود	نمود|نمود|ن + مو + د	V+O|N1|V+O	فعل ماضی ساده+سوم شخص مفرد|اسم|فعل حال التزامی منفی+سوم شخص مفرد	
22	از	از	از	از	Pr	حرف اضافه	
23	پیرایه	پیرایه	پیرایه	پیرایه	N1	اسم	
24	نیکونامی	نیکونامی|نیکونام	نیکونامی	نیکونامی|نیکونام + ی	N1|A0+O	اسم|صفت + ی	
25	عاطل	عاطل	عاطل	عاطل	A0	صفت	
26	گردد	گرد	گشت	گرد + د	V+O	فعل مضارع ساده+سوم شخص مفرد	
27	و	و|و|و	و	و|و|و	C0|Al|Ab	حرف ربط|حروف الفبا|اختصارات	
28	در	در|در|در|در|در	در	در|در|در|در|در	Pr|V|N1|N1|VPr	حرف اضافه|فعل امر مثبت|اسم|اسم|پیشوند فعل	
29	پیش	پیش|پیش|پی	پیش	پیش|پیش|پی + ش	A0|N9|N1+O	صفت|اسم موجود در ساختمان حرف اضافه و حرف ربط گروهی|اسم + ضمیر ملکی سوم شخص مفرد	
30	مردان	مرد	مرد	مرد + ان	N1+O	اسم + ان	
31	سرافگنده	سرافگنده	سرافگنده	سرافگنده	O	_
32	ماند	ماند|مان	ماند	ماند|مان + د	V+O|V+O	فعل ماضی ساده+سوم شخص مفرد|فعل مضارع ساده+سوم شخص مفرد	
33	.	.	.	.	Si	علامت	

0	اینست	این	اینست	این	O	_
1	مثل	مثل|مثل|مثل	مثل	مثل|مثل|مثل	N1|N9|N1	اسم|اسم موجود در ساختمان حرف اضافه و حرف ربط گروهی|اسم	
2	خردمند	خردمند|خرد|خر	خردمند	خردمند|خرد + مند|خر + د + مند	A0|N1+O|V1+O+O	صفت|اسم + مند|بن مضارع + د + مند	
3	روشن	روشن	روشن	روشن	A0	صفت	
4	رأی	رأی	رأی	رأی	N1	اسم	
5	که	که|که|که|که	که	که|که|که|که	C0|NA|N1|N1	حرف ربط|ضمیر پرسشی|اسم|اسم	
6	فرصت	فرصت	فرصت	فرصت	N1	اسم	
7	مصالحت	مصالح	مصالح	مصالح + ت	N1+O	اسم + ضمیر ملکی دوم شخص مفرد	
8	دشمن	دشمن	دشمن	دشمن	A0	صفت	
9	به	به|به	به	به|به	Pr|N1	حرف اضافه|اسم	
10	وقت	وقت|وقت	وقت	وقت|وقت	N1|N9	اسم|اسم موجود در ساختمان حرف اضافه و حرف ربط گروهی	
11	حاجت	حاجت|حاج	حاجت	حاجت|حاج + ت	N1|N1+O	اسم|اسم + ضمیر ملکی دوم شخص مفرد	
12	فایت	فا	فایت	فا + ی + ت	N1+O	اسم + ضمیر ملکی دوم شخص مفرد	
13	نگرداند	گرداند|گردان	نگرداند	ن + گرداند|ن + گردان + د	V+O|V+O	فعل ماضی ساده منفی+سوم شخص مفرد|فعل حال التزامی منفی+سوم شخص مفرد	
14	و	و|و|و	و	و|و|و	C0|Al|Ab	حرف ربط|حروف الفبا|اختصارات	
15	پس‌از	پس‌از	پس‌از	پس‌از	Pr1	حرف اضافه گروهی	
16	حصول	حصول	حصول	حصول	N1	اسم	
17	غرض	غرض	غرض	غرض	N1	اسم	
18	از	از	از	از	Pr	حرف اضافه	
19	مراعات	مراعات	مراعات	مراعات	N1	اسم	
20	جانب	جانب|جانب	جانب	جانب|جانب	N1|N9	اسم|اسم موجود در ساختمان حرف اضافه و حرف ربط گروهی	
21	حزم	حزم	حزم	حزم	N1	اسم	
22	و	و|و|و	و	و|و|و	C0|Al|Ab	حرف ربط|حروف الفبا|اختصارات	
23	احتیاط	احتیاط	احتیاط	احتیاط	N1	اسم	
24	غافل	غافل	غافل	غافل	A0	صفت	
25	نباشد	باش	بود	ن + باش + د	V+O	فعل حال التزامی منفی+سوم شخص مفرد	
26	.	.	.	.	Si	علامت	

0	سبحان‌الله	سبحان الله	سبحان‌الله	سبحان الله	O	_
1	!	!	!	!	Si	علامت	

0	موشی	موشی|موش	موش	موشی|موش + ی	A0|N1+O	صفت|اسم + ی	
1	با	با	با	با	Pr	حرف اضافه	
2	ضعف	ضعف	ضعف	ضعف	N1	اسم	
3	و	و|و|و	و	و|و|و	C0|Al|Ab	حرف ربط|حروف الفبا|اختصارات	
4	عجز	عجز	عجز	عجز	N1	اسم	
5	خویش	خویش|خو	خویش	خویش|خو + ی + ش	O|N1+O+O	ضمیر مشترک/متقابل|اسم + ی + ضمیر ملکی سوم شخص مفرد	
6	چون	چون|چون	چون	چون|چون	C0|Pr	حرف ربط|حرف اضافه	
7	آفات	افت	آفات	افت + ات	N1+Pl	اسم + علامت جمع	
8	بدو	بدو|بدو|دو|دو	دوید	بدو|بدو|ب + دو|ب + دو	N1|A0|V|O+N1	اسم|صفت|فعل امر مثبت|ب + اسم	
9	محیط	محیط	محیط	محیط	A0	صفت	
10	گشت	گشت|گشت|گشت	گشت	گشت|گشت|گشت	V+O|V+O|N1	فعل ماضی ساده+سوم شخص مفرد|فعل ماضی ساده+سوم شخص مفرد|اسم	
11	و	و|و|و	و	و|و|و	C0|Al|Ab	حرف ربط|حروف الفبا|اختصارات	
12	دشمنان	دشمن	دشمن	دشمن + ان	A0+O	صفت + ان	
13	غالب	غالب	غالب	غالب	A0	صفت	
14	گرد	گرد|گرد|گرد|گرد|گر	گرد	گرد|گرد|گرد|گرد|گر + د	V|A0|N1|A0|V+O	فعل امر مثبت|صفت|اسم|صفت|فعل مضارع ساده+سوم شخص مفرد	
15	او	او|او	او	او|او	N5|Ab	ضمیر فاعلی|اختصارات	
16	درآمدند	درآمد	درآمدند	درآمد	O	_
17	دل	دل	دل	دل	N1	اسم	
18	از	از	از	از	Pr	حرف اضافه	
19	جای	جای|جا	جای	جای|جا + ی	N1|N1+O	اسم|اسم + ی	
20	نبرد	نبرد|برد|بر	نبرد	نبرد|ن + برد|ن + بر + د	N1|V+O|V+O	اسم|فعل ماضی ساده منفی+سوم شخص مفرد|فعل حال التزامی منفی+سوم شخص مفرد	
21	و	و|و|و	و	و|و|و	C0|Al|Ab	حرف ربط|حروف الفبا|اختصارات	
22	به	به|به	به	به|به	Pr|N1	حرف اضافه|اسم	
23	دقایق	دقایق	دقایق	دقایق	N1	اسم	
24	مخادعت	مخادعت	مخادعت	مخادعت	O	_
25	یکی	یکی|یک	یک	یکی|یک + ی	A2|O+O	صفت مبهم|عدد حرفی + ی	
26	را	را	را	را	Po	حرف اضافه پسین	
27	از	از	از	از	Pr	حرف اضافه	
28	ایشان	ایشان	ایشان	ایشان	N5	ضمیر فاعلی	
29	در	در|در|در|در|در	در	در|در|در|در|در	Pr|V|N1|N1|VPr	حرف اضافه|فعل امر مثبت|اسم|اسم|پیشوند فعل	
30	دام	دام	دام	دام	N1	اسم	
31	موافقت	موافقت|موافق	موافقت	موافقت|موافق + ت	N1|A0+O	اسم|صفت + ضمیر ملکی دوم شخص مفرد	
32	کشید	کشید|کش|کش	کشید	کشید|کش + ید|کش + ید	V+O|V+O|N1+V	فعل ماضی ساده+سوم شخص مفرد|فعل مضارع ساده+دوم شخص جمع|اسم + فعل دوم شخص جمع	
33	،	،	،	،	Si	علامت	
34	تا	تا|تا|تا	تا	تا|تا|تا	Pr|C0|Ab	حرف اضافه|حرف ربط|اختصارات	
35	بدان	بدان|دان|بد	بدان	بدان|ب + دان|بد + ان	O|V|A0+O	صورت واجی ریشه: badAn|فعل امر مثبت|صفت + ان	
36	وثیقت	وثیق	وثیق	وثیق + ت	A0+O	صفت + ضمیر ملکی دوم شخص مفرد	
37	و	و|و|و	و	و|و|و	C0|Al|Ab	حرف ربط|حروف الفبا|اختصارات	
38	وسیلت	وسیلت	وسیلت	وسیلت	N1	اسم	
39	محنت	محنت|محن	محنت	محنت|محن + ت	N1|N1+O	اسم|اسم + ضمیر ملکی دوم شخص مفرد	
40	از	از	از	از	Pr	حرف اضافه	
41	وی	وی|وی	وی	وی|وی	N5|Ab	ضمیر فاعلی|اختصارات	
42	دور	دور|دور	دور	دور|دور	A0|N1	صفت|اسم	
43	گشت	گشت|گشت|گشت	گشت	گشت|گشت|گشت	V+O|V+O|N1	فعل ماضی ساده+سوم شخص مفرد|فعل ماضی ساده+سوم شخص مفرد|اسم	
44	،	،	،	،	Si	علامت	
45	و	و|و|و	و	و|و|و	C0|Al|Ab	حرف ربط|حروف الفبا|اختصارات	
46	از	از	از	از	Pr	حرف اضافه	
47	عهده	عهده|عهده|عهد	عهده	عهده|عهده|عهد + ه	N1|N9|N1+O	اسم|اسم موجود در ساختمان حرف اضافه و حرف ربط گروهی|اسم + ه	
48	عهد	عهد	عهد	عهد	N1	اسم	
49	دشمن	دشمن	دشمن	دشمن	A0	صفت	
50	به	به|به	به	به|به	Pr|N1	حرف اضافه|اسم	
51	وقت	وقت|وقت	وقت	وقت|وقت	N1|N9	اسم|اسم موجود در ساختمان حرف اضافه و حرف ربط گروهی	
52	بیرون	بیرون	بیرون	بیرون	N1	اسم	
53	آمد	امد	آمد	امد	N1	اسم	
54	،	،	،	،	Si	علامت	
55	و	و|و|و	و	و|و|و	C0|Al|Ab	حرف ربط|حروف الفبا|اختصارات	
56	پس‌از	پس‌از	پس‌از	پس‌از	Pr1	حرف اضافه گروهی	
57	ادراک	ادراک	ادراک	ادراک	N1	اسم	
58	نهمت	نه	نهم	نه + م + ت	V+O	فعل مضارع ساده+اول شخص مفرد	
59	در	در|در|در|در|در	در	در|در|در|در|در	Pr|V|N1|N1|VPr	حرف اضافه|فعل امر مثبت|اسم|اسم|پیشوند فعل	
60	تصون	تصون	تصون	تصون	O	_
61	ذات	ذات	ذات	ذات	N1	اسم	
62	ابواب	ابواب	ابواب	ابواب	N1	اسم	
63	تیقظ	تیقظ	تیقظ	تیقظ	O	_
64	به	به|به	به	به|به	Pr|N1	حرف اضافه|اسم	
65	جای	جای|جا	جای	جای|جا + ی	N1|N1+O	اسم|اسم + ی	
66	آورد	آورد|آور	آورد	آورد|آور + د	V+O|V+O	فعل ماضی ساده+سوم شخص مفرد|فعل مضارع ساده+سوم شخص مفرد	
67	.	.	.	.	Si	علامت	

0	اگر	اگر	اگر	اگر	C0	حرف ربط	
1	اصحاب	صاحب	اصحاب	صاحب	O	اسم مفرد جمع مکسر	
2	خرد	خرد|خرد|خر	خرد	خرد|خرد|خر + د	N1|A0|V+O	اسم|صفت|فعل مضارع ساده+سوم شخص مفرد	
3	و	و|و|و	و	و|و|و	C0|Al|Ab	حرف ربط|حروف الفبا|اختصارات	
4	کیاست	کیاست	کیاست	کیاست	A0	صفت	
5	و	و|و|و	و	و|و|و	C0|Al|Ab	حرف ربط|حروف الفبا|اختصارات	
6	ذکا	ذکاء	ذکا	ذکاء	N1	اسم	
7	و	و|و|و	و	و|و|و	C0|Al|Ab	حرف ربط|حروف الفبا|اختصارات	
8	فطنت	فطنت	فطنت	فطنت	O	_
9	این	این|این	این	این|این	A1|N6	صفت اشاره|ضمیر اشاره	
10	تجارب	تجربه	تجارب	تجربه	O	اسم مفرد جمع مکسر	
11	را	را	را	را	Po	حرف اضافه پسین	
12	نمودار	نمودار|نمود	نمودار	نمودار|نمود + ار	A0|O+O	صفت|ریشه ماضی + ار	
13	عزایم	عزا|عزا	عزایم	عزا + ی + م|عزا + ی + م	N1+O|N1+V	اسم + ضمیر ملکی اول شخص مفرد|اسم + فعل اول شخص مفرد	
14	خویش	خویش|خو	خویش	خویش|خو + ی + ش	O|N1+O+O	ضمیر مشترک/متقابل|اسم + ی + ضمیر ملکی سوم شخص مفرد	
15	گردانند	گردان|گردان|گردان|گرد|گرد|گرد|گرد	گردانند	گردان + ند|گردان + ند|گردان + ند|گرد + ان + ند|گرد + ان + ند|گرد + ان + ند|گرد + ان + ند	V+O|N1+V|A0+V|V1+O+V|A0+O+V|N1+O+V|A0+O+V	فعل مضارع ساده+سوم شخص جمع|اسم + فعل سوم شخص جمع|صفت + فعل سوم شخص جمع|بن مضارع + ان + فعل سوم شخص جمع|صفت + ان + فعل سوم شخص جمع|اسم + ان + فعل سوم شخص جمع|صفت + ان + فعل سوم شخص جمع	
16	و	و|و|و	و	و|و|و	C0|Al|Ab	حرف ربط|حروف الفبا|اختصارات	
17	در	در|در|در|در|در	در	در|در|در|در|در	Pr|V|N1|N1|VPr	حرف اضافه|فعل امر مثبت|اسم|اسم|پیشوند فعل	
18	تقدیم	تقدیم	تقدیم	تقدیم	N1	اسم	
19	مهمات	مهمات|مهم	مهمات	مهمات|مهم + ات	N1|A0+Pl	اسم|صفت + علامت جمع	
20	این	این|این	این	این|این	A1|N6	صفت اشاره|ضمیر اشاره	
21	بشارت	بشارت|شار	بشارت	بشارت|ب + شار + ت	N1|O+N1+O	اسم|ب + اسم + ضمیر ملکی دوم شخص مفرد	
22	را	را	را	را	Po	حرف اضافه پسین	
23	امام	امام|امام	امام	امام|امام	N1|Sp	اسم|شاخص	
24	سازند	سازند|ساز|ساز	ساخت	سازند|ساز + ند|ساز + ند	N1|V+O|N1+V	اسم|فعل مضارع ساده+سوم شخص جمع|اسم + فعل سوم شخص جمع	
25	فواتح	فواتح	فواتح	فواتح	O	_
26	و	و|و|و	و	و|و|و	C0|Al|Ab	حرف ربط|حروف الفبا|اختصارات	
27	خواتم	خو|خو	خواتم	خو + ات + م|خو + ات + م	N1+Pl+O|N1+Pl+V	اسم + علامت جمع + ضمیر ملکی اول شخص مفرد|اسم + علامت جمع + فعل اول شخص مفرد	
28	کارهای	کار	کار	کار + ها + ی	N1+Pl+O	اسم + علامت جمع + ی	
29	ایشان	ایشان	ایشان	ایشان	N5	ضمیر فاعلی	
30	به	به|به	به	به|به	Pr|N1	حرف اضافه|اسم	
31	مزید	مزید	مزید	مزید	A0	صفت	
32	دوستکامی	دوستکامی	دوستکامی	دوستکامی	O	_
33	و	و|و|و	و	و|و|و	C0|Al|Ab	حرف ربط|حروف الفبا|اختصارات	
34	غبط	غبط	غبط	غبط	O	_
35	مقرون	مقرون|مقر|مقر	مقرون	مقرون|مقر + ون|مقر + ون	A0|N1+Pl|N1+Pl	صفت|اسم + علامت جمع|اسم + علامت جمع	
36	باشد	باش|اشد	بود	باش + د|ب + اشد	V+O|O+A0	فعل مضارع ساده+سوم شخص مفرد|ب + صفت	
37	و	و|و|و	و	و|و|و	C0|Al|Ab	حرف ربط|حروف الفبا|اختصارات	
38	سعادت	سعادت	سعادت	سعادت	N1	اسم	
39	عاجل	عاجل	عاجل	عاجل	A0	صفت	
40	و	و|و|و	و	و|و|و	C0|Al|Ab	حرف ربط|حروف الفبا|اختصارات	
41	آجل	اجل	آجل	اجل	N1	اسم	
42	به	به|به	به	به|به	Pr|N1	حرف اضافه|اسم	
43	روزگار	روزگار|روز	روزگار	روزگار|روز + گار	N1|N1+O	اسم|اسم + گار	
44	ایشان	ایشان	ایشان	ایشان	N5	ضمیر فاعلی	
45	متصل	متصل	متصل	متصل	A0	صفت	
46	گردد	گرد	گشت	گرد + د	V+O	فعل مضارع ساده+سوم شخص مفرد	
47	،	،	،	،	Si	علامت	
48	والله	والله	والله	والله	Ad	قید	
49	ولی	ولی|ولی|ول|ول	ولی	ولی|ولی|ول + ی|ول + ی	C0|N1|A0+O|N1+O	حرف ربط|اسم|صفت + ی|اسم + ی	
50	التوفیق	التوفیق	التوفیق	التوفیق	O	_
51	.	.	.	.	Si	علامت	

0	آنکه	آن‌که|آن‌که|آنکه|آنکه	آنکه	آن‌که|آن‌که|آنکه|آنکه	Ad|N5|Ad|N5	قید|ضمیر فاعلی|قید|ضمیر فاعلی	
1	کشیشان	کشیش	کش	کشیش + ان	A0+O	صفت + ان	
2	و	و|و|و	و	و|و|و	C0|Al|Ab	حرف ربط|حروف الفبا|اختصارات	
3	رهبانان	رهبان|ره	رهبان	رهبان + ان|ره + بان + ان	N1+O|N1+O+O	اسم + ان|اسم + بان + ان	
4	و	و|و|و	و	و|و|و	C0|Al|Ab	حرف ربط|حروف الفبا|اختصارات	
5	ملکان	ملک|ملک|ملک	ملک	ملک + ان|ملک + ان|ملک + ان	A0+O|N1+O|N1+O	صفت + ان|اسم + ان|اسم + ان	
6	و	و|و|و	و	و|و|و	C0|Al|Ab	حرف ربط|حروف الفبا|اختصارات	
7	ریش‌سفیدان	ریش‌سفید	ریش‌سفید	ریش‌سفید + ان	A0+O	صفت + ان	
8	و	و|و|و	و	و|و|و	C0|Al|Ab	حرف ربط|حروف الفبا|اختصارات	
9	کدخدایان	کدخدای|کدخدا	کدخدا	کدخدای + ان|کدخدا + ی + ان	N1+O|N1+O	اسم + ان|اسم + ان	
10	و	و|و|و	و	و|و|و	C0|Al|Ab	حرف ربط|حروف الفبا|اختصارات	
11	رعایای	رعایا	رعایا	رعایا + ی	N1+O	اسم + ی	
12	ارامنه	ارامنه	ارامنه	ارامنه	N1	اسم	
13	ساکنین	ساکن	ساکنین	ساکن + ین	A0+O	صفت + ین	
14	دارالسلطنه	دارالسلطنه	دارالسلطنه	دارالسلطنه	N1	اسم	
15	اصفهان	اصفهان	اصفهان	اصفهان	N2	اسم خاص مکان	
16	بعنایت	عنایت	بعنایت	ب + عنایت	O+N1	ب + اسم	
17	بی‌غایت	غایت	بی‌غایت	بی + غایت	O+N1	بی + اسم	
18	شاهانه	شاهانه|شاه|شا	شاهانه	شاهانه|شاه + انه|شا + ه + انه	A0|N1+O|V1+O+O	صفت|اسم + انه|بن مضارع + ه + انه	
19	و	و|و|و	و	و|و|و	C0|Al|Ab	حرف ربط|حروف الفبا|اختصارات	
20	شفقت	شفقت|شفق	شفقت	شفقت|شفق + ت	N1|N1+O	اسم|اسم + ضمیر ملکی دوم شخص مفرد	
21	و	و|و|و	و	و|و|و	C0|Al|Ab	حرف ربط|حروف الفبا|اختصارات	
22	مرحمت	مرحمت|مرحم	مرحمت	مرحمت|مرحم + ت	N1|N1+O	اسم|اسم + ضمیر ملکی دوم شخص مفرد	
23	بینهایت	نهایت|بین|ین	بین	بی + نهایت|بین + ها + ی + ت|ب + ین + ها + ی + ت	O+N1|A0+Pl+O+O|O+N1+Pl+O+O	بی + اسم|صفت + علامت جمع + ی + ضمیر ملکی دوم شخص مفرد|ب + اسم + علامت جمع + ی + ضمیر ملکی دوم شخص مفرد	
24	پادشاهانه	پادشاه|شاهانه|شاه|شا	پادشاهانه	پادشاه + انه|پاد + شاهانه|پاد + شاه + انه|پاد + شا + ه + انه	N1+O|O+A0|O+N1+O|O+V1+O+O	اسم + انه|پاد + صفت|پاد + اسم + انه|پاد + بن مضارع + ه + انه	
25	مفتخر	مفتخر	مفتخر	مفتخر	A0	صفت	
26	و	و|و|و	و	و|و|و	C0|Al|Ab	حرف ربط|حروف الفبا|اختصارات	
27	سرافراز	سرافراز	سرافراز	سرافراز	A0	صفت	
28	و	و|و|و	و	و|و|و	C0|Al|Ab	حرف ربط|حروف الفبا|اختصارات	
29	مستظهر	مستظهر	مستظهر	مستظهر	A0	صفت	
30	و	و|و|و	و	و|و|و	C0|Al|Ab	حرف ربط|حروف الفبا|اختصارات	
31	امیدوار	امیدوار	امیدوار	امیدوار	A0	صفت	
32	بوده	بود|بود|بود|ود	بوده	بود + ه|بود + ه|بود + ه|ب + ود + ه	O+O|N1+O|V3+O|O+N1+O	ریشه ماضی + ه|اسم + ه|فعل اسنادی + ه|ب + اسم + ه	
33	بدانند	دان|بد	دانست	ب + دان + ند|بد + ان + ند	V+O|A0+O+V	فعل حال التزامی+سوم شخص جمع|صفت + ان + فعل سوم شخص جمع	
34	که	که|که|که|که	که	که|که|که|که	C0|NA|N1|N1	حرف ربط|ضمیر پرسشی|اسم|اسم	
35	چون	چون|چون	چون	چون|چون	C0|Pr	حرف ربط|حرف اضافه	
36	میانه	میانه|میان|می|می	میانه	میانه|میان + ه|می + ان + ه|می + ان + ه	N1|N1+O|N1+O+O|N1+O+O	اسم|اسم + ه|اسم + ان + ه|اسم + ان + ه	
37	نواب	نواب	نواب	نواب	N3	اسم خاص اشخاص	
38	کامیاب	کامیاب	کامیاب	کامیاب	A0	صفت	
39	همایون	همایون|همای|هما	همایون	همایون|همای + ون|هما + ی + ون	A0|N1+Pl|N3+Pl	صفت|اسم + علامت جمع|اسم خاص اشخاص + علامت جمع	
40	و	و|و|و	و	و|و|و	C0|Al|Ab	حرف ربط|حروف الفبا|اختصارات	
41	حضرات	حضرات|حضر	حضرات	حضرات|حضر + ات	N1|N1+Pl	اسم|اسم + علامت جمع	
42	سلاطین	سلاطین	سلاطین	سلاطین	N1	اسم	
43	رفیع‌الشأن	رفیع الشان	رفیع‌الشأن	رفیع الشان	O	_
44	مسیحیه	مسیحی	مسیحیه	مسیحی + ه	N1+O	اسم + ه	
45	خصوصا	خصوصاً	خصوصا	خصوصاً	Ad	قید	
46	سلطنت	سلطنت	سلطنت	سلطنت	N1	اسم	
47	و	و|و|و	و	و|و|و	C0|Al|Ab	حرف ربط|حروف الفبا|اختصارات	
48	شوکت	شوکت|شوک|شو	شوکت	شوکت|شوک + ت|شو + ک + ت	N1|N1+O|N1+O+O	اسم|اسم + ضمیر ملکی دوم شخص مفرد|اسم + ک + ضمیر ملکی دوم شخص مفرد	
49	پناهی	پناهی|پناه|پناه	پناهی	پناهی|پناه + ی|پناه + ی	N4|V+O|N1+O	اسم فامیل|فعل مضارع ساده+دوم شخص مفرد|اسم + ی	
50	قدرت	قدرت|قدر|قدر	قدرت	قدرت|قدر + ت|قدر + ت	N1|N1+O|A0+O	اسم|اسم + ضمیر ملکی دوم شخص مفرد|صفت + ضمیر ملکی دوم شخص مفرد	
51	السلاطین	السلاطین	السلاطین	السلاطین	O	_
52	العیسویه	العیسویه	العیسویه	العیسویه	O	_
53	کمال	کمال	کمال	کمال	N1	اسم	
54	محبت	محبت|محب	محبت	محبت|محب + ت	N1|N1+O	اسم|اسم + ضمیر ملکی دوم شخص مفرد	
55	و	و|و|و	و	و|و|و	C0|Al|Ab	حرف ربط|حروف الفبا|اختصارات	
56	دوستی	دوستی|دوست	دوست	دوستی|دوست + ی	N1|N1+O	اسم|اسم + ی	
57	است	است|اس		است|اس + ت	V+O|N1+O	فعل مضارع ساده+سوم شخص مفرد|اسم + ضمیر ملکی دوم شخص مفرد	
58	و	و|و|و	و	و|و|و	C0|Al|Ab	حرف ربط|حروف الفبا|اختصارات	
59	در	در|در|در|در|در	در	در|در|در|در|در	Pr|V|N1|N1|VPr	حرف اضافه|فعل امر مثبت|اسم|اسم|پیشوند فعل	
60	میانه	میانه|میان|می|می	میانه	میانه|میان + ه|می + ان + ه|می + ان + ه	N1|N1+O|N1+O+O|N1+O+O	اسم|اسم + ه|اسم + ان + ه|اسم + ان + ه	
61	ما	ما	ما	ما	N5	ضمیر فاعلی	
62	و	و|و|و	و	و|و|و	C0|Al|Ab	حرف ربط|حروف الفبا|اختصارات	
63	طوایف	طوایف	طوایف	طوایف	N1	اسم	
64	مسیحیه	مسیحی	مسیحیه	مسیحی + ه	N1+O	اسم + ه	
65	یکانکی	یکان	یکانکی	یکان + ک + ی	N1+O+O	اسم + ک + ی	
66	است	است|اس		است|اس + ت	V+O|N1+O	فعل مضارع ساده+سوم شخص مفرد|اسم + ضمیر ملکی دوم شخص مفرد	
67	و	و|و|و	و	و|و|و	C0|Al|Ab	حرف ربط|حروف الفبا|اختصارات	
68	اصلا	اصلاً	اصلا	اصلاً	Ad	قید	
69	جدایی	جدایی|جدا	جدایی	جدایی|جدا + یی	N1|A0+O	اسم|صفت + یی	
70	نیست	نیست|است|نی	نیست	نیست|نی + است|نی + ست	N1|V+O|N1+O	اسم|فعل مضارع ساده منفی+سوم شخص مفرد|اسم + ضمیر ملکی سوم شخص مفرد	
71	و	و|و|و	و	و|و|و	C0|Al|Ab	حرف ربط|حروف الفبا|اختصارات	
72	توجه	توجه	توجه	توجه	N1	اسم	
73	خاطر	خاطر|خاطر	خاطر	خاطر|خاطر	N1|N9	اسم|اسم موجود در ساختمان حرف اضافه و حرف ربط گروهی	
74	اشرف	اشرف	اشرف	اشرف	N3	اسم خاص اشخاص	
75	به	به|به	به	به|به	Pr|N1	حرف اضافه|اسم	
76	آن	ان	آن	ان	Ab	اختصارات	
77	متعلق	متعلق	متعلق	متعلق	A0	صفت	
78	است	است|اس		است|اس + ت	V+O|N1+O	فعل مضارع ساده+سوم شخص مفرد|اسم + ضمیر ملکی دوم شخص مفرد	
79	که	که|که|که|که	که	که|که|که|که	C0|NA|N1|N1	حرف ربط|ضمیر پرسشی|اسم|اسم	
80	همیشه	همیشه	همیشه	همیشه	Ad	قید	
81	طوایف	طوایف	طوایف	طوایف	N1	اسم	
82	مسیحیه	مسیحی	مسیحیه	مسیحی + ه	N1+O	اسم + ه	
83	از	از	از	از	Pr	حرف اضافه	
84	اطراف	اطراف|اطراف	اطراف	اطراف|اطراف	N1|N9	اسم|اسم موجود در ساختمان حرف اضافه و حرف ربط گروهی	
85	و	و|و|و	و	و|و|و	C0|Al|Ab	حرف ربط|حروف الفبا|اختصارات	
86	جوانب	جانب	جوانب	جانب	O	اسم مفرد جمع مکسر	
87	بدین	بدین|دین|دین|بد	بدین	بدین|ب + دین|ب + دین|بد + ین	Pr|O+N1|O+N1|A0+O	حرف اضافه|ب + اسم|ب + اسم|صفت + ین	
88	دیار	دیار	دیار	دیار	N1	اسم	
89	آمدوشد	آمدوشد|آمد	آمدوشد	آمدوشد|آمد + وش + د	N1|V2+O+O	اسم|بن ماضی + وش + د	
90	نمایند	نما|نما|نما	نمود	نما + یند|نما + یند|نما + یند	V+O|V+O|N1+O	فعل مضارع ساده+سوم شخص جمع|فعل مضارع ساده+سوم شخص جمع|اسم + یند	
91	.	.	.	.	Si	علامت	

0	و	و|و|و	و	و|و|و	C0|Al|Ab	حرف ربط|حروف الفبا|اختصارات	
1	حال	حال	حال	حال	N1	اسم	
2	آنکه	آن‌که|آن‌که|آنکه|آنکه	آنکه	آن‌که|آن‌که|آنکه|آنکه	Ad|N5|Ad|N5	قید|ضمیر فاعلی|قید|ضمیر فاعلی	
3	آن	ان	آن	ان	Ab	اختصارات	
4	کودک	کودک|کود	کودک	کودک|کود + ک	N1|N1+O	اسم|اسم + ک	
5	دیگر	دیگر|دیگر|دی	دیگر	دیگر|دیگر|دی + گر	Ad|A2|N1+O	قید|صفت مبهم|اسم + گر	
6	مردی	مردی|مرد|مرد	مردی	مردی|مرد + ی|مرد + ی	N1|N1+O|V+O	اسم|اسم + ی|فعل ماضی ساده+دوم شخص مفرد	
7	شده‌است	شد	شده‌است	شد + ه + است	V+O	فعل ماضی نقلی+سوم شخص مفرد	
8	یا	یا|یا	یا	یا|یا	C0|Intj	حرف ربط|صوت	
9	زنی	زنی|زن|زن	زنی	زنی|زن + ی|زن + ی	N1|V+O|N1+O	اسم|فعل مضارع ساده+دوم شخص مفرد|اسم + ی	
10	؛	؛	؛	؛	Si	علامت	
11	و	و|و|و	و	و|و|و	C0|Al|Ab	حرف ربط|حروف الفبا|اختصارات	
12	زیباست	زیبا|زیب	زیباست	زیبا + ست|زیب + ا + ست	A0+O|O+O+O	صفت + ضمیر ملکی سوم شخص مفرد|ریشه مضارع + ا + ضمیر ملکی سوم شخص مفرد	
13	و	و|و|و	و	و|و|و	C0|Al|Ab	حرف ربط|حروف الفبا|اختصارات	
14	برومند	برومند|بر	برومند	برومند|بر + ومند	A0|N1+O	صفت|اسم + ومند	
15	؛	؛	؛	؛	Si	علامت	
16	و	و|و|و	و	و|و|و	C0|Al|Ab	حرف ربط|حروف الفبا|اختصارات	
17	لابد	لابد	لابد	لابد	Ad	قید	
18	شوهری	شوهری|شوهر	شوهر	شوهری|شوهر + ی	A0|N1+O	صفت|اسم + ی	
19	می‌خواهد	خواه|خواه	خواست	می + خواه + د|می + خواه + د	V+O|O+V5+O	فعل حال اخباری+سوم شخص مفرد|می + فعل کمکی + د	
20	یا	یا|یا	یا	یا|یا	C0|Intj	حرف ربط|صوت	
21	زنی	زنی|زن|زن	زنی	زنی|زن + ی|زن + ی	N1|V+O|N1+O	اسم|فعل مضارع ساده+دوم شخص مفرد|اسم + ی	
22	؛	؛	؛	؛	Si	علامت	
23	و	و|و|و	و	و|و|و	C0|Al|Ab	حرف ربط|حروف الفبا|اختصارات	
24	لابد	لابد	لابد	لابد	Ad	قید	
25	بچه‌ای	بچه|چه	بچه	بچه + ای|ب + چه + ای	N1+O|O+A0+O	اسم + ای|ب + صفت + ای	
26	خواهد‌داشت	داشت	خواهد‌داشت	خواهد + داشت	V+O	فعل آینده مثبت+سوم شخص مفرد	
27	و…	و…	و…	و…	O	_
28	این‌جوری	این‌جوری	این‌جوری	این‌جوری	A0	صفت	
29	بود	بود|بود|بود|بو|ود	بود	بود|بود|بود|بو + د|ب + ود	V+O|N1|V+O|V+O|O+N1	فعل ماضی ساده+سوم شخص مفرد|اسم|فعل ماضی ساده+سوم شخص مفرد|فعل مضارع ساده+سوم شخص مفرد|ب + اسم	
30	که	که|که|که|که	که	که|که|که|که	C0|NA|N1|N1	حرف ربط|ضمیر پرسشی|اسم|اسم	
31	فریادم	فریاد|فریاد	فریاد	فریاد + م|فریاد + م	N1+O|N1+V	اسم + ضمیر ملکی اول شخص مفرد|اسم + فعل اول شخص مفرد	
32	از	از	از	از	Pr	حرف اضافه	
33	درون	درون|در|در	درون	درون|در + ون|در + ون	N1|N1+Pl|N1+Pl	اسم|اسم + علامت جمع|اسم + علامت جمع	
34	برخاست	برخاست	برخاست	برخاست	V+O	فعل ماضی ساده+سوم شخص مفرد	
35	که	که|که|که|که	که	که|که|که|که	C0|NA|N1|N1	حرف ربط|ضمیر پرسشی|اسم|اسم	
36	مگر	مگر	مگر	مگر	Ad	قید	
37	دوام	دوام	دوام	دوام	N1	اسم	
38	خلقت	خلقت|خلق|خلق	خلقت	خلقت|خلق + ت|خلق + ت	N1|N1+O|N1+O	اسم|اسم + ضمیر ملکی دوم شخص مفرد|اسم + ضمیر ملکی دوم شخص مفرد	
39	بر	بر|بر|بر|بر	بر	بر|بر|بر|بر	Pr|V|VPr|N1	حرف اضافه|فعل امر مثبت|پیشوند فعل|اسم	
40	زمینه‌ی	زمینه|زمین|زم	زمینه	زمینه + ی|زمین + ه + ی|زم + ین + ه + ی	N1+O|N1+O+O|N1+O+O+O	اسم + ی|اسم + ه + ی|اسم + ین + ه + ی	
41	لق	لق|لق	لق	لق|لق	V|A0	فعل امر مثبت|صفت	
42	حسرت‌های	حسرت	حسرت	حسرت + ها + ی	N1+Pl+O	اسم + علامت جمع + ی	
43	تو	تو|تو|تو	تو	تو|تو|تو	N5|Ad|N1	ضمیر فاعلی|قید|اسم	
44	است	است|اس		است|اس + ت	V+O|N1+O	فعل مضارع ساده+سوم شخص مفرد|اسم + ضمیر ملکی دوم شخص مفرد	
45	احمق	احمق	احمق	احمق	A0	صفت	
46	؟	؟	؟	؟	Si	علامت	

0	خیال	خیال	خیال	خیال	N1	اسم	
1	کرده‌ای	کرده|کرد|کرد	کرد	کرده + ای|کرد + ه + ای|کرد + ه + ای	N1+O|V+O|N1+O+O	اسم + ای|فعل ماضی نقلی+دوم شخص مفرد|اسم + ه + ای	
2	!	!	!	!	Si	علامت	

0	و	و|و|و	و	و|و|و	C0|Al|Ab	حرف ربط|حروف الفبا|اختصارات	
1	اصلا	اصلاً	اصلا	اصلاً	Ad	قید	
2	ببینم	بین|بین|بین	ببینم	ب + بین + م|ب + بین + م|ب + بین + م	V+O|O+A0+O|O+A0+V	فعل حال التزامی+اول شخص مفرد|ب + صفت + ضمیر ملکی اول شخص مفرد|ب + صفت + فعل اول شخص مفرد	
3	–	–	–	–	O	_
4	مگر	مگر	مگر	مگر	Ad	قید	
5	کدامیک	کدامیک	کدامیک	کدامیک	NA	ضمیر پرسشی	
6	از	از	از	از	Pr	حرف اضافه	
7	بچه‌های	بچه|چه	بچه	بچه + ها + ی|ب + چه + ها + ی	N1+Pl+O|O+A0+Pl+O	اسم + علامت جمع + ی|ب + صفت + علامت جمع + ی	
8	سرراهی	سرراهی	سرراهی	سرراهی	A0	صفت	
9	و	و|و|و	و	و|و|و	C0|Al|Ab	حرف ربط|حروف الفبا|اختصارات	
10	یتیم	یتیم	یتیم	یتیم	A0	صفت	
11	خانه‌ای	خانه|خان	خانه	خانه + ای|خان + ه + ای	N1+O|N1+O+O	اسم + ای|اسم + ه + ای	
12	و	و|و|و	و	و|و|و	C0|Al|Ab	حرف ربط|حروف الفبا|اختصارات	
13	پرورشگاهی	پرورشگاهی|پرورشگاه|پرورش|پرور|پر	پرورشگاه	پرورشگاهی|پرورشگاه + ی|پرورش + گاه + ی|پرور + ش + گاه + ی|پر + ور + ش + گاه + ی	A0|N1+O|N1+O+O|V1+O+O+O|V1+O+O+O+O	صفت|اسم + ی|اسم + گاه + ی|بن مضارع + ش + گاه + ی|بن مضارع + ور + ضمیر ملکی سوم شخص مفرد + گاه + ی	
14	به	به|به	به	به|به	Pr|N1	حرف اضافه|اسم	
15	دم	دم|دم|دم	دم	دم|دم|دم	V|N1|N1	فعل امر مثبت|اسم|اسم	
16	روح‌القدس	روح‌القدس	روح‌القدس	روح‌القدس	N1	اسم	
17	در	در|در|در|در|در	در	در|در|در|در|در	Pr|V|N1|N1|VPr	حرف اضافه|فعل امر مثبت|اسم|اسم|پیشوند فعل	
18	مشیمه‌ی	مشیمه	مشیمه‌ی	مشیمه + ی	N1+O	اسم + ی	
19	مادرشان	مادر	مادر	مادر + شان	N1+O	اسم + ضمیر ملکی سوم شخص جمع	
20	قرار	قرار|قرار	قرار	قرار|قرار	N1|N9	اسم|اسم موجود در ساختمان حرف اضافه و حرف ربط گروهی	
21	گرفته‌اند	گرفته|گرفت|گرفت	گرفت	گرفته + اند|گرفت + ه + اند|گرفت + ه + اند	A0+V|V+O|N1+O+V	صفت + فعل سوم شخص جمع|فعل ماضی نقلی+سوم شخص جمع|اسم + ه + فعل سوم شخص جمع	
22	؟	؟	؟	؟	Si	علامت	

0	و	و|و|و	و	و|و|و	C0|Al|Ab	حرف ربط|حروف الفبا|اختصارات	
1	مگر	مگر	مگر	مگر	Ad	قید	
2	چه	چه|چه|چه	چه	چه|چه|چه	NA|C0|A0	ضمیر پرسشی|حرف ربط|صفت	
3	فرقی	فرقه|فرق	فرق	فرقه + ی|فرق + ی	O+O|N1+O	اسم مفرد جمع مکسر + ی|اسم + ی	
4	هست	هست|هست		هست|هست	V+O|N1	فعل مضارع ساده+سوم شخص مفرد|اسم	
5	میان	میان|می|می	میان	میان|می + ان|می + ان	N1|N1+O|N1+O	اسم|اسم + ان|اسم + ان	
6	یک	یک	یک	یک	O	عدد حرفی	
7	پسر	پسر	پسر	پسر	N1	اسم	
8	کاکل‌زری	کاکل‌زری	کاکل‌زری	کاکل‌زری	A0	صفت	
9	فلان	فلان	فلان	فلان	A2	صفت مبهم	
10	شازده	شازده	شازده	شازده	N1	اسم	
11	با	با	با	با	Pr	حرف اضافه	
12	بچه‌ی	بچه|چه	بچه	بچه + ی|ب + چه + ی	N1+O|O+A0+O	اسم + ی|ب + صفت + ی	
13	فلان	فلان	فلان	فلان	A2	صفت مبهم	
14	میراب	میراب	میراب	میراب	N1	اسم	
15	که	که|که|که|که	که	که|که|که|که	C0|NA|N1|N1	حرف ربط|ضمیر پرسشی|اسم|اسم	
16	چون	چون|چون	چون	چون|چون	C0|Pr	حرف ربط|حرف اضافه	
17	برای	برای|برا|بر	برای	برای|برا + ی|بر + ا + ی	Pr|A0+O|O+O+O	حرف اضافه|صفت + ی|ریشه مضارع + ا + ی	
18	بخورونمیر	بخورونمیر	بخورونمیر	بخورونمیر	A0	صفت	
19	خودش	خودش|خود	خودش	خودش|خود + ش	O|N1+O	ضمیر تاکیدی/انعکاسی|اسم + ضمیر ملکی سوم شخص مفرد	
20	درمانده‌بوده	درماند	درمانده‌بوده	درماند + ه + بود + ه	O+O	ریشه ماضی + ه	
21	فرزندش	فرزند|فرز	فرزند	فرزند + ش|فرز + ند + ش	N1+O|N1+V+O	اسم + ضمیر ملکی سوم شخص مفرد|اسم + فعل سوم شخص جمع + ضمیر ملکی سوم شخص مفرد	
22	را	را	را	را	Po	حرف اضافه پسین	
23	سر	سر|سر|سر|سر	سر	سر|سر|سر|سر	V|N1|N1|N9	فعل امر مثبت|اسم|اسم|اسم موجود در ساختمان حرف اضافه و حرف ربط گروهی	
24	راه	راه|راه	راه	راه|راه	N1|N9	اسم|اسم موجود در ساختمان حرف اضافه و حرف ربط گروهی	
25	گذاشته	گذاشته|گذاشت	گذاشته	گذاشته|گذاشت + ه	A0|O+O	صفت|ریشه ماضی + ه	
26	؟	؟	؟	؟	Si	علامت	


0	کارت	کارت|کار|کار	کارت	کارت|کار + ت|کار + ت	N1|N1+O|V+O	اسم|اسم + ضمیر ملکی دوم شخص مفرد|فعل مضارع ساده+سوم شخص مفرد	
1	به	به|به	به	به|به	Pr|N1	حرف اضافه|اسم	
2	کارت	کارت|کار|کار	کارت	کارت|کار + ت|کار + ت	N1|N1+O|V+O	اسم|اسم + ضمیر ملکی دوم شخص مفرد|فعل مضارع ساده+سوم شخص مفرد	
3	کردن	کرد	کردن	کرد + ن	V2+O	بن ماضی + ن	
4	.	.	.	.	Si	علامت	

0	دراصل	دراصل	دراصل	دراصل	Ad	قید	
1	به	به|به	به	به|به	Pr|N1	حرف اضافه|اسم	
2	معنی	معنا	معنی	معنا	N1	اسم	
3	انتقال	انتقال	انتقال	انتقال	N1	اسم	
4	وجه	وجه|وج	وجه	وجه|وج + ه	N1|N1+O	اسم|اسم + ه	
5	بین	بین|بین|بین|ین	بین	بین|بین|بین|ب + ین	V|A0|N9|O+N1	فعل امر مثبت|صفت|اسم موجود در ساختمان حرف اضافه و حرف ربط گروهی|ب + اسم	
6	کارت‌های	کارت	کارت	کارت + ها + ی	N1+Pl+O	اسم + علامت جمع + ی	
7	بانکی	بانکی|بانک	بانک	بانکی|بانک + ی	A0|N1+O	صفت|اسم + ی	
8	عضو	عضو	عضو	عضو	N1	اسم	
9	شتاب	شتاب|شتاب	شتاب	شتاب|شتاب	V|N1	فعل امر مثبت|اسم	
10	است	است|اس		است|اس + ت	V+O|N1+O	فعل مضارع ساده+سوم شخص مفرد|اسم + ضمیر ملکی دوم شخص مفرد	
11	.	.	.	.	Si	علامت	

0	اما	اما	اما	اما	C0	حرف ربط	
1	در	در|در|در|در|در	در	در|در|در|در|در	Pr|V|N1|N1|VPr	حرف اضافه|فعل امر مثبت|اسم|اسم|پیشوند فعل	
2	اصطلاح	اصطلاح	اصطلاح	اصطلاح	N1	اسم	
3	به	به|به	به	به|به	Pr|N1	حرف اضافه|اسم	
4	عنوان	عنوان	عنوان	عنوان	N1	اسم	
5	رشوه	رشوه	رشوه	رشوه	N1	اسم	
6	دادن	داد	دادن	داد + ن	V2+O	بن ماضی + ن	
7	تلقی	تلقی	تلقی	تلقی	N1	اسم	
8	می‌شود	شو	شد	می + شو + د	V+O	فعل حال اخباری+سوم شخص مفرد	
9	.	.	.	.	Si	علامت	

0	داوری	داوری|داور	داور	داوری|داور + ی	N1|N1+O	اسم|اسم + ی	
1	بازی	بازی|باز|باز|باز|باز	بازی	بازی|باز + ی|باز + ی|باز + ی|باز + ی	N1|V+O|A0+O|N1+O|Ad+O	اسم|فعل مضارع ساده+دوم شخص مفرد|صفت + ی|اسم + ی|قید + ی	
2	فوتبال	فوتبال	فوتبال	فوتبال	N1	اسم	
3	دیشبو	دیشبو	دیشبو	دیشبو	O	_
4	دیدی	دید|دید	دید	دید + ی|دید + ی	V+O|N1+O	فعل ماضی ساده+دوم شخص مفرد|اسم + ی	
5	؟	؟	؟	؟	Si	علامت	

0	آره	اره	آره	اره	N1	اسم	
1	بابا	بابا|بابا	بابا	بابا|بابا	N1|Sp	اسم|شاخص	
2	تابلو	تابلو	تابلو	تابلو	A0	صفت	
3	بود	بود|بود|بود|بو|ود	بود	بود|بود|بود|بو + د|ب + ود	V+O|N1|V+O|V+O|O+N1	فعل ماضی ساده+سوم شخص مفرد|اسم|فعل ماضی ساده+سوم شخص مفرد|فعل مضارع ساده+سوم شخص مفرد|ب + اسم	
4	واسه	واسه	واسه	واسه	Pr1	حرف اضافه گروهی	
5	داوره	داور	داوره	داور + ه	N1+O	اسم + ه	
6	کارت	کارت|کار|کار	کارت	کارت|کار + ت|کار + ت	N1|N1+O|V+O	اسم|اسم + ضمیر ملکی دوم شخص مفرد|فعل مضارع ساده+سوم شخص مفرد	
7	به	به|به	به	به|به	Pr|N1	حرف اضافه|اسم	
8	کارت	کارت|کار|کار	کارت	کارت|کار + ت|کار + ت	N1|N1+O|V+O	اسم|اسم + ضمیر ملکی دوم شخص مفرد|فعل مضارع ساده+سوم شخص مفرد	
9	کردن	کرد	کردن	کرد + ن	V2+O	بن ماضی + ن	
10	.	.	.	.	Si	علامت	

0	میگن	میگن	میگن	میگن	O	_
1	مایکروسافت	مایکروسافت	مایکروسافت	مایکروسافت	N1	اسم	
2	واسه	واسه	واسه	واسه	Pr1	حرف اضافه گروهی	
3	سایت	سایت	سایت	سایت	N1	اسم	
4	IGN	IGN	IGN	IGN	O	کلمه انگلیسی	
5	کارت	کارت|کار|کار	کارت	کارت|کار + ت|کار + ت	N1|N1+O|V+O	اسم|اسم + ضمیر ملکی دوم شخص مفرد|فعل مضارع ساده+سوم شخص مفرد	
6	به	به|به	به	به|به	Pr|N1	حرف اضافه|اسم	
7	کارت	کارت|کار|کار	کارت	کارت|کار + ت|کار + ت	N1|N1+O|V+O	اسم|اسم + ضمیر ملکی دوم شخص مفرد|فعل مضارع ساده+سوم شخص مفرد	
8	کرده	کرده|کرد|کرد	کرده	کرده|کرد + ه|کرد + ه	N1|O+O|N1+O	اسم|ریشه ماضی + ه|اسم + ه	
9	تا	تا|تا|تا	تا	تا|تا|تا	Pr|C0|Ab	حرف اضافه|حرف ربط|اختصارات	
10	امتیاز	امتیاز	امتیاز	امتیاز	N1	اسم	
11	بالایی	بالایی|بالا|لایی|بال|لا	بالا	بالایی|بالا + یی|با + لایی|بال + ا + یی|با + لا + یی	A0|A0+O|O+N1|O+O+O|O+A0+O	صفت|صفت + یی|با + اسم|ریشه مضارع + ا + یی|با + صفت + یی	
12	به	به|به	به	به|به	Pr|N1	حرف اضافه|اسم	
13	بازی	بازی|باز|باز|باز|باز	بازی	بازی|باز + ی|باز + ی|باز + ی|باز + ی	N1|V+O|A0+O|N1+O|Ad+O	اسم|فعل مضارع ساده+دوم شخص مفرد|صفت + ی|اسم + ی|قید + ی	
14	Halo	Halo	Halo	Halo	O	کلمه انگلیسی	
15	بده	ده|بد|ده	داد	ب + ده|بد + ه|ب + ده	V|A0+O|O+N1	فعل امر مثبت|صفت + ه|ب + اسم	
16	.	.	.	.	Si	علامت	

0	مارال	مارال	مارال	مارال	N3	اسم خاص اشخاص	
1	:	:	:	:	Si	علامت	

0	بچه‌ها	بچه|چه|چه	بچه	بچه + ها|ب + چه + ها|ب + چه + ها	N1+Pl|O+NA+Pl|O+A0+Pl	اسم + علامت جمع|ب + ضمیر پرسشی + علامت جمع|ب + صفت + علامت جمع	
1	امروز	امروز	امروز	امروز	N1	اسم	
2	تولد	تولد	تولد	تولد	N1	اسم	
3	بهنازه	بهنازه	بهنازه	بهنازه	O	_
4	،	،	،	،	Si	علامت	
5	دورهمی	دورهمی	دورهم	دورهمی	O	_
6	داریم	دار|دار|دار	داشت	دار + یم|دار + ی + م|دار + یم	V+O|V+O|N1+V	فعل مضارع ساده+اول شخص جمع|فعل مضارع ساده+دوم شخص مفرد|اسم + فعل اول شخص جمع	
7	.	.	.	.	Si	علامت	

0	حدیثه	حدیث	حدیثه	حدیث + ه	N1+O	اسم + ه	
1	:	:	:	:	Si	علامت	

0	آج	اج	آج	اج	N1	اسم	
1	جون	جون	جون	جون	N1	اسم	
2	،	،	،	،	Si	علامت	
3	دورهمی	دورهمی	دورهم	دورهمی	O	_
4	!	!	!	!	Si	علامت	

0	مارال	مارال	مارال	مارال	N3	اسم خاص اشخاص	
1	:	:	:	:	Si	علامت	

0	علی	علی|علی	علی	علی|علی	N3|A0	اسم خاص اشخاص|صفت	
1	کجاست	کجا	کجاست	کجا + ست	NA+O	ضمیر پرسشی + ضمیر ملکی سوم شخص مفرد	
2	؟	؟	؟	؟	Si	علامت	

0	کک	کک	کک	کک	N1	اسم	
1	به	به|به	به	به|به	Pr|N1	حرف اضافه|اسم	
2	تنبونمون	تنبونمون	تنبونمون	تنبونمون	O	_
3	انداخت	انداخت	انداخت	انداخت	V+O	فعل ماضی ساده+سوم شخص مفرد	
4	و	و|و|و	و	و|و|و	C0|Al|Ab	حرف ربط|حروف الفبا|اختصارات	
5	رفت	رفت|رفت|رف	رفت	رفت|رفت|رف + ت	V+O|V+O|N1+O	فعل ماضی ساده+سوم شخص مفرد|فعل ماضی ساده+سوم شخص مفرد|اسم + ضمیر ملکی دوم شخص مفرد	
6	!	!	!	!	Si	علامت	

0	حدیثه	حدیث	حدیثه	حدیث + ه	N1+O	اسم + ه	
1	:	:	:	:	Si	علامت	

0	خیلی	خیلی|خیلی|خیل	خیلی	خیلی|خیلی|خیل + ی	A0|Ad|N1+O	صفت|قید|اسم + ی	
1	ریلکسه	ریلکسه	ریلکسه	ریلکسه	O	_
2	!	!	!	!	Si	علامت	

0	الان	الان	الان	الان	Ad	قید	
1	قلپ	قلپ	قلپ	قلپ	N1	اسم	
2	دوم	دوم|دو|دو|دو	دوم	دوم|دو + م|دو + م|دو + م	A0|V+O|N1+O|N1+V	صفت|فعل مضارع ساده+اول شخص مفرد|اسم + ضمیر ملکی اول شخص مفرد|اسم + فعل اول شخص مفرد	
3	چاییشه	چاییشه	چاییشه	چاییشه	O	_
4	!	!	!	!	Si	علامت	

0	مارال	مارال	مارال	مارال	N3	اسم خاص اشخاص	
1	:	:	:	:	Si	علامت	

0	تصویرسازیت	تصویرسازی|تصویرساز|تصویر	تصویرساز	تصویرسازی + ت|تصویرساز + ی + ت|تصویر + ساز + ی + ت	N1+O|N1+O+O|N1+O+O+O	اسم + ضمیر ملکی دوم شخص مفرد|اسم + ی + ضمیر ملکی دوم شخص مفرد|اسم + ساز + ی + ضمیر ملکی دوم شخص مفرد	
1	تو	تو|تو|تو	تو	تو|تو|تو	N5|Ad|N1	ضمیر فاعلی|قید|اسم	
2	حلقم	حلق|حلق	حلق	حلق + م|حلق + م	N1+O|N1+V	اسم + ضمیر ملکی اول شخص مفرد|اسم + فعل اول شخص مفرد	
3	.	.	.	.	Si	علامت	

0	مرضا	مرضا	مرضا	مرضا	N1	اسم	
1	کجاست	کجا	کجاست	کجا + ست	NA+O	ضمیر پرسشی + ضمیر ملکی سوم شخص مفرد	
2	که	که|که|که|که	که	که|که|که|که	C0|NA|N1|N1	حرف ربط|ضمیر پرسشی|اسم|اسم	
3	بیاد	یاد	بیاد	ب + یاد	O+N1	ب + اسم	
4	این	این|این	این	این|این	A1|N6	صفت اشاره|ضمیر اشاره	
5	اصطلاح	اصطلاح	اصطلاح	اصطلاح	N1	اسم	
6	ادبی	ادبی|ادب	ادب	ادبی|ادب + ی	A0|N1+O	صفت|اسم + ی	
7	چاله‌میدونی	چاله میدونی	چاله‌میدونی	چاله میدونی	O	_
8	رو	رو|رو|رو	رو	رو|رو|رو	N1|V|N9	اسم|فعل امر مثبت|اسم موجود در ساختمان حرف اضافه و حرف ربط گروهی	
9	ثبت	ثبت	ثبت	ثبت	N1	اسم	
10	کنه	کنه|کن|کن	کنه	کنه|کن + ه|کن + ه	N1|V1+O|V1+O	اسم|بن مضارع + ه|بن مضارع + ه	
11	تو	تو|تو|تو	تو	تو|تو|تو	N5|Ad|N1	ضمیر فاعلی|قید|اسم	
12	اون	اون	اون	اون	O	_
13	بیلبیلک	بیلبیلک	بیلبیلک	بیلبیلک	O	_
14	؟	؟	؟	؟	Si	علامت	

0	سایت	سایت	سایت	سایت	N1	اسم	
1	فارسی	فارسی|فارس	فارس	فارسی|فارس + ی	A0|N1+O	صفت|اسم + ی	
2	شهری	شهری|شهر	شهر	شهری|شهر + ی	A0|N1+O	صفت|اسم + ی	
3	مرسده	مرسده	مرسده	مرسده	O	_
4	:	:	:	:	Si	علامت	

0	مرضا	مرضا	مرضا	مرضا	N1	اسم	
1	اومد	اومد	اومد	اومد	O	_
2	ثبت	ثبت	ثبت	ثبت	N1	اسم	
3	کنه	کنه|کن|کن	کنه	کنه|کن + ه|کن + ه	N1|V1+O|V1+O	اسم|بن مضارع + ه|بن مضارع + ه	
4	!	!	!	!	Si	علامت	

0	مرضا	مرضا	مرضا	مرضا	N1	اسم	
1	:	:	:	:	Si	علامت	

0	ثبت	ثبت	ثبت	ثبت	N1	اسم	
1	شد	شد	شد	شد	V+O	فعل ماضی ساده+سوم شخص مفرد	
2	!	!	!	!	Si	علامت	

0	منتظر	منتظر	منتظر	منتظر	A0	صفت	
1	تأیید	تأیید	تأیید	تأیید	N1	اسم	
2	فارسی	فارسی|فارس	فارس	فارسی|فارس + ی	A0|N1+O	صفت|اسم + ی	
3	شهری	شهری|شهر	شهر	شهری|شهر + ی	A0|N1+O	صفت|اسم + ی	

0	و	و|و|و	و	و|و|و	C0|Al|Ab	حرف ربط|حروف الفبا|اختصارات	
1	این	این|این	این	این|این	A1|N6	صفت اشاره|ضمیر اشاره	
2	دو	دو|دو|دو	دو	دو|دو|دو	O|V|N1	عدد حرفی|فعل امر مثبت|اسم	
3	تن	تن|تن|تن	تن	تن|تن|تن	V|N1|N1	فعل امر مثبت|اسم|اسم	
4	برفتند	برفتند	برفتند	برفتند	O	_
5	با	با	با	با	Pr	حرف اضافه	
6	بگتگین	بگتگین	بگتگین	بگتگین	O	_
7	بگفتند	گفت|گفت	بگفتند	ب + گفت + ند|ب + گفت + ند	V+O|O+N1+V	فعل ماضی التزامی+سوم شخص جمع|ب + اسم + فعل سوم شخص جمع	
8	که	که|که|که|که	که	که|که|که|که	C0|NA|N1|N1	حرف ربط|ضمیر پرسشی|اسم|اسم	
9	به	به|به	به	به|به	Pr|N1	حرف اضافه|اسم	
10	چه	چه|چه|چه	چه	چه|چه|چه	NA|C0|A0	ضمیر پرسشی|حرف ربط|صفت	
11	شغل	شغل	شغل	شغل	N1	اسم	
12	آمده‌اند	امد	آمد	امد + ه + اند	N1+O+V	اسم + ه + فعل سوم شخص جمع	
13	،	،	،	،	Si	علامت	
14	که	که|که|که|که	که	که|که|که|که	C0|NA|N1|N1	حرف ربط|ضمیر پرسشی|اسم|اسم	
15	بی‌مثال	بی‌مثال	بی‌مثال	بی‌مثال	A0	صفت	
16	وی	وی|وی	وی	وی|وی	N5|Ab	ضمیر فاعلی|اختصارات	
17	کسی	کسی|کس	کس	کسی|کس + ی	A2|N1+O	صفت مبهم|اسم + ی	
18	بر	بر|بر|بر|بر	بر	بر|بر|بر|بر	Pr|V|VPr|N1	حرف اضافه|فعل امر مثبت|پیشوند فعل|اسم	
19	قلعت	قلع	قلع	قلع + ت	N1+O	اسم + ضمیر ملکی دوم شخص مفرد	
20	نتوانستی	توانست|توانست	توانست	ن + توانست + ی|ن + توانست + ی	O+V4+O|V+O	ن + فعل وجه نما + ی|فعل ماضی ساده منفی+دوم شخص مفرد	
21	شد	شد	شد	شد	V+O	فعل ماضی ساده+سوم شخص مفرد	
22	.	.	.	.	Si	علامت	

0	بگتگین	بگتگین	بگتگین	بگتگین	O	_
1	کدخدای	کدخدای|کدخدا	کدخدا	کدخدای|کدخدا + ی	N1|N1+O	اسم|اسم + ی	
2	خویش	خویش|خو	خویش	خویش|خو + ی + ش	O|N1+O+O	ضمیر مشترک/متقابل|اسم + ی + ضمیر ملکی سوم شخص مفرد	
3	را	را	را	را	Po	حرف اضافه پسین	
4	با	با	با	با	Pr	حرف اضافه	
5	ایشان	ایشان	ایشان	ایشان	N5	ضمیر فاعلی	
6	نامزد	نامزد|مزد	نامزد	نامزد|نا + مزد	N1|O+N1	اسم|نا + اسم	
7	کرد	کرد|کرد	کرد	کرد|کرد	V+O|N1	فعل ماضی ساده+سوم شخص مفرد|اسم	
8	و	و|و|و	و	و|و|و	C0|Al|Ab	حرف ربط|حروف الفبا|اختصارات	
9	بر	بر|بر|بر|بر	بر	بر|بر|بر|بر	Pr|V|VPr|N1	حرف اضافه|فعل امر مثبت|پیشوند فعل|اسم	
10	قلعت	قلع	قلع	قلع + ت	N1+O	اسم + ضمیر ملکی دوم شخص مفرد	
11	رفتند	رفت|رفت	رفت	رفت + ند|رفت + ند	V+O|V+O	فعل ماضی ساده+سوم شخص جمع|فعل ماضی ساده+سوم شخص جمع	
12	و	و|و|و	و	و|و|و	C0|Al|Ab	حرف ربط|حروف الفبا|اختصارات	
13	پیش	پیش|پیش|پی	پیش	پیش|پیش|پی + ش	A0|N9|N1+O	صفت|اسم موجود در ساختمان حرف اضافه و حرف ربط گروهی|اسم + ضمیر ملکی سوم شخص مفرد	
14	امیرمحمد	امیرمحمد	امیرمحمد	امیرمحمد	N3	اسم خاص اشخاص	
15	شدند	شد	شد	شد + ند	V+O	فعل ماضی ساده+سوم شخص جمع	
16	و	و|و|و	و	و|و|و	C0|Al|Ab	حرف ربط|حروف الفبا|اختصارات	
17	رسم	رسم|رس|رس|رس	رسم	رسم|رس + م|رس + م|رس + م	N1|V+O|N1+O|N1+V	اسم|فعل مضارع ساده+اول شخص مفرد|اسم + ضمیر ملکی اول شخص مفرد|اسم + فعل اول شخص مفرد	
18	خدمت	خدمت|خدم	خدمت	خدمت|خدم + ت	N1|N1+O	اسم|اسم + ضمیر ملکی دوم شخص مفرد	
19	را	را	را	را	Po	حرف اضافه پسین	
20	بجای	جای|بجا|جا	بجا	ب + جای|بجا + ی|ب + جا + ی	O+N1|A0+O|O+N1+O	ب + اسم|صفت + ی|ب + اسم + ی	
21	آوردند	آورد	آورد	آورد	O	_
22	،	،	،	،	Si	علامت	
23	امیر	امیر	امیر	امیر	N3	اسم خاص اشخاص	
24	گفت	گفت|گفت	گفت	گفت|گفت	V+O|N1	فعل ماضی ساده+سوم شخص مفرد|اسم	
25	:	:	:	:	Si	علامت	

0	خبر	خبر	خبر	خبر	N1	اسم	
1	برادرم	برادر|برادر	برادر	برادر + م|برادر + م	N1+O|N1+V	اسم + ضمیر ملکی اول شخص مفرد|اسم + فعل اول شخص مفرد	
2	چیست	چیست	چیست	چیست	V	فعل امر مثبت	
3	و	و|و|و	و	و|و|و	C0|Al|Ab	حرف ربط|حروف الفبا|اختصارات	
4	لشکرکی	لشکرک	لشکرک	لشکرک + ی	N2+O	اسم خاص مکان + ی	
5	خواهد‌رفت	رفت|رفت	خواهد‌رفت	خواهد + رفت|خواهد + رفت	V+O|V+O	فعل آینده مثبت+سوم شخص مفرد|فعل آینده مثبت+سوم شخص مفرد	
6	نزدیک	نزدیک	نزدیک	نزدیک	A0	صفت	
7	وی	وی|وی	وی	وی|وی	N5|Ab	ضمیر فاعلی|اختصارات	
8	؟	؟	؟	؟	Si	علامت	

0	گفتند	گفت|گفت	گفت	گفت + ند|گفت + ند	V+O|N1+V	فعل ماضی ساده+سوم شخص جمع|اسم + فعل سوم شخص جمع	
1	:	:	:	:	Si	علامت	

0	«	«	«	«	Si	علامت	
1	خبر	خبر	خبر	خبر	N1	اسم	
2	خداوند	خداوند	خداوند	خداوند	N1	اسم	
3	سلطان	سلطان|سلطان	سلطان	سلطان|سلطان	N1|Sp	اسم|شاخص	
4	همه	همه|همه	همه	همه|همه	N1|A2	اسم|صفت مبهم	
5	خیر	خیر|خیر	خیر	خیر|خیر	Ad|A0	قید|صفت	
6	است	است|اس		است|اس + ت	V+O|N1+O	فعل مضارع ساده+سوم شخص مفرد|اسم + ضمیر ملکی دوم شخص مفرد	
7	،	،	،	،	Si	علامت	
8	و	و|و|و	و	و|و|و	C0|Al|Ab	حرف ربط|حروف الفبا|اختصارات	
9	در	در|در|در|در|در	در	در|در|در|در|در	Pr|V|N1|N1|VPr	حرف اضافه|فعل امر مثبت|اسم|اسم|پیشوند فعل	
10	این	این|این	این	این|این	A1|N6	صفت اشاره|ضمیر اشاره	
11	دو	دو|دو|دو	دو	دو|دو|دو	O|V|N1	عدد حرفی|فعل امر مثبت|اسم	
12	سه	سه	سه	سه	O	عدد حرفی	
13	روز	روز	روز	روز	N1	اسم	
14	همه	همه|همه	همه	همه|همه	N1|A2	اسم|صفت مبهم	
15	لشکر	لشکر	لشکر	لشکر	N1	اسم	
16	بروند	روند|رو|رو	رفت	ب + روند|ب + رو + ند|ب + رو + ند	O+A0|O+N1+V|V+O	ب + صفت|ب + اسم + فعل سوم شخص جمع|فعل حال التزامی+سوم شخص جمع	
17	و	و|و|و	و	و|و|و	C0|Al|Ab	حرف ربط|حروف الفبا|اختصارات	
18	حاجب	حاجب	حاجب	حاجب	N1	اسم	
19	بزرگ	بزرگ	بزرگ	بزرگ	A0	صفت	
20	براثر	براثر	براثر	براثر	Pr1	حرف اضافه گروهی	
21	ایشان	ایشان	ایشان	ایشان	N5	ضمیر فاعلی	
22	،	،	،	،	Si	علامت	
23	و	و|و|و	و	و|و|و	C0|Al|Ab	حرف ربط|حروف الفبا|اختصارات	
24	بندگان	بندگان|بنده|بند|بند	بندگان	بندگان|بنده + گان|بند + ه + گان|بند + ه + گان	N1|N1+Pl|V1+O+Pl|N1+O+Pl	اسم|اسم + علامت جمع|بن مضارع + ه + علامت جمع|اسم + ه + علامت جمع	
25	بدین	بدین|دین|دین|بد	بدین	بدین|ب + دین|ب + دین|بد + ین	Pr|O+N1|O+N1|A0+O	حرف اضافه|ب + اسم|ب + اسم|صفت + ین	
26	آمده‌اند	امد	آمد	امد + ه + اند	N1+O+V	اسم + ه + فعل سوم شخص جمع	
27	»	»	»	»	Si	علامت	
28	،	،	،	،	Si	علامت	
29	و	و|و|و	و	و|و|و	C0|Al|Ab	حرف ربط|حروف الفبا|اختصارات	
30	نامه	نامه|نام|نام	نامه	نامه|نام + ه|نام + ه	N1|N1+O|V1+O	اسم|اسم + ه|بن مضارع + ه	
31	به	به|به	به	به|به	Pr|N1	حرف اضافه|اسم	
32	امیر	امیر	امیر	امیر	N3	اسم خاص اشخاص	
33	دادند	داد|داد	داد	داد + ند|داد + ند	V+O|N1+V	فعل ماضی ساده+سوم شخص جمع|اسم + فعل سوم شخص جمع	
34	.	.	.	.	Si	علامت	

0	بر	بر|بر|بر|بر	بر	بر|بر|بر|بر	Pr|V|VPr|N1	حرف اضافه|فعل امر مثبت|پیشوند فعل|اسم	
1	خواند	خواند|خوان	خواند	خواند|خوان + د	V+O|V+O	فعل ماضی ساده+سوم شخص مفرد|فعل مضارع ساده+سوم شخص مفرد	
2	و	و|و|و	و	و|و|و	C0|Al|Ab	حرف ربط|حروف الفبا|اختصارات	
3	لختی	لختی|لختی|لخت	لخت	لختی|لختی|لخت + ی	A2|A0|A0+O	صفت مبهم|صفت|صفت + ی	
4	تاریکی	تاریکی|تاریک|تاری	تاریکی	تاریکی|تاریک + ی|تاری + ک + ی	N1|A0+O|N1+O+O	اسم|صفت + ی|اسم + ک + ی	
5	در	در|در|در|در|در	در	در|در|در|در|در	Pr|V|N1|N1|VPr	حرف اضافه|فعل امر مثبت|اسم|اسم|پیشوند فعل	
6	وی	وی|وی	وی	وی|وی	N5|Ab	ضمیر فاعلی|اختصارات	
7	پیدا	پیدا	پیدا	پیدا	A0	صفت	
8	آمد	امد	آمد	امد	N1	اسم	
9	.	.	.	.	Si	علامت	

0	نبیه	نبی	نبیه	نبی + ه	N1+O	اسم + ه	
1	گفت	گفت|گفت	گفت	گفت|گفت	V+O|N1	فعل ماضی ساده+سوم شخص مفرد|اسم	
2	«	«	«	«	Si	علامت	
3	زندگانی	زندگانی|زنده	زندگانی	زندگانی|زنده + گان + ی	N1|A0+Pl+O	اسم|صفت + علامت جمع + ی	
4	امیر	امیر	امیر	امیر	N3	اسم خاص اشخاص	
5	دراز	دراز	دراز	دراز	A0	صفت	
6	باد	باد	باد	باد	N1	اسم	
7	،	،	،	،	Si	علامت	
8	سلطان	سلطان|سلطان	سلطان	سلطان|سلطان	N1|Sp	اسم|شاخص	
9	که	که|که|که|که	که	که|که|که|که	C0|NA|N1|N1	حرف ربط|ضمیر پرسشی|اسم|اسم	
10	برادر	برادر	برادر	برادر	N1	اسم	
11	است	است|اس		است|اس + ت	V+O|N1+O	فعل مضارع ساده+سوم شخص مفرد|اسم + ضمیر ملکی دوم شخص مفرد	
12	حق	حق|حق	حق	حق|حق	N1|N9	اسم|اسم موجود در ساختمان حرف اضافه و حرف ربط گروهی	
13	امیر	امیر	امیر	امیر	N3	اسم خاص اشخاص	
14	را	را	را	را	Po	حرف اضافه پسین	
15	نگاه	نگاه|نگا	نگاه	نگاه|نگا + ه	N1|N1+O	اسم|اسم + ه	
16	دارد	دار|دار	داشت	دار + د|دار + د	V+O|V5+O	فعل مضارع ساده+سوم شخص مفرد|فعل کمکی + د	
17	و	و|و|و	و	و|و|و	C0|Al|Ab	حرف ربط|حروف الفبا|اختصارات	
18	مهربانی	مهربانی|مهربان|مهر|مهر|مهر	مهربان	مهربانی|مهربان + ی|مهر + بان + ی|مهر + بان + ی|مهر + بان + ی	N1|A0+O|N1+O+O|N1+O+O|N1+O+O	اسم|صفت + ی|اسم + بان + ی|اسم + بان + ی|اسم + بان + ی	
19	نماید	نما|نما	نمود	نما + ید|نما + ید	V+O|V+O	فعل مضارع ساده+دوم شخص جمع|فعل مضارع ساده+دوم شخص جمع	
20	.	.	.	.	Si	علامت	

0	دل	دل	دل	دل	N1	اسم	
1	بد	بد	بد	بد	A0	صفت	
2	نباید	باید	نباید	ن + باید	O+V4	ن + فعل وجه نما	
3	کرد	کرد|کرد	کرد	کرد|کرد	V+O|N1	فعل ماضی ساده+سوم شخص مفرد|اسم	
4	و	و|و|و	و	و|و|و	C0|Al|Ab	حرف ربط|حروف الفبا|اختصارات	
5	به‌قضای	به قضای	به‌قضای	به قضای	O	_
6	خدای	خدا	خدا	خدا + ی	N1+O	اسم + ی	
7	عزوجل	عزوجل	عزوجل	عزوجل	A0	صفت	
8	رضا	رضا	رضا	رضا	N3	اسم خاص اشخاص	
9	باید	باید	باید	باید	V4	فعل وجه نما	
10	داد	داد|داد	داد	داد|داد	V+O|N1	فعل ماضی ساده+سوم شخص مفرد|اسم	
11	و	و|و|و	و	و|و|و	C0|Al|Ab	حرف ربط|حروف الفبا|اختصارات	
12	از	از	از	از	Pr	حرف اضافه	
13	این	این|این	این	این|این	A1|N6	صفت اشاره|ضمیر اشاره	
14	باب	باب|باب	باب	باب|باب	N1|N9	اسم|اسم موجود در ساختمان حرف اضافه و حرف ربط گروهی	
15	بسیار	بسیار|بسیار|سیار|بس	بسیار	بسیار|بسیار|ب + سیار|بس + یار	A0|Ad|O+A0|A0+O	صفت|قید|ب + صفت|صفت + یار	
16	سخن	سخن	سخن	سخن	N1	اسم	
17	نیکو	نیکو	نیکو	نیکو	A0	صفت	
18	گفت	گفت|گفت	گفت	گفت|گفت	V+O|N1	فعل ماضی ساده+سوم شخص مفرد|اسم	
19	،	،	،	،	Si	علامت	
20	و	و|و|و	و	و|و|و	C0|Al|Ab	حرف ربط|حروف الفبا|اختصارات	
21	فذلک	فذلک	فذلک	فذلک	O	_
22	آن	ان	آن	ان	Ab	اختصارات	
23	بود	بود|بود|بود|بو|ود	بود	بود|بود|بود|بو + د|ب + ود	V+O|N1|V+O|V+O|O+N1	فعل ماضی ساده+سوم شخص مفرد|اسم|فعل ماضی ساده+سوم شخص مفرد|فعل مضارع ساده+سوم شخص مفرد|ب + اسم	
24	که	که|که|که|که	که	که|که|که|که	C0|NA|N1|N1	حرف ربط|ضمیر پرسشی|اسم|اسم	
25	بودنی	بود|بود|ود	بودنی	بود + نی|بود + نی|ب + ود + نی	V2+O|V3+O|O+N1+O	بن ماضی + نی|فعل اسنادی + نی|ب + اسم + نی	
26	بوده‌است	بود|بود	بوده‌است	بود + ه + است|بود + ه + است	V+O|V+O	فعل ماضی نقلی+سوم شخص مفرد|فعل ماضی نقلی+سوم شخص مفرد	
27	.	.	.	.	Si	علامت	

0	به	به|به	به	به|به	Pr|N1	حرف اضافه|اسم	
1	سر	سر|سر|سر|سر	سر	سر|سر|سر|سر	V|N1|N1|N9	فعل امر مثبت|اسم|اسم|اسم موجود در ساختمان حرف اضافه و حرف ربط گروهی	
2	نشاط	نشاط	نشاط	نشاط	N1	اسم	
3	بازباید	باید	بازباید	باز + باید	O+V4	باز + فعل وجه نما	
4	شد	شد	شد	شد	V+O	فعل ماضی ساده+سوم شخص مفرد	
5	و	و|و|و	و	و|و|و	C0|Al|Ab	حرف ربط|حروف الفبا|اختصارات	
6	امیر	امیر	امیر	امیر	N3	اسم خاص اشخاص	
7	ایشان	ایشان	ایشان	ایشان	N5	ضمیر فاعلی	
8	را	را	را	را	Po	حرف اضافه پسین	
9	بنواخت	نواخت	بنواخت	ب + نواخت	V+O	فعل ماضی التزامی+سوم شخص مفرد	
10	و	و|و|و	و	و|و|و	C0|Al|Ab	حرف ربط|حروف الفبا|اختصارات	
11	گفت	گفت|گفت	گفت	گفت|گفت	V+O|N1	فعل ماضی ساده+سوم شخص مفرد|اسم	
12	«	«	«	«	Si	علامت	
13	مرا	مرا	مرا	مرا	N5	ضمیر فاعلی	
14	فراموش	فراموش|موش	فراموش	فراموش|فرا + موش	N1|O+N1	اسم|فرا + اسم	
15	مکنید	مکنید	مکنید	مکنید	O	_
16	.	.	.	.	Si	علامت	
17	»	»	»	»	Si	علامت	
18	و	و|و|و	و	و|و|و	C0|Al|Ab	حرف ربط|حروف الفبا|اختصارات	
19	بازگشتند	بازگشت|بازگشت	بازگشتند	بازگشت + ند|بازگشت + ند	V+O|N1+V	فعل ماضی ساده+سوم شخص جمع|اسم + فعل سوم شخص جمع	
20	و	و|و|و	و	و|و|و	C0|Al|Ab	حرف ربط|حروف الفبا|اختصارات	
21	آنچه	آنچه	آنچه	آنچه	N1	اسم	
22	رفته‌بود	رفت|رفت	رفته‌بود	رفت + ه + بود|رفت + ه + بود	V+O|V+O	فعل ماضی بعید+سوم شخص مفرد|فعل ماضی بعید+سوم شخص مفرد	
23	با	با	با	با	Pr	حرف اضافه	
24	حاجب	حاجب	حاجب	حاجب	N1	اسم	
25	بزرگ	بزرگ	بزرگ	بزرگ	A0	صفت	
26	علی	علی|علی	علی	علی|علی	N3|A0	اسم خاص اشخاص|صفت	
27	گفتند	گفت|گفت	گفت	گفت + ند|گفت + ند	V+O|N1+V	فعل ماضی ساده+سوم شخص جمع|اسم + فعل سوم شخص جمع	
28	.	.	.	.	Si	علامت	

0	،	،	،	،	Si	علامت	
1	ای	ای|ای	ای	ای|ای	Intj|Ab	صوت|اختصارات	
2	که	که|که|که|که	که	که|که|که|که	C0|NA|N1|N1	حرف ربط|ضمیر پرسشی|اسم|اسم	
3	مرا	مرا	مرا	مرا	N5	ضمیر فاعلی	
4	مایه‌ی	مایه	مایه	مایه + ی	N1+O	اسم + ی	
5	حظی	حظ	حظ	حظ + ی	N1+O	اسم + ی	
6	و	و|و|و	و	و|و|و	C0|Al|Ab	حرف ربط|حروف الفبا|اختصارات	
7	سروری	سروری|سرور|سرور|سر	سرور	سروری|سرور + ی|سرور + ی|سر + ور + ی	N1|N1+O|N1+O|V1+O+O	اسم|اسم + ی|اسم + ی|بن مضارع + ور + ی	
8	و	و|و|و	و	و|و|و	C0|Al|Ab	حرف ربط|حروف الفبا|اختصارات	
9	زهر	زهر	زهر	زهر	N1	اسم	
10	عیب	عیب	عیب	عیب	N1	اسم	
11	به	به|به	به	به|به	Pr|N1	حرف اضافه|اسم	
12	دوری	دوری|دور|دور	دور	دوری|دور + ی|دور + ی	N1|A0+O|N1+O	اسم|صفت + ی|اسم + ی	
13	و	و|و|و	و	و|و|و	C0|Al|Ab	حرف ربط|حروف الفبا|اختصارات	
14	چو	چو	چو	چو	N1	اسم	
15	یکپارچه	یک‌پارچه	یکپارچه	یک‌پارچه	A0	صفت	
16	نوری	نوری|نور	نوری	نوری|نور + ی	A0|N1+O	صفت|اسم + ی	
17	و	و|و|و	و	و|و|و	C0|Al|Ab	حرف ربط|حروف الفبا|اختصارات	
18	به	به|به	به	به|به	Pr|N1	حرف اضافه|اسم	
19	دل	دل	دل	دل	N1	اسم	
20	همچو	همچو|چو	همچو	همچو|هم + چو	A0|O+N1	صفت|هم + اسم	
21	بلوری	بلوری|بلور|لور	بلور	بلوری|بلور + ی|ب + لور + ی	A0|N1+O|O+N1+O	صفت|اسم + ی|ب + اسم + ی	
22	و	و|و|و	و	و|و|و	C0|Al|Ab	حرف ربط|حروف الفبا|اختصارات	
23	مبرا	مبرا	مبرا	مبرا	A0	صفت	
24	ز	ز|ز	ز	ز|ز	Ab|Al	اختصارات|حروف الفبا	
25	غروری	غرور	غرور	غرور + ی	N1+O	اسم + ی	
26	و	و|و|و	و	و|و|و	C0|Al|Ab	حرف ربط|حروف الفبا|اختصارات	
27	پر	پر|پر|پر	پر	پر|پر|پر	V|A0|N1	فعل امر مثبت|صفت|اسم	
28	از	از	از	از	Pr	حرف اضافه	
29	شعر	شعر	شعر	شعر	N1	اسم	
30	و	و|و|و	و	و|و|و	C0|Al|Ab	حرف ربط|حروف الفبا|اختصارات	
31	شعوری	شعوری|شعور	شعور	شعوری|شعور + ی	A0|N1+O	صفت|اسم + ی	
32	،	،	،	،	Si	علامت	
33	با	با	با	با	Pr	حرف اضافه	
34	درودی	درودی|درود	درود	درودی|درود + ی	N4|N1+O	اسم فامیل|اسم + ی	
35	و	و|و|و	و	و|و|و	C0|Al|Ab	حرف ربط|حروف الفبا|اختصارات	
36	سلامی	سلامی|سلام	سلامی	سلامی|سلام + ی	N4|N1+O	اسم فامیل|اسم + ی	
37	و	و|و|و	و	و|و|و	C0|Al|Ab	حرف ربط|حروف الفبا|اختصارات	
38	نویدی	نویدی|نوید|نوید	نوید	نویدی|نوید + ی|نوید + ی	N4|V+O|N1+O	اسم فامیل|فعل ماضی ساده+دوم شخص مفرد|اسم + ی	
39	و	و|و|و	و	و|و|و	C0|Al|Ab	حرف ربط|حروف الفبا|اختصارات	
40	پیامی	پیام	پیام	پیام + ی	N1+O	اسم + ی	
41	و	و|و|و	و	و|و|و	C0|Al|Ab	حرف ربط|حروف الفبا|اختصارات	
42	حدیثی	حدیث	حدیث	حدیث + ی	N1+O	اسم + ی	
43	و	و|و|و	و	و|و|و	C0|Al|Ab	حرف ربط|حروف الفبا|اختصارات	
44	کلامی	کلامی|کلام	کلام	کلامی|کلام + ی	A0|N1+O	صفت|اسم + ی	
45	زره	زره|زر|زر	زره	زره|زر + ه|زر + ه	N1|N1+O|N1+O	اسم|اسم + ه|اسم + ه	
46	دور	دور|دور	دور	دور|دور	A0|N1	صفت|اسم	
47	،	،	،	،	Si	علامت	
48	از	از	از	از	Pr	حرف اضافه	
49	این	این|این	این	این|این	A1|N6	صفت اشاره|ضمیر اشاره	
50	عاشق	عاشق	عاشق	عاشق	A0	صفت	
51	رنجور	رنجور|رنج	رنجور	رنجور|رنج + ور	A0|V1+O	صفت|بن مضارع + ور	
52	،	،	،	،	Si	علامت	
53	به	به|به	به	به|به	Pr|N1	حرف اضافه|اسم	
54	تو	تو|تو|تو	تو	تو|تو|تو	N5|Ad|N1	ضمیر فاعلی|قید|اسم	
55	ای	ای|ای	ای	ای|ای	Intj|Ab	صوت|اختصارات	
56	دلبر	دلبر|دل	دلبر	دلبر|دل + بر	N1|N1+O	اسم|اسم + بر	
57	مهجور	مهجور	مهجور	مهجور	A0	صفت	
58	،	،	،	،	Si	علامت	
59	که	که|که|که|که	که	که|که|که|که	C0|NA|N1|N1	حرف ربط|ضمیر پرسشی|اسم|اسم	
60	باشی	باش	بود	باش + ی	V+O	فعل مضارع ساده+دوم شخص مفرد	
61	به	به|به	به	به|به	Pr|N1	حرف اضافه|اسم	
62	هنر	هنر	هنر	هنر	N1	اسم	
63	شهره	شهره|شهره|شهر	شهره	شهره|شهره|شهر + ه	N3|N1|N1+O	اسم خاص اشخاص|اسم|اسم + ه	
64	و	و|و|و	و	و|و|و	C0|Al|Ab	حرف ربط|حروف الفبا|اختصارات	
65	مشهور	مشهور	مشهور	مشهور	A0	صفت	
66	و	و|و|و	و	و|و|و	C0|Al|Ab	حرف ربط|حروف الفبا|اختصارات	
67	نباشد	باش	بود	ن + باش + د	V+O	فعل حال التزامی منفی+سوم شخص مفرد	
68	به	به|به	به	به|به	Pr|N1	حرف اضافه|اسم	
69	دلت	دل	دل	دل + ت	N1+O	اسم + ضمیر ملکی دوم شخص مفرد	
70	جور	جور|جور	جور	جور|جور	A0|N1	صفت|اسم	
71	و	و|و|و	و	و|و|و	C0|Al|Ab	حرف ربط|حروف الفبا|اختصارات	
72	جفایی	جفا	جفا	جفا + یی	N1+O	اسم + یی	
73	،	،	،	،	Si	علامت	
74	که	که|که|که|که	که	که|که|که|که	C0|NA|N1|N1	حرف ربط|ضمیر پرسشی|اسم|اسم	
75	تو	تو|تو|تو	تو	تو|تو|تو	N5|Ad|N1	ضمیر فاعلی|قید|اسم	
76	خود	خود|خود	خود	خود|خود	O|N1	ضمیر مشترک/متقابل|اسم	
77	اصل	اصل	اصل	اصل	A0	صفت	
78	وفایی	وفایی|وفا	وفا	وفایی|وفا + یی	N4|N1+O	اسم فامیل|اسم + یی	
79	و	و|و|و	و	و|و|و	C0|Al|Ab	حرف ربط|حروف الفبا|اختصارات	
80	بهین	بهین|هین|به	بهین	بهین|ب + هین|به + ین	A0|O+N1|N1+O	صفت|ب + اسم|اسم + ین	
81	شاعر	شاعر	شاعر	شاعر	N1	اسم	
82	مایی	مائی	ما	مائی	O	صورت واجی ریشه: mA'i	
83	و	و|و|و	و	و|و|و	C0|Al|Ab	حرف ربط|حروف الفبا|اختصارات	
84	به	به|به	به	به|به	Pr|N1	حرف اضافه|اسم	
85	درددل	درددل	درددل	درددل	N1	اسم	
86	عشاق	عشاق	عشاق	عشاق	N1	اسم	
87	دوایی	دوایی|دوا|دو|دو	دوا	دوایی|دوا + یی|دو + ا + یی|دو + ا + یی	A0|N1+O|O+O+O|N1+O+O	صفت|اسم + یی|ریشه مضارع + ا + یی|اسم + ا + یی	
88	،	،	،	،	Si	علامت	
89	به	به|به	به	به|به	Pr|N1	حرف اضافه|اسم	
90	چه	چه|چه|چه	چه	چه|چه|چه	NA|C0|A0	ضمیر پرسشی|حرف ربط|صفت	
91	حالی	حالی|حال	حال	حالی|حال + ی	A0|N1+O	صفت|اسم + ی	
92	و	و|و|و	و	و|و|و	C0|Al|Ab	حرف ربط|حروف الفبا|اختصارات	
93	کجایی	کجایی	کجا	کجایی	NA	ضمیر پرسشی	
94	،	،	،	،	Si	علامت	
95	ز	ز|ز	ز	ز|ز	Ab|Al	اختصارات|حروف الفبا	
96	برم	برم|بر|بر|بر	برد	برم|بر + م|بر + م|بر + م	N1|V+O|N1+O|N1+V	اسم|فعل مضارع ساده+اول شخص مفرد|اسم + ضمیر ملکی اول شخص مفرد|اسم + فعل اول شخص مفرد	
97	دور	دور|دور	دور	دور|دور	A0|N1	صفت|اسم	
98	چرایی	چرایی|چرا|چر	چرایی	چرایی|چرا + یی|چر + ا + یی	N1|N1+O|O+O+O	اسم|اسم + یی|ریشه مضارع + ا + یی	
99	،	،	،	،	Si	علامت	
100	ارچه	ارچه	ارچه	ارچه	O	_
101	ما	ما	ما	ما	N5	ضمیر فاعلی	
102	را	را	را	را	Po	حرف اضافه پسین	
103	نبود	نبود|بود|بود|بو	بود	نبود|ن + بود|ن + بود|ن + بو + د	N1|V+O|V+O|V+O	اسم|فعل ماضی ساده منفی+سوم شخص مفرد|فعل ماضی ساده منفی+سوم شخص مفرد|فعل حال التزامی منفی+سوم شخص مفرد	
104	طاقت	طاقت	طاقت	طاقت	N1	اسم	
105	هجران	هجران|هجر	هجران	هجران|هجر + ان	N1|N1+O	اسم|اسم + ان	
106	رخت	رخت|رخ|رخ	رخت	رخت|رخ + ت|رخ + ت	N1|N1+O|N1+O	اسم|اسم + ضمیر ملکی دوم شخص مفرد|اسم + ضمیر ملکی دوم شخص مفرد	
107	ایمه	ایمه	ایمه	ایمه	N1	اسم	
108	زیبا	زیبا|زیب	زیبا	زیبا|زیب + ا	A0|O+O	صفت|ریشه مضارع + ا	
109	،	،	،	،	Si	علامت	
110	دارم	دار|دار|دار	داشت	دار + م|دار + م|دار + م	V+O|N1+O|N1+V	فعل مضارع ساده+اول شخص مفرد|اسم + ضمیر ملکی اول شخص مفرد|اسم + فعل اول شخص مفرد	
111	امید	امید|ام	امید	امید|ام + ید	N3|N1+V	اسم خاص اشخاص|اسم + فعل دوم شخص جمع	
112	که	که|که|که|که	که	که|که|که|که	C0|NA|N1|N1	حرف ربط|ضمیر پرسشی|اسم|اسم	
113	لطف	لطف	لطف	لطف	N1	اسم	
114	ازلی	ازلی|ازل	ازل	ازلی|ازل + ی	A0|N1+O	صفت|اسم + ی	
115	در	در|در|در|در|در	در	در|در|در|در|در	Pr|V|N1|N1|VPr	حرف اضافه|فعل امر مثبت|اسم|اسم|پیشوند فعل	
116	همه	همه|همه	همه	همه|همه	N1|A2	اسم|صفت مبهم	
117	احوال	احوال|حال	احوال	احوال|حال	A0|O	صفت|اسم مفرد جمع مکسر	
118	بسی	بسی|بس	بس	بسی|بس + ی	Ad|A0+O	قید|صفت + ی	
119	شامل	شامل	شامل	شامل	A0	صفت	
120	حالت	حالت|حال	حالت	حالت|حال + ت	N1|N1+O	اسم|اسم + ضمیر ملکی دوم شخص مفرد	
121	شده‌باشد	شد	شده‌باشد	شد + ه + باش + د	V3+O+O+O	فعل اسنادی + ه + باش + د	
122	و	و|و|و	و	و|و|و	C0|Al|Ab	حرف ربط|حروف الفبا|اختصارات	
123	دگر	دگر|دگر	دگر	دگر|دگر	V|A0	فعل امر مثبت|صفت	
124	همچو	همچو|چو	همچو	همچو|هم + چو	A0|O+N1	صفت|هم + اسم	
125	گذشته‌بشوی	گذشت	گذشته‌بشوی	گذشت + ه + ب + شو + ی	V+O	فعل مجهول مضارع التزامی+دوم شخص مفرد	
126	همره	همره|ره|ره	همره	همره|هم + ره|هم + ره	A0|V+O|O+N1	صفت|فعل مضارع ساده+سوم شخص مفرد|هم + اسم	
127	و	و|و|و	و	و|و|و	C0|Al|Ab	حرف ربط|حروف الفبا|اختصارات	
128	مأنوس	مأنوس	مأنوس	مأنوس	A0	صفت	
129	به	به|به	به	به|به	Pr|N1	حرف اضافه|اسم	
130	سلم	سل|سل	سلم	سل + م|سل + م	N1+O|N1+V	اسم + ضمیر ملکی اول شخص مفرد|اسم + فعل اول شخص مفرد	
131	و	و|و|و	و	و|و|و	C0|Al|Ab	حرف ربط|حروف الفبا|اختصارات	
132	خوشی	خوشی|خوش	خوش	خوشی|خوش + ی	N1|A0+O	اسم|صفت + ی	
133	و	و|و|و	و	و|و|و	C0|Al|Ab	حرف ربط|حروف الفبا|اختصارات	
134	صدق	صدق	صدق	صدق	N1	اسم	
135	و	و|و|و	و	و|و|و	C0|Al|Ab	حرف ربط|حروف الفبا|اختصارات	
136	صفا	صفا	صفا	صفا	N1	اسم	
137	و	و|و|و	و	و|و|و	C0|Al|Ab	حرف ربط|حروف الفبا|اختصارات	
138	کرم	کرم|کرم|کرم|کر|کر	کرم	کرم|کرم|کرم|کر + م|کر + م	N1|N1|N1|A0+O|A0+V	اسم|اسم|اسم|صفت + ضمیر ملکی اول شخص مفرد|صفت + فعل اول شخص مفرد	
139	و	و|و|و	و	و|و|و	C0|Al|Ab	حرف ربط|حروف الفبا|اختصارات	
140	جود	جود|جو	جود	جود|جو + د	N1|V+O	اسم|فعل مضارع ساده+سوم شخص مفرد	
141	و	و|و|و	و	و|و|و	C0|Al|Ab	حرف ربط|حروف الفبا|اختصارات	
142	سخا	سخا	سخا	سخا	O	_
143	و	و|و|و	و	و|و|و	C0|Al|Ab	حرف ربط|حروف الفبا|اختصارات	
144	دگر	دگر|دگر	دگر	دگر|دگر	V|A0	فعل امر مثبت|صفت	
145	الطاف	الطاف	الطاف	الطاف	N1	اسم	
146	خدا	خدا	خدا	خدا	N1	اسم	
147	دورکند	دور|دور	دورکند	دور + ک + ند|دور + ک + ند	A0+O+V|N1+O+V	صفت + ک + فعل سوم شخص جمع|اسم + ک + فعل سوم شخص جمع	
148	از	از	از	از	Pr	حرف اضافه	
149	تن	تن|تن|تن	تن	تن|تن|تن	V|N1|N1	فعل امر مثبت|اسم|اسم	
150	تو	تو|تو|تو	تو	تو|تو|تو	N5|Ad|N1	ضمیر فاعلی|قید|اسم	
151	رنج	رنج|رنج	رنج	رنج|رنج	V|N1	فعل امر مثبت|اسم	
152	و	و|و|و	و	و|و|و	C0|Al|Ab	حرف ربط|حروف الفبا|اختصارات	
153	بلا	بلا|لا	بلا	بلا|ب + لا	A0|O+A0	صفت|ب + صفت	
154	را	را	را	را	Po	حرف اضافه پسین	
155	!	!	!	!	Si	علامت	

0	الغرض	الغرض	الغرض	الغرض	N1	اسم	
1	،	،	،	،	Si	علامت	
2	تاتو	تاتو	تاتو	تاتو	N1	اسم	
3	در	در|در|در|در|در	در	در|در|در|در|در	Pr|V|N1|N1|VPr	حرف اضافه|فعل امر مثبت|اسم|اسم|پیشوند فعل	
4	این	این|این	این	این|این	A1|N6	صفت اشاره|ضمیر اشاره	
5	دهکده‌ی	دهکده|ده|ده	دهکده	دهکده + ی|ده + کده + ی|ده + کده + ی	N1+O|V1+O+O|N1+O+O	اسم + ی|بن مضارع + کده + ی|اسم + کده + ی	
6	کوچک	کوچک|کوچ	کوچک	کوچک|کوچ + ک	A0|N1+O	صفت|اسم + ک	
7	رایانه‌ای	رایانه‌ای|رایانه|رایان	رایانه	رایانه‌ای|رایانه + ای|رایان + ه + ای	A0|N1+O|V1+O+O	صفت|اسم + ای|بن مضارع + ه + ای	
8	ازبهر	ازبهر	ازبهر	ازبهر	Pr1	حرف اضافه گروهی	
9	دل	دل	دل	دل	N1	اسم	
10	ملت	ملت|مل	ملت	ملت|مل + ت	N1|N1+O	اسم|اسم + ضمیر ملکی دوم شخص مفرد	
11	بیداردل	بیداردل	بیداردل	بیداردل	A0	صفت	
12	خویش	خویش|خو	خویش	خویش|خو + ی + ش	O|N1+O+O	ضمیر مشترک/متقابل|اسم + ی + ضمیر ملکی سوم شخص مفرد	
13	،	،	،	،	Si	علامت	
14	به	به|به	به	به|به	Pr|N1	حرف اضافه|اسم	
15	افشاگری	افشاگری|افشاگر|افشا	افشاگر	افشاگری|افشاگر|افشا + گر	A0|A0|N1+O	صفت|صفت|اسم + گر	
16	و	و|و|و	و	و|و|و	C0|Al|Ab	حرف ربط|حروف الفبا|اختصارات	
17	شوخی	شوخی|شوخ	شوخ	شوخی|شوخ + ی	N1|A0+O	اسم|صفت + ی	
18	و	و|و|و	و	و|و|و	C0|Al|Ab	حرف ربط|حروف الفبا|اختصارات	
19	طنازی	طنازی|طناز	طناز	طنازی|طناز + ی	N1|A0+O	اسم|صفت + ی	
20	و	و|و|و	و	و|و|و	C0|Al|Ab	حرف ربط|حروف الفبا|اختصارات	
21	هم	هم|هم|هم	هم	هم|هم|هم	Ad|C0|O	قید|حرف ربط|ضمیر مشترک/متقابل	
22	دادن	داد	دادن	داد + ن	V2+O	بن ماضی + ن	
23	آگاهی	آگاهی|آگاه|آگاه	آگاهی	آگاهی|آگاه + ی|آگاه + ی	N1|V+O|A0+O	اسم|فعل مضارع ساده+دوم شخص مفرد|صفت + ی	
24	از	از	از	از	Pr	حرف اضافه	
25	اسرار	سر|سر|سر	اسرار	سر|سر|سر	O|O|O	اسم مفرد جمع مکسر|اسم مفرد جمع مکسر|اسم مفرد جمع مکسر	
26	مگو	مگو	مگو	مگو	A0	صفت	
27	دست	دست|دست	دست	دست|دست	N1|N9	اسم|اسم موجود در ساختمان حرف اضافه و حرف ربط گروهی	
28	گشودی	گشود	گشود	گشود + ی	V+O	فعل ماضی ساده+دوم شخص مفرد	
29	،	،	،	،	Si	علامت	
30	همگان	همگان|همه|گان	همگان	همگان|همه + گان|هم + گان	N1|N1+Pl|O+N1	اسم|اسم + علامت جمع|هم + اسم	
31	را	را	را	را	Po	حرف اضافه پسین	
32	به	به|به	به	به|به	Pr|N1	حرف اضافه|اسم	
33	سخن‌های	سخن	سخن	سخن + ها + ی	N1+Pl+O	اسم + علامت جمع + ی	
34	پر	پر|پر|پر	پر	پر|پر|پر	V|A0|N1	فعل امر مثبت|صفت|اسم	
35	از	از	از	از	Pr	حرف اضافه	
36	شهد	شهد	شهد	شهد	N1	اسم	
37	و	و|و|و	و	و|و|و	C0|Al|Ab	حرف ربط|حروف الفبا|اختصارات	
38	شکر	شکر	شکر	شکر	N1	اسم	
39	راغب	راغب	راغب	راغب	N1	اسم	
40	و	و|و|و	و	و|و|و	C0|Al|Ab	حرف ربط|حروف الفبا|اختصارات	
41	مشتاق	مشتاق	مشتاق	مشتاق	A0	صفت	
42	نمودی	نمود|نمود	نمود	نمود + ی|نمود + ی	V+O|N1+O	فعل ماضی ساده+دوم شخص مفرد|اسم + ی	
43	و	و|و|و	و	و|و|و	C0|Al|Ab	حرف ربط|حروف الفبا|اختصارات	
44	به	به|به	به	به|به	Pr|N1	حرف اضافه|اسم	
45	نیش	نیش|نی	نیش	نیش|نی + ش	N1|N1+O	اسم|اسم + ضمیر ملکی سوم شخص مفرد	
46	قلمت	قلم	قلم	قلم + ت	N1+O	اسم + ضمیر ملکی دوم شخص مفرد	
47	گردوغبار	گردوغبار	گردوغبار	گردوغبار	N1	اسم	
48	از	از	از	از	Pr	حرف اضافه	
49	رخ	رخ|رخ	رخ	رخ|رخ	N1|N1	اسم|اسم	
50	هر	هر	هر	هر	A1	صفت اشاره	
51	ناکس	ناکس|اکس	ناکس	ناکس|ن + اکس	A0|V	صفت|فعل امر منفی	
52	بی‌مغز	بی‌مغز	بی‌مغز	بی‌مغز	A0	صفت	
53	و	و|و|و	و	و|و|و	C0|Al|Ab	حرف ربط|حروف الفبا|اختصارات	
54	خرد	خرد|خرد|خر	خرد	خرد|خرد|خر + د	N1|A0|V+O	اسم|صفت|فعل مضارع ساده+سوم شخص مفرد	
55	پاک	پاک|پا	پاک	پاک|پا + ک	A0|N1+O	صفت|اسم + ک	
56	زدودی	زدود	زدودی	زدود + ی	V+O	فعل ماضی ساده+دوم شخص مفرد	
57	و	و|و|و	و	و|و|و	C0|Al|Ab	حرف ربط|حروف الفبا|اختصارات	
58	هم	هم|هم|هم	هم	هم|هم|هم	Ad|C0|O	قید|حرف ربط|ضمیر مشترک/متقابل	
59	از	از	از	از	Pr	حرف اضافه	
60	باطن	باطن	باطن	باطن	N1	اسم	
61	بی‌مایه‌ی	مایه	بی‌مایه	بی + مایه + ی	O+N1+O	بی + اسم + ی	
62	ارباب	ارباب	ارباب	ارباب	N1	اسم	
63	زر	زر|زر	زر	زر|زر	N1|N1	اسم|اسم	
64	و	و|و|و	و	و|و|و	C0|Al|Ab	حرف ربط|حروف الفبا|اختصارات	
65	زور	زور	زور	زور	N1	اسم	
66	و	و|و|و	و	و|و|و	C0|Al|Ab	حرف ربط|حروف الفبا|اختصارات	
67	ریا	ریا	ریا	ریا	N1	اسم	
68	پرده	پرده	پرده	پرده	N1	اسم	
69	گشودی	گشود	گشود	گشود + ی	V+O	فعل ماضی ساده+دوم شخص مفرد	
70	.	.	.	.	Si	علامت	
