0	﻿خواهشا	﻿خواهشا	﻿خواهشا	﻿خواهشا	O	_
1	من	من	من	من	N5	ضمیر فاعلی	
2	را	را	را	را	Po	حرف اضافه پسین	
3	محمد	محمد	محمد	محمد	N3	اسم خاص اشخاص	
4	علی	علی|علی	علی	علی|علی	N3|A0	اسم خاص اشخاص|صفت	
5	صدا	صدا	صدا	صدا	N1	اسم	
6	نزن	زن	زد	ن + زن	V	فعل امر منفی	
7	.	.	.	.	Si	علامت	

0	علی	علی|علی	علی	علی|علی	N3|A0	اسم خاص اشخاص|صفت	
1	رضا	رضا	رضا	رضا	N3	اسم خاص اشخاص	
2	رو	رو|رو|رو	رو	رو|رو|رو	N1|V|N9	اسم|فعل امر مثبت|اسم موجود در ساختمان حرف اضافه و حرف ربط گروهی	
3	یادت	یاد	یاد	یاد + ت	N1+O	اسم + ضمیر ملکی دوم شخص مفرد	
4	ه	ه	ه	ه	O	_
5	برادرشو	برادرشو	برادرشو	برادرشو	O	_
6	پریروزها	پریروز	پریروز	پریروز	O	_
7	دیدم	دید|دید|دید	دید	دید + م|دید + م|دید + م	V+O|N1+O|N1+V	فعل ماضی ساده+اول شخص مفرد|اسم + ضمیر ملکی اول شخص مفرد|اسم + فعل اول شخص مفرد	
8	.	.	.	.	Si	علامت	

0	یادش	یاد	یاد	یاد + ش	N1+O	اسم + ضمیر ملکی سوم شخص مفرد	
1	بخیر	بخیر|خیر	بخیر	بخیر|ب + خیر	Ad|O+A0	قید|ب + صفت	
2	چقدر	چقدر	چقدر	چقدر	Ad	قید	
3	مسافرت‌هامون	مسافرت هامون	مسافرت‌هامون	مسافرت هامون	O	_
4	خوش	خوش	خوش	خوش	A0	صفت	
5	می‌گذشت	گذشت	گذشت	می + گذشت	V+O	فعل ماضی استمراری+سوم شخص مفرد	
6	.	.	.	.	Si	علامت	

0	دیروز	دیروز	دیروز	دیروز	Ad	قید	
1	اسباب	اسباب	اسباب	اسباب	N1	اسم	
2	بازیی	بازی	باز	بازی	O	_
3	که	که|که|که|که	که	که|که|که|که	C0|NA|N1|N1	حرف ربط|ضمیر پرسشی|اسم|اسم	
4	رضا	رضا	رضا	رضا	N3	اسم خاص اشخاص	
5	بهم	هم|به|به	به	ب + هم|به + م|به + م	O+Ad|N1+O|N1+V	ب + قید|اسم + ضمیر ملکی اول شخص مفرد|اسم + فعل اول شخص مفرد	
6	داده_بود	داده_بود	داد	داده_بود	O	_
7	را	را	را	را	Po	حرف اضافه پسین	
8	پس	پس|پس	پس	پس|پس	Ad|N9	قید|اسم موجود در ساختمان حرف اضافه و حرف ربط گروهی	
9	گرفت	گرفت|گرفت	گرفت	گرفت|گرفت	V+O|N1	فعل ماضی ساده+سوم شخص مفرد|اسم	
10	.	.	.	.	Si	علامت	

0	پنجشنبه‌ها	پنجشنبه	پنجشنبه	پنجشنبه + ها	N1+Pl	اسم + علامت جمع	
1	روز	روز	روز	روز	N1	اسم	
2	خوبی	خوبی|خوب	خوبی	خوبی|خوب + ی	N1|A0+O	اسم|صفت + ی	
3	ه	ه	ه	ه	O	_
4	برای	برای|برا|بر	برای	برای|برا + ی|بر + ا + ی	Pr|A0+O|O+O+O	حرف اضافه|صفت + ی|ریشه مضارع + ا + ی	
5	من	من	من	من	N5	ضمیر فاعلی	
6	.	.	.	.	Si	علامت	

0	آدم	آدم	آدم	آدم	N1	اسم	
1	نمی‌تونه	نمی تونه	نمی‌تونه	نمی تونه	O	_
2	هر	هر	هر	هر	A1	صفت اشاره	
3	روز	روز	روز	روز	N1	اسم	
4	اینجوری	این‌جوری|این‌جور	اینجوری	این‌جوری|این‌جور + ی	A0|A0+O	صفت|صفت + ی	
5	پاشه	پاش	پاشه	پاش + ه	V1+O	بن مضارع + ه	
6	.	.	.	.	Si	علامت	

0	دیروز	دیروز	دیروز	دیروز	Ad	قید	
1	وقتی	وقتی|وقت	وقت	وقتی|وقت + ی	Ad|N1+O	قید|اسم + ی	
2	رفته_بودیم	رفته_بودیم	رفت	رفته_بودیم	O	_
3	استخر	استخر	استخر	استخر	N1	اسم	
4	شهید	شهید|شه	شهید	شهید|شه + ید	N1|N1+V	اسم|اسم + فعل دوم شخص جمع	
5	بهشتی	بهشتی|بهشت|هشتی|هشت	بهشتی	بهشتی|بهشت + ی|ب + هشتی|ب + هشت + ی	A0|N1+O|O+N1|O+O+O	صفت|اسم + ی|ب + اسم|ب + عدد حرفی + ی	
6	وسط	وسط	وسط	وسط	A0	صفت	
7	راه	راه|راه	راه	راه|راه	N1|N9	اسم|اسم موجود در ساختمان حرف اضافه و حرف ربط گروهی	
8	پام	پا	پا	پا	O	_
9	پیچ	پیچ|پیچ	پیچ	پیچ|پیچ	V|N1	فعل امر مثبت|اسم	
10	خورد	خورد|خورد|خور	خورد	خورد|خورد|خور + د	V+O|N1|V+O	فعل ماضی ساده+سوم شخص مفرد|اسم|فعل مضارع ساده+سوم شخص مفرد	
11	.	.	.	.	Si	علامت	

0	هر	هر	هر	هر	A1	صفت اشاره	
1	روز	روز	روز	روز	N1	اسم	
2	برای	برای|برا|بر	برای	برای|برا + ی|بر + ا + ی	Pr|A0+O|O+O+O	حرف اضافه|صفت + ی|ریشه مضارع + ا + ی	
3	دوییدن	دوییدن	دوییدن	دوییدن	O	_
4	کله	کله|کله|کل|کل|کل	کله	کله|کله|کل + ه|کل + ه|کل + ه	N1|N1|A0+O|N1+O|N1+O	اسم|اسم|صفت + ه|اسم + ه|اسم + ه	
5	سحر	سحر	سحر	سحر	N1	اسم	
6	پا	پا|پا|پا	پا	پا|پا|پا	V|N1|N9	فعل امر مثبت|اسم|اسم موجود در ساختمان حرف اضافه و حرف ربط گروهی	
7	میشم	میش|میش	میشم	میش + م|میش + م	N1+O|N1+V	اسم + ضمیر ملکی اول شخص مفرد|اسم + فعل اول شخص مفرد	
8	.	.	.	.	Si	علامت	

0	صبح	صبح	صبح	صبح	N1	اسم	
1	جمعه	جمعه|جمع	جمعه	جمعه|جمع + ه	N1|A0+O	اسم|صفت + ه	
2	کله	کله|کله|کل|کل|کل	کله	کله|کله|کل + ه|کل + ه|کل + ه	N1|N1|A0+O|N1+O|N1+O	اسم|اسم|صفت + ه|اسم + ه|اسم + ه	
3	پاچه	پاچه|پا	پاچه	پاچه|پا + چه	N1|N1+O	اسم|اسم + چه	
4	خیلی	خیلی|خیلی|خیل	خیلی	خیلی|خیلی|خیل + ی	A0|Ad|N1+O	صفت|قید|اسم + ی	
5	مزه	مزه|مزه	مزه	مزه|مزه	N1|N1	اسم|اسم	
6	میده	میده	میده	میده	O	_
7	.	.	.	.	Si	علامت	

0	علی	علی|علی	علی	علی|علی	N3|A0	اسم خاص اشخاص|صفت	
1	بود	بود|بود|بود|بو|ود	بود	بود|بود|بود|بو + د|ب + ود	V+O|N1|V+O|V+O|O+N1	فعل ماضی ساده+سوم شخص مفرد|اسم|فعل ماضی ساده+سوم شخص مفرد|فعل مضارع ساده+سوم شخص مفرد|ب + اسم	
2	دوست	دوست|دو	دوست	دوست|دو + ست	N1|N1+O	اسم|اسم + ضمیر ملکی سوم شخص مفرد	
3	مهرداد	مهرداد	مهرداد	مهرداد	N3	اسم خاص اشخاص	
4	سر	سر|سر|سر|سر	سر	سر|سر|سر|سر	V|N1|N1|N9	فعل امر مثبت|اسم|اسم|اسم موجود در ساختمان حرف اضافه و حرف ربط گروهی	
5	کار	کار|کار	کار	کار|کار	N1|V	اسم|فعل امر مثبت	
6	جدیدم	جدید|جدید	جدید	جدید + م|جدید + م	A0+O|A0+V	صفت + ضمیر ملکی اول شخص مفرد|صفت + فعل اول شخص مفرد	
7	هر	هر	هر	هر	A1	صفت اشاره	
8	روز	روز	روز	روز	N1	اسم	
9	میبینمش	بین	میبینمش	می + بین + م + ش	V+O	فعل حال اخباری+اول شخص مفرد	
10	.	.	.	.	Si	علامت	

0	سرکار	سرکار|سر	سرکار	سرکار|سر + کار	N1|V1+O	اسم|بن مضارع + کار	
1	متوقفم	متوقف|متوقف	متوقف	متوقف + م|متوقف + م	A0+O|A0+V	صفت + ضمیر ملکی اول شخص مفرد|صفت + فعل اول شخص مفرد	
2	کرد	کرد|کرد	کرد	کرد|کرد	V+O|N1	فعل ماضی ساده+سوم شخص مفرد|اسم	
3	هر	هر	هر	هر	A1	صفت اشاره	
4	کاری	کاری|کار|کار	کاشت	کاری|کار + ی|کار + ی	A0|N1+O|V+O	صفت|اسم + ی|فعل مضارع ساده+دوم شخص مفرد	
5	کردم	کرد|کرد|کرد	کرد	کرد + م|کرد + م|کرد + م	V+O|N1+O|N1+V	فعل ماضی ساده+اول شخص مفرد|اسم + ضمیر ملکی اول شخص مفرد|اسم + فعل اول شخص مفرد	
6	باز	باز|باز|باز|باز|باز	باز	باز|باز|باز|باز|باز	V|A0|Ad|N1|VPr	فعل امر مثبت|صفت|قید|اسم|پیشوند فعل	
7	جریمه	جریمه|جر|جر	جریمه	جریمه|جر + یم + ه|جر + یم + ه	N1|N1+V+O|N1+V+O	اسم|اسم + فعل اول شخص جمع + ه|اسم + فعل اول شخص جمع + ه	
8	شدم	شد	شد	شد + م	V+O	فعل ماضی ساده+اول شخص مفرد	
9	.	.	.	.	Si	علامت	

0	برای	برای|برا|بر	برای	برای|برا + ی|بر + ا + ی	Pr|A0+O|O+O+O	حرف اضافه|صفت + ی|ریشه مضارع + ا + ی	
1	پنجشنبه	پنجشنبه	پنجشنبه	پنجشنبه	N1	اسم	
2	حتما	حتماً	حتما	حتماً	Ad	قید	
3	چراغ	چراغ	چراغ	چراغ	N1	اسم	
4	قوه	قوه|قو	قوه	قوه|قو + ه	N1|N1+O	اسم|اسم + ه	
5	همراهت	همراه|راه	همراه	همراه + ت|هم + راه + ت	A0+O|O+N1+O	صفت + ضمیر ملکی دوم شخص مفرد|هم + اسم + ضمیر ملکی دوم شخص مفرد	
6	باشه	باشه|باش	باشه	باشه|باش + ه	N1|V1+O	اسم|بن مضارع + ه	
7	.	.	.	.	Si	علامت	

0	دیروز	دیروز	دیروز	دیروز	Ad	قید	
1	توی	تو|تو	تو	تو + ی|تو + ی	Ad+O|N1+O	قید + ی|اسم + ی	
2	جمعه	جمعه|جمع	جمعه	جمعه|جمع + ه	N1|A0+O	اسم|صفت + ه	
3	بازار	بازار|ازار	بازار	بازار|ب + ازار	N1|O+N1	اسم|ب + اسم	
4	همخونه	خون	همخونه	هم + خون + ه	O+N1+O	هم + اسم + ه	
5	سابق	سابق	سابق	سابق	A0	صفت	
6	کامیار	کامیار|کام	کامیار	کامیار|کام + یار	N3|N1+O	اسم خاص اشخاص|اسم + یار	
7	را	را	را	را	Po	حرف اضافه پسین	
8	دیدیم	دید|دید|دید	دید	دید + یم|دید + ی + م|دید + یم	V+O|V+O|N1+V	فعل ماضی ساده+اول شخص جمع|فعل ماضی ساده+دوم شخص مفرد|اسم + فعل اول شخص جمع	
9	.	.	.	.	Si	علامت	

0	پس	پس|پس	پس	پس|پس	Ad|N9	قید|اسم موجود در ساختمان حرف اضافه و حرف ربط گروهی	
1	فردا	فردا	فردا	فردا	Ad	قید	
2	باید	باید	باید	باید	V4	فعل وجه نما	
3	بریم	ریم|بر|بر|ری|ری|بر	برد	ب + ریم|بر + یم|بر + ی + م|ب + ری + م|ب + ری + م|بر + یم	O+N1|V+O|V+O|O+N1+O|O+N1+V|N1+V	ب + اسم|فعل مضارع ساده+اول شخص جمع|فعل مضارع ساده+دوم شخص مفرد|ب + اسم + ضمیر ملکی اول شخص مفرد|ب + اسم + فعل اول شخص مفرد|اسم + فعل اول شخص جمع	
4	به	به|به	به	به|به	Pr|N1	حرف اضافه|اسم	
5	کارای	کارا|کار	کارا	کارا + ی|کار + ا + ی	A0+O|O+O+O	صفت + ی|ریشه مضارع + ا + ی	
6	فارغ	فارغ	فارغ	فارغ	A0	صفت	
7	التحصیلی	التحصیلی	التحصیلی	التحصیلی	O	_
8	برسیم	برس|برس|سی|سی	رسید	برس + یم|برس + یم|بر + سی + م|بر + سی + م	N1+V|N1+V|O+O+O|O+O+V	اسم + فعل اول شخص جمع|اسم + فعل اول شخص جمع|بر + عدد حرفی + ضمیر ملکی اول شخص مفرد|بر + عدد حرفی + فعل اول شخص مفرد	
9	درسته	درسته|درست	درسته	درسته|درست + ه	A0|A0+O	صفت|صفت + ه	
10	؟	؟	؟	؟	Si	علامت	

0	پسفردا	پس‌فردا	پسفردا	پس‌فردا	Ad	قید	
1	مصاحبه	مصاحبه|مصاحب	مصاحبه	مصاحبه|مصاحب + ه	N1|N1+O	اسم|اسم + ه	
2	کاری	کاری|کار|کار	کاشت	کاری|کار + ی|کار + ی	A0|N1+O|V+O	صفت|اسم + ی|فعل مضارع ساده+دوم شخص مفرد	
3	دارم	دار|دار|دار	داشت	دار + م|دار + م|دار + م	V+O|N1+O|N1+V	فعل مضارع ساده+اول شخص مفرد|اسم + ضمیر ملکی اول شخص مفرد|اسم + فعل اول شخص مفرد	
4	با	با	با	با	Pr	حرف اضافه	
5	یکی	یکی|یک	یک	یکی|یک + ی	A2|O+O	صفت مبهم|عدد حرفی + ی	
6	از	از	از	از	Pr	حرف اضافه	
7	شرکتهای	شرکت	شرکت	شرکت + ها + ی	N1+Pl+O	اسم + علامت جمع + ی	
8	بزرگ	بزرگ	بزرگ	بزرگ	A0	صفت	
9	تهران	تهران	تهران	تهران	N2	اسم خاص مکان	
10	.	.	.	.	Si	علامت	

0	پردازش	پردازش|پرداز|پرداز	پردازش	پردازش|پرداز + ش|پرداز + ش	N1|V+O|N1+O	اسم|فعل مضارع ساده+سوم شخص مفرد|اسم + ضمیر ملکی سوم شخص مفرد	
1	زبان	زبان	زبان	زبان	N1	اسم	
2	درس	درس	درس	درس	N1	اسم	
3	سختیه	سختی	سختیه	سختی + ه	A0+O	صفت + ه	
4	هر	هر	هر	هر	A1	صفت اشاره	
5	چقدرم	چقدر	چقدر	چقدر	O	_
6	بلد	بلد	بلد	بلد	N1	اسم	
7	باشی	باش	بود	باش + ی	V+O	فعل مضارع ساده+دوم شخص مفرد	
8	بازهم	بازهم|بازه|بازه|زه|زه	بازه	بازهم|بازه + م|بازه + م|با + زه + م|با + زه + م	A2|N1+O|N1+V|O+N1+O|O+N1+V	صفت مبهم|اسم + ضمیر ملکی اول شخص مفرد|اسم + فعل اول شخص مفرد|با + اسم + ضمیر ملکی اول شخص مفرد|با + اسم + فعل اول شخص مفرد	
9	باید	باید	باید	باید	V4	فعل وجه نما	
10	کلی	کلی|کل|کل|کل	کلی	کلی|کل + ی|کل + ی|کل + ی	A0|A0+O|N1+O|N1+O	صفت|صفت + ی|اسم + ی|اسم + ی	
11	براش	راش|برا|بر	براش	ب + راش|برا + ش|بر + ا + ش	O+N1|A0+O|O+O+O	ب + اسم|صفت + ضمیر ملکی سوم شخص مفرد|ریشه مضارع + ا + ضمیر ملکی سوم شخص مفرد	
12	تلاش	تلاش	تلاش	تلاش	N1	اسم	
13	کنی	کن|کن	کرد	کن + ی|کن + ی	V+O|V+O	فعل مضارع ساده+دوم شخص مفرد|فعل مضارع ساده+دوم شخص مفرد	
14	.	.	.	.	Si	علامت	

0	اگر	اگر	اگر	اگر	C0	حرف ربط	
1	فردا	فردا	فردا	فردا	Ad	قید	
2	نتونست	نتونست	نتونست	نتونست	O	_
3	بیاد	یاد	بیاد	ب + یاد	O+N1	ب + اسم	
4	باهم	باهم|اهم|باه|باه|اه|اه	باهم	باهم|ب + اهم|باه + م|باه + م|ب + اه + م|ب + اه + م	Ad|O+A0|N1+O|N1+V|O+N1+O|O+N1+V	قید|ب + صفت|اسم + ضمیر ملکی اول شخص مفرد|اسم + فعل اول شخص مفرد|ب + اسم + ضمیر ملکی اول شخص مفرد|ب + اسم + فعل اول شخص مفرد	
5	میریم	میر|میر|میر	مرد	میر + یم|میر + ی + م|میر + یم	V+O|V+O|N1+V	فعل مضارع ساده+اول شخص جمع|فعل مضارع ساده+دوم شخص مفرد|اسم + فعل اول شخص جمع	
6	دنبال	دنبال|دنبال	دنبال	دنبال|دنبال	N1|N9	اسم|اسم موجود در ساختمان حرف اضافه و حرف ربط گروهی	
7	پسرخالت	پسرخالت	پسرخالت	پسرخالت	O	_
8	.	.	.	.	Si	علامت	

0	فردای	فردا	فردا	فردا	O	_
1	اون	اون	اون	اون	O	_
2	روز	روز	روز	روز	N1	اسم	
3	دیگه	دیگ	دیگه	دیگ + ه	N1+O	اسم + ه	
4	همه	همه|همه	همه	همه|همه	N1|A2	اسم|صفت مبهم	
5	رفته	رفت|رفت	رفته	رفت + ه|رفت + ه	O+O|O+O	ریشه ماضی + ه|ریشه ماضی + ه	
6	بودن	بود|بود|بو	بودن	بود + ن|بود + ن|بو + د + ن	V2+O|V3+O|V1+O+O	بن ماضی + ن|فعل اسنادی + ن|بن مضارع + د + ن	
7	به	به|به	به	به|به	Pr|N1	حرف اضافه|اسم	
8	سمت	سمت|سم|سم	سمت	سمت|سم + ت|سم + ت	N1|N1+O|N1+O	اسم|اسم + ضمیر ملکی دوم شخص مفرد|اسم + ضمیر ملکی دوم شخص مفرد	
9	خونه	خون	خونه	خون + ه	N1+O	اسم + ه	
10	هاشون	هاشون	هاشون	هاشون	O	_
11	.	.	.	.	Si	علامت	

0	باورم	باور|باور|ورم|ور|ور|ور|ور	باور	باور + م|باور + م|با + ورم|با + ور + م|با + ور + م|با + ور + م|با + ور + م	N1+O|N1+V|O+N1|O+N1+O|O+N1+V|O+N1+O|O+N1+V	اسم + ضمیر ملکی اول شخص مفرد|اسم + فعل اول شخص مفرد|با + اسم|با + اسم + ضمیر ملکی اول شخص مفرد|با + اسم + فعل اول شخص مفرد|با + اسم + ضمیر ملکی اول شخص مفرد|با + اسم + فعل اول شخص مفرد	
1	نمی‌شه	میش|می|می	نمی‌شه	میش + ه|می + ش + ه|می + ش + ه	N1+O|N1+O+O|N1+O+O	اسم + ه|اسم + ضمیر ملکی سوم شخص مفرد + ه|اسم + ضمیر ملکی سوم شخص مفرد + ه	
2	می‌تونستیم	می تونستیم	می‌تونستیم	می تونستیم	O	_
3	از	از	از	از	Pr	حرف اضافه	
4	اون	اون	اون	اون	O	_
5	کوه	کوه	کوه	کوه	N1	اسم	
6	بالا	بالا|بال	بالا	بالا|بال + ا	A0|O+O	صفت|ریشه مضارع + ا	
7	بریم	ریم|بر|بر|ری|ری|بر	برد	ب + ریم|بر + یم|بر + ی + م|ب + ری + م|ب + ری + م|بر + یم	O+N1|V+O|V+O|O+N1+O|O+N1+V|N1+V	ب + اسم|فعل مضارع ساده+اول شخص جمع|فعل مضارع ساده+دوم شخص مفرد|ب + اسم + ضمیر ملکی اول شخص مفرد|ب + اسم + فعل اول شخص مفرد|اسم + فعل اول شخص جمع	
8	.	.	.	.	Si	علامت	

0	این	این|این	این	این|این	A1|N6	صفت اشاره|ضمیر اشاره	
1	دوستمون	دوستمون	دوستمون	دوستمون	O	_
2	کره	کره|کره|کره|کر	کره	کره|کره|کره|کر + ه	N1|N1|N1|A0+O	اسم|اسم|اسم|صفت + ه	
3	یا	یا|یا	یا	یا|یا	C0|Intj	حرف ربط|صوت	
4	لاله	لاله|لال|له|له	لاله	لاله|لال + ه|لا + له|لا + له	N3|A0+O|V+O|O+N1	اسم خاص اشخاص|صفت + ه|فعل مضارع ساده+سوم شخص مفرد|لا + اسم	
5	؟	؟	؟	؟	Si	علامت	

0	اگر	اگر	اگر	اگر	C0	حرف ربط	
1	امروز	امروز	امروز	امروز	N1	اسم	
2	من	من	من	من	N5	ضمیر فاعلی	
3	نتونستم	نتونستم	نتونستم	نتونستم	O	_
4	بیام	ام	بیام	بی + ام	O+N1	بی + اسم	
5	باید	باید	باید	باید	V4	فعل وجه نما	
6	برای	برای|برا|بر	برای	برای|برا + ی|بر + ا + ی	Pr|A0+O|O+O+O	حرف اضافه|صفت + ی|ریشه مضارع + ا + ی	
7	یک	یک	یک	یک	O	عدد حرفی	
8	روز	روز	روز	روز	N1	اسم	
9	دیگه	دیگ	دیگه	دیگ + ه	N1+O	اسم + ه	
10	برنامه	برنامه	برنامه	برنامه	N1	اسم	
11	ریزی	ریزی|ریز|ریز	ریخت	ریزی|ریز + ی|ریز + ی	N1|V+O|A0+O	اسم|فعل مضارع ساده+دوم شخص مفرد|صفت + ی	
12	کنیم	کن|کن|کن|کن|کن	کرد	کن + یم|کن + یم|کن + ی + م|کن + ی + م|کن + یم	V+O|V+O|V+O|V+O|N2+V	فعل مضارع ساده+اول شخص جمع|فعل مضارع ساده+اول شخص جمع|فعل مضارع ساده+دوم شخص مفرد|فعل مضارع ساده+دوم شخص مفرد|اسم خاص مکان + فعل اول شخص جمع	
13	.	.	.	.	Si	علامت	

0	من	من	من	من	N5	ضمیر فاعلی	
1	هنوز	هنوز	هنوز	هنوز	Ad	قید	
2	از	از	از	از	Pr	حرف اضافه	
3	تصادف	تصادف	تصادف	تصادف	N1	اسم	
4	دیروز	دیروز	دیروز	دیروز	Ad	قید	
5	توی	تو|تو	تو	تو + ی|تو + ی	Ad+O|N1+O	قید + ی|اسم + ی	
6	شکهم	شکهم	شکهم	شکهم	O	_
7	،	،	،	،	Si	علامت	
8	نمیدونم	نمیدونم	نمیدونم	نمیدونم	O	_
9	چطور	چطور|چطور	چطور	چطور|چطور	A0|Ad	صفت|قید	
10	جون	جون	جون	جون	N1	اسم	
11	سالم	سالم|سال|سال	سالم	سالم|سال + م|سال + م	A0|N1+O|N1+V	صفت|اسم + ضمیر ملکی اول شخص مفرد|اسم + فعل اول شخص مفرد	
12	به	به|به	به	به|به	Pr|N1	حرف اضافه|اسم	
13	در	در|در|در|در|در	در	در|در|در|در|در	Pr|V|N1|N1|VPr	حرف اضافه|فعل امر مثبت|اسم|اسم|پیشوند فعل	
14	بردیم	ردیم|برد|برد|برد|ردی|ردی|رد	برد	ب + ردیم|برد + یم|برد + ی + م|برد + یم|ب + ردی + م|ب + ردی + م|ب + رد + یم	O+N1|V+O|V+O|N1+V|O+N1+O|O+N1+V|O+A0+V	ب + اسم|فعل ماضی ساده+اول شخص جمع|فعل ماضی ساده+دوم شخص مفرد|اسم + فعل اول شخص جمع|ب + اسم + ضمیر ملکی اول شخص مفرد|ب + اسم + فعل اول شخص مفرد|ب + صفت + فعل اول شخص جمع	
15	.	.	.	.	Si	علامت	

0	لنگرود	لنگرود	لنگرود	لنگرود	N2	اسم خاص مکان	
1	کتابخونه	کتابخونه	کتابخونه	کتابخونه	O	_
2	شبانه	شبانه|شبان|شب	شبانه	شبانه|شبان + ه|شب + ان + ه	A0|N1+O|N1+O+O	صفت|اسم + ه|اسم + ان + ه	
3	روزی	روزی|روز	روز	روزی|روز + ی	N1|N1+O	اسم|اسم + ی	
4	داره	دار|دار	داره	دار + ه|دار + ه	V1+O|N1+O	بن مضارع + ه|اسم + ه	
5	ولی	ولی|ولی|ول|ول	ولی	ولی|ولی|ول + ی|ول + ی	C0|N1|A0+O|N1+O	حرف ربط|اسم|صفت + ی|اسم + ی	
6	کرج	کرج	کرج	کرج	N2	اسم خاص مکان	
7	نه	نه|نه|نه	نه	نه|نه|نه	O|V|N1	عدد حرفی|فعل امر مثبت|اسم	
8	.	.	.	.	Si	علامت	

0	ولی	ولی|ولی|ول|ول	ولی	ولی|ولی|ول + ی|ول + ی	C0|N1|A0+O|N1+O	حرف ربط|اسم|صفت + ی|اسم + ی	
1	باور	باور	باور	باور	N1	اسم	
2	کنید	کن|کن	کرد	کن + ید|کن + ید	V+O|V+O	فعل مضارع ساده+دوم شخص جمع|فعل مضارع ساده+دوم شخص جمع	
3	دعوا	دعوا	دعوا	دعوا	N1	اسم	
4	سر	سر|سر|سر|سر	سر	سر|سر|سر|سر	V|N1|N1|N9	فعل امر مثبت|اسم|اسم|اسم موجود در ساختمان حرف اضافه و حرف ربط گروهی	
5	توزیع	توزیع	توزیع	توزیع	N1	اسم	
6	،	،	،	،	Si	علامت	
7	سیستم	سیستم	سیستم	سیستم	N1	اسم	
8	عامل	عامل	عامل	عامل	N1	اسم	
9	و	و|و|و	و	و|و|و	C0|Al|Ab	حرف ربط|حروف الفبا|اختصارات	
10	زبان	زبان	زبان	زبان	N1	اسم	
11	برنامه	برنامه	برنامه	برنامه	N1	اسم	
12	نویسی	نویسی|نویس	نوشت	نویسی|نویس + ی	N1|V+O	اسم|فعل مضارع ساده+دوم شخص مفرد	
13	خیلی	خیلی|خیلی|خیل	خیلی	خیلی|خیلی|خیل + ی	A0|Ad|N1+O	صفت|قید|اسم + ی	
14	حال	حال	حال	حال	N1	اسم	
15	میده	میده	میده	میده	O	_
16	.	.	.	.	Si	علامت	

0	شاید	شاید|شاید|شا	شاید	شاید|شاید|شا + ی + د	V+O|Ad|V+O	فعل ماضی ساده+سوم شخص مفرد|قید|فعل مضارع ساده+سوم شخص مفرد	
1	این	این|این	این	این|این	A1|N6	صفت اشاره|ضمیر اشاره	
2	،	،	،	،	Si	علامت	
3	وصف	وصف|وصف	وصف	وصف|وصف	N1|N9	اسم|اسم موجود در ساختمان حرف اضافه و حرف ربط گروهی	
4	من	من	من	من	N5	ضمیر فاعلی	
5	،	،	،	،	Si	علامت	
6	توی	تو|تو	تو	تو + ی|تو + ی	Ad+O|N1+O	قید + ی|اسم + ی	
7	یک	یک	یک	یک	O	عدد حرفی	
8	دقیقه	دقیقه|دقیق	دقیقه	دقیقه|دقیق + ه	N1|A0+O	اسم|صفت + ه	
9	باشه	باشه|باش	باشه	باشه|باش + ه	N1|V1+O	اسم|بن مضارع + ه	
10	.	.	.	.	Si	علامت	

0	انسان	انسان	انسان	انسان	N1	اسم	
1	دارای	دارا|دار	دارا	دارا + ی|دار + ا + ی	A0+O|O+O+O	صفت + ی|ریشه مضارع + ا + ی	
2	مغز	مغز	مغز	مغز	N1	اسم	
3	و	و|و|و	و	و|و|و	C0|Al|Ab	حرف ربط|حروف الفبا|اختصارات	
4	قوه	قوه|قو	قوه	قوه|قو + ه	N1|N1+O	اسم|اسم + ه	
5	ادراک	ادراک	ادراک	ادراک	N1	اسم	
6	است	است|اس		است|اس + ت	V+O|N1+O	فعل مضارع ساده+سوم شخص مفرد|اسم + ضمیر ملکی دوم شخص مفرد	
7	که	که|که|که|که	که	که|که|که|که	C0|NA|N1|N1	حرف ربط|ضمیر پرسشی|اسم|اسم	
8	وسیله‌ای	وسیله‌ای|وسیله	وسیله	وسیله‌ای|وسیله + ای	A0|N1+O	صفت|اسم + ای	
9	است	است|اس		است|اس + ت	V+O|N1+O	فعل مضارع ساده+سوم شخص مفرد|اسم + ضمیر ملکی دوم شخص مفرد	
10	برای	برای|برا|بر	برای	برای|برا + ی|بر + ا + ی	Pr|A0+O|O+O+O	حرف اضافه|صفت + ی|ریشه مضارع + ا + ی	
11	فهمیدن	فهمید|فهم	فهمیدن	فهمید + ن|فهم + ید + ن	V2+O|V1+V+O	بن ماضی + ن|بن مضارع + فعل دوم شخص جمع + ن	
12	.	.	.	.	Si	علامت	

0	دوگروه	دوگروه	دوگروه	دوگروه	O	_
1	از	از	از	از	Pr	حرف اضافه	
2	مردم	مردم|مرد|مرد|مرد	مردم	مردم|مرد + م|مرد + م|مرد + م	N1|N1+O|N1+V|V+O	اسم|اسم + ضمیر ملکی اول شخص مفرد|اسم + فعل اول شخص مفرد|فعل ماضی ساده+اول شخص مفرد	
3	بیشتر	بیشتر|بیش|شتر	بیشتر	بیشتر|بیش + تر|بی + شتر	A0|A0+O|O+N1	صفت|صفت + علامت صفت تفضیلی|بی + اسم	
4	از	از	از	از	Pr	حرف اضافه	
5	بقیه	بقیه|بقیه|قیه|بق|قی	بقیه	بقیه|بقیه|ب + قیه|بق + یه|ب + قی + ه	A0|N1|O+N1|N1+O|O+N1+O	صفت|اسم|ب + اسم|اسم + یه|ب + اسم + ه	
6	تمام	تمام|تمام	تمام	تمام|تمام	A0|N9	صفت|اسم موجود در ساختمان حرف اضافه و حرف ربط گروهی	
7	بدنشان	بدن	بدن	بدن + شان	N1+O	اسم + ضمیر ملکی سوم شخص جمع	
8	را	را	را	را	Po	حرف اضافه پسین	
9	خال	خال	خال	خال	N1	اسم	
10	کوبی	کوب|کوب	کوبی	کوب + ی|کوب + ی	V+O|N1+O	فعل مضارع ساده+دوم شخص مفرد|اسم + ی	
11	میکنند	کن|کن	میکنند	می + کن + ند|می + کن + ند	V+O|V+O	فعل حال اخباری+سوم شخص جمع|فعل حال اخباری+سوم شخص جمع	
12	:	:	:	:	Si	علامت	
13	خیلی	خیلی|خیلی|خیل	خیلی	خیلی|خیلی|خیل + ی	A0|Ad|N1+O	صفت|قید|اسم + ی	
14	پولدارها	پول	پولدار	پول + دار + ها	N1+O+Pl	اسم + دار + علامت جمع	
15	وخیلی	وخیلی	وخیلی	وخیلی	O	_
16	فقیرها	فقیر	فقیر	فقیر + ها	A0+Pl	صفت + علامت جمع	
17	.	.	.	.	Si	علامت	

0	ولی	ولی|ولی|ول|ول	ولی	ولی|ولی|ول + ی|ول + ی	C0|N1|A0+O|N1+O	حرف ربط|اسم|صفت + ی|اسم + ی	
1	عدم	عدم	عدم	عدم	N1	اسم	
2	وجود	وجود|وجود	وجود	وجود|وجود	N1|N9	اسم|اسم موجود در ساختمان حرف اضافه و حرف ربط گروهی	
3	مدرک	مدرک|مدرک|مدر	مدرک	مدرک|مدرک|مدر + ک	N1|A0|A0+O	اسم|صفت|صفت + ک	
4	و	و|و|و	و	و|و|و	C0|Al|Ab	حرف ربط|حروف الفبا|اختصارات	
5	عدم	عدم	عدم	عدم	N1	اسم	
6	درک	درک|درک|در|در	درک	درک|درک|در + ک|در + ک	N1|N1|N1+O|N1+O	اسم|اسم|اسم + ک|اسم + ک	
7	به	به|به	به	به|به	Pr|N1	حرف اضافه|اسم	
8	هم	هم|هم|هم	هم	هم|هم|هم	Ad|C0|O	قید|حرف ربط|ضمیر مشترک/متقابل	
9	ربط	ربط	ربط	ربط	N1	اسم	
10	دارن	دارن	دارن	دارن	O	_
11	.	.	.	.	Si	علامت	

0	همینجوری	همین‌جوری|همین‌جور	همینجوری	همین‌جوری|همین‌جور + ی	Ad|Ad+O	قید|قید + ی	
1	که	که|که|که|که	که	که|که|که|که	C0|NA|N1|N1	حرف ربط|ضمیر پرسشی|اسم|اسم	
2	تو	تو|تو|تو	تو	تو|تو|تو	N5|Ad|N1	ضمیر فاعلی|قید|اسم	
3	تراس	تراس	تراس	تراس	N1	اسم	
4	نشسته_بودم	نشسته_بودم	نشست	نشسته_بودم	O	_
5	این	این|این	این	این|این	A1|N6	صفت اشاره|ضمیر اشاره	
6	اقاهه	اقاهه	اقاهه	اقاهه	O	_
7	اومد	اومد	اومد	اومد	O	_
8	شروع	شروع	شروع	شروع	N1	اسم	
9	کرد	کرد|کرد	کرد	کرد|کرد	V+O|N1	فعل ماضی ساده+سوم شخص مفرد|اسم	
10	خوندن	خوندن	خوندن	خوندن	O	_
11	.	.	.	.	Si	علامت	

0	رفیقای	رفیقای	رفیقای	رفیقای	O	_
1	ما	ما	ما	ما	N5	ضمیر فاعلی	
2	از	از	از	از	Pr	حرف اضافه	
3	ترس	ترس|ترس	ترس	ترس|ترس	V|N1	فعل امر مثبت|اسم	
4	شیرینی	شیرینی|شیرین|شیر	شیرینی	شیرینی|شیرین + ی|شیر + ین + ی	N1|A0+O|N1+O+O	اسم|صفت + ی|اسم + ین + ی	
5	دادن	داد	دادن	داد + ن	V2+O	بن ماضی + ن	
6	گوشی	گوشی|گوش	گوش	گوشی|گوش + ی	N1|N1+O	اسم|اسم + ی	
7	و	و|و|و	و	و|و|و	C0|Al|Ab	حرف ربط|حروف الفبا|اختصارات	
8	ماشین	ماشین|ماش	ماشین	ماشین|ماش + ین	N1|N1+O	اسم|اسم + ین	
9	نمیخرن	نمیخرن	نمیخرن	نمیخرن	O	_
10	.	.	.	.	Si	علامت	

0	ی	ی|ی	ی	ی|ی	Ab|Al	اختصارات|حروف الفبا	
1	چیزی	چیزی|چیز	چیز	چیزی|چیز + ی	Ad|N1+O	قید|اسم + ی	
2	میخواستم	خواست|خواست|خواست	میخواستم	می + خواست + م|می + خواست + م|می + خواست + م	V+O|O+V5+O|O+V5+V	فعل ماضی استمراری+اول شخص مفرد|می + فعل کمکی + ضمیر ملکی اول شخص مفرد|می + فعل کمکی + فعل اول شخص مفرد	
3	بگم	گم	بگم	ب + گم	O+N1	ب + اسم	
4	ولی	ولی|ولی|ول|ول	ولی	ولی|ولی|ول + ی|ول + ی	C0|N1|A0+O|N1+O	حرف ربط|اسم|صفت + ی|اسم + ی	
5	یادم	یاد|یاد	یاد	یاد + م|یاد + م	N1+O|N1+V	اسم + ضمیر ملکی اول شخص مفرد|اسم + فعل اول شخص مفرد	
6	نمیاد	نمیاد	نمیاد	نمیاد	O	_
7	.	.	.	.	Si	علامت	

0	واسه	واسه	واسه	واسه	Pr1	حرف اضافه گروهی	
1	بافتن	بافت|باف	بافتن	بافت + ن|باف + ت + ن	V2+O|V1+O+O	بن ماضی + ن|بن مضارع + ضمیر ملکی دوم شخص مفرد + ن	
2	این	این|این	این	این|این	A1|N6	صفت اشاره|ضمیر اشاره	
3	چهل	چهل	چهل	چهل	O	عدد حرفی	
4	سانت	سانت|سان	سانت	سانت|سان + ت	N1|N1+O	اسم|اسم + ضمیر ملکی دوم شخص مفرد	
5	،	،	،	،	Si	علامت	
6	حداقل	حداقل	حداقل	حداقل	Ad	قید	
7	بیست	بیست	بیست	بیست	O	عدد حرفی	
8	رج	رج	رج	رج	N1	اسم	
9	بافتم	بافت|بافت|بافت	افتاد	بافت + م|بافت + م|بافت + م	V+O|N1+O|N1+V	فعل ماضی ساده+اول شخص مفرد|اسم + ضمیر ملکی اول شخص مفرد|اسم + فعل اول شخص مفرد	
10	و	و|و|و	و	و|و|و	C0|Al|Ab	حرف ربط|حروف الفبا|اختصارات	
11	شکافتم	شکافت	شکافت	شکافت + م	V+O	فعل ماضی ساده+اول شخص مفرد	
12	تا	تا|تا|تا	تا	تا|تا|تا	Pr|C0|Ab	حرف اضافه|حرف ربط|اختصارات	
13	یاد	یاد	یاد	یاد	N1	اسم	
14	گرفتم	گرفت|گرفت|گرفت	گرفت	گرفت + م|گرفت + م|گرفت + م	V+O|N1+O|N1+V	فعل ماضی ساده+اول شخص مفرد|اسم + ضمیر ملکی اول شخص مفرد|اسم + فعل اول شخص مفرد	
15	و	و|و|و	و	و|و|و	C0|Al|Ab	حرف ربط|حروف الفبا|اختصارات	
16	قلقش	قلق	قلق	قلق	O	_
17	دستم	دست|دست	دستم	دست + م|دست + م	N1+O|N1+V	اسم + ضمیر ملکی اول شخص مفرد|اسم + فعل اول شخص مفرد	
18	اومد	اومد	اومد	اومد	O	_
19	.	.	.	.	Si	علامت	

0	خوبیش	خوبی|خوب	خوب	خوبی + ش|خوب + ی + ش	N1+O|A0+O+O	اسم + ضمیر ملکی سوم شخص مفرد|صفت + ی + ضمیر ملکی سوم شخص مفرد	
1	این	این|این	این	این|این	A1|N6	صفت اشاره|ضمیر اشاره	
2	بود	بود|بود|بود|بو|ود	بود	بود|بود|بود|بو + د|ب + ود	V+O|N1|V+O|V+O|O+N1	فعل ماضی ساده+سوم شخص مفرد|اسم|فعل ماضی ساده+سوم شخص مفرد|فعل مضارع ساده+سوم شخص مفرد|ب + اسم	
3	که	که|که|که|که	که	که|که|که|که	C0|NA|N1|N1	حرف ربط|ضمیر پرسشی|اسم|اسم	
4	خونشون	خونشون	خونشون	خونشون	O	_
5	نزدیک	نزدیک	نزدیک	نزدیک	A0	صفت	
6	بود	بود|بود|بود|بو|ود	بود	بود|بود|بود|بو + د|ب + ود	V+O|N1|V+O|V+O|O+N1	فعل ماضی ساده+سوم شخص مفرد|اسم|فعل ماضی ساده+سوم شخص مفرد|فعل مضارع ساده+سوم شخص مفرد|ب + اسم	
7	،	،	،	،	Si	علامت	
8	هم	هم|هم|هم	هم	هم|هم|هم	Ad|C0|O	قید|حرف ربط|ضمیر مشترک/متقابل	
9	مسیر	مسیر|مسیر	مسیر	مسیر|مسیر	N1|N2	اسم|اسم خاص مکان	
10	بودیم	بود|بود|بود|بود|بود|ود	بود	بود + یم|بود + ی + م|بود + یم|بود + یم|بود + ی + م|ب + ود + یم	V+O|V+O|N1+V|V+O|V+O|O+N1+V	فعل ماضی ساده+اول شخص جمع|فعل ماضی ساده+دوم شخص مفرد|اسم + فعل اول شخص جمع|فعل ماضی ساده+اول شخص جمع|فعل ماضی ساده+دوم شخص مفرد|ب + اسم + فعل اول شخص جمع	
11	.	.	.	.	Si	علامت	

0	بدیش	بدی|دیش|دی|بد	بد	بدی + ش|ب + دیش|ب + دی + ش|بد + ی + ش	N1+O|O+N1|O+N1+O|A0+O+O	اسم + ضمیر ملکی سوم شخص مفرد|ب + اسم|ب + اسم + ضمیر ملکی سوم شخص مفرد|صفت + ی + ضمیر ملکی سوم شخص مفرد	
1	اینه	اینه	اینه	اینه	N1	اسم	
2	که	که|که|که|که	که	که|که|که|که	C0|NA|N1|N1	حرف ربط|ضمیر پرسشی|اسم|اسم	
3	خونشون	خونشون	خونشون	خونشون	O	_
4	نزدیکه	نزدیک	نزدیکه	نزدیک + ه	A0+O	صفت + ه	
5	،	،	،	،	Si	علامت	
6	هممسیریم	مسیر	هممسیریم	هم + مسیر + یم	O+N1+V	هم + اسم + فعل اول شخص جمع	
7	.	.	.	.	Si	علامت	

0	مزد	مزد	مزد	مزد	N1	اسم	
1	آن	ان	آن	ان	Ab	اختصارات	
2	گرفت	گرفت|گرفت	گرفت	گرفت|گرفت	V+O|N1	فعل ماضی ساده+سوم شخص مفرد|اسم	
3	جان	جان	جان	جان	N1	اسم	
4	برادر	برادر	برادر	برادر	N1	اسم	
5	که	که|که|که|که	که	که|که|که|که	C0|NA|N1|N1	حرف ربط|ضمیر پرسشی|اسم|اسم	
6	کار	کار|کار	کار	کار|کار	N1|V	اسم|فعل امر مثبت	
7	کرد	کرد|کرد	کرد	کرد|کرد	V+O|N1	فعل ماضی ساده+سوم شخص مفرد|اسم	
8	.	.	.	.	Si	علامت	

0	باعث	باعث	باعث	باعث	N1	اسم	
1	شدم	شد	شد	شد + م	V+O	فعل ماضی ساده+اول شخص مفرد	
2	کل	کل|کل|کل	کل	کل|کل|کل	A0|N1|N1	صفت|اسم|اسم	
3	دانشجوها	دانشجو|دانش|دان	دانشجو	دانشجو + ها|دانش + جو + ها|دان + ش + جو + ها	N1+Pl|N1+O+Pl|V1+O+O+Pl	اسم + علامت جمع|اسم + جو + علامت جمع|بن مضارع + ش + جو + علامت جمع	
4	برای	برای|برا|بر	برای	برای|برا + ی|بر + ا + ی	Pr|A0+O|O+O+O	حرف اضافه|صفت + ی|ریشه مضارع + ا + ی	
5	غذای	غذا	غذا	غذا + ی	N1+O	اسم + ی	
6	دانشگاه	دانشگاه|دانش|دان	دانشگاه	دانشگاه|دانش + گاه|دان + ش + گاه	N1|N1+O|V1+O+O	اسم|اسم + گاه|بن مضارع + ش + گاه	
7	اعتراض	اعتراض	اعتراض	اعتراض	N1	اسم	
8	کنن	کنن	کنن	کنن	O	_
9	!!!	!!!	!!!	!!!	Si	علامت	

0	رفیق	رفیق	رفیق	رفیق	N1	اسم	
1	اونیه	اونیه	اونیه	اونیه	O	_
2	که	که|که|که|که	که	که|که|که|که	C0|NA|N1|N1	حرف ربط|ضمیر پرسشی|اسم|اسم	
3	وقتی	وقتی|وقت	وقت	وقتی|وقت + ی	Ad|N1+O	قید|اسم + ی	
4	داره	دار|دار	داره	دار + ه|دار + ه	V1+O|N1+O	بن مضارع + ه|اسم + ه	
5	بهش	به|هش	به	به + ش|ب + هش	N1+O|O+N1	اسم + ضمیر ملکی سوم شخص مفرد|ب + اسم	
6	خوش	خوش	خوش	خوش	A0	صفت	
7	میگذره	میگذره	میگذره	میگذره	O	_
8	بهت	بهت|به	بهت	بهت|به + ت	N1|N1+O	اسم|اسم + ضمیر ملکی دوم شخص مفرد	
9	پیام	پیام	پیام	پیام	N1	اسم	
10	بده	ده|بد|ده	داد	ب + ده|بد + ه|ب + ده	V|A0+O|O+N1	فعل امر مثبت|صفت + ه|ب + اسم	
11	بیا	بیا	آمد	بیا	O	_
12	دورهم	دوره|دوره|دور|دور|دور|دور	دورهم	دوره + م|دوره + م|دور + ه + م|دور + ه + م|دور + ه + م|دور + ه + م	N1+O|N1+V|A0+O+O|A0+O+V|N1+O+O|N1+O+V	اسم + ضمیر ملکی اول شخص مفرد|اسم + فعل اول شخص مفرد|صفت + ه + ضمیر ملکی اول شخص مفرد|صفت + ه + فعل اول شخص مفرد|اسم + ه + ضمیر ملکی اول شخص مفرد|اسم + ه + فعل اول شخص مفرد	
13	باشیم	باش|باش	بود	باش + یم|باش + ی + م	V+O|V+O	فعل مضارع ساده+اول شخص جمع|فعل مضارع ساده+دوم شخص مفرد	
14	.	.	.	.	Si	علامت	

0	عجیبه	عجیب	عجیبه	عجیب + ه	A0+O	صفت + ه	
1	که	که|که|که|که	که	که|که|که|که	C0|NA|N1|N1	حرف ربط|ضمیر پرسشی|اسم|اسم	
2	یه	یه	یه	یه	N1	اسم	
3	نفر	نفر	نفر	نفر	N1	اسم	
4	به	به|به	به	به|به	Pr|N1	حرف اضافه|اسم	
5	شکل	شکل	شکل	شکل	N1	اسم	
6	مرموز	مرموز	مرموز	مرموز	A0	صفت	
7	ترسناکی	ترسناکی|ترسناک|ترس	ترسناک	ترسناکی|ترسناک + ی|ترس + ناک + ی	N1|A0+O|N1+O+O	اسم|صفت + ی|اسم + ناک + ی	
8	گم	گم	گم	گم	N1	اسم	
9	شده	شد	شده	شد + ه	V3+O	فعل اسنادی + ه	
10	و	و|و|و	و	و|و|و	C0|Al|Ab	حرف ربط|حروف الفبا|اختصارات	
11	باز	باز|باز|باز|باز|باز	باز	باز|باز|باز|باز|باز	V|A0|Ad|N1|VPr	فعل امر مثبت|صفت|قید|اسم|پیشوند فعل	
12	از	از	از	از	Pr	حرف اضافه	
13	توش	توش	تو	توش	N1	اسم	
14	جک	جک	جک	جک	N1	اسم	
15	ازدواج	ازدواج	ازدواج	ازدواج	N1	اسم	
16	و	و|و|و	و	و|و|و	C0|Al|Ab	حرف ربط|حروف الفبا|اختصارات	
17	لر	لر	لر	لر	N1	اسم	
18	و	و|و|و	و	و|و|و	C0|Al|Ab	حرف ربط|حروف الفبا|اختصارات	
19	عرب	عرب	عرب	عرب	N1	اسم	
20	در	در|در|در|در|در	در	در|در|در|در|در	Pr|V|N1|N1|VPr	حرف اضافه|فعل امر مثبت|اسم|اسم|پیشوند فعل	
21	میاد	میاد	میاد	میاد	O	_
22	.	.	.	.	Si	علامت	

0	کلی	کلی|کل|کل|کل	کلی	کلی|کل + ی|کل + ی|کل + ی	A0|A0+O|N1+O|N1+O	صفت|صفت + ی|اسم + ی|اسم + ی	
1	کار	کار|کار	کار	کار|کار	N1|V	اسم|فعل امر مثبت	
2	نکرده	نکرده|کرد	کرد	نکرده|ن + کرد + ه	A0|O+O	صفت|ریشه ماضی + ه	
3	دارم	دار|دار|دار	داشت	دار + م|دار + م|دار + م	V+O|N1+O|N1+V	فعل مضارع ساده+اول شخص مفرد|اسم + ضمیر ملکی اول شخص مفرد|اسم + فعل اول شخص مفرد	
4	که	که|که|که|که	که	که|که|که|که	C0|NA|N1|N1	حرف ربط|ضمیر پرسشی|اسم|اسم	
5	متاسفانه	متأسفانه|متأسف	متاسفانه	متأسفانه|متأسف + انه	Ad|A0+O	قید|صفت + انه	
6	با	با	با	با	Pr	حرف اضافه	
7	یه	یه	یه	یه	N1	اسم	
8	بار	بار|بار	بار	بار|بار	V|N1	فعل امر مثبت|اسم	
9	زندگی	زندگی|زنده	زندگی	زندگی|زنده + گی	N1|A0+O	اسم|صفت + گی	
10	نمیشه	میش|می|می	نمیشه	میش + ه|می + ش + ه|می + ش + ه	N1+O|N1+O+O|N1+O+O	اسم + ه|اسم + ضمیر ملکی سوم شخص مفرد + ه|اسم + ضمیر ملکی سوم شخص مفرد + ه	
11	همشون	شون	همشون	هم + شون	O+N1	هم + اسم	
12	رو	رو|رو|رو	رو	رو|رو|رو	N1|V|N9	اسم|فعل امر مثبت|اسم موجود در ساختمان حرف اضافه و حرف ربط گروهی	
13	انجام	انجام|انجام	انجام	انجام|انجام	N1|V	اسم|فعل امر مثبت	
14	داد	داد|داد	داد	داد|داد	V+O|N1	فعل ماضی ساده+سوم شخص مفرد|اسم	
15	!	!	!	!	Si	علامت	

0	من	من	من	من	N5	ضمیر فاعلی	
1	حتی	حتی	حتی	حتی	Ad	قید	
2	تو	تو|تو|تو	تو	تو|تو|تو	N5|Ad|N1	ضمیر فاعلی|قید|اسم	
3	خاستگاری	خاست	خاستگاری	خاست + گار + ی	V2+O+O	بن ماضی + گار + ی	
4	دختر	دختر	دختر	دختر	N1	اسم	
5	خالمم	خالمم	خالمم	خالمم	O	_
6	بیسکوییت	سکو	بیسکوییت	بی + سکو + ی + یت	O+N1+O+O	بی + اسم + ی + یت	
7	رو	رو|رو|رو	رو	رو|رو|رو	N1|V|N9	اسم|فعل امر مثبت|اسم موجود در ساختمان حرف اضافه و حرف ربط گروهی	
8	زدم	زد|زد|زد	زد	زد + م|زد + م|زد + م	V+O|N1+O|N1+V	فعل ماضی ساده+اول شخص مفرد|اسم + ضمیر ملکی اول شخص مفرد|اسم + فعل اول شخص مفرد	
9	تو	تو|تو|تو	تو	تو|تو|تو	N5|Ad|N1	ضمیر فاعلی|قید|اسم	
10	چای	چای|چای	چای	چای|چای	V|N1	فعل امر مثبت|اسم	
11	.	.	.	.	Si	علامت	

0	قبلا	قبلاً	قبلا	قبلاً	Ad	قید	
1	انقد	انقد	انقد	انقد	O	_
2	دوسش	دوس	دوسش	دوس + ش	V+O	فعل مضارع ساده+سوم شخص مفرد	
3	نداشتم	داشت	داشت	ن + داشت + م	V+O	فعل ماضی ساده منفی+اول شخص مفرد	
4	این	این|این	این	این|این	A1|N6	صفت اشاره|ضمیر اشاره	
5	بشر	بشر|بشر|شر|شر	بشر	بشر|بشر|ب + شر|ب + شر	N1|N1|O+A0|O+N1	اسم|اسم|ب + صفت|ب + اسم	
6	رو	رو|رو|رو	رو	رو|رو|رو	N1|V|N9	اسم|فعل امر مثبت|اسم موجود در ساختمان حرف اضافه و حرف ربط گروهی	
7	ولی	ولی|ولی|ول|ول	ولی	ولی|ولی|ول + ی|ول + ی	C0|N1|A0+O|N1+O	حرف ربط|اسم|صفت + ی|اسم + ی	
8	جدیدا	جدیداً	جدیدا	جدیداً	Ad	قید	
9	احساس	احساس	احساس	احساس	N1	اسم	
10	عمیقا	عمیقاً	عمیقا	عمیقاً	Ad	قید	
11	خوبی	خوبی|خوب	خوبی	خوبی|خوب + ی	N1|A0+O	اسم|صفت + ی	
12	بهم	هم|به|به	به	ب + هم|به + م|به + م	O+Ad|N1+O|N1+V	ب + قید|اسم + ضمیر ملکی اول شخص مفرد|اسم + فعل اول شخص مفرد	
13	میده	میده	میده	میده	O	_
14	معاشرت	معاشرت|معاشر	معاشرت	معاشرت|معاشر + ت	N1|A0+O	اسم|صفت + ضمیر ملکی دوم شخص مفرد	
15	باهاش	باهاش	با	باهاش	O	_
16	واقعا	واقعاً	واقعا	واقعاً	Ad	قید	
17	آدم	آدم	آدم	آدم	N1	اسم	
18	لذت‌بخشیه	لذت‌بخش	لذت‌بخشیه	لذت‌بخش + یه	A0+O	صفت + یه	
19	.	.	.	.	Si	علامت	

0	فشاری	فشاری|فشار	فشار	فشاری|فشار + ی	A0|N1+O	صفت|اسم + ی	
1	که	که|که|که|که	که	که|که|که|که	C0|NA|N1|N1	حرف ربط|ضمیر پرسشی|اسم|اسم	
2	دستشویی	دست‌شویی|دست‌شو	دستشویی	دست‌شویی|دست‌شو + یی	N1|N1+O	اسم|اسم + یی	
3	ایرانی	ایرانی|ایران	ایران	ایرانی|ایران + ی	A0|N2+O	صفت|اسم خاص مکان + ی	
4	به	به|به	به	به|به	Pr|N1	حرف اضافه|اسم	
5	پام	پا	پا	پا	O	_
6	میاره	میاره	میاره	میاره	O	_
7	از	از	از	از	Pr	حرف اضافه	
8	هزاران	هزار	هزار	هزار + ان	N1+O	اسم + ان	
9	اسکات	اسکات	اسکات	اسکات	N1	اسم	
10	و	و|و|و	و	و|و|و	C0|Al|Ab	حرف ربط|حروف الفبا|اختصارات	
11	دوییدن	دوییدن	دوییدن	دوییدن	O	_
12	بیشتره	بیشتر|بیش|شتر	بیشتره	بیشتر + ه|بیش + تر + ه|بی + شتر + ه	A0+O|A0+O+O|O+N1+O	صفت + ه|صفت + علامت صفت تفضیلی + ه|بی + اسم + ه	
13	.	.	.	.	Si	علامت	

0	آرین	آرین|آر	آرین	آرین|آر + ین	N3|N1+O	اسم خاص اشخاص|اسم + ین	
1	جان	جان	جان	جان	N1	اسم	
2	عزیزم	عزیز|عزیز	عزیز	عزیز + م|عزیز + م	A0+O|A0+V	صفت + ضمیر ملکی اول شخص مفرد|صفت + فعل اول شخص مفرد	
3	وقتی	وقتی|وقت	وقت	وقتی|وقت + ی	Ad|N1+O	قید|اسم + ی	
4	هنوز	هنوز	هنوز	هنوز	Ad	قید	
5	داره	دار|دار	داره	دار + ه|دار + ه	V1+O|N1+O	بن مضارع + ه|اسم + ه	
6	بخار	بخار|خار|خار	بخار	بخار|ب + خار|ب + خار	N1|V|O+N1	اسم|فعل امر مثبت|ب + اسم	
7	از	از	از	از	Pr	حرف اضافه	
8	روش	روش	روش	روش	N1	اسم	
9	بلند	بلند|بلند|بلند|لند|بل	بلند	بلند|بلند|بلند|ب + لند|بل + ند	A0|N1|N1|V|N1+V	صفت|اسم|اسم|فعل امر مثبت|اسم + فعل سوم شخص جمع	
10	میشه	میش|می|می	میشه	میش + ه|می + ش + ه|می + ش + ه	N1+O|N1+O+O|N1+O+O	اسم + ه|اسم + ضمیر ملکی سوم شخص مفرد + ه|اسم + ضمیر ملکی سوم شخص مفرد + ه	
11	،	،	،	،	Si	علامت	
12	یعنی	یعنی	یعنی	یعنی	C0	حرف ربط	
13	جوشه	جوش|جوش	جوشه	جوش + ه|جوش + ه	V1+O|A0+O	بن مضارع + ه|صفت + ه	
14	!!!!	!!!!	!!!!	!!!!	Si	علامت	

0	کنترل	کنترل	کنترل	کنترل	N1	اسم	
1	کن	کن|کن|کن	کن	کن|کن|کن	V|V|N2	فعل امر مثبت|فعل امر مثبت|اسم خاص مکان	
2	خودتو	خودتو	خودتو	خودتو	O	_
3	!!!	!!!	!!!	!!!	Si	علامت	

0	چرا	چرا|چرا|چر	چرا	چرا|چرا|چر + ا	NA|N1|O+O	ضمیر پرسشی|اسم|ریشه مضارع + ا	
1	نمیری	میر|میر	مرد	میر + ی|میر + ی	V+O|N1+O	فعل مضارع ساده+دوم شخص مفرد|اسم + ی	
2	متن	متن	متن	متن	N1	اسم	
3	از	از	از	از	Pr	حرف اضافه	
4	سایت	سایت	سایت	سایت	N1	اسم	
5	خبرگذاریا	خبرگذاریا	خبرگذاریا	خبرگذاریا	O	_
6	برداری	بردار|بردار|برد	بردار	بردار + ی|بردار + ی|برد + ار + ی	V+O|N1+O|O+O+O	فعل مضارع ساده+دوم شخص مفرد|اسم + ی|ریشه ماضی + ار + ی	
7	؟	؟	؟	؟	Si	علامت	

0	حالا	حالا	حالا	حالا	Ad	قید	
1	همیشه	همیشه	همیشه	همیشه	Ad	قید	
2	۱۵۰	۱۵۰	۱۵۰	۱۵۰	Nu	عدد رقمی	
3	بار	بار|بار	بار	بار|بار	V|N1	فعل امر مثبت|اسم	
4	باید	باید	باید	باید	V4	فعل وجه نما	
5	گوشی	گوشی|گوش	گوش	گوشی|گوش + ی	N1|N1+O	اسم|اسم + ی	
6	زنگ	زنگ	زنگ	زنگ	N1	اسم	
7	بخوره	خوره|بخور|بخور|خور	بخوره	ب + خوره|بخور + ه|بخور + ه|ب + خور + ه	O+N1|N1+O|A0+O|O+V1+O	ب + اسم|اسم + ه|صفت + ه|ب + بن مضارع + ه	
8	تا	تا|تا|تا	تا	تا|تا|تا	Pr|C0|Ab	حرف اضافه|حرف ربط|اختصارات	
9	بیدار	بیدار|دار	بیدار	بیدار|بی + دار	A0|O+N1	صفت|بی + اسم	
10	بشم	بشم|شم	بشم	بشم|ب + شم	N1|O+N1	اسم|ب + اسم	
11	چون	چون|چون	چون	چون|چون	C0|Pr	حرف ربط|حرف اضافه	
12	جمعه‌اس	جمعه اس	جمعه‌اس	جمعه اس	O	_
13	،	،	،	،	Si	علامت	
14	بار	بار|بار	بار	بار|بار	V|N1	فعل امر مثبت|اسم	
15	اول	اول	اول	اول	A0	صفت	
16	بیدار	بیدار|دار	بیدار	بیدار|بی + دار	A0|O+N1	صفت|بی + اسم	
17	شدم	شد	شد	شد + م	V+O	فعل ماضی ساده+اول شخص مفرد	
18	.	.	.	.	Si	علامت	

0	کاش	کاش	کاش	کاش	Intj	صوت	
1	اندازه	اندازه|انداز	اندازه	اندازه|انداز + ه	N1|V1+O	اسم|بن مضارع + ه	
2	امیرحسن	امیرحسن	امیرحسن	امیرحسن	N3	اسم خاص اشخاص	
3	بلد	بلد	بلد	بلد	N1	اسم	
4	بودم	بود|بود|بود|بود|ود|ود	بود	بود + م|بود + م|بود + م|بود + م|ب + ود + م|ب + ود + م	V+O|N1+O|N1+V|V+O|O+N1+O|O+N1+V	فعل ماضی ساده+اول شخص مفرد|اسم + ضمیر ملکی اول شخص مفرد|اسم + فعل اول شخص مفرد|فعل ماضی ساده+اول شخص مفرد|ب + اسم + ضمیر ملکی اول شخص مفرد|ب + اسم + فعل اول شخص مفرد	
5	سه‌تار	سه‌تار	سه‌تار	سه‌تار	N1	اسم	
6	بزنم	بزن|بزن|زن|زن|زن	زد	بزن + م|بزن + م|ب + زن + م|ب + زن + م|ب + زن + م	A0+O|A0+V|V+O|O+N1+O|O+N1+V	صفت + ضمیر ملکی اول شخص مفرد|صفت + فعل اول شخص مفرد|فعل حال التزامی+اول شخص مفرد|ب + اسم + ضمیر ملکی اول شخص مفرد|ب + اسم + فعل اول شخص مفرد	
7	.	.	.	.	Si	علامت	

0	حرف	حرف|حرف	حرف	حرف|حرف	N1|N1	اسم|اسم	
1	زدن	زد	زدن	زد + ن	V2+O	بن ماضی + ن	
2	با	با	با	با	Pr	حرف اضافه	
3	یکی	یکی|یک	یک	یکی|یک + ی	A2|O+O	صفت مبهم|عدد حرفی + ی	
4	که	که|که|که|که	که	که|که|که|که	C0|NA|N1|N1	حرف ربط|ضمیر پرسشی|اسم|اسم	
5	بفهمه	فهم|فهم	بفهمه	ب + فهم + ه|ب + فهم + ه	O+V1+O|O+N1+O	ب + بن مضارع + ه|ب + اسم + ه	
6	و	و|و|و	و	و|و|و	C0|Al|Ab	حرف ربط|حروف الفبا|اختصارات	
7	گوش	گوش	گوش	گوش	N1	اسم	
8	کنه	کنه|کن|کن	کنه	کنه|کن + ه|کن + ه	N1|V1+O|V1+O	اسم|بن مضارع + ه|بن مضارع + ه	
9	خیلی	خیلی|خیلی|خیل	خیلی	خیلی|خیلی|خیل + ی	A0|Ad|N1+O	صفت|قید|اسم + ی	
10	خوبه	خوب	خوبه	خوب + ه	A0+O	صفت + ه	
11	.	.	.	.	Si	علامت	

0	درسته	درسته|درست	درسته	درسته|درست + ه	A0|A0+O	صفت|صفت + ه	
1	قهرمان	قهرمان|قهر	قهرمان	قهرمان|قهر + مان	A0|N1+O	صفت|اسم + ضمیر ملکی اول شخص جمع	
2	نشدیم	شد	شد	ن + شد + یم	V+O	فعل ماضی ساده منفی+اول شخص جمع	
3	ولی	ولی|ولی|ول|ول	ولی	ولی|ولی|ول + ی|ول + ی	C0|N1|A0+O|N1+O	حرف ربط|اسم|صفت + ی|اسم + ی	
4	تو	تو|تو|تو	تو	تو|تو|تو	N5|Ad|N1	ضمیر فاعلی|قید|اسم	
5	۴۴	۴۴	۴۴	۴۴	Nu	عدد رقمی	
6	درصد	درصد	درصد	درصد	N1	اسم	
7	بالای	بالا|بال|لای|لا	بالا	بالا + ی|بال + ا + ی|با + لای|با + لا + ی	A0+O|O+O+O|O+N1|O+A0+O	صفت + ی|ریشه مضارع + ا + ی|با + اسم|با + صفت + ی	
8	جدول	جدول|جد	جدول	جدول|جد + ول	N1|N1+O	اسم|اسم + ول	
9	که	که|که|که|که	که	که|که|که|که	C0|NA|N1|N1	حرف ربط|ضمیر پرسشی|اسم|اسم	
10	بودیم	بود|بود|بود|بود|بود|ود	بود	بود + یم|بود + ی + م|بود + یم|بود + یم|بود + ی + م|ب + ود + یم	V+O|V+O|N1+V|V+O|V+O|O+N1+V	فعل ماضی ساده+اول شخص جمع|فعل ماضی ساده+دوم شخص مفرد|اسم + فعل اول شخص جمع|فعل ماضی ساده+اول شخص جمع|فعل ماضی ساده+دوم شخص مفرد|ب + اسم + فعل اول شخص جمع	
11	.	.	.	.	Si	علامت	

0	یه	یه	یه	یه	N1	اسم	
1	مسیر	مسیر|مسیر	مسیر	مسیر|مسیر	N1|N2	اسم|اسم خاص مکان	
2	نسبتا	نسبتاً	نسبتا	نسبتاً	Ad	قید	
3	زیاد	زیاد	زیاد	زیاد	A0	صفت	
4	رو	رو|رو|رو	رو	رو|رو|رو	N1|V|N9	اسم|فعل امر مثبت|اسم موجود در ساختمان حرف اضافه و حرف ربط گروهی	
5	بدون	بدون|دون|بد	بدون	بدون|ب + دون|بد + ون	Pr|O+A0|A0+Pl	حرف اضافه|ب + صفت|صفت + علامت جمع	
6	وایسادن	وایسادن	وایسادن	وایسادن	O	_
7	و	و|و|و	و	و|و|و	C0|Al|Ab	حرف ربط|حروف الفبا|اختصارات	
8	کم	کم|کم	کم	کم|کم	A0|N1	صفت|اسم	
9	کردن	کرد	کردن	کرد + ن	V2+O	بن ماضی + ن	
10	سرعت	سرعت	سرعت	سرعت	N1	اسم	
11	دوییدم	دو	دوییدم	دو + یید + م	V+O	فعل مضارع ساده+دوم شخص جمع	
12	و	و|و|و	و	و|و|و	C0|Al|Ab	حرف ربط|حروف الفبا|اختصارات	
13	خیلی	خیلی|خیلی|خیل	خیلی	خیلی|خیلی|خیل + ی	A0|Ad|N1+O	صفت|قید|اسم + ی	
14	حال	حال	حال	حال	N1	اسم	
15	داد	داد|داد	داد	داد|داد	V+O|N1	فعل ماضی ساده+سوم شخص مفرد|اسم	
16	.	.	.	.	Si	علامت	

0	چرا	چرا|چرا|چر	چرا	چرا|چرا|چر + ا	NA|N1|O+O	ضمیر پرسشی|اسم|ریشه مضارع + ا	
1	دیگه	دیگ	دیگه	دیگ + ه	N1+O	اسم + ه	
2	به	به|به	به	به|به	Pr|N1	حرف اضافه|اسم	
3	گربه‌ها	گربه	گربه	گربه + ها	N1+Pl	اسم + علامت جمع	
4	مجید	مجید	مجید	مجید	N3	اسم خاص اشخاص	
5	نمیگن	نمیگن	نمیگن	نمیگن	O	_
6	؟	؟	؟	؟	Si	علامت	

0	می‌تونه	می تونه	می‌تونه	می تونه	O	_
1	کامل	کامل	کامل	کامل	A0	صفت	
2	حالتو	حالتو	حالتو	حالتو	O	_
3	خوب	خوب	خوب	خوب	A0	صفت	
4	کنه	کنه|کن|کن	کنه	کنه|کن + ه|کن + ه	N1|V1+O|V1+O	اسم|بن مضارع + ه|بن مضارع + ه	
5	.	.	.	.	Si	علامت	

0	پیاده	پیاده	پیاده	پیاده	A0	صفت	
1	شدم	شد	شد	شد + م	V+O	فعل ماضی ساده+اول شخص مفرد	
2	و	و|و|و	و	و|و|و	C0|Al|Ab	حرف ربط|حروف الفبا|اختصارات	
3	الان	الان	الان	الان	Ad	قید	
4	دارم	دار|دار|دار	داشت	دار + م|دار + م|دار + م	V+O|N1+O|N1+V	فعل مضارع ساده+اول شخص مفرد|اسم + ضمیر ملکی اول شخص مفرد|اسم + فعل اول شخص مفرد	
5	پیاده	پیاده	پیاده	پیاده	A0	صفت	
6	میرم	میر|میر|میر	مرد	میر + م|میر + م|میر + م	V+O|N1+O|N1+V	فعل مضارع ساده+اول شخص مفرد|اسم + ضمیر ملکی اول شخص مفرد|اسم + فعل اول شخص مفرد	
7	!	!	!	!	Si	علامت	

0	پسر	پسر	پسر	پسر	N1	اسم	
1	عمه‌ام	عمه|عمه|عم|عم	عمه	عمه + ام|عمه + ام|عم + ه + ام|عم + ه + ام	N1+O|N1+V|N1+O+O|N1+O+V	اسم + ضمیر ملکی اول شخص مفرد|اسم + فعل اول شخص مفرد|اسم + ه + ضمیر ملکی اول شخص مفرد|اسم + ه + فعل اول شخص مفرد	
2	رو	رو|رو|رو	رو	رو|رو|رو	N1|V|N9	اسم|فعل امر مثبت|اسم موجود در ساختمان حرف اضافه و حرف ربط گروهی	
3	شب	شب	شب	شب	N1	اسم	
4	یه	یه	یه	یه	N1	اسم	
5	بار	بار|بار	بار	بار|بار	V|N1	فعل امر مثبت|اسم	
6	تو	تو|تو|تو	تو	تو|تو|تو	N5|Ad|N1	ضمیر فاعلی|قید|اسم	
7	همین	همین|همین|هم|ین	همین	همین|همین|هم + ین|هم + ین	A1|N6|Ad+O|O+N1	صفت اشاره|ضمیر اشاره|قید + ین|هم + اسم	
8	مسیر	مسیر|مسیر	مسیر	مسیر|مسیر	N1|N2	اسم|اسم خاص مکان	
9	می‌خواستند	خواست|خواست	خواست	می + خواست + ند|می + خواست + ند	V+O|O+V5+V	فعل ماضی استمراری+سوم شخص جمع|می + فعل کمکی + فعل سوم شخص جمع	
10	بکننش	بکننش	بکننش	بکننش	O	_
11	تو	تو|تو|تو	تو	تو|تو|تو	N5|Ad|N1	ضمیر فاعلی|قید|اسم	
12	صندوق	صندوق	صندوق	صندوق	N1	اسم	
13	و	و|و|و	و	و|و|و	C0|Al|Ab	حرف ربط|حروف الفبا|اختصارات	
14	فرار	فرار|فرار	فرار	فرار|فرار	N1|A0	اسم|صفت	
15	کرد	کرد|کرد	کرد	کرد|کرد	V+O|N1	فعل ماضی ساده+سوم شخص مفرد|اسم	
16	و	و|و|و	و	و|و|و	C0|Al|Ab	حرف ربط|حروف الفبا|اختصارات	
17	با	با	با	با	Pr	حرف اضافه	
18	گریه	گریه|گری|گری	گریه	گریه|گری + ه|گری + ه	N1|V1+O|N1+O	اسم|بن مضارع + ه|اسم + ه	
19	اومد	اومد	اومد	اومد	O	_
20	خونه	خون	خونه	خون + ه	N1+O	اسم + ه	
21	.	.	.	.	Si	علامت	

0	۴۰	۴۰	۴۰	۴۰	Nu	عدد رقمی	
1	دقیقه	دقیقه|دقیق	دقیقه	دقیقه|دقیق + ه	N1|A0+O	اسم|صفت + ه	
2	اس	اس|اس	اس	اس|اس	Ab|N1	اختصارات|اسم	
3	تو	تو|تو|تو	تو	تو|تو|تو	N5|Ad|N1	ضمیر فاعلی|قید|اسم	
4	ماشینم	ماشین|ماشین|ماش|ماش	ماشین	ماشین + م|ماشین + م|ماش + ین + م|ماش + ین + م	N1+O|N1+V|N1+O+O|N1+O+V	اسم + ضمیر ملکی اول شخص مفرد|اسم + فعل اول شخص مفرد|اسم + ین + ضمیر ملکی اول شخص مفرد|اسم + ین + فعل اول شخص مفرد	
5	منتظر	منتظر	منتظر	منتظر	A0	صفت	
6	.	.	.	.	Si	علامت	

0	یه	یه	یه	یه	N1	اسم	
1	نفر	نفر	نفر	نفر	N1	اسم	
2	که	که|که|که|که	که	که|که|که|که	C0|NA|N1|N1	حرف ربط|ضمیر پرسشی|اسم|اسم	
3	بیاد	یاد	بیاد	ب + یاد	O+N1	ب + اسم	
4	سوار	سوار	سوار	سوار	N1	اسم	
5	شه	شه	شه	شه	N1	اسم	
6	بریم	ریم|بر|بر|ری|ری|بر	برد	ب + ریم|بر + یم|بر + ی + م|ب + ری + م|ب + ری + م|بر + یم	O+N1|V+O|V+O|O+N1+O|O+N1+V|N1+V	ب + اسم|فعل مضارع ساده+اول شخص جمع|فعل مضارع ساده+دوم شخص مفرد|ب + اسم + ضمیر ملکی اول شخص مفرد|ب + اسم + فعل اول شخص مفرد|اسم + فعل اول شخص جمع	
7	!	!	!	!	Si	علامت	

0	الان	الان	الان	الان	Ad	قید	
1	دلم	دل|دل	دل	دل + م|دل + م	N1+O|N1+V	اسم + ضمیر ملکی اول شخص مفرد|اسم + فعل اول شخص مفرد	
2	میخواد	میخواد	میخواد	میخواد	O	_
3	۴	۴	۴	۴	Nu	عدد رقمی	
4	نفر	نفر	نفر	نفر	N1	اسم	
5	حساب	حساب	حساب	حساب	N1	اسم	
6	کنم	کن|کن	کرد	کن + م|کن + م	V+O|V+O	فعل مضارع ساده+اول شخص مفرد|فعل مضارع ساده+اول شخص مفرد	
7	بره	بره|بره|بر|بر	بره	بره|بره|بر + ه|بر + ه	N1|N1|V1+O|N1+O	اسم|اسم|بن مضارع + ه|اسم + ه	
8	!	!	!	!	Si	علامت	

0	ولی	ولی|ولی|ول|ول	ولی	ولی|ولی|ول + ی|ول + ی	C0|N1|A0+O|N1+O	حرف ربط|اسم|صفت + ی|اسم + ی	
1	میگم	میگ|میگ	میگ	میگ + م|میگ + م	N1+O|N1+V	اسم + ضمیر ملکی اول شخص مفرد|اسم + فعل اول شخص مفرد	
2	اگه	آگه	اگه	آگه	A0	صفت	
3	میخواستی	خواست|خواست	میخواستی	می + خواست + ی|می + خواست + ی	V+O|O+V5+O	فعل ماضی استمراری+دوم شخص مفرد|می + فعل کمکی + ی	
4	چهار	چهار	چهار	چهار	O	عدد حرفی	
5	نفر	نفر	نفر	نفر	N1	اسم	
6	حساب	حساب	حساب	حساب	N1	اسم	
7	کنی	کن|کن	کرد	کن + ی|کن + ی	V+O|V+O	فعل مضارع ساده+دوم شخص مفرد|فعل مضارع ساده+دوم شخص مفرد	
8	۴۰	۴۰	۴۰	۴۰	Nu	عدد رقمی	
9	دقیقه	دقیقه|دقیق	دقیقه	دقیقه|دقیق + ه	N1|A0+O	اسم|صفت + ه	
10	پیش	پیش|پیش|پی	پیش	پیش|پیش|پی + ش	A0|N9|N1+O	صفت|اسم موجود در ساختمان حرف اضافه و حرف ربط گروهی|اسم + ضمیر ملکی سوم شخص مفرد	
11	اینکار	اینکار	اینکار	اینکار	O	_
12	رو	رو|رو|رو	رو	رو|رو|رو	N1|V|N9	اسم|فعل امر مثبت|اسم موجود در ساختمان حرف اضافه و حرف ربط گروهی	
13	میکردی	کرد	میکردی	می + کرد + ی	V+O	فعل ماضی استمراری+دوم شخص مفرد	
14	.	.	.	.	Si	علامت	

0	انقد	انقد	انقد	انقد	O	_
1	دیر	دیر|دیر|دیر	دیر	دیر|دیر|دیر	V|Ad|N1	فعل امر مثبت|قید|اسم	
2	جوابشو	جوابشو	جوابشو	جوابشو	O	_
3	دادم	داد|داد|داد	داد	داد + م|داد + م|داد + م	V+O|N1+O|N1+V	فعل ماضی ساده+اول شخص مفرد|اسم + ضمیر ملکی اول شخص مفرد|اسم + فعل اول شخص مفرد	
4	خوابید	خوابید|خواب|خواب	خوابید	خوابید|خواب + ید|خواب + ید	V+O|V+O|N1+V	فعل ماضی ساده+سوم شخص مفرد|فعل مضارع ساده+دوم شخص جمع|اسم + فعل دوم شخص جمع	
5	بنده	بنده|بند|بند	بنده	بنده|بند + ه|بند + ه	N1|V1+O|N1+O	اسم|بن مضارع + ه|اسم + ه	
6	خدا	خدا	خدا	خدا	N1	اسم	
7	.	.	.	.	Si	علامت	

0	اقا	آقا|آقا	اقا	آقا|آقا	N1|Sp	اسم|شاخص	
1	دقت	دقت|دق	دقت	دقت|دق + ت	N1|N1+O	اسم|اسم + ضمیر ملکی دوم شخص مفرد	
2	کردین	کرد	کردین	کرد + ین	N1+O	اسم + ین	
3	همونجور	همونجور	همونجور	همونجور	O	_
4	که	که|که|که|که	که	که|که|که|که	C0|NA|N1|N1	حرف ربط|ضمیر پرسشی|اسم|اسم	
5	هوای	هوا	هوا	هوا + ی	N1+O	اسم + ی	
6	دوستتونو	دوستتونو	دوستتونو	دوستتونو	O	_
7	دارین	دار	دارین	دار + ین	N1+O	اسم + ین	
8	و	و|و|و	و	و|و|و	C0|Al|Ab	حرف ربط|حروف الفبا|اختصارات	
9	سعی	سعی	سعی	سعی	A0	صفت	
10	میکنین	میکنین	میکنین	میکنین	O	_
11	از	از	از	از	Pr	حرف اضافه	
12	ناراحتی	ناراحتی|ناراحت|راحت	ناراحت	ناراحتی|ناراحت + ی|نا + راحت + ی	N1|A0+O|O+A0+O	اسم|صفت + ی|نا + صفت + ی	
13	درش	در|در|در	در	در + ش|در + ش|در + ش	V+O|N1+O|N1+O	فعل مضارع ساده+سوم شخص مفرد|اسم + ضمیر ملکی سوم شخص مفرد|اسم + ضمیر ملکی سوم شخص مفرد	
14	بیارین	بیارین	بیارین	بیارین	O	_
15	،	،	،	،	Si	علامت	
16	میتونین	میتونین	میتونین	میتونین	O	_
17	حال	حال	حال	حال	N1	اسم	
18	خودتونم	خودتونم	خودتونم	خودتونم	O	_
19	خوب	خوب	خوب	خوب	A0	صفت	
20	کنین	کنین	کنین	کنین	O	_
21	و	و|و|و	و	و|و|و	C0|Al|Ab	حرف ربط|حروف الفبا|اختصارات	
22	به	به|به	به	به|به	Pr|N1	حرف اضافه|اسم	
23	درد	درد|در	درد	درد|در + د	N1|V+O	اسم|فعل مضارع ساده+سوم شخص مفرد	
24	و	و|و|و	و	و|و|و	C0|Al|Ab	حرف ربط|حروف الفبا|اختصارات	
25	دلای	دلای	دلای	دلای	O	_
26	خودتونم	خودتونم	خودتونم	خودتونم	O	_
27	گوش	گوش	گوش	گوش	N1	اسم	
28	کنین	کنین	کنین	کنین	O	_
29	؟	؟	؟	؟	Si	علامت	

0	همانطور	همانطور	همانطور	همانطور	O	_
1	که	که|که|که|که	که	که|که|که|که	C0|NA|N1|N1	حرف ربط|ضمیر پرسشی|اسم|اسم	
2	آگاه	آگاه|آگاه	آگاه	آگاه|آگاه	V|A0	فعل امر مثبت|صفت	
3	هستید	هست|هست		هست + ید|هست + ید	V+O|N1+V	فعل مضارع ساده+دوم شخص جمع|اسم + فعل دوم شخص جمع	
4	آنچه	آنچه	آنچه	آنچه	N1	اسم	
5	که	که|که|که|که	که	که|که|که|که	C0|NA|N1|N1	حرف ربط|ضمیر پرسشی|اسم|اسم	
6	بنده	بنده|بند|بند	بنده	بنده|بند + ه|بند + ه	N1|V1+O|N1+O	اسم|بن مضارع + ه|اسم + ه	
7	عرض	عرض	عرض	عرض	N1	اسم	
8	کرده_بودم	کرده_بودم	کرد	کرده_بودم	O	_
9	نظر	نظر|نظر	نظر	نظر|نظر	N1|N9	اسم|اسم موجود در ساختمان حرف اضافه و حرف ربط گروهی	
10	شخصی	شخصی|شخص	شخص	شخصی|شخص + ی	A0|N1+O	صفت|اسم + ی	
11	بوده	بود|بود|بود|ود	بوده	بود + ه|بود + ه|بود + ه|ب + ود + ه	O+O|N1+O|V3+O|O+N1+O	ریشه ماضی + ه|اسم + ه|فعل اسنادی + ه|ب + اسم + ه	
12	.	.	.	.	Si	علامت	

0	وقتی	وقتی|وقت	وقت	وقتی|وقت + ی	Ad|N1+O	قید|اسم + ی	
1	از	از	از	از	Pr	حرف اضافه	
2	چیزی	چیزی|چیز	چیز	چیزی|چیز + ی	Ad|N1+O	قید|اسم + ی	
3	مطمئنی	مطمئن	مطمئن	مطمئن	O	_
4	نیستید	نیست|است		نیست + ید|نی + است + ید	N1+V|V+O	اسم + فعل دوم شخص جمع|فعل مضارع ساده منفی+دوم شخص جمع	
5	به	به|به	به	به|به	Pr|N1	حرف اضافه|اسم	
6	کسی	کسی|کس	کس	کسی|کس + ی	A2|N1+O	صفت مبهم|اسم + ی	
7	قول	قول	قول	قول	N1	اسم	
8	ندید	ندید|دید	دید	ندید|ن + دید	Ad|V+O	قید|فعل ماضی ساده منفی+سوم شخص مفرد	
9	!!	!!	!!	!!	Si	علامت	

0	و	و|و|و	و	و|و|و	C0|Al|Ab	حرف ربط|حروف الفبا|اختصارات	
1	اگه	آگه	اگه	آگه	A0	صفت	
2	قول	قول	قول	قول	N1	اسم	
3	می‌دید	دید	دید	می + دید	V+O	فعل ماضی استمراری+سوم شخص مفرد	
4	به	به|به	به	به|به	Pr|N1	حرف اضافه|اسم	
5	حرفاتون	حرفاتون	حرفاتون	حرفاتون	O	_
6	عمل	عمل	عمل	عمل	N1	اسم	
7	کنید	کن|کن	کرد	کن + ید|کن + ید	V+O|V+O	فعل مضارع ساده+دوم شخص جمع|فعل مضارع ساده+دوم شخص جمع	
8	…	…	…	…	O	_
9	امیدوارم	امیدوارم|امیدوار|امیدوار	امیدوار	امیدوارم|امیدوار + م|امیدوار + م	Ad|A0+O|A0+V	قید|صفت + ضمیر ملکی اول شخص مفرد|صفت + فعل اول شخص مفرد	
10	قبل	قبل|قبل|قبل	قبل	قبل|قبل|قبل	Ad|N9|N1	قید|اسم موجود در ساختمان حرف اضافه و حرف ربط گروهی|اسم	
11	از	از	از	از	Pr	حرف اضافه	
12	بیرون	بیرون	بیرون	بیرون	N1	اسم	
13	اومدن	اومدن	اومدن	اومدن	O	_
14	فراموش	فراموش|موش	فراموش	فراموش|فرا + موش	N1|O+N1	اسم|فرا + اسم	
15	نکنم	کن|کن	کرد	ن + کن + م|ن + کن + م	V+O|V+O	فعل حال التزامی منفی+اول شخص مفرد|فعل حال التزامی منفی+اول شخص مفرد	
16	.	.	.	.	Si	علامت	

0	من	من	من	من	N5	ضمیر فاعلی	
1	آخر	آخر	آخر	آخر	N1	اسم	
2	از	از	از	از	Pr	حرف اضافه	
3	انگشت	انگشت	انگشت	انگشت	N1	اسم	
4	کوچیکه	کوچی	کوچیکه	کوچی + ک + ه	A0+O+O	صفت + ک + ه	
5	پای	پای|پا|پا	پای	پای|پا + ی|پا + ی	N1|V+O|N1+O	اسم|فعل مضارع ساده+دوم شخص مفرد|اسم + ی	
6	راست	راست	راست	راست	A0	صفت	
7	می‌میرم	میر	مرد	می + میر + م	V+O	فعل حال اخباری+اول شخص مفرد	
8	.	.	.	.	Si	علامت	

0	همیشه	همیشه	همیشه	همیشه	Ad	قید	
1	که	که|که|که|که	که	که|که|که|که	C0|NA|N1|N1	حرف ربط|ضمیر پرسشی|اسم|اسم	
2	قرار	قرار|قرار	قرار	قرار|قرار	N1|N9	اسم|اسم موجود در ساختمان حرف اضافه و حرف ربط گروهی	
3	نیست	نیست|است|نی	نیست	نیست|نی + است|نی + ست	N1|V+O|N1+O	اسم|فعل مضارع ساده منفی+سوم شخص مفرد|اسم + ضمیر ملکی سوم شخص مفرد	
4	اون	اون	اون	اون	O	_
5	چیزی	چیزی|چیز	چیز	چیزی|چیز + ی	Ad|N1+O	قید|اسم + ی	
6	که	که|که|که|که	که	که|که|که|که	C0|NA|N1|N1	حرف ربط|ضمیر پرسشی|اسم|اسم	
7	ما	ما	ما	ما	N5	ضمیر فاعلی	
8	میخوایم	میخوایم	میخوایم	میخوایم	O	_
9	بشه	شه	بشه	ب + شه	O+N1	ب + اسم	
10	!!	!!	!!	!!	Si	علامت	

0	یکم	یک|یک	یکم	یک + م|یک + م	O+O|O+V	عدد حرفی + ضمیر ملکی اول شخص مفرد|عدد حرفی + فعل اول شخص مفرد	
1	از	از	از	از	Pr	حرف اضافه	
2	خودتون	خودتون	خودتون	خودتون	O	_
3	انعطاف‌پذیری	انعطاف‌پذیری|انعطاف	انعطاف‌پذیری	انعطاف‌پذیری|انعطاف + پذیر + ی	N1|N1+O+O	اسم|اسم + پذیر + ی	
4	نشون	نشون	نشون	نشون	O	_
5	بدین	بدین|دین|دین|بد	بدین	بدین|ب + دین|ب + دین|بد + ین	Pr|O+N1|O+N1|A0+O	حرف اضافه|ب + اسم|ب + اسم|صفت + ین	
6	!!	!!	!!	!!	Si	علامت	

0	ضربه	ضربه|ضرب	ضربه	ضربه|ضرب + ه	N1|N1+O	اسم|اسم + ه	
1	آزاد	آزاد	آزاد	آزاد	A0	صفت	
2	شده	شد	شده	شد + ه	V3+O	فعل اسنادی + ه	
3	و	و|و|و	و	و|و|و	C0|Al|Ab	حرف ربط|حروف الفبا|اختصارات	
4	کارگردان	کارگردان|کارگر|کار	کارگردان	کارگردان|کارگر + دان|کار + گر + دان	N1|N1+O|N1+O+O	اسم|اسم + دان|اسم + گر + دان	
5	بکام	کام	بکا	ب + کام	O+N1	ب + اسم	
6	رو	رو|رو|رو	رو	رو|رو|رو	N1|V|N9	اسم|فعل امر مثبت|اسم موجود در ساختمان حرف اضافه و حرف ربط گروهی	
7	نشون	نشون	نشون	نشون	O	_
8	میده	میده	میده	میده	O	_
9	که	که|که|که|که	که	که|که|که|که	C0|NA|N1|N1	حرف ربط|ضمیر پرسشی|اسم|اسم	
10	لبخند	لبخند	لبخند	لبخند	N1	اسم	
11	رو	رو|رو|رو	رو	رو|رو|رو	N1|V|N9	اسم|فعل امر مثبت|اسم موجود در ساختمان حرف اضافه و حرف ربط گروهی	
12	لبشه	لب|لب	لبشه	لب + ش + ه|لب + ش + ه	N1+O+O|N1+O+O	اسم + ضمیر ملکی سوم شخص مفرد + ه|اسم + ضمیر ملکی سوم شخص مفرد + ه	
13	…	…	…	…	O	_

0	همه	همه|همه	همه	همه|همه	N1|A2	اسم|صفت مبهم	
1	دلشون	دلشون	دلشون	دلشون	O	_
2	میخواست	خواست|خواست	میخواست	می + خواست|می + خواست	V+O|O+V5	فعل ماضی استمراری+سوم شخص مفرد|می + فعل کمکی	
3	که	که|که|که|که	که	که|که|که|که	C0|NA|N1|N1	حرف ربط|ضمیر پرسشی|اسم|اسم	
4	اون	اون	اون	اون	O	_
5	پشت	پشت|پش	پشت	پشت|پش + ت	N1|N1+O	اسم|اسم + ضمیر ملکی دوم شخص مفرد	
6	توپ	توپ|توپ	توپ	توپ|توپ	V|N1	فعل امر مثبت|اسم	
7	وای‌میستاد	وای میستاد	وای‌میستاد	وای میستاد	O	_
8	…	…	…	…	O	_

0	چقدر	چقدر	چقدر	چقدر	Ad	قید	
1	با	با	با	با	Pr	حرف اضافه	
2	شنیدن	شنید	شنیدن	شنید + ن	V2+O	بن ماضی + ن	
3	این	این|این	این	این|این	A1|N6	صفت اشاره|ضمیر اشاره	
4	آهنگ	آهنگ	آهنگ	آهنگ	N1	اسم	
5	دوییدم	دو	دوییدم	دو + یید + م	V+O	فعل مضارع ساده+دوم شخص جمع	
6	جلو	جلو	جلو	جلو	A0	صفت	
7	تلویزیون	تلویزیون	تلویزیون	تلویزیون	N1	اسم	
8	.	.	.	.	Si	علامت	

0	سعی	سعی	سعی	سعی	A0	صفت	
1	کنید	کن|کن	کرد	کن + ید|کن + ید	V+O|V+O	فعل مضارع ساده+دوم شخص جمع|فعل مضارع ساده+دوم شخص جمع	
2	وقتی	وقتی|وقت	وقت	وقتی|وقت + ی	Ad|N1+O	قید|اسم + ی	
3	از	از	از	از	Pr	حرف اضافه	
4	خواب	خواب|خواب	خواب	خواب|خواب	V|N1	فعل امر مثبت|اسم	
5	بیدار	بیدار|دار	بیدار	بیدار|بی + دار	A0|O+N1	صفت|بی + اسم	
6	می‌شید	میش	می‌شید	میش + ید	N1+V	اسم + فعل دوم شخص جمع	
7	و	و|و|و	و	و|و|و	C0|Al|Ab	حرف ربط|حروف الفبا|اختصارات	
8	می‌خواید	می خواید	می‌خواید	می خواید	O	_
9	خوابی	خواب|خواب	خوابید	خواب + ی|خواب + ی	V+O|N1+O	فعل مضارع ساده+دوم شخص مفرد|اسم + ی	
10	رو	رو|رو|رو	رو	رو|رو|رو	N1|V|N9	اسم|فعل امر مثبت|اسم موجود در ساختمان حرف اضافه و حرف ربط گروهی	
11	که	که|که|که|که	که	که|که|که|که	C0|NA|N1|N1	حرف ربط|ضمیر پرسشی|اسم|اسم	
12	دیدید	دید|دید	دید	دید + ید|دید + ید	V+O|N1+V	فعل ماضی ساده+دوم شخص جمع|اسم + فعل دوم شخص جمع	
13	بنویسید	نویس	نوشت	ب + نویس + ید	V+O	فعل حال التزامی+دوم شخص جمع	
14	که	که|که|که|که	که	که|که|که|که	C0|NA|N1|N1	حرف ربط|ضمیر پرسشی|اسم|اسم	
15	یادتون	یادتون	یادتون	یادتون	O	_
16	بمونه	بمونه	بمونه	بمونه	O	_
17	اطلاعات	اطلاعات|اطلاع	اطلاعات	اطلاعات|اطلاع + ات	N1|N1+Pl	اسم|اسم + علامت جمع	
18	رو	رو|رو|رو	رو	رو|رو|رو	N1|V|N9	اسم|فعل امر مثبت|اسم موجود در ساختمان حرف اضافه و حرف ربط گروهی	
19	دقیق	دقیق	دقیق	دقیق	A0	صفت	
20	و	و|و|و	و	و|و|و	C0|Al|Ab	حرف ربط|حروف الفبا|اختصارات	
21	ریز	ریز|ریز	ریز	ریز|ریز	V|A0	فعل امر مثبت|صفت	
22	بنویسید	نویس	نوشت	ب + نویس + ید	V+O	فعل حال التزامی+دوم شخص جمع	
23	.	.	.	.	Si	علامت	

0	به	به|به	به	به|به	Pr|N1	حرف اضافه|اسم	
1	نظرم	نظر|نظر	نظر	نظر + م|نظر + م	N1+O|N1+V	اسم + ضمیر ملکی اول شخص مفرد|اسم + فعل اول شخص مفرد	
2	باید	باید	باید	باید	V4	فعل وجه نما	
3	اول	اول	اول	اول	A0	صفت	
4	یکم	یک|یک	یکم	یک + م|یک + م	O+O|O+V	عدد حرفی + ضمیر ملکی اول شخص مفرد|عدد حرفی + فعل اول شخص مفرد	
5	بیشتر	بیشتر|بیش|شتر	بیشتر	بیشتر|بیش + تر|بی + شتر	A0|A0+O|O+N1	صفت|صفت + علامت صفت تفضیلی|بی + اسم	
6	لذت	لذت	لذت	لذت	N1	اسم	
7	ببرم	ببر|ببر|برم|بر|بر|بر	ببر	ببر + م|ببر + م|ب + برم|ب + بر + م|ب + بر + م|ب + بر + م	N1+O|N1+V|O+N1|V+O|O+N1+O|O+N1+V	اسم + ضمیر ملکی اول شخص مفرد|اسم + فعل اول شخص مفرد|ب + اسم|فعل حال التزامی+اول شخص مفرد|ب + اسم + ضمیر ملکی اول شخص مفرد|ب + اسم + فعل اول شخص مفرد	
8	.	.	.	.	Si	علامت	

0	از	از	از	از	Pr	حرف اضافه	
1	خوبیای	خوبیای	خوبیای	خوبیای	O	_
2	ماشین	ماشین|ماش	ماشین	ماشین|ماش + ین	N1|N1+O	اسم|اسم + ین	
3	داشتن	داشت	داشتن	داشت + ن	V2+O	بن ماضی + ن	
4	اینه	اینه	اینه	اینه	N1	اسم	
5	که	که|که|که|که	که	که|که|که|که	C0|NA|N1|N1	حرف ربط|ضمیر پرسشی|اسم|اسم	
6	از	از	از	از	Pr	حرف اضافه	
7	اولین	اولین|اول	اولین	اولین|اول + ین	A0|A0+O	صفت|صفت + ین	
8	لحظات	لحظات|لحظ	لحظات	لحظات|لحظ + ات	N1|N1+Pl	اسم|اسم + علامت جمع	
9	تا	تا|تا|تا	تا	تا|تا|تا	Pr|C0|Ab	حرف اضافه|حرف ربط|اختصارات	
10	آخرین	آخرین	آخرین	آخرین	O	_
11	لحظات	لحظات|لحظ	لحظات	لحظات|لحظ + ات	N1|N1+Pl	اسم|اسم + علامت جمع	
12	با	با	با	با	Pr	حرف اضافه	
13	دوستان	دوست	دوستان	دوست + ان	N1+O	اسم + ان	
14	هستی	هستی|هست|هست	هستی	هستی|هست + ی|هست + ی	N1|V+O|N1+O	اسم|فعل مضارع ساده+دوم شخص مفرد|اسم + ی	
15	.	.	.	.	Si	علامت	

0	بالغ	بالغ	بالغ	بالغ	O	_
1	بر	بر|بر|بر|بر	بر	بر|بر|بر|بر	Pr|V|VPr|N1	حرف اضافه|فعل امر مثبت|پیشوند فعل|اسم	
2	۱۲	۱۲	۱۲	۱۲	Nu	عدد رقمی	
3	ساعت	ساعت	ساعت	ساعت	N1	اسم	
4	لذت	لذت	لذت	لذت	N1	اسم	
5	بردیم	ردیم|برد|برد|برد|ردی|ردی|رد	برد	ب + ردیم|برد + یم|برد + ی + م|برد + یم|ب + ردی + م|ب + ردی + م|ب + رد + یم	O+N1|V+O|V+O|N1+V|O+N1+O|O+N1+V|O+A0+V	ب + اسم|فعل ماضی ساده+اول شخص جمع|فعل ماضی ساده+دوم شخص مفرد|اسم + فعل اول شخص جمع|ب + اسم + ضمیر ملکی اول شخص مفرد|ب + اسم + فعل اول شخص مفرد|ب + صفت + فعل اول شخص جمع	
6	از	از	از	از	Pr	حرف اضافه	
7	همجواری	همجوار|جوار	همجواری	همجوار + ی|هم + جوار + ی	A0+O|O+N1+O	صفت + ی|هم + اسم + ی	
8	دوستان	دوست	دوستان	دوست + ان	N1+O	اسم + ان	
9	.	.	.	.	Si	علامت	

0	بالاخره	بالاخره	بالاخره	بالاخره	Ad	قید	
1	اینکه	اینکه	اینکه	اینکه	Ad	قید	
2	به	به|به	به	به|به	Pr|N1	حرف اضافه|اسم	
3	همه	همه|همه	همه	همه|همه	N1|A2	اسم|صفت مبهم	
4	جواب	جواب	جواب	جواب	N1	اسم	
5	میدم	مید	میدم	مید	O	_
6	به	به|به	به	به|به	Pr|N1	حرف اضافه|اسم	
7	یه	یه	یه	یه	N1	اسم	
8	دردی	دردی|درد	درد	دردی|درد + ی	N4|N1+O	اسم فامیل|اسم + ی	
9	داره	دار|دار	داره	دار + ه|دار + ه	V1+O|N1+O	بن مضارع + ه|اسم + ه	
10	میخوره	میخ	میخوره	میخ + ور + ه	N1+O+O	اسم + ور + ه	
11	.	.	.	.	Si	علامت	

0	یه	یه	یه	یه	N1	اسم	
1	نفر	نفر	نفر	نفر	N1	اسم	
2	که	که|که|که|که	که	که|که|که|که	C0|NA|N1|N1	حرف ربط|ضمیر پرسشی|اسم|اسم	
3	از	از	از	از	Pr	حرف اضافه	
4	غذا	غذا	غذا	غذا	N1	اسم	
5	خوردن	خورد|خور	خوردن	خورد + ن|خور + د + ن	V2+O|V1+O+O	بن ماضی + ن|بن مضارع + د + ن	
6	،	،	،	،	Si	علامت	
7	آهنگ	آهنگ	آهنگ	آهنگ	N1	اسم	
8	گوش	گوش	گوش	گوش	N1	اسم	
9	دادن	داد	دادن	داد + ن	V2+O	بن ماضی + ن	
10	،	،	،	،	Si	علامت	
11	فیلم	فیلم|فیل|فیل	فیلم	فیلم|فیل + م|فیل + م	N1|N1+O|N1+V	اسم|اسم + ضمیر ملکی اول شخص مفرد|اسم + فعل اول شخص مفرد	
12	و	و|و|و	و	و|و|و	C0|Al|Ab	حرف ربط|حروف الفبا|اختصارات	
13	سریال	سریال	سریال	سریال	N1	اسم	
14	دیدن	دید	دیدن	دید + ن	V2+O	بن ماضی + ن	
15	و	و|و|و	و	و|و|و	C0|Al|Ab	حرف ربط|حروف الفبا|اختصارات	
16	ورزش	ورزش|ورز|ورز	ورزش	ورزش|ورز + ش|ورز + ش	N1|V+O|N1+O	اسم|فعل مضارع ساده+سوم شخص مفرد|اسم + ضمیر ملکی سوم شخص مفرد	
17	کردن	کرد	کردن	کرد + ن	V2+O	بن ماضی + ن	
18	لذت	لذت	لذت	لذت	N1	اسم	
19	ببره	بره|ببر|بره|بر|بر	ببره	ب + بره|ببر + ه|ب + بره|ب + بر + ه|ب + بر + ه	O+N1|N1+O|O+N1|O+V1+O|O+N1+O	ب + اسم|اسم + ه|ب + اسم|ب + بن مضارع + ه|ب + اسم + ه	
20	نبود	نبود|بود|بود|بو	بود	نبود|ن + بود|ن + بود|ن + بو + د	N1|V+O|V+O|V+O	اسم|فعل ماضی ساده منفی+سوم شخص مفرد|فعل ماضی ساده منفی+سوم شخص مفرد|فعل حال التزامی منفی+سوم شخص مفرد	
21	؟	؟	؟	؟	Si	علامت	

0	یکی	یکی|یک	یک	یکی|یک + ی	A2|O+O	صفت مبهم|عدد حرفی + ی	
1	رو	رو|رو|رو	رو	رو|رو|رو	N1|V|N9	اسم|فعل امر مثبت|اسم موجود در ساختمان حرف اضافه و حرف ربط گروهی	
2	هم	هم|هم|هم	هم	هم|هم|هم	Ad|C0|O	قید|حرف ربط|ضمیر مشترک/متقابل	
3	ناراحت	ناراحت|راحت	ناراحت	ناراحت|نا + راحت	A0|O+A0	صفت|نا + صفت	
4	کردم	کرد|کرد|کرد	کرد	کرد + م|کرد + م|کرد + م	V+O|N1+O|N1+V	فعل ماضی ساده+اول شخص مفرد|اسم + ضمیر ملکی اول شخص مفرد|اسم + فعل اول شخص مفرد	
5	ولی	ولی|ولی|ول|ول	ولی	ولی|ولی|ول + ی|ول + ی	C0|N1|A0+O|N1+O	حرف ربط|اسم|صفت + ی|اسم + ی	
6	خوشبختانه	خوشبختانه	خوشبختانه	خوشبختانه	Ad	قید	
7	سریعا	سریعاً	سریعا	سریعاً	Ad	قید	
8	درستش	درست	درست	درست + ش	A0+O	صفت + ضمیر ملکی سوم شخص مفرد	
9	کردم	کرد|کرد|کرد	کرد	کرد + م|کرد + م|کرد + م	V+O|N1+O|N1+V	فعل ماضی ساده+اول شخص مفرد|اسم + ضمیر ملکی اول شخص مفرد|اسم + فعل اول شخص مفرد	
10	.	.	.	.	Si	علامت	

0	آقا	آقا|آقا	آقا	آقا|آقا	N1|Sp	اسم|شاخص	
1	کی	کی|کی|کی	کی	کی|کی|کی	NA|NA|Ab	ضمیر پرسشی|ضمیر پرسشی|اختصارات	
2	این	این|این	این	این|این	A1|N6	صفت اشاره|ضمیر اشاره	
3	متن	متن	متن	متن	N1	اسم	
4	رو	رو|رو|رو	رو	رو|رو|رو	N1|V|N9	اسم|فعل امر مثبت|اسم موجود در ساختمان حرف اضافه و حرف ربط گروهی	
5	که	که|که|که|که	که	که|که|که|که	C0|NA|N1|N1	حرف ربط|ضمیر پرسشی|اسم|اسم	
6	زمون	زم	زمون	زم + ون	N1+Pl	اسم + علامت جمع	
7	انتخابات	انتخاب	انتخابات	انتخاب + ات	N1+Pl	اسم + علامت جمع	
8	خیلی	خیلی|خیلی|خیل	خیلی	خیلی|خیلی|خیل + ی	A0|Ad|N1+O	صفت|قید|اسم + ی	
9	دست	دست|دست	دست	دست|دست	N1|N9	اسم|اسم موجود در ساختمان حرف اضافه و حرف ربط گروهی	
10	به	به|به	به	به|به	Pr|N1	حرف اضافه|اسم	
11	دست	دست|دست	دست	دست|دست	N1|N9	اسم|اسم موجود در ساختمان حرف اضافه و حرف ربط گروهی	
12	میشد	شد	میشد	می + شد	V+O	فعل ماضی استمراری+سوم شخص مفرد	
13	یادشه	یاد	یادشه	یاد + ش + ه	N1+O+O	اسم + ضمیر ملکی سوم شخص مفرد + ه	
14	؟	؟	؟	؟	Si	علامت	

0	کاش	کاش	کاش	کاش	Intj	صوت	
1	انتقال	انتقال	انتقال	انتقال	N1	اسم	
2	تجربیات	تجربیات|تجربی	تجربیات	تجربیات|تجربی + ات	N1|A0+Pl	اسم|صفت + علامت جمع	
3	راحت‌تر	راحت	راحت	راحت + تر	A0+O	صفت + علامت صفت تفضیلی	
4	بود	بود|بود|بود|بو|ود	بود	بود|بود|بود|بو + د|ب + ود	V+O|N1|V+O|V+O|O+N1	فعل ماضی ساده+سوم شخص مفرد|اسم|فعل ماضی ساده+سوم شخص مفرد|فعل مضارع ساده+سوم شخص مفرد|ب + اسم	
5	و	و|و|و	و	و|و|و	C0|Al|Ab	حرف ربط|حروف الفبا|اختصارات	
6	می‌شد	شد	شد	می + شد	V+O	فعل ماضی استمراری+سوم شخص مفرد	
7	به	به|به	به	به|به	Pr|N1	حرف اضافه|اسم	
8	کوچک‌ترها	کوچک|کوچ	کوچک‌ترها	کوچک + تر + ها|کوچ + ک + تر + ها	A0+O+Pl|N1+O+O+Pl	صفت + علامت صفت تفضیلی + علامت جمع|اسم + ک + علامت صفت تفضیلی + علامت جمع	
9	فهموند	فهموند	فهموند	فهموند	O	_
10	که	که|که|که|که	که	که|که|که|که	C0|NA|N1|N1	حرف ربط|ضمیر پرسشی|اسم|اسم	
11	چقدر	چقدر	چقدر	چقدر	Ad	قید	
12	مهمن	مهمن	مهمن	مهمن	O	_
13	.	.	.	.	Si	علامت	

0	بالاخره	بالاخره	بالاخره	بالاخره	Ad	قید	
1	یه	یه	یه	یه	N1	اسم	
2	انیمیشن	انیمیشن	انیمیشن	انیمیشن	N1	اسم	
3	که	که|که|که|که	که	که|که|که|که	C0|NA|N1|N1	حرف ربط|ضمیر پرسشی|اسم|اسم	
4	وقتی	وقتی|وقت	وقت	وقتی|وقت + ی	Ad|N1+O	قید|اسم + ی	
5	که	که|که|که|که	که	که|که|که|که	C0|NA|N1|N1	حرف ربط|ضمیر پرسشی|اسم|اسم	
6	از	از	از	از	Pr	حرف اضافه	
7	اول	اول	اول	اول	A0	صفت	
8	تا	تا|تا|تا	تا	تا|تا|تا	Pr|C0|Ab	حرف اضافه|حرف ربط|اختصارات	
9	آخرش	آخر	آخر	آخر	O	_
10	با	با	با	با	Pr	حرف اضافه	
11	کیفیت	کیفیت|کیفی|کیفی|کیف|کیف	کیفیت	کیفیت|کیفی + ت|کیفی + ت|کیف + ی + ت|کیف + ی + ت	N1|A0+O|A0+O|N1+O+O|N1+O+O	اسم|صفت + ضمیر ملکی دوم شخص مفرد|صفت + ضمیر ملکی دوم شخص مفرد|اسم + ی + ضمیر ملکی دوم شخص مفرد|اسم + ی + ضمیر ملکی دوم شخص مفرد	
12	بد	بد	بد	بد	A0	صفت	
13	داد	داد|داد	داد	داد|داد	V+O|N1	فعل ماضی ساده+سوم شخص مفرد|اسم	
14	نمیزنه	نمیزنه	نمیزنه	نمیزنه	O	_
15	من	من	من	من	N5	ضمیر فاعلی	
16	ایرانیم	ایران	ایران	ایران + یم	N2+V	اسم خاص مکان + فعل اول شخص جمع	
17	!	!	!	!	Si	علامت	

0	علاوه	علاوه	علاوه	علاوه	O	_
1	بر	بر|بر|بر|بر	بر	بر|بر|بر|بر	Pr|V|VPr|N1	حرف اضافه|فعل امر مثبت|پیشوند فعل|اسم	
2	اینکه	اینکه	اینکه	اینکه	Ad	قید	
3	حرف	حرف|حرف	حرف	حرف|حرف	N1|N1	اسم|اسم	
4	گوش	گوش	گوش	گوش	N1	اسم	
5	نمی‌کنه	نمی کنه	نمی‌کنه	نمی کنه	O	_
6	!	!	!	!	Si	علامت	

0	حرف	حرف|حرف	حرف	حرف|حرف	N1|N1	اسم|اسم	
1	هم	هم|هم|هم	هم	هم|هم|هم	Ad|C0|O	قید|حرف ربط|ضمیر مشترک/متقابل	
2	نمی‌زنه	نمی زنه	نمی‌زنه	نمی زنه	O	_
3	!!	!!	!!	!!	Si	علامت	

0	بالاخره	بالاخره	بالاخره	بالاخره	Ad	قید	
1	بعد	بعد|بعد|بعد	بعد	بعد|بعد|بعد	A0|N1|N9	صفت|اسم|اسم موجود در ساختمان حرف اضافه و حرف ربط گروهی	
2	از	از	از	از	Pr	حرف اضافه	
3	چندین	چندین	چندین	چندین	A0	صفت	
4	سال	سال	سال	سال	N1	اسم	
5	یه	یه	یه	یه	N1	اسم	
6	اکیپ	اکیپ	اکیپ	اکیپ	N1	اسم	
7	دوست	دوست|دو	دوست	دوست|دو + ست	N1|N1+O	اسم|اسم + ضمیر ملکی سوم شخص مفرد	
8	پسر	پسر	پسر	پسر	N1	اسم	
9	پیدا	پیدا	پیدا	پیدا	A0	صفت	
10	شده	شد	شده	شد + ه	V3+O	فعل اسنادی + ه	
11	که	که|که|که|که	که	که|که|که|که	C0|NA|N1|N1	حرف ربط|ضمیر پرسشی|اسم|اسم	
12	باهاشون	باهاشون	باهاشون	باهاشون	O	_
13	خیلی	خیلی|خیلی|خیل	خیلی	خیلی|خیلی|خیل + ی	A0|Ad|N1+O	صفت|قید|اسم + ی	
14	راحتم	راحت|راحت	راح	راحت + م|راحت + م	A0+O|A0+V	صفت + ضمیر ملکی اول شخص مفرد|صفت + فعل اول شخص مفرد	
15	و	و|و|و	و	و|و|و	C0|Al|Ab	حرف ربط|حروف الفبا|اختصارات	
16	خیلی	خیلی|خیلی|خیل	خیلی	خیلی|خیلی|خیل + ی	A0|Ad|N1+O	صفت|قید|اسم + ی	
17	باهاشون	باهاشون	باهاشون	باهاشون	O	_
18	خوش	خوش	خوش	خوش	A0	صفت	
19	میگذره	میگذره	میگذره	میگذره	O	_
20	.	.	.	.	Si	علامت	

0	شکلات	شکلات|شکل	شکلات	شکلات|شکل + ات	N1|N1+Pl	اسم|اسم + علامت جمع	
1	نازنین	نازنین|زن	نازنین	نازنین|نا + زن + ین	N3|O+N1+O	اسم خاص اشخاص|نا + اسم + ین	
2	من	من	من	من	N5	ضمیر فاعلی	
3	که	که|که|که|که	که	که|که|که|که	C0|NA|N1|N1	حرف ربط|ضمیر پرسشی|اسم|اسم	
4	روی	روی|روی|رو|رو	روی	روی|روی|رو + ی|رو + ی	Pr1|N1|N1+O|V+O	حرف اضافه گروهی|اسم|اسم + ی|فعل مضارع ساده+دوم شخص مفرد	
5	قفسه	قفسه|قفس	قفسه	قفسه|قفس + ه	N1|N1+O	اسم|اسم + ه	
6	بود	بود|بود|بود|بو|ود	بود	بود|بود|بود|بو + د|ب + ود	V+O|N1|V+O|V+O|O+N1	فعل ماضی ساده+سوم شخص مفرد|اسم|فعل ماضی ساده+سوم شخص مفرد|فعل مضارع ساده+سوم شخص مفرد|ب + اسم	
7	رو	رو|رو|رو	رو	رو|رو|رو	N1|V|N9	اسم|فعل امر مثبت|اسم موجود در ساختمان حرف اضافه و حرف ربط گروهی	
8	برداشتین	برداشت|برداشت	برداشتین	برداشت + ین|برداشت + ین	V2+O|N1+O	بن ماضی + ین|اسم + ین	
9	خوردین	خورد|خور	خوردین	خورد + ین|خور + د + ین	N1+O|V1+O+O	اسم + ین|بن مضارع + د + ین	
10	؟	؟	؟	؟	Si	علامت	

0	قدیما	قدیما	قدیما	قدیما	O	_
1	که	که|که|که|که	که	که|که|که|که	C0|NA|N1|N1	حرف ربط|ضمیر پرسشی|اسم|اسم	
2	گوشی	گوشی|گوش	گوش	گوشی|گوش + ی	N1|N1+O	اسم|اسم + ی	
3	و	و|و|و	و	و|و|و	C0|Al|Ab	حرف ربط|حروف الفبا|اختصارات	
4	آهنگ	آهنگ	آهنگ	آهنگ	N1	اسم	
5	و	و|و|و	و	و|و|و	C0|Al|Ab	حرف ربط|حروف الفبا|اختصارات	
6	اینا	اینا	اینا	اینا	O	_
7	نبود	نبود|بود|بود|بو	بود	نبود|ن + بود|ن + بود|ن + بو + د	N1|V+O|V+O|V+O	اسم|فعل ماضی ساده منفی+سوم شخص مفرد|فعل ماضی ساده منفی+سوم شخص مفرد|فعل حال التزامی منفی+سوم شخص مفرد	
8	تو	تو|تو|تو	تو	تو|تو|تو	N5|Ad|N1	ضمیر فاعلی|قید|اسم	
9	دستشویی	دست‌شویی|دست‌شو	دستشویی	دست‌شویی|دست‌شو + یی	N1|N1+O	اسم|اسم + یی	
10	مجبور	مجبور	مجبور	مجبور	A0	صفت	
11	بودیم	بود|بود|بود|بود|بود|ود	بود	بود + یم|بود + ی + م|بود + یم|بود + یم|بود + ی + م|ب + ود + یم	V+O|V+O|N1+V|V+O|V+O|O+N1+V	فعل ماضی ساده+اول شخص جمع|فعل ماضی ساده+دوم شخص مفرد|اسم + فعل اول شخص جمع|فعل ماضی ساده+اول شخص جمع|فعل ماضی ساده+دوم شخص مفرد|ب + اسم + فعل اول شخص جمع	
12	بشینیم	شین	بشینیم	ب + شین + یم	O+N1+V	ب + اسم + فعل اول شخص جمع	
13	پشت	پشت|پش	پشت	پشت|پش + ت	N1|N1+O	اسم|اسم + ضمیر ملکی دوم شخص مفرد	
14	خمیردندون	خمیردندون	خمیردندون	خمیردندون	O	_
15	هارو	هارو	هارو	هارو	O	_
16	بخونیم	خون	بخونیم	ب + خون + یم	O+N1+V	ب + اسم + فعل اول شخص جمع	
17	که	که|که|که|که	که	که|که|که|که	C0|NA|N1|N1	حرف ربط|ضمیر پرسشی|اسم|اسم	
18	حوصله	حوصله	حوصله	حوصله	N1	اسم	
19	امون	ام	امون	ام + ون	N1+Pl	اسم + علامت جمع	
20	سر	سر|سر|سر|سر	سر	سر|سر|سر|سر	V|N1|N1|N9	فعل امر مثبت|اسم|اسم|اسم موجود در ساختمان حرف اضافه و حرف ربط گروهی	
21	نره	نره|ره|نر	نره	نره|ن + ره|نر + ه	A0|V|A0+O	صفت|فعل امر منفی|صفت + ه	
22	.	.	.	.	Si	علامت	

0	چقدر	چقدر	چقدر	چقدر	Ad	قید	
1	این	این|این	این	این|این	A1|N6	صفت اشاره|ضمیر اشاره	
2	حسایی	حسایی	حسایی	حسایی	O	_
3	که	که|که|که|که	که	که|که|که|که	C0|NA|N1|N1	حرف ربط|ضمیر پرسشی|اسم|اسم	
4	ملغمه‌ای	ملغمه	ملغمه	ملغمه + ای	N1+O	اسم + ای	
5	از	از	از	از	Pr	حرف اضافه	
6	شادی	شادی|شادی|شاد	شادی	شادی|شادی|شاد + ی	N1|N3|A0+O	اسم|اسم خاص اشخاص|صفت + ی	
7	و	و|و|و	و	و|و|و	C0|Al|Ab	حرف ربط|حروف الفبا|اختصارات	
8	غم‌ان	غم	غم	غم + ان	N1+O	اسم + ان	
9	خوبن	خوبن	خوبن	خوبن	O	_
10	.	.	.	.	Si	علامت	

0	اولین‌ها	اولین|اول	اولین	اولین + ها|اول + ین + ها	A0+Pl|A0+O+Pl	صفت + علامت جمع|صفت + ین + علامت جمع	
1	خیلی	خیلی|خیلی|خیل	خیلی	خیلی|خیلی|خیل + ی	A0|Ad|N1+O	صفت|قید|اسم + ی	
2	معروف	معروف	معروف	معروف	A0	صفت	
3	می‌شن	میشن	می‌شن	میشن	N1	اسم	
4	!	!	!	!	Si	علامت	

0	مثلا	مثلاً	مثلا	مثلاً	Ad	قید	
1	اولین	اولین|اول	اولین	اولین|اول + ین	A0|A0+O	صفت|صفت + ین	
2	کسی	کسی|کس	کس	کسی|کس + ی	A2|N1+O	صفت مبهم|اسم + ی	
3	که	که|که|که|که	که	که|که|که|که	C0|NA|N1|N1	حرف ربط|ضمیر پرسشی|اسم|اسم	
4	شبکه	شبکه|شب	شبکه	شبکه|شب + ک + ه	N1|N1+O+O	اسم|اسم + ک + ه	
5	اجتماعی	اجتماعی|اجتماع	اجتماع	اجتماعی|اجتماع + ی	A0|N1+O	صفت|اسم + ی	
6	درست	درست|درس	درست	درست|درس + ت	A0|N1+O	صفت|اسم + ضمیر ملکی دوم شخص مفرد	
7	کرد	کرد|کرد	کرد	کرد|کرد	V+O|N1	فعل ماضی ساده+سوم شخص مفرد|اسم	
8	کی	کی|کی|کی	کی	کی|کی|کی	NA|NA|Ab	ضمیر پرسشی|ضمیر پرسشی|اختصارات	
9	بود	بود|بود|بود|بو|ود	بود	بود|بود|بود|بو + د|ب + ود	V+O|N1|V+O|V+O|O+N1	فعل ماضی ساده+سوم شخص مفرد|اسم|فعل ماضی ساده+سوم شخص مفرد|فعل مضارع ساده+سوم شخص مفرد|ب + اسم	
10	؟	؟	؟	؟	Si	علامت	

0	آفرین	آفرین|آفرین	آفرین	آفرین|آفرین	V|Intj	فعل امر مثبت|صوت	
1	!	!	!	!	Si	علامت	

0	زاکربرگ	زاکربرگ	زاکربرگ	زاکربرگ	O	_
1	!	!	!	!	Si	علامت	

0	ولی	ولی|ولی|ول|ول	ولی	ولی|ولی|ول + ی|ول + ی	C0|N1|A0+O|N1+O	حرف ربط|اسم|صفت + ی|اسم + ی	
1	اون	اون	اون	اون	O	_
2	اولی	اولی|اولی|اول	اول	اولی|اولی|اول + ی	A0|A0|A0+O	صفت|صفت|صفت + ی	
3	نبود	نبود|بود|بود|بو	بود	نبود|ن + بود|ن + بود|ن + بو + د	N1|V+O|V+O|V+O	اسم|فعل ماضی ساده منفی+سوم شخص مفرد|فعل ماضی ساده منفی+سوم شخص مفرد|فعل حال التزامی منفی+سوم شخص مفرد	
4	!	!	!	!	Si	علامت	

0	ولی	ولی|ولی|ول|ول	ولی	ولی|ولی|ول + ی|ول + ی	C0|N1|A0+O|N1+O	حرف ربط|اسم|صفت + ی|اسم + ی	
1	معروف‌ترین	معروف	معروف	معروف + ترین	A0+O	صفت + علامت صفت تفضیلی	
2	بود	بود|بود|بود|بو|ود	بود	بود|بود|بود|بو + د|ب + ود	V+O|N1|V+O|V+O|O+N1	فعل ماضی ساده+سوم شخص مفرد|اسم|فعل ماضی ساده+سوم شخص مفرد|فعل مضارع ساده+سوم شخص مفرد|ب + اسم	
3	.	.	.	.	Si	علامت	

0	از	از	از	از	Pr	حرف اضافه	
1	خوبیای	خوبیای	خوبیای	خوبیای	O	_
2	اینترنت	اینترنت	اینترنت	اینترنت	N1	اسم	
3	میشه	میش|می|می	میشه	میش + ه|می + ش + ه|می + ش + ه	N1+O|N1+O+O|N1+O+O	اسم + ه|اسم + ضمیر ملکی سوم شخص مفرد + ه|اسم + ضمیر ملکی سوم شخص مفرد + ه	
4	به	به|به	به	به|به	Pr|N1	حرف اضافه|اسم	
5	قسمت	قسمت|قسم|قسم	قسمت	قسمت|قسم + ت|قسم + ت	N1|N2+O|N1+O	اسم|اسم خاص مکان + ضمیر ملکی دوم شخص مفرد|اسم + ضمیر ملکی دوم شخص مفرد	
6	کردن	کرد	کردن	کرد + ن	V2+O	بن ماضی + ن	
7	شادی‌ها	شادی|شاد	شادی	شادی + ها|شاد + ی + ها	N1+Pl|A0+O+Pl	اسم + علامت جمع|صفت + ی + علامت جمع	
8	با	با	با	با	Pr	حرف اضافه	
9	یکی	یکی|یک	یک	یکی|یک + ی	A2|O+O	صفت مبهم|عدد حرفی + ی	
10	از	از	از	از	Pr	حرف اضافه	
11	اون	اون	اون	اون	O	_
12	سر	سر|سر|سر|سر	سر	سر|سر|سر|سر	V|N1|N1|N9	فعل امر مثبت|اسم|اسم|اسم موجود در ساختمان حرف اضافه و حرف ربط گروهی	
13	دنیا	دنیا	دنیا	دنیا	N1	اسم	
14	اشاره	اشاره	اشاره	اشاره	N1	اسم	
15	کرد	کرد|کرد	کرد	کرد|کرد	V+O|N1	فعل ماضی ساده+سوم شخص مفرد|اسم	
16	.	.	.	.	Si	علامت	

0	ولی	ولی|ولی|ول|ول	ولی	ولی|ولی|ول + ی|ول + ی	C0|N1|A0+O|N1+O	حرف ربط|اسم|صفت + ی|اسم + ی	
1	دیگه	دیگ	دیگه	دیگ + ه	N1+O	اسم + ه	
2	بابابزرگم	بابابزرگ|بابابزرگ	بابابزرگ	بابابزرگ + م|بابابزرگ + م	N1+O|N1+V	اسم + ضمیر ملکی اول شخص مفرد|اسم + فعل اول شخص مفرد	
3	نیست	نیست|است|نی	نیست	نیست|نی + است|نی + ست	N1|V+O|N1+O	اسم|فعل مضارع ساده منفی+سوم شخص مفرد|اسم + ضمیر ملکی سوم شخص مفرد	
4	که	که|که|که|که	که	که|که|که|که	C0|NA|N1|N1	حرف ربط|ضمیر پرسشی|اسم|اسم	
5	با	با	با	با	Pr	حرف اضافه	
6	هم	هم|هم|هم	هم	هم|هم|هم	Ad|C0|O	قید|حرف ربط|ضمیر مشترک/متقابل	
7	بستنی	بستنی|بست|ست	بستن	بستنی|بست + نی|ب + ست + نی	N1|V2+O|O+N1+O	اسم|بن ماضی + نی|ب + اسم + نی	
8	بخوریم	بخور|بخور|خور|خور	خورد	بخور + یم|بخور + یم|ب + خور + یم|ب + خور + ی + م	N1+V|A0+V|V+O|V+O	اسم + فعل اول شخص جمع|صفت + فعل اول شخص جمع|فعل حال التزامی+اول شخص جمع|فعل حال التزامی+دوم شخص مفرد	
9	قایمکی	قایمکی|قایم	قایمکی	قایمکی|قایم + ک + ی	Ad|N1+O+O	قید|اسم + ک + ی	
10	به	به|به	به	به|به	Pr|N1	حرف اضافه|اسم	
11	دور	دور|دور	دور	دور|دور	A0|N1	صفت|اسم	
12	از	از	از	از	Pr	حرف اضافه	
13	چشم	چشم|چشم|چش	چشم	چشم|چشم|چش + م	N1|Ad|V+O	اسم|قید|فعل مضارع ساده+اول شخص مفرد	
14	مادربزرگ	مادربزرگ	مادربزرگ	مادربزرگ	N1	اسم	
15	.	.	.	.	Si	علامت	

0	به	به|به	به	به|به	Pr|N1	حرف اضافه|اسم	
1	یاد	یاد	یاد	یاد	N1	اسم	
2	آن	ان	آن	ان	Ab	اختصارات	
3	شب	شب	شب	شب	N1	اسم	
4	در	در|در|در|در|در	در	در|در|در|در|در	Pr|V|N1|N1|VPr	حرف اضافه|فعل امر مثبت|اسم|اسم|پیشوند فعل	
5	مشهد	مشهد	مشهد	مشهد	N2	اسم خاص مکان	
6	که	که|که|که|که	که	که|که|که|که	C0|NA|N1|N1	حرف ربط|ضمیر پرسشی|اسم|اسم	
7	از	از	از	از	Pr	حرف اضافه	
8	خواب	خواب|خواب	خواب	خواب|خواب	V|N1	فعل امر مثبت|اسم	
9	با	با	با	با	Pr	حرف اضافه	
10	گریه	گریه|گری|گری	گریه	گریه|گری + ه|گری + ه	N1|V1+O|N1+O	اسم|بن مضارع + ه|اسم + ه	
11	پاشدم	پاشدم	پاشدم	پاشدم	O	_
12	و	و|و|و	و	و|و|و	C0|Al|Ab	حرف ربط|حروف الفبا|اختصارات	
13	رفیقم	رفیق|رفیق	رفیق	رفیق + م|رفیق + م	N1+O|N1+V	اسم + ضمیر ملکی اول شخص مفرد|اسم + فعل اول شخص مفرد	
14	کنارم	کنار|کنار|کنار|کنار	کنار	کنار + م|کنار + م|کنار + م|کنار + م	N1+O|N1+V|N1+O|N1+V	اسم + ضمیر ملکی اول شخص مفرد|اسم + فعل اول شخص مفرد|اسم + ضمیر ملکی اول شخص مفرد|اسم + فعل اول شخص مفرد	
15	بود	بود|بود|بود|بو|ود	بود	بود|بود|بود|بو + د|ب + ود	V+O|N1|V+O|V+O|O+N1	فعل ماضی ساده+سوم شخص مفرد|اسم|فعل ماضی ساده+سوم شخص مفرد|فعل مضارع ساده+سوم شخص مفرد|ب + اسم	
16	و	و|و|و	و	و|و|و	C0|Al|Ab	حرف ربط|حروف الفبا|اختصارات	
17	کلی	کلی|کل|کل|کل	کلی	کلی|کل + ی|کل + ی|کل + ی	A0|A0+O|N1+O|N1+O	صفت|صفت + ی|اسم + ی|اسم + ی	
18	هوامو	هوامو	هوامو	هوامو	O	_
19	داشت	داشت|داشت|داشت|داش	داشت	داشت|داشت|داشت|داش + ت	V+O|N1|V5|N1+O	فعل ماضی ساده+سوم شخص مفرد|اسم|فعل کمکی|اسم + ضمیر ملکی دوم شخص مفرد	
20	.	.	.	.	Si	علامت	

