0	تیم‌ایران	تيم‌اير	تيم‌ايران	_	_
1	با	با	با	_	_
2	پنج‌سانداکا‌رمرد	پنج‌سانداکا‌رمرد	پنج‌سانداکا‌رمرد	_	_
3	و	و	و	_	_
4	سه	سه	سه	_	_
5	زن	زن	زن	_	_
6	در	در	در	_	_
7	جام	جا	جام	_	_
8	جهانی	جهاني	جهاني	_	_
9	حضوریافته	حضوريافته	حضوريافته	_	_
10	است	است		_	_
11	.	.	.	_	_
12	در	در	در	_	_
13	رقابت‌های	رقابت‌هاي	رقابت‌هاي	_	_
14	نوبت	نوبت	نوبت	_	_
15	صبح‌یکشنبه	صبح‌يكشنبه	صبح‌يكشنبه	_	_
16	«	«	«	_	_
17	الهه	الهه	الهه	_	_
18	منصوریان	منصوري	منصوريان	_	_
19	»	»	»	_	_
20	،	،	،	_	_
21	«	«	«	_	_
22	فریناز‌نذیری	فريناز‌نذيري	فريناز‌نذيري	_	_
23	»	»	»	_	_
24	،	،	،	_	_
25	«	«	«	_	_
26	محسن	محسن	محسن	_	_
27	محمدسیفی	محمدسيفي	محمدسيفي	_	_
28	»	»	»	_	_
29	و	و	و	_	_
30	«	«	«	_	_
31	میلادعارفی‌مقام	ميلادعارفي‌مقا	ميلادعارفي‌مقام	_	_
32	»	»	»	_	_
33	با	با	با	_	_
34	برتر‌ی	برتر‌ي	برتر‌ي	_	_
35	برابر	برابر	برابر	_	_
36	حریفان	حريف	حريفان	_	_
37	به	به	به	_	_
38	مدال‌طلا	مدال‌طلا	مدال‌طلا	_	_
39	دست	دست	دست	_	_
40	یافتند	يافتند	يافتند	_	_
41	تا	تا	تا	_	_
42	تعداد	تعداد	تعداد	_	_
43	نشان‌های	نشان‌هاي	نشان‌هاي	_	_
44	زرین‌تیم	زرين‌تي	زرين‌تيم	_	_
45	کشورمان	کشور	کشور	_	_
46	به	به	به	_	_
47	عدد	عدد	عدد	_	_
48	۵	5	5	_	_
49	برسد	برسد	رسید	_	_
50	.	.	.	_	_
51	روز	روز	روز	_	_
52	اول	اول	اول	_	_
53	نیز	نيز	نيز	_	_
54	«	«	«	_	_
55	شهر	شهر	شهر	_	_
56	بانو	بانو	بانو	_	_
57	منصوریان	منصوري	منصوريان	_	_
58	»	»	»	_	_
59	به	به	به	_	_
60	نشان	نشان	نشان	_	_
61	طلای	طلاي	طلاي	_	_
62	وزن	وزن	وزن	_	_
63	۶۵	65	65	_	_
64	کیلو	کيلو	کيلو	_	_
65	گرم	گر	گرم	_	_
66	رسیده‌	رسيده	رسيده‌	_	_
67	بود	بود	بود	_	_
68	.	.	.	_	_
69	لازم	لازم	لازم	_	_
70	به	به	به	_	_
71	ذکر	ذكر	ذكر	_	_
72	است	است		_	_
73	که	كه	كه	_	_
74	عصر	عصر	عصر	_	_
75	یکشنبه	يكشنبه	يكشنبه	_	_
76	«	«	«	_	_
77	یوسف	يوسف	يوسف	_	_
78	صبری	صبري	صبري	_	_
79	»	»	»	_	_
80	و	و	و	_	_
81	«	«	«	_	_
82	معین	معين	معين	_	_
83	تقوی	تقوي	تقوي	_	_
84	»	»	»	_	_
85	هم	هم	هم	_	_
86	برای	براي	براي	_	_
87	کسب	کسب	کسب	_	_
88	مدال	مدال	مدال	_	_
89	طلا	طلا	طلا	_	_
90	به	به	به	_	_
91	مصاف	مصاف	مصاف	_	_
92	حریفان	حريف	حريفان	_	_
93	می‌روند	مي‌روند	مي‌روند	_	_
94	.	.	.	_	_
95	تیم	ت	تیم	_	_
96	صدرشیمی	صدرشیم	صدرشیمی	_	_
97	با	با	با	_	_
98	غلبه	غلبه	غلبه	_	_
99	بر	بر	بر	_	_
100	همشهری	همشهری	همشهری	_	_
101	مقتدر	مقتدر	مقتدر	_	_
102	خود	خود	خود	_	_
103	عنوان	عنوان	عنوان	_	_
104	قهرمانی	قهرمان	قهرمان	_	_
105	مسابقات	مسابقات	مسابقات	_	_
106	کشوری	کشور	کشور	_	_
107	را	را	را	_	_
108	از	از	از	_	_
109	آن	آن	آن	_	_
110	خود	خود	خود	_	_
111	کرد	کرد	کرد	_	_
112	.	.	.	_	_
113	در	در	در	_	_
114	دیدار	دیدار	دیدار	_	_
115	فینال‌تیم	فینال‌ت	فینال‌تیم	_	_
116	صدر	صدر	صدر	_	_
117	شیمی	شیمی	شیمی	_	_
118	یزد	يزد	يزد	_	_
119	موفق	موفق	موفق	_	_
120	شد	شد	شد	_	_
121	با	با	با	_	_
122	نتیجه	نتیجه	نتیجه	_	_
123	۲	۲	۲	_	_
124	بر	بر	بر	_	_
125	۱	۱	۱	_	_
126	تیم	ت	تیم	_	_
127	گلسا	گلسا	گلسا	_	_
128	پوش	پوش	پوش	_	_
129	یزد	یزد	یزد	_	_
130	را	را	را	_	_
131	که	که	که	_	_
132	از	از	از	_	_
133	بازیکنان	بازیکن	بازیکن	_	_
134	ملی‌	ملی	ملی	_	_
135	پوش	پوش	پوش	_	_
136	سود	سود	سود	_	_
137	می‌برد	می‌برد	برد	_	_
138	شکست‌داده	شکست‌داده	شکست‌داده	_	_
139	و	و	و	_	_
140	به	به	به	_	_
141	مقام‌قهرمانی	مقام‌قهرمان	مقام‌قهرمانی	_	_
142	دست	دست	دست	_	_
143	یابد	یابد	یافت	_	_
144	.	.	.	_	_
145	در	در	در	_	_
146	دیدار	دیدار	دیدار	_	_
147	رده‌بندی	رده‌بندی	رده‌بندی	_	_
148	نیز	نیز	نیز	_	_
149	تیم	ت	تیم	_	_
150	پر‌سپولیس	پر‌سپولیس	پر‌سپولیس	_	_
151	مرد	مرد	مرد	_	_
152	آباد	آباد	آباد	_	_
153	با	با	با	_	_
154	شکست	شکست	شکست	_	_
155	تیم	ت	تیم	_	_
156	هیات	ه	هیات	_	_
157	روستایی	روستا	روستا	_	_
158	خراسان	خراسان	خراسان	_	_
159	شمالی	شمال	شمال	_	_
160	مقام	مقام	مقام	_	_
161	سوم	سو	سوم	_	_
162	این	این	این	_	_
163	مسابقات	مسابقات	مسابقات	_	_
164	را	را	را	_	_
165	از	از	از	_	_
166	آن	آن	آن	_	_
167	خود	خود	خود	_	_
168	کردبه	کردبه	کردبه	_	_
169	گزارش	گزارش	گزارش	_	_
170	خبرگزاری	خبرگزاری	خبرگزاری	_	_
171	فارس	فارس	فارس	_	_
172	،	،	،	_	_
173	سردار	سردار	سردار	_	_
174	غلامرضا	غلامرضا	غلامرضا	_	_
175	جلالی	جلال	جلال	_	_
176	رئیس	رئیس	رئیس	_	_
177	سازمان	سازمان	سازمان	_	_
178	پدافند	پدافند	پدافند	_	_
179	غیر	غیر	غیر	_	_
180	عامل	عامل	عامل	_	_
181	طی‌نشست	طی‌نشس	طی‌نشست	_	_
182	خبری	خبر	خبر	_	_
183	که	که	که	_	_
184	به	به	به	_	_
185	مناسبت	مناسب	مناسبت	_	_
186	۸	8	8	_	_
187	آبان	آب	آبان	_	_
188	سال	سال	سال	_	_
189	روز	روز	روز	_	_
190	تشکیل	تشکیل	تشکیل	_	_
191	این	این	این	_	_
192	سازمان	سازمان	سازمان	_	_
193	برگزار	برگزار	برگزار	_	_
194	شد	شد	شد	_	_
195	،	،	،	_	_
196	ماموریت	مامور	ماموریت	_	_
197	اول	اول	اول	_	_
198	سازمان	سازمان	سازمان	_	_
199	پدافند	پدافند	پدافند	_	_
200	غیرعامل	غیرعامل	غیرعامل	_	_
201	را	را	را	_	_
202	دیده‌بانی	دیده‌بان	دیده‌بان	_	_
203	نسبت	نسب	نسبت	_	_
204	به	به	به	_	_
205	تهدیدات	تهدید	تهدیدات	_	_
206	،	،	،	_	_
207	تشخیص‌تهدیدات	تشخیص‌تهدید	تشخیص‌تهدیدات	_	_
208	و	و	و	_	_
209	هشدار	هشدار	هشدار	_	_
210	در	در	در	_	_
211	حوزه	حوزه	حوزه	_	_
212	های		های	_	_
213	مختلف	مختلف	مختلف	_	_
214	دانست	دانست	دانست	_	_
215	و	و	و	_	_
216	اظهار	اظهار	اظهار	_	_
217	داشت	داش	داشت	_	_
218	:	:	:	_	_
219	دومین‌ماموریت	دومین‌مامور	دومین‌ماموریت	_	_
220	این	این	این	_	_
221	سازمان	سازمان	سازمان	_	_
222	،	،	،	_	_
223	کاهش	کاه	کاهش	_	_
224	آسیب‌پذیری	آسیب‌پذیر	آسیب‌پذیری	_	_
225	کل	کل	کل	_	_
226	زیر	زیر	زیر	_	_
227	ساخت‌های‌کشور	ساخت‌های‌کشور	ساخت‌های‌کشور	_	_
228	و	و	و	_	_
229	شهرها	شهر	شهر	_	_
230	دربرابر	دربرابر	دربرابر	_	_
231	تهدیدات	تهدید	تهدیدات	_	_
232	امنیتی	امنیت	امنیت	_	_
233	است	است		_	_
234	که	که	که	_	_
235	به	به	به	_	_
236	صورت	صور	صورت	_	_
237	مداوم	مداوم	مداوم	_	_
238	و	و	و	_	_
239	متغیر	متغیر	متغیر	_	_
240	دنبال	دنبال	دنبال	_	_
241	می	می	می	_	_
242	شود	شود	شد	_	_
243	و	و	و	_	_
244	ماموریت	مامور	ماموریت	_	_
245	سوم	سو	سوم	_	_
246	نیز	نیز	نیز	_	_
247	مصون‌	مصون	مصون	_	_
248	سازی	ساز	سازی	_	_
249	زیر	زیر	زیر	_	_
250	ساخت	ساخت	ساخت	_	_
251	های		های	_	_
252	کل	کل	کل	_	_
253	کشور	کشور	کشور	_	_
254	است	است		_	_
255	.	.	.	_	_
256	وی	و	وی	_	_
257	خاطرنشان	خاطرنشان	خاطرنشان	_	_
258	کرد	کرد	کرد	_	_
259	:	:	:	_	_
260	در	در	در	_	_
261	مورد‌حضور	مورد‌حضور	مورد‌حضور	_	_
262	پدافند	پدافند	پدافند	_	_
263	غیر	غیر	غیر	_	_
264	عامل	عامل	عامل	_	_
265	در	در	در	_	_
266	شورای‌عالی	شورای‌عال	شورای‌عالی	_	_
267	فضای	فضا	فضا	_	_
268	مجازی	مجاز	مجاز	_	_
269	و	و	و	_	_
270	گردشگری	گردشگر	گردشگری	_	_
271	با	با	با	_	_
272	رهبری	رهبر	رهبر	_	_
273	نامه	نامه	نامه	_	_
274	نگاری	نگار	نگار	_	_
275	شده	شده	شده	_	_
276	که	که	که	_	_
277	مورد	مورد	مورد	_	_
278	موافقت	موافق	موافقت	_	_
279	قرار	قرار	قرار	_	_
280	گرفته‌است	گرفته‌است	گرفت	_	_
281	.	.	.	_	_
282	جلالی	جلال	جلال	_	_
283	با	با	با	_	_
284	بیان	بی	بیان	_	_
285	اینکه	اینکه	اینکه	_	_
286	۶۰	60	60	_	_
287	محصول	محصول	محصول	_	_
288	استراتژیک	استراتژیک	استراتژیک	_	_
289	پدافند‌	پدافند	پدافند	_	_
290	سایبری	سایبر	سایبر	_	_
291	بومی	بوم	بومی	_	_
292	کشور	کشور	کشور	_	_
293	را	را	را	_	_
294	ارائه	ارائه	ارائه	_	_
295	خواهیم‌داد	خواهیم‌داد	داد	_	_
296	،	،	،	_	_
297	گفت	گفت	گفت	_	_
298	:	:	:	_	_
299	۵	5	5	_	_
300	محصول	محصول	محصول	_	_
301	اسکادای	اسکادا	اسکادای	_	_
302	بومی	بوم	بومی	_	_
303	نیز	نیز	نیز	_	_
304	که	که	که	_	_
305	برای	برای	برای	_	_
306	کنترل	کنترل	کنترل	_	_
307	و	و	و	_	_
308	دیسپاچینگ	دیسپاچینگ	دیسپاچینگ	_	_
309	بکارمی	بکارم	بکارمی	_	_
310	رود	رود	رود	_	_
311	،	،	،	_	_
312	توسط	توسط	توسط	_	_
313	متخصصان‌داخلی	متخصصان‌داخل	متخصصان‌داخلی	_	_
314	ساخته‌شده‌است	ساخته‌شده‌اس	ساخت	_	_
315	.	.	.	_	_
316	یک	یک	یک	_	_
317	بازدیدکننده	بازدیدکننده	بازدیدکننده	_	_
318	در	در	در	_	_
319	روز	روز	روز	_	_
320	افتتاح	افتتاح	افتتاح	_	_
321	«	«	«	_	_
322	کتابخانه	کتابخانه	کتابخانه	_	_
323	حلزونی	حلزون	حلزون	_	_
324	»	»	»	_	_
325	در	در	در	_	_
326	شهر	شهر	شهر	_	_
327	هانگ‌ژو	هانگ‌ژو	هانگ‌ژو	_	_
328	در	در	در	_	_
329	استان	است	استان	_	_
330	ژجیانگ	ژجیانگ	ژجیانگ	_	_
331	در	در	در	_	_
332	چین	چین	چین	_	_
333	سلفی‌می‌گیرد	سلفی‌می‌گیرد	سلفی‌می‌گیرد	_	_
334	.	.	.	_	_
335	این	این	این	_	_
336	کتاب	کتاب	کتاب	_	_
337	خانه	خانه	خانه	_	_
338	با	با	با	_	_
339	هدف	هدف	هدف	_	_
340	ارائه	ارائه	ارائه	_	_
341	منابع‌آنلاین	منابع‌آنلا	منابع‌آنلاین	_	_
342	در	در	در	_	_
343	کنار	کنار	کنار	_	_
344	کتابخانه	کتابخانه	کتابخانه	_	_
345	و	و	و	_	_
346	منابع	منابع	منابع	_	_
347	سنتی	سنت	سنت	_	_
348	ایجاد	ایجاد	ایجاد	_	_
349	شده‌است	شده‌است	شد	_	_
350	.	.	.	_	_
351	کوچک‌	كوچك	كوچك‌	_	_
352	پا	پا	پا	_	_
353	،	،	،	_	_
354	داستان	داستان	داستان	_	_
355	یک	يك	يك	_	_
356	«	«	«	_	_
357	یتى	يتى	يتى	_	_
358	»	»	»	_	_
359	(	(	(	_	_
360	مرد‌برفى	مرد‌برفى	مرد‌برفى	_	_
361	)	)	)	_	_
362	دانشمند	دانشمند	دانشمند	_	_
363	است	است		_	_
364	که	که	که	_	_
365	متقاعد	متقاعد	متقاعد	_	_
366	شده	شده	شده	_	_
367	موجودات	موجود	موجودات	_	_
368	نادرى	نادرى	نادرى	_	_
369	که	که	که	_	_
370	با	با	با	_	_
371	نام	نا	نام	_	_
372	«	«	«	_	_
373	کوچک‌پا	كوچك‌پا	كوچك‌پا	_	_
374	»	»	»	_	_
375	ها		ها	_	_
376	(	(	(	_	_
377	انسان‌ها	انسان	انسان	_	_
378	»	»	»	_	_
379	،	،	،	_	_
380	واقعا	واقعاً	واقعاً	_	_
381	وجود	وجود	وجود	_	_
382	دارند	دارند	داشت	_	_
383	!	!	!	_	_
384	اکران‌جهانى	اكران‌جهانى	اكران‌جهانى	_	_
385	این	اين	اين	_	_
386	انیمیشن	انيميشن	انيميشن	_	_
387	جذاب	جذاب	جذاب	_	_
388	،	،	،	_	_
389	از	از	از	_	_
390	ششم‌مهر	ششم‌مهر	ششم‌مهر	_	_
391	آغاز	آغاز	آغاز	_	_
392	شده	شده	شده	_	_
393	و	و	و	_	_
394	احتمالا	احتمالاً	احتمالاً	_	_
395	تا	تا	تا	_	_
396	مدتى	مدتى	مدتى	_	_
397	دیگر	ديگر	ديگر	_	_
398	نسخه‌ى	نسخه‌ى	نسخه‌ى	_	_
399	دوبله‌ى	دوبله‌ى	دوبله‌ى	_	_
400	آن	آن	آن	_	_
401	به	به	به	_	_
402	سینماها	سينما	سينماها	_	_
403	و	و	و	_	_
404	شبکه‌ى‌نمایش	شبكه‌ى‌نماي	شبكه‌ى‌نمايش	_	_
405	خانگى	خانگى	خانگى	_	_
406	ما	ما	ما	_	_
407	هم	هم	هم	_	_
408	مى‌رسد	مى‌رسد	مى‌رسد	_	_
409	.	.	.	_	_
410	به	به	به	_	_
411	همین	همين	همين	_	_
412	مناسبت	مناسب	مناسبت	_	_
413	ترجمه‌ى	ترجمه‌ى	ترجمه‌ى	_	_
414	گفت‌	گفت	گفت‌	_	_
415	وگویى	وگويى	وگويى	_	_
416	را	را	را	_	_
417	با	با	با	_	_
418	این	اين	اين	_	_
419	کارگردان	كارگرد	كارگردان	_	_
420	براى	براى	براى	_	_
421	شما	شما	شما	_	_
422	انتخاب	انتخاب	انتخاب	_	_
423	کرده‌ایم	كرده‌اي	كرده‌ايم	_	_
424	تا	تا	تا	_	_
425	بیش‌تر	بيش	بيش‌تر	_	_
426	با	با	با	_	_
427	حال	حال	حال	_	_
428	و	و	و	_	_
429	هواى	هواى	هواى	_	_
430	این	اين	اين	_	_
431	داستان	داستان	داستان	_	_
432	متفاوت	متفاوت	متفاوت	_	_
433	و	و	و	_	_
434	عجیب	عجيب	عجيب	_	_
435	از	از	از	_	_
436	زندگى	زندگى	زندگى	_	_
437	یتى‌ها	يتى	يتى‌ها	_	_
438	آشناشویم	آشناشوي	آشناشويم	_	_
439	.	.	.	_	_
440	زمانى	زمانى	زمانى	_	_
441	که	كه	كه	_	_
442	بحث	بحث	بحث	_	_
443	هم‌کارى	هم‌کارى	هم‌کارى	_	_
444	با	با	با	_	_
445	پروژه‌ى	پروژه‌ى	پروژه‌ى	_	_
446	کوچک‌پا	كوچك‌پا	كوچك‌پا	_	_
447	را	را	را	_	_
448	به	به	به	_	_
449	من	من	من	_	_
450	پیشنهاد	پيشنهاد	پيشنهاد	_	_
451	دادند	دادند	داد	_	_
452	،	،	،	_	_
453	با	با	با	_	_
454	«	«	«	_	_
455	برگزیت	بِرِگزي	بِرِگزيت	_	_
456	»	»	»	_	_
457	(	(	(	_	_
458	خروج	خروج	خروج	_	_
459	انگلیس	انگليس	انگليس	_	_
460	از	از	از	_	_
461	اتحادیه‌ى‌اروپا	اتحاديه‌ى‌اروپا	اتحاديه‌ى‌اروپا	_	_
462	)	)	)	_	_
463	هم‌	هم	هم	_	_
464	زمان	زمان	زمان	_	_
465	بود	بود	بود	_	_
466	.	.	.	_	_
467	انتخابات	انتخاب	انتخابات	_	_
468	برگزار	برگزار	برگزار	_	_
469	شد	شد	شد	_	_
470	.	.	.	_	_
471	در	در	در	_	_
472	جهان	جهان	جهان	_	_
473	موج	موج	موج	_	_
474	مهاجرت	مهاجر	مهاجرت	_	_
475	آغاز	آغاز	آغاز	_	_
476	شده‌بود	شده‌بود	شد	_	_
477	.	.	.	_	_
478	گروهى	گروهى	گروهى	_	_
479	از	از	از	_	_
480	مردم	مرد	مردم	_	_
481	روز	روز	روز	_	_
482	به	به	به	_	_
483	روز	روز	روز	_	_
484	به	به	به	_	_
485	سمت	سم	سمت	_	_
486	قوم‌	قوم	قوم	_	_
487	گرایى	گرايى	گرايى	_	_
488	و	و	و	_	_
489	انزوا	انزوا	انزوا	_	_
490	طلبى	طلبى	طلبى	_	_
491	گرایش	گراي	گرايش	_	_
492	پیدا	پيدا	پيدا	_	_
493	مى‌کردند	مى‌کردند	مى‌کردند	_	_
494	و	و	و	_	_
495	مذاکرات	مذاکرات	مذاکرات	_	_
496	زیادى	زيادى	زيادى	_	_
497	براى	براى	براى	_	_
498	تقویت	تقوي	تقويت	_	_
499	مرزبندى	مرزبندى	مرزبندى	_	_
500	بین	بين	بين	_	_
501	کشورها	کشور	کشور	_	_
502	،	،	،	_	_
503	مثل	مثل	مثل	_	_
504	دیوارکشى	ديوارکشى	ديوارکشى	_	_
505	بین	بين	بين	_	_
506	مکزیک	مکزيک	مکزيک	_	_
507	و	و	و	_	_
508	آمریکا	آمريکا	آمريکا	_	_
509	در	در	در	_	_
510	جریان	جري	جريان	_	_
511	بود	بود	بود	_	_
512	.	.	.	_	_
513	نه	نه	نه	_	_
514	،	،	،	_	_
515	انیمیشن‌ها	انيميشن	انيميشن‌ها	_	_
516	عموما	عموماً	عموماً	_	_
517	در	در	در	_	_
518	طول	طول	طول	_	_
519	پروسه‌ى	پروسه‌ى	پروسه‌ى	_	_
520	تولید	توليد	توليد	_	_
521	،	،	،	_	_
522	دست‌خوش	دست‌خوش	دست‌خوش	_	_
523	تغییرات	تغيير	تغييرات	_	_
524	زیادى	زيادى	زيادى	_	_
525	مى‌شوند	مى‌شوند	مى‌شوند	_	_
526	.	.	.	_	_
527	درباره‌ى	درباره‌ى	درباره‌ى	_	_
528	این	اين	اين	_	_
529	فیلم	فيل	فيلم	_	_
530	هم	هم	هم	_	_
531	،	،	،	_	_
532	آمدن	آمدن	آمدن	_	_
533	من	من	من	_	_
534	هم‌زمان	هم‌زمان	هم‌زمان	_	_
535	شد	شد	شد	_	_
536	با	با	با	_	_
537	تغییر	تغيير	تغيير	_	_
538	مدیریت	مديري	مديريت	_	_
539	در	در	در	_	_
540	بخش	بخش	بخش	_	_
541	انیمیشن	انيميشن	انيميشن	_	_
542	استودیوى	استوديوى	استوديوى	_	_
543	«	«	«	_	_
544	برادران	برادر	برادر	_	_
545	وارنر	وارنر	وارنر	_	_
546	»	»	»	_	_
547	.	.	.	_	_
548	آن‌ها	آن	آن	_	_
549	کار	کار	کار	_	_
550	موزیکالى	موزيکالى	موزيکالى	_	_
551	را	را	را	_	_
552	از	از	از	_	_
553	من	من	من	_	_
554	در	در	در	_	_
555	«	«	«	_	_
556	برادوی	برادوِي	برادوِي	_	_
557	»	»	»	_	_
558	دیده	ديده	ديده	_	_
559	بودند	بودند	بود	_	_
560	و	و	و	_	_
561	خواستند	خواستند	خواست	_	_
562	که	كه	كه	_	_
563	کوچک‌پا	كوچك‌پا	كوچك‌پا	_	_
564	هم	هم	هم	_	_
565	موزیکال	موزيکال	موزيکال	_	_
566	شود	شود	شد	_	_
567	.	.	.	_	_
568	شاید	شايد	شايد	_	_
569	سخت	سخت	سخت	_	_
570	باشد	باشد	بود	_	_
571	که	که	که	_	_
572	بپذیریم	بپذيري	بپذيريم	_	_
573	استودیوى	استوديوى	استوديوى	_	_
574	وارنر	وارنر	وارنر	_	_
575	هم	هم	هم	_	_
576	مى‌تواند	مى‌تواند	مى‌تواند	_	_
577	به‌خوبى	به‌خوبى	به‌خوبى	_	_
578	استودیوهاى	استوديوهاى	استوديوهاى	_	_
579	«	«	«	_	_
580	دیزنی	ديزني	ديزني	_	_
581	»	»	»	_	_
582	،	،	،	_	_
583	«	«	«	_	_
584	پیکسار	پيکسار	پيکسار	_	_
585	»	»	»	_	_
586	یا	يا	يا	_	_
587	«	«	«	_	_
588	دریم‌ورکز	دريم‌ورکز	دريم‌ورکز	_	_
589	»	»	»	_	_
590	،	،	،	_	_
591	موزیکالى	موزيکالى	موزيکالى	_	_
592	موفق	موفق	موفق	_	_
593	بسازد	بسازد	ساخت	_	_
594	.	.	.	_	_
595	اما	اما	اما	_	_
596	با	با	با	_	_
597	تمام	تمام	تمام	_	_
598	احترامى	احترامى	احترامى	_	_
599	که	که	که	_	_
600	براى	براى	براى	_	_
601	کمپانى‌هاى	کمپانى‌هاى	کمپانى‌هاى	_	_
602	دیگر	ديگر	ديگر	_	_
603	قائلم	قائل	قائل	_	_
604	باید	بايد	بايد	_	_
605	بگویم	بگوي	بگويم	_	_
606	،	،	،	_	_
607	بخش	بخش	بخش	_	_
608	بزرگى	بزرگى	بزرگى	_	_
609	از	از	از	_	_
610	دنیاى	دنياى	دنياى	_	_
611	کودکى	کودکى	کودکى	_	_
612	و	و	و	_	_
613	نوجوانى	نوجوانى	نوجوانى	_	_
614	ما	ما	ما	_	_
615	با	با	با	_	_
616	«	«	«	_	_
617	باگز‌بانى	باگز‌بانى	باگز‌بانى	_	_
618	»	»	»	_	_
619	،	،	،	_	_
620	«	«	«	_	_
621	دافى‌داک	دافى‌داک	دافى‌داک	_	_
622	»	»	»	_	_
623	و	و	و	_	_
624	«	«	«	_	_
625	چاک‌جونز	چاک‌جونز	چاک‌جونز	_	_
626	»	»	»	_	_
627	سپرى	سپرى	سپرى	_	_
628	شده	شده	شده	_	_
629	و	و	و	_	_
630	استودیوى	استوديوى	استوديوى	_	_
631	وارنر	وارنر	وارنر	_	_
632	خیلى	خيلى	خيلى	_	_
633	پیش‌تر	پيش	پيش‌تر	_	_
634	از	از	از	_	_
635	این	اين	اين	_	_
636	،	،	،	_	_
637	قدرتش	قدرت	قدرت	_	_
638	را	را	را	_	_
639	در	در	در	_	_
640	تولید	توليد	توليد	_	_
641	انیمیشن‌هاى	انيميشن‌هاى	انيميشن‌هاى	_	_
642	به‌یاد	به‌ياد	به‌ياد	_	_
643	ماندنى	ماندنى	ماندنى	_	_
644	نشان	نشان	نشان	_	_
645	داده‌است	داده‌است	داد	_	_
646	.	.	.	_	_
647	این	اين	اين	_	_
648	را	را	را	_	_
649	به‌خلاقیت	به‌خلاقي	به‌خلاقيت	_	_
650	تدوین‌	تدوين	تدوين‌	_	_
651	گرمان	گر	گر	_	_
652	،	،	،	_	_
653	یعنى	يعنى	يعنى	_	_
654	«	«	«	_	_
655	پیتر	پي	پيتر	_	_
656	اتینگر	اتينگر	اتينگر	_	_
657	»	»	»	_	_
658	مدیونیم	مديوني	مديونيم	_	_
659	.	.	.	_	_
660	او	او	او	_	_
661	کلمه‌هایى	کلمه‌هايى	کلمه‌هايى	_	_
662	را	را	را	_	_
663	تصادفى	تصادفى	تصادفى	_	_
664	اتنخاب	اتنخاب	اتنخاب	_	_
665	مى‌کرد	مى‌کرد	مى‌کرد	_	_
666	و	و	و	_	_
667	گام‌هاى	گام‌هاى	گام‌هاى	_	_
668	آن	آن	آن	_	_
669	را	را	را	_	_
670	تغییر	تغيير	تغيير	_	_
671	مى‌داد	مى‌داد	مى‌داد	_	_
672	.	.	.	_	_
673	او	او	او	_	_
674	به	به	به	_	_
675	فرمولى	فرمولى	فرمولى	_	_
676	رسید	رسيد	رسيد	_	_
677	و	و	و	_	_
678	آن	آن	آن	_	_
679	را	را	را	_	_
680	در	در	در	_	_
681	تمام‌انیمیشن	تمام‌انيميشن	تمام‌انيميشن	_	_
682	،	،	،	_	_
683	به‌کار	به‌کار	به‌کار	_	_
684	برد	برد	برد	_	_
685	.	.	.	_	_
686	وقتى	وقتى	وقتى	_	_
687	براى	براى	براى	_	_
688	اولین‌بار	اولين‌بار	اولين‌بار	_	_
689	آن‌ها	آن	آن	_	_
690	را	را	را	_	_
691	شنیدیم	شنيدي	شنيديم	_	_
692	همه	همه	همه	_	_
693	به	به	به	_	_
694	خنده	خنده	خنده	_	_
695	افتادیم	افتادي	افتاديم	_	_
696	.	.	.	_	_
697	به	به	به	_	_
698	نظرم	نظر	نظر	_	_
699	بامزه‌ترین	بامزه‌ترين	بامزه‌ترين	_	_
700	دیالوگ	ديالوگ	ديالوگ	_	_
701	آن‌جاست	آن‌جاس	آن‌جاست	_	_
702	که	که	که	_	_
703	شخصیت	شخصي	شخصيت	_	_
704	«	«	«	_	_
705	پرسى	پرسى	پرسى	_	_
706	»	»	»	_	_
707	مى‌	مى	مى‌	_	_
708	گوید	گويد	گويد	_	_
709	:	:	:	_	_
710	«	«	«	_	_
711	بگیر-تو-دا-	بگير-تو-دا-	بگير-تو-دا-	_	_
712	بی-لا-	بي-لا-	بي-لا-	_	_
713	بو	بو	بو	_	_
714	!	!	!	_	_
715	»	»	»	_	_
716	با	با	با	_	_
717	شما	شما	شما	_	_
718	موافقم	موافق	موافق	_	_
719	و	و	و	_	_
720	به	به	به	_	_
721	این	اين	اين	_	_
722	فهرست	فهرست	فهرست	_	_
723	دو	دو	دو	_	_
724	انیمیشن	انيميشن	انيميشن	_	_
725	دوست‌	دوست	دوست	_	_
726	داشتنى	داشتنى	داشتنى	_	_
727	«	«	«	_	_
728	لک‌	لك	لك‌	_	_
729	لک‌ها	لك	لك‌ها	_	_
730	»	»	»	_	_
731	و	و	و	_	_
732	«	«	«	_	_
733	لگو	لگو	لگو	_	_
734	»	»	»	_	_
735	را	را	را	_	_
736	هم	هم	هم	_	_
737	اضافه‌مى‌کنم	اضافه‌مى‌کن	اضافه‌مى‌کنم	_	_
738	.	.	.	_	_
739	اما	اما	اما	_	_
740	برگردیم	برگردي	برگرديم	_	_
741	به	به	به	_	_
742	کوچک‌	كوچك	كوچك‌	_	_
743	پا	پا	پا	_	_
744	.	.	.	_	_
745	به	به	به	_	_
746	نظرم	نظر	نظر	_	_
747	لایه‌هاى	لايه‌هاى	لايه‌هاى	_	_
748	بسیارى	بسيارى	بسيارى	_	_
749	در	در	در	_	_
750	این	اين	اين	_	_
751	انیمیشن	انيميشن	انيميشن	_	_
752	وجود	وجود	وجود	_	_
753	دارد	دارد	داشت	_	_
754	؛	؛	؛	_	_
755	طنز	طنز	طنز	_	_
756	،	،	،	_	_
757	موسیقى	موسيقى	موسيقى	_	_
758	،	،	،	_	_
759	داستان	داستان	داستان	_	_
760	،	،	،	_	_
761	پیام‌هایى	پيام‌هايى	پيام‌هايى	_	_
762	پیرامون	پيرامون	پيرامون	_	_
763	آفرینش	آفرين	آفرينش	_	_
764	،	،	،	_	_
765	کشف	کشف	کشف	_	_
766	جهان	جهان	جهان	_	_
767	و	و	و	_	_
768	.	.	.	_	_
769	.	.	.	_	_
770	.	.	.	_	_
771	رئیس‌	رئیس	رئیس	_	_
772	جمهور	جمهور	جمهور	_	_
773	بعدی‌گرجستان	بعدی‌گرجس	بعدی‌گرجستان	_	_
774	در	در	در	_	_
775	سال	سال	سال	_	_
776	۲۰۲۴	۲۰۲۴	۲۰۲۴	_	_
777	میلادی	میلاد	میلاد	_	_
778	توسط	توسط	توسط	_	_
779	یک	یک	یک	_	_
780	کالج	کالج	کالج	_	_
781	انتخاباتی	انتخابات	انتخاباتی	_	_
782	که	که	که	_	_
783	متشکل	متشکل	متشکل	_	_
784	از	از	از	_	_
785	۳۰۰	۳۰۰	۳۰۰	_	_
786	عضو	عضو	عضو	_	_
787	است	است		_	_
788	،	،	،	_	_
789	انتخاب	انتخاب	انتخاب	_	_
790	خواهد‌شد	خواهد‌شد	شد	_	_
791	.	.	.	_	_
792	این	این	این	_	_
793	تغییر	تغییر	تغییر	_	_
794	قانون	قانون	قانون	_	_
795	اساسی	اساس	اساس	_	_
796	در	در	در	_	_
797	سپتامبر	سپتامبر	سپتامبر	_	_
798	سال	سال	سال	_	_
799	۲۰۱۷	۲۰۱۷	۲۰۱۷	_	_
800	میلادی	میلاد	میلاد	_	_
801	اتخاذ	اتخاذ	اتخاذ	_	_
802	شد	شد	شد	_	_
803	؛	؛	؛	_	_
804	اقدامی	اقدام	اقدام	_	_
805	که	که	که	_	_
806	از	از	از	_	_
807	سوی	سو	سو	_	_
808	احزاب	احزاب	احزاب	_	_
809	اپوزیسیون	اپوزیسیون	اپوزیسیون	_	_
810	موردانتقاد	موردانتقاد	موردانتقاد	_	_
811	قرار	قرار	قرار	_	_
812	گرفته	گرفته	گرفته	_	_
813	و	و	و	_	_
814	آن	آن	آن	_	_
815	را	را	را	_	_
816	به	به	به	_	_
817	عنوان	عنوان	عنوان	_	_
818	اقدامی	اقدام	اقدام	_	_
819	به	به	به	_	_
820	نفع	نفع	نفع	_	_
821	حزب	حزب	حزب	_	_
822	حاکم	حاکم	حاکم	_	_
823	محکوم‌کردند	محکوم‌کردند	محکوم‌کردند	_	_
824	.	.	.	_	_
825	گیورگی	گیورگ	گیورگی	_	_
826	مارگولاشویلی	مارگولاشویل	مارگولاشویلی	_	_
827	،	،	،	_	_
828	رئیس‌جمهور	رئیس‌جمهور	رئیس‌جمهور	_	_
829	در	در	در	_	_
830	حال	حال	حال	_	_
831	کناره‌گیری	کناره‌گیری	کناره‌گیری	_	_
832	گرجستان	گرجستان	گرجستان	_	_
833	از	از	از	_	_
834	نامزدی	نامزد	نامزد	_	_
835	در	در	در	_	_
836	انتخابات	انتخاب	انتخابات	_	_
837	برای	برای	برای	_	_
838	دومین	دو	دومین	_	_
839	دوره	دوره	دوره	_	_
840	متوالی	متوالی	متوالی	_	_
841	امتناع	امتناع	امتناع	_	_
842	و	و	و	_	_
843	تاکید‌کرد	تاکید‌کرد	تاکید‌کرد	_	_
844	تمایل	تمایل	تمایل	_	_
845	ندارد	ندارد	داشت	_	_
846	نقشی	نقش	نقش	_	_
847	را	را	را	_	_
848	که	که	که	_	_
849	کم	کم	کم	_	_
850	رنگ‌وتشریفاتی	رنگ‌وتشریفات	رنگ‌وتشریفاتی	_	_
851	شده	شده	شده	_	_
852	،	،	،	_	_
853	برعهده	برعهده	برعهده	_	_
854	گیرد	گیرد	گرفت	_	_
855	.	.	.	_	_
856	کنگره	کنگره	کنگره	_	_
857	جهانی	جهان	جهانی	_	_
858	است	است		_	_
859	که	که	که	_	_
860	در	در	در	_	_
861	دنیا	دنیا	دنیا	_	_
862	نظیر	نظیر	نظیر	_	_
863	ندارد	ندارد	داشت	_	_
864	،	،	،	_	_
865	اظهار	اظهار	اظهار	_	_
866	داشت	داش	داشت	_	_
867	:	:	:	_	_
868	دشمنان	دشمن	دشمن	_	_
869	اسلام	اسلام	اسلام	_	_
870	از	از	از	_	_
871	بر	بر	بر	_	_
872	پایی	پا	پایی	_	_
873	این	این	این	_	_
874	عظمت	عظمت	عظمت	_	_
875	عصبانی	عصبانی	عصبانی	_	_
876	هستند	هستند		_	_
877	.	.	.	_	_
878	همانطور	همانطور	همانطور	_	_
879	که	که	که	_	_
880	امام‌خمینی	امام‌خمین	امام‌خمینی	_	_
881	(	(	(	_	_
882	ره	ره	ره	_	_
883	)	)	)	_	_
884	فرمودند	فرمودند	فرمود	_	_
885	«	«	«	_	_
886	راه	راه	راه	_	_
887	قدس	قدس	قدس	_	_
888	از	از	از	_	_
889	کربلا	کربلا	کربلا	_	_
890	می‌گذرد	می‌گذرد	گذشت	_	_
891	»	»	»	_	_
892	،	،	،	_	_
893	این	این	این	_	_
894	حضور	حضور	حضور	_	_
895	میلیونی	میلیون	میلیون	_	_
896	زائران	زائر	زائر	_	_
897	اربعین	اربعین	اربعین	_	_
898	زمینه‌	زمینه	زمینه	_	_
899	ساز	ساز	ساز	_	_
900	همین	هم	همین	_	_
901	فرمایش	فرمایش	فرمایش	_	_
902	ایشان	ایشان	ایشان	_	_
903	است	است		_	_
904	.	.	.	_	_
905	وی	و	وی	_	_
906	با	با	با	_	_
907	اشاره	اشاره	اشاره	_	_
908	به	به	به	_	_
909	اینکه	اینکه	اینکه	_	_
910	حماسه	حماسه	حماسه	_	_
911	پیاده‌	پیاده	پیاده	_	_
912	روی	رو	روی	_	_
913	اربعین	اربعین	اربعین	_	_
914	انقدر	انقدر	انقدر	_	_
915	عظیم	عظیم	عظیم	_	_
916	است	است		_	_
917	که	که	که	_	_
918	هیچ‌	هیچ	هیچ	_	_
919	گروه	گروه	گروه	_	_
920	و	و	و	_	_
921	دولتی	دولت	دولت	_	_
922	نمی‌تواند	نمی‌تواند	توانست	_	_
923	مدعی	مدعی	مدعی	_	_
924	باشد	باشد	بود	_	_
925	که	که	که	_	_
926	به	به	به	_	_
927	تنهایی	تنها	تنها	_	_
928	این	این	این	_	_
929	حضور	حضور	حضور	_	_
930	میلیونی	میلیون	میلیون	_	_
931	را	را	را	_	_
932	اداره	اداره	اداره	_	_
933	می‌کند	می‌کند	کرد	_	_
934	،	،	،	_	_
935	افزود	افزود	افزود	_	_
936	:	:	:	_	_
937	این	این	این	_	_
938	حماسه	حماسه	حماسه	_	_
939	عظیم	عظیم	عظیم	_	_
940	یک‌	یک	یک	_	_
941	حرکت	حرکت	حرکت	_	_
942	مردمی	مردم	مردمی	_	_
943	است	است		_	_
944	که	که	که	_	_
945	خود	خود	خود	_	_
946	مردم	مرد	مردم	_	_
947	آن	آن	آن	_	_
948	را	را	را	_	_
949	اداره	اداره	اداره	_	_
950	می‌کنند	می‌کنند	کرد	_	_
951	.	.	.	_	_
952	حجت‌	حجت	حجت	_	_
953	الاسلام	الاسلام	الاسلام	_	_
954	نجفی	نجف	نجف	_	_
955	با	با	با	_	_
956	بیان	بی	بیان	_	_
957	اینکه	اینکه	اینکه	_	_
958	در	در	در	_	_
959	بازدید	بازدید	بازدید	_	_
960	از	از	از	_	_
961	موکب‌ها	موکب	موکب	_	_
962	دیدیم	دید	دید	_	_
963	که	که	که	_	_
964	خادمان	خادم	خادم	_	_
965	و	و	و	_	_
966	زائران	زائر	زائر	_	_
967	با	با	با	_	_
968	تمام‌مشکلات	تمام‌مشکل	تمام‌مشکلات	_	_
969	از	از	از	_	_
970	اقتصادی	اقتصاد	اقتصاد	_	_
971	یا	یا	یا	_	_
972	حتی	حتی	حتی	_	_
973	آب	آب	آب	_	_
974	و‌هوایی	و‌هوا	و‌هوایی	_	_
975	با	با	با	_	_
976	اخلاص	اخلاص	اخلاص	_	_
977	به	به	به	_	_
978	خدمت‌رسانی	خدمت‌رسانی	خدمت‌رسانی	_	_
979	مشغول	مشغول	مشغول	_	_
980	هستند	هستند		_	_
981	،	،	،	_	_
982	گفت	گفت	گفت	_	_
983	:	:	:	_	_
984	یقین	یقین	یقین	_	_
985	دارم	دار	داشت	_	_
986	که	که	که	_	_
987	پیاده‌	پیاده	پیاده	_	_
988	روی	رو	روی	_	_
989	اربعین	اربعین	اربعین	_	_
990	امسال	امسال	امسال	_	_
991	از	از	از	_	_
992	سال‌های	سال‌های	سال‌های	_	_
993	گذشته	گذشته	گذشته	_	_
994	باشکوه‌	باشکوه	باشکوه	_	_
995	تر	تر	تر	_	_
996	خواهد‌بود	خواهد‌بود	بود	_	_
997	و	و	و	_	_
998	هیچ‌کسی	هیچ‌کس	هیچ‌کس	_	_
999	اجازه	اجازه	اجازه	_	_
1000	نمی‌دهد	نمی‌دهد	داد	_	_
1001	که	که	که	_	_
1002	این	این	این	_	_
1003	حرکت	حرکت	حرکت	_	_
1004	عظیم	عظیم	عظیم	_	_
1005	کمرنگ	کمرنگ	کمرنگ	_	_
1006	شود	شود	شد	_	_
1007	.	.	.	_	_
1008	نماینده	نماینده	نماینده	_	_
1009	مقام	مقام	مقام	_	_
1010	معظم	معظم	معظم	_	_
1011	رهبری	رهبر	رهبر	_	_
1012	در	در	در	_	_
1013	کربلا	کربلا	کربلا	_	_
1014	خاطر	خاطر	خاطر	_	_
1015	نشان	نشان	نشان	_	_
1016	کرد	کرد	کرد	_	_
1017	:	:	:	_	_
1018	خدمت	خدم	خدمت	_	_
1019	به	به	به	_	_
1020	زائران	زائر	زائر	_	_
1021	اربعین	اربعین	اربعین	_	_
1022	هدیه	هدیه	هدیه	_	_
1023	الهی	اله	اله	_	_
1024	است	است		_	_
1025	که	که	که	_	_
1026	نصیب	نصیب	نصیب	_	_
1027	محبان	محب	محب	_	_
1028	اهل	اهل	اهل	_	_
1029	بیت	بی	بیت	_	_
1030	(	(	(	_	_
1031	ع	ع	ع	_	_
1032	)	)	)	_	_
1033	شده‌است	شده‌است	شد	_	_
1034	.	.	.	_	_
1035	خدا	خدا	خدا	_	_
1036	را	را	را	_	_
1037	شکر	شکر	شکر	_	_
1038	که	که	که	_	_
1039	پرچم	پرچ	پرچم	_	_
1040	امام	اما	امام	_	_
1041	حسین	حس	حسین	_	_
1042	(	(	(	_	_
1043	ع	ع	ع	_	_
1044	)	)	)	_	_
1045	بر	بر	بر	_	_
1046	سر	سر	سر	_	_
1047	همه	همه	همه	_	_
1048	ما	ما	ما	_	_
1049	گسترده	گسترده	گسترده	_	_
1050	شده‌است	شده‌است	شد	_	_
1051	.	.	.	_	_
1052	وی	و	وی	_	_
1053	ضمن	ضمن	ضمن	_	_
1054	مثبت	مثبت	مثبت	_	_
1055	ارزیابی	ارزیاب	ارزیاب	_	_
1056	کردن	کردن	کردن	_	_
1057	خدمات	خدمت	خدمات	_	_
1058	ارائه	ارائه	ارائه	_	_
1059	شده	شده	شده	_	_
1060	در	در	در	_	_
1061	موکب‌	موکب	موکب	_	_
1062	های		های	_	_
1063	اربعین	اربعین	اربعین	_	_
1064	گفت	گفت	گفت	_	_
1065	:	:	:	_	_
1066	از	از	از	_	_
1067	همه	همه	همه	_	_
1068	موکب‌	موکب	موکب	_	_
1069	داران	دار	دار	_	_
1070	تشکر	تشکر	تشکر	_	_
1071	وسلام	وسلا	وسلام	_	_
1072	مقام	مقام	مقام	_	_
1073	معظم	معظم	معظم	_	_
1074	رهبری	رهبر	رهبر	_	_
1075	را	را	را	_	_
1076	به	به	به	_	_
1077	آنها	آن	آن	_	_
1078	ابلاغ	ابلاغ	ابلاغ	_	_
1079	می‌	می	می	_	_
1080	کنم	کن	کرد	_	_
1081	.	.	.	_	_
1082	به	به	به	_	_
1083	گزارش	گزارش	گزارش	_	_
1084	مهر	مهر	مهر	_	_
1085	،	،	،	_	_
1086	محمدرضا	محمدرضا	محمدرضا	_	_
1087	حسین‌	حسین	حسین	_	_
1088	زاده	زاده	زاده	_	_
1089	اظهار	اظهار	اظهار	_	_
1090	داشت	داش	داشت	_	_
1091	:	:	:	_	_
1092	درخواست	درخواست	درخواست	_	_
1093	کردیم	کرد	کرد	_	_
1094	اگر	اگر	اگر	_	_
1095	اجازه	اجازه	اجازه	_	_
1096	افزایش	افزایش	افزایش	_	_
1097	تعداد	تعداد	تعداد	_	_
1098	باجه‌	باجه	باجه	_	_
1099	ها		ها	_	_
1100	و	و	و	_	_
1101	همچنین	همچنین	همچنین	_	_
1102	افزایش	افزایش	افزایش	_	_
1103	ساعات‌کار	ساعات‌کار	ساعات‌کار	_	_
1104	و	و	و	_	_
1105	شبانه‌	شبانه	شبانه	_	_
1106	روزی	روز	روز	_	_
1107	کردن	کردن	کردن	_	_
1108	آن‌ها	آن	آن	_	_
1109	را	را	را	_	_
1110	نمی‌دهند	نمی‌دهند	داد	_	_
1111	،	،	،	_	_
1112	لااقل	لااقل	لااقل	_	_
1113	اجازه	اجازه	اجازه	_	_
1114	بدهند	بدهند	داد	_	_
1115	دینار	دینار	دینار	_	_
1116	های‌موجود	های‌موجود	های‌موجود	_	_
1117	را	را	را	_	_
1118	به	به	به	_	_
1119	داخل	داخل	داخل	_	_
1120	مرز	مرز	مرز	_	_
1121	ایران	ایران	ایران	_	_
1122	منتقل	منتقل	منتقل	_	_
1123	کنیم	کنیم	کرد	_	_
1124	تا	تا	تا	_	_
1125	در	در	در	_	_
1126	کشورمان	کشور	کشور	_	_
1127	و	و	و	_	_
1128	در	در	در	_	_
1129	لب	لب	لب	_	_
1130	مرز	مرز	مرز	_	_
1131	به	به	به	_	_
1132	زائران	زائر	زائر	_	_
1133	پرداخت‌شود	پرداخت‌شود	پرداخت‌شود	_	_
1134	که	که	که	_	_
1135	متاسفانه	متاسفانه	متاسفانه	_	_
1136	طرف	طرف	طرف	_	_
1137	عراقی	عراق	عراق	_	_
1138	با	با	با	_	_
1139	این	این	این	_	_
1140	پیشنهاد	پیشنهاد	پیشنهاد	_	_
1141	هم	هم	هم	_	_
1142	موافقت	موافق	موافقت	_	_
1143	نکرده‌است	نکرده‌اس	کرد	_	_
1144	.	.	.	_	_
