0	﻿مقام	﻿مقا	﻿مقام	_	_
1	معظم	معظم	معظم	_	_
2	رهبری	رهبر	رهبر	_	_
3	در	در	در	_	_
4	دیدار	دیدار	دیدار	_	_
5	رئیس	رئیس	رئیس	_	_
6	و	و	و	_	_
7	مسئولان	مسئول	مسئول	_	_
8	سازمان	سازمان	سازمان	_	_
9	پدافند	پدافند	پدافند	_	_
10	غیرعامل	غیرعامل	غیرعامل	_	_
11	اظهار	اظهار	اظهار	_	_
12	داشتند	داشتند	داشت	_	_
13	:	:	:	_	_
14	پدافند	پدافند	پدافند	_	_
15	غیرعامل	غیرعامل	غیرعامل	_	_
16	در	در	در	_	_
17	مقابل	مقابل	مقابل	_	_
18	تهاجم	تهاجم	تهاجم	_	_
19	دشمنان	دشمن	دشمن	_	_
20	علمی	علم	علم	_	_
21	،	،	،	_	_
22	جدی	جد	جدی	_	_
23	و	و	و	_	_
24	همه‌جانبه	همه‌جانبه	همه‌جانبه	_	_
25	باشد	باشد	بود	_	_
26	.	.	.	_	_
27	به	به	به	_	_
28	گزارش	گزارش	گزارش	_	_
29	پایگاه	پايگاه	پايگاه	_	_
30	اطلاع‌رسانی	اطلاع‌رساني	اطلاع‌رساني	_	_
31	دفتر	دف	دفتر	_	_
32	حفظ	حفظ	حفظ	_	_
33	و	و	و	_	_
34	نشر	نشر	نشر	_	_
35	آثار	آثار	آثار	_	_
36	رهبر	رهبر	رهبر	_	_
37	معظم	معظم	معظم	_	_
38	انقلاب	انقلاب	انقلاب	_	_
39	،	،	،	_	_
40	حضرت	حضرت	حضرت	_	_
41	آیت	آیت	آیت	_	_
42	الله	الله	الله	_	_
43	خامنه‌ای	خامنه	خامنه	_	_
44	رهبر	رهبر	رهبر	_	_
45	معظم	معظم	معظم	_	_
46	انقلاب	انقلاب	انقلاب	_	_
47	اسلامی	اسلام	اسلام	_	_
48	ظهر	ظهر	ظهر	_	_
49	امروز	امروز	امروز	_	_
50	(	(	(	_	_
51	یکشنبه	یکشنبه	یکشنبه	_	_
52	۶	6	6	_	_
53	آبان	آب	آبان	_	_
54	)	)	)	_	_
55	در	در	در	_	_
56	این	این	این	_	_
57	دیدار	دیدار	دیدار	_	_
58	با	با	با	_	_
59	اشاره	اشاره	اشاره	_	_
60	به	به	به	_	_
61	اهمیت	اهمیت	اهمیت	_	_
62	روزافزون	روزافزون	روزافزون	_	_
63	پدافند	پدافند	پدافند	_	_
64	غیرعامل	غیرعامل	غیرعامل	_	_
65	در	در	در	_	_
66	مقابله	مقابله	مقابله	_	_
67	با	با	با	_	_
68	تهدیدهای	تهدید	تهدید	_	_
69	نو	نو	نو	_	_
70	شونده	شونده	شونده	_	_
71	دشمنان	دشمن	دشمن	_	_
72	،	،	،	_	_
73	تأکید	تأکید	تأکید	_	_
74	کردند	کردند	کرد	_	_
75	:	:	:	_	_
76	در	در	در	_	_
77	مقابل	مقابل	مقابل	_	_
78	شیوه‌های	شیوه	شیوه	_	_
79	پیچیده	پیچیده	پیچیده	_	_
80	تهاجم	تهاجم	تهاجم	_	_
81	دشمنان	دشمن	دشمن	_	_
82	،	،	،	_	_
83	پدافند	پدافند	پدافند	_	_
84	غیرعامل	غیرعامل	غیرعامل	_	_
85	نیز	نیز	نیز	_	_
86	باید	باید	باید	_	_
87	کاملا	کاملاً	کاملاً	_	_
88	هوشیار	هوشیار	هوشیار	_	_
89	و	و	و	_	_
90	جدی	جد	جدی	_	_
91	باشد	باشد	بود	_	_
92	و	و	و	_	_
93	به	به	به	_	_
94	صورت	صور	صورت	_	_
95	علمی	علم	علم	_	_
96	،	،	،	_	_
97	دقیق	دقیق	دقیق	_	_
98	،	،	،	_	_
99	به‌روز	به‌روز	به‌روز	_	_
100	و	و	و	_	_
101	همه‌جانبه	همه‌جانبه	همه‌جانبه	_	_
102	عمل	عمل	عمل	_	_
103	و	و	و	_	_
104	با	با	با	_	_
105	هرگونه	هرگونه	هرگونه	_	_
106	نفوذ	نفوذ	نفوذ	_	_
107	مقابله	مقابله	مقابله	_	_
108	کند	کند	کند	_	_
109	.	.	.	_	_
110	حضرت	حضرت	حضرت	_	_
111	آیت	آیت	آیت	_	_
112	الله	الله	الله	_	_
113	خامنه‌ای	خامنه	خامنه	_	_
114	توجه	توجه	توجه	_	_
115	مسئولان	مسئول	مسئول	_	_
116	در	در	در	_	_
117	همه	همه	همه	_	_
118	بخشها	بخش	بخش	_	_
119	به	به	به	_	_
120	اهمیت	اهمیت	اهمیت	_	_
121	پدافند	پدافند	پدافند	_	_
122	غیرعامل	غیرعامل	غیرعامل	_	_
123	را	را	را	_	_
124	لازم	لازم	لازم	_	_
125	دانستند	دانستند	دانست	_	_
126	و	و	و	_	_
127	افزودند	افزودند	افزود	_	_
128	:	:	:	_	_
129	اگر	اگر	اگر	_	_
130	مدیران	مدیر	مدیر	_	_
131	کشور	کشور	کشور	_	_
132	اهمیت	اهمیت	اهمیت	_	_
133	این	این	این	_	_
134	مسئله	مسئله	مسئله	_	_
135	را	را	را	_	_
136	درک	درک	درک	_	_
137	نکنند	نکنند	کرد	_	_
138	و	و	و	_	_
139	پدافند	پدافند	پدافند	_	_
140	غیرعامل	غیرعامل	غیرعامل	_	_
141	به	به	به	_	_
142	طور	طور	طور	_	_
143	شایسته	شایسته	شایسته	_	_
144	توسعه	توسعه	توسعه	_	_
145	پیدا	پیدا	پیدا	_	_
146	نکند	نکند	کرد	_	_
147	،	،	،	_	_
148	کشور	کشور	کشور	_	_
149	در	در	در	_	_
150	معرض	معرض	معرض	_	_
151	تهدیدهای	تهدید	تهدید	_	_
152	بعضا	بعضاً	بعضاً	_	_
153	غیرقابل	غیرقابل	غیرقابل	_	_
154	جبران	جبر	جبران	_	_
155	قرار	قرار	قرار	_	_
156	خواهد‌گرفت	خواهد‌گرف	گرفت	_	_
157	،	،	،	_	_
158	بنابراین	بنابراین	بنابراین	_	_
159	مسئولان	مسئول	مسئول	_	_
160	بخش‌های	بخش	بخش	_	_
161	مختلف	مختلف	مختلف	_	_
162	کشور	کشور	کشور	_	_
163	چه	چه	چه	_	_
164	بخشهای	بخش	بخش	_	_
165	نظامی	نظام	نظام	_	_
166	و	و	و	_	_
167	چه	چه	چه	_	_
168	بخشهای	بخش	بخش	_	_
169	غیرنظامی	غیرنظامی	غیرنظامی	_	_
170	،	،	،	_	_
171	باید	باید	باید	_	_
172	با	با	با	_	_
173	پدافند	پدافند	پدافند	_	_
174	غیرعامل	غیرعامل	غیرعامل	_	_
175	همکاری	همکار	همکار	_	_
176	کامل	کامل	کامل	_	_
177	و	و	و	_	_
178	لازم	لازم	لازم	_	_
179	انجام	انجام	انجام	_	_
180	دهند	دهند	داد	_	_
181	.	.	.	_	_
182	ایران	ایران	ایران	_	_
183	و	و	و	_	_
184	اتحادیه	اتحادیه	اتحادیه	_	_
185	اروپا	اروپا	اروپا	_	_
186	برای	برای	برای	_	_
187	رونمایی	رونما	رونما	_	_
188	از	از	از	_	_
189	یک	یک	یک	_	_
190	تونل	تونل	تونل	_	_
191	مالی	مال	مالی	_	_
192	ویژه‌	ویژه	ویژه	_	_
193	،	،	،	_	_
194	با	با	با	_	_
195	هدف	هدف	هدف	_	_
196	خنثی‌سازی	خنثی‌سازی	خنثی‌سازی	_	_
197	اثر	اثر	اثر	_	_
198	تحریم‌های	تحریم	تحریم	_	_
199	آمریکا	آمریکا	آمریکا	_	_
200	و	و	و	_	_
201	هموار	هموار	هموار	_	_
202	شدن	شدن	شدن	_	_
203	راه	راه	راه	_	_
204	تجارت	تجار	تجارت	_	_
205	بین	بین	بین	_	_
206	کشورمان	کشور	کشور	_	_
207	با	با	با	_	_
208	جهان	جهان	جهان	_	_
209	آماده	آماده	آماده	_	_
210	می‌شوند	می‌شوند	شد	_	_
211	.	.	.	_	_
212	ایجاد	ایجاد	ایجاد	_	_
213	کانال	کانال	کانال	_	_
214	ویژه	ویژه	ویژه	_	_
215	مالی	مال	مالی	_	_
216	اروپا	اروپا	اروپا	_	_
217	یکی	یک	یک	_	_
218	از	از	از	_	_
219	گام‌های	گام	گام	_	_
220	عملی	عمل	عملی	_	_
221	برای	برای	برای	_	_
222	حفظ	حفظ	حفظ	_	_
223	برجام	برجا	برجا	_	_
224	و	و	و	_	_
225	بهره‌مندی	بهره‌مند	بهره‌مندی	_	_
226	ایران	ایران	ایران	_	_
227	از	از	از	_	_
228	منافع	منافع	منافع	_	_
229	اقتصادی	اقتصاد	اقتصاد	_	_
230	آن	آن	آن	_	_
231	ازجمله	ازجمله	ازجمله	_	_
232	ایمن	ایمن	ایمن	_	_
233	ماندن	ماندن	ماندن	_	_
234	مسیر	مسیر	مسیر	_	_
235	فروش	فرو	فروش	_	_
236	نفت	نفت	نفت	_	_
237	و	و	و	_	_
238	دیگر	دیگر	دیگر	_	_
239	کالاهای	کالا	کالا	_	_
240	صادراتی	صادرات	صادرات	_	_
241	به	به	به	_	_
242	اروپا	اروپا	اروپا	_	_
243	و	و	و	_	_
244	البته	البته	البته	_	_
245	سایر	سایر	سایر	_	_
246	کشورها	کشور	کشور	_	_
247	به‌شمار	به‌شمار	به‌شمار	_	_
248	می‌رود	می‌رود	رفت	_	_
249	و	و	و	_	_
250	قرار	قرار	قرار	_	_
251	است	است		_	_
252	مبنای	مبنا	مبنا	_	_
253	رد	رد	رد	_	_
254	و	و	و	_	_
255	بدل	بدل	بدل	_	_
256	مالی	مال	مالی	_	_
257	در	در	در	_	_
258	این	این	این	_	_
259	کانال	کانال	کانال	_	_
260	ویژه	ویژه	ویژه	_	_
261	براساس	براساس	براساس	_	_
262	یورو	یورو	یورو	_	_
263	و	و	و	_	_
264	نه	نه	نه	_	_
265	دلار	دلار	دلار	_	_
266	صورت	صور	صورت	_	_
267	گیرد	گیرد	گرفت	_	_
268	.	.	.	_	_
269	به‌گزارش	به‌گزار	به‌گزارش	_	_
270	همشهری	همشهری	همشهری	_	_
271	،	،	،	_	_
272	عبدالناصر	عبدالناصر	عبدالناصر	_	_
273	همتی	همت	همت	_	_
274	،	،	،	_	_
275	رئیس‌کل	رئیس‌کل	رئیس‌کل	_	_
276	بانک	بانک	بانک	_	_
277	مرکزی	مرکز	مرکزی	_	_
278	ایران	ایران	ایران	_	_
279	در	در	در	_	_
280	تازه‌ترین	تازه	تازه	_	_
281	واکنش	واکنش	واکنش	_	_
282	به	به	به	_	_
283	این	این	این	_	_
284	موضوع	موضوع	موضوع	_	_
285	گفته‌است	گفته‌اس	گفت	_	_
286	جزئیات	جزء	جزئیات	_	_
287	و	و	و	_	_
288	نحوه	نحوه	نحوه	_	_
289	استفاده	استفاده	استفاده	_	_
290	از	از	از	_	_
291	کانال	کانال	کانال	_	_
292	ویژه	ویژه	ویژه	_	_
293	مالی	مال	مالی	_	_
294	اروپا	اروپا	اروپا	_	_
295	هفته	هفته	هفته	_	_
296	آینده	آینده	آینده	_	_
297	در	در	در	_	_
298	جریان	جر	جریان	_	_
299	یک	یک	یک	_	_
300	نشست	نشست	نشست	_	_
301	که	که	که	_	_
302	در	در	در	_	_
303	شهر	شهر	شهر	_	_
304	بروکسل	بروکسل	بروکسل	_	_
305	بلژیک	بلژیک	بلژیک	_	_
306	،	،	،	_	_
307	مقر	مقر	مقر	_	_
308	اتحادیه	اتحادیه	اتحادیه	_	_
309	اروپا	اروپا	اروپا	_	_
310	برگزار	برگزار	برگزار	_	_
311	می‌شود	می‌شود	شد	_	_
312	،	،	،	_	_
313	نهایی	نهایی	نهایی	_	_
314	خواهد‌شد	خواهد‌شد	شد	_	_
315	.	.	.	_	_
316	او	او	او	_	_
317	وعده	وعده	وعده	_	_
318	داده	داده	داده	_	_
319	جزئیات	جزء	جزئیات	_	_
320	این	این	این	_	_
321	کانال	کانال	کانال	_	_
322	ضد‌تحریم	ضد‌تحر	ضد‌تحریم	_	_
323	به‌زودی	به‌زود	به‌زودی	_	_
324	اعلام	اعلا	اعلام	_	_
325	خواهد‌شد	خواهد‌شد	شد	_	_
326	.	.	.	_	_
327	به	به	به	_	_
328	گفته	گفته	گفته	_	_
329	این	این	این	_	_
330	مقام	مقام	مقام	_	_
331	ارشد	ارشد	ارشد	_	_
332	بانک	بانک	بانک	_	_
333	مرکزی	مرکز	مرکزی	_	_
334	،	،	،	_	_
335	جزئیات	جزء	جزئیات	_	_
336	این	این	این	_	_
337	کانال	کانال	کانال	_	_
338	هفته	هفته	هفته	_	_
339	آینده	آینده	آینده	_	_
340	بین	بین	بین	_	_
341	ایران	ایران	ایران	_	_
342	و	و	و	_	_
343	اروپا	اروپا	اروپا	_	_
344	مورد	مورد	مورد	_	_
345	بررسی	بررسی	بررسی	_	_
346	نهایی	نهایی	نهایی	_	_
347	قرار	قرار	قرار	_	_
348	می‌گیرد	می‌گیرد	گرفت	_	_
349	و	و	و	_	_
350	هدف	هدف	هدف	_	_
351	نخست	نخست	نخست	_	_
352	آن	آن	آن	_	_
353	رفع	رفع	رفع	_	_
354	مشکلات	مشکل	مشکلات	_	_
355	مربوط	مربوط	مربوط	_	_
356	به	به	به	_	_
357	انجام	انجام	انجام	_	_
358	پرداخت‌های	پرداخت	پرداخت	_	_
359	مالی	مال	مالی	_	_
360	است	است		_	_
361	.	.	.	_	_
362	او	او	او	_	_
363	در	در	در	_	_
364	صفحه	صفحه	صفحه	_	_
365	اینستاگرام	اینستاگرا	اینستاگرام	_	_
366	خود	خود	خود	_	_
367	نوشته‌است	نوشته‌اس	نوشت	_	_
368	:	:	:	_	_
369	کانال	کانال	کانال	_	_
370	ویژه	ویژه	ویژه	_	_
371	مالی	مال	مالی	_	_
372	اروپا	اروپا	اروپا	_	_
373	،	،	،	_	_
374	نقش	نق	نقش	_	_
375	نوعی	نوع	نوع	_	_
376	پیمان	پی	پیمان	_	_
377	پولی	پول	پول	_	_
378	دوجانبه	دوجانبه	دوجانبه	_	_
379	میان	می	میان	_	_
380	ایران	ایران	ایران	_	_
381	و	و	و	_	_
382	اتحادیه	اتحادیه	اتحادیه	_	_
383	اروپا	اروپا	اروپا	_	_
384	را	را	را	_	_
385	ایفا	ایفا	ایفا	_	_
386	خواهد‌کرد	خواهد‌کرد	کرد	_	_
387	و	و	و	_	_
388	هر	هر	هر	_	_
389	دو	دو	دو	_	_
390	طرف	طرف	طرف	_	_
391	بر	بر	بر	_	_
392	تسریع	تسریع	تسریع	_	_
393	در	در	در	_	_
394	عملیاتی	عملیات	عملیاتی	_	_
395	شدن	شدن	شدن	_	_
396	این	این	این	_	_
397	فرایند	فرایند	فرایند	_	_
398	تأکید	تأکید	تأکید	_	_
399	دارند	دارند	داشت	_	_
400	.	.	.	_	_
401	پیش‌تر	پیش	پیش	_	_
402	در	در	در	_	_
403	هفته	هفته	هفته	_	_
404	نخست	نخست	نخست	_	_
405	مهرماه	مهرماه	مهرماه	_	_
406	فدریکا	فدریکا	فدریکا	_	_
407	موگرینی	موگرین	موگرینی	_	_
408	،	،	،	_	_
409	مسئول	مسئول	مسئول	_	_
410	سیاست	سیاست	سیاست	_	_
411	خارجی	خارج	خارج	_	_
412	اتحادیه	اتحادیه	اتحادیه	_	_
413	اروپا	اروپا	اروپا	_	_
414	،	،	،	_	_
415	قول	قول	قول	_	_
416	داده‌بود	داده‌بود	داد	_	_
417	که	که	که	_	_
418	کانال	کانال	کانال	_	_
419	ویژه	ویژه	ویژه	_	_
420	مالی	مال	مالی	_	_
421	اروپا	اروپا	اروپا	_	_
422	تا	تا	تا	_	_
423	قبل	قبل	قبل	_	_
424	از	از	از	_	_
425	۱۰	10	10	_	_
426	آبان	آب	آبان	_	_
427	یعنی	یعنی	یعنی	_	_
428	چند	چند	چند	_	_
429	روز	روز	روز	_	_
430	مانده	مانده	مانده	_	_
431	به	به	به	_	_
432	اعمال	اعمال	اعمال	_	_
433	مرحله	مرحله	مرحله	_	_
434	دوم	دو	دوم	_	_
435	تحریم‌های	تحریم	تحریم	_	_
436	یکجانبه	یکجانبه	یکجانبه	_	_
437	و	و	و	_	_
438	فراسرزمینی	فراسرزمین	فراسرزمینی	_	_
439	آمریکا	آمریکا	آمریکا	_	_
440	علیه	علیه	علیه	_	_
441	ایران	ایران	ایران	_	_
442	ایجاد	ایجاد	ایجاد	_	_
443	شود	شود	شد	_	_
444	.	.	.	_	_
445	ایجاد	ایجاد	ایجاد	_	_
446	کانال	کانال	کانال	_	_
447	ویژه	ویژه	ویژه	_	_
448	مالی	مال	مالی	_	_
449	بر	بر	بر	_	_
450	مبنای	مبنا	مبنا	_	_
451	الگوی	الگو	الگو	_	_
452	پیمان	پی	پیمان	_	_
453	دوجانبه	دوجانبه	دوجانبه	_	_
454	پولی	پول	پول	_	_
455	به	به	به	_	_
456	این	این	این	_	_
457	معناست	معناس	معناست	_	_
458	که	که	که	_	_
459	بین	بین	بین	_	_
460	ایران	ایران	ایران	_	_
461	به‌عنوان	به‌عنو	به‌عنوان	_	_
462	کشور	کشور	کشور	_	_
463	صادرکننده	صادرکننده	صادرکننده	_	_
464	نفت	نفت	نفت	_	_
465	و	و	و	_	_
466	سایر	سایر	سایر	_	_
467	کالاها	کالا	کالا	_	_
468	و	و	و	_	_
469	کشور	کشور	کشور	_	_
470	خریدار	خریدار	خریدار	_	_
471	،	،	،	_	_
472	پول	پول	پول	_	_
473	ملی	مل	ملی	_	_
474	۲کشور	2کشور	2کشور	_	_
475	مبنای	مبنا	مبنا	_	_
476	عمل	عمل	عمل	_	_
477	تسویه‌حساب	تسویه‌حساب	تسویه‌حساب	_	_
478	قرار	قرار	قرار	_	_
479	می‌گیرد	می‌گیرد	گرفت	_	_
480	اما	اما	اما	_	_
481	پیش	پی	پیش	_	_
482	از	از	از	_	_
483	این	این	این	_	_
484	اعلام	اعلا	اعلام	_	_
485	شده‌بود	شده‌بود	شد	_	_
486	که	که	که	_	_
487	سازوکار	سازوکار	سازوکار	_	_
488	مالی	مال	مالی	_	_
489	پیشنهادشده	پیشنهادشده	پیشنهادشده	_	_
490	از	از	از	_	_
491	سوی	سو	سو	_	_
492	اروپا	اروپا	اروپا	_	_
493	بر	بر	بر	_	_
494	مبنای	مبنا	مبنا	_	_
495	یورو	یورو	یورو	_	_
496	به‌معنای	به‌معنا	به‌معنای	_	_
497	واحد	واحد	واحد	_	_
498	پولی	پول	پول	_	_
499	این	این	این	_	_
500	قاره	قاره	قاره	_	_
501	خواهد‌بود	خواهد‌بود	بود	_	_
502	و	و	و	_	_
503	اجرایی	اجرا	اجرایی	_	_
504	شدن	شدن	شدن	_	_
505	آن	آن	آن	_	_
506	مستلزم	مستلزم	مستلزم	_	_
507	همکاری	همکار	همکار	_	_
508	بانک‌های	بانک	بانک	_	_
509	مرکزی	مرکز	مرکزی	_	_
510	ایران	ایران	ایران	_	_
511	با	با	با	_	_
512	دیگر	دیگر	دیگر	_	_
513	بانک‌های	بانک	بانک	_	_
514	مرکزی	مرکز	مرکزی	_	_
515	اروپاست	اروپاس	اروپاست	_	_
516	.	.	.	_	_
517	ایرنا	ایرنا	ایرنا	_	_
518	گزارش	گزارش	گزارش	_	_
519	داده	داده	داده	_	_
520	در	در	در	_	_
521	قالب	قالب	قالب	_	_
522	سازوکار	سازوکار	سازوکار	_	_
523	مالی	مال	مالی	_	_
524	پیشنهادی	پیشنهاد	پیشنهاد	_	_
525	اروپا	اروپا	اروپا	_	_
526	،	،	،	_	_
527	ایران	ایران	ایران	_	_
528	می‌تواند	می‌تواند	توانست	_	_
529	کالاها	کالا	کالا	_	_
530	ازجمله	ازجمله	ازجمله	_	_
531	نفت	نفت	نفت	_	_
532	و	و	و	_	_
533	فرآورده‌های	فرآورده	فرآورده	_	_
534	نفتی	نفت	نفت	_	_
535	را	را	را	_	_
536	به	به	به	_	_
537	اروپا	اروپا	اروپا	_	_
538	صادر	صادر	صادر	_	_
539	و	و	و	_	_
540	در	در	در	_	_
541	قبال	قبال	قبال	_	_
542	آن	آن	آن	_	_
543	کالاها	کالا	کالا	_	_
544	و	و	و	_	_
545	خدمات	خدمت	خدمات	_	_
546	موردنیاز	موردنیاز	موردنیاز	_	_
547	را	را	را	_	_
548	از	از	از	_	_
549	کشورهای	کشور	کشور	_	_
550	اروپایی	اروپا	اروپایی	_	_
551	خریداری	خریدار	خریدار	_	_
552	کند	کند	کند	_	_
553	و	و	و	_	_
554	تهاتر	تهاتر	تهاتر	_	_
555	دریافت	دریافت	دریافت	_	_
556	و	و	و	_	_
557	پرداخت‌ها	پرداخت	پرداخت	_	_
558	بین	بین	بین	_	_
559	بانک‌های	بانک	بانک	_	_
560	مرکزی	مرکز	مرکزی	_	_
561	و	و	و	_	_
562	نه	نه	نه	_	_
563	شبکه	شبکه	شبکه	_	_
564	بانکی	بانک	بانک	_	_
565	صورت	صور	صورت	_	_
566	می‌پذیرد	می‌پذیرد	پذیرفت	_	_
567	.	.	.	_	_
568	«	«	«	_	_
569	آلبرت	آلبر	آلبرت	_	_
570	بغزیان	بغز	بغزیان	_	_
571	»	»	»	_	_
572	استاد	استاد	استاد	_	_
573	اقتصاد	اقتصاد	اقتصاد	_	_
574	دانشگاه	دانشگاه	دانشگاه	_	_
575	تهران	تهران	تهران	_	_
576	می‌گوید	می‌گوید	گفت	_	_
577	:	:	:	_	_
578	اگر	اگر	اگر	_	_
579	اروپا	اروپا	اروپا	_	_
580	بخواهد	بخواهد	خواست	_	_
581	و	و	و	_	_
582	از	از	از	_	_
583	آمریکا	آمریکا	آمریکا	_	_
584	ترس	ترس	ترس	_	_
585	نداشته‌باشد	نداشته‌باشد	داشت	_	_
586	،	،	،	_	_
587	به‌راحتی	به‌راحت	به‌راحتی	_	_
588	می‌تواند	می‌تواند	توانست	_	_
589	این	این	این	_	_
590	کانال	کانال	کانال	_	_
591	ارتباط	ارتباط	ارتباط	_	_
592	مالی	مال	مالی	_	_
593	یورویی	یورو	یورو	_	_
594	را	را	را	_	_
595	با	با	با	_	_
596	ایران	ایران	ایران	_	_
597	برقرار	برقرار	برقرار	_	_
598	کند	کند	کند	_	_
599	؛	؛	؛	_	_
600	چون	چون	چون	_	_
601	حساب‌ها	حساب	حساب	_	_
602	بر	بر	بر	_	_
603	پایه	پایه	پایه	_	_
604	یورو	یورو	یورو	_	_
605	نگهداری	نگهدار	نگهداری	_	_
606	می‌شود	می‌شود	شد	_	_
607	،	،	،	_	_
608	به‌راحتی	به‌راحت	به‌راحتی	_	_
609	می‌توان	می‌توان	می‌توان	_	_
610	درآمد	درآمد	درآمد	_	_
611	حاصل	حاصل	حاصل	_	_
612	از	از	از	_	_
613	صادرات	صادر	صادرات	_	_
614	ایران	ایران	ایران	_	_
615	را	را	را	_	_
616	با	با	با	_	_
617	واردات	وارد	واردات	_	_
618	کالاها	کالا	کالا	_	_
619	و	و	و	_	_
620	خدمات	خدمت	خدمات	_	_
621	از	از	از	_	_
622	حوزه	حوزه	حوزه	_	_
623	اروپا	اروپا	اروپا	_	_
624	تهاتر	تهاتر	تهاتر	_	_
625	کرد	کرد	کرد	_	_
626	.	.	.	_	_
627	عباس	عباس	عباس	_	_
628	هشی	هش	هشی	_	_
629	،	،	،	_	_
630	کارشناس	کارشناس	کارشناس	_	_
631	اقتصادی	اقتصاد	اقتصاد	_	_
632	هم	هم	هم	_	_
633	توضیح	توضیح	توضیح	_	_
634	می‌دهد	می‌دهد	داد	_	_
635	این	این	این	_	_
636	کانال	کانال	کانال	_	_
637	یورویی	یورو	یورو	_	_
638	اختراع	اختراع	اختراع	_	_
639	جدیدی	جدید	جدید	_	_
640	نیست	نیست	نیست	_	_
641	و	و	و	_	_
642	عملکرد	عملکرد	عملکرد	_	_
643	آن	آن	آن	_	_
644	همچون	همچون	همچون	_	_
645	اتاق‌های	اتاق	اتاق	_	_
646	تسویه	تسویه	تسویه	_	_
647	پایاپای	پایاپای	پایاپای	_	_
648	در	در	در	_	_
649	زمان	زمان	زمان	_	_
650	جنگ	جنگ	جنگ	_	_
651	تحمیلی	تحمیل	تحمیل	_	_
652	خواهد‌بود	خواهد‌بود	بود	_	_
653	.	.	.	_	_
654	معاون	معاون	معاون	_	_
655	بین‌الملل	بین‌الملل	بین‌الملل	_	_
656	بانک	بانک	بانک	_	_
657	مرکزی	مرکز	مرکزی	_	_
658	می‌گوید	می‌گوید	گفت	_	_
659	:	:	:	_	_
660	آمریکایی‌ها	آمریکایی	آمریکایی	_	_
661	پیش	پی	پیش	_	_
662	از	از	از	_	_
663	١٣	١٣	١٣	_	_
664	آبان	آب	آبان	_	_
665	هرچه	هرچه	هرچه	_	_
666	در	در	در	_	_
667	توان	تو	توان	_	_
668	داشتند	داشتند	داشت	_	_
669	،	،	،	_	_
670	انجام	انجام	انجام	_	_
671	دادند	دادند	داد	_	_
672	اما	اما	اما	_	_
673	با	با	با	_	_
674	برنامه‌ریزی‌ها	برنامه‌ریزی	برنامه‌ریزی	_	_
675	،	،	،	_	_
676	تلاش	تلاش	تلاش	_	_
677	داریم	داریم	داشت	_	_
678	هزینه‌های	هزینه	هزینه	_	_
679	تحریم	تحری	تحریم	_	_
680	را	را	را	_	_
681	کاهش	کاه	کاهش	_	_
682	داده	داده	داده	_	_
683	و	و	و	_	_
684	اجازه	اجازه	اجازه	_	_
685	ندهیم	نده	داد	_	_
686	جریان	جر	جریان	_	_
687	تجاری	تجار	تجار	_	_
688	کشور	کشور	کشور	_	_
689	متوقف	متوقف	متوقف	_	_
690	شود	شود	شد	_	_
691	؛	؛	؛	_	_
692	ضمن	ضمن	ضمن	_	_
693	آنکه	آنکه	آنکه	_	_
694	اروپایی‌ها	اروپایی	اروپایی	_	_
695	به	به	به	_	_
696	چند	چند	چند	_	_
697	دلیل	دلیل	دلیل	_	_
698	نمی‌خواهند	نمی‌خواهند	خواست	_	_
699	تجارت	تجار	تجارت	_	_
700	با	با	با	_	_
701	ایران	ایران	ایران	_	_
702	را	را	را	_	_
703	رها	رها	رها	_	_
704	کنند	کنند	کرد	_	_
705	.	.	.	_	_
706	براساس	براساس	براساس	_	_
707	اعلام	اعلا	اعلام	_	_
708	بانک	بانک	بانک	_	_
709	صادرات	صادر	صادرات	_	_
710	ایران	ایران	ایران	_	_
711	،	،	،	_	_
712	حسین	حس	حسین	_	_
713	یعقوبی	یعقوب	یعقوب	_	_
714	میاب	میاب	میاب	_	_
715	تأکید	تأکید	تأکید	_	_
716	می‌کند	می‌کند	کرد	_	_
717	:	:	:	_	_
718	تحریم‌های	تحریم	تحریم	_	_
719	اخیر	اخیر	اخیر	_	_
720	مانند	مانند	مانند	_	_
721	تحریم‌های	تحریم	تحریم	_	_
722	سازمان	سازمان	سازمان	_	_
723	ملل	ملل	ملل	_	_
724	گسترده	گسترده	گسترده	_	_
725	نیست	نیست	نیست	_	_
726	و	و	و	_	_
727	به	به	به	_	_
728	همین	هم	همین	_	_
729	دلیل	دلیل	دلیل	_	_
730	ابزارهای	ابزار	ابزار	_	_
731	بهتری	بهتر	بهتر	_	_
732	برای	برای	برای	_	_
733	مقابله	مقابله	مقابله	_	_
734	با	با	با	_	_
735	آنها	آن	آن	_	_
736	در	در	در	_	_
737	اختیار	اختیار	اختیار	_	_
738	داریم	داریم	داشت	_	_
739	.	.	.	_	_
740	معاون	معاون	معاون	_	_
741	بین‌الملل	بین‌الملل	بین‌الملل	_	_
742	بانک	بانک	بانک	_	_
743	مرکزی	مرکز	مرکزی	_	_
744	تأکید	تأکید	تأکید	_	_
745	می‌کند	می‌کند	کرد	_	_
746	:	:	:	_	_
747	دولت	دول	دولت	_	_
748	آمریکا	آمریکا	آمریکا	_	_
749	سعی	سعی	سعی	_	_
750	کرده‌است	کرده‌است	کرد	_	_
751	با	با	با	_	_
752	خروج	خروج	خروج	_	_
753	از	از	از	_	_
754	برجام	برجا	برجا	_	_
755	،	،	،	_	_
756	اقتصاد	اقتصاد	اقتصاد	_	_
757	ایران	ایران	ایران	_	_
758	را	را	را	_	_
759	دچار	دچار	دچار	_	_
760	اختلال	اختلال	اختلال	_	_
761	کند	کند	کند	_	_
762	اما	اما	اما	_	_
763	حضور	حضور	حضور	_	_
764	اروپایی‌ها	اروپایی	اروپایی	_	_
765	و	و	و	_	_
766	تعهداتی	تعهدات	تعهدات	_	_
767	که	که	که	_	_
768	دادند	دادند	داد	_	_
769	،	،	،	_	_
770	فشار	فشار	فشار	_	_
771	را	را	را	_	_
772	کمتر	کم	کمتر	_	_
773	کرد	کرد	کرد	_	_
774	؛	؛	؛	_	_
775	تا	تا	تا	_	_
776	زمانی	زمان	زمان	_	_
777	که	که	که	_	_
778	اروپایی‌ها	اروپایی	اروپایی	_	_
779	حضور	حضور	حضور	_	_
780	دارند	دارند	داشت	_	_
781	معافیت‌های	معافیت	معافیت	_	_
782	خوب	خوب	خوب	_	_
783	همچنان	همچنان	همچنان	_	_
784	وجود	وجود	وجود	_	_
785	خواهد‌داشت	خواهد‌دا	داشت	_	_
786	.	.	.	_	_
787	یعقوبی	یعقوب	یعقوب	_	_
788	می‌افزاید	می‌افزاید	افزود	_	_
789	:	:	:	_	_
790	تصور	تصور	تصور	_	_
791	می‌کنم	می‌کنم	کرد	_	_
792	اروپایی‌ها	اروپایی	اروپایی	_	_
793	به	به	به	_	_
794	۲دلیل	2دلیل	2دلیل	_	_
795	به‌زودی	به‌زود	به‌زودی	_	_
796	کنار	کنار	کنار	_	_
797	نخواهند‌رفت	نخواهند‌رف	رفت	_	_
798	؛	؛	؛	_	_
799	نخست	نخست	نخست	_	_
800	به‌واسطه	به‌واسطه	به‌واسطه	_	_
801	جنگ	جنگ	جنگ	_	_
802	تجاری	تجار	تجار	_	_
803	آنها	آن	آن	_	_
804	با	با	با	_	_
805	آمریکا	آمریکا	آمریکا	_	_
806	و	و	و	_	_
807	دوم	دو	دوم	_	_
808	اینکه	اینکه	اینکه	_	_
809	به‌دنبال	به‌دنبال	به‌دنبال	_	_
810	تقویت	تقویت	تقویت	_	_
811	جایگاه	جایگاه	جایگاه	_	_
812	اروپا	اروپا	اروپا	_	_
813	در	در	در	_	_
814	فضای	فضا	فضا	_	_
815	اقتصاد	اقتصاد	اقتصاد	_	_
816	بین‌الملل	بین‌الملل	بین‌الملل	_	_
817	هستند	هستند		_	_
818	.	.	.	_	_
819	رویترز	رویترز	رویترز	_	_
820	به	به	به	_	_
821	نقل	نقل	نقل	_	_
822	از	از	از	_	_
823	۳دیپلمات	3دیپل	3دیپلمات	_	_
824	اروپایی	اروپا	اروپایی	_	_
825	گزارش	گزارش	گزارش	_	_
826	داد	داد	داد	_	_
827	:	:	:	_	_
828	کانال	کانال	کانال	_	_
829	مالی	مال	مالی	_	_
830	یا	یا	یا	_	_
831	سازوکار	سازوکار	سازوکار	_	_
832	اتحادیه	اتحادیه	اتحادیه	_	_
833	اروپا	اروپا	اروپا	_	_
834	برای	برای	برای	_	_
835	تسهیل	تسهیل	تسهیل	_	_
836	پرداخت	پرداخت	پرداخت	_	_
837	پول	پول	پول	_	_
838	اقلام	قلم	اقلام	_	_
839	صادراتی	صادرات	صادرات	_	_
840	ایران	ایران	ایران	_	_
841	به	به	به	_	_
842	اروپا	اروپا	اروپا	_	_
843	با	با	با	_	_
844	هدف	هدف	هدف	_	_
845	عبور	عبور	عبور	_	_
846	از	از	از	_	_
847	تحریم‌های	تحریم	تحریم	_	_
848	آمریکا	آمریکا	آمریکا	_	_
849	،	،	،	_	_
850	تا	تا	تا	_	_
851	سیزدهم	سیزده	سیزدهم	_	_
852	آبان	آب	آبان	_	_
853	به	به	به	_	_
854	شکل	شکل	شکل	_	_
855	نمادین	نماد	نمادین	_	_
856	آماده	آماده	آماده	_	_
857	می‌شود	می‌شود	شد	_	_
858	اما	اما	اما	_	_
859	عملیاتی	عملیات	عملیاتی	_	_
860	شدن	شدن	شدن	_	_
861	آن	آن	آن	_	_
862	تا	تا	تا	_	_
863	اوایل	اوایل	اوایل	_	_
864	زمستان	زمستان	زمستان	_	_
865	سال‌جاری	سال‌جار	سال‌جاری	_	_
866	طول	طول	طول	_	_
867	می‌کشد	می‌کشد	کشید	_	_
868	.	.	.	_	_
869	وزیر	وزیر	وزیر	_	_
870	امور	امور	امور	_	_
871	اقتصادی	اقتصاد	اقتصاد	_	_
872	و	و	و	_	_
873	دارایی	دارا	دارایی	_	_
874	با	با	با	_	_
875	بیان	بی	بیان	_	_
876	اینکه	اینکه	اینکه	_	_
877	تحریمی	تحریم	تحریم	_	_
878	که	که	که	_	_
879	می‌خواهند	می‌خواهند	خواست	_	_
880	در	در	در	_	_
881	۱۳	۱۳	۱۳	_	_
882	آبان	آب	آبان	_	_
883	اعلام	اعلا	اعلام	_	_
884	کنند	کنند	کرد	_	_
885	قبلا	قبلا	قبلا	_	_
886	اجرایی	اجرا	اجرایی	_	_
887	کرده‌اند	کرده‌اند	کرد	_	_
888	،	،	،	_	_
889	گفت	گفت	گفت	_	_
890	:	:	:	_	_
891	اولین	اول	اولین	_	_
892	برنامه	برنامه	برنامه	_	_
893	مدنظر	مدنظر	مدنظر	_	_
894	،	،	،	_	_
895	تامین	تا	تا	_	_
896	مالی	مال	مالی	_	_
897	اقتصادی	اقتصاد	اقتصاد	_	_
898	و	و	و	_	_
899	دومین	دو	دومین	_	_
900	کار	کار	کار	_	_
901	بهبود	بهبود	بهبود	_	_
902	فضای	فضا	فضا	_	_
903	کسب	کسب	کسب	_	_
904	و	و	و	_	_
905	کار	کار	کار	_	_
906	اقتصادی	اقتصاد	اقتصاد	_	_
907	از	از	از	_	_
908	طریق	طریق	طریق	_	_
909	تسهیل	تسهیل	تسهیل	_	_
910	شرایط	شرایط	شرایط	_	_
911	گمرکی	گمرک	گمرک	_	_
912	است	است		_	_
913	.	.	.	_	_
914	به	به	به	_	_
915	گزارش	گزارش	گزارش	_	_
916	فارس	فارس	فارس	_	_
917	،	،	،	_	_
918	فرهاد	فرهاد	فرهاد	_	_
919	دژپسند	دژپسند	دژپسند	_	_
920	وزیر	وزیر	وزیر	_	_
921	امور	امور	امور	_	_
922	اقتصادی	اقتصادي	اقتصادي	_	_
923	و	و	و	_	_
924	دارایی	دارايي	دارايي	_	_
925	با	با	با	_	_
926	بیان	بی	بیان	_	_
927	اینکه	اینکه	اینکه	_	_
928	تحریمی	تحریم	تحریم	_	_
929	که	که	که	_	_
930	می‌خواهند	می‌خواهند	خواست	_	_
931	در	در	در	_	_
932	۱۳	۱۳	۱۳	_	_
933	آبان	آب	آبان	_	_
934	اعلام	اعلا	اعلام	_	_
935	کنند	کنند	کرد	_	_
936	،	،	،	_	_
937	قبلا	قبلا	قبلا	_	_
938	اجرایی	اجرا	اجرایی	_	_
939	کرده‌اند	کرده‌اند	کرد	_	_
940	،	،	،	_	_
941	گفت	گفت	گفت	_	_
942	:	:	:	_	_
943	در	در	در	_	_
944	وزارت	وزارت	وزارت	_	_
945	امور	امور	امور	_	_
946	اقتصادی	اقتصادي	اقتصادي	_	_
947	و	و	و	_	_
948	دارایی	دارا	دارایی	_	_
949	در	در	در	_	_
950	حال	حال	حال	_	_
951	رصد	رصد	رصد	_	_
952	برنامه‌های	برنامه	برنامه	_	_
953	دشمن	دشمن	دشمن	_	_
954	و	و	و	_	_
955	در	در	در	_	_
956	حال	حال	حال	_	_
957	آماده‌سازی	آماده‌ساز	آماده‌ساز	_	_
958	بسته‌هایی	بسته	بسته	_	_
959	برای	برای	برای	_	_
960	مواجهه	مواجهه	مواجهه	_	_
961	با	با	با	_	_
962	این	این	این	_	_
963	دشمنی‌ها	دشمنی	دشمنی‌ها	_	_
964	هستیم	هستي	هستيم	_	_
965	.	.	.	_	_
966	دژپسند	دژپسند	دژپسند	_	_
967	درباره	درباره	درباره	_	_
968	برنامه‌های	برنامه	برنامه	_	_
969	اصلی	اصل	اصل	_	_
970	خود	خود	خود	_	_
971	در	در	در	_	_
972	وزارت	وزارت	وزارت	_	_
973	امور	امور	امور	_	_
974	اقتصادی	اقتصادي	اقتصادي	_	_
975	و	و	و	_	_
976	دارایی	دارا	دارایی	_	_
977	گفت	گفت	گفت	_	_
978	:	:	:	_	_
979	طبیعی	طبیعی	طبیعی	_	_
980	است	است		_	_
981	که	که	که	_	_
982	در	در	در	_	_
983	این	این	این	_	_
984	شرایط	شرایط	شرایط	_	_
985	همه	همه	همه	_	_
986	انتظار	انتظار	انتظار	_	_
987	دارند	دارند	داشت	_	_
988	که	که	که	_	_
989	با	با	با	_	_
990	توجه	توجه	توجه	_	_
991	به	به	به	_	_
992	تحریم‌های	تحریم	تحریم	_	_
993	دشمن	دشمن	دشمن	_	_
994	،	،	،	_	_
995	ببینند	ببینند	ببینند	_	_
996	ما	ما	ما	_	_
997	چه	چه	چه	_	_
998	برنامه‌ای	برنامه	برنامه	_	_
999	را	را	را	_	_
1000	تدارک	تدارک	تدارک	_	_
1001	دیدیم	دید	دید	_	_
1002	.	.	.	_	_
1003	وی	و	وی	_	_
1004	افزود	افزود	افزود	_	_
1005	:	:	:	_	_
1006	اولین	اول	اولین	_	_
1007	برنامه	برنامه	برنامه	_	_
1008	مدنظر	مدنظر	مدنظر	_	_
1009	،	،	،	_	_
1010	تامین	تا	تا	_	_
1011	مالی	مال	مالی	_	_
1012	اقتصادی	اقتصاد	اقتصاد	_	_
1013	است	است		_	_
1014	.	.	.	_	_
1015	دومین	دو	دومین	_	_
1016	کار	کار	کار	_	_
1017	بهبود	بهبود	بهبود	_	_
1018	فضای	فضا	فضا	_	_
1019	کسب	کسب	کسب	_	_
1020	و	و	و	_	_
1021	کار	کار	کار	_	_
1022	اقتصادی	اقتصاد	اقتصاد	_	_
1023	از	از	از	_	_
1024	طریق	طریق	طریق	_	_
1025	تسهیل	تسهیل	تسهیل	_	_
1026	شرایط	شرایط	شرایط	_	_
1027	گمرکی	گمرک	گمرک	_	_
1028	است	است		_	_
1029	.	.	.	_	_
1030	سومین	سو	سومین	_	_
1031	کار	کار	کار	_	_
1032	این	این	این	_	_
1033	است	است		_	_
1034	که	که	که	_	_
1035	بتوانیم	بتوان	توانست	_	_
1036	سیاست‌های	سیاست	سیاست	_	_
1037	خصوصی‌سازی	خصوصی‌سازی	خصوصی‌سازی	_	_
1038	را	را	را	_	_
1039	همان‌طور	همان‌طور	همان‌طور	_	_
1040	که	که	که	_	_
1041	در	در	در	_	_
1042	اصل	اصل	اصل	_	_
1043	۴۴	۴۴	۴۴	_	_
1044	آمده‌است	آمده‌است	آمد	_	_
1045	پیاده	پیاده	پیاده	_	_
1046	کنیم	کنیم	کرد	_	_
1047	و	و	و	_	_
1048	در	در	در	_	_
1049	نهایت	نهایت	نهایت	_	_
1050	با	با	با	_	_
1051	الکترونیکی	الکترونیک	الکترونیک	_	_
1052	کردن	کردن	کردن	_	_
1053	و	و	و	_	_
1054	ساماندهی	سامانده	ساماندهی	_	_
1055	مشخص	مشخص	مشخص	_	_
1056	،	،	،	_	_
1057	با	با	با	_	_
1058	فساد	فساد	فساد	_	_
1059	مقابله	مقابله	مقابله	_	_
1060	کنیم	کنیم	کرد	_	_
1061	چراکه	چراکه	چراکه	_	_
1062	فساد	فساد	فساد	_	_
1063	،	،	،	_	_
1064	اقتصاد	اقتصاد	اقتصاد	_	_
1065	را	را	را	_	_
1066	زمین‌گیر	زمین‌گیر	زمین‌گیر	_	_
1067	می‌کند	می‌کند	کرد	_	_
1068	.	.	.	_	_
1069	امیدوارم	امیدوار	امیدوار	_	_
1070	در	در	در	_	_
1071	این	این	این	_	_
1072	کارها	کار	کار	_	_
1073	با	با	با	_	_
1074	همکاری	همکار	همکار	_	_
1075	دیگران	دیگر	دیگر	_	_
1076	،	،	،	_	_
1077	گام	گام	گام	_	_
1078	بلندی	بلند	بلند	_	_
1079	برداریم	بردار	بردار	_	_
1080	.	.	.	_	_
1081	=======	=======	=======	_	_
1082	﻿مقام	﻿مقا	﻿مقام	_	_
1083	معظم	معظم	معظم	_	_
1084	رهبری	رهبر	رهبر	_	_
1085	در	در	در	_	_
1086	دیدار	دیدار	دیدار	_	_
1087	رئیس	رئیس	رئیس	_	_
1088	و	و	و	_	_
1089	مسئولان	مسئول	مسئول	_	_
1090	سازمان	سازمان	سازمان	_	_
1091	پدافند	پدافند	پدافند	_	_
1092	غیرعامل	غیرعامل	غیرعامل	_	_
1093	اظهار	اظهار	اظهار	_	_
1094	داشتند	داشتند	داشت	_	_
1095	:	:	:	_	_
1096	پدافند	پدافند	پدافند	_	_
1097	غیرعامل	غیرعامل	غیرعامل	_	_
1098	در	در	در	_	_
1099	مقابل	مقابل	مقابل	_	_
1100	تهاجم	تهاجم	تهاجم	_	_
1101	دشمنان	دشمن	دشمن	_	_
1102	علمی	علم	علم	_	_
1103	،	،	،	_	_
1104	جدی	جد	جدی	_	_
1105	و	و	و	_	_
1106	همه‌جانبه	همه‌جانبه	همه‌جانبه	_	_
1107	باشد	باشد	بود	_	_
1108	.	.	.	_	_
1109	به	به	به	_	_
1110	گزارش	گزارش	گزارش	_	_
1111	پایگاه	پايگاه	پايگاه	_	_
1112	اطلاع‌رسانی	اطلاع‌رساني	اطلاع‌رساني	_	_
1113	دفتر	دف	دفتر	_	_
1114	حفظ	حفظ	حفظ	_	_
1115	و	و	و	_	_
1116	نشر	نشر	نشر	_	_
1117	آثار	آثار	آثار	_	_
1118	رهبر	رهبر	رهبر	_	_
1119	معظم	معظم	معظم	_	_
1120	انقلاب	انقلاب	انقلاب	_	_
1121	،	،	،	_	_
1122	حضرت	حضرت	حضرت	_	_
1123	آیت	آیت	آیت	_	_
1124	الله	الله	الله	_	_
1125	خامنه‌ای	خامنه	خامنه	_	_
1126	رهبر	رهبر	رهبر	_	_
1127	معظم	معظم	معظم	_	_
1128	انقلاب	انقلاب	انقلاب	_	_
1129	اسلامی	اسلام	اسلام	_	_
1130	ظهر	ظهر	ظهر	_	_
1131	امروز	امروز	امروز	_	_
1132	(	(	(	_	_
1133	یکشنبه	یکشنبه	یکشنبه	_	_
1134	۶	6	6	_	_
1135	آبان	آب	آبان	_	_
1136	)	)	)	_	_
1137	در	در	در	_	_
1138	این	این	این	_	_
1139	دیدار	دیدار	دیدار	_	_
1140	با	با	با	_	_
1141	اشاره	اشاره	اشاره	_	_
1142	به	به	به	_	_
1143	اهمیت	اهمیت	اهمیت	_	_
1144	روزافزون	روزافزون	روزافزون	_	_
1145	پدافند	پدافند	پدافند	_	_
1146	غیرعامل	غیرعامل	غیرعامل	_	_
1147	در	در	در	_	_
1148	مقابله	مقابله	مقابله	_	_
1149	با	با	با	_	_
1150	تهدیدهای	تهدید	تهدید	_	_
1151	نو	نو	نو	_	_
1152	شونده	شونده	شونده	_	_
1153	دشمنان	دشمن	دشمن	_	_
1154	،	،	،	_	_
1155	تأکید	تأکید	تأکید	_	_
1156	کردند	کردند	کرد	_	_
1157	:	:	:	_	_
1158	در	در	در	_	_
1159	مقابل	مقابل	مقابل	_	_
1160	شیوه‌های	شیوه	شیوه	_	_
1161	پیچیده	پیچیده	پیچیده	_	_
1162	تهاجم	تهاجم	تهاجم	_	_
1163	دشمنان	دشمن	دشمن	_	_
1164	،	،	،	_	_
1165	پدافند	پدافند	پدافند	_	_
1166	غیرعامل	غیرعامل	غیرعامل	_	_
1167	نیز	نیز	نیز	_	_
1168	باید	باید	باید	_	_
1169	کاملا	کاملاً	کاملاً	_	_
1170	هوشیار	هوشیار	هوشیار	_	_
1171	و	و	و	_	_
1172	جدی	جد	جدی	_	_
1173	باشد	باشد	بود	_	_
1174	و	و	و	_	_
1175	به	به	به	_	_
1176	صورت	صور	صورت	_	_
1177	علمی	علم	علم	_	_
1178	،	،	،	_	_
1179	دقیق	دقیق	دقیق	_	_
1180	،	،	،	_	_
1181	به‌روز	به‌روز	به‌روز	_	_
1182	و	و	و	_	_
1183	همه‌جانبه	همه‌جانبه	همه‌جانبه	_	_
1184	عمل	عمل	عمل	_	_
1185	و	و	و	_	_
1186	با	با	با	_	_
1187	هرگونه	هرگونه	هرگونه	_	_
1188	نفوذ	نفوذ	نفوذ	_	_
1189	مقابله	مقابله	مقابله	_	_
1190	کند	کند	کند	_	_
1191	.	.	.	_	_
1192	حضرت	حضرت	حضرت	_	_
1193	آیت	آیت	آیت	_	_
1194	الله	الله	الله	_	_
1195	خامنه‌ای	خامنه	خامنه	_	_
1196	توجه	توجه	توجه	_	_
1197	مسئولان	مسئول	مسئول	_	_
1198	در	در	در	_	_
1199	همه	همه	همه	_	_
1200	بخشها	بخش	بخش	_	_
1201	به	به	به	_	_
1202	اهمیت	اهمیت	اهمیت	_	_
1203	پدافند	پدافند	پدافند	_	_
1204	غیرعامل	غیرعامل	غیرعامل	_	_
1205	را	را	را	_	_
1206	لازم	لازم	لازم	_	_
1207	دانستند	دانستند	دانست	_	_
1208	و	و	و	_	_
1209	افزودند	افزودند	افزود	_	_
1210	:	:	:	_	_
1211	اگر	اگر	اگر	_	_
1212	مدیران	مدیر	مدیر	_	_
1213	کشور	کشور	کشور	_	_
1214	اهمیت	اهمیت	اهمیت	_	_
1215	این	این	این	_	_
1216	مسئله	مسئله	مسئله	_	_
1217	را	را	را	_	_
1218	درک	درک	درک	_	_
1219	نکنند	نکنند	کرد	_	_
1220	و	و	و	_	_
1221	پدافند	پدافند	پدافند	_	_
1222	غیرعامل	غیرعامل	غیرعامل	_	_
1223	به	به	به	_	_
1224	طور	طور	طور	_	_
1225	شایسته	شایسته	شایسته	_	_
1226	توسعه	توسعه	توسعه	_	_
1227	پیدا	پیدا	پیدا	_	_
1228	نکند	نکند	کرد	_	_
1229	،	،	،	_	_
1230	کشور	کشور	کشور	_	_
1231	در	در	در	_	_
1232	معرض	معرض	معرض	_	_
1233	تهدیدهای	تهدید	تهدید	_	_
1234	بعضا	بعضاً	بعضاً	_	_
1235	غیرقابل	غیرقابل	غیرقابل	_	_
1236	جبران	جبر	جبران	_	_
1237	قرار	قرار	قرار	_	_
1238	خواهد‌گرفت	خواهد‌گرف	گرفت	_	_
1239	،	،	،	_	_
1240	بنابراین	بنابراین	بنابراین	_	_
1241	مسئولان	مسئول	مسئول	_	_
1242	بخش‌های	بخش	بخش	_	_
1243	مختلف	مختلف	مختلف	_	_
1244	کشور	کشور	کشور	_	_
1245	چه	چه	چه	_	_
1246	بخشهای	بخش	بخش	_	_
1247	نظامی	نظام	نظام	_	_
1248	و	و	و	_	_
1249	چه	چه	چه	_	_
1250	بخشهای	بخش	بخش	_	_
1251	غیرنظامی	غیرنظامی	غیرنظامی	_	_
1252	،	،	،	_	_
1253	باید	باید	باید	_	_
1254	با	با	با	_	_
1255	پدافند	پدافند	پدافند	_	_
1256	غیرعامل	غیرعامل	غیرعامل	_	_
1257	همکاری	همکار	همکار	_	_
1258	کامل	کامل	کامل	_	_
1259	و	و	و	_	_
1260	لازم	لازم	لازم	_	_
1261	انجام	انجام	انجام	_	_
1262	دهند	دهند	داد	_	_
1263	.	.	.	_	_
1264	ایران	ایران	ایران	_	_
1265	و	و	و	_	_
1266	اتحادیه	اتحادیه	اتحادیه	_	_
1267	اروپا	اروپا	اروپا	_	_
1268	برای	برای	برای	_	_
1269	رونمایی	رونما	رونما	_	_
1270	از	از	از	_	_
1271	یک	یک	یک	_	_
1272	تونل	تونل	تونل	_	_
1273	مالی	مال	مالی	_	_
1274	ویژه‌	ویژه	ویژه	_	_
1275	،	،	،	_	_
1276	با	با	با	_	_
1277	هدف	هدف	هدف	_	_
1278	خنثی‌سازی	خنثی‌سازی	خنثی‌سازی	_	_
1279	اثر	اثر	اثر	_	_
1280	تحریم‌های	تحریم	تحریم	_	_
1281	آمریکا	آمریکا	آمریکا	_	_
1282	و	و	و	_	_
1283	هموار	هموار	هموار	_	_
1284	شدن	شدن	شدن	_	_
1285	راه	راه	راه	_	_
1286	تجارت	تجار	تجارت	_	_
1287	بین	بین	بین	_	_
1288	کشورمان	کشور	کشور	_	_
1289	با	با	با	_	_
1290	جهان	جهان	جهان	_	_
1291	آماده	آماده	آماده	_	_
1292	می‌شوند	می‌شوند	شد	_	_
1293	.	.	.	_	_
1294	ایجاد	ایجاد	ایجاد	_	_
1295	کانال	کانال	کانال	_	_
1296	ویژه	ویژه	ویژه	_	_
1297	مالی	مال	مالی	_	_
1298	اروپا	اروپا	اروپا	_	_
1299	یکی	یک	یک	_	_
1300	از	از	از	_	_
1301	گام‌های	گام	گام	_	_
1302	عملی	عمل	عملی	_	_
1303	برای	برای	برای	_	_
1304	حفظ	حفظ	حفظ	_	_
1305	برجام	برجا	برجا	_	_
1306	و	و	و	_	_
1307	بهره‌مندی	بهره‌مند	بهره‌مندی	_	_
1308	ایران	ایران	ایران	_	_
1309	از	از	از	_	_
1310	منافع	منافع	منافع	_	_
1311	اقتصادی	اقتصاد	اقتصاد	_	_
1312	آن	آن	آن	_	_
1313	ازجمله	ازجمله	ازجمله	_	_
1314	ایمن	ایمن	ایمن	_	_
1315	ماندن	ماندن	ماندن	_	_
1316	مسیر	مسیر	مسیر	_	_
1317	فروش	فرو	فروش	_	_
1318	نفت	نفت	نفت	_	_
1319	و	و	و	_	_
1320	دیگر	دیگر	دیگر	_	_
1321	کالاهای	کالا	کالا	_	_
1322	صادراتی	صادرات	صادرات	_	_
1323	به	به	به	_	_
1324	اروپا	اروپا	اروپا	_	_
1325	و	و	و	_	_
1326	البته	البته	البته	_	_
1327	سایر	سایر	سایر	_	_
1328	کشورها	کشور	کشور	_	_
1329	به‌شمار	به‌شمار	به‌شمار	_	_
1330	می‌رود	می‌رود	رفت	_	_
1331	و	و	و	_	_
1332	قرار	قرار	قرار	_	_
1333	است	است		_	_
1334	مبنای	مبنا	مبنا	_	_
1335	رد	رد	رد	_	_
1336	و	و	و	_	_
1337	بدل	بدل	بدل	_	_
1338	مالی	مال	مالی	_	_
1339	در	در	در	_	_
1340	این	این	این	_	_
1341	کانال	کانال	کانال	_	_
1342	ویژه	ویژه	ویژه	_	_
1343	براساس	براساس	براساس	_	_
1344	یورو	یورو	یورو	_	_
1345	و	و	و	_	_
1346	نه	نه	نه	_	_
1347	دلار	دلار	دلار	_	_
1348	صورت	صور	صورت	_	_
1349	گیرد	گیرد	گرفت	_	_
1350	.	.	.	_	_
1351	به‌گزارش	به‌گزار	به‌گزارش	_	_
1352	همشهری	همشهری	همشهری	_	_
1353	،	،	،	_	_
1354	عبدالناصر	عبدالناصر	عبدالناصر	_	_
1355	همتی	همت	همت	_	_
1356	،	،	،	_	_
1357	رئیس‌کل	رئیس‌کل	رئیس‌کل	_	_
1358	بانک	بانک	بانک	_	_
1359	مرکزی	مرکز	مرکزی	_	_
1360	ایران	ایران	ایران	_	_
1361	در	در	در	_	_
1362	تازه‌ترین	تازه	تازه	_	_
1363	واکنش	واکنش	واکنش	_	_
1364	به	به	به	_	_
1365	این	این	این	_	_
1366	موضوع	موضوع	موضوع	_	_
1367	گفته‌است	گفته‌اس	گفت	_	_
1368	جزئیات	جزء	جزئیات	_	_
1369	و	و	و	_	_
1370	نحوه	نحوه	نحوه	_	_
1371	استفاده	استفاده	استفاده	_	_
1372	از	از	از	_	_
1373	کانال	کانال	کانال	_	_
1374	ویژه	ویژه	ویژه	_	_
1375	مالی	مال	مالی	_	_
1376	اروپا	اروپا	اروپا	_	_
1377	هفته	هفته	هفته	_	_
1378	آینده	آینده	آینده	_	_
1379	در	در	در	_	_
1380	جریان	جر	جریان	_	_
1381	یک	یک	یک	_	_
1382	نشست	نشست	نشست	_	_
1383	که	که	که	_	_
1384	در	در	در	_	_
1385	شهر	شهر	شهر	_	_
1386	بروکسل	بروکسل	بروکسل	_	_
1387	بلژیک	بلژیک	بلژیک	_	_
1388	،	،	،	_	_
1389	مقر	مقر	مقر	_	_
1390	اتحادیه	اتحادیه	اتحادیه	_	_
1391	اروپا	اروپا	اروپا	_	_
1392	برگزار	برگزار	برگزار	_	_
1393	می‌شود	می‌شود	شد	_	_
1394	،	،	،	_	_
1395	نهایی	نهایی	نهایی	_	_
1396	خواهد‌شد	خواهد‌شد	شد	_	_
1397	.	.	.	_	_
1398	او	او	او	_	_
1399	وعده	وعده	وعده	_	_
1400	داده	داده	داده	_	_
1401	جزئیات	جزء	جزئیات	_	_
1402	این	این	این	_	_
1403	کانال	کانال	کانال	_	_
1404	ضد‌تحریم	ضد‌تحر	ضد‌تحریم	_	_
1405	به‌زودی	به‌زود	به‌زودی	_	_
1406	اعلام	اعلا	اعلام	_	_
1407	خواهد‌شد	خواهد‌شد	شد	_	_
1408	.	.	.	_	_
1409	به	به	به	_	_
1410	گفته	گفته	گفته	_	_
1411	این	این	این	_	_
1412	مقام	مقام	مقام	_	_
1413	ارشد	ارشد	ارشد	_	_
1414	بانک	بانک	بانک	_	_
1415	مرکزی	مرکز	مرکزی	_	_
1416	،	،	،	_	_
1417	جزئیات	جزء	جزئیات	_	_
1418	این	این	این	_	_
1419	کانال	کانال	کانال	_	_
1420	هفته	هفته	هفته	_	_
1421	آینده	آینده	آینده	_	_
1422	بین	بین	بین	_	_
1423	ایران	ایران	ایران	_	_
1424	و	و	و	_	_
1425	اروپا	اروپا	اروپا	_	_
1426	مورد	مورد	مورد	_	_
1427	بررسی	بررسی	بررسی	_	_
1428	نهایی	نهایی	نهایی	_	_
1429	قرار	قرار	قرار	_	_
1430	می‌گیرد	می‌گیرد	گرفت	_	_
1431	و	و	و	_	_
1432	هدف	هدف	هدف	_	_
1433	نخست	نخست	نخست	_	_
1434	آن	آن	آن	_	_
1435	رفع	رفع	رفع	_	_
1436	مشکلات	مشکل	مشکلات	_	_
1437	مربوط	مربوط	مربوط	_	_
1438	به	به	به	_	_
1439	انجام	انجام	انجام	_	_
1440	پرداخت‌های	پرداخت	پرداخت	_	_
1441	مالی	مال	مالی	_	_
1442	است	است		_	_
1443	.	.	.	_	_
1444	او	او	او	_	_
1445	در	در	در	_	_
1446	صفحه	صفحه	صفحه	_	_
1447	اینستاگرام	اینستاگرا	اینستاگرام	_	_
1448	خود	خود	خود	_	_
1449	نوشته‌است	نوشته‌اس	نوشت	_	_
1450	:	:	:	_	_
1451	کانال	کانال	کانال	_	_
1452	ویژه	ویژه	ویژه	_	_
1453	مالی	مال	مالی	_	_
1454	اروپا	اروپا	اروپا	_	_
1455	،	،	،	_	_
1456	نقش	نق	نقش	_	_
1457	نوعی	نوع	نوع	_	_
1458	پیمان	پی	پیمان	_	_
1459	پولی	پول	پول	_	_
1460	دوجانبه	دوجانبه	دوجانبه	_	_
1461	میان	می	میان	_	_
1462	ایران	ایران	ایران	_	_
1463	و	و	و	_	_
1464	اتحادیه	اتحادیه	اتحادیه	_	_
1465	اروپا	اروپا	اروپا	_	_
1466	را	را	را	_	_
1467	ایفا	ایفا	ایفا	_	_
1468	خواهد‌کرد	خواهد‌کرد	کرد	_	_
1469	و	و	و	_	_
1470	هر	هر	هر	_	_
1471	دو	دو	دو	_	_
1472	طرف	طرف	طرف	_	_
1473	بر	بر	بر	_	_
1474	تسریع	تسریع	تسریع	_	_
1475	در	در	در	_	_
1476	عملیاتی	عملیات	عملیاتی	_	_
1477	شدن	شدن	شدن	_	_
1478	این	این	این	_	_
1479	فرایند	فرایند	فرایند	_	_
1480	تأکید	تأکید	تأکید	_	_
1481	دارند	دارند	داشت	_	_
1482	.	.	.	_	_
1483	پیش‌تر	پیش	پیش	_	_
1484	در	در	در	_	_
1485	هفته	هفته	هفته	_	_
1486	نخست	نخست	نخست	_	_
1487	مهرماه	مهرماه	مهرماه	_	_
1488	فدریکا	فدریکا	فدریکا	_	_
1489	موگرینی	موگرین	موگرینی	_	_
1490	،	،	،	_	_
1491	مسئول	مسئول	مسئول	_	_
1492	سیاست	سیاست	سیاست	_	_
1493	خارجی	خارج	خارج	_	_
1494	اتحادیه	اتحادیه	اتحادیه	_	_
1495	اروپا	اروپا	اروپا	_	_
1496	،	،	،	_	_
1497	قول	قول	قول	_	_
1498	داده‌بود	داده‌بود	داد	_	_
1499	که	که	که	_	_
1500	کانال	کانال	کانال	_	_
1501	ویژه	ویژه	ویژه	_	_
1502	مالی	مال	مالی	_	_
1503	اروپا	اروپا	اروپا	_	_
1504	تا	تا	تا	_	_
1505	قبل	قبل	قبل	_	_
1506	از	از	از	_	_
1507	۱۰	10	10	_	_
1508	آبان	آب	آبان	_	_
1509	یعنی	یعنی	یعنی	_	_
1510	چند	چند	چند	_	_
1511	روز	روز	روز	_	_
1512	مانده	مانده	مانده	_	_
1513	به	به	به	_	_
1514	اعمال	اعمال	اعمال	_	_
1515	مرحله	مرحله	مرحله	_	_
1516	دوم	دو	دوم	_	_
1517	تحریم‌های	تحریم	تحریم	_	_
1518	یکجانبه	یکجانبه	یکجانبه	_	_
1519	و	و	و	_	_
1520	فراسرزمینی	فراسرزمین	فراسرزمینی	_	_
1521	آمریکا	آمریکا	آمریکا	_	_
1522	علیه	علیه	علیه	_	_
1523	ایران	ایران	ایران	_	_
1524	ایجاد	ایجاد	ایجاد	_	_
1525	شود	شود	شد	_	_
1526	.	.	.	_	_
1527	ایجاد	ایجاد	ایجاد	_	_
1528	کانال	کانال	کانال	_	_
1529	ویژه	ویژه	ویژه	_	_
1530	مالی	مال	مالی	_	_
1531	بر	بر	بر	_	_
1532	مبنای	مبنا	مبنا	_	_
1533	الگوی	الگو	الگو	_	_
1534	پیمان	پی	پیمان	_	_
1535	دوجانبه	دوجانبه	دوجانبه	_	_
1536	پولی	پول	پول	_	_
1537	به	به	به	_	_
1538	این	این	این	_	_
1539	معناست	معناس	معناست	_	_
1540	که	که	که	_	_
1541	بین	بین	بین	_	_
1542	ایران	ایران	ایران	_	_
1543	به‌عنوان	به‌عنو	به‌عنوان	_	_
1544	کشور	کشور	کشور	_	_
1545	صادرکننده	صادرکننده	صادرکننده	_	_
1546	نفت	نفت	نفت	_	_
1547	و	و	و	_	_
1548	سایر	سایر	سایر	_	_
1549	کالاها	کالا	کالا	_	_
1550	و	و	و	_	_
1551	کشور	کشور	کشور	_	_
1552	خریدار	خریدار	خریدار	_	_
1553	،	،	،	_	_
1554	پول	پول	پول	_	_
1555	ملی	مل	ملی	_	_
1556	۲کشور	2کشور	2کشور	_	_
1557	مبنای	مبنا	مبنا	_	_
1558	عمل	عمل	عمل	_	_
1559	تسویه‌حساب	تسویه‌حساب	تسویه‌حساب	_	_
1560	قرار	قرار	قرار	_	_
1561	می‌گیرد	می‌گیرد	گرفت	_	_
1562	اما	اما	اما	_	_
1563	پیش	پی	پیش	_	_
1564	از	از	از	_	_
1565	این	این	این	_	_
1566	اعلام	اعلا	اعلام	_	_
1567	شده‌بود	شده‌بود	شد	_	_
1568	که	که	که	_	_
1569	سازوکار	سازوکار	سازوکار	_	_
1570	مالی	مال	مالی	_	_
1571	پیشنهادشده	پیشنهادشده	پیشنهادشده	_	_
1572	از	از	از	_	_
1573	سوی	سو	سو	_	_
1574	اروپا	اروپا	اروپا	_	_
1575	بر	بر	بر	_	_
1576	مبنای	مبنا	مبنا	_	_
1577	یورو	یورو	یورو	_	_
1578	به‌معنای	به‌معنا	به‌معنای	_	_
1579	واحد	واحد	واحد	_	_
1580	پولی	پول	پول	_	_
1581	این	این	این	_	_
1582	قاره	قاره	قاره	_	_
1583	خواهد‌بود	خواهد‌بود	بود	_	_
1584	و	و	و	_	_
1585	اجرایی	اجرا	اجرایی	_	_
1586	شدن	شدن	شدن	_	_
1587	آن	آن	آن	_	_
1588	مستلزم	مستلزم	مستلزم	_	_
1589	همکاری	همکار	همکار	_	_
1590	بانک‌های	بانک	بانک	_	_
1591	مرکزی	مرکز	مرکزی	_	_
1592	ایران	ایران	ایران	_	_
1593	با	با	با	_	_
1594	دیگر	دیگر	دیگر	_	_
1595	بانک‌های	بانک	بانک	_	_
1596	مرکزی	مرکز	مرکزی	_	_
1597	اروپاست	اروپاس	اروپاست	_	_
1598	.	.	.	_	_
1599	ایرنا	ایرنا	ایرنا	_	_
1600	گزارش	گزارش	گزارش	_	_
1601	داده	داده	داده	_	_
1602	در	در	در	_	_
1603	قالب	قالب	قالب	_	_
1604	سازوکار	سازوکار	سازوکار	_	_
1605	مالی	مال	مالی	_	_
1606	پیشنهادی	پیشنهاد	پیشنهاد	_	_
1607	اروپا	اروپا	اروپا	_	_
1608	،	،	،	_	_
1609	ایران	ایران	ایران	_	_
1610	می‌تواند	می‌تواند	توانست	_	_
1611	کالاها	کالا	کالا	_	_
1612	ازجمله	ازجمله	ازجمله	_	_
1613	نفت	نفت	نفت	_	_
1614	و	و	و	_	_
1615	فرآورده‌های	فرآورده	فرآورده	_	_
1616	نفتی	نفت	نفت	_	_
1617	را	را	را	_	_
1618	به	به	به	_	_
1619	اروپا	اروپا	اروپا	_	_
1620	صادر	صادر	صادر	_	_
1621	و	و	و	_	_
1622	در	در	در	_	_
1623	قبال	قبال	قبال	_	_
1624	آن	آن	آن	_	_
1625	کالاها	کالا	کالا	_	_
1626	و	و	و	_	_
1627	خدمات	خدمت	خدمات	_	_
1628	موردنیاز	موردنیاز	موردنیاز	_	_
1629	را	را	را	_	_
1630	از	از	از	_	_
1631	کشورهای	کشور	کشور	_	_
1632	اروپایی	اروپا	اروپایی	_	_
1633	خریداری	خریدار	خریدار	_	_
1634	کند	کند	کند	_	_
1635	و	و	و	_	_
1636	تهاتر	تهاتر	تهاتر	_	_
1637	دریافت	دریافت	دریافت	_	_
1638	و	و	و	_	_
1639	پرداخت‌ها	پرداخت	پرداخت	_	_
1640	بین	بین	بین	_	_
1641	بانک‌های	بانک	بانک	_	_
1642	مرکزی	مرکز	مرکزی	_	_
1643	و	و	و	_	_
1644	نه	نه	نه	_	_
1645	شبکه	شبکه	شبکه	_	_
1646	بانکی	بانک	بانک	_	_
1647	صورت	صور	صورت	_	_
1648	می‌پذیرد	می‌پذیرد	پذیرفت	_	_
1649	.	.	.	_	_
1650	«	«	«	_	_
1651	آلبرت	آلبر	آلبرت	_	_
1652	بغزیان	بغز	بغزیان	_	_
1653	»	»	»	_	_
1654	استاد	استاد	استاد	_	_
1655	اقتصاد	اقتصاد	اقتصاد	_	_
1656	دانشگاه	دانشگاه	دانشگاه	_	_
1657	تهران	تهران	تهران	_	_
1658	می‌گوید	می‌گوید	گفت	_	_
1659	:	:	:	_	_
1660	اگر	اگر	اگر	_	_
1661	اروپا	اروپا	اروپا	_	_
1662	بخواهد	بخواهد	خواست	_	_
1663	و	و	و	_	_
1664	از	از	از	_	_
1665	آمریکا	آمریکا	آمریکا	_	_
1666	ترس	ترس	ترس	_	_
1667	نداشته‌باشد	نداشته‌باشد	داشت	_	_
1668	،	،	،	_	_
1669	به‌راحتی	به‌راحت	به‌راحتی	_	_
1670	می‌تواند	می‌تواند	توانست	_	_
1671	این	این	این	_	_
1672	کانال	کانال	کانال	_	_
1673	ارتباط	ارتباط	ارتباط	_	_
1674	مالی	مال	مالی	_	_
1675	یورویی	یورو	یورو	_	_
1676	را	را	را	_	_
1677	با	با	با	_	_
1678	ایران	ایران	ایران	_	_
1679	برقرار	برقرار	برقرار	_	_
1680	کند	کند	کند	_	_
1681	؛	؛	؛	_	_
1682	چون	چون	چون	_	_
1683	حساب‌ها	حساب	حساب	_	_
1684	بر	بر	بر	_	_
1685	پایه	پایه	پایه	_	_
1686	یورو	یورو	یورو	_	_
1687	نگهداری	نگهدار	نگهداری	_	_
1688	می‌شود	می‌شود	شد	_	_
1689	،	،	،	_	_
1690	به‌راحتی	به‌راحت	به‌راحتی	_	_
1691	می‌توان	می‌توان	می‌توان	_	_
1692	درآمد	درآمد	درآمد	_	_
1693	حاصل	حاصل	حاصل	_	_
1694	از	از	از	_	_
1695	صادرات	صادر	صادرات	_	_
1696	ایران	ایران	ایران	_	_
1697	را	را	را	_	_
1698	با	با	با	_	_
1699	واردات	وارد	واردات	_	_
1700	کالاها	کالا	کالا	_	_
1701	و	و	و	_	_
1702	خدمات	خدمت	خدمات	_	_
1703	از	از	از	_	_
1704	حوزه	حوزه	حوزه	_	_
1705	اروپا	اروپا	اروپا	_	_
1706	تهاتر	تهاتر	تهاتر	_	_
1707	کرد	کرد	کرد	_	_
1708	.	.	.	_	_
1709	عباس	عباس	عباس	_	_
1710	هشی	هش	هشی	_	_
1711	،	،	،	_	_
1712	کارشناس	کارشناس	کارشناس	_	_
1713	اقتصادی	اقتصاد	اقتصاد	_	_
1714	هم	هم	هم	_	_
1715	توضیح	توضیح	توضیح	_	_
1716	می‌دهد	می‌دهد	داد	_	_
1717	این	این	این	_	_
1718	کانال	کانال	کانال	_	_
1719	یورویی	یورو	یورو	_	_
1720	اختراع	اختراع	اختراع	_	_
1721	جدیدی	جدید	جدید	_	_
1722	نیست	نیست	نیست	_	_
1723	و	و	و	_	_
1724	عملکرد	عملکرد	عملکرد	_	_
1725	آن	آن	آن	_	_
1726	همچون	همچون	همچون	_	_
1727	اتاق‌های	اتاق	اتاق	_	_
1728	تسویه	تسویه	تسویه	_	_
1729	پایاپای	پایاپای	پایاپای	_	_
1730	در	در	در	_	_
1731	زمان	زمان	زمان	_	_
1732	جنگ	جنگ	جنگ	_	_
1733	تحمیلی	تحمیل	تحمیل	_	_
1734	خواهد‌بود	خواهد‌بود	بود	_	_
1735	.	.	.	_	_
1736	معاون	معاون	معاون	_	_
1737	بین‌الملل	بین‌الملل	بین‌الملل	_	_
1738	بانک	بانک	بانک	_	_
1739	مرکزی	مرکز	مرکزی	_	_
1740	می‌گوید	می‌گوید	گفت	_	_
1741	:	:	:	_	_
1742	آمریکایی‌ها	آمریکایی	آمریکایی	_	_
1743	پیش	پی	پیش	_	_
1744	از	از	از	_	_
1745	١٣	١٣	١٣	_	_
1746	آبان	آب	آبان	_	_
1747	هرچه	هرچه	هرچه	_	_
1748	در	در	در	_	_
1749	توان	تو	توان	_	_
1750	داشتند	داشتند	داشت	_	_
1751	،	،	،	_	_
1752	انجام	انجام	انجام	_	_
1753	دادند	دادند	داد	_	_
1754	اما	اما	اما	_	_
1755	با	با	با	_	_
1756	برنامه‌ریزی‌ها	برنامه‌ریزی	برنامه‌ریزی	_	_
1757	،	،	،	_	_
1758	تلاش	تلاش	تلاش	_	_
1759	داریم	داریم	داشت	_	_
1760	هزینه‌های	هزینه	هزینه	_	_
1761	تحریم	تحری	تحریم	_	_
1762	را	را	را	_	_
1763	کاهش	کاه	کاهش	_	_
1764	داده	داده	داده	_	_
1765	و	و	و	_	_
1766	اجازه	اجازه	اجازه	_	_
1767	ندهیم	نده	داد	_	_
1768	جریان	جر	جریان	_	_
1769	تجاری	تجار	تجار	_	_
1770	کشور	کشور	کشور	_	_
1771	متوقف	متوقف	متوقف	_	_
1772	شود	شود	شد	_	_
1773	؛	؛	؛	_	_
1774	ضمن	ضمن	ضمن	_	_
1775	آنکه	آنکه	آنکه	_	_
1776	اروپایی‌ها	اروپایی	اروپایی	_	_
1777	به	به	به	_	_
1778	چند	چند	چند	_	_
1779	دلیل	دلیل	دلیل	_	_
1780	نمی‌خواهند	نمی‌خواهند	خواست	_	_
1781	تجارت	تجار	تجارت	_	_
1782	با	با	با	_	_
1783	ایران	ایران	ایران	_	_
1784	را	را	را	_	_
1785	رها	رها	رها	_	_
1786	کنند	کنند	کرد	_	_
1787	.	.	.	_	_
1788	براساس	براساس	براساس	_	_
1789	اعلام	اعلا	اعلام	_	_
1790	بانک	بانک	بانک	_	_
1791	صادرات	صادر	صادرات	_	_
1792	ایران	ایران	ایران	_	_
1793	،	،	،	_	_
1794	حسین	حس	حسین	_	_
1795	یعقوبی	یعقوب	یعقوب	_	_
1796	میاب	میاب	میاب	_	_
1797	تأکید	تأکید	تأکید	_	_
1798	می‌کند	می‌کند	کرد	_	_
1799	:	:	:	_	_
1800	تحریم‌های	تحریم	تحریم	_	_
1801	اخیر	اخیر	اخیر	_	_
1802	مانند	مانند	مانند	_	_
1803	تحریم‌های	تحریم	تحریم	_	_
1804	سازمان	سازمان	سازمان	_	_
1805	ملل	ملل	ملل	_	_
1806	گسترده	گسترده	گسترده	_	_
1807	نیست	نیست	نیست	_	_
1808	و	و	و	_	_
1809	به	به	به	_	_
1810	همین	هم	همین	_	_
1811	دلیل	دلیل	دلیل	_	_
1812	ابزارهای	ابزار	ابزار	_	_
1813	بهتری	بهتر	بهتر	_	_
1814	برای	برای	برای	_	_
1815	مقابله	مقابله	مقابله	_	_
1816	با	با	با	_	_
1817	آنها	آن	آن	_	_
1818	در	در	در	_	_
1819	اختیار	اختیار	اختیار	_	_
1820	داریم	داریم	داشت	_	_
1821	.	.	.	_	_
1822	معاون	معاون	معاون	_	_
1823	بین‌الملل	بین‌الملل	بین‌الملل	_	_
1824	بانک	بانک	بانک	_	_
1825	مرکزی	مرکز	مرکزی	_	_
1826	تأکید	تأکید	تأکید	_	_
1827	می‌کند	می‌کند	کرد	_	_
1828	:	:	:	_	_
1829	دولت	دول	دولت	_	_
1830	آمریکا	آمریکا	آمریکا	_	_
1831	سعی	سعی	سعی	_	_
1832	کرده‌است	کرده‌است	کرد	_	_
1833	با	با	با	_	_
1834	خروج	خروج	خروج	_	_
1835	از	از	از	_	_
1836	برجام	برجا	برجا	_	_
1837	،	،	،	_	_
1838	اقتصاد	اقتصاد	اقتصاد	_	_
1839	ایران	ایران	ایران	_	_
1840	را	را	را	_	_
1841	دچار	دچار	دچار	_	_
1842	اختلال	اختلال	اختلال	_	_
1843	کند	کند	کند	_	_
1844	اما	اما	اما	_	_
1845	حضور	حضور	حضور	_	_
1846	اروپایی‌ها	اروپایی	اروپایی	_	_
1847	و	و	و	_	_
1848	تعهداتی	تعهدات	تعهدات	_	_
1849	که	که	که	_	_
1850	دادند	دادند	داد	_	_
1851	،	،	،	_	_
1852	فشار	فشار	فشار	_	_
1853	را	را	را	_	_
1854	کمتر	کم	کمتر	_	_
1855	کرد	کرد	کرد	_	_
1856	؛	؛	؛	_	_
1857	تا	تا	تا	_	_
1858	زمانی	زمان	زمان	_	_
1859	که	که	که	_	_
1860	اروپایی‌ها	اروپایی	اروپایی	_	_
1861	حضور	حضور	حضور	_	_
1862	دارند	دارند	داشت	_	_
1863	معافیت‌های	معافیت	معافیت	_	_
1864	خوب	خوب	خوب	_	_
1865	همچنان	همچنان	همچنان	_	_
1866	وجود	وجود	وجود	_	_
1867	خواهد‌داشت	خواهد‌دا	داشت	_	_
1868	.	.	.	_	_
1869	یعقوبی	یعقوب	یعقوب	_	_
1870	می‌افزاید	می‌افزاید	افزود	_	_
1871	:	:	:	_	_
1872	تصور	تصور	تصور	_	_
1873	می‌کنم	می‌کنم	کرد	_	_
1874	اروپایی‌ها	اروپایی	اروپایی	_	_
1875	به	به	به	_	_
1876	۲دلیل	2دلیل	2دلیل	_	_
1877	به‌زودی	به‌زود	به‌زودی	_	_
1878	کنار	کنار	کنار	_	_
1879	نخواهند‌رفت	نخواهند‌رف	رفت	_	_
1880	؛	؛	؛	_	_
1881	نخست	نخست	نخست	_	_
1882	به‌واسطه	به‌واسطه	به‌واسطه	_	_
1883	جنگ	جنگ	جنگ	_	_
1884	تجاری	تجار	تجار	_	_
1885	آنها	آن	آن	_	_
1886	با	با	با	_	_
1887	آمریکا	آمریکا	آمریکا	_	_
1888	و	و	و	_	_
1889	دوم	دو	دوم	_	_
1890	اینکه	اینکه	اینکه	_	_
1891	به‌دنبال	به‌دنبال	به‌دنبال	_	_
1892	تقویت	تقویت	تقویت	_	_
1893	جایگاه	جایگاه	جایگاه	_	_
1894	اروپا	اروپا	اروپا	_	_
1895	در	در	در	_	_
1896	فضای	فضا	فضا	_	_
1897	اقتصاد	اقتصاد	اقتصاد	_	_
1898	بین‌الملل	بین‌الملل	بین‌الملل	_	_
1899	هستند	هستند		_	_
1900	.	.	.	_	_
1901	رویترز	رویترز	رویترز	_	_
1902	به	به	به	_	_
1903	نقل	نقل	نقل	_	_
1904	از	از	از	_	_
1905	۳دیپلمات	3دیپل	3دیپلمات	_	_
1906	اروپایی	اروپا	اروپایی	_	_
1907	گزارش	گزارش	گزارش	_	_
1908	داد	داد	داد	_	_
1909	:	:	:	_	_
1910	کانال	کانال	کانال	_	_
1911	مالی	مال	مالی	_	_
1912	یا	یا	یا	_	_
1913	سازوکار	سازوکار	سازوکار	_	_
1914	اتحادیه	اتحادیه	اتحادیه	_	_
1915	اروپا	اروپا	اروپا	_	_
1916	برای	برای	برای	_	_
1917	تسهیل	تسهیل	تسهیل	_	_
1918	پرداخت	پرداخت	پرداخت	_	_
1919	پول	پول	پول	_	_
1920	اقلام	قلم	اقلام	_	_
1921	صادراتی	صادرات	صادرات	_	_
1922	ایران	ایران	ایران	_	_
1923	به	به	به	_	_
1924	اروپا	اروپا	اروپا	_	_
1925	با	با	با	_	_
1926	هدف	هدف	هدف	_	_
1927	عبور	عبور	عبور	_	_
1928	از	از	از	_	_
1929	تحریم‌های	تحریم	تحریم	_	_
1930	آمریکا	آمریکا	آمریکا	_	_
1931	،	،	،	_	_
1932	تا	تا	تا	_	_
1933	سیزدهم	سیزده	سیزدهم	_	_
1934	آبان	آب	آبان	_	_
1935	به	به	به	_	_
1936	شکل	شکل	شکل	_	_
1937	نمادین	نماد	نمادین	_	_
1938	آماده	آماده	آماده	_	_
1939	می‌شود	می‌شود	شد	_	_
1940	اما	اما	اما	_	_
1941	عملیاتی	عملیات	عملیاتی	_	_
1942	شدن	شدن	شدن	_	_
1943	آن	آن	آن	_	_
1944	تا	تا	تا	_	_
1945	اوایل	اوایل	اوایل	_	_
1946	زمستان	زمستان	زمستان	_	_
1947	سال‌جاری	سال‌جار	سال‌جاری	_	_
1948	طول	طول	طول	_	_
1949	می‌کشد	می‌کشد	کشید	_	_
1950	.	.	.	_	_
1951	وزیر	وزیر	وزیر	_	_
1952	امور	امور	امور	_	_
1953	اقتصادی	اقتصاد	اقتصاد	_	_
1954	و	و	و	_	_
1955	دارایی	دارا	دارایی	_	_
1956	با	با	با	_	_
1957	بیان	بی	بیان	_	_
1958	اینکه	اینکه	اینکه	_	_
1959	تحریمی	تحریم	تحریم	_	_
1960	که	که	که	_	_
1961	می‌خواهند	می‌خواهند	خواست	_	_
1962	در	در	در	_	_
1963	۱۳	۱۳	۱۳	_	_
1964	آبان	آب	آبان	_	_
1965	اعلام	اعلا	اعلام	_	_
1966	کنند	کنند	کرد	_	_
1967	قبلا	قبلا	قبلا	_	_
1968	اجرایی	اجرا	اجرایی	_	_
1969	کرده‌اند	کرده‌اند	کرد	_	_
1970	،	،	،	_	_
1971	گفت	گفت	گفت	_	_
1972	:	:	:	_	_
1973	اولین	اول	اولین	_	_
1974	برنامه	برنامه	برنامه	_	_
1975	مدنظر	مدنظر	مدنظر	_	_
1976	،	،	،	_	_
1977	تامین	تا	تا	_	_
1978	مالی	مال	مالی	_	_
1979	اقتصادی	اقتصاد	اقتصاد	_	_
1980	و	و	و	_	_
1981	دومین	دو	دومین	_	_
1982	کار	کار	کار	_	_
1983	بهبود	بهبود	بهبود	_	_
1984	فضای	فضا	فضا	_	_
1985	کسب	کسب	کسب	_	_
1986	و	و	و	_	_
1987	کار	کار	کار	_	_
1988	اقتصادی	اقتصاد	اقتصاد	_	_
1989	از	از	از	_	_
1990	طریق	طریق	طریق	_	_
1991	تسهیل	تسهیل	تسهیل	_	_
1992	شرایط	شرایط	شرایط	_	_
1993	گمرکی	گمرک	گمرک	_	_
1994	است	است		_	_
1995	.	.	.	_	_
1996	به	به	به	_	_
1997	گزارش	گزارش	گزارش	_	_
1998	فارس	فارس	فارس	_	_
1999	،	،	،	_	_
2000	فرهاد	فرهاد	فرهاد	_	_
2001	دژپسند	دژپسند	دژپسند	_	_
2002	وزیر	وزیر	وزیر	_	_
2003	امور	امور	امور	_	_
2004	اقتصادی	اقتصادي	اقتصادي	_	_
2005	و	و	و	_	_
2006	دارایی	دارايي	دارايي	_	_
2007	با	با	با	_	_
2008	بیان	بی	بیان	_	_
2009	اینکه	اینکه	اینکه	_	_
2010	تحریمی	تحریم	تحریم	_	_
2011	که	که	که	_	_
2012	می‌خواهند	می‌خواهند	خواست	_	_
2013	در	در	در	_	_
2014	۱۳	۱۳	۱۳	_	_
2015	آبان	آب	آبان	_	_
2016	اعلام	اعلا	اعلام	_	_
2017	کنند	کنند	کرد	_	_
2018	،	،	،	_	_
2019	قبلا	قبلا	قبلا	_	_
2020	اجرایی	اجرا	اجرایی	_	_
2021	کرده‌اند	کرده‌اند	کرد	_	_
2022	،	،	،	_	_
2023	گفت	گفت	گفت	_	_
2024	:	:	:	_	_
2025	در	در	در	_	_
2026	وزارت	وزارت	وزارت	_	_
2027	امور	امور	امور	_	_
2028	اقتصادی	اقتصادي	اقتصادي	_	_
2029	و	و	و	_	_
2030	دارایی	دارا	دارایی	_	_
2031	در	در	در	_	_
2032	حال	حال	حال	_	_
2033	رصد	رصد	رصد	_	_
2034	برنامه‌های	برنامه	برنامه	_	_
2035	دشمن	دشمن	دشمن	_	_
2036	و	و	و	_	_
2037	در	در	در	_	_
2038	حال	حال	حال	_	_
2039	آماده‌سازی	آماده‌ساز	آماده‌ساز	_	_
2040	بسته‌هایی	بسته	بسته	_	_
2041	برای	برای	برای	_	_
2042	مواجهه	مواجهه	مواجهه	_	_
2043	با	با	با	_	_
2044	این	این	این	_	_
2045	دشمنی‌ها	دشمنی	دشمنی‌ها	_	_
2046	هستیم	هستي	هستيم	_	_
2047	.	.	.	_	_
2048	دژپسند	دژپسند	دژپسند	_	_
2049	درباره	درباره	درباره	_	_
2050	برنامه‌های	برنامه	برنامه	_	_
2051	اصلی	اصل	اصل	_	_
2052	خود	خود	خود	_	_
2053	در	در	در	_	_
2054	وزارت	وزارت	وزارت	_	_
2055	امور	امور	امور	_	_
2056	اقتصادی	اقتصادي	اقتصادي	_	_
2057	و	و	و	_	_
2058	دارایی	دارا	دارایی	_	_
2059	گفت	گفت	گفت	_	_
2060	:	:	:	_	_
2061	طبیعی	طبیعی	طبیعی	_	_
2062	است	است		_	_
2063	که	که	که	_	_
2064	در	در	در	_	_
2065	این	این	این	_	_
2066	شرایط	شرایط	شرایط	_	_
2067	همه	همه	همه	_	_
2068	انتظار	انتظار	انتظار	_	_
2069	دارند	دارند	داشت	_	_
2070	که	که	که	_	_
2071	با	با	با	_	_
2072	توجه	توجه	توجه	_	_
2073	به	به	به	_	_
2074	تحریم‌های	تحریم	تحریم	_	_
2075	دشمن	دشمن	دشمن	_	_
2076	،	،	،	_	_
2077	ببینند	ببینند	ببینند	_	_
2078	ما	ما	ما	_	_
2079	چه	چه	چه	_	_
2080	برنامه‌ای	برنامه	برنامه	_	_
2081	را	را	را	_	_
2082	تدارک	تدارک	تدارک	_	_
2083	دیدیم	دید	دید	_	_
2084	.	.	.	_	_
2085	وی	و	وی	_	_
2086	افزود	افزود	افزود	_	_
2087	:	:	:	_	_
2088	اولین	اول	اولین	_	_
2089	برنامه	برنامه	برنامه	_	_
2090	مدنظر	مدنظر	مدنظر	_	_
2091	،	،	،	_	_
2092	تامین	تا	تا	_	_
2093	مالی	مال	مالی	_	_
2094	اقتصادی	اقتصاد	اقتصاد	_	_
2095	است	است		_	_
2096	.	.	.	_	_
2097	دومین	دو	دومین	_	_
2098	کار	کار	کار	_	_
2099	بهبود	بهبود	بهبود	_	_
2100	فضای	فضا	فضا	_	_
2101	کسب	کسب	کسب	_	_
2102	و	و	و	_	_
2103	کار	کار	کار	_	_
2104	اقتصادی	اقتصاد	اقتصاد	_	_
2105	از	از	از	_	_
2106	طریق	طریق	طریق	_	_
2107	تسهیل	تسهیل	تسهیل	_	_
2108	شرایط	شرایط	شرایط	_	_
2109	گمرکی	گمرک	گمرک	_	_
2110	است	است		_	_
2111	.	.	.	_	_
2112	سومین	سو	سومین	_	_
2113	کار	کار	کار	_	_
2114	این	این	این	_	_
2115	است	است		_	_
2116	که	که	که	_	_
2117	بتوانیم	بتوان	توانست	_	_
2118	سیاست‌های	سیاست	سیاست	_	_
2119	خصوصی‌سازی	خصوصی‌سازی	خصوصی‌سازی	_	_
2120	را	را	را	_	_
2121	همان‌طور	همان‌طور	همان‌طور	_	_
2122	که	که	که	_	_
2123	در	در	در	_	_
2124	اصل	اصل	اصل	_	_
2125	۴۴	۴۴	۴۴	_	_
2126	آمده‌است	آمده‌است	آمد	_	_
2127	پیاده	پیاده	پیاده	_	_
2128	کنیم	کنیم	کرد	_	_
2129	و	و	و	_	_
2130	در	در	در	_	_
2131	نهایت	نهایت	نهایت	_	_
2132	با	با	با	_	_
2133	الکترونیکی	الکترونیک	الکترونیک	_	_
2134	کردن	کردن	کردن	_	_
2135	و	و	و	_	_
2136	ساماندهی	سامانده	ساماندهی	_	_
2137	مشخص	مشخص	مشخص	_	_
2138	،	،	،	_	_
2139	با	با	با	_	_
2140	فساد	فساد	فساد	_	_
2141	مقابله	مقابله	مقابله	_	_
2142	کنیم	کنیم	کرد	_	_
2143	چراکه	چراکه	چراکه	_	_
2144	فساد	فساد	فساد	_	_
2145	،	،	،	_	_
2146	اقتصاد	اقتصاد	اقتصاد	_	_
2147	را	را	را	_	_
2148	زمین‌گیر	زمین‌گیر	زمین‌گیر	_	_
2149	می‌کند	می‌کند	کرد	_	_
2150	.	.	.	_	_
2151	امیدوارم	امیدوار	امیدوار	_	_
2152	در	در	در	_	_
2153	این	این	این	_	_
2154	کارها	کار	کار	_	_
2155	با	با	با	_	_
2156	همکاری	همکار	همکار	_	_
2157	دیگران	دیگر	دیگر	_	_
2158	،	،	،	_	_
2159	گام	گام	گام	_	_
2160	بلندی	بلند	بلند	_	_
2161	برداریم	بردار	بردار	_	_
2162	.	.	.	_	_
