0	فارسی	فارسي	فارسي	_	_
1	راکمی	راكم	راكمی	_	_
2	درست	درس	درست	_	_
3	تر	تر	تر	_	_
4	می	می	می	_	_
5	نویسیم	نويسي	نويسيم	_	_
6	.	.	.	_	_
7	به	به	به	_	_
8	گزارش	گزارش	گزارش	_	_
9	ایسنا	ایسنا	ایسنا	_	_
10	سمینار	سمینار	سمینار	_	_
11	شیمی	شیمی	شیمی	_	_
12	آلی	آل	آلی	_	_
13	از	از	از	_	_
14	امروز	امروز	امروز	_	_
15	۱۱	۱۱	۱۱	_	_
16	شهریور	شهریور	شهریور	_	_
17	۱۳۹۶	۱۳۹۶	۱۳۹۶	_	_
18	در	در	در	_	_
19	دانشگاه	دانشگاه	دانشگاه	_	_
20	علم	علم	علم	_	_
21	و	و	و	_	_
22	صنعت	صنع	صنعت	_	_
23	ایران	ایران	ایران	_	_
24	آغاز	آغاز	آغاز	_	_
25	به	به	به	_	_
26	کار	کار	کار	_	_
27	کرد	کرد	کرد	_	_
28	.	.	.	_	_
29	این	این	این	_	_
30	سمینار	سمینار	سمینار	_	_
31	تا	تا	تا	_	_
32	۱۳	۱۳	۱۳	_	_
33	شهریور	شهریور	شهریور	_	_
34	ادامه	ادامه	ادامه	_	_
35	می	می	می	_	_
36	یابد	یابد	یافت	_	_
37	.	.	.	_	_
38	رئیس	رئیس	رئیس	_	_
39	سازمان	سازمان	سازمان	_	_
40	برنامه	برنامه	برنامه	_	_
41	و	و	و	_	_
42	بودجه	بودجه	بودجه	_	_
43	،	،	،	_	_
44	برنامه	برنامه	برنامه	_	_
45	جامع	جامع	جامع	_	_
46	دولت	دول	دولت	_	_
47	مشتمل	مشتمل	مشتمل	_	_
48	بر	بر	بر	_	_
49	۱۲	۱۲	۱۲	_	_
50	بسته	بسته	بسته	_	_
51	برای	برای	برای	_	_
52	خنثی	خنثی	خنثی	_	_
53	سازی	ساز	سازی	_	_
54	و	و	و	_	_
55	تقلیل	تقلیل	تقلیل	_	_
56	تحریم‌	تحریم	تحریم	_	_
57	های		های	_	_
58	آمریکا	آمریکا	آمریکا	_	_
59	را	را	را	_	_
60	تشریح	تشریح	تشریح	_	_
61	کرد	کرد	کرد	_	_
62	.	.	.	_	_
63	خانه	خانه	خانه	_	_
64	ملت	مل	ملت	_	_
65	نوشت	نو	نوشت	_	_
66	:	:	:	_	_
67	محمدباقر	محمدباقر	محمدباقر	_	_
68	نوبخت	نوبخت	نوبخت	_	_
69	رئیس	رئیس	رئیس	_	_
70	سازمان	سازمان	سازمان	_	_
71	برنامه	برنامه	برنامه	_	_
72	و	و	و	_	_
73	بودجه	بودجه	بودجه	_	_
74	در	در	در	_	_
75	نشست	نشست	نشست	_	_
76	مشترک	مشترک	مشترک	_	_
77	رؤسای	رؤسا	رؤسا	_	_
78	کمیسیون‌	کمیسیون	کمیسیون‌	_	_
79	های		های	_	_
80	تخصصی	تخصص	تخصص	_	_
81	مجلس	مجلس	مجلس	_	_
82	با	با	با	_	_
83	بیان	بی	بیان	_	_
84	اینکه	اینکه	اینکه	_	_
85	از	از	از	_	_
86	زمان	زمان	زمان	_	_
87	مشخص	مشخص	مشخص	_	_
88	شدن	شدن	شدن	_	_
89	اعمال	اعمال	اعمال	_	_
90	تحریم‌های	تحریم	تحریم	_	_
91	۹۰	۹۰	۹۰	_	_
92	روزه	روزه	روزه	_	_
93	و	و	و	_	_
94	۱۸۰	۱۸۰	۱۸۰	_	_
95	روزه	روزه	روزه	_	_
96	آمریکا	آمریکا	آمریکا	_	_
97	علیه	علیه	علیه	_	_
98	ایران	ایران	ایران	_	_
99	سازمان	سازمان	سازمان	_	_
100	برنامه	برنامه	برنامه	_	_
101	و	و	و	_	_
102	بودجه	بودجه	بودجه	_	_
103	به	به	به	_	_
104	صورت	صور	صورت	_	_
105	دقیق	دقیق	دقیق	_	_
106	حوزه	حوزه	حوزه	_	_
107	های		های	_	_
108	این	این	این	_	_
109	تحریم	تحری	تحریم	_	_
110	ها		ها	_	_
111	را	را	را	_	_
112	مشخص	مشخص	مشخص	_	_
113	کرد	کرد	کرد	_	_
114	،	،	،	_	_
115	گفت	گفت	گفت	_	_
116	:	:	:	_	_
117	برای	برای	برای	_	_
118	خنثی	خنثی	خنثی	_	_
119	سازی	ساز	سازی	_	_
120	و	و	و	_	_
121	به	به	به	_	_
122	حداقل	حداقل	حداقل	_	_
123	رسیدن	رسیدن	رسیدن	_	_
124	این	این	این	_	_
125	تحریم	تحری	تحریم	_	_
126	ها		ها	_	_
127	یک	یک	یک	_	_
128	برنامه	برنامه	برنامه	_	_
129	جامع	جامع	جامع	_	_
130	مشتمل	مشتمل	مشتمل	_	_
131	بر	بر	بر	_	_
132	۱۲	۱۲	۱۲	_	_
133	بسته	بسته	بسته	_	_
134	در	در	در	_	_
135	سازمان	سازمان	سازمان	_	_
136	طراحی	طراح	طراح	_	_
137	و	و	و	_	_
138	مشخص	مشخص	مشخص	_	_
139	شد	شد	شد	_	_
140	که	که	که	_	_
141	هر	هر	هر	_	_
142	یک	یک	یک	_	_
143	از	از	از	_	_
144	دستگاه	دستگاه	دستگاه	_	_
145	های		های	_	_
146	موجود	موجود	موجود	_	_
147	در	در	در	_	_
148	وزارتخانه	وزارتخانه	وزارتخانه	_	_
149	ها		ها	_	_
150	با	با	با	_	_
151	اعمال	اعمال	اعمال	_	_
152	تحریم	تحری	تحریم	_	_
153	های		های	_	_
154	۹۰	۹۰	۹۰	_	_
155	روزه	روزه	روزه	_	_
156	و	و	و	_	_
157	۱۸۰	۱۸۰	۱۸۰	_	_
158	روزه	روزه	روزه	_	_
159	چه	چه	چه	_	_
160	آسیب	آسیب	آسیب	_	_
161	هایی	هایی	هایی	_	_
162	می	می	می	_	_
163	بینند	بینند	دید	_	_
164	و	و	و	_	_
165	در	در	در	_	_
166	کوتاه	کوتاه	کوتاه	_	_
167	مدت	مد	مدت	_	_
168	،	،	،	_	_
169	میان	می	میان	_	_
170	مدت	مد	مدت	_	_
171	و	و	و	_	_
172	بلند	بلند	بلند	_	_
173	مدت	مد	مدت	_	_
174	باید	باید	باید	_	_
175	چه	چه	چه	_	_
176	برنامه	برنامه	برنامه	_	_
177	هایی	هایی	هایی	_	_
178	اعمال	اعمال	اعمال	_	_
179	شود	شود	شد	_	_
180	که	که	که	_	_
181	تکلیف	تکلیف	تکلیف	_	_
182	وزارت	وزارت	وزارت	_	_
183	خانه	خانه	خانه	_	_
184	ها		ها	_	_
185	در	در	در	_	_
186	این	این	این	_	_
187	حوزه	حوزه	حوزه	_	_
188	مشخص	مشخص	مشخص	_	_
189	شد	شد	شد	_	_
190	.	.	.	_	_
191	جوانی	جوان	جوان	_	_
192	از	از	از	_	_
193	یک	یك	یك	_	_
194	خانواده	خانواده	خانواده	_	_
195	فقیر	فقیر	فقیر	_	_
196	(	(	(	_	_
197	فرخ	فرخ	فرخ	_	_
198	)	)	)	_	_
199	دل	دل	دل	_	_
200	باخته	باخته	باخته	_	_
201	دختر	دختر	دختر	_	_
202	عمه‌اش	عمه	عمه	_	_
203	(	(	(	_	_
204	مهین	مه	مهین	_	_
205	)	)	)	_	_
206	از	از	از	_	_
207	خانواده‌	خانواده	خانواده	_	_
208	ای	ای	ای	_	_
209	اشرافی	اشراف	اشراف	_	_
210	و	و	و	_	_
211	متعین	متع	متعین	_	_
212	است	است		_	_
213	.	.	.	_	_
214	پدر	پدر	پدر	_	_
215	مهین	مه	مهین	_	_
216	به	به	به	_	_
217	سودای	سودا	سودا	_	_
218	مال	مال	مال	_	_
219	و	و	و	_	_
220	مقام	مقام	مقام	_	_
221	در	در	در	_	_
222	صدد	صدد	صدد	_	_
223	است	است		_	_
224	دختر	دختر	دختر	_	_
225	را	را	را	_	_
226	به	به	به	_	_
227	خواستگار	خواستگار	خواستگار	_	_
228	ثروتمند	ثروتمند	ثروتمند	_	_
229	(	(	(	_	_
230	سیاوش	سیاوش	سیاوش	_	_
231	میرزا	میرزا	میرزا	_	_
232	)	)	)	_	_
233	بدهد	بدهد	داد	_	_
234	.	.	.	_	_
235	با	با	با	_	_
236	طرح	طرح	طرح	_	_
237	توطئه‌ای	توطئه	توطئه	_	_
238	فرخ	فرخ	فرخ	_	_
239	را	را	را	_	_
240	دستگیر	دستگیر	دستگیر	_	_
241	کرده	كرده	كرده	_	_
242	و	و	و	_	_
243	به	به	به	_	_
244	تبعید	تبعید	تبعید	_	_
245	می‌فرستند	می‌فرستند	فرستاد	_	_
246	.	.	.	_	_
247	فرخ	فرخ	فرخ	_	_
248	که	كه	كه	_	_
249	در	در	در	_	_
250	این	این	این	_	_
251	دستگاه	دستگاه	دستگاه	_	_
252	سمت	سم	سمت	_	_
253	مهمی	مهم	مهم	_	_
254	دارد	دارد	داشت	_	_
255	،	،	،	_	_
256	ظاهرا	ظاهراً	ظاهراً	_	_
257	به	به	به	_	_
258	آرمان	آرم	آرمان	_	_
259	خود	خود	خود	_	_
260	برای	برای	برای	_	_
261	مبارزه	مبارزه	مبارزه	_	_
262	با	با	با	_	_
263	فساد	فساد	فساد	_	_
264	نائل	نائل	نائل	_	_
265	شده‌است	شده‌است	شد	_	_
266	.	.	.	_	_
267	وی	و	وی	_	_
268	با	با	با	_	_
269	بیان	بی	بیان	_	_
270	اینکه	اینکه	اینکه	_	_
271	نقدینگی	نقدینگی	نقدینگی	_	_
272	قابل	قابل	قابل	_	_
273	ملاحظه	ملاحظه	ملاحظه	_	_
274	ای	ای	ای	_	_
275	در	در	در	_	_
276	کشور	کشور	کشور	_	_
277	وجود	وجود	وجود	_	_
278	دارد	دارد	داشت	_	_
279	که	که	که	_	_
280	مهار	مهار	مهار	_	_
281	نقدینگی	نقدینگی	نقدینگی	_	_
282	و	و	و	_	_
283	هدایت	هدایت	هدایت	_	_
284	آن	آن	آن	_	_
285	یکی	یک	یک	_	_
286	از	از	از	_	_
287	بسته‌های	بسته	بسته	_	_
288	دولت	دول	دولت	_	_
289	در	در	در	_	_
290	نظر	نظر	نظر	_	_
291	گرفته‌شد	گرفته‌شد	گرفت	_	_
292	،	،	،	_	_
293	افزود	افزود	افزود	_	_
294	:	:	:	_	_
295	۷۶	۷۶	۷۶	_	_
296	هزار	هزار	هزار	_	_
297	پروژه	پروژه	پروژه	_	_
298	ناتمام	ناتمام	ناتمام	_	_
299	در	در	در	_	_
300	کشور	کشور	کشور	_	_
301	وجود	وجود	وجود	_	_
302	دارد	دارد	داشت	_	_
303	که	که	که	_	_
304	در	در	در	_	_
305	بسته	بسته	بسته	_	_
306	دیگری	دیگر	دیگر	_	_
307	در	در	در	_	_
308	کشور	کشور	کشور	_	_
309	مشخص	مشخص	مشخص	_	_
310	شد	شد	شد	_	_
311	که	که	که	_	_
312	چه	چه	چه	_	_
313	راهکارهایی	راهکار	راهکار	_	_
314	برای	برای	برای	_	_
315	اتمام	اتمام	اتمام	_	_
316	پروژه	پروژه	پروژه	_	_
317	های		های	_	_
318	مهم	مه	مهم	_	_
319	باید	باید	باید	_	_
320	اتخاذ	اتخاذ	اتخاذ	_	_
321	شود	شود	شد	_	_
322	و	و	و	_	_
323	مدلی	مدل	مدلی	_	_
324	در	در	در	_	_
325	قالب	قالب	قالب	_	_
326	مشارکت	مشارکت	مشارکت	_	_
327	عمومی	عموم	عموم	_	_
328	خصوصی	خصوص	خصوصی	_	_
329	و	و	و	_	_
330	در	در	در	_	_
331	یک	یک	یک	_	_
332	بسته	بسته	بسته	_	_
333	تهیه	تهیه	تهیه	_	_
334	شد	شد	شد	_	_
335	.	.	.	_	_
336	گاهی	گاه	گاه	_	_
337	رویدادهایی	رویداد	رویداد	_	_
338	موجب	موجب	موجب	_	_
339	می	می	می	_	_
340	شود	شود	شد	_	_
341	شما	شما	شما	_	_
342	منطق	منطق	منطق	_	_
343	خود	خود	خود	_	_
344	را	را	را	_	_
345	از	از	از	_	_
346	دست	دست	دست	_	_
347	بدهید	بدهید	داد	_	_
348	وگرنه	وگرنه	وگرنه	_	_
349	دلیل	دلیل	دلیل	_	_
350	برای	براي	براي	_	_
351	از	از	از	_	_
352	دست	دست	دست	_	_
353	دادن	دادن	دادن	_	_
354	آن	آن	آن	_	_
355	ندارید	ندارید	داشت	_	_
356	.	.	.	_	_
357	«	«	«	_	_
358	چنآنچه	چنآنچه	چنآنچه	_	_
359	واکنش	واکنش	واکنش	_	_
360	نابهنجار	نابهنجار	نابهنجار	_	_
361	در	در	در	_	_
362	برابر	برابر	برابر	_	_
363	موقعیت	موقعیت	موقعیت	_	_
364	نابهنجار	نابهنجار	نابهنجار	_	_
365	،	،	،	_	_
366	رفتار	رفتار	رفتار	_	_
367	طبیعی	طبیعی	طبیعی	_	_
368	به	به	به	_	_
369	شمار	شمار	شمار	_	_
370	می	می	می	_	_
371	رود	رود	رود	_	_
372	.	.	.	_	_
373	ما	ما	ما	_	_
374	روانپزشکان	روانپزشک	روانپزشکان	_	_
375	حتی	حتی	حتی	_	_
376	انتظار	انتظار	انتظار	_	_
377	این	این	این	_	_
378	را	را	را	_	_
379	داریم	داریم	داشت	_	_
380	که	که	که	_	_
381	واکنش	واکنش	واکنش	_	_
382	های	هاي	هاي	_	_
383	یک	یک	یک	_	_
384	فرد	فرد	فرد	_	_
385	در	در	در	_	_
386	برابر	برابر	برابر	_	_
387	یک	یک	یک	_	_
388	امر	امر	امر	_	_
389	نابهنجار	نابهنجار	نابهنجار	_	_
390	،	،	،	_	_
391	از	از	از	_	_
392	قبیل	قبیل	قبیل	_	_
393	فرستادن	فرستادن	فرستادن	_	_
394	به	به	به	_	_
395	تیمارستان	تیمارستان	تیمارستان	_	_
396	،	،	،	_	_
397	به	به	به	_	_
398	نسبت	نسب	نسبت	_	_
399	درجه	درجه	درجه	_	_
400	بهنجار	بهنجار	بهنجار	_	_
401	بودن	بودن	بودن	_	_
402	او	او	او	_	_
403	نابهنجار	نابهنجار	نابهنجار	_	_
404	باشد	باشد	بود	_	_
405	.	.	.	_	_
406	واکنش	واکنش	واکنش	_	_
407	فردی	فردي	فردي	_	_
408	که	که	که	_	_
409	به	به	به	_	_
410	اردوگاه	اردوگاه	اردوگاه	_	_
411	کار	کار	کار	_	_
412	اجباری	اجباري	اجباري	_	_
413	وارد	وارد	وارد	_	_
414	شده‌است	شده‌است	شد	_	_
415	نیز	نیز	نیز	_	_
416	وضع	وضع	وضع	_	_
417	نابهنجار	نابهنجار	نابهنجار	_	_
418	ذهنی	ذهن	ذهن	_	_
419	او	او	او	_	_
420	را	را	را	_	_
421	نشان	نشان	نشان	_	_
422	می	می	می	_	_
423	دهد	دهد	داد	_	_
424	.	.	.	_	_
425	صبح	صبح	صبح	_	_
426	زود	زود	زود	_	_
427	،	،	،	_	_
428	وقتی	وقت	وقت	_	_
429	که	که	که	_	_
430	هوا	هوا	هوا	_	_
431	هنوز	هنوز	هنوز	_	_
432	گرگ	گرگ	گرگ	_	_
433	و	و	و	_	_
434	میش	می	میش	_	_
435	بود	بود	بود	_	_
436	زندانی	زندان	زندان	_	_
437	با	با	با	_	_
438	گروهش	گروه	گروه	_	_
439	جلوی	جلوي	جلوي	_	_
440	در	در	در	_	_
441	می	می	می	_	_
442	ایستاد	ایستاد	ایستاد	_	_
443	و	و	و	_	_
444	آماده	آماده	آماده	_	_
445	کار	کار	کار	_	_
446	بود	بود	بود	_	_
447	.	.	.	_	_
448	با	با	با	_	_
449	شنیدن	شنیدن	شنیدن	_	_
450	صدای	صداي	صداي	_	_
451	فریادی	فریادي	فریادي	_	_
452	،	،	،	_	_
453	می	می	می	_	_
454	دید	دید	دید	_	_
455	که	که	که	_	_
456	چگونه	چگونه	چگونه	_	_
457	رفیقی	رفیق	رفیق	_	_
458	را	را	را	_	_
459	نقش	نق	نقش	_	_
460	زمین	زمین	زمین	_	_
461	می	می	می	_	_
462	کنند	کنند	کرد	_	_
463	و	و	و	_	_
464	دیگر	دیگر	دیگر	_	_
465	بار	بار	بار	_	_
466	او	او	او	_	_
467	را	را	را	_	_
468	می	می	می	_	_
469	ایستانند	ایستانند	ایستانند	_	_
470	و	و	و	_	_
471	باز	باز	باز	_	_
472	هم	هم	هم	_	_
473	اینکار	اینکار	اینکار	_	_
474	تکرار	تکرار	تکرار	_	_
475	می	می	می	_	_
476	شود	شود	شد	_	_
477	،	،	،	_	_
478	چرا	چرا	چرا	_	_
479	چنین	چنین	چنین	_	_
480	می	می	می	_	_
481	کردند	کردند	کرد	_	_
482	؟	؟	؟	_	_
483	برای	براي	براي	_	_
484	این	این	این	_	_
485	که	که	که	_	_
486	تب	تب	تب	_	_
487	داشت	داش	داشت	_	_
488	و	و	و	_	_
489	بی	بی	بی	_	_
490	موقع	موقع	موقع	_	_
491	به	به	به	_	_
492	درمانگاه	درمانگاه	درمانگاه	_	_
493	رفته‌بود	رفته‌بود	رفت	_	_
494	و	و	و	_	_
495	به	به	به	_	_
496	خاطر	خاطر	خاطر	_	_
497	همین	هم	همین	_	_
498	که	که	که	_	_
499	می	می	می	_	_
500	خواست	خواست	خواست	_	_
501	از	از	از	_	_
502	وظایف	وظایف	وظایف	_	_
503	روزانه	روزانه	روزانه	_	_
504	اش	اش	اش	_	_
505	رها	رها	رها	_	_
506	شود	شود	شد	_	_
507	تنبیه	تنبیه	تنبیه	_	_
508	می	می	می	_	_
509	شد	شد	شد	_	_
510	.	.	.	_	_
511	اینبار	اينبار	اينبار	_	_
512	نتونستم	نتونس	نتونستم	_	_
513	جلوی	جلوي	جلوي	_	_
514	خندم	خند	خندید	_	_
515	رو	رو	رو	_	_
516	بگیرم	بگير	بگيرم	_	_
517	یه	يه	يه	_	_
518	دونه	دونه	دونه	_	_
519	با	با	با	_	_
520	مشت	مش	مشت	_	_
521	ناخود	ناخود	ناخود	_	_
522	آگاه	آگاه	آگاه	_	_
523	زدم	زد	زد	_	_
524	به	به	به	_	_
525	بازوش	بازو	بازو	_	_
526	که	كه	كه	_	_
527	با	با	با	_	_
528	یه	يه	يه	_	_
529	لبخند	لبخند	لبخند	_	_
530	مرموذی	مرموذي	مرموذي	_	_
531	نگام	نگا	نگام	_	_
532	کرد	كرد	كرد	_	_
533	.	.	.	_	_
534	پایه	پايه	پايه	_	_
535	ی	ي	ي	_	_
536	یه	يه	يه	_	_
537	دور	دور	دور	_	_
538	دور	دور	دور	_	_
539	هستی	هستي	هستي	_	_
540	؟؟؟!!!	؟؟؟!!!	؟؟؟!!!	_	_
541	خندیدم	خنديد	خنديدم	_	_
542	و	و	و	_	_
543	سرمو	سرمو	سرمو	_	_
544	با	با	با	_	_
545	ذوق	ذوق	ذوق	_	_
546	تکون	تكون	تكون	_	_
547	دادم	داد	داد	_	_
548	و	و	و	_	_
549	پریدم	پريد	پريدم	_	_
550	بالا	بالا	بالا	_	_
551	و	و	و	_	_
552	شروع	شروع	شروع	_	_
553	کردم	كرد	كردم	_	_
554	روندن	روندن	روندن	_	_
555	.	.	.	_	_
556	.	.	.	_	_
557	.	.	.	_	_
558	راهنماییم	راهنمايي	راهنماييم	_	_
559	کرد	كرد	كرد	_	_
560	تا	تا	تا	_	_
561	رفتیم	رفتي	رفتيم	_	_
562	سمت	سم	سمت	_	_
563	سعادت	سعادت	سعادت	_	_
564	آباد	آباد	آباد	_	_
565	و	و	و	_	_
566	کنارآب	کنارآب	کنارآب	_	_
567	میوه	میوه	میوه	_	_
568	فروشی	فروش	فروشی	_	_
569	ایستادیم	ایستاد	ایستاد	_	_
570	.	.	.	_	_
571	شب	شب	شب	_	_
572	بود	بود	بود	_	_
573	ستار	ستار	ستار	_	_
574	گان	گ	گان	_	_
575	در	در	در	_	_
576	آسمان	آسم	آسمان	_	_
577	میدر	میدر	میدر	_	_
578	خشنیدند	خشنیدند	خشنیدند	_	_
579	،	،	،	_	_
580	از	از	از	_	_
581	کاربربرمیگشتم	کاربربرمیگ	کاربربرمیگشتم	_	_
582	که	که	که	_	_
583	برای	برای	برای	_	_
584	خانه	خانه	خانه	_	_
585	نان	نان	نان	_	_
586	و	و	و	_	_
587	ا	ا	ا	_	_
588	نار	نار	نار	_	_
589	خرید	خرید	خرید	_	_
590	کردم	کرد	کرد	_	_
591	.	.	.	_	_
592	ساعت	ساعت	ساعت	_	_
593	۱۳	13	13	_	_
594	:	:	:	_	_
595	۲ب	2ب	2ب	_	_
596	.	.	.	_	_
597	ظ	ظ	ظ	_	_
598	هر	هر	هر	_	_
599	جا	جا	جا	_	_
600	یی		یی	_	_
601	را	را	را	_	_
602	گشتم	گشت	گشت	_	_
603	نبود	نبود	بود	_	_
604	و	و	و	_	_
605	دربه	دربه	دربه	_	_
606	دردنبال	دردنبال	دردنبال	_	_
607	آن	آن	آن	_	_
608	بودم	بود	بود	_	_
609	.	.	.	_	_
610	کوچ	کوچ	کوچ	_	_
611	نشینان	نشین	نشینان	_	_
612	به	به	به	_	_
613	ییلاق	ییلاق	ییلاق	_	_
614	کوچ	کوچ	کوچ	_	_
615	کردند	کردند	کرد	_	_
616	در	در	در	_	_
617	مسیر	مسیر	مسیر	_	_
618	بودندطوفان	بودندطوف	بودندطوفان	_	_
619	شن	شن	شن	_	_
620	شروع	شروع	شروع	_	_
621	شد	شد	شد	_	_
622	،	،	،	_	_
623	درطوفان	درطوف	درطوفان	_	_
624	گیر	گیر	گیر	_	_
625	کردند	کردند	کرد	_	_
626	.	.	.	_	_
627	صبح	صبح	صبح	_	_
628	شد	شد	شد	_	_
629	هوا	هوا	هوا	_	_
630	آروم	آرو	آروم	_	_
631	شده‌بود	شده‌بود	شد	_	_
632	اما	اما	اما	_	_
633	گوسفندان	گوسفند	گوسفند	_	_
634	همه	همه	همه	_	_
635	پراکنده‌شده‌بودند	پراکنده‌شده‌بودند	پراکند	_	_
636	.	.	.	_	_
637	زمان	زمان	زمان	_	_
638	جانشینی	جانشین	جانشین	_	_
639	فرارسید	فرارسید	فرارسید	_	_
640	برادردربرابربرادرقرارگرفته	برادردربرابربرادرقرارگرفته	برادردربرابربرادرقرارگرفته	_	_
641	بود	بود	بود	_	_
642	.	.	.	_	_
643	مادر	مادر	مادر	_	_
644	برای	برای	برای	_	_
645	خرید	خرید	خرید	_	_
646	پرده	پرده	پرده	_	_
647	به	به	به	_	_
648	پر	پر	پر	_	_
649	ده	ده	ده	_	_
650	سرا	سرا	سرا	_	_
651	رفت	رف	رفت	_	_
652	ولی	ول	ولی	_	_
653	پرده	پرده	پرده	_	_
654	ی		ی	_	_
655	خو	خو	خو	_	_
656	بی	بی	بی	_	_
657	پیدانکرد	پیدانکرد	پیدانکرد	_	_
658	.	.	.	_	_
659	درصورتی‌که	درصورتی‌که	درصورتی‌که	_	_
660	حجم	حج	حجم	_	_
661	حافظه	حافظه	حافظه	_	_
662	۱۰	10	10	_	_
663	ترا	ترا	ترا	_	_
664	بایت	بایت	بایت	_	_
665	یا	یا	یا	_	_
666	۱۵	15	15	_	_
667	ترابایت	ترابا	ترابایت	_	_
668	باشد	باشد	بود	_	_
669	عالی	عالی	عالی	_	_
670	میشوددرغیراین	میشوددرغیرا	میشوددرغیراین	_	_
671	صورت	صور	صورت	_	_
672	قابل	قابل	قابل	_	_
673	استفاده	استفاده	استفاده	_	_
674	نمی	نم	نم	_	_
675	باشد	باشد	بود	_	_
676	.	.	.	_	_
677	کسب	کسب	کسب	_	_
678	و	و	و	_	_
679	کار	کار	کار	_	_
680	در	در	در	_	_
681	اقتصاد	اقتصاد	اقتصاد	_	_
682	سرمایه	سرمایه	سرمایه	_	_
683	‌داری	‌دار	‌داری	_	_
684	حکم‌	حکم	حکم	_	_
685	فرماست	فرماس	فرماست	_	_
686	،	،	،	_	_
687	بیشتر	بی	بیشتر	_	_
688	کسب	کسب	کسب	_	_
689	و	و	و	_	_
690	کار	کار	کار	_	_
691	ها		ها	_	_
692	که	که	که	_	_
693	مالک	مالک	مالک	_	_
694	آن‌	آن	آن	_	_
695	ها		ها	_	_
696	بخش	بخش	بخش	_	_
697	خصوصی	خصوص	خصوصی	_	_
698	است	است		_	_
699	برای	برای	برای	_	_
700	این	این	این	_	_
701	ایجاد	ایجاد	ایجاد	_	_
702	شده‌اند	شده‌اند	شد	_	_
703	که	که	که	_	_
704	سود	سود	سود	_	_
705	ساز	ساز	ساز	_	_
706	باشند	باشند	بود	_	_
707	و	و	و	_	_
708	دارایی	دارا	دارایی	_	_
709	صاحب‌	صاحب	صاحب	_	_
710	شان	شان	شان	_	_
711	را	را	را	_	_
712	بیشتر	بی	بیشتر	_	_
713	کنند	کنند	کرد	_	_
714	.	.	.	_	_
715	کسب	کسب	کسب	_	_
716	و	و	و	_	_
717	کارها	کار	کار	_	_
718	می‌توانند	می‌توانند	توانست	_	_
719	نا	نا	نا	_	_
720	سودبر	سودبر	سودبر	_	_
721	باشند	باشند	بود	_	_
722	یا	یا	یا	_	_
723	مالک	مالک	مالک	_	_
724	آن‌ها	آن	آن	_	_
725	دولت	دول	دولت	_	_
726	باشد	باشد	بود	_	_
727	.	.	.	_	_
728	از	از	از	_	_
729	کسب	کسب	کسب	_	_
730	و	و	و	_	_
731	کاری	کار	کاشت	_	_
732	که	که	که	_	_
733	چندین	چند	چندین	_	_
734	فرد	فرد	فرد	_	_
735	در	در	در	_	_
736	دارایی	دارا	دارایی	_	_
737	آن	آن	آن	_	_
738	شریک	شریک	شریک	_	_
739	باشند	باشند	بود	_	_
740	با	با	با	_	_
741	عنوان	عنوان	عنوان	_	_
742	شرکت	شرک	شرکت	_	_
743	یاد	یاد	یاد	_	_
744	برده‌می‌شود	برده‌می‌شود	برد	_	_
745	،	،	،	_	_
746	هر	هر	هر	_	_
747	چند	چند	چند	_	_
748	که	که	که	_	_
749	این	این	این	_	_
750	واژه	واژه	واژه	_	_
751	تعریف	تعریف	تعریف	_	_
752	دقیق‌	دقیق	دقیق	_	_
753	تری	تر	تر	_	_
754	نیز	نیز	نیز	_	_
755	دارد	دارد	داشت	_	_
756	.	.	.	_	_
757	پترس	پترس	پترس	_	_
758	و	و	و	_	_
759	پلومن	پلومن	پلومن	_	_
760	،	،	،	_	_
761	از	از	از	_	_
762	صاحب	صاحب	صاحب	_	_
763	نظران	نظر	نظر	_	_
764	این	این	این	_	_
765	حوزه	حوزه	حوزه	_	_
766	،	،	،	_	_
767	بر	بر	بر	_	_
768	این	این	این	_	_
769	باورند	باورند	باورند	_	_
770	که	که	که	_	_
771	هر	هر	هر	_	_
772	نوع	نوع	نوع	_	_
773	خرید	خرید	خرید	_	_
774	و	و	و	_	_
775	فروش	فرو	فروش	_	_
776	کسب	کسب	کسب	_	_
777	وکار	وکار	وکار	_	_
778	نیست	نیست	نیست	_	_
779	،	،	،	_	_
780	بلکه	بلکه	بلکه	_	_
781	کسب	کسب	کسب	_	_
782	وکار	وکار	وکار	_	_
783	هر	هر	هر	_	_
784	نوع	نوع	نوع	_	_
785	تبادل	تبادل	تبادل	_	_
786	تکرار	تکرار	تکرار	_	_
787	شونده	شونده	شونده	_	_
788	و	و	و	_	_
789	تجدید	تجدید	تجدید	_	_
790	پذیر	پذیر	پذیر	_	_
791	است	است		_	_
792	.	.	.	_	_
793	صد	صد	صد	_	_
794	ها		ها	_	_
795	تن	تن	تن	_	_
796	از	از	از	_	_
797	مرد	مرد	مرد	_	_
798	ها		ها	_	_
799	به	به	به	_	_
800	بیگاری	بیگار	بیگاری	_	_
801	کشیده	کشیده	کشیده	_	_
802	شدندوبه	شدندوبه	شدندوبه	_	_
803	ده	ده	ده	_	_
804	ها		ها	_	_
805	زن	زن	زن	_	_
806	تجاوز	تجاوز	تجاوز	_	_
807	شد	شد	شد	_	_
808	.	.	.	_	_
809	فروشند	فروشند	فروخت	_	_
810	گان	گ	گان	_	_
811	کالا	کالا	کالا	_	_
812	هایی	هایی	هایی	_	_
813	را	را	را	_	_
814	که	که	که	_	_
815	به	به	به	_	_
816	فروش	فرو	فروش	_	_
817	نمیرسند	نمیرسند	نمیرسند	_	_
818	با	با	با	_	_
819	قیمت	قیم	قیمت	_	_
820	پایین	پا	پایین	_	_
821	تر	تر	تر	_	_
822	به	به	به	_	_
823	حراج	حراج	حراج	_	_
824	میگذارند	میگذارند	میگذارند	_	_
825	.	.	.	_	_
826	علاوه	علاوه	علاوه	_	_
827	بر	بر	بر	_	_
828	این	این	این	_	_
829	اجناس	اجناس	اجناس	_	_
830	که	که	که	_	_
831	سال	سال	سال	_	_
832	ها		ها	_	_
833	پیش	پی	پیش	_	_
834	فروش	فرو	فروش	_	_
835	نرفته‌اند	نرفته‌اند	رفت	_	_
836	هم	هم	هم	_	_
837	در	در	در	_	_
838	این	این	این	_	_
839	حراج	حراج	حراج	_	_
840	وجود	وجود	وجود	_	_
841	دارند	دارند	داشت	_	_
842	.	.	.	_	_
843	سرور	سرور	سرور	_	_
844	های		های	_	_
845	گوگل	گوگل	گوگل	_	_
846	کیلو	کیلو	کیلو	_	_
847	ترابایت	ترابا	ترابایت	_	_
848	حافظه	حافظه	حافظه	_	_
849	دارند	دارند	داشت	_	_
850	.	.	.	_	_
851	بت	بت	بت	_	_
852	پرست	پرس	پرس	_	_
853	پیر	پیر	پیر	_	_
854	اهن	اهن	اهن	_	_
855	را	را	را	_	_
856	تکه	تکه	تکه	_	_
857	تکه	تکه	تکه	_	_
858	کرد	کرد	کرد	_	_
859	.	.	.	_	_
860	به	به	به	_	_
861	گزارش	گزارش	گزارش	_	_
862	شبکه	شبکه	شبکه	_	_
863	ان		ان	_	_
864	بی	بی	بی	_	_
865	سی	سی	سی	_	_
866	نیوز	نیوز	نیوز	_	_
867	قایق‌های	قایق	قایق	_	_
868	تندروی	تندرو	تندروی	_	_
869	نیروی	نیرو	نیرو	_	_
870	دریایی	دریا	دریا	_	_
871	ایران	ایران	ایران	_	_
872	در	در	در	_	_
873	آب‌های	آب	آب	_	_
874	خلیج	خلیج	خلیج	_	_
875	فارس	فارس	فارس	_	_
876	به	به	به	_	_
877	ناو	ناو	ناو	_	_
878	آمریکایی	آمریکا	آمریکایی	_	_
879	اسکس	اسکس	اسکس	_	_
880	و	و	و	_	_
881	دیگر	دیگر	دیگر	_	_
882	کشتی‌های	کشتی	کشتی	_	_
883	آمریکایی	آمریکا	آمریکایی	_	_
884	نزدیک	نزدیک	نزدیک	_	_
885	شده‌اند	شده‌اند	شد	_	_
886	.	.	.	_	_
887	در	در	در	_	_
888	حالی	حال	حال	_	_
889	که	که	که	_	_
890	ژنرال	ژنرال	ژنرال	_	_
891	جوزف	جوزف	جوزف	_	_
892	ووتل	ووتل	ووتل	_	_
893	فرمانده	فرمانده	فرمانده	_	_
894	مقر	مقر	مقر	_	_
895	مرکزی	مرکز	مرکزی	_	_
896	ارتش	ارتش	ارتش	_	_
897	آمریکا	آمریکا	آمریکا	_	_
898	نیز	نیز	نیز	_	_
899	در	در	در	_	_
900	ناو	ناو	ناو	_	_
901	اسکس	اسکس	اسکس	_	_
902	بوده‌است	بوده‌است	بود	_	_
903	.	.	.	_	_
904	بنابر	بنابر	بنابر	_	_
905	این	این	این	_	_
906	گزارش	گزارش	گزارش	_	_
907	قایق‌های	قایق	قایق	_	_
908	تندروی	تندرو	تندروی	_	_
909	ایرانی	ایران	ایران	_	_
910	تا	تا	تا	_	_
911	فاصله	فاصله	فاصله	_	_
912	۳۰۰	300	300	_	_
913	یاردی	یارد	یارد	_	_
914	از	از	از	_	_
915	اسکس	اسکس	اسکس	_	_
916	به	به	به	_	_
917	این	این	این	_	_
918	ناو	ناو	ناو	_	_
919	آمریکایی	آمریکا	آمریکایی	_	_
920	نزدیک	نزدیک	نزدیک	_	_
921	شده‌بودند	شده‌بودند	شد	_	_
922	.	.	.	_	_
923	یک	یک	یک	_	_
924	ملوان	ملوان	ملوان	_	_
925	ایرانی	ایران	ایران	_	_
926	در	در	در	_	_
927	یک	یک	یک	_	_
928	تماس	تماس	تماس	_	_
929	رادیویی	رادیو	رادیو	_	_
930	از	از	از	_	_
931	ناو	ناو	ناو	_	_
932	اسکس	اسکس	اسکس	_	_
933	خواسته‌بود	خواسته‌بود	خواست	_	_
934	تا	تا	تا	_	_
935	ملیت	مل	ملیت	_	_
936	خود	خود	خود	_	_
937	را	را	را	_	_
938	مشخص	مشخص	مشخص	_	_
939	کند	کند	کند	_	_
940	.	.	.	_	_
941	در	در	در	_	_
942	پاسخ	پاسخ	پاسخ	_	_
943	به	به	به	_	_
944	این	این	این	_	_
945	تماس	تماس	تماس	_	_
946	نیز	نیز	نیز	_	_
947	یک	یک	یک	_	_
948	ملوان	ملوان	ملوان	_	_
949	آمریکایی	آمریکا	آمریکایی	_	_
950	کشتی‌های	کشتی	کشتی	_	_
951	آمریکایی‌ها	آمریکایی	آمریکایی	_	_
952	را	را	را	_	_
953	برای	برای	برای	_	_
954	ایران	ایران	ایران	_	_
955	معرفی	معرف	معرف	_	_
956	کرده	کرده	کرده	_	_
957	و	و	و	_	_
958	توضیح	توضیح	توضیح	_	_
959	داده‌است	داده‌است	داد	_	_
960	که	که	که	_	_
961	آن‌ها	آن	آن	_	_
962	در	در	در	_	_
963	حال	حال	حال	_	_
964	انجام	انجام	انجام	_	_
965	یک	یک	یک	_	_
966	ماموریت	مامور	ماموریت	_	_
967	دریایی	دریا	دریا	_	_
968	هستند	هستند		_	_
969	.	.	.	_	_
970	محمدجواد	محمدجواد	محمدجواد	_	_
971	ظریف	ظریف	ظریف	_	_
972	وزیر	وزیر	وزیر	_	_
973	امور	امور	امور	_	_
974	خارجه	خارجه	خارجه	_	_
975	ایران	ایران	ایران	_	_
976	نیز	نیز	نیز	_	_
977	پیش	پی	پیش	_	_
978	از	از	از	_	_
979	این	این	این	_	_
980	در	در	در	_	_
981	یک	یک	یک	_	_
982	پیام	پیام	پیام	_	_
983	توییتری	توییتر	توییتری	_	_
984	تاکید	تاکید	تاکید	_	_
985	کرده‌بود	کرده‌بود	کرد	_	_
986	که	که	که	_	_
987	نیروی	نیرو	نیرو	_	_
988	دریایی	دریا	دریا	_	_
989	ایران	ایران	ایران	_	_
990	در	در	در	_	_
991	خلیج	خلیج	خلیج	_	_
992	فارس	فارس	فارس	_	_
993	است	است		_	_
994	نه	نه	نه	_	_
995	خلیج	خلیج	خلیج	_	_
996	مکزیک	مکزیک	مکزیک	_	_
997	و	و	و	_	_
998	سوال	سوال	سوال	_	_
999	این	این	این	_	_
1000	است	است		_	_
1001	که	که	که	_	_
1002	چرا	چرا	چرا	_	_
1003	نیروی	نیرو	نیرو	_	_
1004	دریایی	دریا	دریا	_	_
1005	آمریکا	آمریکا	آمریکا	_	_
1006	باید	باید	باید	_	_
1007	جایی	جا	جا	_	_
1008	هزاران	هزار	هزار	_	_
1009	مایل	مایل	مایل	_	_
1010	دورتر	دور	دور	_	_
1011	از	از	از	_	_
1012	کشورش	کشور	کشور	_	_
1013	باشد	باشد	بود	_	_
1014	.	.	.	_	_
1015	در	در	در	_	_
1016	حال	حال	حال	_	_
1017	حاضر	حاضر	حاضر	_	_
1018	در	در	در	_	_
1019	کشور	کشور	کشور	_	_
1020	ما	ما	ما	_	_
1021	رشته	رشته	رشته	_	_
1022	هایی	هایی	هایی	_	_
1023	در	در	در	_	_
1024	دوره	دوره	دوره	_	_
1025	رزیدنتی	رزیدنت	رزیدنت	_	_
1026	پرطرفدار	پرطرفدار	پرطرفدار	_	_
1027	هستند	هستند		_	_
1028	که	که	که	_	_
1029	درآمد	درآمد	درآمد	_	_
1030	بالاتری	بالاتر	بالاتری	_	_
1031	دارند	دارند	داشت	_	_
1032	.	.	.	_	_
1033	در	در	در	_	_
1034	واقع	واقع	واقع	_	_
1035	اختلاف	اختلاف	اختلاف	_	_
1036	درآمدی	درآمد	درآمدی	_	_
1037	بسیار	بسیار	بسیار	_	_
1038	زیاد	زیاد	زیاد	_	_
1039	بین	بین	بین	_	_
1040	خود	خود	خود	_	_
1041	رشته	رشته	رشته	_	_
1042	های		های	_	_
1043	تخصص	تخصص	تخصص	_	_
1044	پزشکی	پزشک	پزشک	_	_
1045	سبب	سبب	سبب	_	_
1046	جهت	جهت	جهت	_	_
1047	گیری	گیر	گرفت	_	_
1048	انتخاب	انتخاب	انتخاب	_	_
1049	رشته	رشته	رشته	_	_
1050	داوطلبان	داوطلب	داوطلب	_	_
1051	آزمون	آزمون	آزمون	_	_
1052	دستیاری	دستیار	دستیار	_	_
1053	شده‌است	شده‌است	شد	_	_
1054	.	.	.	_	_
1055	طوری	طور	طوری	_	_
1056	که	که	که	_	_
1057	در	در	در	_	_
1058	حال	حال	حال	_	_
1059	حاضر	حاضر	حاضر	_	_
1060	رشته	رشته	رشته	_	_
1061	های		های	_	_
1062	رادیولوژی	رادیولوژ	رادیولوژی	_	_
1063	،	،	،	_	_
1064	چشم	چشم	چشم	_	_
1065	،	،	،	_	_
1066	پوست	پوست	پوست	_	_
1067	و	و	و	_	_
1068	ارتوپدی	ارتوپد	ارتوپد	_	_
1069	پرطرفدار	پرطرفدار	پرطرفدار	_	_
1070	ترین	تر	تر	_	_
1071	رشته	رشته	رشته	_	_
1072	ها		ها	_	_
1073	در	در	در	_	_
1074	بین	بین	بین	_	_
1075	داوطلبین	داوطلب	داوطلبین	_	_
1076	این	این	این	_	_
1077	آزمون	آزمون	آزمون	_	_
1078	می	می	می	_	_
1079	باشد	باشد	بود	_	_
1080	.	.	.	_	_
1081	این	این	این	_	_
1082	در	در	در	_	_
1083	حالی	حال	حال	_	_
1084	است	است		_	_
1085	که	که	که	_	_
1086	در	در	در	_	_
1087	کشور	کشور	کشور	_	_
1088	آمریکا	آمریکا	آمریکا	_	_
1089	طبق	طبق	طبق	_	_
1090	گزارش	گزارش	گزارش	_	_
1091	سال	سال	سال	_	_
1092	۲۰۱۱	2011	2011	_	_
1093	Medscape	Medscape	Medscape	_	_
1094	اختلاف	اختلاف	اختلاف	_	_
1095	درآمد	درآمد	درآمد	_	_
1096	متوسط	متوسط	متوسط	_	_
1097	انواع	انواع	انواع	_	_
1098	رشته	رشته	رشته	_	_
1099	های		های	_	_
1100	پزشکی	پزشک	پزشک	_	_
1101	حداکثر	حداکثر	حداکثر	_	_
1102	۲	2	2	_	_
1103	برابر	برابر	برابر	_	_
1104	است	است		_	_
1105	.	.	.	_	_
1106	در	در	در	_	_
1107	اینجا	اینجا	اینجا	_	_
1108	اشاره	اشاره	اشاره	_	_
1109	میکنم	میکن	میکنم	_	_
1110	به	به	به	_	_
1111	در	در	در	_	_
1112	آمد	آمد	آمد	_	_
1113	پزشکان	پزشک	پزشک	_	_
1114	دارو	دارو	دارو	_	_
1115	ساز	ساز	ساز	_	_
1116	دارو	دارو	دارو	_	_
1117	خانه	خانه	خانه	_	_
1118	دار	دار	دار	_	_
1119	که	که	که	_	_
1120	به	به	به	_	_
1121	مراتب	مراتب	مراتب	_	_
1122	از	از	از	_	_
1123	همکاران	همکار	همکار	_	_
1124	داروسازمسئول	داروسازمسئول	داروسازمسئول	_	_
1125	فنی	فن	فن	_	_
1126	دارو	دارو	دارو	_	_
1127	خانه	خانه	خانه	_	_
1128	بیشتر	بی	بیشتر	_	_
1129	است	است		_	_
1130	وتمامی	وتمام	وتمامی	_	_
1131	تعرفه	تعرفه	تعرفه	_	_
1132	نسخ	نسخ	نسخ	_	_
1133	و	و	و	_	_
1134	سودهای	سود	سود	_	_
1135	دارو	دارو	دارو	_	_
1136	و	و	و	_	_
1137	جوائز	جوائز	جوائز	_	_
1138	داروئی	داروئ	داروئی	_	_
1139	و	و	و	_	_
1140	.	.	.	_	_
1141	.	.	.	_	_
1142	.	.	.	_	_
1143	رابه	رابه	رابه	_	_
1144	جیب	جیب	جیب	_	_
1145	خود	خود	خود	_	_
1146	روانه	روانه	روانه	_	_
1147	میکنند	میکنند	میکنند	_	_
1148	وهمیشه	وهمیشه	وهمیشه	_	_
1149	ازاینکه	ازاینکه	ازاینکه	_	_
1150	وضعیت	وضعیت	وضعیت	_	_
1151	درآمدی	درآمد	درآمدی	_	_
1152	مناسبی	مناسب	مناسب	_	_
1153	ندارند	ندارند	داشت	_	_
1154	مینالند	مینالند	مینالند	_	_
1155	وبه	وبه	وبه	_	_
1156	جرات	جر	جر	_	_
1157	۹۰	90	90	_	_
1158	درصد	درصد	درصد	_	_
1159	داروخانه	داروخانه	داروخانه	_	_
1160	سوددهی	سوددهی	سوددهی	_	_
1161	فوق	فوق	فوق	_	_
1162	العاده	العاده	العاده	_	_
1163	ای	ای	ای	_	_
1164	دارند	دارند	داشت	_	_
1165	.	.	.	_	_
1166	سلام	سلام	سلام	_	_
1167	به	به	به	_	_
1168	همه	همه	همه	_	_
1169	دوستان	دوست	دوستان	_	_
1170	عزیز	عزیز	عزیز	_	_
1171	.	.	.	_	_
1172	انچه	انچه	انچه	_	_
1173	که	که	که	_	_
1174	بنده	بنده	بنده	_	_
1175	در	در	در	_	_
1176	ارتباط	ارتباط	ارتباط	_	_
1177	با	با	با	_	_
1178	ماشین	ما	ماشین	_	_
1179	x	x	x	_	_
1180	۲۲	22	22	_	_
1181	م		م	_	_
1182	میخوام	میخوا	میخوام	_	_
1183	متذکر	متذکر	متذکر	_	_
1184	بشم	ب	بشم	_	_
1185	.	.	.	_	_
1186	اول	اول	اول	_	_
1187	اینکه	اینکه	اینکه	_	_
1188	بنده	بنده	بنده	_	_
1189	نه	نه	نه	_	_
1190	فروشنده	فروشنده	فروشنده	_	_
1191	هستم	هس		_	_
1192	و	و	و	_	_
1193	نه	نه	نه	_	_
1194	دلال	دلال	دلال	_	_
1195	من	من	من	_	_
1196	هممثل	هممثل	هممثل	_	_
1197	همه	همه	همه	_	_
1198	شما	شما	شما	_	_
1199	یک	یک	یک	_	_
1200	دستگاه	دستگاه	دستگاه	_	_
1201	از	از	از	_	_
1202	این	این	این	_	_
1203	مدل	مدل	مدل	_	_
1204	ماشین	ما	ماشین	_	_
1205	در	در	در	_	_
1206	اواخر	اواخر	اواخر	_	_
1207	مرداد	مرداد	مرداد	_	_
1208	۹۶	96	96	_	_
1209	از	از	از	_	_
1210	نمایندگی	نمایندگی	نمایندگی	_	_
1211	تحویل	تحویل	تحویل	_	_
1212	گرفته‌ام	گرفته‌ا	گرفت	_	_
1213	و	و	و	_	_
1214	بحمدالله	بحمدالله	بحمدالله	_	_
1215	با	با	با	_	_
1216	این	این	این	_	_
1217	ماشین	ما	ماشین	_	_
1218	حدود	حدود	حدود	_	_
1219	۳۸۶۰۰	38600	38600	_	_
1220	کیلومتر	کیلومتر	کیلومتر	_	_
1221	تو	تو	تو	_	_
1222	تمام	تمام	تمام	_	_
1223	جاده	جاده	جاده	_	_
1224	های		های	_	_
1225	ایران	ایران	ایران	_	_
1226	و	و	و	_	_
1227	یکبار	یکبار	یکبار	_	_
1228	به	به	به	_	_
1229	اربیل	اربیل	اربیل	_	_
1230	عراق	عراق	عراق	_	_
1231	و	و	و	_	_
1232	اخیر	اخیر	اخیر	_	_
1233	هم	هم	هم	_	_
1234	تازه	تازه	تازه	_	_
1235	از	از	از	_	_
1236	ارمنستان	ارمنستان	ارمنستان	_	_
1237	با	با	با	_	_
1238	این	این	این	_	_
1239	ماشین	ما	ماشین	_	_
1240	رفت	رف	رفت	_	_
1241	و	و	و	_	_
1242	آمد	آمد	آمد	_	_
1243	داشته‌ام	داشته‌ا	داشت	_	_
1244	.	.	.	_	_
1245	و	و	و	_	_
1246	به	به	به	_	_
1247	لحاظ	لحاظ	لحاظ	_	_
1248	سواری	سوار	سوار	_	_
1249	در	در	در	_	_
1250	نوع	نوع	نوع	_	_
1251	خودش	خود	خودش	_	_
1252	بی	بی	بی	_	_
1253	نظیر	نظیر	نظیر	_	_
1254	بوده	بوده	بوده	_	_
1255	و	و	و	_	_
1256	اصلا	اصلا	اصلا	_	_
1257	احساس	احساس	احساس	_	_
1258	خستگی	خستگی	خستگی	_	_
1259	نمیکنی	نمیکن	نمیکنی	_	_
1260	.	.	.	_	_
1261	و	و	و	_	_
1262	لزومی	لزوم	لزوم	_	_
1263	هم	هم	هم	_	_
1264	نبود	نبود	بود	_	_
1265	از	از	از	_	_
1266	ماشین	ما	ماشین	_	_
1267	خودم	خود	خودم	_	_
1268	تعریف	تعریف	تعریف	_	_
1269	کنم	کن	کرد	_	_
1270	.	.	.	_	_
1271	بهر	بهر	بهر	_	_
1272	حال	حال	حال	_	_
1273	هرکسی	هرکس	هرکس	_	_
1274	سلیقه	سلیقه	سلیقه	_	_
1275	خاص	خاص	خاص	_	_
1276	خودش	خود	خودش	_	_
1277	را	را	را	_	_
1278	داره	داره	داره	_	_
1279	.	.	.	_	_
1280	یکی	یک	یک	_	_
1281	میگه	میگه	میگه	_	_
1282	ماشین	ما	ماشین	_	_
1283	بدی	بد	بدی	_	_
1284	هست	هس		_	_
1285	و	و	و	_	_
1286	یکی	یک	یک	_	_
1287	میگه	میگه	میگه	_	_
1288	ماشین	ما	ماشین	_	_
1289	خوب	خوب	خوب	_	_
1290	.	.	.	_	_
1291	حی	حی	حی	_	_
1292	و	و	و	_	_
1293	حاضر	حاضر	حاضر	_	_
1294	این	این	این	_	_
1295	ماشین	ما	ماشین	_	_
1296	در	در	در	_	_
1297	نوع	نوع	نوع	_	_
1298	خودش	خود	خودش	_	_
1299	بی	بی	بی	_	_
1300	نظیر	نظیر	نظیر	_	_
1301	بوده	بوده	بوده	_	_
1302	و	و	و	_	_
1303	تا	تا	تا	_	_
1304	الان	ال	الان	_	_
1305	فقط	فقط	فقط	_	_
1306	به	به	به	_	_
1307	غیر	غیر	غیر	_	_
1308	از	از	از	_	_
1309	روغن	روغن	روغن	_	_
1310	و	و	و	_	_
1311	فیلتر	فیل	فیل	_	_
1312	چیزی	چیز	چیز	_	_
1313	تا	تا	تا	_	_
1314	حال	حال	حال	_	_
1315	تعویض	تعویض	تعویض	_	_
1316	نکرده‌ام	نکرده‌ا	کرد	_	_
1317	و	و	و	_	_
1318	و	و	و	_	_
1319	به	به	به	_	_
1320	نسبت	نسب	نسبت	_	_
1321	مصرف	مصرف	مصرف	_	_
1322	سوخت	سوخت	سوخت	_	_
1323	تو	تو	تو	_	_
1324	جاده	جاده	جاده	_	_
1325	های		های	_	_
1326	ایران	ایران	ایران	_	_
1327	و	و	و	_	_
1328	جاده	جاده	جاده	_	_
1329	های		های	_	_
1330	کوهستانی	کوهستان	کوهستان	_	_
1331	کشورهای	کشور	کشور	_	_
1332	همسایه	همسایه	همسایه	_	_
1333	خیلی	خیل	خیلی	_	_
1334	کم	کم	کم	_	_
1335	مصرف	مصرف	مصرف	_	_
1336	و	و	و	_	_
1337	تو	تو	تو	_	_
1338	سربالایی	سربالا	سربالا	_	_
1339	خیلی	خیل	خیلی	_	_
1340	راحت	راح	راحت	_	_
1341	کشش	کش	کشش	_	_
1342	خوبی	خوب	خوبی	_	_
1343	داشته	داشته	داشته	_	_
1344	.	.	.	_	_
1345	شاخص	شاخص	شاخص	_	_
1346	بازار	بازار	بازار	_	_
1347	بورس	بورس	بورس	_	_
1348	در	در	در	_	_
1349	تمام	تمام	تمام	_	_
1350	نقاط	نقاط	نقاط	_	_
1351	دنیا	دنیا	دنیا	_	_
1352	به	به	به	_	_
1353	کف	کف	کف	_	_
1354	ممکن	ممکن	ممکن	_	_
1355	خودش	خود	خودش	_	_
1356	رسید	رسید	رسید	_	_
1357	.	.	.	_	_
1358	بعضی	بعض	بعضی	_	_
1359	بورس‌ها	بورس	بورس‌ها	_	_
1360	هم	هم	هم	_	_
1361	کلا	کلا	کلا	_	_
1362	قهر	قهر	قهر	_	_
1363	کردن	کردن	کردن	_	_
1364	رفتن	رفتن	رفتن	_	_
1365	خونه‌هاشون	خونه‌هاشون	خونه‌هاشون	_	_
1366	گفتن	گفتن	گفتن	_	_
1367	ما	ما	ما	_	_
1368	دیگه	دیگه	دیگه	_	_
1369	نمی‌تونیم	نمی‌تون	نمی‌تونیم	_	_
1370	!	!	!	_	_
1371	آخرین	آخر	آخرین	_	_
1372	بازی	باز	بازی	_	_
1373	شب	شب	شب	_	_
1374	دوم	دو	دوم	_	_
1375	هفته	هفته	هفته	_	_
1376	دهم	ده	دهم	_	_
1377	رقابت‌های	رقابت	رقابت	_	_
1378	لیگ	لیگ	لیگ	_	_
1379	دسته	دسته	دسته	_	_
1380	اول	اول	اول	_	_
1381	اسپانیا	اسپانیا	اسپانیا	_	_
1382	(	(	(	_	_
1383	لالیگا	لالیگا	لالیگا	_	_
1384	)	)	)	_	_
1385	با	با	با	_	_
1386	برتری	برتر	برتر	_	_
1387	خانگی	خانگی	خانگی	_	_
1388	۲	2	2	_	_
1389	بر	بر	بر	_	_
1390	صفر	صفر	صفر	_	_
1391	تیم	ت	تیم	_	_
1392	فوتبال	فوتبال	فوتبال	_	_
1393	اتلتیکومادرید	اتلتیکومادرید	اتلتیکومادرید	_	_
1394	مقابل	مقابل	مقابل	_	_
1395	رئال	رئال	رئال	_	_
1396	سوسیداد	سوسیداد	سوسیداد	_	_
1397	به	به	به	_	_
1398	پایان	پا	پایان	_	_
1399	رسید	رسید	رسید	_	_
1400	.	.	.	_	_
1401	سرمربی	سرمربی	سرمربی	_	_
1402	سابق	سابق	سابق	_	_
1403	تیم	ت	تیم	_	_
1404	ملی	مل	ملی	_	_
1405	اسپانیا	اسپانیا	اسپانیا	_	_
1406	با	با	با	_	_
1407	رقم	رقم	رقم	_	_
1408	زدن	زدن	زدن	_	_
1409	یک	یک	یک	_	_
1410	شروع	شروع	شروع	_	_
1411	افتضاح	افتضاح	افتضاح	_	_
1412	تیمش	تیم	تیمش	_	_
1413	را	را	را	_	_
1414	در	در	در	_	_
1415	رده	رده	رده	_	_
1416	نازل	نازل	نازل	_	_
1417	هفتم	هفت	هفتم	_	_
1418	قرار	قرار	قرار	_	_
1419	داده	داده	داده	_	_
1420	و	و	و	_	_
1421	تا	تا	تا	_	_
1422	اینجا	اینجا	اینجا	_	_
1423	هم	هم	هم	_	_
1424	به	به	به	_	_
1425	اصرار	اصرار	اصرار	_	_
1426	مدیر	مدیر	مدیر	_	_
1427	ورزشی	ورزش	ورزش	_	_
1428	باشگاه	باشگاه	باشگاه	_	_
1429	توسط	توسط	توسط	_	_
1430	فلورنتینو	فلورنتینو	فلورنتینو	_	_
1431	پرس	پرس	پرس	_	_
1432	،	،	،	_	_
1433	رئیس	رئیس	رئیس	_	_
1434	باشگاه	باشگاه	باشگاه	_	_
1435	اخراج	اخراج	اخراج	_	_
1436	نشده‌است	نشده‌اس	شد	_	_
1437	اما	اما	اما	_	_
1438	شاید	شاید	شاید	_	_
1439	این	این	این	_	_
1440	،	،	،	_	_
1441	آخرین	آخر	آخرین	_	_
1442	فرصتش	فرصت	فرصت	_	_
1443	باشد	باشد	بود	_	_
1444	.	.	.	_	_
1445	بازیکن	بازیکن	بازیکن	_	_
1446	سابق	سابق	سابق	_	_
1447	بارسلونا	بارسلونا	بارسلونا	_	_
1448	می‌تواند	می‌تواند	توانست	_	_
1449	به	به	به	_	_
1450	این	این	این	_	_
1451	فرصت	فرصت	فرصت	_	_
1452	به	به	به	_	_
1453	دیده	دیده	دیده	_	_
1454	مثبت	مثبت	مثبت	_	_
1455	نگاه	نگاه	نگاه	_	_
1456	کند	کند	کند	_	_
1457	چون	چون	چون	_	_
1458	رئال	رئال	رئال	_	_
1459	مادرید	مادرید	مادرید	_	_
1460	هر	هر	هر	_	_
1461	چقدر	چقدر	چقدر	_	_
1462	در	در	در	_	_
1463	این	این	این	_	_
1464	سال‌ها	سال	سال	_	_
1465	ال‌کلاسیکوهای	ال‌کلاسیکو	ال‌کلاسیکوهای	_	_
1466	خانگی	خانگی	خانگی	_	_
1467	را	را	را	_	_
1468	باخته	باخته	باخته	_	_
1469	در	در	در	_	_
1470	۳	3	3	_	_
1471	جدال	جدال	جدال	_	_
1472	اخیر	اخیر	اخیر	_	_
1473	در	در	در	_	_
1474	نوکمپ	نوکمپ	نوکمپ	_	_
1475	شکست	شکست	شکست	_	_
1476	نخورده‌است	نخورده‌اس	خورد	_	_
1477	.	.	.	_	_
1478	در	در	در	_	_
1479	طرف	طرف	طرف	_	_
1480	مقابل	مقابل	مقابل	_	_
1481	بارسلونا	بارسلونا	بارسلونا	_	_
1482	پس	پس	پس	_	_
1483	از	از	از	_	_
1484	۳	3	3	_	_
1485	هفته	هفته	هفته	_	_
1486	متوالی	متوالی	متوالی	_	_
1487	ناکامی	ناکام	ناکام	_	_
1488	در	در	در	_	_
1489	کسب	کسب	کسب	_	_
1490	پیروزی	پیروز	پیروزی	_	_
1491	به	به	به	_	_
1492	اوج	اوج	اوج	_	_
1493	برگشت	برگ	برگ	_	_
1494	و	و	و	_	_
1495	با	با	با	_	_
1496	برتری	برتر	برتر	_	_
1497	بر	بر	بر	_	_
1498	سویا	سویا	سویا	_	_
1499	صدر	صدر	صدر	_	_
1500	جدول	جدول	جدول	_	_
1501	را	را	را	_	_
1502	در	در	در	_	_
1503	اختیار	اختیار	اختیار	_	_
1504	گرفت	گرفت	گرفت	_	_
1505	اما	اما	اما	_	_
1506	این	این	این	_	_
1507	موضوع	موضوع	موضوع	_	_
1508	به	به	به	_	_
1509	قیمت	قیم	قیمت	_	_
1510	از	از	از	_	_
1511	دست	دست	دست	_	_
1512	ادن	ادن	ادن	_	_
1513	لیونل	لیونل	لیونل	_	_
1514	مسی	مس	مس	_	_
1515	،	،	،	_	_
1516	ستاره‌اش	ستاره	ستاره	_	_
1517	به	به	به	_	_
1518	مدت	مد	مدت	_	_
1519	۴	4	4	_	_
1520	هفته	هفته	هفته	_	_
1521	انجامید	انجامید	انجامید	_	_
1522	و	و	و	_	_
1523	حالا	حالا	حالا	_	_
1524	بهترین	به	بهترین	_	_
1525	گلزن	گلزن	گلزن	_	_
1526	تاریخ	تاریخ	تاریخ	_	_
1527	ال‌کلاسیکو	ال‌کلاسیکو	ال‌کلاسیکو	_	_
1528	در	در	در	_	_
1529	این	این	این	_	_
1530	نبرد	نبرد	نبرد	_	_
1531	سنتی	سنت	سنت	_	_
1532	غایب	غایب	غایب	_	_
1533	است	است		_	_
1534	.	.	.	_	_
1535	طرح‌های	طرح	طرح	_	_
1536	ارائه	ارائه	ارائه	_	_
1537	شده	شده	شده	_	_
1538	برای	برای	برای	_	_
1539	مهاجرت	مهاجر	مهاجرت	_	_
1540	ماشین	ما	ماشین	_	_
1541	مجازی	مجاز	مجاز	_	_
1542	در	در	در	_	_
1543	سه	سه	سه	_	_
1544	بخش	بخش	بخش	_	_
1545	طبقه‌بندی	طبقه‌بندی	طبقه‌بندی	_	_
1546	شده‌اند	شده‌اند	شد	_	_
1547	:	:	:	_	_
1548	فاصله	فاصله	فاصله	_	_
1549	،	،	،	_	_
1550	مسافت	مسافت	مسافت	_	_
1551	،	،	،	_	_
1552	جزئیات	جزء	جزئیات	_	_
1553	.	.	.	_	_
1554	مطالعات	مطالعات	مطالعات	_	_
1555	در	در	در	_	_
1556	مورد	مورد	مورد	_	_
1557	مهاجرت	مهاجر	مهاجرت	_	_
1558	غیر	غیر	غیر	_	_
1559	زنده	زنده	زنده	_	_
1560	بسادگی	بسادگ	بسادگی	_	_
1561	قابل	قابل	قابل	_	_
1562	انجام	انجام	انجام	_	_
1563	است	است		_	_
1564	ولی	ول	ولی	_	_
1565	کسانی	کسانی	کسانی	_	_
1566	که	که	که	_	_
1567	بر	بر	بر	_	_
1568	روی	رو	روی	_	_
1569	مهاجرت	مهاجر	مهاجرت	_	_
1570	زنده	زنده	زنده	_	_
1571	مطالعه	مطالعه	مطالعه	_	_
1572	می‌کنند	می‌کنند	کرد	_	_
1573	،	،	،	_	_
1574	بصورت	بصور	بصورت	_	_
1575	کلی	کل	کلی	_	_
1576	با	با	با	_	_
1577	سه	سه	سه	_	_
1578	چالش	چال	چالش	_	_
1579	اساسی	اساس	اساس	_	_
1580	روبرو	روبرو	روبرو	_	_
1581	می‌شوند	می‌شوند	شد	_	_
1582	:	:	:	_	_
1583	مهاجرت	مهاجر	مهاجرت	_	_
1584	داده‌های	داده	داده	_	_
1585	حافظه	حافظه	حافظه	_	_
1586	،	،	،	_	_
1587	مهاجرت	مهاجر	مهاجرت	_	_
1588	داده‌های	داده	داده	_	_
1589	ذخیره	ذخیره	ذخیره	_	_
1590	شده	شده	شده	_	_
1591	و	و	و	_	_
1592	تداوم	تداوم	تداوم	_	_
1593	برقراری	برقرار	برقراری	_	_
1594	اتصال	اتصال	اتصال	_	_
1595	به	به	به	_	_
1596	شبکه	شبکه	شبکه	_	_
1597	.	.	.	_	_
1598	کارهایی	کار	کار	_	_
1599	که	که	که	_	_
1600	برای	برای	برای	_	_
1601	تجزیه	تجزیه	تجزیه	_	_
1602	و	و	و	_	_
1603	تحلیل	تحلیل	تحلیل	_	_
1604	عملکرد	عملکرد	عملکرد	_	_
1605	و	و	و	_	_
1606	کارایی	کارا	کارا	_	_
1607	مهاجرت	مهاجر	مهاجرت	_	_
1608	ماشین	ما	ماشین	_	_
1609	مجازی	مجاز	مجاز	_	_
1610	انجام	انجام	انجام	_	_
1611	شده‌است	شده‌است	شد	_	_
1612	،	،	،	_	_
1613	نیز	نیز	نیز	_	_
1614	ذکر	ذکر	ذکر	_	_
1615	شده‌است	شده‌است	شد	_	_
1616	.	.	.	_	_
1617	با	با	با	_	_
1618	توسعه	توسعه	توسعه	_	_
1619	و	و	و	_	_
1620	تکامل	تکامل	تکامل	_	_
1621	رایانش‌ابری	رایانش‌ابر	رایانش‌ابری	_	_
1622	،	،	،	_	_
1623	تحرک	تحرک	تحرک	_	_
1624	کاربر	کاربر	کاربر	_	_
1625	،	،	،	_	_
1626	یک	یک	یک	_	_
1627	انگیزه	انگیزه	انگیزه	_	_
1628	مهم	مه	مهم	_	_
1629	برای	برای	برای	_	_
1630	مهاجرت	مهاجر	مهاجرت	_	_
1631	زنده	زنده	زنده	_	_
1632	VM	VM	VM	_	_
1633	در	در	در	_	_
1634	برخی	برخی	برخی	_	_
1635	از	از	از	_	_
1636	سناریوها	سناریو	سناریوها	_	_
1637	(	(	(	_	_
1638	مانند	مانند	مانند	_	_
1639	محاسبات	محاسب	محاسبات	_	_
1640	مه	مه	مه	_	_
1641	خواهد‌بود	خواهد‌بود	بود	_	_
1642	.	.	.	_	_
1643	بنابراین	بنابراین	بنابراین	_	_
1644	مطالعات	مطالعات	مطالعات	_	_
1645	در	در	در	_	_
1646	مورد	مورد	مورد	_	_
1647	پیوند	پیوند	پیوند	_	_
1648	مهاجرت	مهاجر	مهاجرت	_	_
1649	VM	VM	VM	_	_
1650	،	،	،	_	_
1651	به	به	به	_	_
1652	تحرک	تحرک	تحرک	_	_
1653	کاربران	کاربر	کاربر	_	_
1654	خلاصه	خلاصه	خلاصه	_	_
1655	شده‌است	شده‌است	شد	_	_
1656	.	.	.	_	_
1657	کاربری	کاربر	کاربر	_	_
1658	که	که	که	_	_
1659	دسترسی	دسترس	دسترس	_	_
1660	فیزیکی	فیزیک	فیزیکی	_	_
1661	غیرمجاز	غیرمجاز	غیرمجاز	_	_
1662	به	به	به	_	_
1663	کامپیوتر	کامپیو	کامپیوتر	_	_
1664	پیدا	پیدا	پیدا	_	_
1665	کرده‌باشد	کرده‌باشد	کرد	_	_
1666	،	،	،	_	_
1667	قادر	قادر	قادر	_	_
1668	است	است		_	_
1669	اطلاعات	اطلاع	اطلاعات	_	_
1670	را	را	را	_	_
1671	از	از	از	_	_
1672	آن	آن	آن	_	_
1673	کپی	کپ	کپی	_	_
1674	کند	کند	کند	_	_
1675	.	.	.	_	_
1676	حتی	حتی	حتی	_	_
1677	اگر	اگر	اگر	_	_
1678	سیستم	سیس	سیستم	_	_
1679	با	با	با	_	_
1680	امنیت	امنیت	امنیت	_	_
1681	استاندارد	استاندارد	استاندارد	_	_
1682	حفاظت	حفاظ	حفاظت	_	_
1683	شده‌باشد	شده‌باشد	شد	_	_
1684	،	،	،	_	_
1685	حساب	حساب	حساب	_	_
1686	کاربر	کاربر	کاربر	_	_
1687	و	و	و	_	_
1688	پسورد	پسورد	پسورد	_	_
1689	او	او	او	_	_
1690	را	را	را	_	_
1691	می‌توان	می‌توان	می‌توان	_	_
1692	با	با	با	_	_
1693	گذر	گذر	گذر	_	_
1694	از	از	از	_	_
1695	این	این	این	_	_
1696	مکانیسم‌ها	مکانیسم	مکانیسم‌ها	_	_
1697	و	و	و	_	_
1698	راه	راه	راه	_	_
1699	اندازی	انداز	انداخت	_	_
1700	سیستم	سیس	سیستم	_	_
1701	عامل	عامل	عامل	_	_
1702	دیگر	دیگر	دیگر	_	_
1703	یا	یا	یا	_	_
1704	ابزاری	ابزار	ابزار	_	_
1705	از	از	از	_	_
1706	CD-ROM	CD-ROM	CD-ROM	_	_
1707	برای	برای	برای	_	_
1708	راه	راه	راه	_	_
1709	اندازی	انداز	انداخت	_	_
1710	مجدد	مجدد	مجدد	_	_
1711	پسورد	پسورد	پسورد	_	_
1712	سرپرست	سرپرست	سرپرست	_	_
1713	و	و	و	_	_
1714	تبدیل	تبدیل	تبدیل	_	_
1715	آن	آن	آن	_	_
1716	به	به	به	_	_
1717	رشته	رشته	رشته	_	_
1718	null	null	null	_	_
1719	،	،	،	_	_
1720	به	به	به	_	_
1721	دست	دست	دست	_	_
1722	آورد	آورد	آورد	_	_
1723	.	.	.	_	_
1724	رمزگذاری	رمزگذار	رمزگذاری	_	_
1725	دیسک	دیسک	دیسک	_	_
1726	و	و	و	_	_
1727	ماژول	ماژول	ماژول	_	_
1728	Trusted	Trusted	Trusted	_	_
1729	Platform	Platform	Platform	_	_
1730	برای	برای	برای	_	_
1731	جلوگیری	جلوگیری	جلوگیری	_	_
1732	از	از	از	_	_
1733	چنین	چنین	چنین	_	_
1734	حمله‌هایی	حمله	حمله	_	_
1735	طراحی	طراح	طراح	_	_
1736	شده‌اند	شده‌اند	شد	_	_
1737	.	.	.	_	_
