0	در	در	در	_	_
1	هم	هم	هم	_	_
2	تنیدگی	تنیدگی	تنیدگی	_	_
3	کوانتومی	کوانتوم	کوانتوم	_	_
4	می‌گوید	می‌گوید	گفت	_	_
5	«	«	«	_	_
6	در	در	در	_	_
7	سامانه‌های	سامانه	سامانه	_	_
8	مرکب	مرکب	مرکب	_	_
9	با	با	با	_	_
10	وضعیت‌هایی	وضعیت	وضعیت	_	_
11	مواجه	مواجه	مواجه	_	_
12	می‌شویم	می‌شو	شد	_	_
13	که	که	که	_	_
14	در	در	در	_	_
15	آن	آن	آن	_	_
16	اجزای	اجزا	اجزا	_	_
17	سامانه	سامانه	سامانه	_	_
18	دارای	دارا	دارا	_	_
19	هیچ	هیچ	هیچ	_	_
20	ویژگی	ویژگی	ویژگی	_	_
21	نیستند	نیستند		_	_
22	بلکه	بلکه	بلکه	_	_
23	فقط	فقط	فقط	_	_
24	سامانهٔ	سامانه	سامانه	_	_
25	کل	کل	کل	_	_
26	دارای	دارا	دارا	_	_
27	دسته‌ای	دسته	دسته	_	_
28	از	از	از	_	_
29	ویژگی‌ها	ویژگی	ویژگی	_	_
30	است	است		_	_
31	.	.	.	_	_
32	»	»	»	_	_
33	به	به	به	_	_
34	زبان	زبان	زبان	_	_
35	ساده	ساده	ساده	_	_
36	و	و	و	_	_
37	به	به	به	_	_
38	عنوان	عنوان	عنوان	_	_
39	اولین	اول	اولین	_	_
40	مثال	مثال	مثال	_	_
41	تاریخی	تاریخ	تاریخ	_	_
42	،	،	،	_	_
43	درهم‌تنیدگی	درهم‌تنیدگ	درهم‌تنیدگی	_	_
44	جفت	جفت	جفت	_	_
45	شدن	شدن	شدن	_	_
46	خواص	خواص	خواص	_	_
47	مکانیکی	مکانیک	مکانیک	_	_
48	دو	دو	دو	_	_
49	ذره	ذره	ذره	_	_
50	است	است		_	_
51	،	،	،	_	_
52	ذراتی	ذرات	ذرات	_	_
53	که	که	که	_	_
54	پیش	پی	پیش	_	_
55	تر	تر	تر	_	_
56	با	با	با	_	_
57	یکدیگر	یکدیگر	یکدیگر	_	_
58	در	در	در	_	_
59	اندرکنش	اندرکنش	اندرکنش	_	_
60	بوده	بوده	بوده	_	_
61	و	و	و	_	_
62	سپس	سپس	سپس	_	_
63	از	از	از	_	_
64	یک	یک	یک	_	_
65	دیگر	دیگر	دیگر	_	_
66	جدا	جدا	جدا	_	_
67	شده‌اند	شده‌اند	شد	_	_
68	.	.	.	_	_
69	در	در	در	_	_
70	هم	هم	هم	_	_
71	تنیدگی	تنیدگی	تنیدگی	_	_
72	برای	برای	برای	_	_
73	ذراتی	ذرات	ذرات	_	_
74	همچون	همچون	همچون	_	_
75	فوتونها	فوتون	فوتون	_	_
76	،	،	،	_	_
77	الکترونها	الکترون	الکترون	_	_
78	و	و	و	_	_
79	حتی	حتی	حتی	_	_
80	مولکول‌ها	مولکول	مولکول	_	_
81	رخ	رخ	رخ	_	_
82	می‌دهد	می‌دهد	داد	_	_
83	.	.	.	_	_
84	این	این	این	_	_
85	اندرکنش	اندرکنش	اندرکنش	_	_
86	فیزیکی	فیزیک	فیزیکی	_	_
87	مربوط	مربوط	مربوط	_	_
88	به	به	به	_	_
89	خواصی	خواص	خواص	_	_
90	نظیر	نظیر	نظیر	_	_
91	مکان	مکان	مکان	_	_
92	،	،	،	_	_
93	تکانه	تکانه	تکانه	_	_
94	،	،	،	_	_
95	اسپین	اسپ	اسپین	_	_
96	و	و	و	_	_
97	قطبش	قطب	قطب	_	_
98	و	و	و	_	_
99	.	.	.	_	_
100	.	.	.	_	_
101	.	.	.	_	_
102	است	است		_	_
103	به	به	به	_	_
104	گونه‌ای	گونه	گونه	_	_
105	که	که	که	_	_
106	با	با	با	_	_
107	تعیین	تعیین	تعیین	_	_
108	هر	هر	هر	_	_
109	یک	یک	یک	_	_
110	از	از	از	_	_
111	خواص	خواص	خواص	_	_
112	برای	برای	برای	_	_
113	یکی	یک	یک	_	_
114	از	از	از	_	_
115	دو	دو	دو	_	_
116	ذره	ذره	ذره	_	_
117	همان	هم	همان	_	_
118	خاصیت	خاصیت	خاصیت	_	_
119	در	در	در	_	_
120	دیگری	دیگر	دیگر	_	_
121	تعیین	تعیین	تعیین	_	_
122	می‌شود	می‌شود	شد	_	_
123	.	.	.	_	_
124	به	به	به	_	_
125	عبارت	عبارت	عبارت	_	_
126	دیگر	دیگر	دیگر	_	_
127	هر	هر	هر	_	_
128	یک	یک	یک	_	_
129	از	از	از	_	_
130	ذرات	ذر	ذرات	_	_
131	جفت	جفت	جفت	_	_
132	شده	شده	شده	_	_
133	به	به	به	_	_
134	خوبی	خوب	خوبی	_	_
135	توسط	توسط	توسط	_	_
136	حالت	حال	حالت	_	_
137	کوانتومی	کوانتوم	کوانتوم	_	_
138	مشابه	مشابه	مشابه	_	_
139	توصیف	توصیف	توصیف	_	_
140	می‌شوند	می‌شوند	شد	_	_
141	.	.	.	_	_
142	فلسفه‌ای	فلسفه	فلسفه	_	_
143	که	که	که	_	_
144	منجر	منجر	منجر	_	_
145	به	به	به	_	_
146	شکل‌گیری	شکل‌گیری	شکل‌گیری	_	_
147	ی		ی	_	_
148	زبان‌های	زبان	زبان	_	_
149	شی	ش	شی	_	_
150	گرا	گرا	گرا	_	_
151	شد	شد	شد	_	_
152	،	،	،	_	_
153	عبارت	عبارت	عبارت	_	_
154	بود	بود	بود	_	_
155	از	از	از	_	_
156	این	این	این	_	_
157	واقعیت	واقع	واقعیت	_	_
158	که	که	که	_	_
159	نحوهٔ	نحوه	نحوه	_	_
160	عملکرد	عملکرد	عملکرد	_	_
161	مغز	مغز	مغز	_	_
162	و	و	و	_	_
163	شیوهٔ	شیوه	شیوه	_	_
164	دریافت	دریافت	دریافت	_	_
165	اطلاعات	اطلاع	اطلاعات	_	_
166	از	از	از	_	_
167	محیط	محیط	محیط	_	_
168	پیرامون	پیرامون	پیرامون	_	_
169	و	و	و	_	_
170	پردازش	پردازش	پردازش	_	_
171	آن	آن	آن	_	_
172	اطلاعات	اطلاع	اطلاعات	_	_
173	(	(	(	_	_
174	اندیشیدن	اندیشیدن	اندیشیدن	_	_
175	)	)	)	_	_
176	،	،	،	_	_
177	شیوه‌ای	شیوه	شیوه	_	_
178	شی	ش	شی	_	_
179	گراست	گراس	گراست	_	_
180	،	،	،	_	_
181	از	از	از	_	_
182	همین	هم	همین	_	_
183	روی	رو	روی	_	_
184	می‌بایستی	می‌بایست	می‌بایستی	_	_
185	زبانی	زبان	زبان	_	_
186	تعریف	تعریف	تعریف	_	_
187	می‌شد	می‌شد	شد	_	_
188	که	که	که	_	_
189	همین	هم	همین	_	_
190	شیوه	شیوه	شیوه	_	_
191	را	را	را	_	_
192	مبنای	مبنا	مبنا	_	_
193	کار	کار	کار	_	_
194	خود	خود	خود	_	_
195	قرار	قرار	قرار	_	_
196	داده	داده	داده	_	_
197	و	و	و	_	_
198	بازتولید	بازتولید	بازتولید	_	_
199	می‌کرد	می‌کرد	کرد	_	_
200	؛	؛	؛	_	_
201	و	و	و	_	_
202	دقیقا	دقیقاً	دقیقاً	_	_
203	به	به	به	_	_
204	همان	هم	همان	_	_
205	شکل	شکل	شکل	_	_
206	که	که	که	_	_
207	اشیا	اشیا	اشیا	_	_
208	در	در	در	_	_
209	جهان	جهان	جهان	_	_
210	خارج	خارج	خارج	_	_
211	،	،	،	_	_
212	دارای	دارا	دارا	_	_
213	هویت	هوی	هویت	_	_
214	و	و	و	_	_
215	کارکرد	کارکرد	کارکرد	_	_
216	مشخص	مشخص	مشخص	_	_
217	و	و	و	_	_
218	یگانه	یگانه	یگانه	_	_
219	برای	برای	برای	_	_
220	خود	خود	خود	_	_
221	هستند	هستند		_	_
222	و	و	و	_	_
223	در	در	در	_	_
224	عین	ع	عین	_	_
225	حال	حال	حال	_	_
226	با	با	با	_	_
227	دیگر	دیگر	دیگر	_	_
228	اشیا	اشیا	اشیا	_	_
229	در	در	در	_	_
230	ارتباطی	ارتباط	ارتباط	_	_
231	تنگاتنگ	تنگاتنگ	تنگاتنگ	_	_
232	و	و	و	_	_
233	مستقیم	مستقیم	مستقیم	_	_
234	اند	اند	اند	_	_
235	،	،	،	_	_
236	در	در	در	_	_
237	زبان‌های	زبان	زبان	_	_
238	برنامه‌نویسی	برنامه‌نویس	برنامه‌نویس	_	_
239	نیز	نیز	نیز	_	_
240	می‌بایستی	می‌بایست	می‌بایستی	_	_
241	این	این	این	_	_
242	اصول	اصول	اصول	_	_
243	کلی	کل	کلی	_	_
244	برقرار	برقرار	برقرار	_	_
245	می‌شد	می‌شد	شد	_	_
246	.	.	.	_	_
247	تا	تا	تا	_	_
248	به	به	به	_	_
249	این	این	این	_	_
250	شکل	شکل	شکل	_	_
251	،	،	،	_	_
252	برنامه‌نویس	برنامه‌نویس	برنامه‌نویس	_	_
253	بتواند	بتواند	توانست	_	_
254	با	با	با	_	_
255	بهره‌گیری	بهره‌گیری	بهره‌گیری	_	_
256	از	از	از	_	_
257	زبانی	زبان	زبان	_	_
258	که	که	که	_	_
259	به	به	به	_	_
260	روش	رو	روش	_	_
261	اندیشیدنش	اندیشیدن	اندیشیدن	_	_
262	،	،	،	_	_
263	نزدیکی	نزدیک	نزدیک	_	_
264	بیشتری	بیشتر	بیشتر	_	_
265	دارد	دارد	داشت	_	_
266	،	،	،	_	_
267	شی‌های	شی	شی‌های	_	_
268	مختلفی	مختلف	مختلف	_	_
269	را	را	را	_	_
270	تعریف	تعریف	تعریف	_	_
271	نموده	نموده	نموده	_	_
272	،	،	،	_	_
273	این	این	این	_	_
274	شی‌ها	شی	شی‌ها	_	_
275	را	را	را	_	_
276	در	در	در	_	_
277	ارتباط	ارتباط	ارتباط	_	_
278	با	با	با	_	_
279	یکدیگر	یکدیگر	یکدیگر	_	_
280	قرار	قرار	قرار	_	_
281	داده	داده	داده	_	_
282	و	و	و	_	_
283	از	از	از	_	_
284	شی‌های	شی	شی‌های	_	_
285	پویای	پویا	پویا	_	_
286	تولید	تولید	تولید	_	_
287	شده	شده	شده	_	_
288	برای	برای	برای	_	_
289	حل	حل	حل	_	_
290	مسئله	مسئله	مسئله	_	_
291	ی		ی	_	_
292	پیش	پی	پیش	_	_
293	روی	رو	روی	_	_
294	استفاده	استفاده	استفاده	_	_
295	نماید	نماید	نمود	_	_
296	.	.	.	_	_
297	امروزه	امروزه	امروزه	_	_
298	اکثر	اکثر	اکثر	_	_
299	زبان‌های	زبان	زبان	_	_
300	دستوری	دستور	دستور	_	_
301	برنامه‌نویسی	برنامه‌نویس	برنامه‌نویس	_	_
302	از	از	از	_	_
303	فنون	فنون	فنون	_	_
304	شی‌گرایی	شی‌گرا	شی‌گرایی	_	_
305	پشتیبانی	پشتیبان	پشتیبان	_	_
306	می‌کنند	می‌کنند	کرد	_	_
307	.	.	.	_	_
308	زبان‌هایی	زبان	زبان	_	_
309	مانند	مانند	مانند	_	_
310	جاوا	جاوا	جاوا	_	_
311	،	،	،	_	_
312	سی++	سی++	سی++	_	_
313	،	،	،	_	_
314	سی	سی	سی	_	_
315	شارپ	شارپ	شارپ	_	_
316	،	،	،	_	_
317	دلفی	دلفی	دلفی	_	_
318	از	از	از	_	_
319	جمله	جمله	جمله	_	_
320	زبان‌های	زبان	زبان	_	_
321	شی‌گرا	شی‌گرا	شی‌گرا	_	_
322	هستند	هستند		_	_
323	.	.	.	_	_
324	حتی	حتی	حتی	_	_
325	بسیاری	بسیار	بسیار	_	_
326	از	از	از	_	_
327	زبانهای	زبان	زبان	_	_
328	روال	روال	روال	_	_
329	گونه	گونه	گونه	_	_
330	که	که	که	_	_
331	ساختار	ساختار	ساختار	_	_
332	برنامه‌ها	برنامه	برنامه	_	_
333	در	در	در	_	_
334	آن‌ها	آن	آن	_	_
335	بلوک‌هایی	بلوک	بلوک	_	_
336	با	با	با	_	_
337	نام	نا	نام	_	_
338	پروسیجر	پروسیجر	پروسیجر	_	_
339	است	است		_	_
340	امروزه	امروزه	امروزه	_	_
341	از	از	از	_	_
342	فنون	فنون	فنون	_	_
343	شی‌گرایی	شی‌گرا	شی‌گرایی	_	_
344	نیز	نیز	نیز	_	_
345	پشتبانی	پشتبان	پشتبانی	_	_
346	می‌کنند	می‌کنند	کرد	_	_
347	.	.	.	_	_
348	زبان‌های	زبان	زبان	_	_
349	سی++	سی++	سی++	_	_
350	و	و	و	_	_
351	پی‌اچ‌پی	پی‌اچ‌پ	پی‌اچ‌پی	_	_
352	از	از	از	_	_
353	این	این	این	_	_
354	جمله	جمله	جمله	_	_
355	هستند	هستند		_	_
356	.	.	.	_	_
357	هر	هر	هر	_	_
358	شیء	شیء	شیء	_	_
359	یک	یک	یک	_	_
360	سری	سر	سری	_	_
361	خصوصیت	خصوص	خصوصیت	_	_
362	و	و	و	_	_
363	قابلیت	قابلیت	قابلیت	_	_
364	دارد	دارد	داشت	_	_
365	،	،	،	_	_
366	که	که	که	_	_
367	اصطلاحا	اصطلاحاً	اصطلاحاً	_	_
368	Properties	Properties	Properties	_	_
369	و	و	و	_	_
370	Operation	Operation	Operation	_	_
371	خوانده‌می‌شوند	خوانده‌می‌شوند	خواند	_	_
372	.	.	.	_	_
373	در	در	در	_	_
374	این	این	این	_	_
375	پارادایم	پارادا	پارادایم	_	_
376	برنامه‌نویسی	برنامه‌نویس	برنامه‌نویس	_	_
377	،	،	،	_	_
378	دید	دید	دید	_	_
379	برنامه‌نویس	برنامه‌نویس	برنامه‌نویس	_	_
380	به	به	به	_	_
381	سیستم	سیس	سیستم	_	_
382	دید	دید	دید	_	_
383	شخصی	شخص	شخص	_	_
384	است	است		_	_
385	که	که	که	_	_
386	سعی	سعی	سعی	_	_
387	می‌نماید	می‌نماید	نمود	_	_
388	با	با	با	_	_
389	پیدا	پیدا	پیدا	_	_
390	کردن	کردن	کردن	_	_
391	اشیاء	اشیاء	اشیاء	_	_
392	مختلف	مختلف	مختلف	_	_
393	در	در	در	_	_
394	سیستم	سیس	سیستم	_	_
395	و	و	و	_	_
396	برقراری	برقرار	برقراری	_	_
397	ارتباط	ارتباط	ارتباط	_	_
398	بین	بین	بین	_	_
399	آن‌ها	آن	آن	_	_
400	سیستم	سیس	سیستم	_	_
401	را	را	را	_	_
402	تولید	تولید	تولید	_	_
403	نماید	نماید	نمود	_	_
404	.	.	.	_	_
405	ردیت	رد	رد	_	_
406	یک	یک	یک	_	_
407	وب‌گاه	وب‌گاه	وب‌گاه	_	_
408	برای	برای	برای	_	_
409	جمع‌آوری	جمع‌آوری	جمع‌آوری	_	_
410	اخبار	اخبار	اخبار	_	_
411	اجتماعی	اجتماع	اجتماع	_	_
412	که	که	که	_	_
413	در	در	در	_	_
414	آن	آن	آن	_	_
415	کاربران	کاربر	کاربر	_	_
416	ثبت‌نام	ثبت‌نام	ثبت‌نام	_	_
417	کرده	کرده	کرده	_	_
418	قادرند	قادرند	قادرند	_	_
419	اخبار	اخبار	اخبار	_	_
420	را	را	را	_	_
421	در	در	در	_	_
422	قالب	قالب	قالب	_	_
423	لینک	لینک	لینک	_	_
424	یا	یا	یا	_	_
425	متن	متن	متن	_	_
426	ارسال	ارسال	ارسال	_	_
427	کنند	کنند	کرد	_	_
428	و	و	و	_	_
429	آن	آن	آن	_	_
430	را	را	را	_	_
431	با	با	با	_	_
432	دیگران	دیگر	دیگر	_	_
433	به	به	به	_	_
434	اشتراک	اشتراک	اشتراک	_	_
435	بگذارند	بگذارند	گذاشت	_	_
436	.	.	.	_	_
437	کاربران	کاربر	کاربر	_	_
438	می‌توانند	می‌توانند	توانست	_	_
439	به	به	به	_	_
440	پست	پس	پست	_	_
441	یا	یا	یا	_	_
442	گزارش‌های	گزارش	گزارش	_	_
443	نوشته	نوشته	نوشته	_	_
444	شده	شده	شده	_	_
445	رأی	رأی	رأی	_	_
446	دهند	دهند	داد	_	_
447	و	و	و	_	_
448	جایگاه	جایگاه	جایگاه	_	_
449	آن	آن	آن	_	_
450	خبر	خبر	خبر	_	_
451	را	را	را	_	_
452	در	در	در	_	_
453	صفحات	صفحات	صفحات	_	_
454	ردیت	رد	رد	_	_
455	و	و	و	_	_
456	صفحهٔ	صفحه	صفحه	_	_
457	اصلی	اصل	اصل	_	_
458	مشخص	مشخص	مشخص	_	_
459	کنند	کنند	کرد	_	_
460	.	.	.	_	_
461	در	در	در	_	_
462	واقع	واقع	واقع	_	_
463	کاربران	کاربر	کاربر	_	_
464	هستند	هستند		_	_
465	که	که	که	_	_
466	در	در	در	_	_
467	ردیت	رد	رد	_	_
468	اهمیت	اهمیت	اهمیت	_	_
469	خبر	خبر	خبر	_	_
470	را	را	را	_	_
471	تعیین	تعیین	تعیین	_	_
472	می‌کنند	می‌کنند	کرد	_	_
473	.	.	.	_	_
474	این	این	این	_	_
475	وب‌گاه	وب‌گاه	وب‌گاه	_	_
476	در	در	در	_	_
477	سال	سال	سال	_	_
478	۲۰۰۵	۲۰۰۵	۲۰۰۵	_	_
479	توسط	توسط	توسط	_	_
480	استیو	استیو	استیو	_	_
481	هافمن	هافمن	هافمن	_	_
482	و	و	و	_	_
483	الکسیس	الکسیس	الکسیس	_	_
484	اوهانیان	اوهان	اوهانیان	_	_
485	که	که	که	_	_
486	هر	هر	هر	_	_
487	دو	دو	دو	_	_
488	دانش	دانش	دانش	_	_
489	آموختهٔ	آموخته	آموخته	_	_
490	دانشگاه	دانشگاه	دانشگاه	_	_
491	ویرجینیا	ویرجینیا	ویرجینیا	_	_
492	هستند	هستند		_	_
493	تأسیس	تأسیس	تأسیس	_	_
494	شد	شد	شد	_	_
495	.	.	.	_	_
496	دفتر	دف	دفتر	_	_
497	مرکزی	مرکز	مرکزی	_	_
498	ردیت	رد	رد	_	_
499	در	در	در	_	_
500	سانفرانسیسکو	سانفرانسیسکو	سانفرانسیسکو	_	_
501	،	،	،	_	_
502	کالیفرنیا	کالیفرنیا	کالیفرنیا	_	_
503	در	در	در	_	_
504	ایالات	ایالت	ایالات	_	_
505	متحده	متحده	متحده	_	_
506	آمریکا	آمریکا	آمریکا	_	_
507	است	است		_	_
508	.	.	.	_	_
509	درخشش	درخشش	درخشش	_	_
510	یا	یا	یا	_	_
511	تلألو	تلألو	تلألو	_	_
512	(	(	(	_	_
513	به	به	به	_	_
514	انگلیسی	انگلیس	انگلیسی	_	_
515	:	:	:	_	_
516	The	The	The	_	_
517	Shining	Shining	Shining	_	_
518	)	)	)	_	_
519	فیلمی	فیلم	فیلم	_	_
520	در	در	در	_	_
521	سبک	سبک	سبک	_	_
522	ترسناک	ترسناک	ترسناک	_	_
523	روانشناسانه	روانشناسانه	روانشناسانه	_	_
524	محصول	محصول	محصول	_	_
525	آمریکا	آمریکا	آمریکا	_	_
526	و	و	و	_	_
527	بریتانیا	بریتانیا	بریتانیا	_	_
528	به	به	به	_	_
529	کارگردانی	کارگردان	کارگردان	_	_
530	و	و	و	_	_
531	تهیه‌کنندگی	تهیه‌کنندگی	تهیه‌کنندگی	_	_
532	استنلی	استنلی	استنلی	_	_
533	کوبریک	کوبریک	کوبریک	_	_
534	است	است		_	_
535	که	که	که	_	_
536	در	در	در	_	_
537	سال	سال	سال	_	_
538	۱۹۸۰	۱۹۸۰	۱۹۸۰	_	_
539	منتشر	منتشر	منتشر	_	_
540	شد	شد	شد	_	_
541	.	.	.	_	_
542	فیلم‌نامه	فیلم‌نامه	فیلم‌نامه	_	_
543	این	این	این	_	_
544	کار	کار	کار	_	_
545	را	را	را	_	_
546	کوبریک	کوبریک	کوبریک	_	_
547	و	و	و	_	_
548	دایان	دا	دایان	_	_
549	جانسون	جانسون	جانسون	_	_
550	،	،	،	_	_
551	رمان‌نویس	رمان‌نویس	رمان‌نویس	_	_
552	زاده	زاده	زاده	_	_
553	آمریکا	آمریکا	آمریکا	_	_
554	نوشتند	نوشتند	نوشت	_	_
555	.	.	.	_	_
556	در	در	در	_	_
557	این	این	این	_	_
558	فیلم	فیل	فیلم	_	_
559	هنرپیشگانی	هنرپیشگان	هنرپیشگانی	_	_
560	همچون	همچون	همچون	_	_
561	جک	جک	جک	_	_
562	نیکلسون	نیکلسون	نیکلسون	_	_
563	،	،	،	_	_
564	شلی	شل	شل	_	_
565	دووال	دووال	دووال	_	_
566	و	و	و	_	_
567	دنی	دن	دنی	_	_
568	لوید	لوید	لوید	_	_
569	به	به	به	_	_
570	ایفای	ایفا	ایفا	_	_
571	نقش	نق	نقش	_	_
572	پرداخته‌اند	پرداخته‌اند	پرداخت	_	_
573	.	.	.	_	_
574	درخشش	درخشش	درخشش	_	_
575	تنها	تنها	تنها	_	_
576	فیلم	فیل	فیلم	_	_
577	کوبریک	کوبریک	کوبریک	_	_
578	در	در	در	_	_
579	ژانر	ژانر	ژانر	_	_
580	وحشت	وحش	وحشت	_	_
581	محسوب	محسوب	محسوب	_	_
582	می‌شود	می‌شود	شد	_	_
583	.	.	.	_	_
584	فیلم	فیل	فیلم	_	_
585	بر	بر	بر	_	_
586	اساس	اساس	اساس	_	_
587	داستانی	داستان	داستان	_	_
588	به	به	به	_	_
589	همین	هم	همین	_	_
590	نام	نا	نام	_	_
591	از	از	از	_	_
592	استیون	استیون	استیون	_	_
593	کینگ	کینگ	کینگ	_	_
594	ساخته‌شد	ساخته‌شد	ساخت	_	_
595	.	.	.	_	_
596	جک	جک	جک	_	_
597	نیکلسون	نیکلسون	نیکلسون	_	_
598	در	در	در	_	_
599	معروف‌ترین	معروف	معروف	_	_
600	سکانس	سکانس	سکانس	_	_
601	فیلم	فیل	فیلم	_	_
602	برداشتهای	برداشت	برداشت	_	_
603	مکرر	مکرر	مکرر	_	_
604	کوبریک	کوبریک	کوبریک	_	_
605	در	در	در	_	_
606	حین	حین	حین	_	_
607	این	این	این	_	_
608	فیلم	فیل	فیلم	_	_
609	یکی	یک	یک	_	_
610	از	از	از	_	_
611	ضرب‌المثلهای	ضرب‌المثل	ضرب‌المثل	_	_
612	صنعت	صنع	صنعت	_	_
613	فیلمسازی	فیلمساز	فیلمسازی	_	_
614	شده‌است	شده‌اس	شده‌است	_	_
615	.	.	.	_	_
616	او	او	او	_	_
617	۱۲۷	۱۲۷	۱۲۷	_	_
618	مرتبه	مرتبه	مرتبه	_	_
619	از	از	از	_	_
620	شلی	شل	شل	_	_
621	دووال	دووال	دووال	_	_
622	برای	برای	برای	_	_
623	یکی	یک	یک	_	_
624	از	از	از	_	_
625	سکانسهای	سکانس	سکانسهای	_	_
626	فیلم	فیل	فیلم	_	_
627	فیلمبرداری	فیلمبردار	فیلمبرداری	_	_
628	کرد	کرد	کرد	_	_
629	.	.	.	_	_
630	عصبیت	عصب	عصبیت	_	_
631	شلی	شل	شل	_	_
632	دووال	دووال	دووال	_	_
633	در	در	در	_	_
634	فیلم	فیل	فیلم	_	_
635	به	به	به	_	_
636	خوبی	خوب	خوبی	_	_
637	مشهود	مشهود	مشهود	_	_
638	است	است		_	_
639	اسکتمن	اسکتمن	اسکتمن	_	_
640	کراترز	کراترز	کراترز	_	_
641	به	به	به	_	_
642	نقش	نق	نقش	_	_
643	آشپز	آشپز	آشپز	_	_
644	سیاه‌پوست	سیاه‌پوست	سیاه‌پوست	_	_
645	هتل	هتل	هتل	_	_
646	مجبور	مجبور	مجبور	_	_
647	شد	شد	شد	_	_
648	۴۰	۴۰	۴۰	_	_
649	بار	بار	بار	_	_
650	صحنه	صحنه	صحنه	_	_
651	درگیری	درگیر	درگیری	_	_
652	با	با	با	_	_
653	تبر	تبر	تبر	_	_
654	را	را	را	_	_
655	بازی	باز	بازی	_	_
656	کند	کند	کند	_	_
657	و	و	و	_	_
658	نهایتا	نهایتاً	نهایتاً	_	_
659	دچار	دچار	دچار	_	_
660	فروپاشی	فروپاش	فروپاش	_	_
661	عصبی	عصب	عصبی	_	_
662	شده	شده	شده	_	_
663	و	و	و	_	_
664	با	با	با	_	_
665	گریه	گریه	گریه	_	_
666	به	به	به	_	_
667	کوبریک	کوبریک	کوبریک	_	_
668	گفت	گفت	گفت	_	_
669	:	:	:	_	_
670	«	«	«	_	_
671	آقای	آقا	آقا	_	_
672	کوبریک	کوبریک	کوبریک	_	_
673	آخه	آخه	آخه	_	_
674	چی	چ	چی	_	_
675	از	از	از	_	_
676	جونم	جون	جونم	_	_
677	میخواین	میخوا	میخواین	_	_
678	؟	؟	؟	_	_
679	»	»	»	_	_
680	اما	اما	اما	_	_
681	کوبریک	کوبریک	کوبریک	_	_
682	سکانس	سکانس	سکانس	_	_
683	خروج	خروج	خروج	_	_
684	و	و	و	_	_
685	فوران	فوران	فوران	_	_
686	خون	خون	خون	_	_
687	از	از	از	_	_
688	درون	درون	درون	_	_
689	آسانسور	آسانسور	آسانسور	_	_
690	هتل	هتل	هتل	_	_
691	اورلووک	اورلووک	اورلووک	_	_
692	را	را	را	_	_
693	تنها	تنها	تنها	_	_
694	سه	سه	سه	_	_
695	مرتبه	مرتبه	مرتبه	_	_
696	تکرار	تکرار	تکرار	_	_
697	کردو	کردو	کردو	_	_
698	علت	علت	علت	_	_
699	به	به	به	_	_
700	سختی	سخت	سختی	_	_
701	تکرار	تکرار	تکرار	_	_
702	این	این	این	_	_
703	صحنه	صحنه	صحنه	_	_
704	بازمی‌گشت	بازمی‌گ	بازمی‌گشت	_	_
705	که	که	که	_	_
706	هر	هر	هر	_	_
707	بار	بار	بار	_	_
708	آماده	آماده	آماده	_	_
709	کردن	کردن	کردن	_	_
710	آن	آن	آن	_	_
711	۹	۹	۹	_	_
712	ساعت	ساعت	ساعت	_	_
713	طول	طول	طول	_	_
714	می‌کشید	می‌کشید	کشید	_	_
715	!	!	!	_	_
716	اما	اما	اما	_	_
717	کوبریک	کوبریک	کوبریک	_	_
718	پس	پس	پس	_	_
719	از	از	از	_	_
720	تماشای	تماشا	تماشا	_	_
721	سکانس	سکانس	سکانس	_	_
722	می‌گفت	می‌گف	گفت	_	_
723	:	:	:	_	_
724	«	«	«	_	_
725	نه	نه	نه	_	_
726	شبیه	شبیه	شبیه	_	_
727	خون	خون	خون	_	_
728	واقعی	واقع	واقعی	_	_
729	نشد	نشد	شد	_	_
730	.	.	.	_	_
731	»	»	»	_	_
732	نکته	نکته	نکته	_	_
733	جالب	جالب	جالب	_	_
734	در	در	در	_	_
735	مورد	مورد	مورد	_	_
736	این	این	این	_	_
737	صحنه	صحنه	صحنه	_	_
738	این	این	این	_	_
739	بود	بود	بود	_	_
740	که	که	که	_	_
741	اداره	اداره	اداره	_	_
742	سانسور	سانسور	سانسور	_	_
743	انگلستان	انگلستان	انگلستان	_	_
744	از	از	از	_	_
745	وفور	وفور	وفور	_	_
746	این	این	این	_	_
747	همه	همه	همه	_	_
748	خون	خون	خون	_	_
749	در	در	در	_	_
750	یک	یک	یک	_	_
751	سکانس	سکانس	سکانس	_	_
752	به	به	به	_	_
753	تنگ	تنگ	تنگ	_	_
754	آمده	آمده	آمده	_	_
755	و	و	و	_	_
756	درجه	درجه	درجه	_	_
757	فیلم	فیل	فیلم	_	_
758	را	را	را	_	_
759	فقط	فقط	فقط	_	_
760	برای	برای	برای	_	_
761	بزرگسالان	بزرگسال	بزرگسالان	_	_
762	اعلام	اعلا	اعلام	_	_
763	نموده‌بود	نموده‌بود	نمود	_	_
764	اما	اما	اما	_	_
765	گویا	گویا	گویا	_	_
766	کوبریک	کوبریک	کوبریک	_	_
767	با	با	با	_	_
768	زیرکی	زیرک	زیرک	_	_
769	آنها	آن	آن	_	_
770	را	را	را	_	_
771	قانع	قانع	قانع	_	_
772	کرد	کرد	کرد	_	_
773	که	که	که	_	_
774	این	این	این	_	_
775	مایع	مایع	مایع	_	_
776	لزج	لزج	لزج	_	_
777	،	،	،	_	_
778	خون	خون	خون	_	_
779	نبوده	نبوده	بود	_	_
780	بلکه	بلکه	بلکه	_	_
781	«	«	«	_	_
782	فاضلاب	فاضلاب	فاضلاب	_	_
783	»	»	»	_	_
784	است	است		_	_
785	.	.	.	_	_
786	بازیگر	بازیگر	بازیگر	_	_
787	نقش	نق	نقش	_	_
788	بچه	بچه	بچه	_	_
789	فیلم	فیل	فیلم	_	_
790	تا	تا	تا	_	_
791	۱۲	۱۲	۱۲	_	_
792	سالگی	سالگی	سالگی	_	_
793	نفهمید	نفهمید	فهمید	_	_
794	که	که	که	_	_
795	در	در	در	_	_
796	فیلمی	فیلم	فیلم	_	_
797	ترسناک	ترسناک	ترسناک	_	_
798	بازی	باز	بازی	_	_
799	کرده‌است	کرده‌اس	کرده‌است	_	_
800	.	.	.	_	_
801	در	در	در	_	_
802	صورتی	صورت	صورت	_	_
803	که	که	که	_	_
804	در	در	در	_	_
805	۷	۷	۷	_	_
806	سالگی	سالگی	سالگی	_	_
807	این	این	این	_	_
808	نقش	نق	نقش	_	_
809	را	را	را	_	_
810	بازی	باز	بازی	_	_
811	کرده‌بود	کرده‌بود	کرد	_	_
812	.	.	.	_	_
813	کوبریک	کوبریک	کوبریک	_	_
814	حس	حس	حس	_	_
815	مسئولیت	مسئولیت	مسئولیت	_	_
816	شدیدی	شدید	شدید	_	_
817	در	در	در	_	_
818	این	این	این	_	_
819	خصوص	خصوص	خصوص	_	_
820	احساس	احساس	احساس	_	_
821	می‌کرد	می‌کرد	کرد	_	_
822	و	و	و	_	_
823	بدین	بد	بدین	_	_
824	لحاظ	لحاظ	لحاظ	_	_
825	این	این	این	_	_
826	امر	امر	امر	_	_
827	را	را	را	_	_
828	از	از	از	_	_
829	کودک	کودک	کودک	_	_
830	هنرمند	هنرمند	هنرمند	_	_
831	پنهان	پنهان	پنهان	_	_
832	نگاهداشت	نگاهداشت	نگاهداشت	_	_
833	تا	تا	تا	_	_
834	به	به	به	_	_
835	روحیه	روحیه	روحیه	_	_
836	او	او	او	_	_
837	لطمه‌ای	لطمه	لطمه	_	_
838	وارد	وارد	وارد	_	_
839	نگردد	نگردد	گشت	_	_
840	.	.	.	_	_
841	حتی	حتی	حتی	_	_
842	بار	بار	بار	_	_
843	نخستی	نخست	نخست	_	_
844	که	که	که	_	_
845	دنی	دن	دنی	_	_
846	لوید	لوید	لوید	_	_
847	این	این	این	_	_
848	فیلم	فیل	فیلم	_	_
849	را	را	را	_	_
850	واقعا	واقعاً	واقعاً	_	_
851	تماشا	تماشا	تماشا	_	_
852	کرد	کرد	کرد	_	_
853	با	با	با	_	_
854	خود	خود	خود	_	_
855	استنلی	استنلی	استنلی	_	_
856	کوبریک	کوبریک	کوبریک	_	_
857	بود	بود	بود	_	_
858	.	.	.	_	_
859	زلاتان	زلا	زلاتان	_	_
860	برای	برای	برای	_	_
861	اولین	اول	اولین	_	_
862	بار	بار	بار	_	_
863	در	در	در	_	_
864	سال	سال	سال	_	_
865	۱۹۹۶	۱۹۹۶	۱۹۹۶	_	_
866	با	با	با	_	_
867	مالمو	مالمو	مالمو	_	_
868	قرارداد	قرارداد	قرارداد	_	_
869	بست	بس	بست	_	_
870	و	و	و	_	_
871	در	در	در	_	_
872	سال	سال	سال	_	_
873	۱۹۹۹	۱۹۹۹	۱۹۹۹	_	_
874	در	در	در	_	_
875	ترکیب	ترکیب	ترکیب	_	_
876	تیم	ت	تیم	_	_
877	اول	اول	اول	_	_
878	این	این	این	_	_
879	تیم	ت	تیم	_	_
880	در	در	در	_	_
881	لیگ	لیگ	لیگ	_	_
882	اول	اول	اول	_	_
883	سوئد	سوئد	سوئد	_	_
884	قرار	قرار	قرار	_	_
885	گرفت	گرفت	گرفت	_	_
886	که	که	که	_	_
887	در	در	در	_	_
888	این	این	این	_	_
889	سال	سال	سال	_	_
890	این	این	این	_	_
891	تیم	ت	تیم	_	_
892	با	با	با	_	_
893	رتبه	رتبه	رتبه	_	_
894	سیزدهم	سیزده	سیزدهم	_	_
895	به	به	به	_	_
896	لیگ	لیگ	لیگ	_	_
897	دوم	دو	دوم	_	_
898	سقوط	سقوط	سقوط	_	_
899	کرد	کرد	کرد	_	_
900	ولی	ول	ولی	_	_
901	فصل	فصل	فصل	_	_
902	بعد	بعد	بعد	_	_
903	به	به	به	_	_
904	لیگ	لیگ	لیگ	_	_
905	اول	اول	اول	_	_
906	بازگشت	بازگشت	بازگشت	_	_
907	.	.	.	_	_
908	پیش	پی	پیش	_	_
909	از	از	از	_	_
910	آن‌که	آن‌که	آن‌که	_	_
911	لئو	لئو	لئو	_	_
912	بینهاکر	بینهاکر	بینهاکر	_	_
913	سرمربی	سرمربی	سرمربی	_	_
914	آژاکس	آژاکس	آژاکس	_	_
915	علاقه	علاقه	علاقه	_	_
916	خود	خود	خود	_	_
917	را	را	را	_	_
918	برای	برای	برای	_	_
919	جذب	جذب	جذب	_	_
920	این	این	این	_	_
921	بازیکن	بازیکن	بازیکن	_	_
922	نشان	نشان	نشان	_	_
923	دهد	دهد	داد	_	_
924	این	این	این	_	_
925	آرسن	آرسن	آرسن	_	_
926	ونگر	ونگر	ونگر	_	_
927	بود	بود	بود	_	_
928	که	که	که	_	_
929	زلاتان	زلا	زلاتان	_	_
930	را	را	را	_	_
931	کشف	کشف	کشف	_	_
932	کرد	کرد	کرد	_	_
933	اما	اما	اما	_	_
934	طی	طی	طی	_	_
935	تلاشی	تلاش	تلاش	_	_
936	ناموفق	ناموفق	ناموفق	_	_
937	برای	برای	برای	_	_
938	انتقال	انتقال	انتقال	_	_
939	وی	و	وی	_	_
940	به	به	به	_	_
941	آرسنال	آرسنال	آرسنال	_	_
942	ابراهیموویچ	ابراهیموویچ	ابراهیموویچ	_	_
943	به	به	به	_	_
944	آژاکس	آژاکس	آژاکس	_	_
945	پیوست	پیوس	پیوست	_	_
946	.	.	.	_	_
947	در	در	در	_	_
948	۲۲	۲۲	۲۲	_	_
949	مارس	مارس	مارس	_	_
950	۲۰۰۱	۲۰۰۱	۲۰۰۱	_	_
951	ابراهیموویچ	ابراهیموویچ	ابراهیموویچ	_	_
952	با	با	با	_	_
953	قرار	قرار	قرار	_	_
954	دادی	داد	داد	_	_
955	معادل	معادل	معادل	_	_
956	۸۰	۸۰	۸۰	_	_
957	میلیون	میلیون	میلیون	_	_
958	کرون	کرون	کرون	_	_
959	سوئد	سوئد	سوئد	_	_
960	به	به	به	_	_
961	آژاکس	آژاکس	آژاکس	_	_
962	پیوست	پیوس	پیوست	_	_
963	.	.	.	_	_
964	«	«	«	_	_
965	قدرت	قدر	قدرت	_	_
966	فقط	فقط	فقط	_	_
967	نصیب	نصیب	نصیب	_	_
968	کسانی	کسانی	کسانی	_	_
969	می‌شود	می‌شود	شد	_	_
970	که	که	که	_	_
971	جرات	جر	جر	_	_
972	کنند	کنند	کرد	_	_
973	خم	خم	خم	_	_
974	شوند	شوند	شد	_	_
975	و	و	و	_	_
976	آن	آن	آن	_	_
977	را	را	را	_	_
978	به	به	به	_	_
979	دقت	دق	دقت	_	_
980	بگیرند	بگیرند	گرفت	_	_
981	.	.	.	_	_
982	فقط	فقط	فقط	_	_
983	یک	یک	یک	_	_
984	چیز	چیز	چیز	_	_
985	مهم	مه	مهم	_	_
986	است	است		_	_
987	:	:	:	_	_
988	باید	باید	باید	_	_
989	فقط	فقط	فقط	_	_
990	جرات	جر	جر	_	_
991	داشت	داش	داشت	_	_
992	.	.	.	_	_
993	لازم	لازم	لازم	_	_
994	بود	بود	بود	_	_
995	بدانم	بدان	دانست	_	_
996	که	که	که	_	_
997	آیا	آیا	آیا	_	_
998	من	من	من	_	_
999	هم	هم	هم	_	_
1000	مانند	مانند	مانند	_	_
1001	همهٔ	همه	همه	_	_
1002	مردم	مرد	مردم	_	_
1003	شپش	شپش	شپش	_	_
1004	هستم	هس		_	_
1005	یا	یا	یا	_	_
1006	انسانم	انسان	انسان	_	_
1007	؟	؟	؟	_	_
1008	آیا	آیا	آیا	_	_
1009	من	من	من	_	_
1010	می‌توانم	می‌توان	توانست	_	_
1011	از	از	از	_	_
1012	حد	حد	حد	_	_
1013	معین	معین	معین	_	_
1014	تجاوز	تجاوز	تجاوز	_	_
1015	کنم	کن	کرد	_	_
1016	،	،	،	_	_
1017	یا	یا	یا	_	_
1018	نمی‌توانم	نمی‌توان	توانست	_	_
1019	؟	؟	؟	_	_
1020	آیا	آیا	آیا	_	_
1021	جسارت	جسارت	جسارت	_	_
1022	این	این	این	_	_
1023	را	را	را	_	_
1024	دارم	دار	داشت	_	_
1025	که	که	که	_	_
1026	خم	خم	خم	_	_
1027	شوم	شوم	شوم	_	_
1028	و	و	و	_	_
1029	آنچه	آنچه	آنچه	_	_
1030	را	را	را	_	_
1031	می‌خواهم	می‌خواه	خواست	_	_
1032	،	،	،	_	_
1033	بردارم	بردار	بردار	_	_
1034	یا	یا	یا	_	_
1035	نه	نه	نه	_	_
1036	.	.	.	_	_
1037	آیا	آیا	آیا	_	_
1038	موجودی	موجود	موجود	_	_
1039	ترسو	ترسو	ترسو	_	_
1040	و	و	و	_	_
1041	بزدلم	بزدل	بزدل	_	_
1042	یا	یا	یا	_	_
1043	صاحب	صاحب	صاحب	_	_
1044	حق	حق	حق	_	_
1045	و	و	و	_	_
1046	اختیار	اختیار	اختیار	_	_
1047	هستم	هس		_	_
1048	؟	؟	؟	_	_
1049	»	»	»	_	_
1050	«	«	«	_	_
1051	قابل	قابل	قابل	_	_
1052	توجه	توجه	توجه	_	_
1053	است	است		_	_
1054	که	که	که	_	_
1055	بیشتر	بی	بیشتر	_	_
1056	اشخاص	اشخاص	اشخاص	_	_
1057	نیکوکار	نیکوکار	نیکوکار	_	_
1058	و	و	و	_	_
1059	بنیانگذار	بنیانگذار	بنیانگذار	_	_
1060	اصول	اصول	اصول	_	_
1061	انسانیت	انسانیت	انسانیت	_	_
1062	،	،	،	_	_
1063	مردمانی	مردمان	مردمانی	_	_
1064	بودند	بودند	بود	_	_
1065	بی‌نهایت	بی‌نهایت	بی‌نهایت	_	_
1066	خونریز	خونریز	خونریز	_	_
1067	.	.	.	_	_
1068	همه	همه	همه	_	_
1069	،	،	،	_	_
1070	و	و	و	_	_
1071	نه	نه	نه	_	_
1072	اشخاص	اشخاص	اشخاص	_	_
1073	بزرگ	بزرگ	بزرگ	_	_
1074	،	،	،	_	_
1075	بلکه	بلکه	بلکه	_	_
1076	حتی	حتی	حتی	_	_
1077	آن‌هایی	آن	آن	_	_
1078	که	که	که	_	_
1079	فقط	فقط	فقط	_	_
1080	کمی	کم	کم	_	_
1081	بیرون	بیرون	بیرون	_	_
1082	از	از	از	_	_
1083	چهارچوب	چهارچوب	چهارچوب	_	_
1084	معمول	معمول	معمول	_	_
1085	هستند	هستند		_	_
1086	،	،	،	_	_
1087	یعنی	یعنی	یعنی	_	_
1088	حتی	حتی	حتی	_	_
1089	آن‌هایی	آن	آن	_	_
1090	که	که	که	_	_
1091	اندکی	اندک	اندک	_	_
1092	توانایی	توانا	توانایی	_	_
1093	گفتن	گفتن	گفتن	_	_
1094	سخن	سخن	سخن	_	_
1095	نو	نو	نو	_	_
1096	را	را	را	_	_
1097	دارند	دارند	داشت	_	_
1098	،	،	،	_	_
1099	قاعدتا	قاعدتاً	قاعدتاً	_	_
1100	باید	باید	باید	_	_
1101	،	،	،	_	_
1102	بنا	بنا	بنا	_	_
1103	بر	بر	بر	_	_
1104	طبیعت	طبیعت	طبیعت	_	_
1105	خود	خود	خود	_	_
1106	،	،	،	_	_
1107	کم	کم	کم	_	_
1108	و	و	و	_	_
1109	بیش	بی	بیش	_	_
1110	متجاوز	متجاوز	متجاوز	_	_
1111	باشند	باشند	بود	_	_
1112	.	.	.	_	_
1113	اگر	اگر	اگر	_	_
1114	جز	جز	جز	_	_
1115	این	این	این	_	_
1116	باشد	باشد	بود	_	_
1117	مشکل	مشکل	مشکل	_	_
1118	است	است		_	_
1119	آن‌ها	آن	آن	_	_
1120	از	از	از	_	_
1121	چهار	چهار	چهار	_	_
1122	دیوار	دیوار	دیوار	_	_
1123	خود	خود	خود	_	_
1124	به	به	به	_	_
1125	درآیند	درآیند	درآیند	_	_
1126	،	،	،	_	_
1127	و	و	و	_	_
1128	از	از	از	_	_
1129	ماندن	ماندن	ماندن	_	_
1130	در	در	در	_	_
1131	آن	آن	آن	_	_
1132	چهارچوب	چهارچوب	چهارچوب	_	_
1133	به	به	به	_	_
1134	خاطر	خاطر	خاطر	_	_
1135	طبع	طبع	طبع	_	_
1136	خود	خود	خود	_	_
1137	،	،	،	_	_
1138	نمی‌توانند	نمی‌توانند	توانست	_	_
1139	راضی	راضی	راضی	_	_
1140	باشند	باشند	بود	_	_
1141	.	.	.	_	_
1142	»	»	»	_	_
1143	«	«	«	_	_
1144	همه	همه	همه	_	_
1145	قاتلن	قاتلن	قاتلن	_	_
1146	؛	؛	؛	_	_
1147	همیشه	همیشه	همیشه	_	_
1148	زمین	زمین	زمین	_	_
1149	جاری	جار	جاری	_	_
1150	از	از	از	_	_
1151	خون	خون	خون	_	_
1152	بوده	بوده	بوده	_	_
1153	.	.	.	_	_
1154	روی	رو	روی	_	_
1155	زمین	زمین	زمین	_	_
1156	کسایی	کسا	کسا	_	_
1157	که	که	که	_	_
1158	قتل	قتل	قتل	_	_
1159	می‌کنن	می‌کنن	می‌کنن	_	_
1160	بعدها	بعد	بعد	_	_
1161	صاحب	صاحب	صاحب	_	_
1162	بزرگ‌ترین	بزرگ	بزرگ	_	_
1163	افتخارها	افتخار	افتخار	_	_
1164	شدن	شدن	شدن	_	_
1165	.	.	.	_	_
1166	من	من	من	_	_
1167	فقط	فقط	فقط	_	_
1168	می‌خواستم	می‌خواس	خواست	_	_
1169	به	به	به	_	_
1170	مردم	مرد	مردم	_	_
1171	خوبی	خوب	خوبی	_	_
1172	کنم	کن	کرد	_	_
1173	.	.	.	_	_
1174	کشتن	کشتن	کشتن	_	_
1175	یک	یک	یک	_	_
1176	پیرزن	پیرزن	پیرزن	_	_
1177	رباخوار	رباخوار	رباخوار	_	_
1178	و	و	و	_	_
1179	از	از	از	_	_
1180	بین	بین	بین	_	_
1181	بردن	بردن	بردن	_	_
1182	یک	یک	یک	_	_
1183	حشرهٔ	حشره	حشره	_	_
1184	کثیف	کثیف	کثیف	_	_
1185	،	،	،	_	_
1186	کجاش	کجا	کجا	_	_
1187	جنایته	جنایته	جنایته	_	_
1188	؟	؟	؟	_	_
1189	»	»	»	_	_
1190	«	«	«	_	_
1191	همه	همه	همه	_	_
1192	چیزم	چیز	چیز	_	_
1193	را	را	را	_	_
1194	باخته‌بودم	باخته‌بود	باخت	_	_
1195	.	.	.	_	_
1196	همه	همه	همه	_	_
1197	چیزم	چیز	چیز	_	_
1198	را	را	را	_	_
1199	!	!	!	_	_
1200	از	از	از	_	_
1201	کازینو	کازینو	کازینو	_	_
1202	بیرون	بیرون	بیرون	_	_
1203	آمدم	آمد	آمد	_	_
1204	.	.	.	_	_
1205	آن	آن	آن	_	_
1206	وقت	وقت	وقت	_	_
1207	دیدم	دید	دید	_	_
1208	یک	یک	یک	_	_
1209	گولدن	گولدن	گولدن	_	_
1210	ته	ته	ته	_	_
1211	جیب	جیب	جیب	_	_
1212	جلیقه	جلیقه	جلیقه	_	_
1213	ام	ا	ام	_	_
1214	مانده	مانده	مانده	_	_
1215	.	.	.	_	_
1216	گفتم	گفت	گفت	_	_
1217	:	:	:	_	_
1218	"	"	"	_	_
1219	آه	آه	آه	_	_
1220	پس	پس	پس	_	_
1221	هنوز	هنوز	هنوز	_	_
1222	می‌توانم	می‌توان	توانست	_	_
1223	غذایی	غذا	غذا	_	_
1224	بخورم	بخور	خورد	_	_
1225	!	!	!	_	_
1226	"	"	"	_	_
1227	اما	اما	اما	_	_
1228	صد	صد	صد	_	_
1229	قدم	قد	قدم	_	_
1230	نرفته‌بودم	نرفته‌بود	رفت	_	_
1231	که	که	که	_	_
1232	تصمیمم	تصمیم	تصمیم	_	_
1233	عوض	عوض	عوض	_	_
1234	شد	شد	شد	_	_
1235	.	.	.	_	_
1236	برگشتم	برگ	برگ	_	_
1237	و	و	و	_	_
1238	یک	یک	یک	_	_
1239	گولدن	گولدن	گولدن	_	_
1240	را	را	را	_	_
1241	روی	رو	روی	_	_
1242	مانک	مانک	مانک	_	_
1243	گذاشتم	گذا	گذاشت	_	_
1244	(	(	(	_	_
1245	بله	بله	بله	_	_
1246	خوب	خوب	خوب	_	_
1247	به	به	به	_	_
1248	یاد	یاد	یاد	_	_
1249	دارم	دار	داشت	_	_
1250	.	.	.	_	_
1251	روی	رو	روی	_	_
1252	مانک	مانک	مانک	_	_
1253	)	)	)	_	_
1254	و	و	و	_	_
1255	جدا	جداً	جداً	_	_
1256	وقتی	وقت	وقت	_	_
1257	آدم	آدم	آدم	_	_
1258	در	در	در	_	_
1259	کشوری	کشور	کشور	_	_
1260	بیگانه	بیگانه	بیگانه	_	_
1261	دور	دور	دور	_	_
1262	از	از	از	_	_
1263	وطن	وطن	وطن	_	_
1264	و	و	و	_	_
1265	کس	کس	کس	_	_
1266	و	و	و	_	_
1267	کارش	کار	کار	_	_
1268	تنهاست	تنهاس	تنهاست	_	_
1269	و	و	و	_	_
1270	نمی‌داند	نمی‌داند	دانست	_	_
1271	که	که	که	_	_
1272	همان	هم	همان	_	_
1273	روز	روز	روز	_	_
1274	چه	چه	چه	_	_
1275	خواهد‌خورد	خواهد‌خورد	خورد	_	_
1276	و	و	و	_	_
1277	می‌خواهد	می‌خواهد	خواست	_	_
1278	آخرین	آخر	آخرین	_	_
1279	گولدن	گولدن	گولدن	_	_
1280	خود	خود	خود	_	_
1281	را	را	را	_	_
1282	آخرینش	آخرین	آخرین	_	_
1283	را	را	را	_	_
1284	به	به	به	_	_
1285	خطر	خطر	خطر	_	_
1286	اندازد	اندازد	انداخت	_	_
1287	احساس	احساس	احساس	_	_
1288	عجیبی	عجیب	عجیب	_	_
1289	دارد	دارد	داشت	_	_
1290	.	.	.	_	_
1291	اما	اما	اما	_	_
1292	خطر	خطر	خطر	_	_
1293	کردم	کرد	کرد	_	_
1294	و	و	و	_	_
1295	بردم	برد	برد	_	_
1296	و	و	و	_	_
1297	بیست	بیست	بیست	_	_
1298	دقیقه	دقیقه	دقیقه	_	_
1299	بعد	بعد	بعد	_	_
1300	با	با	با	_	_
1301	صد	صد	صد	_	_
1302	و	و	و	_	_
1303	هفتاد	هفتاد	هفتاد	_	_
1304	گولدن	گولدن	گولدن	_	_
1305	در	در	در	_	_
1306	جیب	جیب	جیب	_	_
1307	از	از	از	_	_
1308	کازینو	کازینو	کازینو	_	_
1309	بیرون	بیرون	بیرون	_	_
1310	آمدم	آمد	آمد	_	_
1311	.	.	.	_	_
1312	این	این	این	_	_
1313	یک	یک	یک	_	_
1314	واقعیت	واقع	واقعیت	_	_
1315	است	است		_	_
1316	.	.	.	_	_
1317	گاهی	گاه	گاه	_	_
1318	آخرین	آخر	آخرین	_	_
1319	گولدن	گولدن	گولدن	_	_
1320	چه	چه	چه	_	_
1321	کارها	کار	کار	_	_
1322	می‌کند	می‌کند	کرد	_	_
1323	!	!	!	_	_
1324	اگر	اگر	اگر	_	_
1325	شکستم	شکست	شکست	_	_
1326	را	را	را	_	_
1327	پذیرفته‌بودم	پذیرفته‌بود	پذیرفت	_	_
1328	اگر	اگر	اگر	_	_
1329	جرئت	جرئت	جرئت	_	_
1330	تصمیم	تصمیم	تصمیم	_	_
1331	نمی‌داشتم	نمی‌دا	داشت	_	_
1332	چه	چه	چه	_	_
1333	شده‌بود	شده‌بود	شد	_	_
1334	؟	؟	؟	_	_
1335	…	…	…	_	_
1336	فردا	فردا	فردا	_	_
1337	،	،	،	_	_
1338	فردا	فردا	فردا	_	_
1339	،	،	،	_	_
1340	همه	همه	همه	_	_
1341	چیز	چیز	چیز	_	_
1342	تمام	تمام	تمام	_	_
1343	خواهد‌شد	خواهد‌شد	شد	_	_
1344	.	.	.	_	_
1345	»	»	»	_	_
