0	﻿جملات	﻿جمل	﻿جملات	_	_
1	تست	تس	تست	_	_
2	:	:	:	_	_
3	تخت	تخت	تخت	_	_
4	جمشید	جمشید	جمشید	_	_
5	،	،	،	_	_
6	مجموعه	مجموعه	مجموعه	_	_
7	ای	ای	ای	_	_
8	از	از	از	_	_
9	کاخهای	کاخ	کاخ	_	_
10	بسیار	بسیار	بسیار	_	_
11	با	با	با	_	_
12	شکوهی	شکوه	شکوه	_	_
13	است	است		_	_
14	که	که	که	_	_
15	ساخت	ساخت	ساخت	_	_
16	آنها	آن	آن	_	_
17	در	در	در	_	_
18	سال	سال	سال	_	_
19	به	به	به	_	_
20	۵۱۲	512	512	_	_
21	قبل	قبل	قبل	_	_
22	از	از	از	_	_
23	میلاد	میلاد	میلاد	_	_
24	آغاز	آغاز	آغاز	_	_
25	شد	شد	شد	_	_
26	و	و	و	_	_
27	اتمام	اتمام	اتمام	_	_
28	آن	آن	آن	_	_
29	۱۵۰	150	150	_	_
30	سال	سال	سال	_	_
31	به	به	به	_	_
32	طول	طول	طول	_	_
33	انجامید	انجامید	انجامید	_	_
34	.	.	.	_	_
35	تختجمشید	تختجمشید	تختجمشید	_	_
36	در	در	در	_	_
37	محوطة	محوطة	محوطة	_	_
38	وسیعی	وسیع	وسیع	_	_
39	واقع	واقع	واقع	_	_
40	شده	شده	شده	_	_
41	که	که	که	_	_
42	از	از	از	_	_
43	یک	یک	یک	_	_
44	طرف	طرف	طرف	_	_
45	به	به	به	_	_
46	کوه	کوه	کوه	_	_
47	رحمت	رحم	رحمت	_	_
48	و	و	و	_	_
49	از	از	از	_	_
50	طرف	طرف	طرف	_	_
51	دیگر	دیگر	دیگر	_	_
52	به	به	به	_	_
53	مرو	مرو	مرو	_	_
54	دشت	دش	دشت	_	_
55	محدود	محدود	محدود	_	_
56	است	است		_	_
57	.	.	.	_	_
58	این	این	این	_	_
59	کاخهای	کاخ	کاخ	_	_
60	عظیم	عظیم	عظیم	_	_
61	سلطنتی	سلطنت	سلطنت	_	_
62	در	در	در	_	_
63	کنار	کنار	کنار	_	_
64	شهر	شهر	شهر	_	_
65	پارسه	پارسه	پارسه	_	_
66	که	که	که	_	_
67	یونانیان	یونان	یونان	_	_
68	آن	آن	آن	_	_
69	را	را	را	_	_
70	پرسپولیس	پرسپولیس	پرسپولیس	_	_
71	خوانده‌اند	خوانده‌اند	خواند	_	_
72	ساخته‌شده‌است	ساخته‌شده‌اس	ساخت	_	_
73	.	.	.	_	_
74	تعداد	تعداد	تعداد	_	_
75	محدودی	محدود	محدودی	_	_
76	از	از	از	_	_
77	این	این	این	_	_
78	جواهر	جواهر	جواهر	_	_
79	ات		ات	_	_
80	در	در	در	_	_
81	موزه	موزه	موزه	_	_
82	ملی	مل	ملی	_	_
83	ایران	ایران	ایران	_	_
84	نگهداری	نگهدار	نگهداری	_	_
85	می	می	می	_	_
86	شود	شود	شد	_	_
87	.	.	.	_	_
88	بزرگترین	بزرگ	بزرگ	_	_
89	کاخ	کاخ	کاخ	_	_
90	در	در	در	_	_
91	مجموعه	مجموعه	مجموعه	_	_
92	تخت	تخت	تخت	_	_
93	جمشید	جمشید	جمشید	_	_
94	کاخ	کاخ	کاخ	_	_
95	مشهور	مشهور	مشهور	_	_
96	به	به	به	_	_
97	صد	صد	صد	_	_
98	ستون	ستون	ستون	_	_
99	است	است		_	_
100	که	که	که	_	_
101	احتمالا	احتمالا	احتمالا	_	_
102	یکی	یک	یک	_	_
103	از	از	از	_	_
104	بزرگترین	بزرگ	بزرگ	_	_
105	آثار	آثار	آثار	_	_
106	معماری	معمار	معمار	_	_
107	دوره	دوره	دوره	_	_
108	هخامنشیان	هخامنش	هخامنش	_	_
109	بوده	بوده	بوده	_	_
110	و	و	و	_	_
111	داریوش	داریوش	داریوش	_	_
112	اول	اول	اول	_	_
113	از	از	از	_	_
114	آن	آن	آن	_	_
115	به	به	به	_	_
116	عنوان	عنوان	عنوان	_	_
117	سالن	سالن	سالن	_	_
118	بارعام	بارعا	بارعام	_	_
119	خود	خود	خود	_	_
120	استفاده	استفاده	استفاده	_	_
121	می	می	می	_	_
122	کرده‌است	کرده‌است	کرد	_	_
123	.	.	.	_	_
124	تایسون	تایسون	تایسون	_	_
125	که	که	که	_	_
126	اختر	اختر	اختر	_	_
127	فیزیک	فیزیک	فیزیک	_	_
128	‌دان	‌د	‌دان	_	_
129	و	و	و	_	_
130	مدیر	مدیر	مدیر	_	_
131	آسمان	آسم	آسمان	_	_
132	‌نمای	‌نما	‌نمای	_	_
133	هیدن	هیدن	هیدن	_	_
134	در	در	در	_	_
135	موزه‌ی	موزه	موزه	_	_
136	تاریخ	تاریخ	تاریخ	_	_
137	طبیعی	طبیعی	طبیعی	_	_
138	آمریکا	آمریکا	آمریکا	_	_
139	است	است		_	_
140	،	،	،	_	_
141	دوباره	دوباره	دوباره	_	_
142	قرار	قرار	قرار	_	_
143	است	است		_	_
144	به	به	به	_	_
145	نشنال	نشنال	نشنال	_	_
146	جئوگرافیک	جئوگرافیک	جئوگرافیک	_	_
147	باز	باز	باز	_	_
148	گردد	گردد	گشت	_	_
149	.	.	.	_	_
150	طرفدارانژانر	طرفدارانژانر	طرفدارانژانر	_	_
151	علمی‌	علمی	علمی‌	_	_
152	تخیلی	تخیل	تخیل	_	_
153	کانال	کانال	کانال	_	_
154	syfy	syfy	syfy	_	_
155	را	را	را	_	_
156	می‌شناسند	می‌شناسند	شناخت	_	_
157	.	.	.	_	_
158	این	این	این	_	_
159	کانال	کانال	کانال	_	_
160	تا	تا	تا	_	_
161	چند	چند	چند	_	_
162	سال	سال	سال	_	_
163	پیش	پی	پیش	_	_
164	با	با	با	_	_
165	نام	نا	نام	_	_
166	Scifi	Scifi	Scifi	_	_
167	برنامه	برنامه	برنامه	_	_
168	‌هایش		‌هایش	_	_
169	راپخش	راپخ	راپخش	_	_
170	می‌کرد	می‌کرد	کرد	_	_
171	،	،	،	_	_
172	اما	اما	اما	_	_
173	بنا	بنا	بنا	_	_
174	به	به	به	_	_
175	گفته‌ی	گفته	گفته	_	_
176	خودشان	خود	خود	_	_
177	که	که	که	_	_
178	تصمیم	تصمیم	تصمیم	_	_
179	گرفته‌بودند	گرفته‌بودند	گرفت	_	_
180	مخاطب	مخاطب	مخاطب	_	_
181	ان		ان	_	_
182	دیگر	دیگر	دیگر	_	_
183	ی		ی	_	_
184	به	به	به	_	_
185	جز	جز	جز	_	_
186	علاقه‌	علاقه	علاقه	_	_
187	مندان	مند	مندان	_	_
188	علمی‌تخیلی	علمی‌تخیل	علمی‌تخیلی	_	_
189	راهم	راه	راه	_	_
190	جذب	جذب	جذب	_	_
191	کنند	کنند	کرد	_	_
192	و	و	و	_	_
193	برنامه‌های	برنامه	برنامه	_	_
194	دیگری	دیگر	دیگر	_	_
195	هم	هم	هم	_	_
196	تولیدکنند	تولیدکنند	تولیدکنند	_	_
197	.	.	.	_	_
198	این	این	این	_	_
199	برنامه	برنامه	برنامه	_	_
200	اگرچه	اگرچه	اگرچه	_	_
201	اولین	اول	اولین	_	_
202	تجربه‌ی	تجربه	تجربه	_	_
203	برنامه	برنامه	برنامه	_	_
204	شبانه‌ی	شبانه	شبانه	_	_
205	علم‌	علم	علم	_	_
206	محور	محور	محور	_	_
207	با	با	با	_	_
208	چاشنی	چاشنی	چاشنی	_	_
209	طنز	طنز	طنز	_	_
210	و	و	و	_	_
211	ادبیات	ادبیات	ادبیات	_	_
212	عامه	عامه	عامه	_	_
213	در	در	در	_	_
214	تلویزیون	تلویزیون	تلویزیون	_	_
215	به	به	به	_	_
216	شمار	شمار	شمار	_	_
217	می‌رود	می‌رود	رفت	_	_
218	،	،	،	_	_
219	اما	اما	اما	_	_
220	می‌تواند	می‌تواند	توانست	_	_
221	آینده‌ی	آینده	آینده	_	_
222	چنین	چنین	چنین	_	_
223	برنامه‌هایی	برنامه	برنامه	_	_
224	را	را	را	_	_
225	مشخص	مشخص	مشخص	_	_
226	کند	کند	کند	_	_
227	و	و	و	_	_
228	موفقیت	موفقیت	موفقیت	_	_
229	یا	یا	یا	_	_
230	عدم	عدم	عدم	_	_
231	‌موفقیت	‌موفق	‌موفقیت	_	_
232	آن	آن	آن	_	_
233	بیش	بی	بیش	_	_
234	از	از	از	_	_
235	موفقیت	موفقیت	موفقیت	_	_
236	یا	یا	یا	_	_
237	شکست	شکست	شکست	_	_
238	یک	یک	یک	_	_
239	پروژه	پروژه	پروژه	_	_
240	در	در	در	_	_
241	بلندمدت	بلندمدت	بلندمدت	_	_
242	بر	بر	بر	_	_
243	حضور	حضور	حضور	_	_
244	علم	علم	علم	_	_
245	در	در	در	_	_
246	نقش	نق	نقش	_	_
247	اصلی	اصل	اصل	_	_
248	ومحوری	ومحور	ومحوری	_	_
249	دنیای	دنیا	دنیا	_	_
250	رسانه‌های	رسانه	رسانه	_	_
251	رسمی	رسم	رسم	_	_
252	،	،	،	_	_
253	تأثیرخواهدگذاشت	تأثیرخواهدگذا	تأثیرخواهدگذاشت	_	_
254	.	.	.	_	_
255	اگر	اگر	اگر	_	_
256	به	به	به	_	_
257	دنیای	دنیا	دنیا	_	_
258	علمی‌تخیلی	علمی‌تخیل	علمی‌تخیلی	_	_
259	و	و	و	_	_
260	نقاطی	نقاط	نقاط	_	_
261	که	که	که	_	_
262	مرزهای	مرز	مرز	_	_
263	آن	آن	آن	_	_
264	با	با	با	_	_
265	دنیای	دنیا	دنیا	_	_
266	واقعی	واقع	واقعی	_	_
267	در	در	در	_	_
268	هم	هم	هم	_	_
269	‌آمیخته	‌آمیخته	‌آمیخته	_	_
270	می‌شود	می‌شود	شد	_	_
271	علاقه	علاقه	علاقه	_	_
272	دارید	دارید	داشت	_	_
273	،	،	،	_	_
274	نام	نا	نام	_	_
275	ایلان	ایل	ایل	_	_
276	ماسک	ماسک	ماسک	_	_
277	را	را	را	_	_
278	در	در	در	_	_
279	ذهن	ذهن	ذهن	_	_
280	داشته‌باشید	داشته‌باشید	داشت	_	_
281	.	.	.	_	_
282	کارآفرینی	کارآفرین	کارآفرین	_	_
283	که	که	که	_	_
284	اصالتااهل	اصالتاًاهل	اصالتاًاهل	_	_
285	آفریقای	آفریقا	آفریقا	_	_
286	جنوبی	جنوب	جنوبی	_	_
287	است	است		_	_
288	و	و	و	_	_
289	از	از	از	_	_
290	او	او	او	_	_
291	با	با	با	_	_
292	نام	نا	نام	_	_
293	مرد	مرد	مرد	_	_
294	آهنی	آهن	آهنی	_	_
295	دنیای	دنیا	دنیا	_	_
296	واقعی	واقع	واقعی	_	_
297	هم	هم	هم	_	_
298	نام	نا	نام	_	_
299	‌برده	‌برده	‌برده	_	_
300	می‌شود	می‌شود	شد	_	_
301	و	و	و	_	_
302	در	در	در	_	_
303	حال	حال	حال	_	_
304	حاضر	حاضر	حاضر	_	_
305	،	،	،	_	_
306	مشغول	مشغول	مشغول	_	_
307	ایفا	ایفا	ایفا	_	_
308	ی		ی	_	_
309	نقش	نق	نقش	_	_
310	تونی	تون	تون	_	_
311	استارک	استارک	استارک	_	_
312	دنیای	دنیا	دنیا	_	_
313	ما	ما	ما	_	_
314	است	است		_	_
315	.	.	.	_	_
316	اوهم‌	اوهم	اوهم‌	_	_
317	زمان	زمان	زمان	_	_
318	ایده‌ی	ایده	ایده	_	_
319	قطارهای	قطار	قطار	_	_
320	فوق‌	فوق	فوق	_	_
321	سریع	سریع	سریع	_	_
322	را	را	را	_	_
323	مطرح	مطرح	مطرح	_	_
324	کرده	کرده	کرده	_	_
325	و	و	و	_	_
326	اکنون	اکنون	اکنون	_	_
327	به	به	به	_	_
328	دنبال	دنبال	دنبال	_	_
329	اینترنت	اینترنت	اینترنت	_	_
330	رایگان	رایگان	رایگان	_	_
331	جهانی	جهان	جهانی	_	_
332	است	است		_	_
333	.	.	.	_	_
334	این	این	این	_	_
335	سازمان	سازمان	سازمان	_	_
336	فضایی	فضا	فضایی	_	_
337	تاکنون	تاکنون	تاکنون	_	_
338	موفق	موفق	موفق	_	_
339	به	به	به	_	_
340	اثبات	اثبات	اثبات	_	_
341	۲۵۲۵	۲۵۲۵	۲۵۲۵	_	_
342	سیاره‌ی	سیاره	سیاره	_	_
343	خارجی	خارج	خارج	_	_
344	شده‌است	شده‌است	شد	_	_
345	که	که	که	_	_
346	از	از	از	_	_
347	این	این	این	_	_
348	رقم	رقم	رقم	_	_
349	،	،	،	_	_
350	ده	ده	ده	_	_
351	سیاره‌ی	سیاره	سیاره	_	_
352	سنگی	سنگ	سنگ	_	_
353	،	،	،	_	_
354	هم‌	هم	هم	_	_
355	اندازه	اندازه	اندازه	_	_
356	با	با	با	_	_
357	زمین	زمین	زمین	_	_
358	واحتمالا	واحتمالا	واحتمالا	_	_
359	قابل	قابل	قابل	_	_
360	سکونت	سکون	سکونت	_	_
361	هستند	هستند		_	_
362	.	.	.	_	_
363	شاید	شاید	شاید	_	_
364	برخی	برخی	برخی	_	_
365	نگران	نگران	نگران	_	_
366	باشند	باشند	بود	_	_
367	سیستم	سیس	سیستم	_	_
368	هوش	هوش	هوش	_	_
369	مصنوعی	مصنوع	مصنوع	_	_
370	گوگل	گوگل	گوگل	_	_
371	ستاره	ستاره	ستاره	_	_
372	‌شناسان	‌شناس	‌شناسان	_	_
373	راکنار	راکنار	راکنار	_	_
374	بزند	بزند	زد	_	_
375	؛	؛	؛	_	_
376	اما	اما	اما	_	_
377	به‌گفته‌ی	به‌گفته	به‌گفته‌ی	_	_
378	ناسا	ناسا	ناسا	_	_
379	جای	جا	جای	_	_
380	نگرانی	نگران	نگران	_	_
381	نیست	نیست	نیست	_	_
382	.	.	.	_	_
383	چرا	چرا	چرا	_	_
384	که	که	که	_	_
385	ریاضی	ریاض	ریاضی	_	_
386	زبان	زبان	زبان	_	_
387	فیزیک	فیزیک	فیزیک	_	_
388	است	است		_	_
389	،	،	،	_	_
390	اما	اما	اما	_	_
391	از	از	از	_	_
392	آنجایی	آنجا	آنجا	_	_
393	که	که	که	_	_
394	پدیده‌های	پدیده	پدیده	_	_
395	جهان	جهان	جهان	_	_
396	ابتدا	ابتدا	ابتدا	_	_
397	وجود	وجود	وجود	_	_
398	داشته‌اند	داشته‌اند	داشت	_	_
399	،	،	،	_	_
400	مشاهده	مشاهده	مشاهده	_	_
401	و	و	و	_	_
402	درک	درک	درک	_	_
403	شده‌اند	شده‌اند	شد	_	_
404	و	و	و	_	_
405	سپس	سپس	سپس	_	_
406	برای	برای	برای	_	_
407	آن‌ها	آن	آن	_	_
408	مبانی	مبانی	مبانی	_	_
409	ریاضیاتی	ریاضیات	ریاضیات	_	_
410	تعریف	تعریف	تعریف	_	_
411	شده‌است	شده‌است	شد	_	_
412	،	،	،	_	_
413	با	با	با	_	_
414	اندکی	اندک	اندک	_	_
415	تلاش	تلاش	تلاش	_	_
416	می‌توان	می‌توان	می‌توان	_	_
417	مباحث	مباحث	مباحث	_	_
418	مربوط	مربوط	مربوط	_	_
419	به	به	به	_	_
420	فیزیک	فیزیک	فیزیک	_	_
421	کلاسیک	کلاسیک	کلاسیک	_	_
422	را	را	را	_	_
423	،	،	،	_	_
424	بااجتناب	بااجتناب	بااجتناب	_	_
425	از	از	از	_	_
426	وارد	وارد	وارد	_	_
427	شدن	شدن	شدن	_	_
428	در	در	در	_	_
429	مبانی	مبانی	مبانی	_	_
430	ریاضی	ریاض	ریاضی	_	_
431	(	(	(	_	_
432	که	که	که	_	_
433	هدف	هدف	هدف	_	_
434	تالیف	تالیف	تالیف	_	_
435	این	این	این	_	_
436	مجموعه	مجموعه	مجموعه	_	_
437	است	است		_	_
438	)	)	)	_	_
439	توضیح	توضیح	توضیح	_	_
440	داد	داد	داد	_	_
441	.	.	.	_	_
442	اما	اما	اما	_	_
443	وارد	وارد	وارد	_	_
444	شدن	شدن	شدن	_	_
445	به	به	به	_	_
446	دنیای	دنیا	دنیا	_	_
447	فیزیک	فیزیک	فیزیک	_	_
448	کوانتوم	کوانتوم	کوانتوم	_	_
449	و	و	و	_	_
450	پرهیز	پرهیز	پرهیز	_	_
451	از	از	از	_	_
452	مبانی	مبانی	مبانی	_	_
453	ریاضی	ریاض	ریاضی	_	_
454	اجتناب	اجتناب	اجتناب	_	_
455	ناپذیر	ناپذیر	ناپذیر	_	_
456	است	است		_	_
457	.	.	.	_	_
458	چرا	چرا	چرا	_	_
459	که	که	که	_	_
460	دنیای	دنیا	دنیا	_	_
461	فیزیک	فیزیک	فیزیک	_	_
462	کوانتوم	کوانتوم	کوانتوم	_	_
463	،	،	،	_	_
464	به	به	به	_	_
465	غایت	غایت	غایت	_	_
466	انتزاعیو	انتزاعیو	انتزاعیو	_	_
467	ذهنی	ذهن	ذهن	_	_
468	است	است		_	_
469	.	.	.	_	_
470	همان‌طورکه	همان‌طورکه	همان‌طورکه	_	_
471	شاید	شاید	شاید	_	_
472	خودتان	خود	خود	_	_
473	نیزبدانید	نیزبدانید	نیزبدانید	_	_
474	،	،	،	_	_
475	بحث‌ها	بحث	بحث	_	_
476	و	و	و	_	_
477	منازعات	منازع	منازعات	_	_
478	اصلی	اصل	اصل	_	_
479	فیزیکدانان	فیزیکدان	فیزیکدان	_	_
480	بزرگ	بزرگ	بزرگ	_	_
481	نظیر	نظیر	نظیر	_	_
482	؛	؛	؛	_	_
483	فاینمن	فاینمن	فاینمن	_	_
484	،	،	،	_	_
485	اینشتین	اینشتین	اینشتین	_	_
486	،	،	،	_	_
487	بور	بور	بور	_	_
488	و	و	و	_	_
489	.	.	.	_	_
490	.	.	.	_	_
491	.	.	.	_	_
492	همه	همه	همه	_	_
493	و	و	و	_	_
494	همه	همه	همه	_	_
495	در	در	در	_	_
496	مبانی	مبانی	مبانی	_	_
497	کوانتوم	کوانتوم	کوانتوم	_	_
498	بوده‌است	بوده‌است	بود	_	_
499	و	و	و	_	_
500	عامل	عامل	عامل	_	_
501	تمامی	تمام	تمام	_	_
502	این	این	این	_	_
503	اتفاقات	اتفاق	اتفاقات	_	_
504	یک	یک	یک	_	_
505	دلیل	دلیل	دلیل	_	_
506	ساده	ساده	ساده	_	_
507	است	است		_	_
508	؛	؛	؛	_	_
509	فهم	فهم	فهم	_	_
510	کامل	کامل	کامل	_	_
511	فیزیک	فیزیک	فیزیک	_	_
512	کوانتوم	کوانتوم	کوانتوم	_	_
513	نا	نا	نا	_	_
514	شدنی	شدن	شدن	_	_
515	است	است		_	_
516	!	!	!	_	_
517	در	در	در	_	_
518	این	این	این	_	_
519	قسمت	قسم	قسمت	_	_
520	از	از	از	_	_
521	مجموعه	مجموعه	مجموعه	_	_
522	،	،	،	_	_
523	که	که	که	_	_
524	به	به	به	_	_
525	صورت	صور	صورت	_	_
526	اختصاصی	اختصاص	اختصاص	_	_
527	به	به	به	_	_
528	نا	نا	نا	_	_
529	رسایی‌	رسایی	رسایی‌	_	_
530	های		های	_	_
531	فیزیک	فیزیک	فیزیک	_	_
532	کلاسیک	کلاسیک	کلاسیک	_	_
533	و	و	و	_	_
534	گام	گام	گام	_	_
535	‌های		‌های	_	_
536	آغازین	آغاز	آغازین	_	_
537	فیزیک	فیزیک	فیزیک	_	_
538	کوانتوم	کوانتوم	کوانتوم	_	_
539	می	می	می	_	_
540	‌پردازیم	‌پرداز	‌پردازیم	_	_
541	،	،	،	_	_
542	استفاده	استفاده	استفاده	_	_
543	از	از	از	_	_
544	ریاضیات	ریاض	ریاضیات	_	_
545	بیش	بی	بیش	_	_
546	از	از	از	_	_
547	پیش	پی	پیش	_	_
548	حس	حس	حس	_	_
549	می‌شد	می‌شد	شد	_	_
550	.	.	.	_	_
551	چراکه	چراکه	چراکه	_	_
552	درحالت	درحال	درحالت	_	_
553	کلی	کل	کلی	_	_
554	شما	شما	شما	_	_
555	،	،	،	_	_
556	تنها	تنها	تنها	_	_
557	برای	برای	برای	_	_
558	درک	درک	درک	_	_
559	یک	یک	یک	_	_
560	موضوع	موضوع	موضوع	_	_
561	نیاز	نیاز	نیاز	_	_
562	به	به	به	_	_
563	دانستن	دانستن	دانستن	_	_
564	صفرتاصد	صفرتاصد	صفرتاصد	_	_
565	ریز	ریز	ریز	_	_
566	موضوعات	موضوع	موضوعات	_	_
567	آن	آن	آن	_	_
568	مطلب	مطلب	مطلب	_	_
569	دارید	دارید	داشت	_	_
570	،	،	،	_	_
571	حال	حال	حال	_	_
572	اگر	اگر	اگر	_	_
573	بخواهید	بخواهید	خواست	_	_
574	،	،	،	_	_
575	نا	نا	نا	_	_
576	رسایی	رسا	رسا	_	_
577	موضوعی	موضوع	موضوع	_	_
578	را	را	را	_	_
579	پیدا	پیدا	پیدا	_	_
580	کنید	کنید	کرد	_	_
581	و	و	و	_	_
582	برای	برای	برای	_	_
583	حل	حل	حل	_	_
584	آن	آن	آن	_	_
585	راه	راه	راه	_	_
586	کاری	کار	کاشت	_	_
587	ارائه	ارائه	ارائه	_	_
588	دهید	دهید	داد	_	_
589	،	،	،	_	_
590	باید	باید	باید	_	_
591	علاوه	علاوه	علاوه	_	_
592	بر	بر	بر	_	_
593	دانستن	دانستن	دانستن	_	_
594	صفر	صفر	صفر	_	_
595	تا	تا	تا	_	_
596	صد	صد	صد	_	_
597	ریز	ریز	ریز	_	_
598	موضوعات	موضوع	موضوعات	_	_
599	بر	بر	بر	_	_
600	تمامی	تمام	تمام	_	_
601	مطالب	مطالب	مطالب	_	_
602	مرتبط	مرتبط	مرتبط	_	_
603	با	با	با	_	_
604	آن	آن	آن	_	_
605	موضوع	موضوع	موضوع	_	_
606	نیز	نیز	نیز	_	_
607	اشراف	اشراف	اشراف	_	_
608	کامل	کامل	کامل	_	_
609	داشته‌باشید	داشته‌باشید	داشت	_	_
610	،	،	،	_	_
611	که	که	که	_	_
612	مبانی	مبانی	مبانی	_	_
613	ریاضی	ریاض	ریاضی	_	_
614	یکی	یک	یک	_	_
615	ازاصلی	ازاصل	ازاصلی	_	_
616	‌ترین		‌ترین	_	_
617	ارکان	رکن	ارکان	_	_
618	آن	آن	آن	_	_
619	است	است		_	_
620	.	.	.	_	_
621	با	با	با	_	_
622	این	این	این	_	_
623	وجود	وجود	وجود	_	_
624	،	،	،	_	_
625	تمامی	تمام	تمام	_	_
626	تلاش	تلاش	تلاش	_	_
627	بر	بر	بر	_	_
628	این	این	این	_	_
629	هدف	هدف	هدف	_	_
630	گذاشته‌شده‌است	گذاشته‌شده‌اس	گذاشت	_	_
631	،	،	،	_	_
632	که	که	که	_	_
633	مخاطبی	مخاطب	مخاطب	_	_
634	که	که	که	_	_
635	به	به	به	_	_
636	علم	علم	علم	_	_
637	علاقه‌مند	علاقه‌مند	علاقه‌مند	_	_
638	است	است		_	_
639	و	و	و	_	_
640	در	در	در	_	_
641	عین	ع	عین	_	_
642	حال	حال	حال	_	_
643	پایه‌ی	پایه	پایه	_	_
644	ریاضیاتی	ریاضیات	ریاضیات	_	_
645	قوی	قو	قوی	_	_
646	ندارد	ندارد	داشت	_	_
647	،	،	،	_	_
648	بتواند	بتواند	توانست	_	_
649	مفاهیم	مفهوم	مفاهیم	_	_
650	و	و	و	_	_
651	مباحث	مباحث	مباحث	_	_
652	مطرح	مطرح	مطرح	_	_
653	شده	شده	شده	_	_
654	رادرک	رادرک	رادرک	_	_
655	کند	کند	کند	_	_
656	و	و	و	_	_
657	از	از	از	_	_
658	فهم	فهم	فهم	_	_
659	آن‌ها	آن	آن	_	_
660	لذت	لذت	لذت	_	_
661	ببرد	ببرد	ببرد	_	_
662	.	.	.	_	_
663	فاجعه‌ی	فاجعه	فاجعه	_	_
664	فرا	فرا	فرا	_	_
665	بنفش	بنفش	بنفش	_	_
666	یا	یا	یا	_	_
667	فاجعه	فاجعه	فاجعه	_	_
668	رایلی	رایل	رایلی	_	_
669	جینزاشاره	جینزاشاره	جینزاشاره	_	_
670	به	به	به	_	_
671	نتیجه‌ای	نتیجه	نتیجه	_	_
672	دارد	دارد	داشت	_	_
673	که	که	که	_	_
674	ناشی	ناشی	ناشی	_	_
675	از	از	از	_	_
676	اصول	اصول	اصول	_	_
677	فیزیک	فیزیک	فیزیک	_	_
678	کلاسیک	کلاسیک	کلاسیک	_	_
679	تقسیم	تقسیم	تقسیم	_	_
680	مساوی	مساوی	مساوی	_	_
681	انرژی	انرژی	انرژی	_	_
682	و	و	و	_	_
683	تابش	تاب	تابش	_	_
684	نوسانگرهای	نوسانگر	نوسانگر	_	_
685	بار	بار	بار	_	_
686	دار	دار	دار	_	_
687	برای	برای	برای	_	_
688	توضیح	توضیح	توضیح	_	_
689	تابش	تاب	تابش	_	_
690	جسم	جسم	جسم	_	_
691	سیاه	سیاه	سیاه	_	_
692	در	در	در	_	_
693	طول	طول	طول	_	_
694	موج‌های	موج	موج	_	_
695	کوتاه	کوتاه	کوتاه	_	_
696	است	است		_	_
697	.	.	.	_	_
698	فرمول	فرمول	فرمول	_	_
699	پلانک	پلانک	پلانک	_	_
700	هر	هر	هر	_	_
701	چند	چند	چند	_	_
702	موفقیت	موفقیت	موفقیت	_	_
703	آمیز	آمیز	آمیز	_	_
704	بود	بود	بود	_	_
705	،	،	،	_	_
706	اما	اما	اما	_	_
707	نتیجه‌گیری	نتیجه‌گیری	نتیجه‌گیری	_	_
708	ماهیت	ماهیت	ماهیت	_	_
709	کوانتومی	کوانتوم	کوانتوم	_	_
710	تابش	تاب	تابش	_	_
711	از	از	از	_	_
712	آن	آن	آن	_	_
713	چندان	چند	چندان	_	_
714	الزامی	الزام	الزام	_	_
715	نیست	نیست	نیست	_	_
716	.	.	.	_	_
717	بخش	بخش	بخش	_	_
718	عمده‌ای	عمده	عمده	_	_
719	در	در	در	_	_
720	پذیرفتن	پذیرفتن	پذیرفتن	_	_
721	آن	آن	آن	_	_
722	از	از	از	_	_
723	کار	کار	کار	_	_
724	آلبرت	آلبر	آلبرت	_	_
725	اینشتین	اینشتین	اینشتین	_	_
726	حاصل	حاصل	حاصل	_	_
727	شد	شد	شد	_	_
728	،	،	،	_	_
729	که	که	که	_	_
730	در	در	در	_	_
731	سال	سال	سال	_	_
732	۱۹۰۵	۱۹۰۵	۱۹۰۵	_	_
733	با	با	با	_	_
734	استفاده	استفاده	استفاده	_	_
735	از	از	از	_	_
736	مفهوم	مفهوم	مفهوم	_	_
737	ماهیت	ماهیت	ماهیت	_	_
738	کوانتومی	کوانتوم	کوانتوم	_	_
739	نور	نور	نور	_	_
740	،	،	،	_	_
741	بعضی	بعض	بعضی	_	_
742	ازخاصیت‌های	ازخاصیت	ازخاصیت‌های	_	_
743	ویژه	ویژه	ویژه	_	_
744	فلز	فلز	فلز	_	_
745	ات		ات	_	_
746	را	را	را	_	_
747	وقتی	وقت	وقت	_	_
748	در	در	در	_	_
749	معرض	معرض	معرض	_	_
750	نور	نور	نور	_	_
751	مرئی	مرئ	مرئی	_	_
752	و	و	و	_	_
753	فرا	فرا	فرا	_	_
754	بنفش	بنفش	بنفش	_	_
755	قرار	قرار	قرار	_	_
756	می‌گیرند	می‌گیرند	گرفت	_	_
757	،	،	،	_	_
758	توضیح	توضیح	توضیح	_	_
759	داد	داد	داد	_	_
760	.	.	.	_	_
761	کشف	کشف	کشف	_	_
762	اثر	اثر	اثر	_	_
763	فوتو	فوتو	فوتو	_	_
764	الکتریک	الکتریک	الکتریک	_	_
765	با	با	با	_	_
766	کار	کار	کار	_	_
767	هاینریش	هاینریش	هاینریش	_	_
768	هرتز	هرتز	هرتز	_	_
769	در	در	در	_	_
770	سال	سال	سال	_	_
771	۱۸۸۷	۱۸۸۷	۱۸۸۷	_	_
772	آغاز	آغاز	آغاز	_	_
773	شد	شد	شد	_	_
774	.	.	.	_	_
775	آزمایشی	آزمایش	آزمایش	_	_
776	که	که	که	_	_
777	سر	سر	سر	_	_
778	راست	راست	راست	_	_
779	ترین	تر	تر	_	_
780	،	،	،	_	_
781	مدرک	مدرک	مدرک	_	_
782	ماهیت	ماهیت	ماهیت	_	_
783	ذره‌ای	ذره	ذره	_	_
784	تابش	تاب	تابش	_	_
785	را	را	را	_	_
786	در	در	در	_	_
787	اختیار	اختیار	اختیار	_	_
788	می‌گذارد	می‌گذارد	گذاشت	_	_
789	،	،	،	_	_
790	اثر	اثر	اثر	_	_
791	کامپتون	کامپتون	کامپتون	_	_
792	است	است		_	_
793	.	.	.	_	_
794	آرتور	آرتور	آرتور	_	_
795	هولی	هول	هول	_	_
796	کامیون	کامیون	کامیون	_	_
797	کشف	کشف	کشف	_	_
798	کرد	کرد	کرد	_	_
799	،	،	،	_	_
800	تابشی	تابش	تابش	_	_
801	با	با	با	_	_
802	یک	یک	یک	_	_
803	طول	طول	طول	_	_
804	موج	موج	موج	_	_
805	معین	معین	معین	_	_
806	(	(	(	_	_
807	در	در	در	_	_
808	ناحیه	ناحیه	ناحیه	_	_
809	پرتو	پرتو	پرتو	_	_
810	X	X	X	_	_
811	)	)	)	_	_
812	که	که	که	_	_
813	از	از	از	_	_
814	یک	یک	یک	_	_
815	ورقه‌ی	ورقه	ورقه	_	_
816	فلزی	فلز	فلز	_	_
817	می‌گذرد	می‌گذرد	گذشت	_	_
818	،	،	،	_	_
819	به	به	به	_	_
820	گونه‌ای	گونه	گونه	_	_
821	پراکنده‌می‌شود	پراکنده‌می‌شود	پراکند	_	_
822	که	که	که	_	_
823	با	با	با	_	_
824	نظریه‌ی	نظريه	نظريه‌ی	_	_
825	تابش	تاب	تابش	_	_
826	کلاسیک	کلاسیک	کلاسیک	_	_
827	سازگار	سازگار	سازگار	_	_
828	نیست	نیست	نیست	_	_
829	.	.	.	_	_
830	بنا	بنا	بنا	_	_
831	به	به	به	_	_
832	نظریه‌ی	نظریه	نظریه	_	_
833	کلاسیک	کلاسیک	کلاسیک	_	_
834	،	،	،	_	_
835	ساز	ساز	ساز	_	_
836	و	و	و	_	_
837	کار	کار	کار	_	_
838	این	این	این	_	_
839	اثر	اثر	اثر	_	_
840	عبارت	عبارت	عبارت	_	_
841	است	است		_	_
842	،	،	،	_	_
843	از	از	از	_	_
844	تابش	تاب	تابش	_	_
845	مجدد	مجدد	مجدد	_	_
846	نور	نور	نور	_	_
847	توسط	توسط	توسط	_	_
848	الکترون‌هایی	الکترون	الکترون	_	_
849	که	که	که	_	_
850	با	با	با	_	_
851	تابش	تاب	تابش	_	_
852	فرودی	فرود	فرود	_	_
853	به	به	به	_	_
854	نوسان	نوسان	نوسان	_	_
855	وا	وا	وا	_	_
856	داشته	داشته	داشته	_	_
857	شده‌اند	شده‌اند	شد	_	_
858	گریس	گریس	گریس	_	_
859	هاپر	هاپر	هاپر	_	_
860	(	(	(	_	_
861	Grace	Grace	Grace	_	_
862	Brewster	Brewster	Brewster	_	_
863	Murray	Murray	Murray	_	_
864	Hopper	Hopper	Hopper	_	_
865	)	)	)	_	_
866	دانشمند	دانشمند	دانشمند	_	_
867	آمریکایی	آمریکا	آمریکایی	_	_
868	علوم	علم	علوم	_	_
869	کامپیوتر	کامپیو	کامپیوتر	_	_
870	بود	بود	بود	_	_
871	که	که	که	_	_
872	نام	نا	نام	_	_
873	خودش	خود	خودش	_	_
874	را	را	را	_	_
875	به‌عنوان	به‌عنو	به‌عنوان	_	_
876	یکی	یک	یک	_	_
877	از	از	از	_	_
878	اولین	اول	اولین	_	_
879	برنامه‌نویس‌های	برنامه‌نویس	برنامه‌نویس	_	_
880	کامپیوتر	کامپیو	کامپیوتر	_	_
881	مشهور	مشهور	مشهور	_	_
882	هاروارد	هاروارد	هاروارد	_	_
883	مارک	مارک	مارک	_	_
884	جاودانه	جاودانه	جاودانه	_	_
885	کرد	کرد	کرد	_	_
886	.	.	.	_	_
887	او	او	او	_	_
888	یکی	یک	یک	_	_
889	از	از	از	_	_
890	پیشگامان	پیشگام	پیشگام	_	_
891	برنامه‌نویسی	برنامه‌نویس	برنامه‌نویس	_	_
892	مدرن	مدرن	مدرن	_	_
893	بود	بود	بود	_	_
894	و	و	و	_	_
895	اولین	اول	اولین	_	_
896	کامپایلر	کامپایلر	کامپایلر	_	_
897	برنامه‌نویسی	برنامه‌نویس	برنامه‌نویس	_	_
898	را	را	را	_	_
899	نیز	نیز	نیز	_	_
900	توسعه	توسعه	توسعه	_	_
901	داد	داد	داد	_	_
902	.	.	.	_	_
903	ایده‌ی	ایده	ایده	_	_
904	زبان‌های	زبان	زبان	_	_
905	برنامه‌نویسی	برنامه‌نویس	برنامه‌نویس	_	_
906	مستقل	مستقل	مستقل	_	_
907	از	از	از	_	_
908	ماشین	ما	ماشین	_	_
909	از	از	از	_	_
910	ذهن	ذهن	ذهن	_	_
911	این	این	این	_	_
912	دانشمند	دانشمند	دانشمند	_	_
913	زاده	زاده	زاده	_	_
914	شد	شد	شد	_	_
915	و	و	و	_	_
916	بعد	بعد	بعد	_	_
917	ها		ها	_	_
918	به	به	به	_	_
919	خلق	خلق	خلق	_	_
920	زبان	زبان	زبان	_	_
921	برنامه	برنامه	برنامه	_	_
922	‌نویسی	‌نویس	‌نویسی	_	_
923	کوبول	کوبول	کوبول	_	_
924	انجامید	انجامید	انجامید	_	_
925	.	.	.	_	_
926	هاپر	هاپر	هاپر	_	_
927	علاقه‌ی	علاقه	علاقه	_	_
928	زیادی	زیاد	زیاد	_	_
929	نیز	نیز	نیز	_	_
930	به	به	به	_	_
931	ارتش	ارتش	ارتش	_	_
932	داشت	داش	داشت	_	_
933	و	و	و	_	_
934	در	در	در	_	_
935	دوران	دور	دوران	_	_
936	جنگ	جنگ	جنگ	_	_
937	جهانی	جهان	جهانی	_	_
938	دوم	دو	دوم	_	_
939	برای	برای	برای	_	_
940	ملحق	ملحق	ملحق	_	_
941	شدن	شدن	شدن	_	_
942	به	به	به	_	_
943	ارتش	ارتش	ارتش	_	_
944	آمریکا	آمریکا	آمریکا	_	_
945	پیش‌قدم	پیش‌قدم	پیش‌قدم	_	_
946	شد	شد	شد	_	_
947	.	.	.	_	_
948	البته	البته	البته	_	_
949	او	او	او	_	_
950	در	در	در	_	_
951	ابتدا	ابتدا	ابتدا	_	_
952	از	از	از	_	_
953	پیوستن	پیوستن	پیوستن	_	_
954	به	به	به	_	_
955	ارتش	ارتش	ارتش	_	_
956	منع	منع	منع	_	_
957	شده	شده	شده	_	_
958	اما	اما	اما	_	_
959	در	در	در	_	_
960	لیست	لیس	لیس	_	_
961	نیروهای	نیرو	نیرو	_	_
962	رزرو	رزرو	رزرو	_	_
963	قرار	قرار	قرار	_	_
964	گرفت	گرفت	گرفت	_	_
965	.	.	.	_	_
966	این	این	این	_	_
967	بانوی	بانو	بانو	_	_
968	دانشمند	دانشمند	دانشمند	_	_
969	در	در	در	_	_
970	توسعه‌ی	توسعه	توسعه	_	_
971	کامپیوتر	کامپیو	کامپیوتر	_	_
972	UNIVAC	UNIVAC	UNIVAC	_	_
973	I	I	I	_	_
974	نیز	نیز	نیز	_	_
975	نقش	نق	نقش	_	_
976	داشته‌است	داشته‌است	داشت	_	_
977	.	.	.	_	_
978	تلاش‌های	تلاش	تلاش	_	_
979	هاپر	هاپر	هاپر	_	_
980	برای	برای	برای	_	_
981	توسعه‌ی	توسعه	توسعه	_	_
982	کامپایلر	کامپایلر	کامپایلر	_	_
983	در	در	در	_	_
984	جهت	جهت	جهت	_	_
985	این	این	این	_	_
986	ایده	ایده	ایده	_	_
987	بود	بود	بود	_	_
988	که	که	که	_	_
989	می‌توان	می‌توان	می‌توان	_	_
990	به	به	به	_	_
991	زبان	زبان	زبان	_	_
992	انگلیسی	انگلیس	انگلیسی	_	_
993	با	با	با	_	_
994	کامپیوترها	کامپیوتر	کامپیوترها	_	_
995	صحبت	صحبت	صحبت	_	_
996	کرد	کرد	کرد	_	_
997	.	.	.	_	_
998	دستاوردهای	دستاورد	دستاورد	_	_
999	گریس	گریس	گریس	_	_
1000	هاپر	هاپر	هاپر	_	_
1001	و	و	و	_	_
1002	فعالیت	فعال	فعالیت	_	_
1003	او	او	او	_	_
1004	در	در	در	_	_
1005	ارتش	ارتش	ارتش	_	_
1006	باعث	باعث	باعث	_	_
1007	شده	شده	شده	_	_
1008	تا	تا	تا	_	_
1009	القاب	القاب	القاب	_	_
1010	متنوعی	متنوع	متنوع	_	_
1011	از	از	از	_	_
1012	ملکه‌ی	ملکه	ملکه	_	_
1013	برنامه‌	برنامه	برنامه	_	_
1014	نویسی	نویس	نوشت	_	_
1015	تا	تا	تا	_	_
1016	گریس	گریس	گریس	_	_
1017	شگفت‌انگیز	شگفت‌انگیز	شگفت‌انگیز	_	_
1018	به	به	به	_	_
1019	او	او	او	_	_
1020	داده‌شود	داده‌شود	داد	_	_
1021	.	.	.	_	_
1022	برخی	برخی	برخی	_	_
1023	از	از	از	_	_
1024	موشک‌ها	موشک	موشک	_	_
1025	و	و	و	_	_
1026	ابر	ابر	ابر	_	_
1027	کامپیوتر	کامپیو	کامپیوتر	_	_
1028	های		های	_	_
1029	آمریکایی	آمریکا	آمریکایی	_	_
1030	نیز	نیز	نیز	_	_
1031	به	به	به	_	_
1032	نام	نا	نام	_	_
1033	این	این	این	_	_
1034	دانشمند	دانشمند	دانشمند	_	_
1035	ثبت	ثبت	ثبت	_	_
1036	شده‌اند	شده‌اند	شد	_	_
1037	.	.	.	_	_
1038	هاپر	هاپر	هاپر	_	_
1039	در	در	در	_	_
1040	طول	طول	طول	_	_
1041	مدت	مد	مدت	_	_
1042	زندگی	زندگی	زندگی	_	_
1043	۴۰	۴۰	۴۰	_	_
1044	جایزه	جایزه	جایزه	_	_
1045	و	و	و	_	_
1046	درجه‌ی	درجه	درجه	_	_
1047	افتخاری	افتخار	افتخار	_	_
1048	متنوع	متنوع	متنوع	_	_
1049	دریافت	دریافت	دریافت	_	_
1050	کرد	کرد	کرد	_	_
1051	.	.	.	_	_
1052	حتی	حتی	حتی	_	_
1053	پس	پس	پس	_	_
1054	از	از	از	_	_
1055	مرگ	مرگ	مرگ	_	_
1056	هاپر	هاپر	هاپر	_	_
1057	نیز	نیز	نیز	_	_
1058	جایزه‌هایی	جایزه	جایزه	_	_
1059	به	به	به	_	_
1060	او	او	او	_	_
1061	اهدا	اهدا	اهدا	_	_
1062	شد	شد	شد	_	_
1063	که	که	که	_	_
1064	از	از	از	_	_
1065	این	این	این	_	_
1066	میان	می	میان	_	_
1067	می‌توان	می‌توان	می‌توان	_	_
1068	مدال	مدال	مدال	_	_
1069	آزادی	آزاد	آزاد	_	_
1070	سال	سال	سال	_	_
1071	۲۰۱۶	۲۰۱۶	۲۰۱۶	_	_
1072	آمریکا	آمریکا	آمریکا	_	_
1073	را	را	را	_	_
1074	نام	نا	نام	_	_
1075	برد	برد	برد	_	_
1076	.	.	.	_	_
1077	تعدادروزهایسالسیصدوشصتوپنجروزمیباشد	تعدادروزهایسالسیصدوشصتوپنجروزمیباشد	تعدادروزهایسالسیصدوشصتوپنجروزمیباشد	_	_
1078	.	.	.	_	_
1079	رومینادخترخیلیگلیاست	رومینادخترخیلیگلیاس	رومینادخترخیلیگلیاست	_	_
1080	.	.	.	_	_
1081	ایده‌یزبان‌هایبرنامه‌نویسیمستقلازماشینازذهنایندانشمندزادهشدوبعدهابهخلقزبانبرنامه‌نویسیکوبولانجامید	ایده‌یزبان‌هایبرنامه‌نویسیمستقلازماشینازذهنایندانشمندزادهشدوبعدهابهخلقزبانبرنامه‌نویسیکوبولانجامید	ایده‌یزبان‌هایبرنامه‌نویسیمستقلازماشینازذهنایندانشمندزادهشدوبعدهابهخلقزبانبرنامه‌نویسیکوبولانجامید	_	_
1082	.	.	.	_	_
1083	تابشفرودیبهنوسانواداشتهشده‌اند	تابشفرودیبهنوسانواداشتهشده‌اند	تابشفرودیبهنوسانواداشتهشده‌اند	_	_
1084	.	.	.	_	_
1085	کشفاثرفوتوالکتریکباکارهاینریشهرتزدرسال	کشفاثرفوتوالکتریکباکارهاینریشهرتزدرسال	کشفاثرفوتوالکتریکباکارهاینریشهرتزدرسال	_	_
1086	۱۸۸۷	۱۸۸۷	۱۸۸۷	_	_
1087	آغازشد	آغازشد	آغازشد	_	_
1088	.	.	.	_	_
1089	متن	متن	متن	_	_
1090	۲۰۰۰	2000	2000	_	_
1091	کلمه‌ای	کلمه	کلمه	_	_
1092	برای	برای	برای	_	_
1093	تست	تس	تست	_	_
1094	-	-	-	_	_
1095	نازنین	نازنین	نازنین	_	_
1096	کریمی	کریم	کریم	_	_
1097	مقدم	مقدم	مقدم	_	_
1098	۹۷۴۴۳۳۰۳	97443303	97443303	_	_
1099	دارم	دار	داشت	_	_
1100	این	این	این	_	_
1101	متن	متن	متن	_	_
1102	را	را	را	_	_
1103	تحت	تحت	تحت	_	_
1104	فشار	فشار	فشار	_	_
1105	عصبی	عصب	عصبی	_	_
1106	شدیدی	شدید	شدید	_	_
1107	مینویسم	مینویس	مینویسم	_	_
1108	،	،	،	_	_
1109	چرا	چرا	چرا	_	_
1110	که	که	که	_	_
1111	پس	پس	پس	_	_
1112	از	از	از	_	_
1113	امشب	امشب	امشب	_	_
1114	دیگر	دیگر	دیگر	_	_
1115	وجود	وجود	وجود	_	_
1116	نخواهم‌داشت	نخواهم‌دا	داشت	_	_
1117	.	.	.	_	_
1118	تحمل	تحمل	تحمل	_	_
1119	این	این	این	_	_
1120	شکنجه	شکنجه	شکنجه	_	_
1121	بدون	بدون	بدون	_	_
1122	پول	پول	پول	_	_
1123	دیگر	دیگر	دیگر	_	_
1124	ممکن	ممکن	ممکن	_	_
1125	نیست	نیست	نیست	_	_
1126	و	و	و	_	_
1127	من	من	من	_	_
1128	خود	خود	خود	_	_
1129	را	را	را	_	_
1130	از	از	از	_	_
1131	پنجره‌ی	پنجره	پنجره	_	_
1132	این	این	این	_	_
1133	،	،	،	_	_
1134	و	و	و	_	_
1135	ذخیره‌ی	ذخیره	ذخیره	_	_
1136	دارویم	دارو	دارو	_	_
1137	که	که	که	_	_
1138	زندگی	زندگی	زندگی	_	_
1139	را	را	را	_	_
1140	برایم	برای	برای	_	_
1141	قابل	قابل	قابل	_	_
1142	تحمل‌تر	تحمل	تحمل	_	_
1143	میکرد	میکرد	میکرد	_	_
1144	و	و	و	_	_
1145	حالا	حالا	حالا	_	_
1146	ته	ته	ته	_	_
1147	کشیده‌است	کشیده‌اس	کشید	_	_
1148	شیروانی	شیروان	شیروان	_	_
1149	به	به	به	_	_
1150	خیابان	خیابان	خیابان	_	_
1151	نکبت‌زده	نکبت‌زده	نکبت‌زده	_	_
1152	خواهم‌انداخت	خواهم‌انداخ	انداخت	_	_
1153	.	.	.	_	_
1154	از	از	از	_	_
1155	اعتیادم	اعتیاد	اعتیاد	_	_
1156	به	به	به	_	_
1157	مورفین	مورفین	مورفین	_	_
1158	اینطور	اینطور	اینطور	_	_
1159	برداشت	برداشت	برداشت	_	_
1160	نکن	نکن	کرد	_	_
1161	که	که	که	_	_
1162	آدم	آدم	آدم	_	_
1163	ضعیف‌النفس	ضعیف‌النفس	ضعیف‌النفس	_	_
1164	یا	یا	یا	_	_
1165	بیماری	بیمار	بیمار	_	_
1166	هستم	هس		_	_
1167	.	.	.	_	_
1168	پس	پس	پس	_	_
1169	که	که	که	_	_
1170	چرا	چرا	چرا	_	_
1171	چاره‌ای	چاره	چاره	_	_
1172	جز	جز	جز	_	_
1173	–	–	–	_	_
1174	هرچند	هرچند	هرچند	_	_
1175	هیچوقت	هیچوق	هیچوقت	_	_
1176	حقیقت	حقیقت	حقیقت	_	_
1177	را	را	را	_	_
1178	نخواهی‌دانست	نخواهی‌دانس	دانست	_	_
1179	–	–	–	_	_
1180	از	از	از	_	_
1181	خواندن	خواندن	خواندن	_	_
1182	این	این	این	_	_
1183	خطوط	خطوط	خطوط	_	_
1184	که	که	که	_	_
1185	سراسیمه	سراسیمه	سراسیمه	_	_
1186	نوشته‌ام	نوشته	نوشت	_	_
1187	حدس	حدس	حدس	_	_
1188	خواهی‌زد	خواهی‌زد	زد	_	_
1189	فراموشی	فراموش	فراموش	_	_
1190	یا	یا	یا	_	_
1191	مرگ	مرگ	مرگ	_	_
1192	ندارم	ندار	داشت	_	_
1193	.	.	.	_	_
1194	در	در	در	_	_
1195	یکی	یک	یک	_	_
1196	از	از	از	_	_
1197	آزادترین	آزاد	آزاد	_	_
1198	و	و	و	_	_
1199	کم‌ترددترین	کم‌تردد	کم‌ترددترین	_	_
1200	بخشهای	بخش	بخش	_	_
1201	اقیانوس	اقیانوس	اقیانوس	_	_
1202	آرام	آرا	آرام	_	_
1203	بود	بود	بود	_	_
1204	که	که	که	_	_
1205	کشتی‌ای	کشتی	کشتی	_	_
1206	که	که	که	_	_
1207	من	من	من	_	_
1208	مباشرش	مباشر	مباشر	_	_
1209	بودم	بود	بود	_	_
1210	گرفتار	گرفتار	گرفتار	_	_
1211	دزدان	دزد	دزد	_	_
1212	دریایی	دریا	دریا	_	_
1213	آلمانی	آلمان	آلمان	_	_
1214	شد	شد	شد	_	_
1215	.	.	.	_	_
1216	جنگ	جنگ	جنگ	_	_
1217	بزرگ	بزرگ	بزرگ	_	_
1218	آن‌زمان	آن‌ز	آن‌زمان	_	_
1219	تازه	تازه	تازه	_	_
1220	در	در	در	_	_
1221	آغاز	آغاز	آغاز	_	_
1222	راه	راه	راه	_	_
1223	خود	خود	خود	_	_
1224	بود	بود	بود	_	_
1225	و	و	و	_	_
1226	نیروی	نیرو	نیرو	_	_
1227	دریایی	دریا	دریا	_	_
1228	هنوز	هنوز	هنوز	_	_
1229	چندان	چند	چندان	_	_
1230	دچار	دچار	دچار	_	_
1231	آن	آن	آن	_	_
1232	وحشیگری	وحشیگری	وحشیگری	_	_
1233	و	و	و	_	_
1234	فساد	فساد	فساد	_	_
1235	نشده‌بود	نشده‌بود	شد	_	_
1236	،	،	،	_	_
1237	به	به	به	_	_
1238	همین	هم	همین	_	_
1239	دلیل	دلیل	دلیل	_	_
1240	با	با	با	_	_
1241	این	این	این	_	_
1242	که	که	که	_	_
1243	کشتی	کشت	کشتی	_	_
1244	ما	ما	ما	_	_
1245	بدل	بدل	بدل	_	_
1246	به	به	به	_	_
1247	طعمه‌ی	طعمه	طعمه	_	_
1248	لذیذی	لذیذ	لذیذ	_	_
1249	برای	برای	برای	_	_
1250	آنها	آن	آن	_	_
1251	شد	شد	شد	_	_
1252	،	،	،	_	_
1253	اما	اما	اما	_	_
1254	با	با	با	_	_
1255	ما	ما	ما	_	_
1256	افسران	افسر	افسر	_	_
1257	کشتی	کشت	کشتی	_	_
1258	که	که	که	_	_
1259	حالا	حالا	حالا	_	_
1260	زندانیان	زندان	زندان	_	_
1261	دریایی	دریا	دریا	_	_
1262	بودیم	بود	بود	_	_
1263	با	با	با	_	_
1264	ملاطفت	ملاطفت	ملاطفت	_	_
1265	رفتار	رفتار	رفتار	_	_
1266	شد	شد	شد	_	_
1267	.	.	.	_	_
1268	در	در	در	_	_
1269	حقیقت	حقیقت	حقیقت	_	_
1270	آنها	آن	آن	_	_
1271	ما	ما	ما	_	_
1272	را	را	را	_	_
1273	چنان	چنان	چنان	_	_
1274	آزاد	آزاد	آزاد	_	_
1275	گذاشته‌بودند	گذاشته‌بودند	گذاشت	_	_
1276	که	که	که	_	_
1277	پنج	پنج	پنج	_	_
1278	روز	روز	روز	_	_
1279	پس	پس	پس	_	_
1280	از	از	از	_	_
1281	زندانی	زندان	زندان	_	_
1282	شدنمان	شدن	شدن	_	_
1283	توانستم	توانس	توانست	_	_
1284	یک	یک	یک	_	_
1285	قایق	قایق	قایق	_	_
1286	کوچک	کوچک	کوچک	_	_
1287	و	و	و	_	_
1288	آب	آب	آب	_	_
1289	و	و	و	_	_
1290	غذای	غذا	غذا	_	_
1291	چندین	چند	چندین	_	_
1292	روزم	روز	روز	_	_
1293	را	را	را	_	_
1294	برداشته	برداشته	برداشته	_	_
1295	و	و	و	_	_
1296	فرار	فرار	فرار	_	_
1297	کنم	کن	کرد	_	_
1298	.	.	.	_	_
1299	پس	پس	پس	_	_
1300	از	از	از	_	_
1301	آن	آن	آن	_	_
1302	که	که	که	_	_
1303	خودم	خود	خودم	_	_
1304	را	را	را	_	_
1305	تنها	تنها	تنها	_	_
1306	و	و	و	_	_
1307	رها	رها	رها	_	_
1308	یافتم	یافت	یافت	_	_
1309	،	،	،	_	_
1310	هیچ	هیچ	هیچ	_	_
1311	از	از	از	_	_
1312	مکان	مکان	مکان	_	_
1313	و	و	و	_	_
1314	پیرامونم	پیرامون	پیرامون	_	_
1315	نمیدانستم	نمیدانس	نمیدانستم	_	_
1316	.	.	.	_	_
1317	هیچوقت	هیچوق	هیچوقت	_	_
1318	مسیریاب	مسیریاب	مسیریاب	_	_
1319	قابلی	قابل	قابل	_	_
1320	نبودم	نبود	بود	_	_
1321	و	و	و	_	_
1322	فقط	فقط	فقط	_	_
1323	با	با	با	_	_
1324	کمک	کمک	کمک	_	_
1325	خورشید	خورشید	خورشید	_	_
1326	و	و	و	_	_
1327	ستاره‌ها	ستاره	ستاره	_	_
1328	،	،	،	_	_
1329	آن	آن	آن	_	_
1330	هم	هم	هم	_	_
1331	به	به	به	_	_
1332	دشواری	دشوار	دشوار	_	_
1333	،	،	،	_	_
1334	متوجه	متوجه	متوجه	_	_
1335	شدم	شد	شد	_	_
1336	احتمالا	احتمالا	احتمالا	_	_
1337	پایینتر	پایین	پایین	_	_
1338	از	از	از	_	_
1339	نصف‌النهار	نصف‌النهار	نصف‌النهار	_	_
1340	هستم	هس		_	_
1341	.	.	.	_	_
1342	از	از	از	_	_
1343	طول	طول	طول	_	_
1344	جغرافیایی	جغرافیا	جغرافیایی	_	_
1345	مکان	مکان	مکان	_	_
1346	خود	خود	خود	_	_
1347	هیچ	هیچ	هیچ	_	_
1348	اطلاعی	اطلاع	اطلاع	_	_
1349	نداشتم	ندا	داشت	_	_
1350	و	و	و	_	_
1351	تا	تا	تا	_	_
1352	دوردستها	دوردست	دوردست	_	_
1353	جزیره	جزیره	جزیره	_	_
1354	و	و	و	_	_
1355	ساحلی	ساحل	ساحل	_	_
1356	به	به	به	_	_
1357	چشم	چشم	چشم	_	_
1358	نمی‌آمد	نمی‌آمد	آمد	_	_
1359	.	.	.	_	_
1360	هوا	هوا	هوا	_	_
1361	آرام	آرا	آرام	_	_
1362	بود	بود	بود	_	_
1363	و	و	و	_	_
1364	من	من	من	_	_
1365	روزهای	روز	روز	_	_
1366	بسیار	بسیار	بسیار	_	_
1367	که	که	که	_	_
1368	شمارش	شمار	شمارش	_	_
1369	از	از	از	_	_
1370	دستانم	دستان	دستانم	_	_
1371	خارج	خارج	خارج	_	_
1372	است	است		_	_
1373	،	،	،	_	_
1374	زیر	زیر	زیر	_	_
1375	خورشید	خورشید	خورشید	_	_
1376	سوزان	سوز	سوز	_	_
1377	سرگردان	سرگرد	سرگردان	_	_
1378	بودم	بود	بود	_	_
1379	؛	؛	؛	_	_
1380	در	در	در	_	_
1381	انتظار	انتظار	انتظار	_	_
1382	کشتی‌ای	کشتی	کشتی	_	_
1383	که	که	که	_	_
1384	از	از	از	_	_
1385	مجاورتم	مجاور	مجاور	_	_
1386	عبور	عبور	عبور	_	_
1387	کند	کند	کند	_	_
1388	یا	یا	یا	_	_
1389	جزیرهای	جزیر	جزیرهای	_	_
1390	که	که	که	_	_
1391	قابل	قابل	قابل	_	_
1392	سکونت	سکون	سکونت	_	_
1393	باشد	باشد	بود	_	_
1394	.	.	.	_	_
1395	اما	اما	اما	_	_
1396	نه	نه	نه	_	_
1397	از	از	از	_	_
1398	کشتی	کشت	کشتی	_	_
1399	و	و	و	_	_
1400	نه	نه	نه	_	_
1401	از	از	از	_	_
1402	جزیره	جزیره	جزیره	_	_
1403	خبری	خبر	خبر	_	_
1404	نشد	نشد	شد	_	_
1405	و	و	و	_	_
1406	در	در	در	_	_
1407	سنگینی	سنگینیِ	سنگینیِ	_	_
1408	آن	آن	آن	_	_
1409	آبی	آبیِ	آبیِ	_	_
1410	بی‌انتها	بی‌انتها	بی‌انتها	_	_
1411	،	،	،	_	_
1412	ناامیدی	ناامید	ناامیدی	_	_
1413	در	در	در	_	_
1414	تنهایی‌ام	تنهایی	تنهایی‌ام	_	_
1415	ریشه	ریشه	ریشه	_	_
1416	دواند	دواند	دواند	_	_
1417	.	.	.	_	_
1418	تغییر	تغییر	تغییر	_	_
1419	،	،	،	_	_
1420	زمانی	زمان	زمان	_	_
1421	که	که	که	_	_
1422	در	در	در	_	_
1423	خواب	خواب	خواب	_	_
1424	بودم	بود	بود	_	_
1425	رخ	رخ	رخ	_	_
1426	داد	داد	داد	_	_
1427	.	.	.	_	_
1428	جزئیاتش	جزئیات	جزئیات	_	_
1429	را	را	را	_	_
1430	هیچوقت	هیچوق	هیچوقت	_	_
1431	نخواهم‌دانست	نخواهم‌دانس	دانست	_	_
1432	،	،	،	_	_
1433	زیرا	زیرا	زیرا	_	_
1434	خوابم	خواب	خوابید	_	_
1435	،	،	،	_	_
1436	هرچند	هرچند	هرچند	_	_
1437	آشفته	آشفته	آشفته	_	_
1438	و	و	و	_	_
1439	آلوده	آلوده	آلوده	_	_
1440	به	به	به	_	_
1441	رویا	رویا	رویا	_	_
1442	،	،	،	_	_
1443	پیوسته‌بود	پیوسته‌بود	پیوست	_	_
1444	.	.	.	_	_
1445	زمانی	زمان	زمان	_	_
1446	که	که	که	_	_
1447	بالآخره	بالآخره	بالآخره	_	_
1448	بیدار	بیدار	بیدار	_	_
1449	شدم	شد	شد	_	_
1450	،	،	،	_	_
1451	خود	خود	خود	_	_
1452	را	را	را	_	_
1453	تا	تا	تا	_	_
1454	کمر	کمر	کمر	_	_
1455	فرو	فرو	فرو	_	_
1456	رفته	رفته	رفته	_	_
1457	در	در	در	_	_
1458	توده‌ای	توده	توده	_	_
1459	لزج	لزج	لزج	_	_
1460	از	از	از	_	_
1461	لجنی	لجن	لجن	_	_
1462	جهنمی	جهنم	جهنم	_	_
1463	و	و	و	_	_
1464	سیاهرنگ	سیاهرنگ	سیاهرنگ	_	_
1465	یافتم	یافت	یافت	_	_
1466	که	که	که	_	_
1467	زمین	زمین	زمین	_	_
1468	اطرافم	اطراف	اطراف	_	_
1469	را	را	را	_	_
1470	تا	تا	تا	_	_
1471	چشم	چشم	چشم	_	_
1472	کار	کار	کار	_	_
1473	میکرد	میکرد	میکرد	_	_
1474	پوشانده‌بود	پوشانده‌بود	پوشاند	_	_
1475	.	.	.	_	_
1476	قایقم	قایق	قایق	_	_
1477	هم	هم	هم	_	_
1478	کمی	کم	کم	_	_
1479	آن‌طرفتر	آن‌طرف	آن‌طرف	_	_
1480	،	،	،	_	_
1481	در	در	در	_	_
1482	همین	هم	همین	_	_
1483	لجن	لجن	لجن	_	_
1484	به	به	به	_	_
1485	زمین	زمین	زمین	_	_
1486	نشسته‌بود	نشسته‌بود	نشست	_	_
1487	.	.	.	_	_
1488	خواننده‌ی	خواننده	خواننده	_	_
1489	این	این	این	_	_
1490	متن	متن	متن	_	_
1491	شاید	شاید	شاید	_	_
1492	گمان	گم	گمان	_	_
1493	ببرد	ببرد	ببرد	_	_
1494	که	که	که	_	_
1495	نخستین	نخست	نخستین	_	_
1496	واکنش	واکنش	واکنش	_	_
1497	من	من	من	_	_
1498	باید	باید	باید	_	_
1499	متحیر	متحیر	متحیر	_	_
1500	شدن	شدن	شدن	_	_
1501	از	از	از	_	_
1502	این	این	این	_	_
1503	تغییر	تغییر	تغییر	_	_
1504	عظیم	عظیم	عظیم	_	_
1505	و	و	و	_	_
1506	نامنتظره‌ی	نامنتظره	نامنتظره	_	_
1507	محیط	محیط	محیط	_	_
1508	پیرامونم	پیرامون	پیرامون	_	_
1509	باشد	باشد	بود	_	_
1510	،	،	،	_	_
1511	اما	اما	اما	_	_
1512	در	در	در	_	_
1513	حقیقت	حقیقت	حقیقت	_	_
1514	من	من	من	_	_
1515	بیش	بی	بیش	_	_
1516	از	از	از	_	_
1517	آنکه	آنکه	آنکه	_	_
1518	شگفت‌زده	شگفت‌زده	شگفت‌زده	_	_
1519	باشم	با	بود	_	_
1520	،	،	،	_	_
1521	ترسیده‌بودم	ترسیده‌بود	ترسید	_	_
1522	؛	؛	؛	_	_
1523	چرا	چرا	چرا	_	_
1524	که	که	که	_	_
1525	در	در	در	_	_
1526	آن	آن	آن	_	_
1527	هوا	هوا	هوا	_	_
1528	و	و	و	_	_
1529	خاک	خاک	خاک	_	_
1530	فاسد	فاسد	فاسد	_	_
1531	چنان	چنان	چنان	_	_
1532	حالت	حال	حالت	_	_
1533	مخوفی	مخوف	مخوف	_	_
1534	وجود	وجود	وجود	_	_
1535	داشت	داش	داشت	_	_
1536	که	که	که	_	_
1537	تا	تا	تا	_	_
1538	عمق	عمق	عمق	_	_
1539	وجودم	وجود	وجود	_	_
1540	را	را	را	_	_
1541	میلرزاند	میلرزاند	میلرزاند	_	_
1542	.	.	.	_	_
1543	زمین	زمین	زمین	_	_
1544	پوشیده‌بود	پوشیده‌بود	پوشید	_	_
1545	از	از	از	_	_
1546	لاشه‌ی	لاشه	لاشه	_	_
1547	درحال	درحال	درحال	_	_
1548	فساد	فساد	فساد	_	_
1549	ماهیها	ماهی	ماهیها	_	_
1550	و	و	و	_	_
1551	چیزهای	چیز	چیز	_	_
1552	وصف‌ناپذیر	وصف‌ناپذیر	وصف‌ناپذیر	_	_
1553	دیگری	دیگر	دیگر	_	_
1554	که	که	که	_	_
1555	از	از	از	_	_
1556	میان	می	میان	_	_
1557	گل‌ولای	گل‌ولای	گل‌ولای	_	_
1558	کریه	کریهِ	کریهِ	_	_
1559	آن	آن	آن	_	_
1560	دشت	دش	دشت	_	_
1561	بی‌انتها	بی‌انتها	بی‌انتها	_	_
1562	سر	سر	سر	_	_
1563	بیرون	بیرون	بیرون	_	_
1564	آورده‌بودند	آورده‌بودند	آورد	_	_
1565	.	.	.	_	_
1566	نباید	نباید	نباید	_	_
1567	امید	امید	امید	_	_
1568	داشته‌باشم	داشته‌با	داشت	_	_
1569	که	که	که	_	_
1570	بتوانم	بتوان	توانست	_	_
1571	آن	آن	آن	_	_
1572	مخافت	مخاف	مخافت	_	_
1573	هولناکی	هولناک	هولناک	_	_
1574	که	که	که	_	_
1575	در	در	در	_	_
1576	سکوت	سکو	سکوت	_	_
1577	محض	محض	محض	_	_
1578	جای	جا	جای	_	_
1579	گرفته‌بود	گرفته‌بود	گرفت	_	_
1580	را	را	را	_	_
1581	به	به	به	_	_
1582	قالب	قالب	قالب	_	_
1583	کلمات	کل	کلمات	_	_
1584	در	در	در	_	_
1585	بیاورم	بیاور	آورد	_	_
1586	.	.	.	_	_
1587	کمترین	کم	کمترین	_	_
1588	صدایی	صدا	صدا	_	_
1589	به	به	به	_	_
1590	گوش	گوش	گوش	_	_
1591	نمی‌رسید	نمی‌رسید	رسید	_	_
1592	و	و	و	_	_
1593	هیچ	هیچ	هیچ	_	_
1594	چیز	چیز	چیز	_	_
1595	به	به	به	_	_
1596	چشم	چشم	چشم	_	_
1597	نمی‌آمد	نمی‌آمد	آمد	_	_
1598	،	،	،	_	_
1599	مگر	مگر	مگر	_	_
1600	محدودهای	محدود	محدود	_	_
1601	وسیع	وسیع	وسیع	_	_
1602	از	از	از	_	_
1603	لجنی	لجن	لجن	_	_
1604	سیاهرنگ	سیاهرنگ	سیاهرنگ	_	_
1605	.	.	.	_	_
1606	اما	اما	اما	_	_
1607	آن	آن	آن	_	_
1608	حد	حد	حد	_	_
1609	از	از	از	_	_
1610	سکوت	سکو	سکوت	_	_
1611	و	و	و	_	_
1612	سکون	سکون	سکون	_	_
1613	و	و	و	_	_
1614	یکنواختی	یکنواخت	یکنواخت	_	_
1615	منظره	منظره	منظره	_	_
1616	،	،	،	_	_
1617	مرا	مرا	مرا	_	_
1618	دچار	دچار	دچار	_	_
1619	ترسی	ترس	ترسید	_	_
1620	تهوع‌آور	تهوع‌آور	تهوع‌آور	_	_
1621	می‌کرد	می‌کرد	کرد	_	_
1622	.	.	.	_	_
1623	خورشید	خورشید	خورشید	_	_
1624	در	در	در	_	_
1625	میان	می	میان	_	_
1626	آسمانی	آسمان	آسمان	_	_
1627	وحشی	وحش	وحش	_	_
1628	و	و	و	_	_
1629	بی‌ابر	بی‌ابر	بی‌ابر	_	_
1630	می‌تابید	می‌تابید	می‌تابید	_	_
1631	که	که	که	_	_
1632	به	به	به	_	_
1633	دید	دید	دید	_	_
1634	من	من	من	_	_
1635	،	،	،	_	_
1636	انگار	انگار	انگار	_	_
1637	سیاه	سیاه	سیاه	_	_
1638	بود	بود	بود	_	_
1639	.	.	.	_	_
1640	انگار	انگار	انگار	_	_
1641	که	که	که	_	_
1642	تصویر	تصویر	تصویر	_	_
1643	گل‌ولای	گل‌ولای	گل‌ولای	_	_
1644	جوهرمانند	جوهرمانند	جوهرمانند	_	_
1645	زیر	زیر	زیر	_	_
1646	پاهایم	پا	پا	_	_
1647	،	،	،	_	_
1648	در	در	در	_	_
1649	آسمان	آسم	آسمان	_	_
1650	منعکس	منعکس	منعکس	_	_
1651	شده‌بود	شده‌بود	شد	_	_
1652	.	.	.	_	_
1653	هنگامی	هنگام	هنگامی	_	_
1654	که	که	که	_	_
1655	خودم	خود	خودم	_	_
1656	را	را	را	_	_
1657	افتان	افت	افتان	_	_
1658	و	و	و	_	_
1659	خیزان	خیز	خیز	_	_
1660	به	به	به	_	_
1661	قایق	قایق	قایق	_	_
1662	رساندم	رساند	رساند	_	_
1663	،	،	،	_	_
1664	دریافتم	دریافت	دریافت	_	_
1665	که	که	که	_	_
1666	تنها	تنها	تنها	_	_
1667	یک	یک	یک	_	_
1668	نظریه	نظریه	نظریه	_	_
1669	برای	برای	برای	_	_
1670	توجیه	توجیه	توجیه	_	_
1671	وضعیتم	وضعیت	وضعیت	_	_
1672	وجود	وجود	وجود	_	_
1673	دارد	دارد	داشت	_	_
1674	.	.	.	_	_
1675	طی	طی	طی	_	_
1676	یک	یک	یک	_	_
1677	فوران	فوران	فوران	_	_
1678	نادر	نادر	نادر	_	_
1679	آتشفشانی	آتشفشان	آتشفشانی	_	_
1680	،	،	،	_	_
1681	تکه‌ای	تکه	تکه	_	_
1682	از	از	از	_	_
1683	کف	کف	کف	_	_
1684	اقیانوس	اقیانوس	اقیانوس	_	_
1685	بالا	بالا	بالا	_	_
1686	آمده‌بود	آمده‌بود	آمد	_	_
1687	و	و	و	_	_
1688	زمین‌هایی	زمین	زمین	_	_
1689	را	را	را	_	_
1690	آشکار	آشکار	آشکار	_	_
1691	کرده‌بود	کرده‌بود	کرد	_	_
1692	که	که	که	_	_
1693	میلیونها	میلیون	میلیون	_	_
1694	سال	سال	سال	_	_
1695	در	در	در	_	_
1696	اعماق	اعماق	اعماق	_	_
1697	دست‌نیافتنی	دست‌نیافتنی	دست‌نیافتنی	_	_
1698	آبها	آب	آب	_	_
1699	پنهان	پنهان	پنهان	_	_
1700	مانده‌بودند	مانده‌بودند	ماند	_	_
1701	.	.	.	_	_
1702	زمینی	زمین	زمین	_	_
1703	که	که	که	_	_
1704	در	در	در	_	_
1705	زیر	زیر	زیر	_	_
1706	من	من	من	_	_
1707	بالا	بالا	بالا	_	_
1708	آمده‌بود	آمده‌بود	آمد	_	_
1709	چنان	چنان	چنان	_	_
1710	وسیع	وسیع	وسیع	_	_
1711	بود	بود	بود	_	_
1712	که	که	که	_	_
1713	هرچقدر	هرچقدر	هرچقدر	_	_
1714	گوشهایم	گوش	گوش	_	_
1715	را	را	را	_	_
1716	تیز	تیز	تیز	_	_
1717	می‌کردم	می‌کرد	کرد	_	_
1718	،	،	،	_	_
1719	کمترین	کم	کمترین	_	_
1720	صدایی	صدا	صدا	_	_
1721	از	از	از	_	_
1722	تلاطم	تلاطم	تلاطم	_	_
1723	اقیانوس	اقیانوس	اقیانوس	_	_
1724	به	به	به	_	_
1725	گوشم	گوش	گوش	_	_
1726	نمی‌رسید	نمی‌رسید	رسید	_	_
1727	.	.	.	_	_
1728	حتا	حتا	حتا	_	_
1729	مرغان	مرغ	مرغ	_	_
1730	دریایی	دریا	دریا	_	_
1731	برای	برای	برای	_	_
1732	ارتزاق	ارتزاق	ارتزاق	_	_
1733	از	از	از	_	_
1734	ماهیان	ماه	ماه	_	_
1735	مرده	مرده	مرده	_	_
1736	نیامده	نیامده	نیامده	_	_
1737	بودند	بودند	بود	_	_
1738	.	.	.	_	_
1739	ساعتها	ساعت	ساعت	_	_
1740	در	در	در	_	_
1741	قایق	قایق	قایق	_	_
1742	که	که	که	_	_
1743	به	به	به	_	_
1744	یکسو	یکسو	یکسو	_	_
1745	افتاده	افتاده	افتاده	_	_
1746	و	و	و	_	_
1747	سرپناه	سرپناه	سرپناه	_	_
1748	مختصری	مختصر	مختصر	_	_
1749	در	در	در	_	_
1750	برابر	برابر	برابر	_	_
1751	آفتاب	آفتاب	آفتاب	_	_
1752	ارائه	ارائه	ارائه	_	_
1753	کرده‌بود	کرده‌بود	کرد	_	_
1754	غرق	غرق	غرق	_	_
1755	در	در	در	_	_
1756	فکر	فکر	فکر	_	_
1757	و	و	و	_	_
1758	اندیشه	اندیشه	اندیشه	_	_
1759	نشستم	نشست	نشست	_	_
1760	.	.	.	_	_
1761	کمی	کم	کم	_	_
1762	که	که	که	_	_
1763	از	از	از	_	_
1764	روز	روز	روز	_	_
1765	گذشت	گذ	گذشت	_	_
1766	،	،	،	_	_
1767	زمین	زمین	زمین	_	_
1768	چسبندگی	چسبندگی	چسبندگی	_	_
1769	خود	خود	خود	_	_
1770	را	را	را	_	_
1771	از	از	از	_	_
1772	دست	دست	دست	_	_
1773	داد	داد	داد	_	_
1774	و	و	و	_	_
1775	به	به	به	_	_
1776	نظر	نظر	نظر	_	_
1777	کمی	کم	کم	_	_
1778	دیگر	دیگر	دیگر	_	_
1779	آماده‌ی	آماده	آماده	_	_
1780	قدم‌زدن	قدم‌زدن	قدم‌زدن	_	_
1781	میشد	میشد	میشد	_	_
1782	.	.	.	_	_
1783	آن	آن	آن	_	_
1784	شب	شب	شب	_	_
1785	زمان	زمان	زمان	_	_
1786	زیادی	زیاد	زیاد	_	_
1787	نخوابیدم	نخوابید	خوابید	_	_
1788	،	،	،	_	_
1789	و	و	و	_	_
1790	فردا	فردا	فردا	_	_
1791	برای	برای	برای	_	_
1792	خودم	خود	خودم	_	_
1793	بسته‌ای	بسته‌ای	بسته‌ای	_	_
1794	شامل	شامل	شامل	_	_
1795	آب	آب	آب	_	_
1796	و	و	و	_	_
1797	غذا	غذا	غذا	_	_
1798	فراهم	فراهم	فراهم	_	_
1799	کردم	کرد	کرد	_	_
1800	؛	؛	؛	_	_
1801	توشه‌ای	توشه	توشه	_	_
1802	برای	برای	برای	_	_
1803	یک	یک	یک	_	_
1804	سفر	سفر	سفر	_	_
1805	زمینی	زمین	زمین	_	_
1806	در	در	در	_	_
1807	جستجوی	جستجو	جستجو	_	_
1808	دریایی	دریا	دریا	_	_
1809	که	که	که	_	_
1810	ناپدید	ناپدید	ناپدید	_	_
1811	شده‌بود	شده‌بود	شد	_	_
1812	و	و	و	_	_
1813	احتمالا	احتمالا	احتمالا	_	_
1814	راهی	راه	راه	_	_
1815	برای	برای	برای	_	_
1816	نجات	نجات	نجات	_	_
1817	.	.	.	_	_
1818	روز	روز	روز	_	_
1819	سوم	سو	سوم	_	_
1820	،	،	،	_	_
1821	زمین	زمین	زمین	_	_
1822	را	را	را	_	_
1823	خشک	خشک	خشک	_	_
1824	یافتم	یافت	یافت	_	_
1825	،	،	،	_	_
1826	طوری	طور	طوری	_	_
1827	که	که	که	_	_
1828	میشد	میشد	میشد	_	_
1829	رویش	رو	رویش	_	_
1830	بی	بی	بی	_	_
1831	دردسر	دردسر	دردسر	_	_
1832	قدم	قد	قدم	_	_
1833	برداشت	برداشت	برداشت	_	_
1834	.	.	.	_	_
1835	بوی	بو	بو	_	_
1836	فساد	فساد	فساد	_	_
1837	ماهی‌ها	ماهی	ماهی‌ها	_	_
1838	جنون	جنون	جنون	_	_
1839	آور	آور	آور	_	_
1840	بود	بود	بود	_	_
1841	؛	؛	؛	_	_
1842	اما	اما	اما	_	_
1843	ذهنم	ذهن	ذهن	_	_
1844	درگیر	درگیر	درگیر	_	_
1845	موضوعاتی	موضوعات	موضوعات	_	_
1846	چنان	چنان	چنان	_	_
1847	حیاتی	حیات	حیاتی	_	_
1848	بود	بود	بود	_	_
1849	که	که	که	_	_
1850	چنین	چنین	چنین	_	_
1851	آزار	آزار	آزار	_	_
1852	مختصری	مختصر	مختصر	_	_
1853	را	را	را	_	_
1854	نادیده	نادیده	نادیده	_	_
1855	می‌گرفت	می‌گرف	گرفت	_	_
1856	،	،	،	_	_
1857	و	و	و	_	_
1858	من	من	من	_	_
1859	جسورانه	جسورانه	جسورانه	_	_
1860	در	در	در	_	_
1861	پی	پی	پی	_	_
1862	هدفی	هدف	هدف	_	_
1863	نامعلوم	نامعلوم	نامعلوم	_	_
1864	سفرم	سفر	سفر	_	_
1865	را	را	را	_	_
1866	آغاز	آغاز	آغاز	_	_
1867	کردم	کرد	کرد	_	_
1868	.	.	.	_	_
1869	تمام	تمام	تمام	_	_
1870	روز	روز	روز	_	_
1871	را	را	را	_	_
1872	مصمم	مصمم	مصمم	_	_
1873	به	به	به	_	_
1874	سمت	سم	سمت	_	_
1875	غرب	غرب	غرب	_	_
1876	رفتم	رف	رفت	_	_
1877	،	،	،	_	_
1878	به	به	به	_	_
1879	سوی	سو	سو	_	_
1880	تپه‌ای	تپه	تپه	_	_
1881	در	در	در	_	_
1882	دوردست	دوردست	دوردست	_	_
1883	که	که	که	_	_
1884	مرتفع‌تر	مرتفع	مرتفع	_	_
1885	از	از	از	_	_
1886	هر	هر	هر	_	_
1887	بلندی	بلند	بلند	_	_
1888	دیگری	دیگر	دیگر	_	_
1889	بود	بود	بود	_	_
1890	.	.	.	_	_
1891	شب	شب	شب	_	_
1892	را	را	را	_	_
1893	در	در	در	_	_
1894	جایی	جا	جا	_	_
1895	مستقر	مستقر	مستقر	_	_
1896	شدم	شد	شد	_	_
1897	و	و	و	_	_
1898	روز	روز	روز	_	_
1899	بعد	بعد	بعد	_	_
1900	دوباره	دوباره	دوباره	_	_
1901	به	به	به	_	_
1902	سوی	سو	سو	_	_
1903	تپه	تپه	تپه	_	_
1904	حرکت	حرکت	حرکت	_	_
1905	کردم	کرد	کرد	_	_
1906	،	،	،	_	_
1907	هرچند	هرچند	هرچند	_	_
1908	که	که	که	_	_
1909	چندان	چند	چندان	_	_
1910	بزرگتر	بزرگ	بزرگ	_	_
1911	از	از	از	_	_
1912	وقتی	وقت	وقت	_	_
1913	که	که	که	_	_
1914	نخستین‌بار	نخستین‌بار	نخستین‌بار	_	_
1915	دیده	دیده	دیده	_	_
1916	بودمش	بودم	بودمش	_	_
1917	به	به	به	_	_
1918	نظر	نظر	نظر	_	_
1919	نمی	نم	نم	_	_
1920	آمد	آمد	آمد	_	_
1921	.	.	.	_	_
1922	عصر	عصر	عصر	_	_
1923	روز	روز	روز	_	_
1924	چهارم	چهار	چهارم	_	_
1925	به	به	به	_	_
1926	دامنه‌ی	دامنه	دامنه	_	_
1927	تپه	تپه	تپه	_	_
1928	رسیدم	رسید	رسید	_	_
1929	،	،	،	_	_
1930	که	که	که	_	_
1931	حالا	حالا	حالا	_	_
1932	بسیار	بسیار	بسیار	_	_
1933	بزرگتر	بزرگ	بزرگ	_	_
1934	از	از	از	_	_
1935	قبل	قبل	قبل	_	_
1936	به	به	به	_	_
1937	نظر	نظر	نظر	_	_
1938	می‌رسید	می‌رسید	رسید	_	_
1939	.	.	.	_	_
1940	تپه	تپه	تپه	_	_
1941	در	در	در	_	_
1942	مجاورت	مجاور	مجاورت	_	_
1943	دره‌ای	دره	دره	_	_
1944	بود	بود	بود	_	_
1945	و	و	و	_	_
1946	این	این	این	_	_
1947	باعث	باعث	باعث	_	_
1948	می‌شد	می‌شد	شد	_	_
1949	دامنه‌ی	دامنه	دامنه	_	_
1950	پرشیبی	پرشیب	پرشیب	_	_
1951	داشته‌باشد	داشته‌باشد	داشت	_	_
1952	.	.	.	_	_
1953	خسته‌تر	خسته	خسته	_	_
1954	از	از	از	_	_
1955	آن	آن	آن	_	_
1956	بودم	بود	بود	_	_
1957	که	که	که	_	_
1958	بالا	بالا	بالا	_	_
1959	بروم	برو	رفت	_	_
1960	،	،	،	_	_
1961	پس	پس	پس	_	_
1962	در	در	در	_	_
1963	سایه‌ی	سایه	سایه	_	_
1964	تپه	تپه	تپه	_	_
1965	به	به	به	_	_
1966	خواب	خواب	خواب	_	_
1967	رفتم	رف	رفت	_	_
1968	.	.	.	_	_
1969	نمیدانم	نمیدان	نمیدانم	_	_
1970	رویاهای	رویا	رویاهای	_	_
1971	آن	آن	آن	_	_
1972	شبم	شب	شب	_	_
1973	چرا	چرا	چرا	_	_
1974	آنچنان	آنچن	آنچنان	_	_
1975	دیوانه‌وار	دیوانه‌وار	دیوانه‌وار	_	_
1976	بودند	بودند	بود	_	_
1977	.	.	.	_	_
1978	اما	اما	اما	_	_
1979	پیش	پی	پیش	_	_
1980	از	از	از	_	_
1981	آنکه	آنکه	آنکه	_	_
1982	ماه	ماهِ	ماهِ	_	_
1983	از	از	از	_	_
1984	نیمه	نیمه	نیمه	_	_
1985	گذشته	گذشته	گذشته	_	_
1986	که	که	که	_	_
1987	رو	رو	رو	_	_
1988	به	به	به	_	_
1989	نازکی	نازک	نازک	_	_
1990	می‌رفت	می‌رف	رفت	_	_
1991	بر	بر	بر	_	_
1992	فراز	فراز	فراز	_	_
1993	فلات‌های	فلات	فلات	_	_
1994	شرق	شرق	شرق	_	_
1995	نمایان	نمایان	نمایان	_	_
1996	شود	شود	شد	_	_
1997	،	،	،	_	_
1998	من	من	من	_	_
1999	بیدار	بیدار	بیدار	_	_
2000	و	و	و	_	_
2001	خیس	خیس	خیس	_	_
2002	از	از	از	_	_
2003	عرق	عرق	عرق	_	_
2004	سرد	سرد	سرد	_	_
2005	بودم	بود	بود	_	_
2006	و	و	و	_	_
2007	دیگر	دیگر	دیگر	_	_
2008	قصد	قصد	قصد	_	_
2009	خوابیدن	خوابیدن	خوابیدن	_	_
2010	نداشتم	ندا	داشت	_	_
2011	.	.	.	_	_
2012	مشاهده‌ی	مشاهده	مشاهده	_	_
2013	دوباره‌ی	دوباره	دوباره	_	_
2014	تصاویری	تصاویر	تصاویر	_	_
2015	که	که	که	_	_
2016	به	به	به	_	_
2017	خواب	خواب	خواب	_	_
2018	دیده‌بودم	دیده‌بود	دید	_	_
2019	،	،	،	_	_
2020	از	از	از	_	_
2021	تحملم	تحمل	تحمل	_	_
2022	خارج	خارج	خارج	_	_
2023	بود	بود	بود	_	_
2024	.	.	.	_	_
2025	و	و	و	_	_
2026	در	در	در	_	_
2027	تلألو	تلألو	تلألو	_	_
2028	ماه	ماه	ماه	_	_
2029	دریافتم	دریافت	دریافت	_	_
2030	که	که	که	_	_
2031	سفر	سفر	سفر	_	_
2032	کردن	کردن	کردن	_	_
2033	در	در	در	_	_
2034	روز	روز	روز	_	_
2035	چه	چه	چه	_	_
2036	انتخاب	انتخاب	انتخاب	_	_
2037	نابخردانه‌ای	نابخردانه	نابخردانه	_	_
2038	بوده‌است	بوده‌است	بود	_	_
2039	.	.	.	_	_
2040	سفرم	سفر	سفر	_	_
2041	بی	بی	بی	_	_
2042	حضور	حضور	حضور	_	_
2043	تابش	تاب	تابش	_	_
2044	سوزان	سوز	سوز	_	_
2045	خورشید	خورشید	خورشید	_	_
2046	توان	تو	توان	_	_
2047	کمتری	کمتر	کمتر	_	_
2048	از	از	از	_	_
2049	من	من	من	_	_
2050	می‌گرفت	می‌گرف	گرفت	_	_
2051	.	.	.	_	_
2052	در	در	در	_	_
2053	حقیقت	حقیقت	حقیقت	_	_
2054	،	،	،	_	_
2055	حالا	حالا	حالا	_	_
2056	حس	حس	حس	_	_
2057	می‌کردم	می‌کرد	کرد	_	_
2058	توان	تو	توان	_	_
2059	به	به	به	_	_
2060	انجام	انجام	انجام	_	_
2061	رساندن	رساندن	رساندن	_	_
2062	صعودی	صعود	صعود	_	_
2063	که	که	که	_	_
2064	پیشتر	پی	پی	_	_
2065	هنگام	هنگام	هنگام	_	_
2066	روز	روز	روز	_	_
2067	از	از	از	_	_
2068	آن	آن	آن	_	_
2069	منصرف	منصرف	منصرف	_	_
2070	شده‌بودم	شده‌بود	شد	_	_
2071	را	را	را	_	_
2072	داشتم	داش	داشت	_	_
2073	.	.	.	_	_
2074	بسته‌ام	بسته	بست	_	_
2075	را	را	را	_	_
2076	برداشتم	برداشت	برداشت	_	_
2077	و	و	و	_	_
2078	به	به	به	_	_
2079	سوی	سو	سو	_	_
2080	سینه‌ی	سینه	سینه	_	_
2081	تپه	تپه	تپه	_	_
2082	به	به	به	_	_
2083	راه	راه	راه	_	_
2084	افتادم	افتاد	افتاد	_	_
2085	.	.	.	_	_
2086	پیشتر	پی	پی	_	_
2087	گفتم	گفت	گفت	_	_
2088	که	که	که	_	_
2089	یکنواختی	یکنواخت	یکنواخت	_	_
2090	تزلزل‌ناپذیر	تزلزل‌ناپذیر	تزلزل‌ناپذیر	_	_
2091	محیط	محیط	محیط	_	_
2092	پیرامونم	پیرامون	پیرامون	_	_
2093	برای	برای	برای	_	_
2094	من	من	من	_	_
2095	به	به	به	_	_
2096	نوعی	نوع	نوع	_	_
2097	هراس‌آور	هراس‌آور	هراس‌آور	_	_
2098	بود	بود	بود	_	_
2099	؛	؛	؛	_	_
2100	اما	اما	اما	_	_
2101	احساس	احساس	احساس	_	_
2102	میکنم	میکن	میکنم	_	_
2103	زمانی	زمان	زمان	_	_
2104	که	که	که	_	_
2105	به	به	به	_	_
2106	قله‌ی	قله	قله	_	_
2107	تپه	تپه	تپه	_	_
2108	رسیدم	رسید	رسید	_	_
2109	و	و	و	_	_
2110	به	به	به	_	_
2111	سوی	سو	سو	_	_
2112	دیگرش	دیگر	دیگر	_	_
2113	نگاه	نگاه	نگاه	_	_
2114	انداخته	انداخته	انداخته	_	_
2115	و	و	و	_	_
2116	دره	دره	دره	_	_
2117	یا	یا	یا	_	_
2118	گسلی	گسل	گسلی	_	_
2119	بی‌اندازه	بی‌اندازه	بی‌اندازه	_	_
2120	عمیق	عمیق	عمیق	_	_
2121	را	را	را	_	_
2122	دیدم	دید	دید	_	_
2123	که	که	که	_	_
2124	ماه	ماه	ماه	_	_
2125	هنوز	هنوز	هنوز	_	_
2126	آنقدر	آنقدر	آنقدر	_	_
2127	در	در	در	_	_
2128	آسمان	آسم	آسمان	_	_
2129	بالا	بالا	بالا	_	_
2130	نرفته‌بود	نرفته‌بود	رفت	_	_
2131	تا	تا	تا	_	_
2132	گوشه	گوشه	گوشه	_	_
2133	و	و	و	_	_
2134	کنارهای	کنار	کنار	_	_
2135	تاریکش	تاریک	تاریک	_	_
2136	را	را	را	_	_
2137	روشن	روشن	روشن	_	_
2138	کند	کند	کند	_	_
2139	،	،	،	_	_
2140	وحشتی	وحشت	وحشت	_	_
2141	بسیار	بسیار	بسیار	_	_
2142	بیشتر	بی	بیشتر	_	_
2143	را	را	را	_	_
2144	متحمل	متحمل	متحمل	_	_
2145	شدم	شد	شد	_	_
2146	.	.	.	_	_
2147	احساس	احساس	احساس	_	_
2148	میکردم	میکرد	میکردم	_	_
2149	بر	بر	بر	_	_
2150	لبه‌ی	لبه	لبه	_	_
2151	جهان	جهان	جهان	_	_
2152	قرار	قرار	قرار	_	_
2153	دارم	دار	داشت	_	_
2154	و	و	و	_	_
2155	چشم	چشم	چشم	_	_
2156	به	به	به	_	_
2157	آشوبی	آشوب	آشوب	_	_
2158	و	و	و	_	_
2159	صعود	صعود	صعود	_	_
2160	هولناک	هولناک	هولناک	_	_
2161	شیطان	شیطان	شیطان	_	_
2162	در	در	در	_	_
2163	سرزمین‌های	سرزمین	سرزمین	_	_
2164	بی‌انتها	بی‌انتها	بی‌انتها	_	_
2165	از	از	از	_	_
2166	شبی	شب	شب	_	_
2167	ابدی	ابد	ابد	_	_
2168	دوخته‌ام	دوخته	دوخت	_	_
2169	.	.	.	_	_
2170	در	در	در	_	_
2171	میانه‌ی	میانه	میانه	_	_
2172	وحشت	وحش	وحشت	_	_
2173	،	،	،	_	_
2174	بخش‌هایی	بخش	بخش	_	_
2175	از	از	از	_	_
2176	بیقواره‌ی	بیقواره	بیقواره‌ی	_	_
2177	تاریکی	تاریک	تاریکی	_	_
2178	به	به	به	_	_
2179	یادم	یاد	یاد	_	_
2180	می‌آمد	می‌آمد	آمد	_	_
2181	.	.	.	_	_
2182	ماه	ماه	ماه	_	_
2183	که	که	که	_	_
2184	در	در	در	_	_
2185	آسمان	آسم	آسمان	_	_
2186	بالاتر	بالا	بالا	_	_
2187	رفت	رف	رفت	_	_
2188	،	،	،	_	_
2189	دریافتم	دریافت	دریافت	_	_
2190	شیب	شیب	شیب	_	_
2191	تپه	تپه	تپه	_	_
2192	آنچنان	آنچن	آنچنان	_	_
2193	هم	هم	هم	_	_
2194	که	که	که	_	_
2195	گمان	گم	گمان	_	_
2196	برده‌بودم	برده‌بود	برد	_	_
2197	تند	تند	تند	_	_
2198	نبود	نبود	بود	_	_
2199	.	.	.	_	_
2200	لبه‌ها	لبه	لبه	_	_
2201	و	و	و	_	_
2202	زائده‌های	زائده	زائده	_	_
2203	تخته‌سنگها	تخته‌سنگ	تخته‌سنگ	_	_
2204	جای	جا	جای	_	_
2205	پای	پا	پای	_	_
2206	نسبتا	نسبتا	نسبتا	_	_
2207	راحتی	راحت	راحت	_	_
2208	برای	برای	برای	_	_
2209	پایین	پا	پایین	_	_
2210	آمدن	آمدن	آمدن	_	_
2211	فراهم	فراهم	فراهم	_	_
2212	می‌کردند	می‌کردند	کرد	_	_
2213	؛	؛	؛	_	_
2214	هرچند	هرچند	هرچند	_	_
2215	که	که	که	_	_
2216	پس	پس	پس	_	_
2217	از	از	از	_	_
2218	چندصد	چندصد	چندصد	_	_
2219	پا	پا	پا	_	_
2220	پایین	پا	پایین	_	_
2221	آمدن	آمدن	آمدن	_	_
2222	،	،	،	_	_
2223	از	از	از	_	_
2224	شیب	شیب	شیب	_	_
2225	بسیار	بسیار	بسیار	_	_
2226	کاسته‌می‌شد	کاسته‌می‌شد	کاست	_	_
2227	.	.	.	_	_
2228	با	با	با	_	_
2229	شوقی	شوق	شوق	_	_
2230	که	که	که	_	_
2231	به	به	به	_	_
2232	هیچ	هیچ	هیچ	_	_
2233	روی	رو	روی	_	_
2234	دلیلش	دلیل	دلیل	_	_
2235	را	را	را	_	_
2236	نمی‌فهمیدم	نمی‌فهمید	فهمید	_	_
2237	،	،	،	_	_
2238	به	به	به	_	_
2239	دشواری	دشوار	دشوار	_	_
2240	از	از	از	_	_
2241	صخره‌ها	صخره	صخره	_	_
2242	به	به	به	_	_
2243	پایین	پا	پایین	_	_
2244	لغزیدم	لغزید	لغزید	_	_
2245	و	و	و	_	_
2246	روی	رو	روی	_	_
2247	شیب	شیب	شیب	_	_
2248	ملایم	ملایم	ملایم	_	_
2249	آن	آن	آن	_	_
2250	پایین	پا	پایین	_	_
2251	ایستادم	ایستاد	ایستاد	_	_
2252	و	و	و	_	_
2253	به	به	به	_	_
2254	آن	آن	آن	_	_
2255	اعماق	اعماق	اعماق	_	_
2256	سراسر	سراسر	سراسر	_	_
2257	سیاه	سیاه	سیاه	_	_
2258	گسل	گسل	گسل	_	_
2259	چشم	چشم	چشم	_	_
2260	دوختم	دوخت	دوخت	_	_
2261	که	که	که	_	_
2262	هنوز	هنوز	هنوز	_	_
2263	نوری	نور	نوری	_	_
2264	به	به	به	_	_
2265	آنها	آن	آن	_	_
2266	راه	راه	راه	_	_
2267	نیافته‌بود	نیافته‌بود	یافت	_	_
2268	.	.	.	_	_
2269	ناگهان	ناگه	ناگهان	_	_
2270	توجهم	توجه	توجه	_	_
2271	به	به	به	_	_
2272	شئی	شئ	شئی	_	_
2273	یگانه	یگانه	یگانه	_	_
2274	و	و	و	_	_
2275	وسیع	وسیع	وسیع	_	_
2276	جلب	جلب	جلب	_	_
2277	شد	شد	شد	_	_
2278	که	که	که	_	_
2279	بر	بر	بر	_	_
2280	تپه‌ی	تپه	تپه	_	_
2281	دیگری	دیگر	دیگر	_	_
2282	قرار	قرار	قرار	_	_
2283	داشت	داش	داشت	_	_
2284	که	که	که	_	_
2285	تقریبا	تقریبا	تقریبا	_	_
2286	صد	صد	صد	_	_
2287	یارد	یارد	یارد	_	_
2288	جلوتر	جلو	جلو	_	_
2289	دوباره	دوباره	دوباره	_	_
2290	از	از	از	_	_
2291	آن‌سوی	آن‌سو	آن‌سو	_	_
2292	گسل	گسل	گسل	_	_
2293	سر	سر	سر	_	_
2294	بلند	بلند	بلند	_	_
2295	می‌کرد	می‌کرد	کرد	_	_
2296	،	،	،	_	_
2297	شئی	شئ	شئی	_	_
2298	که	که	که	_	_
2299	زیر	زیر	زیر	_	_
2300	نور	نور	نور	_	_
2301	تازه‌رسیده‌ی	تازه‌رسیده	تازه‌رسیده‌ی	_	_
2302	مهتاب	مهتاب	مهتاب	_	_
2303	،	،	،	_	_
2304	برق	برق	برق	_	_
2305	سفیدی	سفید	سفید	_	_
2306	داشت	داش	داشت	_	_
2307	.	.	.	_	_
2308	این	این	این	_	_
2309	که	که	که	_	_
2310	آن	آن	آن	_	_
2311	شئ	شئ	شئ	_	_
2312	در	در	در	_	_
2313	حقیقت	حقیقت	حقیقت	_	_
2314	تکه	تکه	تکه	_	_
2315	سنگی	سنگ	سنگ	_	_
2316	غول‌آسا	غول‌آسا	غول‌آسا	_	_
2317	بود	بود	بود	_	_
2318	را	را	را	_	_
2319	زود	زود	زود	_	_
2320	بر	بر	بر	_	_
2321	نمی‌آمد	نمی‌آمد	آمد	_	_
2322	ساخته‌ی	ساخته	ساخته	_	_
2323	دست	دست	دست	_	_
2324	طبیعت	طبیعت	طبیعت	_	_
2325	باشد	باشد	بود	_	_
2326	.	.	.	_	_
2327	به	به	به	_	_
2328	نحوی	نحو	نحو	_	_
2329	آگاه	آگاه	آگاه	_	_
2330	بودم	بود	بود	_	_
2331	که	که	که	_	_
2332	از	از	از	_	_
2333	مکان	مکان	مکان	_	_
2334	و	و	و	_	_
2335	حالتی	حالت	حالت	_	_
2336	که	که	که	_	_
2337	داشت	داش	داشت	_	_
2338	انباشته	انباشته	انباشته	_	_
2339	از	از	از	_	_
2340	احساسی	احساس	احساس	_	_
2341	کرد	کرد	کرد	_	_
2342	که	که	که	_	_
2343	از	از	از	_	_
2344	بیانش	بیان	بیان	_	_
2345	عاجزم	عاجز	عاجز	_	_
2346	؛	؛	؛	_	_
2347	زیرا	زیرا	زیرا	_	_
2348	تقریبا	تقریبا	تقریبا	_	_
2349	تردید	تردید	تردید	_	_
2350	نداشتم	ندا	داشت	_	_
2351	که	که	که	_	_
2352	با	با	با	_	_
2353	وجود	وجود	وجود	_	_
2354	قد	قد	قد	_	_
2355	و	و	و	_	_
2356	قواره‌ی	قواره	قواره	_	_
2357	عظیمش	عظیم	عظیم	_	_
2358	و	و	و	_	_
2359	جای	جا	جای	_	_
2360	گرفتنش	گرفتن	گرفتن	_	_
2361	در	در	در	_	_
2362	ناکجایی	ناکجا	ناکجا	_	_
2363	که	که	که	_	_
2364	از	از	از	_	_
2365	آغاز	آغاز	آغاز	_	_
2366	جهان	جهان	جهان	_	_
2367	در	در	در	_	_
2368	کف	کف	کف	_	_
2369	اقیانوس	اقیانوس	اقیانوس	_	_
2370	قرار	قرار	قرار	_	_
2371	داشت	داش	داشت	_	_
2372	،	،	،	_	_
2373	آن	آن	آن	_	_
2374	شئ	شئ	شئ	_	_
2375	عجیب	عجیب	عجیب	_	_
2376	،	،	،	_	_
2377	تخته‌سنگی	تخته‌سنگ	تخته‌سنگ	_	_
2378	خوش‌تراش	خوش‌تراش	خوش‌تراش	_	_
2379	بود	بود	بود	_	_
2380	که	که	که	_	_
2381	تن	تن	تن	_	_
2382	حجیمش	حجیم	حجیم	_	_
2383	دست	دست	دست	_	_
2384	هنروران	هنرور	هنرور	_	_
2385	و	و	و	_	_
2386	شاید	شاید	شاید	_	_
2387	پرستش	پرستش	پرستش	_	_
2388	مردمانی	مردمان	مردمانی	_	_
2389	صاحب	صاحب	صاحب	_	_
2390	هوشمندی	هوشمند	هوشمندی	_	_
2391	را	را	را	_	_
2392	به	به	به	_	_
2393	خود	خود	خود	_	_
2394	دیده‌بود	دیده‌بود	دید	_	_
2395	.	.	.	_	_
2396	گیج	گیج	گیج	_	_
2397	و	و	و	_	_
2398	ترسیده‌بودم	ترسیده‌بود	ترسید	_	_
2399	،	،	،	_	_
2400	اما	اما	اما	_	_
2401	هنوز	هنوز	هنوز	_	_
2402	بارقه‌هایی	بارقه	بارقه	_	_
2403	از	از	از	_	_
2404	شور	شور	شور	_	_
2405	یک	یک	یک	_	_
2406	باستان‌شناس	باستان‌شناس	باستان‌شناس	_	_
2407	یا	یا	یا	_	_
2408	دانشمند	دانشمند	دانشمند	_	_
2409	در	در	در	_	_
2410	من	من	من	_	_
2411	بود	بود	بود	_	_
2412	،	،	،	_	_
2413	پس	پس	پس	_	_
2414	پیرامونم	پیرامون	پیرامون	_	_
2415	را	را	را	_	_
2416	با	با	با	_	_
2417	دقت	دق	دقت	_	_
2418	بیشتری	بیشتر	بیشتر	_	_
2419	بررسی	بررسی	بررسی	_	_
2420	کردم	کرد	کرد	_	_
2421	.	.	.	_	_
2422	ماه	ماه	ماه	_	_
2423	حالا	حالا	حالا	_	_
2424	در	در	در	_	_
2425	مکان	مکان	مکان	_	_
2426	سرسو	سرسو	سرسو	_	_
2427	قرار	قرار	قرار	_	_
2428	داشت	داش	داشت	_	_
2429	و	و	و	_	_
2430	غریب	غریب	غریب	_	_
2431	و	و	و	_	_
2432	زنده	زنده	زنده	_	_
2433	بر	بر	بر	_	_
2434	تپه‌های	تپه	تپه	_	_
2435	بلندبالا	بلندبالا	بلندبالا	_	_
2436	می‌تابید	می‌تابید	می‌تابید	_	_
2437	که	که	که	_	_
2438	دره	دره	دره	_	_
2439	را	را	را	_	_
2440	در	در	در	_	_
2441	محاصره	محاصره	محاصره	_	_
2442	گرفته‌بودند	گرفته‌بودند	گرفت	_	_
2443	،	،	،	_	_
2444	و	و	و	_	_
2445	جریانی	جریان	جریان	_	_
2446	از	از	از	_	_
2447	آب	آب	آب	_	_
2448	را	را	را	_	_
2449	در	در	در	_	_
2450	انتهای	انتها	انتها	_	_
2451	آن	آن	آن	_	_
2452	دره‌ی	دره	دره	_	_
2453	عمیق	عمیق	عمیق	_	_
2454	آشکار	آشکار	آشکار	_	_
2455	می‌کرد	می‌کرد	کرد	_	_
2456	.	.	.	_	_
2457	آب	آب	آب	_	_
2458	دیوانه‌وار	دیوانه‌وار	دیوانه‌وار	_	_
2459	به	به	به	_	_
2460	هردیواره‌ی	هردیواره	هردیواره‌ی	_	_
2461	گسل	گسل	گسل	_	_
2462	میکوبید	میکوبید	میکوبید	_	_
2463	و	و	و	_	_
2464	حتا	حتا	حتا	_	_
2465	چیزی	چیز	چیز	_	_
2466	نمانده‌بود	نمانده‌بود	ماند	_	_
2467	پای	پا	پای	_	_
2468	مرا	مرا	مرا	_	_
2469	که	که	که	_	_
2470	بر	بر	بر	_	_
2471	دامنه‌ی	دامنه	دامنه	_	_
2472	شیب	شیب	شیب	_	_
2473	ایستاده‌بودم	ایستاده‌بود	ایستاد	_	_
2474	تر	تر	تر	_	_
2475	کند	کند	کند	_	_
2476	.	.	.	_	_
2477	در	در	در	_	_
2478	آن‌سوی	آن‌سو	آن‌سو	_	_
2479	دره	دره	دره	_	_
2480	،	،	،	_	_
2481	موجها	موج	موج	_	_
2482	پایه‌ی	پایه	پایه	_	_
2483	تخته‌سنگ	تخته‌سنگ	تخته‌سنگ	_	_
2484	غول‌آسا	غول‌آسا	غول‌آسا	_	_
2485	را	را	را	_	_
2486	می‌شستند	می‌شستند	می‌شستند	_	_
2487	و	و	و	_	_
2488	من	من	من	_	_
2489	حالا	حالا	حالا	_	_
2490	میتوانستم	میتوانس	میتوانستم	_	_
2491	بر	بر	بر	_	_
2492	سطح	سطح	سطح	_	_
2493	۲	2	2	_	_
2494	آن	آن	آن	_	_
2495	نوشته‌ها	نوشته	نوشته	_	_
2496	و	و	و	_	_
2497	حکاکی‌هایی	حکاکی	حکاکی‌هایی	_	_
2498	بی‌ظرافت	بی‌ظرافت	بی‌ظرافت	_	_
2499	را	را	را	_	_
2500	تشخیص	تشخیص	تشخیص	_	_
2501	دهم	ده	دهم	_	_
2502	.	.	.	_	_
2503	نوشته‌ها	نوشته	نوشته	_	_
2504	به	به	به	_	_
2505	خط‌نگارهای	خط‌نگار	خط‌نگارهای	_	_
2506	بودند	بودند	بود	_	_
2507	که	که	که	_	_
2508	برای	برای	برای	_	_
2509	من	من	من	_	_
2510	ناآشنا	ناآشنا	ناآشنا	_	_
2511	بود	بود	بود	_	_
2512	و	و	و	_	_
2513	به	به	به	_	_
2514	هیچکدام	هیچکدا	هیچکدام	_	_
2515	از	از	از	_	_
2516	چیزهایی	چیز	چیز	_	_
2517	که	که	که	_	_
2518	درکتابها	درکتاب	درکتابها	_	_
2519	دیده‌بودم	دیده‌بود	دید	_	_
2520	نیز	نیز	نیز	_	_
2521	شباهت	شباهت	شباهت	_	_
2522	نداشت	ندا	داشت	_	_
2523	.	.	.	_	_
2524	عموما	عموما	عموما	_	_
2525	از	از	از	_	_
2526	نشانه‌هایی	نشانه	نشانه	_	_
2527	که	که	که	_	_
2528	به	به	به	_	_
2529	دریا	دریا	دریا	_	_
2530	یا	یا	یا	_	_
2531	موجودات	موجود	موجودات	_	_
2532	آن	آن	آن	_	_
2533	ربط	ربط	ربط	_	_
2534	داشت	داش	داشت	_	_
2535	تشکیل	تشکیل	تشکیل	_	_
2536	شده‌بود	شده‌بود	شد	_	_
2537	؛	؛	؛	_	_
2538	نرم‌تن‌ها	نرم‌تن	نرم‌تن	_	_
2539	و	و	و	_	_
2540	والها	وال	وال	_	_
2541	و	و	و	_	_
2542	چیزهایی	چیز	چیز	_	_
2543	از	از	از	_	_
2544	این	این	این	_	_
2545	دست	دست	دست	_	_
2546	.	.	.	_	_
2547	شماری	شمار	شمرد	_	_
2548	از	از	از	_	_
2549	نشانه‌ها	نشانه	نشانه	_	_
2550	نماینده‌ی	نماینده	نماینده	_	_
2551	موجوداتی	موجودات	موجودات	_	_
2552	،	،	،	_	_
2553	مانند	مانند	مانند	_	_
2554	ماهیها	ماهی	ماهیها	_	_
2555	،	،	،	_	_
2556	مارماهیها	مارماهی	مارماهی	_	_
2557	،	،	،	_	_
2558	هشت‌پاها	هشت‌پا	هشت‌پا	_	_
2559	،	،	،	_	_
2560	میگوها	میگو	میگو	_	_
2561	دریازی	دریاز	دریازی	_	_
2562	بودند	بودند	بود	_	_
2563	که	که	که	_	_
2564	جهان	جهان	جهان	_	_
2565	مدرن	مدرن	مدرن	_	_
2566	آنها	آن	آن	_	_
2567	را	را	را	_	_
2568	تا	تا	تا	_	_
2569	به	به	به	_	_
2570	حال	حال	حال	_	_
2571	به	به	به	_	_
2572	چشم	چشم	چشم	_	_
2573	ندیده‌بود	ندیده‌بود	دید	_	_
2574	،	،	،	_	_
2575	اما	اما	اما	_	_
2576	من	من	من	_	_
2577	توانسته‌بودم	توانسته‌بود	توانست	_	_
2578	اجساد	اجساد	اجساد	_	_
2579	درحال	درحال	درحال	_	_
2580	فسادشان	فساد	فساد	_	_
2581	را	را	را	_	_
2582	روی	رو	روی	_	_
2583	زمینی	زمین	زمین	_	_
2584	که	که	که	_	_
2585	از	از	از	_	_
2586	کف	کف	کف	_	_
2587	اقیانوس	اقیانوس	اقیانوس	_	_
2588	بلند	بلند	بلند	_	_
2589	شده‌بود	شده‌بود	شد	_	_
2590	ببینم	ببین	ببینم	_	_
2591	.	.	.	_	_
2592	اما	اما	اما	_	_
2593	آنچه	آنچه	آنچه	_	_
2594	مرا	مرا	مرا	_	_
2595	حیرت‌زده	حیرت‌زده	حیرت‌زده	_	_
2596	برجای	برجا	برجا	_	_
2597	گذاشت	گذا	گذاشت	_	_
2598	،	،	،	_	_
2599	حکاکی‌ها	حکاکی	حکاکی‌ها	_	_
2600	بودند	بودند	بود	_	_
2601	.	.	.	_	_
2602	آن‌سوی	آن‌سو	آن‌سو	_	_
2603	آب‌هایی	آب	آب	_	_
2604	که	که	که	_	_
2605	میان	می	میان	_	_
2606	ما	ما	ما	_	_
2607	فاصله	فاصله	فاصله	_	_
2608	انداخته‌بود	انداخته‌بود	انداخت	_	_
2609	،	،	،	_	_
2610	پای	پا	پای	_	_
2611	تخته‌سنگ	تخته‌سنگ	تخته‌سنگ	_	_
2612	ردیفی	ردیف	ردیف	_	_
2613	از	از	از	_	_
2614	۳	3	3	_	_
2615	کنده‌کاری‌هایی	کنده‌کاری	کنده‌کاری	_	_
2616	قرار	قرار	قرار	_	_
2617	داشت	داش	داشت	_	_
2618	که	که	که	_	_
2619	احتمالا	احتمالا	احتمالا	_	_
2620	حسادت	حسادت	حسادت	_	_
2621	دوری	دورِ	دورِی	_	_
2622	را	را	را	_	_
2623	برمی‌انگیختند	برمی‌انگیختند	برمی‌انگیختند	_	_
2624	.	.	.	_	_
2625	گمان	گم	گمان	_	_
2626	می‌کنم	می‌کنم	کرد	_	_
2627	آن	آن	آن	_	_
2628	حکاکی‌ها	حکاکی	حکاکی‌ها	_	_
2629	قرار	قرار	قرار	_	_
2630	بود	بود	بود	_	_
2631	نمایانگر	نمایانگر	نمایانگر	_	_
2632	انسان	انس	انسان	_	_
2633	باشند	باشند	بود	_	_
2634	.	.	.	_	_
2635	آن	آن	آن	_	_
2636	موجودات	موجود	موجودات	_	_
2637	کنده‌کاری	کنده‌کاری	کنده‌کاری	_	_
2638	شده	شده	شده	_	_
2639	داشتند	داشتند	داشت	_	_
2640	خودستایانه	خودستایانه	خودستایانه	_	_
2641	به	به	به	_	_
2642	خویش	خویش	خویش	_	_
2643	می‌نگریستند	می‌نگریستند	نگریست	_	_
2644	،	،	،	_	_
2645	یا	یا	یا	_	_
2646	شاید	شاید	شاید	_	_
2647	هم	هم	هم	_	_
2648	به	به	به	_	_
2649	تخته‌سنگ	تخته‌سنگ	تخته‌سنگ	_	_
2650	غول‌آسای	غول‌آسا	غول‌آسا	_	_
2651	دیگری	دیگر	دیگر	_	_
2652	که	که	که	_	_
2653	در	در	در	_	_
2654	زیر	زیر	زیر	_	_
2655	موج‌ها	موج	موج	_	_
2656	جای	جا	جای	_	_
2657	داشت	داش	داشت	_	_
2658	نگاه	نگاه	نگاه	_	_
2659	می‌کردند	می‌کردند	کرد	_	_
2660	.	.	.	_	_
2661	از	از	از	_	_
2662	جزئیات	جزء	جزئیات	_	_
2663	تن	تن	تن	_	_
2664	و	و	و	_	_
2665	صورتشان	صورت	صورت	_	_
2666	نمیتوانم	نمیتوان	نمیتوانم	_	_
2667	چیزی	چیز	چیز	_	_
2668	بگویم	بگو	گفت	_	_
2669	،	،	،	_	_
2670	چرا	چرا	چرا	_	_
2671	که	که	که	_	_
2672	حتا	حتا	حتا	_	_
2673	یادآوری	یادآور	یادآور	_	_
2674	آنها	آن	آن	_	_
2675	نیز	نیز	نیز	_	_
2676	سرم	سر	سر	_	_
2677	را	را	را	_	_
2678	سبک	سبک	سبک	_	_
2679	کرده	کرده	کرده	_	_
2680	و	و	و	_	_
2681	به	به	به	_	_
2682	دوران	دور	دوران	_	_
2683	می‌اندازد	می‌اندازد	انداخت	_	_
2684	.	.	.	_	_
2685	آنچنان	آنچن	آنچنان	_	_
2686	بیقواره	بیقواره	بیقواره	_	_
2687	که	که	که	_	_
2688	حتی	حتی	حتی	_	_
2689	پو	پو	پو	_	_
2690	و	و	و	_	_
2691	بولور	بولور	بولور	_	_
2692	نمیتوانستند	نمیتوانستند	نمیتوانستند	_	_
2693	چیزی	چیز	چیز	_	_
2694	همانندش	همانند	همانند	_	_
2695	را	را	را	_	_
2696	تصور	تصور	تصور	_	_
2697	کنند	کنند	کرد	_	_
2698	.	.	.	_	_
2699	در	در	در	_	_
2700	شمای	شما	شما	_	_
2701	کلی	کل	کلی	_	_
2702	،	،	،	_	_
2703	سوای	سوا	سوا	_	_
2704	انگشتان	انگشت	انگشت	_	_
2705	به	به	به	_	_
2706	هم	هم	هم	_	_
2707	چسبیده‌ی	چسبیده	چسبیده	_	_
2708	دست	دست	دست	_	_
2709	و	و	و	_	_
2710	پایشان	پا	پا	_	_
2711	مانند	مانند	مانند	_	_
2712	انسان	انس	انسان	_	_
2713	بودند	بودند	بود	_	_
2714	،	،	،	_	_
2715	سوای	سوا	سوا	_	_
2716	لبهای	لب	لب	_	_
2717	بیاندازه	بیاندازه	بیاندازه	_	_
2718	پهن	پهن	پهن	_	_
2719	و	و	و	_	_
2720	آویزانشان	آویزان	آویزان	_	_
2721	،	،	،	_	_
2722	آن	آن	آن	_	_
2723	چشمان	چشم	چشم	_	_
2724	شیشهای	شیش	شیشهای	_	_
2725	و	و	و	_	_
2726	وقزده	وقزده	وقزده	_	_
2727	و	و	و	_	_
2728	جزئیات	جزء	جزئیات	_	_
2729	دیگری	دیگر	دیگر	_	_
2730	که	که	که	_	_
2731	یادآوریشان	یادآور	یادآور	_	_
2732	به	به	به	_	_
2733	هیچ	هیچ	هیچ	_	_
2734	روی	رو	روی	_	_
2735	خوشآیند	خوشآیند	خوشآیند	_	_
2736	نیست	نیست	نیست	_	_
2737	.	.	.	_	_
2738	کنجکاو	کنجکاو	کنجکاو	_	_
2739	شده‌بودم	شده‌بود	شد	_	_
2740	،	،	،	_	_
2741	زیرا	زیرا	زیرا	_	_
2742	در	در	در	_	_
2743	کنده‌کاریها	کنده‌کاری	کنده‌کاری	_	_
2744	تناسب	تناسب	تناسب	_	_
2745	آن	آن	آن	_	_
2746	موجودات	موجود	موجودات	_	_
2747	با	با	با	_	_
2748	سایر	سایر	سایر	_	_
2749	اجزای	اجزا	اجزا	_	_
2750	تصویر	تصویر	تصویر	_	_
2751	رعایت	رعایت	رعایت	_	_
2752	نشده‌بود	نشده‌بود	شد	_	_
2753	.	.	.	_	_
2754	برای	برای	برای	_	_
2755	مثال	مثال	مثال	_	_
2756	،	،	،	_	_
2757	یکی	یک	یک	_	_
2758	از	از	از	_	_
2759	آنها	آن	آن	_	_
2760	داشت	داش	داشت	_	_
2761	نهنگی	نهنگ	نهنگ	_	_
2762	را	را	را	_	_
2763	به	به	به	_	_
2764	قتل	قتل	قتل	_	_
2765	می‌رساند	می‌رساند	رساند	_	_
2766	که	که	که	_	_
2767	تنها	تنها	تنها	_	_
2768	کمی	کم	کم	_	_
2769	بزرگتر	بزرگ	بزرگ	_	_
2770	از	از	از	_	_
2771	خودش	خود	خودش	_	_
2772	ترسیم	ترسیم	ترسیم	_	_
2773	شده‌بود	شده‌بود	شد	_	_
2774	.	.	.	_	_
2775	همانطور	همانطور	همانطور	_	_
2776	که	که	که	_	_
2777	گفتم	گفت	گفت	_	_
2778	اندازه‌ی	اندازه	اندازه	_	_
2779	غریب	غریب	غریب	_	_
2780	و	و	و	_	_
2781	شمایل	شمایل	شمایل	_	_
2782	هیولاییشان	هیولا	هیولا	_	_
2783	بیش	بی	بیش	_	_
2784	از	از	از	_	_
2785	همه	همه	همه	_	_
2786	توجهم	توجه	توجه	_	_
2787	را	را	را	_	_
2788	جلب	جلب	جلب	_	_
2789	کرد	کرد	کرد	_	_
2790	،	،	،	_	_
2791	اما	اما	اما	_	_
2792	لحظه‌ای	لحظه	لحظه	_	_
2793	طول	طول	طول	_	_
2794	نکشید	نکشید	کشید	_	_
2795	که	که	که	_	_
2796	اندیشیدم	اندیشید	اندیشید	_	_
2797	آنها	آن	آن	_	_
2798	بی‌تردید	بی‌تردید	بی‌تردید	_	_
2799	خدایان	خدا	خدا	_	_
2800	ساختگی	ساختگی	ساختگی	_	_
2801	قومی	قوم	قوم	_	_
2802	دریانورد	دریانورد	دریانورد	_	_
2803	یا	یا	یا	_	_
2804	ماهیگیر	ماهیگیر	ماهیگیر	_	_
2805	بوده	بوده	بوده	_	_
2806	که	که	که	_	_
2807	در	در	در	_	_
2808	زمانهای	زمان	زمان	_	_
2809	دور	دور	دور	_	_
2810	می‌زیستهاند	می‌زیستهاند	می‌زیستهاند	_	_
2811	؛	؛	؛	_	_
2812	قومی	قوم	قوم	_	_
2813	که	که	که	_	_
2814	آخرین	آخر	آخرین	_	_
2815	بازمانده‌شان	بازمانده	بازمانده	_	_
2816	قرنها	قرن	قرن	_	_
2817	پیش	پی	پیش	_	_
2818	از	از	از	_	_
2819	آنکه	آنکه	آنکه	_	_
2820	نخستین	نخست	نخستین	_	_
2821	انسان	انس	انسان	_	_
2822	پا	پا	پا	_	_
2823	به	به	به	_	_
2824	دنیا	دنیا	دنیا	_	_
2825	بگذارد	بگذارد	گذاشت	_	_
2826	از	از	از	_	_
2827	میان	می	میان	_	_
2828	رفته‌بود	رفته‌بود	رفت	_	_
2829	.	.	.	_	_
2830	داشتم	داش	داشت	_	_
2831	به	به	به	_	_
2832	گذشته‌ای	گذشته	گذشت	_	_
2833	نگاه	نگاه	نگاه	_	_
2834	میکردم	میکرد	میکردم	_	_
2835	که	که	که	_	_
2836	تاریخش	تاریخ	تاریخ	_	_
2837	از	از	از	_	_
2838	تصور	تصور	تصور	_	_
2839	جسورترین	جسور	جسور	_	_
2840	انسان‌شناس	انسان‌شناس	انسان‌شناس	_	_
2841	نیز	نیز	نیز	_	_
2842	دورتر	دور	دور	_	_
2843	می‌رفت	می‌رف	رفت	_	_
2844	؛	؛	؛	_	_
2845	حیرتزده	حیرتزده	حیرتزده	_	_
2846	و	و	و	_	_
2847	سرمست	سرمست	سرمست	_	_
2848	ایستاده‌بودم	ایستاده‌بود	ایستاد	_	_
2849	و	و	و	_	_
2850	ماه	ماه	ماه	_	_
2851	بازتابهای	بازتاب	بازتاب	_	_
2852	غریبی	غریب	غریب	_	_
2853	بر	بر	بر	_	_
2854	توده	توده	توده	_	_
2855	آب	آب	آب	_	_
2856	بیصدای	بیصدا	بیصدای	_	_
2857	مقابلم	مقابل	مقابل	_	_
2858	می‌انداخت	می‌انداخ	انداخت	_	_
2859	.	.	.	_	_
2860	سپس	سپس	سپس	_	_
2861	،	،	،	_	_
2862	ناگهان	ناگه	ناگهان	_	_
2863	دیدمش	دیدم	دیدمش	_	_
2864	.	.	.	_	_
2865	تنها	تنها	تنها	_	_
2866	تکانهای	تکان	تکان	_	_
2867	مختصر	مختصر	مختصر	_	_
2868	آب	آب	آب	_	_
2869	بود	بود	بود	_	_
2870	که	که	که	_	_
2871	آمدنش	آمدن	آمدن	_	_
2872	به	به	به	_	_
2873	سطح	سطح	سطح	_	_
2874	را	را	را	_	_
2875	خبر	خبر	خبر	_	_
2876	می‌داد	می‌داد	داد	_	_
2877	.	.	.	_	_
2878	او	او	او	_	_
2879	از	از	از	_	_
2880	آبهای	آب	آب	_	_
2881	تاریک	تاریک	تاریک	_	_
2882	بالا	بالا	بالا	_	_
2883	آمد	آمد	آمد	_	_
2884	،	،	،	_	_
2885	عظیم	عظیم	عظیم	_	_
2886	بود	بود	بود	_	_
2887	،	،	،	_	_
2888	به	به	به	_	_
2889	پلیفموس	پلیفموس	پلیفموس	_	_
2890	می‌مانست	می‌مانس	می‌مانست	_	_
2891	.	.	.	_	_
2892	لبریز	لبریز	لبریز	_	_
2893	از	از	از	_	_
2894	تنفر	تنفر	تنفر	_	_
2895	،	،	،	_	_
2896	همچون	همچون	همچون	_	_
2897	هیولایی	هیولا	هیولایی	_	_
2898	حیرت‌انگیز	حیرت‌انگیز	حیرت‌انگیز	_	_
2899	برخاسته	برخاسته	برخاسته	_	_
2900	از	از	از	_	_
2901	کابوسها	کابوس	کابوس	_	_
2902	،	،	،	_	_
2903	به	به	به	_	_
2904	سوی	سو	سو	_	_
2905	مجسمه	مجسمه	مجسمه	_	_
2906	دوید	دوید	دوید	_	_
2907	و	و	و	_	_
2908	بازوان	بازو	بازوان	_	_
2909	عظیم	عظیم	عظیم	_	_
2910	فلسپوشش	فلسپوش	فلسپوشش	_	_
2911	را	را	را	_	_
2912	اطراف	اطراف	اطراف	_	_
2913	آن	آن	آن	_	_
2914	تکان	تک	تکان	_	_
2915	داد	داد	داد	_	_
2916	؛	؛	؛	_	_
2917	سر	سر	سر	_	_
2918	هولناکش	هولناک	هولناک	_	_
2919	را	را	را	_	_
2920	خم	خم	خم	_	_
2921	کرده‌بود	کرده‌بود	کرد	_	_
2922	و	و	و	_	_
2923	صداهای	صدا	صدا	_	_
2924	آهنگینی	آهنگین	آهنگین	_	_
2925	از	از	از	_	_
2926	گلو	گلو	گلو	_	_
2927	خارج	خارج	خارج	_	_
2928	میکرد	میکرد	میکرد	_	_
2929	.	.	.	_	_
2930	به	به	به	_	_
2931	نظر	نظر	نظر	_	_
2932	آن	آن	آن	_	_
2933	زمان	زمان	زمان	_	_
2934	بود	بود	بود	_	_
2935	که	که	که	_	_
2936	دیوانه	دیوانه	دیوانه	_	_
2937	شدم	شد	شد	_	_
2938	.	.	.	_	_
2939	از	از	از	_	_
2940	صعود	صعود	صعود	_	_
2941	دیوانه‌وارم	دیوانه‌وار	دیوانه‌وار	_	_
2942	از	از	از	_	_
2943	آن	آن	آن	_	_
2944	شیب	شیب	شیب	_	_
2945	و	و	و	_	_
2946	صخره‌ها	صخره	صخره	_	_
2947	و	و	و	_	_
2948	از	از	از	_	_
2949	بازگشت	بازگشت	بازگشت	_	_
2950	وهمگینم	وهمگین	وهمگینم	_	_
2951	به	به	به	_	_
2952	سوی	سو	سو	_	_
2953	قایق	قایق	قایق	_	_
2954	به	به	به	_	_
2955	گل	گل	گل	_	_
2956	نشسته	نشسته	نشسته	_	_
2957	،	،	،	_	_
2958	جز	جز	جز	_	_
2959	اندک	اندک	اندک	_	_
2960	چیزی	چیز	چیز	_	_
2961	به	به	به	_	_
2962	خاطر	خاطر	خاطر	_	_
2963	ندارم	ندار	داشت	_	_
2964	.	.	.	_	_
2965	میدانم	میدان	میدان	_	_
2966	که	که	که	_	_
2967	بسیار	بسیار	بسیار	_	_
2968	آواز	آواز	آواز	_	_
2969	خواندم	خواند	خواند	_	_
2970	،	،	،	_	_
2971	و	و	و	_	_
2972	زمانی	زمان	زمان	_	_
2973	که	که	که	_	_
2974	دیگر	دیگر	دیگر	_	_
2975	نتوانستم	نتوانس	توانست	_	_
2976	بخوانم	بخوان	خواند	_	_
2977	به	به	به	_	_
2978	نحو	نحو	نحو	_	_
2979	غریبی	غریب	غریب	_	_
2980	خندیدم	خندید	خندید	_	_
2981	.	.	.	_	_
2982	تصاویر	تصاویر	تصاویر	_	_
2983	تمایزناپذیری	تمایزناپذیر	تمایزناپذیری	_	_
2984	از	از	از	_	_
2985	رخداد	رخداد	رخداد	_	_
2986	یک	یک	یک	_	_
2987	طوفان	طوف	طوفان	_	_
2988	بزرگ	بزرگ	بزرگ	_	_
2989	مدتی	مدت	مدت	_	_
2990	پس	پس	پس	_	_
2991	از	از	از	_	_
2992	آنکه	آنکه	آنکه	_	_
2993	به	به	به	_	_
2994	قایق	قایق	قایق	_	_
2995	رسیده‌بودم	رسیده‌بود	رسید	_	_
2996	را	را	را	_	_
2997	به	به	به	_	_
2998	خاطر	خاطر	خاطر	_	_
2999	دارم	دار	داشت	_	_
3000	.	.	.	_	_
3001	اما	اما	اما	_	_
3002	به	به	به	_	_
3003	هر	هر	هر	_	_
3004	روی	رو	روی	_	_
3005	،	،	،	_	_
3006	میدانم	میدان	میدان	_	_
3007	که	که	که	_	_
3008	صدای	صدا	صدا	_	_
3009	غرش	غرش	غرش	_	_
3010	تندر	تندر	تندر	_	_
3011	و	و	و	_	_
3012	صداهایی	صدا	صدا	_	_
3013	ازین	از	از	_	_
3014	دست	دست	دست	_	_
3015	را	را	را	_	_
3016	شنیدم	شنید	شنید	_	_
3017	که	که	که	_	_
3018	طبیعت	طبیعت	طبیعت	_	_
3019	در	در	در	_	_
3020	دیوانه‌ترین	دیوانه	دیوانه	_	_
3021	شرایطش	شرایط	شرایط	_	_
3022	ساطع	ساطع	ساطع	_	_
3023	می‌کند	می‌کند	کرد	_	_
3024	.	.	.	_	_
3025	هنگامی	هنگام	هنگامی	_	_
3026	که	که	که	_	_
3027	از	از	از	_	_
3028	سیاهی‌ها	سیاهی	سیاهی‌ها	_	_
3029	خارج	خارج	خارج	_	_
3030	شدم	شد	شد	_	_
3031	،	،	،	_	_
3032	در	در	در	_	_
3033	بیمارستان	بیمارستان	بیمارستان	_	_
3034	سان	س	سان	_	_
3035	فرانسیسکو	فرانسیسکو	فرانسیسکو	_	_
3036	بودم	بود	بود	_	_
3037	.	.	.	_	_
3038	کاپیتان	کاپیتان	کاپیتان	_	_
3039	یک	یک	یک	_	_
3040	کشتی	کشت	کشتی	_	_
3041	آمریکایی	آمریکا	آمریکایی	_	_
3042	که	که	که	_	_
3043	قایقم	قایق	قایق	_	_
3044	را	را	را	_	_
3045	در	در	در	_	_
3046	میانه‌ی	میانه	میانه	_	_
3047	اقیانوس	اقیانوس	اقیانوس	_	_
3048	دیده‌بود	دیده‌بود	دید	_	_
3049	،	،	،	_	_
3050	مرا	مرا	مرا	_	_
3051	به	به	به	_	_
3052	آنجا	آنجا	آنجا	_	_
3053	آورده‌بود	آورده‌بود	آورد	_	_
3054	.	.	.	_	_
3055	در	در	در	_	_
3056	هذیانهایم	هذیان	هذیان	_	_
3057	حرفهای	حرف	حرف	_	_
3058	زیادی	زیاد	زیاد	_	_
3059	زده‌بودم	زده‌بود	زد	_	_
3060	،	،	،	_	_
3061	اما	اما	اما	_	_
3062	دریافتم	دریافت	دریافت	_	_
3063	که	که	که	_	_
3064	کمترین	کم	کمترین	_	_
3065	توجهی	توجه	توجه	_	_
3066	را	را	را	_	_
3067	به	به	به	_	_
3068	آنها	آن	آن	_	_
3069	روا	روا	روا	_	_
3070	نداشته‌اند	نداشته‌اند	داشت	_	_
3071	.	.	.	_	_
3072	آنها	آن	آن	_	_
3073	که	که	که	_	_
3074	مرا	مرا	مرا	_	_
3075	نجات	نجات	نجات	_	_
3076	دادند	دادند	داد	_	_
3077	از	از	از	_	_
3078	بالا	بالا	بالا	_	_
3079	آمدن	آمدن	آمدن	_	_
3080	کف	کف	کف	_	_
3081	هیچ‌کجای	هیچ‌کجا	هیچ‌کجای	_	_
3082	اقیانوس	اقیانوس	اقیانوس	_	_
3083	آرام	آرا	آرام	_	_
3084	خبری	خبر	خبر	_	_
3085	نداشتند	نداشتند	داشت	_	_
3086	،	،	،	_	_
3087	و	و	و	_	_
3088	من	من	من	_	_
3089	هم	هم	هم	_	_
3090	بر	بر	بر	_	_
3091	چیزی	چیز	چیز	_	_
3092	که	که	که	_	_
3093	میدانستم	میدانس	میدانستم	_	_
3094	باور	باور	باور	_	_
3095	نخواهند‌کرد	نخواهند‌کرد	کرد	_	_
3096	اصرار	اصرار	اصرار	_	_
3097	نورزیدم	نورزید	ورزید	_	_
3098	.	.	.	_	_
3099	زمانی	زمان	زمان	_	_
3100	یک	یک	یک	_	_
3101	نژادشناس	نژادشناس	نژادشناس	_	_
3102	مطرح	مطرح	مطرح	_	_
3103	را	را	را	_	_
3104	جستم	جس	جست	_	_
3105	و	و	و	_	_
3106	او	او	او	_	_
3107	را	را	را	_	_
3108	با	با	با	_	_
3109	پرسشهای	پرسش	پرسش	_	_
3110	خودم	خود	خودم	_	_
3111	درباره‌ی	درباره	درباره	_	_
3112	داگون	داگون	داگون	_	_
3113	،	،	،	_	_
3114	افسانه‌ی	افسانه	افسانه	_	_
3115	باستانی	باستان	باستانی	_	_
3116	فلسطینی	فلسطین	فلسطین	_	_
3117	،	،	،	_	_
3118	آن	آن	آن	_	_
3119	نیم	نی	نیم	_	_
3120	خداوند	خداوند	خداوند	_	_
3121	و	و	و	_	_
3122	نیم	نی	نیم	_	_
3123	ماهی	ماه	ماه	_	_
3124	سر	سر	سر	_	_
3125	شوق	شوق	شوق	_	_
3126	آوردم	آورد	آورد	_	_
3127	.	.	.	_	_
3128	اما	اما	اما	_	_
3129	به	به	به	_	_
3130	تندی	تند	تند	_	_
3131	دریافتم	دریافت	دریافت	_	_
3132	که	که	که	_	_
3133	او	او	او	_	_
3134	فقط	فقط	فقط	_	_
3135	ناامیدانه	ناامیدانه	ناامیدانه	_	_
3136	آنچه	آنچه	آنچه	_	_
3137	به	به	به	_	_
3138	چشم	چشم	چشم	_	_
3139	می‌دید	می‌دید	دید	_	_
3140	را	را	را	_	_
3141	میپذیرفت	میپذیرف	میپذیرفت	_	_
3142	،	،	،	_	_
3143	و	و	و	_	_
3144	دست	دست	دست	_	_
3145	از	از	از	_	_
3146	پی	پی	پی	_	_
3147	گرفتن	گرفتن	گرفتن	_	_
3148	پرسشهایم	پرسش	پرسش	_	_
3149	کشیدم	کشید	کشید	_	_
3150	.	.	.	_	_
3151	شبها	شب	شب	_	_
3152	،	،	،	_	_
3153	به	به	به	_	_
3154	ویژه	ویژه	ویژه	_	_
3155	زمانی	زمان	زمان	_	_
3156	که	که	که	_	_
3157	ماه	ماه	ماه	_	_
3158	از	از	از	_	_
3159	نیمه	نیمه	نیمه	_	_
3160	گذشته‌است	گذشته‌اس	گذشت	_	_
3161	و	و	و	_	_
3162	رو	رو	رو	_	_
3163	به	به	به	_	_
3164	نازکی	نازک	نازک	_	_
3165	میرود	میرود	میرود	_	_
3166	،	،	،	_	_
3167	او	او	او	_	_
3168	را	را	را	_	_
3169	میبینم	میبین	میبینم	_	_
3170	.	.	.	_	_
3171	مورفین	مورفین	مورفین	_	_
3172	را	را	را	_	_
3173	آزموده‌ام	آزموده	آزموده	_	_
3174	،	،	،	_	_
3175	اما	اما	اما	_	_
3176	تنها	تنها	تنها	_	_
3177	پایانی	پایان	پایان	_	_
3178	گذرا	گذرا	گذرا	_	_
3179	به	به	به	_	_
3180	دردهایم	درد	درد	_	_
3181	بخشیده	بخشیده	بخشیده	_	_
3182	و	و	و	_	_
3183	در	در	در	_	_
3184	عوض	عوض	عوض	_	_
3185	مرا	مرا	مرا	_	_
3186	چون	چون	چون	_	_
3187	برده‌ای	برده	برد	_	_
3188	ناتوان	ناتو	ناتوان	_	_
3189	در	در	در	_	_
3190	چنگال	چنگال	چنگال	_	_
3191	خویش	خویش	خویش	_	_
3192	اسیر	اسیر	اسیر	_	_
3193	کرده‌است	کرده‌است	کرد	_	_
3194	.	.	.	_	_
3195	پس	پس	پس	_	_
3196	حالا	حالا	حالا	_	_
3197	،	،	،	_	_
3198	من	من	من	_	_
3199	به	به	به	_	_
3200	همه‌چیز	همه‌چیز	همه‌چیز	_	_
3201	پایان	پا	پایان	_	_
3202	میبخشم	میبخ	میبخشم	_	_
3203	،	،	،	_	_
3204	حالا	حالا	حالا	_	_
3205	که	که	که	_	_
3206	شرح	شرح	شرح	_	_
3207	تمام	تمام	تمام	_	_
3208	ماجرا	ماجرا	ماجرا	_	_
3209	را	را	را	_	_
3210	برای	برای	برای	_	_
3211	دوستان	دوست	دوستان	_	_
3212	و	و	و	_	_
3213	اطرافیانم	اطرافیان	اطرافیانم	_	_
3214	نوشته‌ام	نوشته	نوشت	_	_
3215	تا	تا	تا	_	_
3216	از	از	از	_	_
3217	حقیقت	حقیقت	حقیقت	_	_
3218	آگاه	آگاه	آگاه	_	_
3219	شوند	شوند	شد	_	_
3220	و	و	و	_	_
3221	یا	یا	یا	_	_
3222	خود	خود	خود	_	_
3223	را	را	را	_	_
3224	حقیرانه	حقیرانه	حقیرانه	_	_
3225	با	با	با	_	_
3226	آن	آن	آن	_	_
3227	سرگرم	سرگرم	سرگرم	_	_
3228	کنند	کنند	کرد	_	_
3229	.	.	.	_	_
3230	گاه	گاه	گاه	_	_
3231	و	و	و	_	_
3232	بیگاه	بیگاه	بیگاه	_	_
3233	از	از	از	_	_
3234	خود	خود	خود	_	_
3235	می‌پرسم	می‌پرس	پرسید	_	_
3236	که	که	که	_	_
3237	آیا	آیا	آیا	_	_
3238	همه‌چیز	همه‌چیز	همه‌چیز	_	_
3239	نمیتوانسته	نمیتوانسته	نمیتوانسته	_	_
3240	تماما	تماما	تماما	_	_
3241	وهم	وهم	وهم	_	_
3242	بوده‌باشد	بوده‌باشد	بود	_	_
3243	؟	؟	؟	_	_
3244	جنونی	جنون	جنون	_	_
3245	ناشی	ناشی	ناشی	_	_
3246	از	از	از	_	_
3247	تب	تب	تب	_	_
3248	که	که	که	_	_
3249	پس	پس	پس	_	_
3250	از	از	از	_	_
3251	فرار	فرار	فرار	_	_
3252	از	از	از	_	_
3253	کشتی	کشت	کشتی	_	_
3254	آلمانها	آلمان	آلمان	_	_
3255	،	،	،	_	_
3256	زمانی	زمان	زمان	_	_
3257	تصویری	تصویر	تصویر	_	_
3258	زنده	زنده	زنده	_	_
3259	و	و	و	_	_
3260	،	،	،	_	_
3261	که	که	که	_	_
3262	گرمازده	گرمازده	گرمازده	_	_
3263	و	و	و	_	_
3264	پریشان	پر	پریشان	_	_
3265	در	در	در	_	_
3266	قایق	قایق	قایق	_	_
3267	روباز	روباز	روباز	_	_
3268	خود	خود	خود	_	_
3269	افتاده‌بودم	افتاده‌بود	افتاد	_	_
3270	دچارش	دچار	دچار	_	_
3271	شده‌بودم	شده‌بود	شد	_	_
3272	؟	؟	؟	_	_
3273	این	این	این	_	_
3274	را	را	را	_	_
3275	از	از	از	_	_
3276	خود	خود	خود	_	_
3277	می‌پرسم	می‌پرس	پرسید	_	_
3278	و	و	و	_	_
3279	هربار	هربار	هربار	_	_
3280	در	در	در	_	_
3281	پاسخ	پاسخ	پاسخ	_	_
3282	هولناک	هولناک	هولناک	_	_
3283	پیش	پی	پیش	_	_
3284	چشمانم	چشمان	چشمانم	_	_
3285	می‌دود	می‌دود	دوید	_	_
3286	.	.	.	_	_
3287	نمی‌توانم	نمی‌توان	توانست	_	_
3288	به	به	به	_	_
3289	دریای	دریا	دریا	_	_
3290	پرعمق	پرعمق	پرعمق	_	_
3291	بیاندیشم	بیاند	بیاندیشم	_	_
3292	و	و	و	_	_
3293	از	از	از	_	_
3294	فکر	فکر	فکر	_	_
3295	موجودات	موجود	موجودات	_	_
3296	بی‌نامی	بی‌نام	بی‌نام	_	_
3297	که	که	که	_	_
3298	شاید	شاید	شاید	_	_
3299	همین	هم	همین	_	_
3300	لحظه	لحظه	لحظه	_	_
3301	در	در	در	_	_
3302	بستر	بس	بستر	_	_
3303	لزج	لزج	لزج	_	_
3304	آن	آن	آن	_	_
3305	بت‌های	بت	بت	_	_
3306	باستانی	باستان	باستانی	_	_
3307	سنگیشان	سنگ	سنگ	_	_
3308	را	را	را	_	_
3309	می‌پرستند	می‌پرستند	می‌پرستند	_	_
3310	و	و	و	_	_
3311	تصویر	تصویر	تصویر	_	_
3312	خود	خود	خود	_	_
3313	را	را	را	_	_
3314	بر	بر	بر	_	_
3315	ستونهای	ستون	ستون	_	_
3316	ساخته	ساخته	ساخته	_	_
3317	از	از	از	_	_
3318	گرانیت	گرانیت	گرانیت	_	_
3319	نم‌کشیده‌ی	نم‌کشیده	نم‌کشیده‌ی	_	_
3320	زیر	زیر	زیر	_	_
3321	دریا	دریا	دریا	_	_
3322	میتراشند	میتراشند	میتراشند	_	_
3323	بر	بر	بر	_	_
3324	،	،	،	_	_
3325	میخزند	میخزند	میخزند	_	_
3326	خود	خود	خود	_	_
3327	نلرزم	نلرز	لرزید	_	_
3328	.	.	.	_	_
3329	در	در	در	_	_
3330	رویاهایم	رویا	رویاهایم	_	_
3331	روزی	روز	روز	_	_
3332	را	را	را	_	_
3333	میبینم	میبین	میبینم	_	_
3334	که	که	که	_	_
3335	آنها	آن	آن	_	_
3336	از	از	از	_	_
3337	سطح	سطح	سطح	_	_
3338	آبها	آب	آب	_	_
3339	بالا	بالا	بالا	_	_
3340	می‌آیند	می‌آیند	آمد	_	_
3341	تا	تا	تا	_	_
3342	با	با	با	_	_
3343	پنجه‌های	پنجه	پنجه	_	_
3344	بویناکشان	بویناک	بویناکشان	_	_
3345	،	،	،	_	_
3346	بازمانده‌های	بازمانده	بازمانده	_	_
3347	بشری	بشر	بشر	_	_
3348	حقیر	حقیر	حقیر	_	_
3349	و	و	و	_	_
3350	خسته	خسته	خسته	_	_
3351	از	از	از	_	_
3352	جنگ	جنگ	جنگ	_	_
3353	را	را	را	_	_
3354	با	با	با	_	_
3355	خود	خود	خود	_	_
3356	به	به	به	_	_
3357	زیر	زیر	زیر	_	_
3358	بکشند	بکشند	کشید	_	_
3359	.	.	.	_	_
3360	رویای	رویا	رویای	_	_
3361	روزی	روز	روز	_	_
3362	را	را	را	_	_
3363	که	که	که	_	_
3364	زمین	زمین	زمین	_	_
3365	سر	سر	سر	_	_
3366	به	به	به	_	_
3367	سر	سر	سر	_	_
3368	غرق	غرق	غرق	_	_
3369	خواهد‌شد	خواهد‌شد	شد	_	_
3370	،	،	،	_	_
3371	و	و	و	_	_
3372	کف	کف	کف	_	_
3373	تاریک	تاریک	تاریک	_	_
3374	اقیانوس	اقیانوس	اقیانوس	_	_
3375	در	در	در	_	_
3376	میانه‌ی	میانه	میانه	_	_
3377	آن	آن	آن	_	_
3378	آشوب	آشوب	آشوب	_	_
3379	جهانی	جهان	جهانی	_	_
3380	فراز	فراز	فراز	_	_
3381	خواهد‌آمد	خواهد‌آمد	آمد	_	_
3382	.	.	.	_	_
3383	پایان	پا	پایان	_	_
3384	کار	کار	کار	_	_
3385	نزدیک	نزدیک	نزدیک	_	_
3386	است	است		_	_
3387	.	.	.	_	_
3388	از	از	از	_	_
3389	سوی	سو	سو	_	_
3390	در	در	در	_	_
3391	صدایی	صدا	صدا	_	_
3392	میشنوم	میشنو	میشنوم	_	_
3393	،	،	،	_	_
3394	تو	تو	تو	_	_
3395	گویی	گو	گفت	_	_
3396	که	که	که	_	_
3397	جسمی	جسم	جسم	_	_
3398	لغزان	لغز	لغزان	_	_
3399	و	و	و	_	_
3400	لزج	لزج	لزج	_	_
3401	خود	خود	خود	_	_
3402	را	را	را	_	_
3403	به	به	به	_	_
3404	آن	آن	آن	_	_
3405	میکوبد	میکوبد	میکوبد	_	_
3406	.	.	.	_	_
3407	نباید	نباید	نباید	_	_
3408	مرا	مرا	مرا	_	_
3409	بیابد	بیابد	یافت	_	_
3410	.	.	.	_	_
3411	خدایا	خدایا	خدایا	_	_
3412	،	،	،	_	_
3413	آن	آن	آن	_	_
3414	دست	دست	دست	_	_
3415	!	!	!	_	_
3416	پنجره	پنجره	پنجره	_	_
3417	!	!	!	_	_
3418	پنجره	پنجره	پنجره	_	_
3419	!	!	!	_	_
3420	پوریا	پوریا	پوریا	_	_
3421	-	-	-	_	_
3422	لوبیا	لوبیا	لوبیا	_	_
3423	-	-	-	_	_
3424	مهوش	مهوش	مهوش	_	_
3425	-	-	-	_	_
3426	داستان	داستان	داستان	_	_
3427	کوتاه	کوتاه	کوتاه	_	_
3428	داگون	داگون	داگون	_	_
3429	-	-	-	_	_
3430	اثر	اثر	اثر	_	_
3431	هوارد	هوارد	هوارد	_	_
3432	فیلیپس	فیلیپس	فیلیپس	_	_
3433	لاوکرفت	لاوکرف	لاوکرفت	_	_
3434	-	-	-	_	_
3435	مترجم	مترجم	مترجم	_	_
3436	بهداد	بهداد	بهداد	_	_
3437	احمدی	احمد	احمدی	_	_
