0	استهزاء	استهزاء	استهزاء	_	_
1	و	و	و	_	_
2	مسخره	مسخره	مسخره	_	_
3	‌کردن	‌کردن	‌کردن	_	_
4	دیگران	دیگر	دیگر	_	_
5	موجب	موجب	موجب	_	_
6	ایجاد	ایجاد	ایجاد	_	_
7	کدورت	کدورت	کدورت	_	_
8	بین	بین	بین	_	_
9	افراد	افراد	افراد	_	_
10	می	می	می	_	_
11	شود	شود	شد	_	_
12	.	.	.	_	_
13	تهاتر	تهاتر	تهاتر	_	_
14	فقط	فقط	فقط	_	_
15	در	در	در	_	_
16	مورد	مورد	مورد	_	_
17	دو	دو	دو	_	_
18	دینی	دِیني	دِیني	_	_
19	حاصل	حاصل	حاصل	_	_
20	می	می	می	_	_
21	شود	شود	شد	_	_
22	که	که	که	_	_
23	موضوع	موضوع	موضوع	_	_
24	یکسانی	یکساني	یکساني	_	_
25	داشته‌باشند	داشته‌باشند	داشت	_	_
26	.	.	.	_	_
27	کاپتان	کاپ	کاپ	_	_
28	کشتی	کشت	کشتی	_	_
29	جنگی	جنگ	جنگی	_	_
30	دستور	دستور	دستور	_	_
31	عقب	عقب	عقب	_	_
32	نشینی	نشین	نشست	_	_
33	کردن	کردن	کردن	_	_
34	را	را	را	_	_
35	صادر	صادر	صادر	_	_
36	کرد	کرد	کرد	_	_
37	.	.	.	_	_
38	هرگاه	هرگاه	هرگاه	_	_
39	موصی	موصي	موصي	_	_
40	پس	پس	پس	_	_
41	از	از	از	_	_
42	انشاء	انشاء	انشاء	_	_
43	وصیت	وصی	وصیت	_	_
44	نامه	نامه	نامه	_	_
45	محجور	محجور	محجور	_	_
46	شود	شود	شد	_	_
47	وصیت	وصی	وصیت	_	_
48	از	از	از	_	_
49	بین	بین	بین	_	_
50	نمی	نم	نم	_	_
51	رود	رود	رود	_	_
52	.	.	.	_	_
53	توران	تور	توران	_	_
54	و	و	و	_	_
55	ایران	ایران	ایران	_	_
56	سال	سال	سال	_	_
57	یان		یان	_	_
58	دراز	دراز	دراز	_	_
59	با	با	با	_	_
60	یکدیگر	یکدیگر	یکدیگر	_	_
61	به	به	به	_	_
62	جنگ	جنگ	جنگ	_	_
63	می	می	می	_	_
64	پرداختند	پرداختند	پرداخت	_	_
65	.	.	.	_	_
66	زردگوش	زردگو	زردگوش	_	_
67	کنایه	کنایه	کنایه	_	_
68	از	از	از	_	_
69	انسان	انس	انسان	_	_
70	منافق	منافق	منافق	_	_
71	مفسده	مفسده	مفسده	_	_
72	و	و	و	_	_
73	بیکاره	بیکاره	بیکاره	_	_
74	است	است		_	_
75	.	.	.	_	_
76	خنبانیدن	خنبانیدن	خنبانیدن	_	_
77	تقلید	تقلید	تقلید	_	_
78	کردن	کردن	کردن	_	_
79	حرکات	حر	حرکات	_	_
80	و	و	و	_	_
81	سکنات	سکنات	سکنات	_	_
82	کسی	کس	کس	_	_
83	از	از	از	_	_
84	روی	رو	روی	_	_
85	ریشخند	ریشخند	ریشخند	_	_
86	می	می	می	_	_
87	باشد	باشد	بود	_	_
88	.	.	.	_	_
89	خنده	خنده	خنده	_	_
90	بر	بر	بر	_	_
91	هر	هر	هر	_	_
92	درد	درد	درد	_	_
93	بی	بی	بی	_	_
94	درمان	درمان	درمان	_	_
95	دواست	دواس	دواست	_	_
96	از	از	از	_	_
97	عملکرد	عملکرد	عملکرد	_	_
98	دانشجویان	دانشجو	دانشجو	_	_
99	راضی	راضی	راضی	_	_
100	ام	ا	ام	_	_
101	.	.	.	_	_
102	کودکان	کودک	کودک	_	_
103	بازی	باز	بازی	_	_
104	با	با	با	_	_
105	بادبادک	بادبادك	بادبادك	_	_
106	را	را	را	_	_
107	خیلی	خیلي	خیلي	_	_
108	دوست	دوست	دوست	_	_
109	دارند	دارند	داشت	_	_
110	.	.	.	_	_
111	معلمین	معلم	معلمین	_	_
112	با	با	با	_	_
113	فراست	فِراس	فِراست	_	_
114	خود	خود	خود	_	_
115	توانستند	توانستند	توانست	_	_
116	مشکلاة	مشکلاة	مشکلاة	_	_
117	دانش‌آموزان	دانش‌آموز	دانش‌آموز	_	_
118	را	را	را	_	_
119	حل‌کنند	حل‌کنند	حل‌کنند	_	_
120	.	.	.	_	_
121	نگران	نگران	نگران	_	_
122	نباش	نبا	بود	_	_
123	.	.	.	_	_
124	.	.	.	_	_
125	.	.	.	_	_
126	!؟	!؟	!؟	_	_
127	بنده	بنده	بنده	_	_
128	هم‌آن	هم‌آن	هم‌آن	_	_
129	به	به	به	_	_
130	که	که	که	_	_
131	ز	ز	ز	_	_
132	تقصیر	تقصیر	تقصیر	_	_
133	خویش	خویش	خویش	_	_
134	شکر	شکر	شکر	_	_
135	به	به	به	_	_
136	درگاه	درگاه	درگاه	_	_
137	خدا	خدا	خدا	_	_
138	آورد	آورد	آورد	_	_
139	.	.	.	_	_
140	خنده	خنده	خنده	_	_
141	حالتی	حالت	حالت	_	_
142	در	در	در	_	_
143	چهرۀ	چهره	چهره	_	_
144	انسان	انس	انسان	_	_
145	به	به	به	_	_
146	‌واسطۀ	‌واسطه	‌واسطۀ	_	_
147	شعف	شعف	شعف	_	_
148	خوشحالی	خوشحال	خوشحال	_	_
149	یا	یا	یا	_	_
150	تمسخر	تمسخر	تمسخر	_	_
151	که	که	که	_	_
152	در	در	در	_	_
153	آن	آن	آن	_	_
154	لب‌ها	لب	لب	_	_
155	گشوده	گشوده	گشوده	_	_
156	میگردد	میگردد	میگردد	_	_
157	و	و	و	_	_
158	گاه	گاه	گاه	_	_
159	با	با	با	_	_
160	صدای	صدا	صدا	_	_
161	مخصوصی	مخصوصي	مخصوصي	_	_
162	همراه	همراه	همراه	_	_
163	است	است		_	_
164	.	.	.	_	_
165	ابرنواختر	اَبَرنواخ	اَبَرنواختر	_	_
166	ام-	ام-	ام-	_	_
167	۸۹	۸۹	۸۹	_	_
168	یکی	یک	یک	_	_
169	از	از	از	_	_
170	انواع	انواع	انواع	_	_
171	اجرام	جر	اجرام	_	_
172	مسیه	مسیه	مسیه	_	_
173	است	است		_	_
174	.	.	.	_	_
175	شادروان	شادروان	شادروان	_	_
176	هرگز	هرگز	هرگز	_	_
177	چیزی	چیز	چیز	_	_
178	به	به	به	_	_
179	عاریة	عاریة	عاریة	_	_
180	نگرفته‌بود	نگرفته‌بود	گرفت	_	_
181	دخترک	دخترك	دخترك	_	_
182	کبریت	کبریت	کبریت	_	_
183	فروش	فرو	فروش	_	_
184	از	از	از	_	_
185	شدت	شدّت	شدّت	_	_
186	سرما	سرما	سرما	_	_
187	چیزی	چیز	چیز	_	_
188	را	را	را	_	_
189	احساس	احساس	احساس	_	_
190	نمیکرد;نیست	نمیکرد;نیس	نمیکرد;نیست	_	_
191	بر	بر	بر	_	_
192	ناله	ناله	ناله	_	_
193	ی		ی	_	_
194	افسرده‌دمان	افسرده‌د	افسرده‌دمان	_	_
195	گوش	گوش	گوش	_	_
196	مرا	مرا	مرا	_	_
197	بلبلی	بلبل	بلبل	_	_
198	کو	کو	کو	_	_
199	که	که	که	_	_
200	صفیرش	صفیر	صفیر	_	_
201	برد	بَرَد	بَرَد	_	_
202	از	از	از	_	_
203	هوش	هوش	هوش	_	_
204	مرا	مرا	مرا	_	_
205	واخواست	واخواس	واخواست	_	_
206	امتنا	امتنا	امتنا	_	_
207	از	از	از	_	_
208	قبول	قبول	قبول	_	_
209	یا	یا	یا	_	_
210	نکول	نکول	نکول	_	_
211	اعتراضی	اعتراض	اعتراض	_	_
212	است	است		_	_
213	که	که	که	_	_
214	بر	بر	بر	_	_
215	اثر	اثر	اثر	_	_
216	خودداری	خوددار	خوددار	_	_
217	از	از	از	_	_
218	نوشتن	نوشتن	نوشتن	_	_
219	از	از	از	_	_
220	طرف	طرف	طرف	_	_
221	تأدیه	تأدیه	تأدیه	_	_
222	کنندهی	کننده	کننده	_	_
223	برات	بر	برات	_	_
224	اتفاق	اتفاق	اتفاق	_	_
225	میافتد	میافتد	میافتد	_	_
226	.	.	.	_	_
227	فرش	فر	فرش	_	_
228	دستباف	دستباف	دستباف	_	_
229	طرح	طرح	طرح	_	_
230	نامی	نام	نامی	_	_
231	یکی	یک	یک	_	_
232	از	از	از	_	_
233	طرحهای	طرحهاي	طرحهاي	_	_
234	معروف	معروف	معروف	_	_
235	در	در	در	_	_
236	این	این	این	_	_
237	حوزه	حوزه	حوزه	_	_
238	می	می	می	_	_
239	باشد	باشد	بود	_	_
240	دیوان	دیو	دیوان	_	_
241	بین‌المللی	بین‌المللي	بین‌المللي	_	_
242	لاهه	لاهه	لاهه	_	_
243	به	به	به	_	_
244	شکایة	شکایة	شکایة	_	_
245	کشورهای	کشور	کشور	_	_
246	در	در	در	_	_
247	حال	حال	حال	_	_
248	توسعه	توسعه	توسعه	_	_
249	و	و	و	_	_
250	توسعهیافته	توسعهیافته	توسعهیافته	_	_
251	می	می	می	_	_
252	پردازد	پردازد	پرداخت	_	_
253	امواج	امواج	امواج	_	_
254	رادیواکتیو	رادیواکتیو	رادیواکتیو	_	_
255	را	را	را	_	_
256	می	می	می	_	_
257	توان	تو	توان	_	_
258	در	در	در	_	_
259	بسیاری	بسیار	بسیار	_	_
260	از	از	از	_	_
261	مصارف	مصارف	مصارف	_	_
262	پزشکی	پزشک	پزشک	_	_
263	استفاده	استفاده	استفاده	_	_
264	کرد	کرد	کرد	_	_
265	.	.	.	_	_
266	آراء	آراء	آراء	_	_
267	مأخوذة	مأخوذة	مأخوذة	_	_
268	تعیین‌کنندهی	تعیین‌کننده	تعیین‌کننده	_	_
269	رجال	رجال	رجال	_	_
270	سیاسی	سیاسی	سیاسی	_	_
271	است	است		_	_
272	مناظر	مناظر	مناظر	_	_
273	بکر	بکر	بکر	_	_
274	جزایر	جزایر	جزایر	_	_
275	جنوب	جنوب	جنوب	_	_
276	موضوع	موضوع	موضوع	_	_
277	تصاویر	تصاویر	تصاویر	_	_
278	گرفته	گرفته	گرفته	_	_
279	شده	شده	شده	_	_
280	توسط	توسط	توسط	_	_
281	عکاسان	عکاس	عکاس	_	_
282	حرفه	حرفه	حرفه	_	_
283	ای	ای	ای	_	_
284	بود	بود	بود	_	_
285	.	.	.	_	_
286	ادبا	ادبا	ادبا	_	_
287	به	به	به	_	_
288	نقد	نقد	نقد	_	_
289	آثار	آثار	آثار	_	_
290	ادبی	ادب	ادب	_	_
291	وی	و	وی	_	_
292	پرداختند	پرداختند	پرداخت	_	_
293	ائمهی	ائمه	ائمه	_	_
294	جمعه	جمعه	جمعه	_	_
295	توسط	توسط	توسط	_	_
296	بنیان	بنیان	بنیان	_	_
297	گذار	گذار	گذار	_	_
298	جمهوری	جمهور	جمهوری	_	_
299	اسلامی	اسلام	اسلام	_	_
300	ایران	ایران	ایران	_	_
301	انتخاب	انتخاب	انتخاب	_	_
302	شدند	شدند	شد	_	_
303	.	.	.	_	_
304	معابد	معابد	معابد	_	_
305	و	و	و	_	_
306	مساجد	مساجد	مساجد	_	_
307	اماکن	اماکن	اماکن	_	_
308	مقدسی	مقدّس	مقدّس	_	_
309	هستند	هستند		_	_
310	.	.	.	_	_
311	که	که	که	_	_
312	مفاهیم	مفهوم	مفاهیم	_	_
313	و	و	و	_	_
314	رموز	رموز	رموز	_	_
315	معنوی	معنوی	معنوی	_	_
316	را	را	را	_	_
317	به	به	به	_	_
318	مردم	مرد	مردم	_	_
319	منتقل	منتقل	منتقل	_	_
320	می	می	می	_	_
321	کنند	کنند	کرد	_	_
322	.	.	.	_	_
323	حقایق	حقایق	حقایق	_	_
324	عقاید	عقاید	عقاید	_	_
325	فقهای	فقیه	فقیه	_	_
326	پیشین	پی	پیشین	_	_
327	بر	بر	بر	_	_
328	ما	ما	ما	_	_
329	پوشیده‌است	پوشیده‌اس	پوشید	_	_
330	.	.	.	_	_
331	اسامی	اسم	اسامی	_	_
332	اسرای	اسرا	اسرا	_	_
333	تحت	تحت	تحت	_	_
334	امر	امر	امر	_	_
335	امیر	امیر	امیر	_	_
336	اعلام	اعلا	اعلام	_	_
337	شدند	شدند	شد	_	_
338	.	.	.	_	_
339	پاکروان	پاکروان	پاکروان	_	_
340	کسی	کس	کس	_	_
341	است	است		_	_
342	که	که	که	_	_
343	روان	رو	روان	_	_
344	پاکی	پاک	پاک	_	_
345	داشته‌باشد	داشته‌باشد	داشت	_	_
346	پرندگان	پرندگان	پرندگان	_	_
347	مهاجر	مهاجر	مهاجر	_	_
348	همچون	همچون	همچون	_	_
349	آزادگان	آزادگان	آزادگان	_	_
350	به	به	به	_	_
351	مرغزار	مرغزار	مرغزار	_	_
352	بازگشتند	بازگشتند	بازگشتند	_	_
353	.	.	.	_	_
354	آیا	آیا	آیا	_	_
355	مسئولین	مسئول	مسئولین	_	_
356	میتوانند	میتوانند	میتوانند	_	_
357	شایستگیشان	شایستگی	شایستگی	_	_
358	را	را	را	_	_
359	نشان	نشان	نشان	_	_
360	دهند	دهند	داد	_	_
361	.	.	.	_	_
362	و	و	و	_	_
363	مسئولیت	مسئولیت	مسئولیت	_	_
364	تصمیمات	تصمیم	تصمیمات	_	_
365	خود	خود	خود	_	_
366	را	را	را	_	_
367	بر	بر	بر	_	_
368	عهده	عهده	عهده	_	_
369	بگیرند	بگیرند	گرفت	_	_
370	.	.	.	_	_
371	سبزیجات	سبزیجات	سبزیجات	_	_
372	و	و	و	_	_
373	صیفیجات	صیفیج	صیفیجات	_	_
374	در	در	در	_	_
375	کنار	کنار	کنار	_	_
376	نشاسته	نشاسته	نشاسته	_	_
377	و	و	و	_	_
378	غلات	غله	غلات	_	_
379	باید	باید	باید	_	_
380	در	در	در	_	_
381	رژیم	رژیم	رژیم	_	_
382	غذایی	غذا	غذا	_	_
383	در	در	در	_	_
384	نظر	نظر	نظر	_	_
385	گرفته‌شود	گرفته‌شود	گرفت	_	_
386	.	.	.	_	_
387	آیندگان	آیندگان	آیندگان	_	_
388	نیز	نیز	نیز	_	_
389	همانند	همانند	همانند	_	_
390	گذشتگان	گذشتگان	گذشتگان	_	_
391	با	با	با	_	_
392	چالش‌های	چالش	چالش	_	_
393	فراوانی	فراوان	فراوان	_	_
394	دست	دست	دست	_	_
395	و	و	و	_	_
396	پنجه	پنجه	پنجه	_	_
397	نرم	نر	نرم	_	_
398	خواهند‌کرد	خواهند‌کرد	کرد	_	_
399	دبیرستان	دبیرستان	دبیرستان	_	_
400	شایستگان	شایستگ	شایستگان	_	_
401	یکی	یک	یک	_	_
402	از	از	از	_	_
403	مدارس	مدارس	مدارس	_	_
404	غیرانتفاعی	غیرانتفاعی	غیرانتفاعی	_	_
405	است	است		_	_
406	که	که	که	_	_
407	در	در	در	_	_
408	حوزه	حوزه	حوزه	_	_
409	های		های	_	_
410	علوم	علم	علوم	_	_
411	انسانی	انسان	انسان	_	_
412	ریاضیات	ریاض	ریاضیات	_	_
413	و	و	و	_	_
414	علوم	علم	علوم	_	_
415	تجربی	تجربی	تجربی	_	_
416	به	به	به	_	_
417	تعلیم	تعلیم	تعلیم	_	_
418	و	و	و	_	_
419	تربیت	تربیت	تربیت	_	_
420	دانش‌آموزان	دانش‌آموز	دانش‌آموز	_	_
421	می	می	می	_	_
422	پردازد	پردازد	پرداخت	_	_
423	آزادگی	آزادگی	آزادگی	_	_
424	و	و	و	_	_
425	آزاد‌منشی	آزاد‌منش	آزاد‌منشی	_	_
426	از	از	از	_	_
427	ویژگیهای	ویژگی	ویژگی	_	_
428	اصلی	اصل	اصل	_	_
429	و	و	و	_	_
430	شاخص	شاخص	شاخص	_	_
431	امامان	امام	امام	_	_
432	بود	بود	بود	_	_
433	.	.	.	_	_
434	امروزه	امروزه	امروزه	_	_
435	الگوریتم‌های	الگوریتم	الگوریتم	_	_
436	فراابتکاری	فراابتکار	فراابتکاری	_	_
437	نقش	نق	نقش	_	_
438	مهمی	مهم	مهم	_	_
439	در	در	در	_	_
440	حل	حل	حل	_	_
441	مسائل	مسائل	مسائل	_	_
442	بهینه	بهینه	بهینه	_	_
443	سازی	ساز	سازی	_	_
444	چند‌هدفه	چند‌هدفه	چند‌هدفه	_	_
445	دارند	دارند	داشت	_	_
446	.	.	.	_	_
447	بادکنک	بادکنک	بادکنک	_	_
448	بوسیلهی	بوسیله	بوسیلهی	_	_
449	گاز	گاز	گاز	_	_
450	هلیوم	هلیوم	هلیوم	_	_
451	پرشده	پرشده	پرشده	_	_
452	بود	بود	بود	_	_
453	بادبادکرانی	بادبادکران	بادبادکرانی	_	_
454	و	و	و	_	_
455	قایقرانی	قایقران	قایقران	_	_
456	شغل	شغل	شغل	_	_
457	جالبیست	جالبیس	جالبیست	_	_
458	.	.	.	_	_
459	که	که	که	_	_
460	نیاز	نیاز	نیاز	_	_
461	به	به	به	_	_
462	مهارت‌های	مهارت	مهارت	_	_
463	خاص	خاص	خاص	_	_
464	خود	خود	خود	_	_
465	را	را	را	_	_
466	دارند	دارند	داشت	_	_
467	.	.	.	_	_
468	شنوندگان	شنوندگ	شنوندگان	_	_
469	و	و	و	_	_
470	بینندگان	بینندگان	بینندگان	_	_
471	این	این	این	_	_
472	برنامه	برنامه	برنامه	_	_
473	گروه	گروه	گروه	_	_
474	سنی	سن	سنی	_	_
475	خاصی	خاص	خاص	_	_
476	هستند	هستند		_	_
477	.	.	.	_	_
478	فعالیت‌های	فعالیت	فعالیت	_	_
479	مرکز	مرکز	مرکز	_	_
480	مذاهب	مذاهب	مذاهب	_	_
481	اسلامی	اسلام	اسلام	_	_
482	در	در	در	_	_
483	شانگهای	شانگهای	شانگهای	_	_
484	به	به	به	_	_
485	جویندگان	جویندگ	جویندگان	_	_
486	اسلام	اسلام	اسلام	_	_
487	معرفی	معرف	معرف	_	_
488	شد	شد	شد	_	_
489	.	.	.	_	_
490	مقالات	مقال	مقالات	_	_
491	و	و	و	_	_
492	تحقیقات	تحقیق	تحقیقات	_	_
493	بسیاری	بسیار	بسیار	_	_
494	برای	برای	برای	_	_
495	پیشگیری	پیشگیر	پیشگیر	_	_
496	از	از	از	_	_
497	بیماریهای	بیماری	بیماریهای	_	_
498	عفونی	عفونی	عفونی	_	_
499	و	و	و	_	_
500	باکتریایی	باکتریا	باکتریایی	_	_
501	ارائه	ارائه	ارائه	_	_
502	شده‌است	شده‌است	شد	_	_
503	.	.	.	_	_
504	پاکستان	پاکستان	پاکستان	_	_
505	و	و	و	_	_
506	افغانستان	افغانستان	افغانستان	_	_
507	کشورهای	کشور	کشور	_	_
508	همسایه	همسایه	همسایه	_	_
509	ی		ی	_	_
510	شرقی	شرق	شرق	_	_
511	ایران	ایران	ایران	_	_
512	هستند	هستند		_	_
513	که	که	که	_	_
514	تضاد	تضاد	تضاد	_	_
515	منافع	منافع	منافع	_	_
516	با	با	با	_	_
517	یکدیگر	یکدیگر	یکدیگر	_	_
518	دارد	دارد	داشت	_	_
519	.	.	.	_	_
520	فاطمه	فاطمه	فاطمه	_	_
521	مراعات	مراعات	مراعات	_	_
522	حضور	حضور	حضور	_	_
523	مادرش	مادر	مادر	_	_
524	را	را	را	_	_
525	نمی	نم	نم	_	_
526	کرد	کرد	کرد	_	_
527	.	.	.	_	_
528	یکی	یک	یک	_	_
529	از	از	از	_	_
530	آرایه	آرایه	آرایه	_	_
531	های		های	_	_
532	ادبی	ادب	ادب	_	_
533	مراعات	مراعات	مراعات	_	_
534	نظیر	نظیر	نظیر	_	_
535	است	است		_	_
536	.	.	.	_	_
537	کلان	کل	کلان	_	_
538	شهر	شهر	شهر	_	_
539	اصفهان	اصفهان	اصفهان	_	_
540	مشکلات	مشکل	مشکلات	_	_
541	و	و	و	_	_
542	معضلات	معضل	معضلات	_	_
543	خود	خود	خود	_	_
544	را	را	را	_	_
545	دارد	دارد	داشت	_	_
546	.	.	.	_	_
547	هان	هان	هان	_	_
548	ای	ای	ای	_	_
549	پسر	پسر	پسر	_	_
550	!	!	!	_	_
551	مکان	مکان	مکان	_	_
552	تاریک	تاریک	تاریک	_	_
553	جای	جا	جای	_	_
554	خوبی	خوب	خوبی	_	_
555	برای	برای	برای	_	_
556	رشد	رشد	رشد	_	_
557	باکتری	باکتری	باکتری	_	_
558	ها		ها	_	_
559	است	است		_	_
560	.	.	.	_	_
561	زمان	زمان	زمان	_	_
562	بازی	باز	بازی	_	_
563	فوتبال	فوتبال	فوتبال	_	_
564	بارسلونا	بارسلونا	بارسلونا	_	_
565	و	و	و	_	_
566	رئال	رئال	رئال	_	_
567	مادرید	مادرید	مادرید	_	_
568	ساعت	ساعت	ساعت	_	_
569	۲۰	20	20	_	_
570	روز	روز	روز	_	_
571	هجدهم	هجده	هجدهم	_	_
572	آبان	آب	آبان	_	_
573	است	است		_	_
574	.	.	.	_	_
575	طاووس	طاووس	طاووس	_	_
576	خرامان	خرامان	خرامان	_	_
577	،	،	،	_	_
578	خرامان	خرامان	خرامان	_	_
579	راه	راه	راه	_	_
580	می	می	می	_	_
581	رود	رود	رود	_	_
582	.	.	.	_	_
583	همه	همه	همه	_	_
584	ی		ی	_	_
585	شهرها	شهر	شهر	_	_
586	یک	یک	یک	_	_
587	میدان	میدان	میدان	_	_
588	به	به	به	_	_
589	نام	نا	نام	_	_
590	آزادی	آزاد	آزاد	_	_
591	دارند	دارند	داشت	_	_
592	.	.	.	_	_
593	علی	علی	علی	_	_
594	دوان	دو	دوان	_	_
595	دوان	دو	دوان	_	_
596	گریان	گریان	گریان	_	_
597	و	و	و	_	_
598	نالان	نال	نالان	_	_
599	به	به	به	_	_
600	مدرسه	مدرسه	مدرسه	_	_
601	رفت	رف	رفت	_	_
602	.	.	.	_	_
603	کشور	کشور	کشور	_	_
604	آلمان	آلمان	آلمان	_	_
605	در	در	در	_	_
606	قاره	قاره	قاره	_	_
607	ی		ی	_	_
608	سبز	سبز	سبز	_	_
609	قرار	قرار	قرار	_	_
610	دارد	دارد	داشت	_	_
611	.	.	.	_	_
612	شکوفه	شکوفه	شکوفه	_	_
613	خندان	خندان	خندان	_	_
614	با	با	با	_	_
615	شیرینی	شیرین	شیرینی	_	_
616	وارد	وارد	وارد	_	_
617	شد	شد	شد	_	_
618	.	.	.	_	_
619	امان	امان	امان	_	_
620	بده	بده	داد	_	_
621	!!!	!!!	!!!	_	_
622	امارات	امارات	امارات	_	_
623	متحده	متحده	متحده	_	_
624	عربی	عرب	عرب	_	_
625	یکی	یک	یک	_	_
626	از	از	از	_	_
627	کشورهای	کشور	کشور	_	_
628	حوزه	حوزه	حوزه	_	_
629	ی		ی	_	_
630	خلیج	خلیج	خلیج	_	_
631	فارس	فارس	فارس	_	_
632	است	است		_	_
633	.	.	.	_	_
634	Emily	Emily	Emily	_	_
635	Rose	Rose	Rose	_	_
636	در	در	در	_	_
637	سال	سال	سال	_	_
638	۱۹۹۷	1997	1997	_	_
639	جن	جن	جن	_	_
640	زده‌شد	زده‌شد	زد	_	_
641	.	.	.	_	_
642	ناودانی	ناودان	ناودان	_	_
643	ها		ها	_	_
644	از	از	از	_	_
645	آشغال	آشغال	آشغال	_	_
646	پرشده	پرشده	پرشده	_	_
647	بود	بود	بود	_	_
648	.	.	.	_	_
649	نادان	نادان	نادان	_	_
650	همه	همه	همه	_	_
651	را	را	را	_	_
652	به	به	به	_	_
653	چشم	چشم	چشم	_	_
654	خویش	خویش	خویش	_	_
655	می	می	می	_	_
656	بیند	بیند	دید	_	_
657	.	.	.	_	_
658	سعید	سعید	سعید	_	_
659	در	در	در	_	_
660	عنفوان	عنفوان	عنفوان	_	_
661	جوانی	جوان	جوان	_	_
662	در	در	در	_	_
663	گذشت	گذ	گذشت	_	_
664	.	.	.	_	_
665	قوری	قوری	قوری	_	_
666	گلگلی	گلگل	گلگلی	_	_
667	شکست	شکست	شکست	_	_
668	.	.	.	_	_
669	در	در	در	_	_
670	این	این	این	_	_
671	دنیای	دنیا	دنیا	_	_
672	وانفساء	وانفساء	وانفساء	_	_
673	.	.	.	_	_
674	.	.	.	_	_
675	.	.	.	_	_
676	حسرت	حسرت	حسرت	_	_
677	زای	زا	زای	_	_
678	بی	بی	بی	_	_
679	فردا	فردا	فردا	_	_
680	خدایا	خدایا	خدایا	_	_
681	عاشقان	عاشق	عاشق	_	_
682	را	را	را	_	_
683	غم	غم	غم	_	_
684	مده	مده	مده	_	_
685	.	.	.	_	_
686	نردبان	نردبان	نردبان	_	_
687	ترقی	ترقی	ترقی	_	_
688	را	را	را	_	_
689	به	به	به	_	_
690	سرعت	سرعت	سرعت	_	_
691	طی	طی	طی	_	_
692	کرد	کرد	کرد	_	_
693	.	.	.	_	_
694	ادبیات	ادبیات	ادبیات	_	_
695	پارسی	پارس	پارس	_	_
696	تاریخچه	تاریخچه	تاریخچه	_	_
697	ی		ی	_	_
698	دیرینه	دیرینه	دیرینه	_	_
699	ای	ای	ای	_	_
700	دارد	دارد	داشت	_	_
701	.	.	.	_	_
702	شهر	شهر	شهر	_	_
703	ابادان	اباد	ابادان	_	_
704	عروس	عروس	عروس	_	_
705	ایران	ایران	ایران	_	_
706	است	است		_	_
707	.	.	.	_	_
708	لیوان	لیوان	لیوان	_	_
709	پر	پر	پر	_	_
710	از	از	از	_	_
711	چای	چای	چای	_	_
712	شکست	شکست	شکست	_	_
713	و	و	و	_	_
714	او	او	او	_	_
715	را	را	را	_	_
716	سوزاند	سوزاند	سوزاند	_	_
717	.	.	.	_	_
718	واردات	وارد	واردات	_	_
719	و	و	و	_	_
720	صادرات	صادر	صادرات	_	_
721	کشمش	کشمش	کشمش	_	_
722	سود	سود	سود	_	_
723	خوبی	خوب	خوبی	_	_
724	دارد	دارد	داشت	_	_
725	.	.	.	_	_
726	شایان	شایان	شایان	_	_
727	ذکر	ذکر	ذکر	_	_
728	است	است		_	_
729	که	که	که	_	_
730	رفسنجان	رفسنجان	رفسنجان	_	_
731	پسته	پسته	پسته	_	_
732	ی		ی	_	_
733	مرغوبی	مرغوب	مرغوب	_	_
734	دارد	دارد	داشت	_	_
735	.	.	.	_	_
736	باغ	باغ	باغ	_	_
737	بی	بی	بی	_	_
738	برگی	برگ	برگ	_	_
739	که	که	که	_	_
740	میگوید	میگوید	میگوید	_	_
741	که	که	که	_	_
742	زیبا	زیبا	زیبا	_	_
743	نیست	نیست	نیست	_	_
744	.	.	.	_	_
745	شیروان	شیروان	شیروان	_	_
746	یکی	یک	یک	_	_
747	از	از	از	_	_
748	شهرستانهای	شهرستان	شهرستان	_	_
749	کرمانشاه	کرمانشاه	کرمانشاه	_	_
750	است	است		_	_
751	.	.	.	_	_
752	آسمان	آسم	آسمان	_	_
753	آبی	آب	آب	_	_
754	زمین	زمین	زمین	_	_
755	پاک	پاک	پاک	_	_
756	.	.	.	_	_
757	.	.	.	_	_
758	.	.	.	_	_
759	.	.	.	_	_
760	.	.	.	_	_
761	.	.	.	_	_
762	.	.	.	_	_
763	.	.	.	_	_
764	.	.	.	_	_
765	.	.	.	_	_
766	شمیران	شمیران	شمیران	_	_
767	نام	نا	نام	_	_
768	منطقه	منطقه	منطقه	_	_
769	ای	ای	ای	_	_
770	در	در	در	_	_
771	تهران	تهران	تهران	_	_
772	است	است		_	_
773	.	.	.	_	_
774	لیفان	لیف	لیف	_	_
775	یک	یک	یک	_	_
776	خودروی	خودرو	خودرو	_	_
777	چینیست	چینیس	چینیست	_	_
778	که	که	که	_	_
779	بدرد	بدرد	بدرد	_	_
780	نمی	نم	نم	_	_
781	خورد	خورد	خورد	_	_
782	.	.	.	_	_
783	ما	ما	ما	_	_
784	باید	باید	باید	_	_
785	همواره	همواره	همواره	_	_
786	به	به	به	_	_
787	دنبال	دنبال	دنبال	_	_
788	آرمان	آرم	آرمان	_	_
789	خود	خود	خود	_	_
790	باشیم	باش	بود	_	_
791	.	.	.	_	_
792	خفتان	خفت	خفت	_	_
793	خود	خود	خود	_	_
794	را	را	را	_	_
795	پوشید	پوشید	پوشید	_	_
796	و	و	و	_	_
797	به	به	به	_	_
798	میدان	میدان	میدان	_	_
799	رزم	رز	رزم	_	_
800	رفت	رف	رفت	_	_
801	.	.	.	_	_
802	ریختن	ریختن	ریختن	_	_
803	زباله	زباله	زباله	_	_
804	در	در	در	_	_
805	دامان	دام	دامان	_	_
806	طبیعت	طبیعت	طبیعت	_	_
807	بی	بی	بی	_	_
808	فرهنگی	فرهنگ	فرهنگ	_	_
809	است	است		_	_
810	.	.	.	_	_
811	شکلات	شکل	شکلات	_	_
812	فرمند	فرمند	فرمند	_	_
813	یکی	یک	یک	_	_
814	از	از	از	_	_
815	مرغوبترین	مرغوب	مرغوب	_	_
816	برندها	برند	برندها	_	_
817	در	در	در	_	_
818	این	این	این	_	_
819	حوزه	حوزه	حوزه	_	_
820	است	است		_	_
821	.	.	.	_	_
822	خزان	خز	خزان	_	_
823	فصلیست	فصلیس	فصلیست	_	_
824	که	که	که	_	_
825	در	در	در	_	_
826	آن	آن	آن	_	_
827	برگ	برگ	برگ	_	_
828	درختان	درخت	درخت	_	_
829	زرد	زرد	زرد	_	_
830	می	می	می	_	_
831	شود	شود	شد	_	_
832	.	.	.	_	_
833	وزیر	وزير	وزير	_	_
834	علوم	علم	علوم	_	_
835	درجمع	درجمع	درجمع	_	_
836	استادان	استاد	استاد	_	_
837	نمونه	نمونه	نمونه	_	_
838	:	:	:	_	_
839	سن	سن	سن	_	_
840	بازنشستگی	بازنشستگي	بازنشستگي	_	_
841	استادان	استاد	استاد	_	_
842	نمونه	نمونه	نمونه	_	_
843	به	به	به	_	_
844	۷۰	70	70	_	_
845	سال	سال	سال	_	_
846	افزایش	افزاي	افزايش	_	_
847	می‌یابد	مي‌يابد	مي‌يابد	_	_
848	اصوات	صوت	اصوات	_	_
849	وزیدن	وزیدن	وزیدن	_	_
850	بادما	بادما	بادما	_	_
851	را	را	را	_	_
852	ترساند	ترساند	ترساند	_	_
853	.	.	.	_	_
854	دانشگاه	دانشگاه	دانشگاه	_	_
855	باید	بايد	بايد	_	_
856	مهد	مهد	مهد	_	_
857	چالشهای	چالشهاي	چالشهاي	_	_
858	گفتمانی	گفتماني	گفتماني	_	_
859	و	و	و	_	_
860	خط	خط	خط	_	_
861	دهنده	دهنده	دهنده	_	_
862	و	و	و	_	_
863	برنامه‌ریز	برنامه‌ريز	برنامه‌ريز	_	_
864	جریانات	جري	جريانات	_	_
865	سیاسی	سياسي	سياسي	_	_
866	باشد	باشد	بود	_	_
867	.	.	.	_	_
868	دفاتر	دف	دفاتر	_	_
869	سازمانملل	سازمانملل	سازمانملل	_	_
870	متحددر	متحددر	متحددر	_	_
871	همه	همه	همه	_	_
872	ی		ی	_	_
873	پایتختهای	پایتخت	پایتخت	_	_
874	جهان	جهان	جهان	_	_
875	هستند	هستند		_	_
876	.	.	.	_	_
877	دختری	دختر	دختر	_	_
878	بالباس	بالباس	بالباس	_	_
879	صورتی	صورت	صورت	_	_
880	را	را	را	_	_
881	دیدم	دید	دید	_	_
882	که	که	که	_	_
883	صورتی	صورت	صورت	_	_
884	زیبا	زیبا	زیبا	_	_
885	داشت	داش	داشت	_	_
886	.	.	.	_	_
887	توصیه	توصيه	توصيه	_	_
888	ما	ما	ما	_	_
889	در	در	در	_	_
890	جهت	جهت	جهت	_	_
891	تلاش	تلاش	تلاش	_	_
892	برای	براي	براي	_	_
893	دانایی	دانايي	دانايي	_	_
894	محوری	محوري	محوري	_	_
895	و	و	و	_	_
896	توسعه	توسعه	توسعه	_	_
897	گفتمان	گفتمان	گفتمان	_	_
898	علمی	علمي	علمي	_	_
899	به	به	به	_	_
900	معنی	معني	معني	_	_
901	عدم	عدم	عدم	_	_
902	تمایل	تمايل	تمايل	_	_
903	به	به	به	_	_
904	مباحث	مباحث	مباحث	_	_
905	سیاسی	سياسي	سياسي	_	_
906	نیست	نيس	نيست	_	_
907	؛	؛	؛	_	_
908	بلکه	بلكه	بلكه	_	_
909	بر	بر	بر	_	_
910	عکس	عكس	عكس	_	_
911	،	،	،	_	_
912	دانشگاه	دانشگاه	دانشگاه	_	_
913	باید	بايد	بايد	_	_
914	مهد	مهد	مهد	_	_
915	چالشهای	چالشهاي	چالشهاي	_	_
916	گفتمانی	گفتماني	گفتماني	_	_
917	باشد	باشد	بود	_	_
918	ولی	ولي	ولي	_	_
919	این	اين	اين	_	_
920	امر	امر	امر	_	_
921	،	،	،	_	_
922	بدان	بد	بدان	_	_
923	معنی	معني	معني	_	_
924	نیست	نيس	نيست	_	_
925	که	كه	كه	_	_
926	دانشگاه	دانشگاه	دانشگاه	_	_
927	،	،	،	_	_
928	ابزار	ابزار	ابزار	_	_
929	دست	دست	دست	_	_
930	سیاسیون	سياسيون	سياسيون	_	_
931	قرار	قرار	قرار	_	_
932	بگیرد	بگيرد	بگيرد	_	_
933	.	.	.	_	_
934	وی	وي	وي	_	_
935	تأکید	تأكيد	تأكيد	_	_
936	کرد	كرد	كرد	_	_
937	:	:	:	_	_
938	دانشگاه	دانشگاه	دانشگاه	_	_
939	نه	نه	نه	_	_
940	تنها	تنها	تنها	_	_
941	نباید	نبايد	نبايد	_	_
942	تحت	تحت	تحت	_	_
943	تأثیر	تأثير	تأثير	_	_
944	القائات	القائات	القائات	_	_
945	سیاسی	سياسي	سياسي	_	_
946	قرار	قرار	قرار	_	_
947	بگیرد	بگيرد	بگيرد	_	_
948	؛	؛	؛	_	_
949	بلکه	بلكه	بلكه	_	_
950	باید	بايد	بايد	_	_
951	خط	خط	خط	_	_
952	دهنده	دهنده	دهنده	_	_
953	و	و	و	_	_
954	برنامه‌ریز	برنامه‌ريز	برنامه‌ريز	_	_
955	جریانات	جري	جريانات	_	_
956	سیاسی	سياسي	سياسي	_	_
957	باشد	باشد	بود	_	_
958	و	و	و	_	_
959	مهمترین	مهمترين	مهمترين	_	_
960	عنصر	عنصر	عنصر	_	_
961	پیاده	پياده	پياده	_	_
962	شدن	شدن	شدن	_	_
963	این	اين	اين	_	_
964	آرمان	آرم	آرمان	_	_
965	،	،	،	_	_
966	دانشجویان	دانشجوي	دانشجويان	_	_
967	و	و	و	_	_
968	اعضای	اعضاي	اعضاي	_	_
969	هیات	هي	هيات	_	_
970	علمی	علمي	علمي	_	_
971	دانشگاهها	دانشگاه	دانشگاه	_	_
972	و	و	و	_	_
973	در	در	در	_	_
974	رأس	رأس	رأس	_	_
975	آنها	آن	آن	_	_
976	استادان	استاد	استاد	_	_
977	نمونه	نمونه	نمونه	_	_
978	هستند	هستند		_	_
979	.	.	.	_	_
980	اگر	اگر	اگر	_	_
981	چه	چه	چه	_	_
982	دانشگاهها	دانشگاه	دانشگاه	_	_
983	باید	بايد	بايد	_	_
984	پرچمدار	پرچمدار	پرچمدار	_	_
985	کرسیهای	كرسيهاي	كرسيهاي	_	_
986	آزاد	آزاد	آزاد	_	_
987	اندیشی	انديشي	انديشي	_	_
988	و	و	و	_	_
989	حاکمیت	حاكمي	حاكميت	_	_
990	دانایی	دانايي	دانايي	_	_
991	محوری	محوري	محوري	_	_
992	باشند	باشند	بود	_	_
993	،	،	،	_	_
994	باید	بايد	بايد	_	_
995	توجه	توجه	توجه	_	_
996	داشته‌باشند	داشته‌باشند	داشت	_	_
997	که	كه	كه	_	_
998	ناخودآگاه	ناخودآگاه	ناخودآگاه	_	_
999	تحت	تحت	تحت	_	_
1000	تأثیر	تأثير	تأثير	_	_
1001	جوسازیها	جوسازي	جوسازيها	_	_
1002	و	و	و	_	_
1003	القائات	القائات	القائات	_	_
1004	رسانه‌ها	رسانه	رسانه	_	_
1005	قرار	قرار	قرار	_	_
1006	نگیرند	نگيرند	نگيرند	_	_
1007	.	.	.	_	_
1008	اقدامات	اقدام	اقدامات	_	_
1009	انجام	انجام	انجام	_	_
1010	شده	شده	شده	_	_
1011	در	در	در	_	_
1012	جهت	جهت	جهت	_	_
1013	ارتقای	ارتقاي	ارتقاي	_	_
1014	جایگاه	جايگاه	جايگاه	_	_
1015	استادان	استاد	استاد	_	_
1016	نمونه	نمونه	نمونه	_	_
1017	اشاره	اشاره	اشاره	_	_
1018	کرد	كرد	كرد	_	_
1019	و	و	و	_	_
1020	گفت	گفت	گفت	_	_
1021	:	:	:	_	_
1022	در	در	در	_	_
1023	بنیاد	بنياد	بنياد	_	_
1024	نخبگان	نخبگ	نخبگان	_	_
1025	،	،	،	_	_
1026	استادان	استاد	استاد	_	_
1027	نمونه	نمونه	نمونه	_	_
1028	از	از	از	_	_
1029	مصادیق	مصاديق	مصاديق	_	_
1030	نخبگان	نخبگ	نخبگان	_	_
1031	شناخته‌شدند	شناخته‌شدند	شناخت	_	_
1032	و	و	و	_	_
1033	این	اين	اين	_	_
1034	امر	امر	امر	_	_
1035	به	به	به	_	_
1036	لحاظ	لحاظ	لحاظ	_	_
1037	معنوی	معنوي	معنوي	_	_
1038	،	،	،	_	_
1039	اهمیت	اهمي	اهميت	_	_
1040	ویژهای	ويژهاي	ويژهاي	_	_
1041	دارد	دارد	داشت	_	_
1042	.	.	.	_	_
1043	،	،	،	_	_
1044	در	در	در	_	_
1045	تعریف	تعريف	تعريف	_	_
1046	و	و	و	_	_
1047	تعیین	تعيين	تعيين	_	_
1048	شاخصهای	شاخصهاي	شاخصهاي	_	_
1049	لازم	لازم	لازم	_	_
1050	برای	براي	براي	_	_
1051	انتخاب	انتخاب	انتخاب	_	_
1052	"	"	"	_	_
1053	استاد	استاد	استاد	_	_
1054	نمونه	نمونه	نمونه	_	_
1055	"	"	"	_	_
1056	بازنگری	بازنگري	بازنگري	_	_
1057	کنند	كنند	كنند	_	_
1058	با	با	با	_	_
1059	وسواس	وسواس	وسواس	_	_
1060	و	و	و	_	_
1061	دقت	دق	دقت	_	_
1062	،	،	،	_	_
1063	همچنین	همچنين	همچنين	_	_
1064	در	در	در	_	_
1065	این	اين	اين	_	_
1066	برنامه	برنامه	برنامه	_	_
1067	از	از	از	_	_
1068	جمعی	جمعي	جمعي	_	_
1069	از	از	از	_	_
1070	دانش	دانش	دانش	_	_
1071	آموختهگان	آموختهگ	آموختهگان	_	_
1072	نمونه	نمونه	نمونه	_	_
1073	و	و	و	_	_
1074	استادان	استاد	استاد	_	_
1075	پیش	پي	پيش	_	_
1076	کسوت	كسو	كسوت	_	_
1077	این	اين	اين	_	_
1078	موسسه	موسسه	موسسه	_	_
1079	تقدیر	تقدير	تقدير	_	_
1080	می‌شود	مي‌شود	مي‌شود	_	_
1081	.	.	.	_	_
1082	سقراط	سقراط	سقراط	_	_
1083	به	به	به	_	_
1084	دستوردادستان	دستوردادس	دستوردادستان	_	_
1085	جام	جا	جام	_	_
1086	شوکران	شوکر	شوکران	_	_
1087	را	را	را	_	_
1088	نوشید	نوشید	نوشید	_	_
1089	.	.	.	_	_
1090	هم	هم	هم	_	_
1091	چنین	چنين	چنين	_	_
1092	نتایج	نتايج	نتايج	_	_
1093	مشروطین	مشروطين	مشروطين	_	_
1094	اسفند	اسفند	اسفند	_	_
1095	ماه	ماه	ماه	_	_
1096	۸۲	82	82	_	_
1097	که	كه	كه	_	_
1098	درس	درس	درس	_	_
1099	مشروطی	مشروطي	مشروطي	_	_
1100	خود	خود	خود	_	_
1101	را	را	را	_	_
1102	در	در	در	_	_
1103	آزمون	آزمون	آزمون	_	_
1104	مرداد	مرداد	مرداد	_	_
1105	ماه	ماه	ماه	_	_
1106	۸۳	83	83	_	_
1107	امتحان	امتحان	امتحان	_	_
1108	داده‌اند	داده‌اند	داد	_	_
1109	.	.	.	_	_
1110	مردی	مرد	مردی	_	_
1111	به	به	به	_	_
1112	اطفال	اطفال	اطفال	_	_
1113	گفت	گفت	گفت	_	_
1114	که	که	که	_	_
1115	گلها	گل	گل	_	_
1116	را	را	را	_	_
1117	نکنند	نکنند	کرد	_	_
1118	.	.	.	_	_
1119	بنا	بنا	بنا	_	_
1120	به	به	به	_	_
1121	دلایل	دلايل	دلايل	_	_
1122	معرفی	معرفي	معرفي	_	_
1123	شده	شده	شده	_	_
1124	با	با	با	_	_
1125	اخذ	اخذ	اخذ	_	_
1126	نمرات	نمرات	نمرات	_	_
1127	‌		‌	_	_
1128	٢٠	٢٠	٢٠	_	_
1129	غیر	غير	غير	_	_
1130	واقعی	واقعي	واقعي	_	_
1131	به	به	به	_	_
1132	گروه	گروه	گروه	_	_
1133	معدل	معدل	معدل	_	_
1134	بیست‌ها	بيست	بيست‌ها	_	_
1135	پیوسته‌اند	پيوسته‌اند	پيوسته‌اند	_	_
1136	که	كه	كه	_	_
1137	در	در	در	_	_
1138	طول	طول	طول	_	_
1139	‌		‌	_	_
1140	١٤	١٤	١٤	_	_
1141	سال	سال	سال	_	_
1142	گذشته	گذشته	گذشته	_	_
1143	بر	بر	بر	_	_
1144	تعداد	تعداد	تعداد	_	_
1145	این	اين	اين	_	_
1146	معدل	معدل	معدل	_	_
1147	بیست‌ها	بيست	بيست‌ها	_	_
1148	به	به	به	_	_
1149	طور	طور	طور	_	_
1150	بی‌رویه‌ای	بي‌رويه‌اي	بي‌رويه‌اي	_	_
1151	اضافه	اضافه	اضافه	_	_
1152	شده‌است	شده‌است	شد	_	_
1153	این	اين	اين	_	_
1154	محقق	محقق	محقق	_	_
1155	تاکید	تاكيد	تاكيد	_	_
1156	دارد	دارد	داشت	_	_
1157	:	:	:	_	_
1158	منطقی‌ترین	منطقي‌ترين	منطقي‌ترين	_	_
1159	روش	رو	روش	_	_
1160	ارزش	ارز	ارزش	_	_
1161	یابی	يابي	يابي	_	_
1162	سیره	سيره	سيره	_	_
1163	نبوی	نبوي	نبوي	_	_
1164	رشته‌های	رشته‌هاي	رشته‌هاي	_	_
1165	متنوع	متنوع	متنوع	_	_
1166	دیگری	ديگري	ديگري	_	_
1167	همچون	همچون	همچون	_	_
1168	وبلاگ	وبلاگ	وبلاگ	_	_
1169	نویسی	نويسي	نويسي	_	_
1170	،	،	،	_	_
1171	کتابخوانی	كتابخواني	كتابخواني	_	_
1172	،	،	،	_	_
1173	گرافیک	گرافيك	گرافيك	_	_
1174	،	،	،	_	_
1175	کاریکاتور	كاريكاتور	كاريكاتور	_	_
1176	،	،	،	_	_
1177	شعر	شعر	شعر	_	_
1178	،	،	،	_	_
1179	داستان	داستان	داستان	_	_
1180	کوتاه	كوتاه	كوتاه	_	_
1181	،	،	،	_	_
1182	عکاسی	عكاسي	عكاسي	_	_
1183	،	،	،	_	_
1184	خوشنویسی	خوشنويسي	خوشنويسي	_	_
1185	،	،	،	_	_
1186	چهل	چهل	چهل	_	_
1187	حدیث	حديث	حديث	_	_
1188	نویسی	نويسي	نويسي	_	_
1189	،	،	،	_	_
1190	نماهنگ	نماهنگ	نماهنگ	_	_
1191	و	و	و	_	_
1192	فیلم	فيل	فيلم	_	_
1193	کوتاه	كوتاه	كوتاه	_	_
1194	پیش	پي	پيش	_	_
1195	بینی	بيني	بيني	_	_
1196	شده‌است	شده‌است	شد	_	_
1197	.	.	.	_	_
1198	نخستین	نخستين	نخستين	_	_
1199	مرکز	مركز	مركز	_	_
1200	آموزش	آموزش	آموزش	_	_
1201	عالی	عالي	عالي	_	_
1202	بین‌المللی	بين‌المللي	بين‌المللي	_	_
1203	دانشگاه	دانشگاه	دانشگاه	_	_
1204	موناش	مونا	مونا	_	_
1205	استرالیا	استراليا	استراليا	_	_
1206	در	در	در	_	_
1207	کیش	كي	كيش	_	_
1208	آغاز	آغاز	آغاز	_	_
1209	به	به	به	_	_
1210	کار	كار	كار	_	_
1211	کرد	كرد	كرد	_	_
1212	.	.	.	_	_
1213	وی	و	وی	_	_
1214	اعلام	اعلا	اعلام	_	_
1215	و	و	و	_	_
1216	پیش	پي	پيش	_	_
1217	بینی	بيني	بيني	_	_
1218	کرد	كرد	كرد	_	_
1219	دومین	دومين	دومين	_	_
1220	گردهمآیی	گردهمآيي	گردهمآيي	_	_
1221	دانشجویان	دانشجو	دانشجو	_	_
1222	.	.	.	_	_
1223	هفتمین	هفتمين	هفتمين	_	_
1224	اجلاس	اجلاس	اجلاس	_	_
1225	مشترک	مشترك	مشترك	_	_
1226	هیاتهای	هياتهاي	هياتهاي	_	_
1227	امنای	امناي	امناي	_	_
1228	دانشگاهها	دانشگاه	دانشگاه	_	_
1229	و	و	و	_	_
1230	موسسات	موسسه	موسسه	_	_
1231	آموزش	آموزش	آموزش	_	_
1232	عالی	عالي	عالي	_	_
1233	و	و	و	_	_
1234	پژوهشی	پژوهشي	پژوهشي	_	_
1235	برگزار	برگزار	برگزار	_	_
1236	شد	شد	شد	_	_
1237	.	.	.	_	_
1238	آیین‌نامه	آيين‌نامه	آيين‌نامه	_	_
1239	های		های	_	_
1240	مالی	مالي	مالي	_	_
1241	و	و	و	_	_
1242	معاملاتی	معاملاتي	معاملاتي	_	_
1243	دانشگاهها	دانشگاه	دانشگاه	_	_
1244	برای	برای	برای	_	_
1245	رفع	رفع	رفع	_	_
1246	معضلات	معضل	معضلات	_	_
1247	معیشتی	معيشتي	معيشتي	_	_
1248	،	،	،	_	_
1249	کارکنان	كاركن	كاركنان	_	_
1250	.	.	.	_	_
1251	موجب	موجب	موجب	_	_
1252	نگرانی	نگراني	نگراني	_	_
1253	افکار	افكار	افكار	_	_
1254	عمومی	عمومي	عمومي	_	_
1255	و	و	و	_	_
1256	ایجاد	ايجاد	ايجاد	_	_
1257	بد	بد	بد	_	_
1258	بینی	بيني	بيني	_	_
1259	در	در	در	_	_
1260	اذهان	ذهن	اذهان	_	_
1261	جوانان	جوان	جوان	_	_
1262	داوطلب	داوطلب	داوطلب	_	_
1263	ورود	ورود	ورود	_	_
1264	به	به	به	_	_
1265	دانشگاه‌ها	دانشگاه	دانشگاه	_	_
1266	شده‌است	شده‌است	شد	_	_
1267	.	.	.	_	_
1268	هرگونه	هرگونه	هرگونه	_	_
1269	شائبه‌ای	شائبه‌اي	شائبه‌اي	_	_
1270	به	به	به	_	_
1271	دور	دور	دور	_	_
1272	است	است		_	_
1273	و	و	و	_	_
1274	به	به	به	_	_
1275	هیچ	هيچ	هيچ	_	_
1276	وجه	وجه	وجه	_	_
1277	ورود	ورود	ورود	_	_
1278	داوطلبی	داوطلبي	داوطلبي	_	_
1279	به	به	به	_	_
1280	دانشگاه	دانشگاه	دانشگاه	_	_
1281	بدون	بدون	بدون	_	_
1282	شرکت	شرك	شركت	_	_
1283	در	در	در	_	_
1284	آزمون	آزمون	آزمون	_	_
1285	سراسری	سراسري	سراسري	_	_
1286	و	و	و	_	_
1287	کسب	كسب	كسب	_	_
1288	اولویت	اولوي	اولويت	_	_
1289	علمی	علمي	علمي	_	_
1290	امکان‌پذیر	امكان‌پذير	امكان‌پذير	_	_
1291	نبوده	نبوده	بود	_	_
1292	و	و	و	_	_
1293	نیست	نيس	نيست	_	_
1294	.	.	.	_	_
1295	به	به	به	_	_
1296	واحدهای	واحدهاي	واحدهاي	_	_
1297	دانشگاهی	دانشگاهي	دانشگاهي	_	_
1298	تهران	تهران	تهران	_	_
1299	سماء	سماء	سماء	_	_
1300	،	،	،	_	_
1301	آشتیان	آشتي	آشتيان	_	_
1302	،	،	،	_	_
1303	‌		‌	_	_
1304	اراک	اراك	اراك	_	_
1305	،	،	،	_	_
1306	اسلامشهر	اسلامشهر	اسلامشهر	_	_
1307	،	،	،	_	_
1308	قائم	قائم	قائم	_	_
1309	شهر	شهر	شهر	_	_
1310	،	،	،	_	_
1311	خوی	خوي	خوي	_	_
1312	،	،	،	_	_
1313	رودهن	رودهن	رودهن	_	_
1314	،	،	،	_	_
1315	زرند	زرند	زرند	_	_
1316	،	،	،	_	_
1317	زنجان	زنجان	زنجان	_	_
1318	،	،	،	_	_
1319	سوادکوه	سوادكوه	سوادكوه	_	_
1320	،	،	،	_	_
1321	شاهرود	شاهرود	شاهرود	_	_
1322	،	،	،	_	_
1323	شبستر	شبستر	شبستر	_	_
1324	،	،	،	_	_
1325	شهرکرد	شهركرد	شهركرد	_	_
1326	،	،	،	_	_
1327	علوم	علم	علوم	_	_
1328	و	و	و	_	_
1329	تحقیقات	تحقيق	تحقيقات	_	_
1330	تهران	تهران	تهران	_	_
1331	،	،	،	_	_
1332	کاشان	كا	كاشان	_	_
1333	،	،	،	_	_
1334	کرج	كرج	كرج	_	_
1335	،	،	،	_	_
1336	کرمان	كر	كرمان	_	_
1337	،	،	،	_	_
1338	مراغه	مراغه	مراغه	_	_
1339	،	،	،	_	_
1340	میمه	ميمه	ميمه	_	_
1341	،	،	،	_	_
1342	ورامین	ورامين	ورامين	_	_
1343	و	و	و	_	_
1344	.	.	.	_	_
1345	.	.	.	_	_
1346	.	.	.	_	_
1347	در	در	در	_	_
1348	مقطع	مقطع	مقطع	_	_
1349	کارشناسی	كارشناسي	كارشناسي	_	_
1350	ارشد	ارشد	ارشد	_	_
1351	در	در	در	_	_
1352	شاخه‌های	شاخه‌هاي	شاخه‌هاي	_	_
1353	بیوسیستماتیک	بيوسيستماتيك	بيوسيستماتيك	_	_
1354	،	،	،	_	_
1355	گیاهی	گياهي	گياهي	_	_
1356	و	و	و	_	_
1357	جانوری	جانوري	جانوري	_	_
1358	جنین	جنين	جنين	_	_
1359	شناسی	شناسي	شناسي	_	_
1360	،	،	،	_	_
1361	اکولوژی	اكولوژي	اكولوژي	_	_
1362	،	،	،	_	_
1363	فیزیولوژی	فيزيولوژي	فيزيولوژي	_	_
1364	،	،	،	_	_
1365	سلولی	سلولي	سلولي	_	_
1366	،	،	،	_	_
1367	مولکولی	مولكولي	مولكولي	_	_
1368	و	و	و	_	_
1369	بیوشیمی	بيوشيمي	بيوشيمي	_	_
1370	و	و	و	_	_
1371	در	در	در	_	_
1372	دوره‌	دوره	دوره	_	_
1373	دکترا	دكترا	دكترا	_	_
1374	در	در	در	_	_
1375	گرایش	گراي	گرايش	_	_
1376	سلولی	سلولي	سلولي	_	_
1377	،	،	،	_	_
1378	مولکولی	مولكولي	مولكولي	_	_
1379	مشغول	مشغول	مشغول	_	_
1380	به	به	به	_	_
1381	تحصیل	تحصيل	تحصيل	_	_
1382	می‌باشند	مي‌باشند	مي‌باشند	_	_
1383	.	.	.	_	_
1384	کارخانه‌های	كارخانه‌هاي	كارخانه‌هاي	_	_
1385	مواد	مواد	مواد	_	_
1386	غذایی	غذايي	غذايي	_	_
1387	و	و	و	_	_
1388	اداره‌های‌	اداره‌هاي	اداره‌هاي‌	_	_
1389	بهداشت	بهداشت	بهداشت	_	_
1390	فعالیت	فعالي	فعاليت	_	_
1391	کنند	كنند	كنند	_	_
1392	.	.	.	_	_
1393	با	با	با	_	_
1394	این	اين	اين	_	_
1395	حال	حال	حال	_	_
1396	شورای	شوراي	شوراي	_	_
1397	شهر	شهر	شهر	_	_
1398	در	در	در	_	_
1399	کل	كل	كل	_	_
1400	یک	يك	يك	_	_
1401	امر	امر	امر	_	_
1402	سرنوشت	سرنوشت	سرنوشت	_	_
1403	ساز	ساز	ساز	_	_
1404	بوده	بوده	بوده	_	_
1405	و	و	و	_	_
1406	امید	اميد	اميد	_	_
1407	است	است		_	_
1408	تا	تا	تا	_	_
1409	،	،	،	_	_
1410	مشارکت	مشارك	مشاركت	_	_
1411	داشته‌باشند	داشته‌باشند	داشت	_	_
1412	.	.	.	_	_
1413	تاکید	تاكيد	تاكيد	_	_
1414	کرد	كرد	كرد	_	_
1415	:	:	:	_	_
1416	اگر	اگر	اگر	_	_
1417	به	به	به	_	_
1418	دانشمندان	دانشمند	دانشمند	_	_
1419	ارج	ارج	ارج	_	_
1420	ننهیم	ننهي	ننهيم	_	_
1421	،	،	،	_	_
1422	آزادی	آزادي	آزادي	_	_
1423	و	و	و	_	_
1424	انگیزه	انگيزه	انگيزه	_	_
1425	علمی	علمي	علمي	_	_
1426	را	را	را	_	_
1427	در	در	در	_	_
1428	آنان	آن	آن	_	_
1429	تقویت	تقوي	تقويت	_	_
1430	نکنیم	نكني	نكنيم	_	_
1431	!	!	!	_	_
1432	توسعه	توسعه	توسعه	_	_
1433	همه	همه	همه	_	_
1434	جانبه	جانبه	جانبه	_	_
1435	کشور	كشور	كشور	_	_
1436	تحقق	تحقق	تحقق	_	_
1437	ناپذیر	ناپذير	ناپذير	_	_
1438	خواهد‌ماند	خواهد‌ماند	ماند	_	_
1439	.	.	.	_	_
1440	اظهار	اظهار	اظهار	_	_
1441	کرد	كرد	كرد	_	_
1442	:	:	:	_	_
1443	‌		‌	_	_
1444	اسم	اسم	اسم	_	_
1445	دانشگاهیا	دانشگاهيا	دانشگاهيا	_	_
1446	مردمان	مرد	مرد	_	_
1447	گرگان	گرگ	گرگان	_	_
1448	دچاریاس	دچاریاس	دچاریاس	_	_
1449	شدند	شدند	شد	_	_
1450	.	.	.	_	_
1451	نیاکان	نیاکان	نیاکان	_	_
1452	ما	ما	ما	_	_
1453	افرادی	افراد	افراد	_	_
1454	روشن	روشن	روشن	_	_
1455	ضمیر	ضمیر	ضمیر	_	_
1456	بودند	بودند	بود	_	_
1457	.	.	.	_	_
1458	ن	ن	ن	_	_
1459	برخی	برخي	برخي	_	_
1460	از	از	از	_	_
1461	ملاکهای	ملاكهاي	ملاكهاي	_	_
1462	رتبه	رتبه	رتبه	_	_
1463	بندی	بندي	بندي	_	_
1464	دانشگاههای	دانشگاههاي	دانشگاههاي	_	_
1465	دنیاست	دنياس	دنياست	_	_
1466	.	.	.	_	_
1467	برنامه	برنامه	برنامه	_	_
1468	ریزی	ريزي	ريزي	_	_
1469	شهری	شهري	شهري	_	_
1470	،	،	،	_	_
1471	فیزیک	فيزيک	فيزيک	_	_
1472	،	،	،	_	_
1473	جغرافیای	جغرافياي	جغرافياي	_	_
1474	انسانی-	انساني-	انساني-	_	_
1475	علوم	علم	علوم	_	_
1476	اقتصادی	اقتصادي	اقتصادي	_	_
1477	،	،	،	_	_
1478	جغرافیای	جغرافياي	جغرافياي	_	_
1479	طبیعی-	طبيعي-	طبيعي-	_	_
1480	ژئوموفولوژی	ژئوموفولوژي	ژئوموفولوژي	_	_
1481	،	،	،	_	_
1482	مدیریت	مديري	مديريت	_	_
1483	بازرگانی-	بازرگاني-	بازرگاني-	_	_
1484	بازاریابی	بازاريابي	بازاريابي	_	_
1485	،	،	،	_	_
1486	جغرافیای	جغرافياي	جغرافياي	_	_
1487	طبیعی-	طبيعي-	طبيعي-	_	_
1488	اقلیم	اقلي	اقليم	_	_
1489	شناسی	شناسي	شناسي	_	_
1490	،	،	،	_	_
1491	مدیریت	مديري	مديريت	_	_
1492	بازرگانی-	بازرگاني-	بازرگاني-	_	_
1493	رفتار	رفتار	رفتار	_	_
1494	سازمانی	سازماني	سازماني	_	_
1495	و	و	و	_	_
1496	مدیریت	مديري	مديريت	_	_
1497	منابع	منابع	منابع	_	_
1498	انسانی	انساني	انساني	_	_
1499	،	،	،	_	_
1500	جامعه	جامعه	جامعه	_	_
1501	شناسی	شناسي	شناسي	_	_
1502	،	،	،	_	_
1503	روانشناسی	روانشناسي	روانشناسي	_	_
1504	عمومی	عمومي	عمومي	_	_
1505	،	،	،	_	_
1506	فلسفه	فلسفه	فلسفه	_	_
1507	،	،	،	_	_
1508	مدیریت	مديري	مديريت	_	_
1509	آموزشی	آموزشي	آموزشي	_	_
1510	،	،	،	_	_
1511	آموزش	آموزش	آموزش	_	_
1512	زبان	زبان	زبان	_	_
1513	انگلیسی	انگليسي	انگليسي	_	_
1514	،	،	،	_	_
1515	برنامه	برنامه	برنامه	_	_
1516	ریزی	ريزي	ريزي	_	_
1517	درسی	درسي	درسي	_	_
1518	،	،	،	_	_
1519	زبان	زبان	زبان	_	_
1520	و	و	و	_	_
1521	ادبیات	ادبي	ادبيات	_	_
1522	عرب	عرب	عرب	_	_
1523	،	،	،	_	_
1524	مشاوره	مشاوره	مشاوره	_	_
1525	،	،	،	_	_
1526	زبانشناسی	زبانشناسي	زبانشناسي	_	_
1527	همگانی	همگاني	همگاني	_	_
1528	،	،	،	_	_
1529	کامپیوتر-	کامپيوتر-	کامپيوتر-	_	_
1530	نرم	نر	نرم	_	_
1531	افزار	افزار	افزار	_	_
1532	آمار	آمار	آمار	_	_
1533	،	،	،	_	_
1534	کامپیوتر-	کامپيوتر-	کامپيوتر-	_	_
1535	معماری	معماري	معماري	_	_
1536	کامپیوتر	کامپيو	کامپيوتر	_	_
1537	،	،	،	_	_
1538	ریاضی-	رياضي-	رياضي-	_	_
1539	آنالیز	آناليز	آناليز	_	_
1540	،	،	،	_	_
1541	ریاضی-	رياضي-	رياضي-	_	_
1542	جبر	جبر	جبر	_	_
1543	،	،	،	_	_
1544	زمین	زمين	زمين	_	_
1545	شناسی-	شناسي-	شناسي-	_	_
1546	چینه	چينه	چينه	_	_
1547	و	و	و	_	_
1548	فسیل	فسيل	فسيل	_	_
1549	شناسی	شناسي	شناسي	_	_
1550	و	و	و	_	_
1551	میکروبیولوژی	ميکروبيولوژي	ميکروبيولوژي	_	_
1552	دانشجوی	دانشجوي	دانشجوي	_	_
1553	دکترا	دكترا	دكترا	_	_
1554	می‌پذیرد	مي‌پذيرد	مي‌پذيرد	_	_
1555	.	.	.	_	_
1556	کسب	كسب	كسب	_	_
1557	حد	حد	حد	_	_
1558	نصاب	نصاب	نصاب	_	_
1559	لازم	لازم	لازم	_	_
1560	در	در	در	_	_
1561	آزمون	آزمون	آزمون	_	_
1562	ورودی	ورودي	ورودي	_	_
1563	به	به	به	_	_
1564	دوره‌ی	دوره‌ي	دوره‌ي	_	_
1565	دکتری	دكتري	دكتري	_	_
1566	از	از	از	_	_
1567	دیگر	ديگر	ديگر	_	_
1568	شرایط	شرايط	شرايط	_	_
1569	ثبت	ثبت	ثبت	_	_
1570	نام	نا	نام	_	_
1571	است	است		_	_
1572	.	.	.	_	_
1573	دانشگاه	دانشگاه	دانشگاه	_	_
1574	غیر	غير	غير	_	_
1575	مجاز	مجاز	مجاز	_	_
1576	هاوایی	هاوايي	هاوايي	_	_
1577	در	در	در	_	_
1578	سال	سال	سال	_	_
1579	‌		‌	_	_
1580	۱۳۷۲	1372	1372	_	_
1581	تاسیس	تاسيس	تاسيس	_	_
1582	شد	شد	شد	_	_
1583	و	و	و	_	_
1584	۵۰۰	500	500	_	_
1585	فارغ‌التحصیل	فارغ‌التحصيل	فارغ‌التحصيل	_	_
1586	بود	بود	بود	_	_
1587	که	كه	كه	_	_
1588	همگی	همگي	همگي	_	_
1589	آنها	آن	آن	_	_
1590	شناسایی	شناسايي	شناسايي	_	_
1591	شده‌اند	شده‌اند	شد	_	_
1592	و	و	و	_	_
1593	براساس	براساس	براساس	_	_
1594	کیفرخواست	كيفرخواس	كيفرخواست	_	_
1595	حبس	حبس	حبس	_	_
1596	تعزیری	تعزيري	تعزيري	_	_
1597	(	(	(	_	_
1598	بازدارنده	بازدارنده	بازدارنده	_	_
1599	)	)	)	_	_
1600	به	به	به	_	_
1601	اتهام	اتهام	اتهام	_	_
1602	کلاهبرداری	کلاهبرداري	کلاهبرداري	_	_
1603	تبرئه	تبرئه	تبرئه	_	_
1604	شده	شده	شده	_	_
1605	و	و	و	_	_
1606	حکم	حک	حکم	_	_
1607	۳	3	3	_	_
1608	سال	سال	سال	_	_
1609	وی	وي	وي	_	_
1610	نیز	نيز	نيز	_	_
1611	نقض	نقض	نقض	_	_
1612	شده‌است	شده‌است	شد	_	_
1613	.	.	.	_	_
1614	در	در	در	_	_
1615	صورت	صور	صورت	_	_
1616	ضرورت	ضرورت	ضرورت	_	_
1617	اسامی	اسامي	اسامي	_	_
1618	فارغ‌التحصیلان	فارغ‌التحصيل	فارغ‌التحصيلان	_	_
1619	ذی	ذي	ذي	_	_
1620	نفع	نفع	نفع	_	_
1621	منتشر	منتشر	منتشر	_	_
1622	می‌شود	مي‌شود	مي‌شود	_	_
1623	.	.	.	_	_
1624	تبعات	تبع	تبعات	_	_
1625	منفی	منفي	منفي	_	_
1626	زیادی	زيادي	زيادي	_	_
1627	به	به	به	_	_
1628	دنبال	دنبال	دنبال	_	_
1629	خواهد‌داشت	خواهد‌دا	داشت	_	_
1630	.	.	.	_	_
1631	سلام	سلام	سلام	_	_
1632	به	به	به	_	_
1633	همه	همه	همه	_	_
1634	ی		ی	_	_
1635	مردم	مرد	مردم	_	_
1636	ایران	ایران	ایران	_	_
1637	که	که	که	_	_
1638	خوش	خو	خوش	_	_
1639	اخلاق	اخلاق	اخلاق	_	_
1640	هستند	هستند		_	_
1641	.	.	.	_	_
1642	پلنگی	پلنگ	پلنگ	_	_
1643	با	با	با	_	_
1644	پوستی	پوست	پوست	_	_
1645	راه	راه	راه	_	_
1646	راه	راه	راه	_	_
1647	دیدم	دید	دید	_	_
1648	که	که	که	_	_
1649	تند	تند	تند	_	_
1650	تند	تند	تند	_	_
1651	می	می	می	_	_
1652	دوید	دوید	دوید	_	_
1653	و	و	و	_	_
1654	من	من	من	_	_
1655	ترسیدم	ترسید	ترسید	_	_
1656	و	و	و	_	_
1657	گفتم	گفت	گفت	_	_
1658	وااای	وااا	وااای	_	_
1659	.	.	.	_	_
1660	محصولاتی	محصولاتي	محصولاتي	_	_
1661	نظیر	نظير	نظير	_	_
1662	پلاستیک	پلاستيك	پلاستيك	_	_
1663	،	،	،	_	_
1664	دارو	دارو	دارو	_	_
1665	،	،	،	_	_
1666	موادشوینده	موادشوينده	موادشوينده	_	_
1667	و	و	و	_	_
1668	سوخت‌ها	سوخت	سوخت	_	_
1669	در	در	در	_	_
1670	واحدهای	واحدهاي	واحدهاي	_	_
1671	عملی	عملي	عملي	_	_
1672	استفاده	استفاده	استفاده	_	_
1673	می	مي	مي	_	_
1674	کنند	كنند	كنند	_	_
1675	و	و	و	_	_
1676	همچنین	همچنين	همچنين	_	_
1677	برای	براي	براي	_	_
1678	بالابردن	بالابردن	بالابردن	_	_
1679	تولید	توليد	توليد	_	_
1680	برنامه‌ریزی	برنامه‌ريزي	برنامه‌ريزي	_	_
1681	می‌کند	مي‌كند	مي‌كند	_	_
1682	.	.	.	_	_
1683	انرژی	انرژي	انرژي	_	_
1684	هسته‌ای	هسته‌اي	هسته‌اي	_	_
1685	،	،	،	_	_
1686	صنایع	صنايع	صنايع	_	_
1687	غذایی	غذايي	غذايي	_	_
1688	،	،	،	_	_
1689	توسعه‌ی	توسعه‌ي	توسعه‌ي	_	_
1690	منابع	منابع	منابع	_	_
1691	جدید	جديد	جديد	_	_
1692	انرژی	انرژي	انرژي	_	_
1693	،	،	،	_	_
1694	تحقیقات	تحقيق	تحقيقات	_	_
1695	،	،	،	_	_
1696	مدیریت	مديري	مديريت	_	_
1697	،	،	،	_	_
1698	پردازش	پردازش	پردازش	_	_
1699	داده‌ها	داده	داده	_	_
1700	و	و	و	_	_
1701	میزان	ميز	ميزان	_	_
1702	و	و	و	_	_
1703	بازار	بازار	بازار	_	_
1704	فروش	فرو	فروش	_	_
1705	از	از	از	_	_
1706	دیگر	ديگر	ديگر	_	_
1707	زمینه‌های	زمينه‌هاي	زمينه‌هاي	_	_
1708	فعالیت	فعالي	فعاليت	_	_
1709	مهندسان	مهندس	مهندس	_	_
1710	شیمی	شيمي	شيمي	_	_
1711	می‌باشد	مي‌باشد	مي‌باشد	_	_
1712	.	.	.	_	_
1713	اما	اما	اما	_	_
1714	قواغنین	قواغنين	قواغنين	_	_
1715	دست	دست	دست	_	_
1716	و	و	و	_	_
1717	پاگیر	پاگير	پاگير	_	_
1718	دانشگاه	دانشگاه	دانشگاه	_	_
1719	قم	قم	قم	_	_
1720	،	،	،	_	_
1721	چون	چون	چون	_	_
1722	همیشه	هميشه	هميشه	_	_
1723	انگیزه	انگيزه	انگيزه	_	_
1724	ها		ها	_	_
1725	و	و	و	_	_
1726	اراده‌ها	اراده	اراده	_	_
1727	را	را	را	_	_
1728	سرد	سرد	سرد	_	_
1729	و	و	و	_	_
1730	بی	بي	بي	_	_
1731	رمق	رمق	رمق	_	_
1732	می‌نماید	مي‌نمايد	مي‌نمايد	_	_
1733	.	.	.	_	_
1734	ترافیک	ترافیک	ترافیک	_	_
1735	شدید	شدید	شدید	_	_
1736	در	در	در	_	_
1737	اتوبان	اتوبان	اتوبان	_	_
1738	چمران	چمران	چمران	_	_
1739	بسیار	بسیار	بسیار	_	_
1740	آزار	آزار	آزار	_	_
1741	دهنده	دهنده	دهنده	_	_
1742	بود	بود	بود	_	_
1743	.	.	.	_	_
1744	آهنگی	آهنگ	آهنگ	_	_
1745	شنیدم	شنید	شنید	_	_
1746	که	که	که	_	_
1747	خواننده	خواننده	خواننده	_	_
1748	با	با	با	_	_
1749	صدایی	صدا	صدا	_	_
1750	زیبا	زیبا	زیبا	_	_
1751	و	و	و	_	_
1752	رسا	رسا	رسا	_	_
1753	آن	آن	آن	_	_
1754	را	را	را	_	_
1755	میخواند	میخواند	میخواند	_	_
1756	.	.	.	_	_
1757	دختری	دختر	دختر	_	_
1758	با	با	با	_	_
1759	کفشهای	کفش	کفش	_	_
1760	کتانی	کتان	کتان	_	_
1761	دیدم	دید	دید	_	_
1762	که	که	که	_	_
1763	سبزیجات	سبزیجات	سبزیجات	_	_
1764	میخورد	میخورد	میخورد	_	_
1765	.	.	.	_	_
1766	واحد	واحد	واحد	_	_
1767	مرکزی	مرکز	مرکزی	_	_
1768	خبر	خبر	خبر	_	_
1769	اخبار	اخبار	اخبار	_	_
1770	جدیدی	جدید	جدید	_	_
1771	را	را	را	_	_
1772	مخابره	مخابره	مخابره	_	_
1773	کرد	کرد	کرد	_	_
1774	.	.	.	_	_
1775	چرا	چرا	چرا	_	_
1776	لباسهای	لباس	لباس	_	_
1777	خواهرت	خواهر	خواهر	_	_
1778	را	را	را	_	_
1779	اتو	اتو	اتو	_	_
1780	نکردی	نکرد	کرد	_	_
1781	؟	؟	؟	_	_
1782	دشمنان	دشمن	دشمن	_	_
1783	ایران	ایران	ایران	_	_
1784	در	در	در	_	_
1785	همه	همه	همه	_	_
1786	نقاط	نقاط	نقاط	_	_
1787	جهان	جهان	جهان	_	_
1788	پراکننده	پراکننده	پراکننده	_	_
1789	هستند	هستند		_	_
1790	.	.	.	_	_
1791	گروه	گروه	گروه	_	_
1792	بزرگ	بزرگ	بزرگ	_	_
1793	موسیقیایی	موسیقیایی	موسیقیایی	_	_
1794	پاپ	پاپ	پاپ	_	_
1795	راک	راک	راک	_	_
1796	در	در	در	_	_
1797	کابل	کابل	کابل	_	_
1798	کنسرت	کنسرت	کنسرت	_	_
1799	خواهند‌داشت	خواهند‌دا	داشت	_	_
1800	.	.	.	_	_
1801	دیشب	دیشب	دیشب	_	_
1802	برنامه	برنامه	برنامه	_	_
1803	۹۰	۹۰	۹۰	_	_
1804	به	به	به	_	_
1805	علت	علت	علت	_	_
1806	سو	سو	سو	_	_
1807	تفاهم	تفاهم	تفاهم	_	_
1808	بین	بین	بین	_	_
1809	دست	دست	دست	_	_
1810	اندر	اندر	اندر	_	_
1811	کاران	کار	کار	_	_
1812	پخش	پخ	پخش	_	_
1813	نشد	نشد	شد	_	_
1814	.	.	.	_	_
1815	ستارگان	ستارگان	ستارگان	_	_
1816	سینمای	سینما	سینما	_	_
1817	هالیوود	هالیوود	هالیوود	_	_
1818	بسیار	بسیار	بسیار	_	_
1819	پر	پر	پر	_	_
1820	درآمد	درآمد	درآمد	_	_
1821	هستند	هستند		_	_
1822	.	.	.	_	_
1823	سیستم	سیس	سیستم	_	_
1824	کامپیوتری	کامپیوتر	کامپیوتری	_	_
1825	شرکتهای	شرکت	شرکت	_	_
1826	ایرانی	ایران	ایران	_	_
1827	قوی	قو	قوی	_	_
1828	نیست	نیست	نیست	_	_
1829	.	.	.	_	_
1830	خواهرم	خواهر	خواهر	_	_
1831	به	به	به	_	_
1832	مغازه	مغازه	مغازه	_	_
1833	رفت	رف	رفت	_	_
1834	و	و	و	_	_
1835	شکلات	شکل	شکلات	_	_
1836	و	و	و	_	_
1837	آبنبات	آبنب	آبنبات	_	_
1838	خرید	خرید	خرید	_	_
1839	.	.	.	_	_
1840	او	او	او	_	_
1841	به	به	به	_	_
1842	من	من	من	_	_
1843	نگاه	نگاه	نگاه	_	_
1844	خیلی	خیل	خیلی	_	_
1845	سنگینی	سنگین	سنگین	_	_
1846	کرد	کرد	کرد	_	_
1847	.	.	.	_	_
1848	من	من	من	_	_
1849	به	به	به	_	_
1850	معلمم	معلم	معلم	_	_
1851	که	که	که	_	_
1852	دست	دست	دست	_	_
1853	به	به	به	_	_
1854	سینه	سینه	سینه	_	_
1855	ایستاده‌بود	ایستاده‌بود	ایستاد	_	_
1856	نگاه	نگاه	نگاه	_	_
1857	بدی	بد	بدی	_	_
1858	کردم	کرد	کرد	_	_
1859	.	.	.	_	_
1860	طلاب	طلاب	طلاب	_	_
1861	حوزه	حوزه	حوزه	_	_
1862	ی		ی	_	_
1863	عملیه	عملیه	عملیه	_	_
1864	قم	قم	قم	_	_
1865	بسیار	بسیار	بسیار	_	_
1866	پر	پر	پر	_	_
1867	کار	کار	کار	_	_
1868	و	و	و	_	_
1869	سخت	سخت	سخت	_	_
1870	کوش	کو	کو	_	_
1871	هستند	هستند		_	_
1872	.	.	.	_	_
1873	رانندگی	رانندگی	رانندگی	_	_
1874	با	با	با	_	_
1875	سرعت	سرعت	سرعت	_	_
1876	بالا	بالا	بالا	_	_
1877	برای	برای	برای	_	_
1878	سر	سر	سر	_	_
1879	نشینان	نشین	نشینان	_	_
1880	و	و	و	_	_
1881	راننده	راننده	راننده	_	_
1882	خطر	خطر	خطر	_	_
1883	ناک	ناک	ناک	_	_
1884	است	است		_	_
1885	.	.	.	_	_
1886	سه	سه	سه	_	_
1887	ماه	ماه	ماه	_	_
1888	مانده	مانده	مانده	_	_
1889	به	به	به	_	_
1890	جشنواره	جشنواره	جشنواره	_	_
1891	فیلم	فیل	فیلم	_	_
1892	فجر	فجر	فجر	_	_
1893	بعضی	بعض	بعضی	_	_
1894	از	از	از	_	_
1895	کار	کار	کار	_	_
1896	گر	گر	گر	_	_
1897	دانان	دان	دانان	_	_
1898	فیلمهای	فیلم	فیلم	_	_
1899	خود	خود	خود	_	_
1900	را	را	را	_	_
1901	به	به	به	_	_
1902	کمیته	کمیته	کمیته	_	_
1903	داوران	داور	داور	_	_
1904	تحویل	تحویل	تحویل	_	_
1905	دادند	دادند	داد	_	_
1906	.	.	.	_	_
1907	موسم	موسم	موسم	_	_
1908	بهاران	بهار	بهاران	_	_
1909	هوای	هوا	هوا	_	_
1910	شمال	شمال	شمال	_	_
1911	شهر	شهر	شهر	_	_
1912	تهران	تهران	تهران	_	_
1913	بسیار	بسیار	بسیار	_	_
1914	دل	دل	دل	_	_
1915	ربا	ربا	ربا	_	_
1916	میشود	میشود	میشود	_	_
1917	.	.	.	_	_
1918	یکی	یک	یک	_	_
1919	از	از	از	_	_
1920	آثار	آثار	آثار	_	_
1921	بشدت	بشد	بشدت	_	_
1922	دوست	دوست	دوست	_	_
1923	داشتنی	داشتن	داشتن	_	_
1924	جیم	جی	جیم	_	_
1925	جارموش	جارمو	جارموش	_	_
1926	که	که	که	_	_
1927	تماما	تماما	تماما	_	_
1928	حول	حول	حول	_	_
1929	محور	محور	محور	_	_
1930	گفتگو	گفتگو	گفتگو	_	_
1931	،	،	،	_	_
1932	سیگار	سیگار	سیگار	_	_
1933	و	و	و	_	_
1934	قهوه	قهوه	قهوه	_	_
1935	میگردد	میگردد	میگردد	_	_
1936	و	و	و	_	_
1937	ادای	ادا	ادا	_	_
1938	دین	دِ	دِین	_	_
1939	جیم	جی	جیم	_	_
1940	به	به	به	_	_
1941	این	این	این	_	_
1942	دو	دو	دو	_	_
1943	عزیز	عزیز	عزیز	_	_
1944	است	است		_	_
1945	.	.	.	_	_
1946	صداوسیمای	صداوسیما	صداوسیما	_	_
1947	جمهوری	جمهور	جمهوری	_	_
1948	اسلامی	اسلام	اسلام	_	_
1949	ایران	ایران	ایران	_	_
1950	برنامههای	برنامه	برنامه	_	_
1951	جالبی	جالب	جالب	_	_
1952	ندارد	ندارد	داشت	_	_
1953	.	.	.	_	_
1954	پرداخت	پرداخت	پرداخت	_	_
1955	قبض	قبض	قبض	_	_
1956	به	به	به	_	_
1957	صورت	صور	صورت	_	_
1958	الکترونیکی	الکترونیک	الکترونیک	_	_
1959	هزینه	هزینه	هزینه	_	_
1960	آبونمان	آبونمان	آبونمان	_	_
1961	را	را	را	_	_
1962	کاهش	کاه	کاهش	_	_
1963	بسزایی	بسزا	بسزایی	_	_
1964	میدهد	میدهد	میدهد	_	_
1965	.	.	.	_	_
1966	آشپزی	آشپز	آشپز	_	_
1967	در	در	در	_	_
1968	رستوران	رستوران	رستوران	_	_
1969	هنگام	هنگام	هنگام	_	_
1970	پخت	پخ	پخت	_	_
1971	غذا	غذا	غذا	_	_
1972	دستش	دست	دست	_	_
1973	سوخت	سوخت	سوخت	_	_
1974	.	.	.	_	_
1975	ماشین	ما	ماشین	_	_
1976	آلات	آل	آلات	_	_
1977	چینی	چین	چینی	_	_
1978	کیفیت	کیف	کیفیت	_	_
1979	مرغوبی	مرغوب	مرغوب	_	_
1980	ندارند	ندارند	داشت	_	_
1981	.	.	.	_	_
1982	کردستان	کردستان	کردستان	_	_
1983	سرزمینی	سرزمین	سرزمین	_	_
1984	بسیار	بسیار	بسیار	_	_
1985	دل	دل	دل	_	_
1986	فریب	فریب	فریب	_	_
1987	میباشد	میباشد	میباشد	_	_
1988	.	.	.	_	_
1989	الهی	اله	اله	_	_
1990	جانتان	جان	جان	_	_
1991	سلامت	سلام	سلامت	_	_
1992	و	و	و	_	_
1993	تن	تن	تن	_	_
1994	درست	درس	درست	_	_
1995	باشد	باشد	بود	_	_
1996	.	.	.	_	_
1997	البسه	البسه	البسه	_	_
1998	خودتان	خود	خود	_	_
1999	را	را	را	_	_
2000	با	با	با	_	_
2001	اتو	اتو	اتو	_	_
2002	صاف	صاف	صاف	_	_
2003	کنید	کنید	کرد	_	_
2004	.	.	.	_	_
2005	بیماران	بیمار	بیمار	_	_
2006	قبلی	قبل	قبل	_	_
2007	و	و	و	_	_
2008	عروقی	عروق	عروق	_	_
2009	در	در	در	_	_
2010	بیمارستان	بیمارستان	بیمارستان	_	_
2011	آبان	آب	آبان	_	_
2012	بستری	بستر	بستری	_	_
2013	شدند	شدند	شد	_	_
2014	.	.	.	_	_
2015	سامان	سام	سامان	_	_
2016	پسری	پسر	پسر	_	_
2017	هنرمند	هنرمند	هنرمند	_	_
2018	او	او	او	_	_
2019	موسیقی	موسیقی	موسیقی	_	_
2020	دان	د	دان	_	_
2021	است	است		_	_
2022	.	.	.	_	_
2023	مجمع	مجمع	مجمع	_	_
2024	عمومی	عموم	عموم	_	_
2025	و	و	و	_	_
2026	انتخابات	انتخاب	انتخابات	_	_
2027	شورای	شورا	شورا	_	_
2028	مرکزی	مرکز	مرکزی	_	_
2029	و	و	و	_	_
2030	بازرسین	بازرس	بازرسین	_	_
2031	جامعه	جامعه	جامعه	_	_
2032	دانش‌آموختگان	دانش‌آموختگ	دانش‌آموختگان	_	_
2033	دانشگاه	دانشگاه	دانشگاه	_	_
2034	ظرف	ظرف	ظرف	_	_
2035	ماه	ماه	ماه	_	_
2036	آتی	آتی	آتی	_	_
2037	برگزار	برگزار	برگزار	_	_
2038	میشود	میشود	میشود	_	_
2039	.	.	.	_	_
