0	از	از	از	_	_
1	آتشی	آتش	آتش	_	_
2	که	که	که	_	_
3	افروختم	افروخ	افروختم	_	_
4	خودم	خود	خودم	_	_
5	سوختم	سوخت	سوخت	_	_
6	جانبازان	جانباز	جانباز	_	_
7	و	و	و	_	_
8	معلولین	معلول	معلولین	_	_
9	کشور	کشور	کشور	_	_
10	آب‌	آب	آب	_	_
11	های		های	_	_
12	آزاد	آزاد	آزاد	_	_
13	دریای	دریا	دریا	_	_
14	مکران	مکر	مکر	_	_
15	را	را	را	_	_
16	درنوردیدند	درنوردیدند	درنوردیدند	_	_
17	بعدا	بعداً	بعداً	_	_
18	ز	ز	ز	_	_
19	خجالت	خجالت	خجالت	_	_
20	تو	تو	تو	_	_
21	درمی‌آیم	درمی‌آ	درمی‌آیم	_	_
22	با	با	با	_	_
23	گفتن	گفتن	گفتن	_	_
24	کلمه	کلمه	کلمه	_	_
25	ی		ی	_	_
26	"	"	"	_	_
27	سپاسگزارم	سپاسگزار	سپاسگزار	_	_
28	"	"	"	_	_
29	مراتب	مراتب	مراتب	_	_
30	تشکر	تشکر	تشکر	_	_
31	و	و	و	_	_
32	تقدیر	تقدیر	تقدیر	_	_
33	خود	خود	خود	_	_
34	را	را	را	_	_
35	به	به	به	_	_
36	یکدیگر	یکدیگر	یکدیگر	_	_
37	اعلام	اعلا	اعلام	_	_
38	می	می	می	_	_
39	دارند	دارند	داشت	_	_
40	بتازید	بتازید	بتازید	_	_
41	بتازید که	بتازید که	بتازید که	_	_
42	چالاک	چالاک	چالاک	_	_
43	سوارید	سوارید	سوارید	_	_
44	.	.	.	_	_
45	بنازید	بنازید	بنازید	_	_
46	بنازید	بنازید	بنازید	_	_
47	که	که	که	_	_
48	خوبان	خوب	خوب	_	_
49	جهانید	جهانید	جهانید	_	_
50	در	در	در	_	_
51	سلسله	سلسله	سلسله	_	_
52	مراتب	مراتب	مراتب	_	_
53	دانشگاه	دانشگاه	دانشگاه	_	_
54	چهار	چهار	چهار	_	_
55	رده	رده	رده	_	_
56	مربی	مربی	مربی	_	_
57	،	،	،	_	_
58	استادیار	استادیار	استادیار	_	_
59	،	،	،	_	_
60	 دانشیار و	 دانشیار و	 دانشیار و	_	_
61	استاد	استاد	استاد	_	_
62	تمامی	تمام	تمام	_	_
63	وجود	وجود	وجود	_	_
64	دارد	دارد	داشت	_	_
65	که	که	که	_	_
66	مرتبه	مرتبه	مرتبه	_	_
67	آخر	آخر	آخر	_	_
68	در	در	در	_	_
69	خارج	خارج	خارج	_	_
70	از	از	از	_	_
71	کشور	کشور	کشور	_	_
72	«	«	«	_	_
73	پرفسور	پرفسور	پرفسور	_	_
74	»	»	»	_	_
75	نامیده	نامیده	نامیده	_	_
76	می	می	می	_	_
77	شود	شود	شد	_	_
78	در	در	در	_	_
79	کاربرد	کاربرد	کاربرد	_	_
80	امروزی وزارت یکی	امروزی وزارت یک	امروزی وزارت یکی	_	_
81	از	از	از	_	_
82	اجزای	اجزا	اجزا	_	_
83	ساختار	ساختار	ساختار	_	_
84	دولت	دول	دولت	_	_
85	است	است		_	_
86	آموزش	آموزش	آموزش	_	_
87	آشپزی	آشپز	آشپز	_	_
88	در دستپخت در	در دستپخت در	در دستپخت در	_	_
89	قالب	قالب	قالب	_	_
90	دستور	دستور	دستور	_	_
91	پخت	پخ	پخت	_	_
92	۴	4	4	_	_
93	گروه	گروه	گروه	_	_
94	غذای	غذا	غذا	_	_
95	ایرانی	ایران	ایران	_	_
96	غذای	غذا	غذا	_	_
97	ملل	ملل	ملل	_	_
98	فست	فس	فست	_	_
99	فود	فود	فود	_	_
100	و	و	و	_	_
101	فینگر	فینگر	فینگر	_	_
102	فود	فود	فود	_	_
103	و	و	و	_	_
104	نان-قنادی-دسر	نان-قنادی-دسر	نان-قنادی-دسر	_	_
105	و	و	و	_	_
106	البته	البته	البته	_	_
107	مسابقه	مسابقه	مسابقه	_	_
108	آشپزی ارائه	آشپزی ارائه	آشپزی ارائه	_	_
109	میشود	میشود	میشود	_	_
110	توزیع	توزیع	توزیع	_	_
111	یکنواخت	یکنواخت	یکنواخت	_	_
112	:	:	:	_	_
113	توزیعی	توزیع	توزیع	_	_
114	که	که	که	_	_
115	در	در	در	_	_
116	حالت	حال	حالت	_	_
117	پیوسته	پیوسته	پیوسته	_	_
118	دارای	دارا	دارا	_	_
119	چگالی	چگال	چگال	_	_
120	ثابتی	ثابت	ثابت	_	_
121	بر	بر	بر	_	_
122	مجموعه	مجموعه	مجموعه	_	_
123	ای	ای	ای	_	_
124	مفروض	مفروض	مفروض	_	_
125	است	است		_	_
126	و	و	و	_	_
127	در	در	در	_	_
128	حالت	حال	حالت	_	_
129	گسسته	گسسته	گسسته	_	_
130	احتمالی	احتمال	احتمال	_	_
131	یکسان	یکسان	یکسان	_	_
132	را	را	را	_	_
133	به	به	به	_	_
134	هر	هر	هر	_	_
135	مقدار	مقدار	مقدار	_	_
136	برد	بُرد	بُرد	_	_
137	خود	خود	خود	_	_
138	تخصیص	تخصیص	تخصیص	_	_
139	می	می	می	_	_
140	دهد	دهد	داد	_	_
141	دولت	دول	دولت	_	_
142	کرخت	کرخت	کرخت	_	_
143	و	و	و	_	_
144	گیج	گیج	گیج	_	_
145	است	است		_	_
146	تاخت اسب	تاخت اسب	تاخت اسب	_	_
147	یا	یا	یا	_	_
148	دیگر	دیگر	دیگر	_	_
149	چهارپایان	چهارپا	چهارپا	_	_
150	به	به	به	_	_
151	دو	دو	دو	_	_
152	شکل	شکل	شکل	_	_
153	است	است		_	_
154	سیاحت غرب	سیاحت غرب	سیاحت غرب	_	_
155	یا	یا	یا	_	_
156	سرنوشت	سرنوشت	سرنوشت	_	_
157	ارواح	ارواح	ارواح	_	_
158	پس	پس	پس	_	_
159	از	از	از	_	_
160	مرگ	مرگ	مرگ	_	_
161	کتابی	کتاب	کتاب	_	_
162	اثر	اثر	اثر	_	_
163	آقا	آقا	آقا	_	_
164	نجفی	نجف	نجف	_	_
165	قوچانی	قوچان	قوچان	_	_
166	است	است		_	_
167	مهابت	مهاب	مهابت	_	_
168	.	.	.	_	_
169	این	این	این	_	_
170	واژه	واژه	واژه	_	_
171	را	را	را	_	_
172	اولین	اول	اولین	_	_
173	بار	بار	بار	_	_
174	در	در	در	_	_
175	داستان	داستان	داستان	_	_
176	همای	هما	هما	_	_
177	کاظم	کاظم	کاظم	_	_
178	رضا	رضا	رضا	_	_
179	دیدم	دید	دید	_	_
180	انواع کراوات با	انواع کراوات با	انواع کراوات با	_	_
181	طرح	طرح	طرح	_	_
182	و	و	و	_	_
183	نقش	نق	نقش	_	_
184	مختلف	مختلف	مختلف	_	_
185	در	در	در	_	_
186	انواع	انواع	انواع	_	_
187	رنگ	رنگ	رنگ	_	_
188	ها		ها	_	_
189	به	به	به	_	_
190	همراه	همراه	همراه	_	_
191	کالکشن	کالکشن	کالکشن	_	_
192	بی‌نظیر	بی‌نظیر	بی‌نظیر	_	_
193	از	از	از	_	_
194	پاپیون	پاپیون	پاپیون	_	_
195	‌مردانه	‌مردانه	‌مردانه	_	_
196	برای	برای	برای	_	_
197	سلیقه‌های	سلیقه	سلیقه	_	_
198	خاص	خاص	خاص	_	_
199	.	.	.	_	_
200	ساسات در	ساسات در	ساسات در	_	_
201	وسائل	وسائل	وسائل	_	_
202	نقلیه	نقلیه	نقلیه	_	_
203	به	به	به	_	_
204	دکمه	دکمه	دکمه	_	_
205	دریچه	دریچه	دریچه	_	_
206	هوای	هوا	هوا	_	_
207	کاربراتور	کاربراتور	کاربراتور	_	_
208	می‌گویند	می‌گویند	گفت	_	_
209	فلاحت فارس	فلاحت فارس	فلاحت فارس	_	_
210	نام	نا	نام	_	_
211	یکی	یک	یک	_	_
212	از	از	از	_	_
213	مطبوعات	مطبوع	مطبوعات	_	_
214	استان	است	استان	_	_
215	فارس	فارس	فارس	_	_
216	در	در	در	_	_
217	دوران	دور	دوران	_	_
218	پهلوی	پهلو	پهلوی	_	_
219	اول	اول	اول	_	_
220	است	است		_	_
221	آجودان یا	آجودان یا	آجودان یا	_	_
222	فریار	فریار	فریار	_	_
223	امیر	امیر	امیر	_	_
224	یا	یا	یا	_	_
225	افسری	افسر	افسری	_	_
226	است	است		_	_
227	که	که	که	_	_
228	مقامات	مقام	مقامات	_	_
229	بلندپایه	بلندپایه	بلندپایه	_	_
230	کشوری	کشور	کشور	_	_
231	و	و	و	_	_
232	لشگری	لشگر	لشگر	_	_
233	را	را	را	_	_
234	در	در	در	_	_
235	امور	امور	امور	_	_
236	مختلف	مختلف	مختلف	_	_
237	،	،	،	_	_
238	برای	برای	برای	_	_
239	پیشبرد	پیشبرد	پیشبرد	_	_
240	وظایف	وظایف	وظایف	_	_
241	آنان یاری	آنان یار	آنان یاری	_	_
242	می‌کند	می‌کند	کرد	_	_
243	.	.	.	_	_
244	اورانگوتان سوماترایی	اورانگوتان سوماترا	اورانگوتان سوماترایی	_	_
245	یکی	یک	یک	_	_
246	از	از	از	_	_
247	دو	دو	دو	_	_
248	گونهٔ	گونه	گونه	_	_
249	موجود	موجود	موجود	_	_
250	اورانگوتانها	اورانگوتان	اورانگوتان	_	_
251	است	است		_	_
252	از	از	از	_	_
253	چه	چه	چه	_	_
254	مسیری	مسیر	مسیر	_	_
255	می	می	می	_	_
256	توان	تو	توان	_	_
257	به ارسباران سفر	به ارسباران سفر	به ارسباران سفر	_	_
258	کرد	کرد	کرد	_	_
259	؟	؟	؟	_	_
260	ویدئوی	ویدئو	ویدئو	_	_
261	زیبا	زیبا	زیبا	_	_
262	از	از	از	_	_
263	حضور شکوهمند مردم	حضور شکوهمند مرد	حضور شکوهمند مردم	_	_
264	مشهد	مشهد	مشهد	_	_
265	در	در	در	_	_
266	راهپیمایی	راهپیما	راهپیما	_	_
267	بزرگ	بزرگ	بزرگ	_	_
268	بیعت	بیع	بیعت	_	_
269	با	با	با	_	_
270	ولایت	ولایت	ولایت	_	_
271	رجب	رجب	رجب	_	_
272	طیب اردوغان	طیب اردوغ	طیب اردوغان	_	_
273	،	،	،	_	_
274	رئیس	رئیس	رئیس	_	_
275	جمهوری ترکیه اعلام	جمهوری ترکیه اعلا	جمهوری ترکیه اعلام	_	_
276	کرد	کرد	کرد	_	_
277	که	که	که	_	_
278	کشورش	کشور	کشور	_	_
279	صلح	صلح	صلح	_	_
280	و	و	و	_	_
281	امنیت	امنیت	امنیت	_	_
282	را	را	را	_	_
283	در	در	در	_	_
284	عراق	عراق	عراق	_	_
285	و	و	و	_	_
286	سوریه	سوریه	سوریه	_	_
287	و	و	و	_	_
288	مناطقی	مناطق	مناطق	_	_
289	که	که	که	_	_
290	تحت کنترل ترکیه نیست	تحت کنترل ترکیه نیس	تحت کنترل ترکیه نیست	_	_
291	برقرار	برقرار	برقرار	_	_
292	می‌کند	می‌کند	کرد	_	_
293	وجه	وجه	وجه	_	_
294	اول	اول	اول	_	_
295	آن	آن	آن	_	_
296	این	این	این	_	_
297	است	است		_	_
298	که	که	که	_	_
299	در	در	در	_	_
300	برخی	برخی	برخی	_	_
301	از	از	از	_	_
302	مناطق	مناطق	مناطق	_	_
303	شهر	شهر	شهر	_	_
304	تهران	تهران	تهران	_	_
305	ازجمله	ازجمله	ازجمله	_	_
306	خیابانی	خیابان	خیابان	_	_
307	در	در	در	_	_
308	منطقه	منطقه	منطقه	_	_
309	۱۵	۱۵	۱۵	_	_
310	با	با	با	_	_
311	وضعیت	وضعیت	وضعیت	_	_
312	بد	بد	بد	_	_
313	دستفروشی	دستفروش	دستفروشی	_	_
314	مواجه	مواجه	مواجه	_	_
315	هستیم	هستی		_	_
316	که	که	که	_	_
317	مردم گله‌مند بوده	مردم گله‌مند بوده	مردم گله‌مند بوده	_	_
318	مسجد جمکران	مَسجِد جَمْکَر	مَسجِد جَمْکَران	_	_
319	،	،	،	_	_
320	مسجدی	مسجد	مسجد	_	_
321	منسوب	منسوب	منسوب	_	_
322	به	به	به	_	_
323	امام	اما	امام	_	_
324	زمان	زمان	زمان	_	_
325	،	،	،	_	_
326	دوازدهمین	دوازده	دوازدهمین	_	_
327	امام	اما	امام	_	_
328	شیعیان	شیعی	شیعی	_	_
329	،	،	،	_	_
330	در	در	در	_	_
331	حاشیه	حاشیه	حاشیه	_	_
332	شهر	شهر	شهر	_	_
333	قم	قم	قم	_	_
334	که	که	که	_	_
335	گفته	گفته	گفته	_	_
336	شده	شده	شده	_	_
337	در	در	در	_	_
338	قرن	قرن	قرن	_	_
339	چهارم	چهار	چهارم	_	_
340	قمری	قمر	قمر	_	_
341	به‌دستور	به‌دستور	به‌دستور	_	_
342	وی	و	وی	_	_
343	ساخته‌شده‌است	ساخته‌شده‌اس	ساخت	_	_
344	تفاوت	تفاوت	تفاوت	_	_
345	هواکش	هواکش	هواکش	_	_
346	و	و	و	_	_
347	دمنده	دمنده	دمنده	_	_
348	در	در	در	_	_
349	چیست	چیست	چیست	_	_
350	؟	؟	؟	_	_
351	ندیدند	نديدند	نديدند	_	_
352	چیزی	چيزي	چيزي	_	_
353	جز	جز	جز	_	_
354	از	از	از	_	_
355	بید	بيد	بيد	_	_
356	و	و	و	_	_
357	سرو	سرو	سرو	_	_
358	خرامان بزیر	خرامان بزير	خرامان بزير	_	_
359	گل	گل	گل	_	_
360	اندر	اندر	اندر	_	_
361	تذرو	تذرو	تذرو	_	_
362	اعضا	اعضا	اعضا	_	_
363	مرحوم	مرحوم	مرحوم	_	_
364	کافی	کافی	کافی	_	_
365	،	،	،	_	_
366	۴	۴	۴	_	_
367	بیمار	بیمار	بیمار	_	_
368	را کفایت	را کفا	را کفایت	_	_
369	کرد	کرد	کرد	_	_
370	براکت ممکن	براکت ممکن	براکت ممکن	_	_
371	است	است		_	_
372	به	به	به	_	_
373	موارد	موارد	موارد	_	_
374	زیر	زیر	زیر	_	_
375	اشاره	اشاره	اشاره	_	_
376	داشته‌باشد	داشته‌باشد	داشت	_	_
377	یکی	یک	یک	_	_
378	از	از	از	_	_
379	ابتدایی	ابتدا	ابتدایی	_	_
380	ترین	تر	تر	_	_
381	راه	راه	راه	_	_
382	های		های	_	_
383	تبلیغ	تبلیغ	تبلیغ	_	_
384	برای	برای	برای	_	_
385	شرکت	شرک	شرکت	_	_
386	،	،	،	_	_
387	موسسه	موسسه	موسسه	_	_
388	یا	یا	یا	_	_
389	مجموعه	مجموعه	مجموعه	_	_
390	شما	شما	شما	_	_
391	پخش تراکت است	پخش تراکت اس	پخش تراکت است	_	_
392	ستاره	ستاره	ستاره	_	_
393	بزرگ	بزرگ	بزرگ	_	_
394	ایران	ایران	ایران	_	_
395	بر	بر	بر	_	_
396	سر	سر	سر	_	_
397	دار مکافات	دار مکاف	دار مکافات	_	_
398	!	!	!	_	_
399	اهمیت	اهمیت	اهمیت	_	_
400	عقل	عقل	عقل	_	_
401	معاش	معاش	معاش	_	_
402	در	در	در	_	_
403	کنار	کنار	کنار	_	_
404	عقل	عقل	عقل	_	_
405	معاد	معاد	معاد	_	_
406	از	از	از	_	_
407	منظر	منظر	منظر	_	_
408	حضرت	حضرت	حضرت	_	_
409	علی	علی	علی	_	_
410	علیه	علیه	علیه	_	_
411	السلام	السلا	السلام	_	_
412	رفافت مرد	رفافت مرد	رفافت مرد	_	_
413	میخواهد	میخواهد	میخواهد	_	_
414	-	-	-	_	_
415	روزگار	روزگار	روزگار	_	_
416	با	با	با	_	_
417	ما	ما	ما	_	_
418	نساختی	نساخت	ساخت	_	_
419	نگذشت	نگذ	گذشت	_	_
420	.	.	.	_	_
421	سرایت جنایات	سرایت جنا	سرایت جنایات	_	_
422	در	در	در	_	_
423	اصطلاح	اصطلاح	اصطلاح	_	_
424	یعنی	یعنی	یعنی	_	_
425	هر	هر	هر	_	_
426	جنایتی	جنایت	جنایت	_	_
427	که	که	که	_	_
428	بر	بر	بر	_	_
429	تمامیت	تمام	تمامیت	_	_
430	جسمانی	جسمانی	جسمانی	_	_
431	افراد	افراد	افراد	_	_
432	وارد	وارد	وارد	_	_
433	شود	شود	شد	_	_
434	این	این	این	_	_
435	نوشتار	نوشتار	نوشتار	_	_
436	ترانه‌ها	ترانه	ترانه	_	_
437	و	و	و	_	_
438	آلبوم‌های مرجان را	آلبوم‌های مرجان را	آلبوم‌های مرجان را	_	_
439	فهرست	فهرست	فهرست	_	_
440	می‌کند	می‌کند	کرد	_	_
441	در	در	در	_	_
442	برنامه	برنامه	برنامه	_	_
443	امشب	امشب	امشب	_	_
444	قاب	قاب	قاب	_	_
445	نقد	نقد	نقد	_	_
446	مجموعه	مجموعه	مجموعه	_	_
447	تلویزیونی	تلویزیون	تلویزیون	_	_
448	سایه	سایه	سایه	_	_
449	بان	ب	بان	_	_
450	به	به	به	_	_
451	کارگردانی	کارگردان	کارگردان	_	_
452	جمشید	جمشید	جمشید	_	_
453	محمودی	محمود	محمود	_	_
454	که	که	که	_	_
455	به	به	به	_	_
456	تازگی	تازگی	تازگی	_	_
457	پخش	پخ	پخش	_	_
458	آن	آن	آن	_	_
459	از	از	از	_	_
460	شبکه	شبکه	شبکه	_	_
461	دو	دو	دو	_	_
462	سیما	سیما	سیما	_	_
463	به	به	به	_	_
464	پایان	پا	پایان	_	_
465	رسیده است	رسیده اس	رسیده است	_	_
466	،	،	،	_	_
467	بررسی	بررسی	بررسی	_	_
468	می	می	می	_	_
469	شود	شود	شد	_	_
470	در	در	در	_	_
471	زیر	زیر	زیر	_	_
472	فهرست کارگردانان ایرانی‌تبار	فهرست کارگردانان ایرانی‌تبار	فهرست کارگردانان ایرانی‌تبار	_	_
473	سینما	سینما	سینما	_	_
474	،	،	،	_	_
475	تلویزیون	تلویزیون	تلویزیون	_	_
476	و	و	و	_	_
477	تئاتر	تئا	تئاتر	_	_
478	ایران	ایران	ایران	_	_
479	(	(	(	_	_
480	و	و	و	_	_
481	جهان	جهان	جهان	_	_
482	)	)	)	_	_
483	به	به	به	_	_
484	ترتیب	ترتیب	ترتیب	_	_
485	نام	نا	نام	_	_
486	خانوادگی	خانوادگی	خانوادگی	_	_
487	و	و	و	_	_
488	اطلاعاتی	اطلاعات	اطلاعات	_	_
489	از	از	از	_	_
490	آنها	آن	آن	_	_
491	آمده‌است	آمده‌اس	آمده‌است	_	_
492	.	.	.	_	_
493	قسطنطنیه	قسطنطنیه	قسطنطنیه	_	_
494	عربی‌شدهٔ	عربی‌شده	عربی‌شدهٔ	_	_
495	کنستانتینوپول	کُنستانتینوپول	کُنستانتینوپول	_	_
496	(	(	(	_	_
497	شهر	شهر	شهر	_	_
498	کنستانتین	کنستانتین	کنستانتین	_	_
499	)	)	)	_	_
500	،	،	،	_	_
501	نام	نا	نام	_	_
502	پیشین	پی	پیشین	_	_
503	استانبول	استانبول	استانبول	_	_
504	که	که	که	_	_
505	به	به	به	_	_
506	افتخار	افتخار	افتخار	_	_
507	قیصر	قیصر	قیصر	_	_
508	روم	رو	روم	_	_
509	کنستانتین	کنستانتین	کنستانتین	_	_
510	یکم	یک	یکم	_	_
511	بدین	بد	بدین	_	_
512	نام نامیده شد	نام نامیده شد	نام نامیده شد	_	_
513	همه	همه	همه	_	_
514	ی	ي	ي	_	_
515	ما	ما	ما	_	_
516	دوست	دوست	دوست	_	_
517	داریم	داري	داريم	_	_
518	که	كه	كه	_	_
519	برنده	برنده	برنده	_	_
520	باشیم	باشي	باشيم	_	_
521	و	و	و	_	_
522	نه بازنده	نه بازنده	نه بازنده	_	_
523	فروشنده روایتگر	فروشنده روایتگر	فروشنده روایتگر	_	_
524	داستان	داستان	داستان	_	_
525	زوج	زوج	زوج	_	_
526	جوانی	جوان	جوان	_	_
527	است	است		_	_
528	که	که	که	_	_
529	در	در	در	_	_
530	حال	حال	حال	_	_
531	اجرای	اجرا	اجرا	_	_
532	نمایشنامه	نمایشنامه	نمایشنامه	_	_
533	مرگ فروشنده آرتور	مرگ فروشنده آرتور	مرگ فروشنده آرتور	_	_
534	میلر	میلر	میلر	_	_
535	هستند	هستند		_	_
536	در	در	در	_	_
537	زبان	زبان	زبان	_	_
538	فارسی	فارس	فارس	_	_
539	این	این	این	_	_
540	ایل	ایل	ایل	_	_
541	را	را	را	_	_
542	به	به	به	_	_
543	اسم ترکاشوند می	اسم ترکاشوند م	اسم ترکاشوند می	_	_
544	شناسند	شناسند	شناخت	_	_
545	اگر	اگر	اگر	_	_
546	می‌خواهید	می‌خواهید	خواست	_	_
547	در	در	در	_	_
548	منطقه چمستان ویلا	منطقه چمستان ویلا	منطقه چمستان ویلا	_	_
549	بخرید	بخرید	خرید	_	_
550	یا	یا	یا	_	_
551	ساخت	ساخت	ساخت	_	_
552	و	و	و	_	_
553	ساز	ساز	ساز	_	_
554	کنید	کنید	کرد	_	_
555	،	،	،	_	_
556	به	به	به	_	_
557	نتیجه‌گیری	نتیجه‌گیری	نتیجه‌گیری	_	_
558	ما	ما	ما	_	_
559	توجه	توجه	توجه	_	_
560	کنید	کنید	کرد	_	_
561	تمام	تمام	تمام	_	_
562	آهنگ‌های سیروان خسروی	آهنگ‌های سیروان خسرو	آهنگ‌های سیروان خسروی	_	_
563	بهمراه	بهمراه	بهمراه	_	_
564	آلبوم	آلبو	آلبوم	_	_
565	ها		ها	_	_
566	و	و	و	_	_
567	فول	فول	فول	_	_
568	آلبوم	آلبو	آلبوم	_	_
569	آهنگ‌های سیروان خسروی	آهنگ‌های سیروان خسرو	آهنگ‌های سیروان خسروی	_	_
570	و	و	و	_	_
571	متن	متن	متن	_	_
572	ترانه‌ها	ترانه	ترانه	_	_
573	و	و	و	_	_
574	موزیک‌ها	موزیک	موزیک‌ها	_	_
575	در	در	در	_	_
576	ادامه	ادامه	ادامه	_	_
577	قرار	قرار	قرار	_	_
578	دارد	دارد	داشت	_	_
579	شرکت	شرک	شرکت	_	_
580	مهاجرتی کنکاش ارائه	مهاجرتی کنکاش ارائه	مهاجرتی کنکاش ارائه	_	_
581	دهنده	دهنده	دهنده	_	_
582	خدمات	خدمت	خدمات	_	_
583	مهاجرت	مهاجر	مهاجرت	_	_
584	به	به	به	_	_
585	کانادا	کانادا	کانادا	_	_
586	و	و	و	_	_
587	اقامت	اقامت	اقامت	_	_
588	کانادا	کانادا	کانادا	_	_
589	جدیدترین	جدید	جدید	_	_
590	دست‌پخت	دست‌پخت	دست‌پخت	_	_
591	خودروسازی	خودروساز	خودروسازی	_	_
592	ایران	ایران	ایران	_	_
593	برای	برای	برای	_	_
594	صنعت	صنع	صنعت	_	_
595	و	و	و	_	_
596	مردم	مرد	مردم	_	_
597	کشور	کشور	کشور	_	_
598	،	،	،	_	_
599	یک	یک	یک	_	_
600	سدان	سد	سد	_	_
601	کامپکت	کامپک	کامپکت	_	_
602	با	با	با	_	_
603	نام رهام است	نام رهام اس	نام رهام است	_	_
604	شرکت بهنوش ایران	شرکت بهنوش ایر	شرکت بهنوش ایران	_	_
605	اولین	اول	اولین	_	_
606	تولیدکننده	تولیدکننده	تولیدکننده	_	_
607	ماءالشعیر	ماءالشعیر	ماءالشعیر	_	_
608	در	در	در	_	_
609	ایران	ایران	ایران	_	_
610	است	است		_	_
611	نام	نا	نام	_	_
612	پدر ماهدخت علی	پدر ماهدخت عل	پدر ماهدخت علی	_	_
613	خان	خان	خان	_	_
614	بود	بود	بود	_	_
615	.	.	.	_	_
616	تا	تا	تا	_	_
617	اینکه	اینکه	اینکه	_	_
618	شبی	شب	شب	_	_
619	در	در	در	_	_
620	خانه	خانه	خانه	_	_
621	علی	علی	علی	_	_
622	خان	خان	خان	_	_
623	بودیم	بود	بود	_	_
624	نبی	نبی	نبی	_	_
625	الله سلیمان	الله سل	الله سلیمان	_	_
626	(	(	(	_	_
627	ع	ع	ع	_	_
628	)	)	)	_	_
629	از	از	از	_	_
630	پیامبران	پیامبر	پیامبر	_	_
631	بزرگ	بزرگ	بزرگ	_	_
632	بنی	بن	بن	_	_
633	اسرائیل	اسرائیل	اسرائیل	_	_
634	می‌باشد	می‌باشد	بود	_	_
635	بازار	بازار	بازار	_	_
636	خودروهای وانت چند	خودروهای وانت چند	خودروهای وانت چند	_	_
637	سالی	سال	سال	_	_
638	است	است		_	_
639	که	که	که	_	_
640	تنوع	تنوع	تنوع	_	_
641	بیشتری	بیشتر	بیشتر	_	_
642	به	به	به	_	_
643	خود	خود	خود	_	_
644	دیده‌است	دیده‌اس	دید	_	_
645	قصد	قصد	قصد	_	_
646	ما	ما	ما	_	_
647	بررسی نیابت قضایی	بررسی نیابت قضا	بررسی نیابت قضایی	_	_
648	دادگاه‌ها	دادگاه	دادگاه	_	_
649	است	است		_	_
650	یکی	یک	یک	_	_
651	از	از	از	_	_
652	عضوهای	عضو	عضو	_	_
653	اوراق	اوراق	اوراق	_	_
654	اداری	اداری	اداری	_	_
655	،	،	،	_	_
656	 پاکت‌های	 پاکت 	 پاکت های	_	_
657	چاپ	چاپ	چاپ	_	_
658	آقا	آقا	آقا	_	_
659	هستند	هستند		_	_
660	که	که	که	_	_
661	بصورت	بصور	بصورت	_	_
662	جداگانه	جداگانه	جداگانه	_	_
663	نیز	نیز	نیز	_	_
664	میتوانید	میتوانید	میتوانید	_	_
665	آنلاین	آنلاین	آنلاین	_	_
666	سفارش	سفارش	سفارش	_	_
667	دهید	دهید	داد	_	_
668	.	.	.	_	_
669	نامیرا نام	نامیرا نا	نامیرا نام	_	_
670	رمانی	رمان	رمان	_	_
671	از	از	از	_	_
672	صادق	صادق	صادق	_	_
673	کرمیار	کرمیار	کرمیار	_	_
674	است	است		_	_
675	که	که	که	_	_
676	روایتگر	روایتگر	روایتگر	_	_
677	واقعه	واقعه	واقعه	_	_
678	عاشورا	عاشورا	عاشورا	_	_
679	است	است		_	_
680	کمیته	کمیته	کمیته	_	_
681	ملی	مل	ملی	_	_
682	المپیک	المپیک	المپیک	_	_
683	به	به	به	_	_
684	سهراب	سهراب	سهراب	_	_
685	مرادی بابت رکوردشکنی	مرادی بابت رکوردشکن	مرادی بابت رکوردشکنی	_	_
686	پاداش	پاداش	پاداش	_	_
687	داد	داد	داد	_	_
688	به	به	به	_	_
689	نظر نادم هیچ	نظر نادم هیچ	نظر نادم هیچ	_	_
690	کار	کار	کار	_	_
691	ناشدنی	ناشدنی	ناشدنی	_	_
692	در	در	در	_	_
693	دنیا	دنیا	دنیا	_	_
694	نیست	نیست	نیست	_	_
695	بادمجان یکی	بادمجان یک	بادمجان یکی	_	_
696	از	از	از	_	_
697	صیفی	صیف	صیف	_	_
698	جاتی	جات	جاتی	_	_
699	است	است		_	_
700	که	که	که	_	_
701	در	در	در	_	_
702	تمام	تمام	تمام	_	_
703	فصول	فصول	فصول	_	_
704	سال	سال	سال	_	_
705	وجود	وجود	وجود	_	_
706	دارد	دارد	داشت	_	_
707	ناصر	ناصر	ناصر	_	_
708	ابراهیم‌نژاد	ابراهیم‌نژاد	ابراهیم‌نژاد	_	_
709	با	با	با	_	_
710	نام	نا	نام	_	_
711	هنری کیوان از	هنری کیوان از	هنری کیوان از	_	_
712	خوانندگان	خوانندگان	خوانندگان	_	_
713	سبک	سبک	سبک	_	_
714	پاپ	پاپ	پاپ	_	_
715	اهل	اهل	اهل	_	_
716	ایران	ایران	ایران	_	_
717	است	است		_	_
718	خون‌آشام در	خون‌آشام در	خون‌آشام در	_	_
719	افسانه‌ها	افسانه	افسانه	_	_
720	و	و	و	_	_
721	فرهنگ	فرهنگ	فرهنگ	_	_
722	فولکلوریک	فولکلوریک	فولکلوریک	_	_
723	مردم	مرد	مردم	_	_
724	اروپا	اروپا	اروپا	_	_
725	،	،	،	_	_
726	موجودی	موجود	موجود	_	_
727	زنده‌است	زنده‌اس	زنده‌است	_	_
728	که	که	که	_	_
729	شب‌ها	شب	شب	_	_
730	از	از	از	_	_
731	گور	گور	گور	_	_
732	بیرون	بیرون	بیرون	_	_
733	آمده	آمده	آمده	_	_
734	و	و	و	_	_
735	برای	برای	برای	_	_
736	تغذیه	تغذیه	تغذیه	_	_
737	خود	خود	خود	_	_
738	از خون مردم می‌مکد	از خون مردم می‌مکد	از خون مردم می‌مکد	_	_
739	قابلیت اطمینان در	قابلیت اطمینان در	قابلیت اطمینان در	_	_
740	حقیقت	حقیقت	حقیقت	_	_
741	احتمال	احتمال	احتمال	_	_
742	موفقیت	موفقیت	موفقیت	_	_
743	در	در	در	_	_
744	انجام	انجام	انجام	_	_
745	وظیفه	وظیفه	وظیفه	_	_
746	است	است		_	_
747	با	با	با	_	_
748	سنگ	سنگ	سنگ	_	_
749	صافی	صاف	صاف	_	_
750	که	که	که	_	_
751	پای	پا	پای	_	_
752	در	در	در	_	_
753	نشیمن	نشیمن	نشیمن	_	_
754	به	به	به	_	_
755	راهرو	راهرو	راهرو	_	_
756	بود	بود	بود	_	_
757	می‌شکستیمشان می	می شکستیمشان م	می شکستیمشان می	_	_
758	خوردیمشان	خوردیم	خوردیمشان	_	_
759	یواش	یواش	یواش	_	_
760	یواش	یواش	یواش	_	_
761	مدتها	مدت	مدت	_	_
762	از	از	از	_	_
763	زمانی	زمان	زمان	_	_
764	که	که	که	_	_
765	اعلام	اعلا	اعلام	_	_
766	شد	شد	شد	_	_
767	فعالیت پارکبان‌ها	فعالیت پارکبان 	فعالیت پارکبان ها	_	_
768	قانونی	قانون	قانون	_	_
769	نیست	نیست	نیست	_	_
770	همرفت انتقال	همرفت انتقال	همرفت انتقال	_	_
771	گرمایی	گرمايي	گرمايي	_	_
772	از	از	از	_	_
773	طریق	طريق	طريق	_	_
774	حرکت	حرك	حركت	_	_
775	سیالی	سيالي	سيالي	_	_
776	مانند	مانند	مانند	_	_
777	هوا	هوا	هوا	_	_
778	یا	يا	يا	_	_
779	آب	آب	آب	_	_
780	است	است		_	_
781	زکام در	زکام در	زکام در	_	_
782	زبان	زبان	زبان	_	_
783	عربی	عرب	عرب	_	_
784	همان	هم	همان	_	_
785	سرماخوردگی	سرماخوردگی	سرماخوردگی	_	_
786	است	است		_	_
787	اما	اما	اما	_	_
788	در	در	در	_	_
789	اصطلاح	اصطلاح	اصطلاح	_	_
790	طب	طب	طب	_	_
791	سنتی زکام یا	سنتی زُکام یا	سنتی زُکام یا	_	_
792	نزلة	نَزْلة	نَزْلة	_	_
793	یا	یا	یا	_	_
794	چایمان	چایمان	چایمان	_	_
795	به	به	به	_	_
796	معنی	معنی	معنی	_	_
797	التهاب	التهاب	التهاب	_	_
798	بافت	بافت	بافت	_	_
799	مخاطی	مخاط	مخاط	_	_
800	بینی است	بینی اس	بینی است	_	_
801	واتیکان دولت‌شهری	واتیکان دولت‌شهر	واتیکان دولت‌شهری	_	_
802	مستقل	مستقل	مستقل	_	_
803	است	است		_	_
804	که	که	که	_	_
805	در	در	در	_	_
806	درون	درون	درون	_	_
807	شهر	شهر	شهر	_	_
808	رم	رم	رم	_	_
809	در	در	در	_	_
810	کشور	کشور	کشور	_	_
811	ایتالیا	ایتالیا	ایتالیا	_	_
812	جای	جا	جای	_	_
813	دارد	دارد	داشت	_	_
814	در	در	در	_	_
815	صورت	صور	صورت	_	_
816	نشت	نشت	نشت	_	_
817	گاز	گاز	گاز	_	_
818	و	و	و	_	_
819	یا استشمام بوی	یا استشمام بو	یا استشمام بوی	_	_
820	آن	آن	آن	_	_
821	،	،	،	_	_
822	قبل	قبل	قبل	_	_
823	از	از	از	_	_
824	هر	هر	هر	_	_
825	کاری	کار	کاشت	_	_
826	باید	باید	باید	_	_
827	دقت	دق	دقت	_	_
828	کرد	کرد	کرد	_	_
829	که	که	که	_	_
830	در	در	در	_	_
831	آن	آن	آن	_	_
832	محل	محل	محل	_	_
833	هیچگونه	هیچگونه	هیچگونه	_	_
834	جرقه	جرقه	جرقه	_	_
835	ای	ای	ای	_	_
836	زده‌نشود	زده‌نشود	زد	_	_
837	پرهام	پرهام	پرهام	_	_
838	،	،	،	_	_
839	یکی	یک	یک	_	_
840	از	از	از	_	_
841	قدیمی‌ترین	قدیمی	قدیمی‌ترین	_	_
842	نام‌های	نام	نام	_	_
843	پارسی	پارس	پارس	_	_
844	به	به	به	_	_
845	معنی	معنی	معنی	_	_
846	فرشته	فرشته	فرشته	_	_
847	خوبی	خوب	خوبی	_	_
848	است	است		_	_
849	بدون	بدون	بدون	_	_
850	شک	شک	شک	_	_
851	به	به	به	_	_
852	شما	شما	شما	_	_
853	نیز	نیز	نیز	_	_
854	گفته	گفته	گفته	_	_
855	شده	شده	شده	_	_
856	که اژدها موجودی	که اژدها موجود	که اژدها موجودی	_	_
857	افسانه	افسانه	افسانه	_	_
858	ای	ای	ای	_	_
859	بوده	بوده	بوده	_	_
860	و	و	و	_	_
861	هیچگاه	هیچگاه	هیچگاه	_	_
862	وجود	وجود	وجود	_	_
863	خارجی	خارج	خارج	_	_
864	نداشته‌است	نداشته‌اس	داشت	_	_
865	فصل باران است بارانی شویم	فصل باران است بارانی شو	فصل باران است بارانی شویم	_	_
866	از	از	از	_	_
867	درون	درون	درون	_	_
868	جوشیم	جوش	جوش	_	_
869	و	و	و	_	_
870	طوفانی	طوفان	طوفان	_	_
871	شویم	شو	شد	_	_
872	چهارگوش یه	چهارگوش یه	چهارگوش یه	_	_
873	بازی	باز	بازی	_	_
874	معمایی	معما	معما	_	_
875	هست	هس		_	_
876	که	که	که	_	_
877	رد	رد	رد	_	_
878	کردن	کردن	کردن	_	_
879	مرحله	مرحله	مرحله	_	_
880	هایش		هایش	_	_
881	وقت	وقت	وقت	_	_
882	و	و	و	_	_
883	تمرکز	تمرکز	تمرکز	_	_
884	زیادی	زیاد	زیاد	_	_
885	می‌طلبد	می‌طلبد	طلبید	_	_
886	آزمودگی یا	آزمودگی یا	آزمودگی یا	_	_
887	آروین	آرو	آروین	_	_
888	در	در	در	_	_
889	مفهوم	مفهوم	مفهوم	_	_
890	عمومی	عموم	عموم	_	_
891	به	به	به	_	_
892	همه	همه	همه	_	_
893	مهارت‌ها	مهارت	مهارت	_	_
894	و	و	و	_	_
895	دانسته	دانسته	دانسته	_	_
896	ها		ها	_	_
897	،	،	،	_	_
898	از	از	از	_	_
899	برخی	برخی	برخی	_	_
900	پدیده‌ها	پدیده	پدیده	_	_
901	و	و	و	_	_
902	موضوعات	موضوع	موضوعات	_	_
903	که	که	که	_	_
904	ناشی	ناشی	ناشی	_	_
905	از	از	از	_	_
906	برخورد	برخورد	برخورد	_	_
907	با	با	با	_	_
908	آن	آن	آن	_	_
909	موضوع	موضوع	موضوع	_	_
910	و درگیری	و درگیر	و درگیری	_	_
911	با	با	با	_	_
912	آن	آن	آن	_	_
913	پدیده	پدیده	پدیده	_	_
914	در	در	در	_	_
915	خلال	خلال	خلال	_	_
916	دورانی	دوران	دوران	_	_
917	معین	معین	معین	_	_
918	است	است		_	_
