0	هزار	هزار	هزار	_	_
1	سال	سال	سال	_	_
2	است	است		_	_
3	که	که	که	_	_
4	مردم	مرد	مردم	_	_
5	فارسی	فارس	فارس	_	_
6	زبان	زبان	زبان	_	_
7	و	و	و	_	_
8	فارسی‌دان	فارسی‌د	فارسی‌دان	_	_
9	و	و	و	_	_
10	فارسی‌خوان	فارسی‌خو	فارسی‌خوان	_	_
11	در	در	در	_	_
12	قلمرو	قلمرو	قلمرو	_	_
13	زبان	زبان	زبان	_	_
14	فارسی	فارس	فارس	_	_
15	با	با	با	_	_
16	شاهنامه	شاهنامه	شاهنامه	_	_
17	این	این	این	_	_
18	سند	سند	سند	_	_
19	لیاقت	لیاقت	لیاقت	_	_
20	زبان	زبان	زبان	_	_
21	فارسی	فارس	فارس	_	_
22	،	،	،	_	_
23	این	این	این	_	_
24	گنجینه	گنجینه	گنجینه	_	_
25	معارف	معارف	معارف	_	_
26	ایرانی	ایران	ایران	_	_
27	و	و	و	_	_
28	اسلامی	اسلام	اسلام	_	_
29	و	و	و	_	_
30	این	این	این	_	_
31	فرهنگ	فرهنگ	فرهنگ	_	_
32	ایران	ایران	ایران	_	_
33	به	به	به	_	_
34	معنی	معنی	معنی	_	_
35	وسیع	وسیع	وسیع	_	_
36	کلمه	کلمه	کلمه	_	_
37	از	از	از	_	_
38	آغاز	آغاز	آغاز	_	_
39	تا	تا	تا	_	_
40	پایان	پا	پایان	_	_
41	قرن	قرن	قرن	_	_
42	چهارم	چهار	چهارم	_	_
43	هجری	هجر	هجری	_	_
44	آشنایی	آشنا	آشنایی	_	_
45	دارند	دارند	داشت	_	_
46	و	و	و	_	_
47	آن	آن	آن	_	_
48	را	را	را	_	_
49	خوانده	خوانده	خوانده	_	_
50	و	و	و	_	_
51	بهره‌ها	بهره	بهره	_	_
52	برده‌اند	برده‌اند	برد	_	_
53	و	و	و	_	_
54	یا	یا	یا	_	_
55	در	در	در	_	_
56	مجامع	مجامع	مجامع	_	_
57	عمومی	عموم	عموم	_	_
58	از	از	از	_	_
59	زبان	زبان	زبان	_	_
60	راویان	راوی	راوی	_	_
61	نقال	نقال	نقال	_	_
62	و	و	و	_	_
63	در	در	در	_	_
64	محافل	محافل	محافل	_	_
65	خصوصی	خصوص	خصوصی	_	_
66	از	از	از	_	_
67	دو	دو	دو	_	_
68	لب	لب	لب	_	_
69	شاهنامه‌خوانان	شاهنامه‌خوان	شاهنامه‌خوان	_	_
70	داستان‌هایی	داستان	داستان	_	_
71	مهیج	مهیج	مهیج	_	_
72	و	و	و	_	_
73	سرگذشت‌های	سرگذشت	سرگذشت	_	_
74	عبرت‌آموز	عبرت‌آموز	عبرت‌آموز	_	_
75	آن	آن	آن	_	_
76	را	را	را	_	_
77	شنیده	شنیده	شنیده	_	_
78	و	و	و	_	_
79	ذوق‌ها	ذوق	ذوق	_	_
80	کرده‌اند	کرده‌اند	کرد	_	_
81	و	و	و	_	_
82	سخن‌شناسان	سخن‌شناس	سخن‌شناس	_	_
83	نکته‌سنج	نکته‌سنج	نکته‌سنج	_	_
84	و	و	و	_	_
85	نقادان	نقاد	نقاد	_	_
86	موشکاف	موشکاف	موشکاف	_	_
87	و	و	و	_	_
88	آگاهان	آگاه	آگاه	_	_
89	بر	بر	بر	_	_
90	رمز	رمز	رمز	_	_
91	و	و	و	_	_
92	راز	راز	راز	_	_
93	داستان‌های	داستان	داستان	_	_
94	حماسی	حماس	حماسی	_	_
95	به	به	به	_	_
96	شاهکار	شاهکار	شاهکار	_	_
97	بودن	بودن	بودن	_	_
98	آن	آن	آن	_	_
99	گنجینه	گنجینه	گنجینه	_	_
100	هنر	هنر	هنر	_	_
101	در	در	در	_	_
102	توصیف	توصیف	توصیف	_	_
103	و	و	و	_	_
104	آموزنده	آموزنده	آموزنده	_	_
105	بودن	بودن	بودن	_	_
106	آن	آن	آن	_	_
107	در	در	در	_	_
108	مسائل	مسائل	مسائل	_	_
109	اجتماعی	اجتماع	اجتماع	_	_
110	و	و	و	_	_
111	اخلاقی	اخلاق	اخلاق	_	_
112	و	و	و	_	_
113	اعتقادی	اعتقاد	اعتقاد	_	_
114	و	و	و	_	_
115	ایمانی	ایمان	ایمان	_	_
116	و	و	و	_	_
117	ممتاز	ممتاز	ممتاز	_	_
118	و	و	و	_	_
119	برتر	بر	برتر	_	_
120	بودن	بودن	بودن	_	_
121	آن	آن	آن	_	_
122	از	از	از	_	_
123	دیگر	دیگر	دیگر	_	_
124	آثار	آثار	آثار	_	_
125	حماسی	حماس	حماسی	_	_
126	جهان	جهان	جهان	_	_
127	و	و	و	_	_
128	والایی	والا	والا	_	_
129	و	و	و	_	_
130	ماندگاری	ماندگار	ماندگار	_	_
131	مقام	مقام	مقام	_	_
132	بلند	بلند	بلند	_	_
133	سراینده	سراینده	سراینده	_	_
134	گشاده‌زبان	گشاده‌زبان	گشاده‌زبان	_	_
135	و	و	و	_	_
136	باریک	باریک	باریک	_	_
137	اندیش	اند	اندیش	_	_
138	آن	آن	آن	_	_
139	هم‌داستان	هم‌داستان	هم‌داستان	_	_
140	گشته‌اند	گشته‌اند	گشت	_	_
141	همچنان‌که	همچنان‌که	همچنان‌که	_	_
142	عرضه	عرضه	عرضه	_	_
143	شدن	شدن	شدن	_	_
144	متن	متن	متن	_	_
145	شاهنامه	شاهنامه	شاهنامه	_	_
146	در	در	در	_	_
147	۲۶	26	26	_	_
148	جزوه	جزوه	جزوه	_	_
149	به	به	به	_	_
150	قطع	قطع	قطع	_	_
151	کوچک	کوچک	کوچک	_	_
152	با	با	با	_	_
153	توضیحات	توضیح	توضیحات	_	_
154	لغوی	لغو	لغوی	_	_
155	زیر	زیر	زیر	_	_
156	صفحات	صفحات	صفحات	_	_
157	خواندن	خواندن	خواندن	_	_
158	آن	آن	آن	_	_
159	کتاب	کتاب	کتاب	_	_
160	عظیم	عظیم	عظیم	_	_
161	جلیل‌القدر	جلیل‌القدر	جلیل‌القدر	_	_
162	را	را	را	_	_
163	در	در	در	_	_
164	هر	هر	هر	_	_
165	حال	حال	حال	_	_
166	و	و	و	_	_
167	هر	هر	هر	_	_
168	جای	جا	جای	_	_
169	برای	برای	برای	_	_
170	همه	همه	همه	_	_
171	کس	کس	کس	_	_
172	آسان	آسان	آسان	_	_
173	ساخته‌است	ساخته‌اس	ساخت	_	_
174	برگردان	برگردان	برگردان	_	_
175	روایت‌گونه	روایت‌گونه	روایت‌گونه	_	_
176	آن	آن	آن	_	_
177	نیز	نیز	نیز	_	_
178	به	به	به	_	_
179	سهولت	سهولت	سهولت	_	_
180	اطلاع	اطلاع	اطلاع	_	_
181	بر	بر	بر	_	_
182	محتوای	محتوا	محتوا	_	_
183	شاهنامه	شاهنامه	شاهنامه	_	_
184	را	را	را	_	_
185	فراهم	فراهم	فراهم	_	_
186	آورده‌است	آورده‌اس	آورد	_	_
187	و	و	و	_	_
188	راه‌گشای	راه‌گشا	راه‌گشای	_	_
189	خواندن	خواندن	خواندن	_	_
190	متن	متن	متن	_	_
191	شاهنامه	شاهنامه	شاهنامه	_	_
192	به	به	به	_	_
193	روانی	روان	روان	_	_
194	و	و	و	_	_
195	آسانی	آسان	آسان	_	_
196	است	است		_	_
197	شاهنامه	شاهنامه	شاهنامه	_	_
198	نامه‌ای	نامه	نامه	_	_
199	است	است		_	_
200	پندمند	پندمند	پندمند	_	_
201	.	.	.	_	_
202	سرگذشت	سرگذشت	سرگذشت	_	_
203	تاریخی	تاریخ	تاریخ	_	_
204	ملتی	ملّت	ملّت	_	_
205	است	است		_	_
206	که	که	که	_	_
207	شکست‌ها	شکست	شکست	_	_
208	و	و	و	_	_
209	پیروزی‌های	پیروزی	پیروزی	_	_
210	بسیاری	بسیار	بسیار	_	_
211	را	را	را	_	_
212	تجربه	تجربه	تجربه	_	_
213	کرده	کرده	کرده	_	_
214	اما	امّا	امّا	_	_
215	همواره	همواره	همواره	_	_
216	بر	بر	بر	_	_
217	پای	پا	پای	_	_
218	ایستاده	ایستاده	ایستاده	_	_
219	و	و	و	_	_
220	در	در	در	_	_
221	برابر	برابر	برابر	_	_
222	همه‌ی	همه	همه	_	_
223	حوادث	حوادث	حوادث	_	_
224	سربلند	سربلند	سربلند	_	_
225	و	و	و	_	_
226	سرافراز	سرافراز	سرافراز	_	_
227	بیرون	بیرون	بیرون	_	_
228	آمده‌است	آمده‌است	آمد	_	_
229	.	.	.	_	_
230	شاهنامه	شاهنامه	شاهنامه	_	_
231	کامرانی‌ها	کامرانی	کامرانی‌ها	_	_
232	و	و	و	_	_
233	ناکامی‌ها	ناکامی	ناکامی‌ها	_	_
234	،	،	،	_	_
235	مرادی‌ها	مرادی	مرادی‌ها	_	_
236	و	و	و	_	_
237	نامرادی‌های	نامرادی	نامرادی‌های	_	_
238	تاریخ	تاریخ	تاریخ	_	_
239	ایران	ایران	ایران	_	_
240	را	را	را	_	_
241	بیان	بی	بیان	_	_
242	کرده‌است	کرده‌است	کرد	_	_
243	.	.	.	_	_
244	راوی	راوی	راوی	_	_
245	صادقی	صادق	صادق	_	_
246	است	است		_	_
247	که	که	که	_	_
248	شکست‌ها	شکست	شکست	_	_
249	را	را	را	_	_
250	بیان	بی	بیان	_	_
251	کرده	کرده	کرده	_	_
252	و	و	و	_	_
253	البته	البتّه	البتّه	_	_
254	دردناک	دردناک	دردناک	_	_
255	به	به	به	_	_
256	آن	آن	آن	_	_
257	نگریسته	نگریسته	نگریسته	_	_
258	و	و	و	_	_
259	در	در	در	_	_
260	عین	ع	عین	_	_
261	حال	حال	حال	_	_
262	به	به	به	_	_
263	پیروزی‌ها	پیروزی	پیروزی	_	_
264	افتخار	افتخار	افتخار	_	_
265	کرده‌است	کرده‌است	کرد	_	_
266	.	.	.	_	_
267	دشمنانی	دشمنان	دشمنانی	_	_
268	چون	چون	چون	_	_
269	افراسیاب	افراسیاب	افراسیاب	_	_
270	و	و	و	_	_
271	تورانیان	توران	توران	_	_
272	را	را	را	_	_
273	بزرگ	بزرگ	بزرگ	_	_
274	خطاب	خطاب	خطاب	_	_
275	کرده	کرده	کرده	_	_
276	و	و	و	_	_
277	از	از	از	_	_
278	بیان	بی	بیان	_	_
279	آن	آن	آن	_	_
280	ابایی	ابا	ابا	_	_
281	نداشته‌است	نداشته‌اس	داشت	_	_
282	،	،	،	_	_
283	پس	پس	پس	_	_
284	دلیلی	دلیل	دلیل	_	_
285	ندارد	ندارد	داشت	_	_
286	که	که	که	_	_
287	آخر	آخر	آخر	_	_
288	شاهنامه	شاهنامه	شاهنامه	_	_
289	به	به	به	_	_
290	دلیل	دلیل	دلیل	_	_
291	پیروزی	پیروز	پیروزی	_	_
292	اعراب	اعراب	اعراب	_	_
293	خوش	خو	خوش	_	_
294	نباشد	نباشد	بود	_	_
295	.	.	.	_	_
296	او	او	او	_	_
297	می‌آموزد	می‌آموزد	آموخت	_	_
298	که	که	که	_	_
299	تاریخ	تاریخ	تاریخ	_	_
300	اینجا	اینجا	اینجا	_	_
301	تمام	تمام	تمام	_	_
302	نخواهد‌شد	نخواهد‌شد	شد	_	_
303	.	.	.	_	_
304	آخر	آخر	آخر	_	_
305	شاهنامه	شاهنامه	شاهنامه	_	_
306	آخر	آخر	آخر	_	_
307	تاریخ	تاریخ	تاریخ	_	_
308	نیست	نیست	نیست	_	_
309	.	.	.	_	_
310	پیروزی	پیروز	پیروزی	_	_
311	و	و	و	_	_
312	شکست	شکست	شکست	_	_
313	لازمه‌ی	لازمه	لازمه	_	_
314	وجود	وجود	وجود	_	_
315	هر	هر	هر	_	_
316	جامعه‌ای	جامعه	جامعه	_	_
317	هست	هس		_	_
318	.	.	.	_	_
319	روزگارانی	روزگاران	روزگارانی	_	_
320	دیگر	دیگر	دیگر	_	_
321	تقدیر	تقدیر	تقدیر	_	_
322	تاریخ	تاریخ	تاریخ	_	_
323	به	به	به	_	_
324	گونه‌ای	گونه	گونه	_	_
325	دیگر	دیگر	دیگر	_	_
326	رقم	رقم	رقم	_	_
327	خواهد‌خورد	خواهد‌خورد	خورد	_	_
328	.	.	.	_	_
329	قطعا	قطعاً	قطعاً	_	_
330	در	در	در	_	_
331	گذر	گذر	گذر	_	_
332	تاریخ	تاریخ	تاریخ	_	_
333	باز	باز	باز	_	_
334	هم	هم	هم	_	_
335	جنگ‌هایی	جنگ	جنگ	_	_
336	خواهد‌بود	خواهد‌بود	بود	_	_
337	.	.	.	_	_
338	باز	باز	باز	_	_
339	هم	هم	هم	_	_
340	شکست‌ها	شکست	شکست	_	_
341	و	و	و	_	_
342	پیروزی‌هایی	پیروزی	پیروزی	_	_
343	نصیب	نصیب	نصیب	_	_
344	ما	ما	ما	_	_
345	خواهد‌شد	خواهد‌شد	شد	_	_
346	و	و	و	_	_
347	به	به	به	_	_
348	راستی	راست	راست	_	_
349	که	که	که	_	_
350	مگر	مگر	مگر	_	_
351	شکست	شکست	شکست	_	_
352	از	از	از	_	_
353	اعراب	اعراب	اعراب	_	_
354	نخستین	نخست	نخستین	_	_
355	شکست	شکست	شکست	_	_
356	ما	ما	ما	_	_
357	بوده	بوده	بوده	_	_
358	و	و	و	_	_
359	یا	یا	یا	_	_
360	قرار	قرار	قرار	_	_
361	است	است		_	_
362	آخرین	آخر	آخرین	_	_
363	شکست	شکست	شکست	_	_
364	ما	ما	ما	_	_
365	باشد	باشد	بود	_	_
366	مگر	مگر	مگر	_	_
367	تاریخ	تاریخ	تاریخ	_	_
368	امروز	امروز	امروز	_	_
369	ما	ما	ما	_	_
370	به	به	به	_	_
371	همین	هم	همین	_	_
372	جایی	جا	جا	_	_
373	که	که	که	_	_
374	هستیم	هستی		_	_
375	منتهی	منتهی	منتهی	_	_
376	خواهد‌شد	خواهد‌شد	شد	_	_
377	و	و	و	_	_
378	پایان	پا	پایان	_	_
379	خواهد‌پذیرفت	خواهد‌پذیرف	پذیرفت	_	_
380	اگر	اگر	اگر	_	_
381	خوش	خو	خوش	_	_
382	بودن	بودن	بودن	_	_
383	یا	یا	یا	_	_
384	ناخوش	ناخوش	ناخوش	_	_
385	بودن	بودن	بودن	_	_
386	را	را	را	_	_
387	به	به	به	_	_
388	پیروزی	پیروز	پیروزی	_	_
389	یا	یا	یا	_	_
390	شکست	شکست	شکست	_	_
391	منحصر	منحصر	منحصر	_	_
392	کنیم	کنیم	کرد	_	_
393	،	،	،	_	_
394	آنگاه	آنگاه	آنگاه	_	_
395	ابتدای	ابتدا	ابتدا	_	_
396	شاهنامه	شاهنامه	شاهنامه	_	_
397	هم	هم	هم	_	_
398	که	که	که	_	_
399	پیروزی	پیروز	پیروزی	_	_
400	ضحاک	ضحّاک	ضحّاک	_	_
401	است	است		_	_
402	غم	غم	غم	_	_
403	انگیز	انگیز	انگیز	_	_
404	است	است		_	_
405	.	.	.	_	_
406	وسط	وسط	وسط	_	_
407	شاهنامه	شاهنامه	شاهنامه	_	_
408	که	که	که	_	_
409	شکست	شکست	شکست	_	_
410	از	از	از	_	_
411	توران	تور	توران	_	_
412	،	،	،	_	_
413	روم	رو	روم	_	_
414	و…	و…	و…	_	_
415	است	است		_	_
416	نیز	نیز	نیز	_	_
417	دردناک	دردناک	دردناک	_	_
418	همچنان	همچنان	همچنان	_	_
419	که	که	که	_	_
420	پیروزی	پیروز	پیروزی	_	_
421	بر	بر	بر	_	_
422	ضحاک	ضحّاک	ضحّاک	_	_
423	،	،	،	_	_
424	توران	تور	توران	_	_
425	و	و	و	_	_
426	روم	رو	روم	_	_
427	و…	و…	و…	_	_
428	شیرین	شیر	شیرین	_	_
429	است	است		_	_
430	!	!	!	_	_
431	تاریخ	تاریخ	تاریخ	_	_
432	کدام	کدام	کدام	_	_
433	ملتی	ملّت	ملّت	_	_
434	را	را	را	_	_
435	می‌شناسیم	می‌شناس	شناخت	_	_
436	که	که	که	_	_
437	بدون	بدون	بدون	_	_
438	شکست	شکست	شکست	_	_
439	باشد	باشد	بود	_	_
440	؟	؟	؟	_	_
441	بالأخره	بالأخره	بالأخره	_	_
442	فردوسی	فردوس	فردوس	_	_
443	یک	یک	یک	_	_
444	جایی	جا	جا	_	_
445	باید	باید	باید	_	_
446	شاهنامه	شاهنامه	شاهنامه	_	_
447	را	را	را	_	_
448	تمام	تمام	تمام	_	_
449	می‌کرد	می‌کرد	کرد	_	_
450	.	.	.	_	_
451	پیروزی	پیروز	پیروزی	_	_
452	یا	یا	یا	_	_
453	شکست	شکست	شکست	_	_
454	از	از	از	_	_
455	روم	رو	روم	_	_
456	.	.	.	_	_
457	پیروزی	پیروز	پیروزی	_	_
458	یا	یا	یا	_	_
459	شکست	شکست	شکست	_	_
460	از	از	از	_	_
461	توران	تور	توران	_	_
462	زمین	زمین	زمین	_	_
463	و…	و…	و…	_	_
464	شاهنامه	شاهنامه	شاهنامه	_	_
465	هر	هر	هر	_	_
466	کجا	کجا	کجا	_	_
467	تمام	تمام	تمام	_	_
468	می‌شد	می‌شد	شد	_	_
469	،	،	،	_	_
470	این	این	این	_	_
471	قصه	قصّه	قصّه	_	_
472	نا	نا	نا	_	_
473	تمام	تمام	تمام	_	_
474	بود	بود	بود	_	_
475	و	و	و	_	_
476	ناتمام	ناتمام	ناتمام	_	_
477	نیز	نیز	نیز	_	_
478	می‌ماند	می‌ماند	ماند	_	_
479	و	و	و	_	_
480	البته	البتّه	البتّه	_	_
481	تا	تا	تا	_	_
482	پایان	پا	پایان	_	_
483	تاریخ	تاریخ	تاریخ	_	_
484	هم	هم	هم	_	_
485	ناتمام	ناتمام	ناتمام	_	_
486	خواهد‌ماند	خواهد‌ماند	ماند	_	_
487	شاهنامه	شاهنامه	شاهنامه	_	_
488	،	،	،	_	_
489	اثر	اثر	اثر	_	_
490	حکیم	حکیم	حکیم	_	_
491	ابوالقاسم	ابوالقاسم	ابوالقاسم	_	_
492	فردوسی	فردوس	فردوس	_	_
493	،	،	،	_	_
494	یکی	یک	یک	_	_
495	از	از	از	_	_
496	بزرگ‌ترین	بزرگ	بزرگ	_	_
497	حماسه‌های	حماسه	حماسه	_	_
498	جهان	جهان	جهان	_	_
499	،	،	،	_	_
500	مهم‌ترین	مهم	مهم	_	_
501	نامهٔ	نامه	نامه	_	_
502	اندیشهٔ	اندیشه	اندیشه	_	_
503	سیاسی	سیاسی	سیاسی	_	_
504	ایران‌شهری	ایران‌شهر	ایران‌شهر	_	_
505	در	در	در	_	_
506	دورهٔ	دوره	دوره	_	_
507	اسلامی	اسلام	اسلام	_	_
508	،	،	،	_	_
509	شاهکار	شاهکار	شاهکار	_	_
510	حماسی	حماس	حماسی	_	_
511	زبان	زبان	زبان	_	_
512	فارسی	فارس	فارس	_	_
513	و	و	و	_	_
514	حماسهٔ	حماسه	حماسه	_	_
515	ملی	مل	ملی	_	_
516	ایرانیان	ایران	ایران	_	_
517	و	و	و	_	_
518	نیز	نیز	نیز	_	_
519	بزرگ‌ترین	بزرگ	بزرگ	_	_
520	سند	سند	سند	_	_
521	هویت	هوی	هویت	_	_
522	ایشان	ایشان	ایشان	_	_
523	است	است		_	_
524	،	،	،	_	_
525	چنان	چنان	چنان	_	_
526	که	که	که	_	_
527	ضیاءالدین	ضیاءالدین	ضیاءالدین	_	_
528	ابن	ابن	ابن	_	_
529	اثیر	اثیر	اثیر	_	_
530	آن	آن	آن	_	_
531	را	را	را	_	_
532	قرآن	قرآن	قرآن	_	_
533	ایرانیان	ایران	ایران	_	_
534	خوانده‌است	خوانده‌اس	خوانده‌است	_	_
535	مأخذ	مأخذ	مأخذ	_	_
536	اصلی	اصل	اصل	_	_
537	فردوسی	فردوس	فردوس	_	_
538	در	در	در	_	_
539	به‌نظم	به‌نظ	به‌نظم	_	_
540	کشیدن	کشیدن	کشیدن	_	_
541	داستانها	داستان	داستان	_	_
542	،	،	،	_	_
543	شاهنامهٔ	شاهنامه	شاهنامه	_	_
544	منثور	منثور	منثور	_	_
545	ابومنصوری	ابومنصور	ابومنصور	_	_
546	بود	بود	بود	_	_
547	که	که	که	_	_
548	چندی	چند	چند	_	_
549	پیش	پی	پیش	_	_
550	از	از	از	_	_
551	آن	آن	آن	_	_
552	توسط	توسط	توسط	_	_
553	یکی	یک	یک	_	_
554	از	از	از	_	_
555	سپهداران	سپهدار	سپهداران	_	_
556	ایران‌دوست	ایران‌دوس	ایران‌دوست	_	_
557	خراسان	خراسان	خراسان	_	_
558	از	از	از	_	_
559	روی	رو	روی	_	_
560	آثار	آثار	آثار	_	_
561	و	و	و	_	_
562	روایات	روا	روایات	_	_
563	موجود	موجود	موجود	_	_
564	گردآوری	گردآوری	گردآوری	_	_
565	شده‌بود	شده‌بود	شد	_	_
566	.	.	.	_	_
567	فردوسی	فردوس	فردوس	_	_
568	در	در	در	_	_
569	شاهنامه	شاهنامه	شاهنامه	_	_
570	از	از	از	_	_
571	پنج	پنج	پنج	_	_
572	راوی	راوی	راوی	_	_
573	شفاهی	شفاهی	شفاهی	_	_
574	نیز	نیز	نیز	_	_
575	به	به	به	_	_
576	نامهای	نام	نام	_	_
577	آزادسرو	آزادسرو	آزادسرو	_	_
578	،	،	،	_	_
579	شادان	شاد	شاد	_	_
580	برزین	برز	برزین	_	_
581	،	،	،	_	_
582	ماخ	ماخ	ماخ	_	_
583	پیر	پیر	پیر	_	_
584	خراسانی	خراسان	خراسانی	_	_
585	،	،	،	_	_
586	بهرام	بهرام	بهرام	_	_
587	و	و	و	_	_
588	شاهوی	شاهو	شاهوی	_	_
589	یاد	یاد	یاد	_	_
590	کرده	کرده	کرده	_	_
591	که	که	که	_	_
592	او	او	او	_	_
593	را	را	را	_	_
594	در	در	در	_	_
595	بازگو	بازگو	بازگو	_	_
596	کردن	کردن	کردن	_	_
597	داستانها	داستان	داستان	_	_
598	یاری	یار	یاری	_	_
599	رسانده‌اند	رسانده‌اند	رساند	_	_
600	اما	اما	اما	_	_
601	ذبیح‌اله	ذبیح‌اله	ذبیح‌اله	_	_
602	صفا	صفا	صفا	_	_
603	استدلال	استدلال	استدلال	_	_
604	کرده‌است	کرده‌اس	کرده‌است	_	_
605	که	که	که	_	_
606	به	به	به	_	_
607	احتمال	احتمال	احتمال	_	_
608	فراوان	فراوان	فراوان	_	_
609	راویان	راوی	راوی	_	_
610	یادشده	یادشده	یادشده	_	_
611	مربوط	مربوط	مربوط	_	_
612	به	به	به	_	_
613	روزگاران	روزگار	روزگار	_	_
614	پیشین	پی	پیشین	_	_
615	بوداند	بوداند	بوداند	_	_
616	و	و	و	_	_
617	فردوسی	فردوس	فردوس	_	_
618	به	به	به	_	_
619	جهت	جهت	جهت	_	_
620	احترام	احترام	احترام	_	_
621	از	از	از	_	_
622	آنان	آن	آن	_	_
623	سخن	سخن	سخن	_	_
624	به	به	به	_	_
625	زبان	زبان	زبان	_	_
626	آورده	آورده	آورده	_	_
627	و	و	و	_	_
628	هیچ‌کدام	هیچ‌کدام	هیچ‌کدام	_	_
629	معاصر	معاصر	معاصر	_	_
630	با	با	با	_	_
631	حکیم	حکیم	حکیم	_	_
632	توس	توس	توس	_	_
633	نبوده‌اند	نبوده‌اند	بود	_	_
634	آخرین	آخر	آخرین	_	_
635	ویرایشهای	ویرایش	ویرایش	_	_
636	فردوسی	فردوس	فردوس	_	_
637	در	در	در	_	_
638	شاهنامه	شاهنامه	شاهنامه	_	_
639	در	در	در	_	_
640	سالهای	سالهای	سالهای	_	_
641	۴۰۰	۴۰۰	۴۰۰	_	_
642	و	و	و	_	_
643	۴۰۱	۴۰۱	۴۰۱	_	_
644	هجری	هجر	هجری	_	_
645	قمری	قمر	قمر	_	_
646	روی‌داد	روی‌داد	روی‌داد	_	_
647	متون	متون	متون	_	_
648	کلاسیک	کلاسیک	کلاسیک	_	_
649	در	در	در	_	_
650	گذر	گذر	گذر	_	_
651	زمان	زمان	زمان	_	_
652	بر	بر	بر	_	_
653	اثر	اثر	اثر	_	_
654	حوادث	حوادث	حوادث	_	_
655	تاریخی	تاریخ	تاریخ	_	_
656	،	،	،	_	_
657	گرایش‌های	گرایش	گرایش	_	_
658	حاکمان	حاکم	حاکم	_	_
659	و	و	و	_	_
660	کاتبان	کاتب	کاتبان	_	_
661	و	و	و	_	_
662	علل	علل	علل	_	_
663	دیگر	دیگر	دیگر	_	_
664	دستخوش	دستخو	دستخوش	_	_
665	تغییر	تغییر	تغییر	_	_
666	و	و	و	_	_
667	تحولات	تحول	تحولات	_	_
668	متعددی	متعدد	متعدد	_	_
669	می‌شوند	می‌شوند	شد	_	_
670	.	.	.	_	_
671	پیگیری	پیگیر	پیگیری	_	_
672	این	این	این	_	_
673	تحولات	تحول	تحولات	_	_
674	و	و	و	_	_
675	مقایسه‌ی	مقایسه	مقایسه	_	_
676	نسخه‌های	نسخه	نسخه	_	_
677	متعدد	متعدد	متعدد	_	_
678	به‌جا	به‌جا	به‌جا	_	_
679	مانده	مانده	مانده	_	_
680	از	از	از	_	_
681	متون	متون	متون	_	_
682	کلاسیک	کلاسیک	کلاسیک	_	_
683	و	و	و	_	_
684	ارائه‌ی	ارائه	ارائه	_	_
685	متنی	متن	متنی	_	_
686	تا	تا	تا	_	_
687	حد	حد	حد	_	_
688	ممکن	ممکن	ممکن	_	_
689	اصیل	اصیل	اصیل	_	_
690	دغدغه‌ی	دغدغه	دغدغه	_	_
691	اصلی	اصل	اصل	_	_
692	کسانی‌ست	کسانی‌س	کسانی‌ست	_	_
693	که	که	که	_	_
694	تصحیح	تصحیح	تصحیح	_	_
695	متون	متون	متون	_	_
696	کلاسیک	کلاسیک	کلاسیک	_	_
697	را	را	را	_	_
698	به‌عنوان	به‌عنو	به‌عنوان	_	_
699	فعالیتی	فعالیت	فعالیت	_	_
700	ادبی	ادب	ادب	_	_
701	پیشه‌ی	پیشه	پیشه	_	_
702	خود	خود	خود	_	_
703	می‌کنند	می‌کنند	کرد	_	_
704	.	.	.	_	_
705	مهری	مهر	مهر	_	_
706	بهفر	بهفر	بهفر	_	_
707	بیش	بی	بیش	_	_
708	از	از	از	_	_
709	یک	یک	یک	_	_
710	دهه	دهه	دهه	_	_
711	است	است		_	_
712	که	که	که	_	_
713	کار	کار	کار	_	_
714	خود	خود	خود	_	_
715	را	را	را	_	_
716	معطوف	معطوف	معطوف	_	_
717	به	به	به	_	_
718	تصحیح	تصحیح	تصحیح	_	_
719	شاهنامه	شاهنامه	شاهنامه	_	_
720	کرده‌است	کرده‌است	کرد	_	_
721	.	.	.	_	_
722	پروژه‌ی	پروژه	پروژه	_	_
723	تصحیح	تصحیح	تصحیح	_	_
724	او	او	او	_	_
725	با	با	با	_	_
726	شرح	شرح	شرح	_	_
727	یکایک	یکایک	یکایک	_	_
728	ابیات	بیت	ابیات	_	_
729	،	،	،	_	_
730	مقایسه‌ی	مقایسه	مقایسه	_	_
731	درونمایه‌ی	درونمایه	درونمایه‌ی	_	_
732	داستان‌ها	داستان	داستان	_	_
733	و	و	و	_	_
734	شخصیت‌های	شخصیت	شخصیت	_	_
735	شاهنامه	شاهنامه	شاهنامه	_	_
736	با	با	با	_	_
737	مابه‌ازاهای	مابه‌ازا	مابه‌ازاهای	_	_
738	اساطیری‌شان	اساطیری	اساطیری‌شان	_	_
739	در	در	در	_	_
740	ادبیات	ادبیات	ادبیات	_	_
741	اسطوره‌	اسطوره	اسطوره	_	_
742	ای	ای	ای	_	_
743	و	و	و	_	_
744	حماسی	حماس	حماسی	_	_
745	جهان	جهان	جهان	_	_
746	و	و	و	_	_
747	ضمائمی	ضمائم	ضمائمی	_	_
748	دیگر	دیگر	دیگر	_	_
749	همراه	همراه	همراه	_	_
750	شده‌است	شده‌است	شد	_	_
751	که	که	که	_	_
752	مجموع	مجموع	مجموع	_	_
753	آن	آن	آن	_	_
754	به	به	به	_	_
755	تخمین	تخم	تخمین	_	_
756	خودش	خود	خودش	_	_
757	مشتمل	مشتمل	مشتمل	_	_
758	بر	بر	بر	_	_
759	بیست	بیست	بیست	_	_
760	جلد	جلد	جلد	_	_
761	خواهدشد	خواهدشد	خواهدشد	_	_
762	.	.	.	_	_
763	تا	تا	تا	_	_
764	به	به	به	_	_
765	حال	حال	حال	_	_
766	سه	سه	سه	_	_
767	دفتر	دف	دفتر	_	_
768	از	از	از	_	_
769	این	این	این	_	_
770	مجموعه	مجموعه	مجموعه	_	_
771	منتشر	منتشر	منتشر	_	_
772	شده‌است	شده‌است	شد	_	_
773	.	.	.	_	_
774	انتشار	انتشار	انتشار	_	_
775	دفتر	دف	دفتر	_	_
776	سوم	سو	سوم	_	_
777	بهانه‌ای	بهانه	بهانه	_	_
778	شد	شد	شد	_	_
779	تا	تا	تا	_	_
780	پای	پا	پای	_	_
781	صحبت	صحبت	صحبت	_	_
782	مهری	مهر	مهر	_	_
783	بهفر	بهفر	بهفر	_	_
784	بنشینیم	بنشین	نشست	_	_
785	تا	تا	تا	_	_
786	از	از	از	_	_
787	چند	چند	چند	_	_
788	و	و	و	_	_
789	چون	چون	چون	_	_
790	تألیف	تألیف	تألیف	_	_
791	و	و	و	_	_
792	انتشار	انتشار	انتشار	_	_
793	این	این	این	_	_
794	مجموعه	مجموعه	مجموعه	_	_
795	برای‌مان	برای	برای	_	_
796	بگوید	بگوید	گفت	_	_
797	وقتی	وقت	وقت	_	_
798	کشورت	کشور	کشور	_	_
799	را	را	را	_	_
800	اشغال	اشغال	اشغال	_	_
801	کرده‌باشند	کرده‌باشند	کرد	_	_
802	زبانت	زبان	زبان	_	_
803	را	را	را	_	_
804	در	در	در	_	_
805	شرف	شرف	شرف	_	_
806	نابودی	نابود	نابودی	_	_
807	قرار	قرار	قرار	_	_
808	داده‌باشند	داده‌باشند	داد	_	_
809	،	،	،	_	_
810	کتاب‌هایت	کتاب	کتاب	_	_
811	را	را	را	_	_
812	سوزانده	سوزانده	سوزانده	_	_
813	باشند	باشند	بود	_	_
814	،	،	،	_	_
815	فرهنگت	فرهنگ	فرهنگ	_	_
816	را	را	را	_	_
817	از	از	از	_	_
818	بین	بین	بین	_	_
819	برده‌باشند	برده‌باشند	برد	_	_
820	،	،	،	_	_
821	تاریخت	تاریخ	تاریخ	_	_
822	را	را	را	_	_
823	تحریف	تحریف	تحریف	_	_
824	کرده‌باشند	کرده‌باشند	کرد	_	_
825	و	و	و	_	_
826	هویت	هویّ	هویّت	_	_
827	ملی‌ات	ملّی	ملّی	_	_
828	را	را	را	_	_
829	به	به	به	_	_
830	دست	دست	دست	_	_
831	فراموشی	فراموش	فراموش	_	_
832	سپرده‌باشند	سپرده‌باشند	سپرد	_	_
833	،	،	،	_	_
834	چه	چه	چه	_	_
835	کاری	کار	کاشت	_	_
836	می‌تواند	می‌تواند	توانست	_	_
837	شیرین‌تر	شیرین	شیرین	_	_
838	و	و	و	_	_
839	پر	پر	پر	_	_
840	اهمیت	اهمّ	اهمّیت	_	_
841	تر	تر	تر	_	_
842	از	از	از	_	_
843	این	این	این	_	_
844	تلقی	تلق	تلقی	_	_
845	شود	شود	شد	_	_
846	که	که	که	_	_
847	بتوانی	بتوان	توانست	_	_
848	زبانت	زبان	زبان	_	_
849	را	را	را	_	_
850	زنده	زنده	زنده	_	_
851	کنی	کن	کرد	_	_
852	،	،	،	_	_
853	تاریخت	تاریخ	تاریخ	_	_
854	را	را	را	_	_
855	از	از	از	_	_
856	دست	دست	دست	_	_
857	فراموشی	فراموش	فراموش	_	_
858	نجات	نجات	نجات	_	_
859	دهی	ده	داد	_	_
860	،	،	،	_	_
861	غرور	غرور	غرور	_	_
862	ملی‌ات	ملّی	ملّی	_	_
863	را	را	را	_	_
864	بازسازی	بازسازی	بازسازی	_	_
865	نمایی	نما	نمایی	_	_
866	،	،	،	_	_
867	فرهنگت	فرهنگ	فرهنگ	_	_
868	را	را	را	_	_
869	بازیابی	بازیابی	بازیابی	_	_
870	کنی	کن	کرد	_	_
871	،	،	،	_	_
872	…	…	…	_	_
873	و	و	و	_	_
874	چه	چه	چه	_	_
875	کاری	کار	کاشت	_	_
876	بالاتر	بالا	بالا	_	_
877	از	از	از	_	_
878	این	این	این	_	_
879	و	و	و	_	_
880	چه	چه	چه	_	_
881	پیروزی‌ای	پیروزی	پیروزی	_	_
882	خوش‌تر	خوش	خوش	_	_
883	از	از	از	_	_
884	این	این	این	_	_
885	؟	؟	؟	_	_
886	این	این	این	_	_
887	حقیقت	حقیقت	حقیقت	_	_
888	را	را	را	_	_
889	نیز	نیز	نیز	_	_
890	باید	باید	باید	_	_
891	بدانیم	بدان	دانست	_	_
892	که	که	که	_	_
893	تخیلات	تخیل	تخیلات	_	_
894	همیشه	همیشه	همیشه	_	_
895	پوچ	پوچ	پوچ	_	_
896	و	و	و	_	_
897	بی	بی	بی	_	_
898	مصرف	مصرف	مصرف	_	_
899	نیستند	نیستند		_	_
900	.	.	.	_	_
901	خلاقیتهای	خلاقیت	خلاقیت	_	_
902	هنری	هنر	هنر	_	_
903	که	که	که	_	_
904	خاستگاهشان	خاستگاه	خاستگاه	_	_
905	نفس	نفس	نفس	_	_
906	تخیل	تخیل	تخیل	_	_
907	است	است		_	_
908	،	،	،	_	_
909	ازاین	ازا	ازا	_	_
910	قاعده	قاعده	قاعده	_	_
911	مستثنایند	مستثنایند	مستثنایند	_	_
912	.	.	.	_	_
913	ازضرورتها	ازضرورت	ازضرورتها	_	_
914	و	و	و	_	_
915	نیاز	نیاز	نیاز	_	_
916	امروز	امروز	امروز	_	_
917	جهان	جهان	جهان	_	_
918	است	است		_	_
919	که	که	که	_	_
920	هنروران	هنرور	هنرور	_	_
921	و	و	و	_	_
922	آنان	آن	آن	_	_
923	که	که	که	_	_
924	در	در	در	_	_
925	تولید	تولید	تولید	_	_
926	هنر	هنر	هنر	_	_
927	و	و	و	_	_
928	مشاغل	مشاغل	مشاغل	_	_
929	هنری	هنر	هنر	_	_
930	فعالند	فعالند	فعالند	_	_
931	همواره	همواره	همواره	_	_
932	مترصد	مترصد	مترصد	_	_
933	آن	آن	آن	_	_
934	باشند	باشند	بود	_	_
935	که	که	که	_	_
936	در	در	در	_	_
937	خلاقیتهای	خلاقیت	خلاقیت	_	_
938	خود	خود	خود	_	_
939	،	،	،	_	_
940	عناصر	عناصر	عناصر	_	_
941	تعقل	تعقل	تعقل	_	_
942	و	و	و	_	_
943	تفکر	تفکر	تفکر	_	_
944	منطقی	منطق	منطق	_	_
945	را	را	را	_	_
946	نیز	نیز	نیز	_	_
947	ملحوظ	ملحوظ	ملحوظ	_	_
948	و	و	و	_	_
949	منظور	منظور	منظور	_	_
950	دارند	دارند	داشت	_	_
951	.	.	.	_	_
952	پا	پا	پا	_	_
953	ازحد	ازحد	ازحد	_	_
954	مجاز	مجاز	مجاز	_	_
955	و	و	و	_	_
956	مفید	مفید	مفید	_	_
957	فراتر	فرا	فراتر	_	_
958	نگذارند	نگذارند	گذاشت	_	_
959	.	.	.	_	_
960	در	در	در	_	_
961	شعر	شعر	شعر	_	_
962	،	،	،	_	_
963	ادب	ادب	ادب	_	_
964	،	،	،	_	_
965	موسیقی	موسیقی	موسیقی	_	_
966	،	،	،	_	_
967	نقاشی	نقاش	نقاش	_	_
968	،	،	،	_	_
969	سینما	سینما	سینما	_	_
970	،	،	،	_	_
971	تآتر	تآ	تآتر	_	_
972	،	،	،	_	_
973	انیمیشنها	انیمیشن	انیمیشنها	_	_
974	و	و	و	_	_
975	برنامه	برنامه	برنامه	_	_
976	های		های	_	_
977	ادبی	ادب	ادب	_	_
978	و	و	و	_	_
979	هنری	هنر	هنر	_	_
980	که	که	که	_	_
981	ترتیب	ترتیب	ترتیب	_	_
982	میدهند	میدهند	میدهند	_	_
983	،	،	،	_	_
984	تا	تا	تا	_	_
985	آنجا	آنجا	آنجا	_	_
986	به	به	به	_	_
987	تخیلات	تخیل	تخیلات	_	_
988	اجازه	اجازه	اجازه	_	_
989	ی		ی	_	_
990	فعالیت	فعال	فعالیت	_	_
991	دهند	دهند	داد	_	_
992	که	که	که	_	_
993	از	از	از	_	_
994	مرز	مرز	مرز	_	_
995	مجاز	مجاز	مجاز	_	_
996	تجاوز	تجاوز	تجاوز	_	_
997	و	و	و	_	_
998	تخطی	تخطی	تخطی	_	_
999	نکنند	نکنند	کرد	_	_
1000	.	.	.	_	_
1001	ازبدآموزی	ازبدآموز	ازبدآموزی	_	_
1002	،	،	،	_	_
1003	به	به	به	_	_
1004	غلط	غلط	غلط	_	_
1005	افتادنهای	افتادن	افتادن	_	_
1006	افکار	افکار	افکار	_	_
1007	،	،	،	_	_
1008	اذهان	ذهن	اذهان	_	_
1009	،	،	،	_	_
1010	باورها	باور	باور	_	_
1011	و	و	و	_	_
1012	از	از	از	_	_
1013	افراط	افراط	افراط	_	_
1014	و	و	و	_	_
1015	تفریط	تفریط	تفریط	_	_
1016	در	در	در	_	_
1017	هر	هر	هر	_	_
1018	زمینه	زمینه	زمینه	_	_
1019	و	و	و	_	_
1020	پدیده	پدیده	پدیده	_	_
1021	ی		ی	_	_
1022	هنری	هنر	هنر	_	_
1023	پرهیز	پرهیز	پرهیز	_	_
1024	شود	شود	شد	_	_
1025	.	.	.	_	_
1026	در	در	در	_	_
1027	رمانها	رمان	رمان	_	_
1028	،	،	،	_	_
1029	داستانها	داستان	داستان	_	_
1030	و	و	و	_	_
1031	افسانه	افسانه	افسانه	_	_
1032	هائی	هائ	هائی	_	_
1033	که	که	که	_	_
1034	بضرورت	بضرور	بضرورت	_	_
1035	ساخته	ساخته	ساخته	_	_
1036	یا	یا	یا	_	_
1037	مقالاتی	مقالات	مقالات	_	_
1038	که	که	که	_	_
1039	نوشته	نوشته	نوشته	_	_
1040	میشوند	میشوند	میشوند	_	_
1041	،	،	،	_	_
1042	چشم	چشم	چشم	_	_
1043	عقل	عقل	عقل	_	_
1044	و	و	و	_	_
1045	مقررات	مقرر	مقررات	_	_
1046	علمی	علم	علم	_	_
1047	و	و	و	_	_
1048	منطقی	منطق	منطق	_	_
1049	را	را	را	_	_
1050	بر	بر	بر	_	_
1051	جوانب	جوانب	جوانب	_	_
1052	هنری	هنر	هنر	_	_
1053	آن	آن	آن	_	_
1054	آثار	آثار	آثار	_	_
1055	،	،	،	_	_
1056	بیدار	بیدار	بیدار	_	_
1057	و	و	و	_	_
1058	هوشیار	هوشیار	هوشیار	_	_
1059	بدارند	بدارند	داشت	_	_
1060	زندگی	زندگی	زندگی	_	_
1061	امروز	امروز	امروز	_	_
1062	با	با	با	_	_
1063	حضور	حضور	حضور	_	_
1064	علوم	علم	علوم	_	_
1065	جدید	جدید	جدید	_	_
1066	و	و	و	_	_
1067	دستاوردهای	دستاورد	دستاورد	_	_
1068	علمی	علم	علم	_	_
1069	و	و	و	_	_
1070	تکنیکی	تکنیک	تکنیکی	_	_
1071	جاری	جار	جاری	_	_
1072	،	،	،	_	_
1073	ورود	ورود	ورود	_	_
1074	تخیل	تخیل	تخیل	_	_
1075	و	و	و	_	_
1076	توهمات	توهم	توهمات	_	_
1077	پوچ	پوچ	پوچ	_	_
1078	را	را	را	_	_
1079	به	به	به	_	_
1080	حیطه	حیطه	حیطه	_	_
1081	ی		ی	_	_
1082	حیات	حی	حیات	_	_
1083	انسان	انس	انسان	_	_
1084	،	،	،	_	_
1085	جایز	جایز	جایز	_	_
1086	نمیشمرد	نمیشمرد	نمیشمرد	_	_
1087	.	.	.	_	_
1088	درست	درس	درست	_	_
1089	است	است		_	_
1090	که	که	که	_	_
1091	اوهام	وهم	اوهام	_	_
1092	و	و	و	_	_
1093	خرافات	خرافات	خرافات	_	_
1094	ناشی	ناشی	ناشی	_	_
1095	از	از	از	_	_
1096	تخیلات	تخیل	تخیلات	_	_
1097	واهی	واهی	واهی	_	_
1098	در	در	در	_	_
1099	زوایای	زوایا	زوایا	_	_
1100	زندگی	زندگی	زندگی	_	_
1101	آدمی	آدم	آدم	_	_
1102	راه	راه	راه	_	_
1103	یافته‌اند	یافته‌اند	یافت	_	_
1104	و	و	و	_	_
1105	هستند	هستند		_	_
1106	و"هرکه	و”هرکه	و”هرکه	_	_
1107	آمد	آمد	آمد	_	_
1108	بر	بر	بر	_	_
1109	آن	آن	آن	_	_
1110	مزیدی	مزید	مزید	_	_
1111	کرد	کرد	کرد	_	_
1112	تا	تا	تا	_	_
1113	به	به	به	_	_
1114	این	این	این	_	_
1115	غایت	غایت	غایت	_	_
1116	رسید"	رسید”	رسید”	_	_
1117	اما	اما	اما	_	_
1118	نباید	نباید	نباید	_	_
1119	باشند	باشند	بود	_	_
1120	.	.	.	_	_
1121	اما	اما	اما	_	_
1122	حضورشان	حضور	حضور	_	_
1123	در	در	در	_	_
1124	زندگی	زندگی	زندگی	_	_
1125	مردم	مرد	مردم	_	_
1126	جهان	جهان	جهان	_	_
1127	مجاز	مجاز	مجاز	_	_
1128	نیست	نیست	نیست	_	_
1129	.	.	.	_	_
1130	این	این	این	_	_
1131	فتوای	فتوا	فتوا	_	_
1132	عقل	عقل	عقل	_	_
1133	،	،	،	_	_
1134	علم	علم	علم	_	_
1135	و	و	و	_	_
1136	منطق	منطق	منطق	_	_
1137	است	است		_	_
1138	.	.	.	_	_
1139	در	در	در	_	_
1140	زمانیکه	زمانیکه	زمانیکه	_	_
1141	تلسکوپهای	تلسکوپ	تلسکوپ	_	_
1142	نیرومند	نیرومند	نیرومند	_	_
1143	،	،	،	_	_
1144	کره	کره	کره	_	_
1145	ی		ی	_	_
1146	زمین	زمین	زمین	_	_
1147	را	را	را	_	_
1148	در	در	در	_	_
1149	فاصله	فاصله	فاصله	_	_
1150	ی		ی	_	_
1151	شش	شش	شش	_	_
1152	میلیارد	میلیارد	میلیارد	_	_
1153	کیلومتری	کیلومتر	کیلومتر	_	_
1154	بصورت	بصور	بصورت	_	_
1155	نقطه	نقطه	نقطه	_	_
1156	ای	ای	ای	_	_
1157	آبی	آب	آب	_	_
1158	رنگ	رنگ	رنگ	_	_
1159	،	،	،	_	_
1160	معلق	معلق	معلق	_	_
1161	در	در	در	_	_
1162	فضای	فضا	فضا	_	_
1163	لایتناها	لایتنا	لایتناها	_	_
1164	نشان	نشان	نشان	_	_
1165	میدهند	میدهند	میدهند	_	_
1166	و	و	و	_	_
1167	هرکس	هرکس	هرکس	_	_
1168	میتواند	میتواند	میتواند	_	_
1169	-	-	-	_	_
1170	بیاری	بیار	بیاری	_	_
1171	اینترنت	اینترنت	اینترنت	_	_
1172	-	-	-	_	_
1173	بشرح	بشرح	بشرح	_	_
1174	ویدئوئی	ویدئوئ	ویدئوئی	_	_
1175	خدمات	خدمت	خدمات	_	_
1176	دانشمندان	دانشمند	دانشمند	_	_
1177	در	در	در	_	_
1178	این	این	این	_	_
1179	زمینه	زمینه	زمینه	_	_
1180	ی		ی	_	_
1181	علمی	علم	علم	_	_
1182	بنگرد	بنگرد	نگریست	_	_
1183	و	و	و	_	_
1184	گوش	گوش	گوش	_	_
1185	دهد	دهد	داد	_	_
1186	،	،	،	_	_
1187	دیگر	دیگر	دیگر	_	_
1188	نمیتوان	نمیتو	نمیتوان	_	_
1189	پذیرفت	پذیرف	پذیرفت	_	_
1190	که	که	که	_	_
1191	انسانهای	انسان	انسان	_	_
1192	متوهم	متوهم	متوهم	_	_
1193	در	در	در	_	_
1194	توهمات	توهم	توهمات	_	_
1195	خود	خود	خود	_	_
1196	،	،	،	_	_
1197	صادقند	صادقند	صادقند	_	_
1198	در	در	در	_	_
1199	شبی	شب	شب	_	_
1200	طولانی	طولانی	طولانی	_	_
1201	و	و	و	_	_
1202	بدون	بدون	بدون	_	_
1203	مهتاب	مهتاب	مهتاب	_	_
1204	،	،	،	_	_
1205	شاعر	شاعر	شاعر	_	_
1206	از	از	از	_	_
1207	خواب	خواب	خواب	_	_
1208	برمی‌خیزد	برمی‌خیزد	برمی‌خیزد	_	_
1209	و	و	و	_	_
1210	دل‌آزرده	دل‌آزرده	دل‌آزرده	_	_
1211	از	از	از	_	_
1212	این	این	این	_	_
1213	شب	شب	شب	_	_
1214	تیره	تیره	تیره	_	_
1215	و	و	و	_	_
1216	دلگیر	دلگیر	دلگیر	_	_
1217	،	،	،	_	_
1218	یارش	یار	یار	_	_
1219	را	را	را	_	_
1220	بیدار	بیدار	بیدار	_	_
1221	می‌کند	می‌کند	کرد	_	_
1222	.	.	.	_	_
1223	او	او	او	_	_
1224	چون	چون	چون	_	_
1225	بی‌خواب	بی‌خواب	بی‌خواب	_	_
1226	شده‌است	شده‌است	شد	_	_
1227	از	از	از	_	_
1228	دلبرش	دلبر	دلبر	_	_
1229	می‌خواهد	می‌خواهد	خواست	_	_
1230	که	که	که	_	_
1231	برایش	برای	برای	_	_
1232	بزمی	بزم	بزم	_	_
1233	بیاراید	بیاراید	بیاراید	_	_
1234	و	و	و	_	_
1235	چنگ	چنگ	چنگ	_	_
1236	بنوازد	بنوازد	بنوازد	_	_
1237	پس	پس	پس	_	_
1238	از	از	از	_	_
1239	کامجویی	کامجو	کامجویی	_	_
1240	از	از	از	_	_
1241	آن	آن	آن	_	_
1242	بزم	بز	بزم	_	_
1243	،	،	،	_	_
1244	شاعر	شاعر	شاعر	_	_
1245	از	از	از	_	_
1246	یارش	یار	یار	_	_
1247	می‌خواهد	می‌خواهد	خواست	_	_
1248	که	که	که	_	_
1249	از	از	از	_	_
1250	دفتر	دف	دفتر	_	_
1251	پهلوی	پهلو	پهلوی	_	_
1252	(	(	(	_	_
1253	تاریخ	تاریخ	تاریخ	_	_
1254	شاهان	شاه	شاه	_	_
1255	باستان	باستان	باستان	_	_
1256	ایران	ایران	ایران	_	_
1257	زمین	زمین	زمین	_	_
1258	)	)	)	_	_
1259	داستانی	داستان	داستان	_	_
1260	را	را	را	_	_
1261	بخواند	بخواند	خواند	_	_
1262	تا	تا	تا	_	_
1263	او	او	او	_	_
1264	به	به	به	_	_
1265	شعر	شعر	شعر	_	_
1266	آورد	آورد	آورد	_	_
1267	.	.	.	_	_
1268	داستان	داستان	داستان	_	_
1269	از	از	از	_	_
1270	بزمی	بزم	بزم	_	_
1271	در	در	در	_	_
1272	حضور	حضور	حضور	_	_
1273	کیخسرو	کیخسرو	کیخسرو	_	_
1274	شروع	شروع	شروع	_	_
1275	می‌شود	می‌شود	شد	_	_
1276	.	.	.	_	_
1277	ناگهان	ناگه	ناگهان	_	_
1278	خبر	خبر	خبر	_	_
1279	می‌آورند	می‌آورند	آورد	_	_
1280	ارمنیان	ارمنی	ارمنی	_	_
1281	که	که	که	_	_
1282	در	در	در	_	_
1283	مرز	مرز	مرز	_	_
1284	ایران	ایران	ایران	_	_
1285	و	و	و	_	_
1286	توران	تور	توران	_	_
1287	زندگی	زندگی	زندگی	_	_
1288	می‌کنند	می‌کنند	کرد	_	_
1289	به	به	به	_	_
1290	دادخواهی	دادخواه	دادخواهی	_	_
1291	آمده‌اند	آمده‌اند	آمد	_	_
1292	.	.	.	_	_
1293	آنان	آن	آن	_	_
1294	زاری‌کنان	زاری‌کنان	زاری‌کنان	_	_
1295	می‌گویند 	می‌گویند 	می‌گویند 	_	_
1296	که	که	که	_	_
1297	گله‌ای	گله	گله	_	_
1298	از	از	از	_	_
1299	گرازان	گراز	گراز	_	_
1300	به	به	به	_	_
1301	بیشه‌ای	بیشه	بیشه	_	_
1302	که	که	که	_	_
1303	کشتزار	کشتزار	کشتزار	_	_
1304	و	و	و	_	_
1305	باغ‌هایشان	باغ	باغ	_	_
1306	آنجاست	آنجاس	آنجاست	_	_
1307	،	،	،	_	_
1308	حمله	حمله	حمله	_	_
1309	کرده‌اند	کرده‌اند	کرد	_	_
1310	و	و	و	_	_
1311	محصولات	محصول	محصولات	_	_
1312	و	و	و	_	_
1313	دام‌های	دام	دام	_	_
1314	آنان	آن	آن	_	_
1315	را	را	را	_	_
1316	نابود	نابود	نابود	_	_
1317	می‌کنند	می‌کنند	کرد	_	_
1318	.	.	.	_	_
1319	کیخسرو	کیخسرو	کیخسرو	_	_
1320	دستور	دستور	دستور	_	_
1321	می‌دهد	می‌دهد	داد	_	_
1322	ظرف	ظرف	ظرف	_	_
1323	زرین	زر	زرین	_	_
1324	بزرگی	بزرگ	بزرگ	_	_
1325	را	را	را	_	_
1326	در	در	در	_	_
1327	میان	می	میان	_	_
1328	مجلس	مجلس	مجلس	_	_
1329	قرار	قرار	قرار	_	_
1330	داده	داده	داده	_	_
1331	و	و	و	_	_
1332	آن	آن	آن	_	_
1333	را	را	را	_	_
1334	لبریز	لبریز	لبریز	_	_
1335	از	از	از	_	_
1336	گوهرهای	گوهر	گوهر	_	_
1337	گرانبها	گرانب	گرانبها	_	_
1338	کنند	کنند	کرد	_	_
1339	و	و	و	_	_
1340	می‌گوید	می‌گوید	گفت	_	_
1341	:	:	:	_	_
1342	«	«	«	_	_
1343	کدام	کدام	کدام	_	_
1344	دلاوری	دلاور	دلاور	_	_
1345	داوطلب	داوطلب	داوطلب	_	_
1346	از	از	از	_	_
1347	بین	بین	بین	_	_
1348	بردن	بردن	بردن	_	_
1349	گرازهاست	گرازهاس	گرازهاست	_	_
1350	تا	تا	تا	_	_
1351	این	این	این	_	_
1352	گنج	گنج	گنج	_	_
1353	را	را	را	_	_
1354	پاداش	پاداش	پاداش	_	_
1355	بگیرد	بگیرد	گرفت	_	_
1356	»	»	»	_	_
1357	کسی	کس	کس	_	_
1358	پاسخ	پاسخ	پاسخ	_	_
1359	نمی‌دهد	نمی‌دهد	داد	_	_
1360	تا	تا	تا	_	_
1361	اینکه	اینکه	اینکه	_	_
1362	بیژن	بیژن	بیژن	_	_
1363	(	(	(	_	_
1364	فرزند	فرزند	فرزند	_	_
1365	گیو	گیو	گیو	_	_
1366	و	و	و	_	_
1367	نوه‌ی	نوه	نوه	_	_
1368	دختری	دختریِ	دختریِ	_	_
1369	رستم	رستم	رستم	_	_
1370	)	)	)	_	_
1371	پیشقدم	پیشقد	پیشقدم	_	_
1372	می‌شود	می‌شود	شد	_	_
1373	،	،	،	_	_
1374	اما	اما	اما	_	_
1375	پدرش	پدر	پدر	_	_
1376	او	او	او	_	_
1377	را	را	را	_	_
1378	بر	بر	بر	_	_
1379	این	این	این	_	_
1380	جسارت	جسارت	جسارت	_	_
1381	ملامت	ملامت	ملامت	_	_
1382	می‌کند	می‌کند	کرد	_	_
1383	که	که	که	_	_
1384	:	:	:	_	_
1385	«	«	«	_	_
1386	بی‌تجربه	بی‌تجربه	بی‌تجربه	_	_
1387	هستی	هستی	هستی	_	_
1388	و	و	و	_	_
1389	توانایی	توانا	توانایی	_	_
1390	این	این	این	_	_
1391	کار	کار	کار	_	_
1392	را	را	را	_	_
1393	نداری	ندار	نداری	_	_
1394	»	»	»	_	_
1395	بیژن	بیژن	بیژن	_	_
1396	که	که	که	_	_
1397	جوانی	جوان	جوان	_	_
1398	جویای	جویا	جویا	_	_
1399	نام	نا	نام	_	_
1400	است	است		_	_
1401	،	،	،	_	_
1402	بر	بر	بر	_	_
1403	ادعایش	ادعا	ادعا	_	_
1404	اصرار	اصرار	اصرار	_	_
1405	می‌ورزد	می‌ورزد	ورزید	_	_
1406	.	.	.	_	_
1407	شاه	شاه	شاه	_	_
1408	این	این	این	_	_
1409	مأموریت	مأموریت	مأموریت	_	_
1410	را	را	را	_	_
1411	برعهده‌ی	برعهده	برعهده‌ی	_	_
1412	بیژن	بیژن	بیژن	_	_
1413	می‌گذارد	می‌گذارد	گذاشت	_	_
1414	و	و	و	_	_
1415	گرگین	گرگ	گرگین	_	_
1416	که	که	که	_	_
1417	سرداری	سردار	سردار	_	_
1418	با	با	با	_	_
1419	تجربه	تجربه	تجربه	_	_
1420	است	است		_	_
1421	را	را	را	_	_
1422	برای	برای	برای	_	_
1423	راهنمایی‌اش	راهنمایی	راهنمایی	_	_
1424	در	در	در	_	_
1425	این	این	این	_	_
1426	سفر	سفر	سفر	_	_
1427	،	،	،	_	_
1428	با	با	با	_	_
1429	او	او	او	_	_
1430	همراه	همراه	همراه	_	_
1431	میکند	میکند	میکند	_	_
1432	پیران	پیر	پیر	_	_
1433	که	که	که	_	_
1434	روی	رو	روی	_	_
1435	کودک	کودک	کودک	_	_
1436	را	را	را	_	_
1437	دید	دید	دید	_	_
1438	به	به	به	_	_
1439	یاد	یاد	یاد	_	_
1440	سیاوش	سیاوش	سیاوش	_	_
1441	افتاد	افتاد	افتاد	_	_
1442	و	و	و	_	_
1443	گریه	گریه	گریه	_	_
1444	کرد	کرد	کرد	_	_
1445	زیرا	زیرا	زیرا	_	_
1446	کودک	کودک	کودک	_	_
1447	چنان	چنان	چنان	_	_
1448	بود	بود	بود	_	_
1449	که	که	که	_	_
1450	گویی	گو	گفت	_	_
1451	سیاوش	سیاوش	سیاوش	_	_
1452	بار	بار	بار	_	_
1453	دیگر	دیگر	دیگر	_	_
1454	به	به	به	_	_
1455	دنیا	دنیا	دنیا	_	_
1456	آمده‌است	آمده‌است	آمد	_	_
1457	پیران	پیر	پیر	_	_
1458	کودک	کودک	کودک	_	_
1459	را	را	را	_	_
1460	نزد	نزد	نزد	_	_
1461	افراسیاب	افراسیاب	افراسیاب	_	_
1462	برد	برد	برد	_	_
1463	و	و	و	_	_
1464	او	او	او	_	_
1465	را	را	را	_	_
1466	ستایش	ستایش	ستایش	_	_
1467	کرد	کرد	کرد	_	_
1468	و	و	و	_	_
1469	سپس	سپس	سپس	_	_
1470	خبر	خبر	خبر	_	_
1471	تولد	تولد	تولد	_	_
1472	فرزند	فرزند	فرزند	_	_
1473	فرنگیس	فرنگیس	فرنگیس	_	_
1474	(	(	(	_	_
1475	نوه	نوه	نوه	_	_
1476	افراسیاب	افراسیاب	افراسیاب	_	_
1477	)	)	)	_	_
1478	را	را	را	_	_
1479	به	به	به	_	_
1480	او	او	او	_	_
1481	داد	داد	داد	_	_
1482	و	و	و	_	_
1483	گفت	گفت	گفت	_	_
1484	«	«	«	_	_
1485	این	این	این	_	_
1486	کودک	کودک	کودک	_	_
1487	از	از	از	_	_
1488	خوبی	خوب	خوبی	_	_
1489	به	به	به	_	_
1490	تو	تو	تو	_	_
1491	مانند	مانند	مانند	_	_
1492	است	است		_	_
1493	،	،	،	_	_
1494	از	از	از	_	_
1495	پهلوانی	پهلوان	پهلوان	_	_
1496	به	به	به	_	_
1497	فریدون	فریدون	فریدون	_	_
1498	و	و	و	_	_
1499	زیبایی	زیبا	زیبایی	_	_
1500	اش	اش	اش	_	_
1501	تور	تور	تور	_	_
1502	(	(	(	_	_
1503	نیاکان	نیاکان	نیاکان	_	_
1504	افراسیاب	افراسیاب	افراسیاب	_	_
1505	)	)	)	_	_
1506	را	را	را	_	_
1507	به	به	به	_	_
1508	یاد	یاد	یاد	_	_
1509	می	می	می	_	_
1510	آورد	آورد	آورد	_	_
1511	.	.	.	_	_
1512	نظر	نظر	نظر	_	_
1513	من	من	من	_	_
1514	این	این	این	_	_
1515	است	است		_	_
1516	که	که	که	_	_
1517	گذشته	گذشته	گذشته	_	_
1518	را	را	را	_	_
1519	فراموش	فراموش	فراموش	_	_
1520	کنی	کن	کرد	_	_
1521	و	و	و	_	_
1522	مهر	مهر	مهر	_	_
1523	کودک	کودک	کودک	_	_
1524	را	را	را	_	_
1525	در	در	در	_	_
1526	دل	دل	دل	_	_
1527	پرورش	پرورش	پرورش	_	_
1528	دهی	ده	داد	_	_
1529	او	او	او	_	_
1530	را	را	را	_	_
1531	به	به	به	_	_
1532	چوپانان	چوپان	چوپان	_	_
1533	بسپری	بسپر	سپرد	_	_
1534	تا	تا	تا	_	_
1535	دور	دور	دور	_	_
1536	از	از	از	_	_
1537	دربار	دربار	دربار	_	_
1538	و	و	و	_	_
1539	بدون	بدون	بدون	_	_
1540	آگاهی	آگاه	آگاهی	_	_
1541	از	از	از	_	_
1542	اصل	اصل	اصل	_	_
1543	و	و	و	_	_
1544	نژاد	نژاد	نژاد	_	_
1545	خود	خود	خود	_	_
1546	بزرگ	بزرگ	بزرگ	_	_
1547	شود	شود	شد	_	_
1548	.	.	.	_	_
1549	»	»	»	_	_
1550	گردآفرید	گُردآفرید	گُردآفرید	_	_
1551	نخستین	نخست	نخستین	_	_
1552	شیرزن	شیرزن	شیرزن	_	_
1553	حماسه	حماسه	حماسه	_	_
1554	ملی	مل	ملی	_	_
1555	ایران	ایران	ایران	_	_
1556	است	است		_	_
1557	گردآفرید	گردآفریدِ	گردآفریدِ	_	_
1558	دلربا	دلربا	دلربا	_	_
1559	و	و	و	_	_
1560	چالاک	چالاک	چالاک	_	_
1561	با	با	با	_	_
1562	این	این	این	_	_
1563	که	که	که	_	_
1564	در	در	در	_	_
1565	شاهنامه	شاهنامه	شاهنامه	_	_
1566	حضوری	حضور	حضور	_	_
1567	کوتاه	کوتاه	کوتاه	_	_
1568	دارد	دارد	داشت	_	_
1569	و	و	و	_	_
1570	شکست	شکست	شکست	_	_
1571	هم	هم	هم	_	_
1572	می‌خورد	می‌خورد	خورد	_	_
1573	بسیار	بسیار	بسیار	_	_
1574	برجسته	برجسته	برجسته	_	_
1575	است	است		_	_
1576	و	و	و	_	_
1577	یکی	یک	یک	_	_
1578	از	از	از	_	_
1579	گیراترین	گیرا	گیرا	_	_
1580	زنان	زن	زن	_	_
1581	شاهنامه	شاهنامه	شاهنامه	_	_
1582	وی	و	وی	_	_
1583	را	را	را	_	_
1584	می‌توان	می‌توان	می‌توان	_	_
1585	مانند	مانند	مانند	_	_
1586	فرانک	فرانک	فرانک	_	_
1587	ارنواز	ارنواز	ارنواز	_	_
1588	و	و	و	_	_
1589	شهرناز	شهرناز	شهرناز	_	_
1590	،	،	،	_	_
1591	نمونه	نمونه	نمونه	_	_
1592	زن	زن	زن	_	_
1593	اصیل	اصیل	اصیل	_	_
1594	ایرانی	ایران	ایران	_	_
1595	دانست	دانست	دانست	_	_
1596	.	.	.	_	_
1597	او	او	او	_	_
1598	در	در	در	_	_
1599	جنگاوری	جنگاور	جنگاور	_	_
1600	بی‌همتاست	بی‌همتاس	بی‌همتاست	_	_
1601	در	در	در	_	_
1602	رهسپاری	رهسپار	رهسپار	_	_
1603	سهراب	سهراب	سهراب	_	_
1604	از	از	از	_	_
1605	توران	تور	توران	_	_
1606	به	به	به	_	_
1607	ایران	ایران	ایران	_	_
1608	،	،	،	_	_
1609	هنگامی	هنگام	هنگامی	_	_
1610	که	که	که	_	_
1611	وی	و	وی	_	_
1612	در	در	در	_	_
1613	جستجوی	جستجو	جستجو	_	_
1614	پدرش	پدر	پدر	_	_
1615	رستم	رستم	رستم	_	_
1616	است	است		_	_
1617	،	،	،	_	_
1618	با	با	با	_	_
1619	او	او	او	_	_
1620	آشنا	آشنا	آشنا	_	_
1621	می‌شویم	می‌شو	شد	_	_
1622	.	.	.	_	_
1623	در	در	در	_	_
1624	مرز	مرز	مرز	_	_
1625	توران	تور	توران	_	_
1626	و	و	و	_	_
1627	ایران	ایران	ایران	_	_
1628	،	،	،	_	_
1629	دژی	دژ	دژ	_	_
1630	به	به	به	_	_
1631	نام	نا	نام	_	_
1632	سپیددژ	سپیددژ	سپیددژ	_	_
1633	هست	هس		_	_
1634	.	.	.	_	_
1635	گژدهم	گُژدَهَ	گُژدَهَم	_	_
1636	که	که	که	_	_
1637	یک	یک	یک	_	_
1638	ایرانی	ایران	ایران	_	_
1639	سالخورده	سالخورده	سالخورده	_	_
1640	است	است		_	_
1641	بر	بر	بر	_	_
1642	آن	آن	آن	_	_
1643	فرمان	فرمان	فرمان	_	_
1644	می‌راند	می‌راند	می‌راند	_	_
1645	و	و	و	_	_
1646	همواره	همواره	همواره	_	_
1647	در	در	در	_	_
1648	برابر	برابر	برابر	_	_
1649	دشمن	دشمن	دشمن	_	_
1650	پایداری	پایدار	پایدار	_	_
1651	سرسختانه‌ای	سرسختانه	سرسختانه	_	_
1652	می‌ورزد	می‌ورزد	ورزید	_	_
1653	و	و	و	_	_
1654	با	با	با	_	_
1655	این	این	این	_	_
1656	کار	کار	کار	_	_
1657	دل	دل	دل	_	_
1658	همه	همه	همه	_	_
1659	ایرانیان	ایران	ایران	_	_
1660	را	را	را	_	_
1661	به	به	به	_	_
1662	آن	آن	آن	_	_
1663	دژ	دژ	دژ	_	_
1664	امیدوار	امیدوار	امیدوار	_	_
1665	می‌سازد	می‌سازد	ساخت	_	_
1666	.	.	.	_	_
1667	گژدهم	گژده	گژدهم	_	_
1668	پیر	پیر	پیر	_	_
1669	،	،	،	_	_
1670	پسری	پسر	پسر	_	_
1671	خرد	خرد	خرد	_	_
1672	به	به	به	_	_
1673	نام	نا	نام	_	_
1674	گستهم	گُستَهَ	گُستَهَم	_	_
1675	دارد	دارد	داشت	_	_
1676	،	،	،	_	_
1677	و	و	و	_	_
1678	دختری	دختر	دختر	_	_
1679	به	به	به	_	_
1680	نام	نا	نام	_	_
1681	گردآفرید	گردآفرید	گردآفرید	_	_
1682	.	.	.	_	_
1683	سهراب	سهراب	سهراب	_	_
1684	ناچار	ناچار	ناچار	_	_
1685	است	است		_	_
1686	پیش	پی	پیش	_	_
1687	از	از	از	_	_
1688	درآمدن	درآمدن	درآمدن	_	_
1689	به	به	به	_	_
1690	خاک	خاک	خاک	_	_
1691	ایران	ایران	ایران	_	_
1692	از	از	از	_	_
1693	این	این	این	_	_
1694	دژ	دژ	دژ	_	_
1695	بگذرد	بگذرد	گذشت	_	_
1696	.	.	.	_	_
1697	در	در	در	_	_
1698	نبرد	نبرد	نبرد	_	_
1699	میان	می	میان	_	_
1700	سهراب	سهراب	سهراب	_	_
1701	و	و	و	_	_
1702	هژیر	هژیر	هژیر	_	_
1703	،	،	،	_	_
1704	فرمانده	فرمانده	فرمانده	_	_
1705	دژ	دژ	دژ	_	_
1706	،	،	،	_	_
1707	سهراب	سهراب	سهراب	_	_
1708	بر	بر	بر	_	_
1709	او	او	او	_	_
1710	پیروز	پیروز	پیروز	_	_
1711	می‌گردد	می‌گردد	گشت	_	_
1712	.	.	.	_	_
1713	سهراب	سهراب	سهراب	_	_
1714	،	،	،	_	_
1715	نخست	نخست	نخست	_	_
1716	می‌خواهد	می‌خواهد	خواست	_	_
1717	او	او	او	_	_
1718	را	را	را	_	_
1719	بکشد	بکُشد	بکُشد	_	_
1720	،	،	،	_	_
1721	اما	اما	اما	_	_
1722	سپس	سپس	سپس	_	_
1723	او	او	او	_	_
1724	را	را	را	_	_
1725	اسیر	اسیر	اسیر	_	_
1726	کرده	کرده	کرده	_	_
1727	راهی	راه	راه	_	_
1728	سپاه	سپاه	سپاه	_	_
1729	خود	خود	خود	_	_
1730	می‌کند	می‌کند	کرد	_	_
1731	.	.	.	_	_
1732	آگاهی	آگاه	آگاهی	_	_
1733	از	از	از	_	_
1734	این	این	این	_	_
1735	رویداد	رویداد	رویداد	_	_
1736	،	،	،	_	_
1737	دژنشینان	دژنشین	دژنشینان	_	_
1738	را	را	را	_	_
1739	سراسیمه	سراسیمه	سراسیمه	_	_
1740	می‌سازد	می‌سازد	ساخت	_	_
1741	،	،	،	_	_
1742	اما	اما	اما	_	_
1743	گردآفرید	گردآفرید	گردآفرید	_	_
1744	چنان	چنان	چنان	_	_
1745	این	این	این	_	_
1746	را	را	را	_	_
1747	مایه	مایه	مایه	_	_
1748	ننگ	ننگ	ننگ	_	_
1749	می‌داند	می‌داند	دانست	_	_
1750	که	که	که	_	_
1751	بر	بر	بر	_	_
1752	آن	آن	آن	_	_
1753	می‌شود	می‌شود	شد	_	_
1754	خود	خود	خود	_	_
1755	به	به	به	_	_
1756	نبرد	نبرد	نبرد	_	_
1757	او	او	او	_	_
1758	رود	رود	رود	_	_
1759	.	.	.	_	_
1760	سهراب	سهراب	سهراب	_	_
1761	در	در	در	_	_
1762	پی	پی	پی	_	_
1763	چالش	چال	چالش	_	_
1764	آن	آن	آن	_	_
1765	شیرزن	شیرزن	شیرزن	_	_
1766	به	به	به	_	_
1767	رزمگاه	رزمگاه	رزمگاه	_	_
1768	درمی‌آید	درمی‌آید	درمی‌آید	_	_
1769	و	و	و	_	_
1770	آن	آن	آن	_	_
1771	دو	دو	دو	_	_
1772	به	به	به	_	_
1773	پرخاش	پرخاش	پرخاش	_	_
1774	و	و	و	_	_
1775	نبرد	نبرد	نبرد	_	_
1776	درمی‌آیند	درمی‌آیند	درمی‌آیند	_	_
1777	.	.	.	_	_
1778	سهراب	سهراب	سهراب	_	_
1779	در	در	در	_	_
1780	برابر	برابر	برابر	_	_
1781	باران	بار	باران	_	_
1782	تیر	تیر	تیر	_	_
1783	گردآفرید	گردآفرید	گردآفرید	_	_
1784	،	،	،	_	_
1785	ناچار	ناچار	ناچار	_	_
1786	سپرش	سپر	سپر	_	_
1787	را	را	را	_	_
1788	به	به	به	_	_
1789	کار	کار	کار	_	_
1790	درمی‌آورد	درمی‌آورد	درمی‌آورد	_	_
1791	وی	و	وی	_	_
1792	جنگ‌کنان	جنگ‌کن	جنگ‌کنان	_	_
1793	نزدیک	نزدیک	نزدیک	_	_
1794	گردآفرید	گردآفرید	گردآفرید	_	_
1795	می‌شود	می‌شود	شد	_	_
1796	و	و	و	_	_
1797	نیزه	نیزه	نیزه	_	_
1798	او	او	او	_	_
1799	را	را	را	_	_
1800	می‌گیرد	می‌گیرد	گرفت	_	_
1801	.	.	.	_	_
1802	با	با	با	_	_
1803	نیزه	نیزه	نیزه	_	_
1804	جامه	جامه	جامه	_	_
1805	جنگی	جنگ	جنگی	_	_
1806	او	او	او	_	_
1807	را	را	را	_	_
1808	می‌درد	می‌درد	می‌درد	_	_
1809	،	،	،	_	_
1810	گردآفرید	گردآفرید	گردآفرید	_	_
1811	شمشیر	شمشیر	شمشیر	_	_
1812	می‌کشد	می‌کشد	کشید	_	_
1813	و	و	و	_	_
1814	با	با	با	_	_
1815	فرود	فرود	فرود	_	_
1816	آوردن	آوردن	آوردن	_	_
1817	آن	آن	آن	_	_
1818	نیزه	نیزه	نیزه	_	_
1819	سهراب	سهراب	سهراب	_	_
1820	را	را	را	_	_
1821	می‌شکند	می‌شکند	شکست	_	_
1822	.	.	.	_	_
1823	سرانجام	سرانجام	سرانجام	_	_
1824	می‌بیند	می‌بیند	دید	_	_
1825	که	که	که	_	_
1826	توان	تو	توان	_	_
1827	رویارویی	رویارو	رویارو	_	_
1828	با	با	با	_	_
1829	سهراب	سهراب	سهراب	_	_
1830	را	را	را	_	_
1831	ندارد	ندارد	داشت	_	_
1832	و	و	و	_	_
1833	می‌کوشد	می‌کوشد	کوشید	_	_
1834	سوی	سو	سو	_	_
1835	دژ	دژ	دژ	_	_
1836	بگریزد	بگریزد	بگریزد	_	_
1837	.	.	.	_	_
1838	اما	اما	اما	_	_
1839	سهراب	سهراب	سهراب	_	_
1840	به	به	به	_	_
1841	او	او	او	_	_
1842	می‌رسد	می‌رسد	رسید	_	_
1843	و	و	و	_	_
1844	کلاه‌خودش	کلاه‌خود	کلاه‌خود	_	_
1845	را	را	را	_	_
1846	برمی‌گیرد	برمی‌گیرد	برمی‌گیرد	_	_
1847	.	.	.	_	_
1848	تازه	تازه	تازه	_	_
1849	می‌بیند	می‌بیند	دید	_	_
1850	که	که	که	_	_
1851	آن	آن	آن	_	_
1852	پیکارگر	پیکارگر	پیکارگر	_	_
1853	نه	نه	نه	_	_
1854	مرد	مرد	مرد	_	_
1855	،	،	،	_	_
1856	بلکه	بلکه	بلکه	_	_
1857	دختری	دختر	دختر	_	_
1858	زیباروی	زیبارو	زیباروی	_	_
1859	است	است		_	_
1860	گردآفرید	گردآفرید	گردآفرید	_	_
1861	به	به	به	_	_
1862	نیرنگ	نیرنگ	نیرنگ	_	_
1863	دست	دست	دست	_	_
1864	می‌یازد	می‌یازد	می‌یازد	_	_
1865	و	و	و	_	_
1866	به	به	به	_	_
1867	سهراب	سهراب	سهراب	_	_
1868	می‌گوید	می‌گوید	گفت	_	_
1869	که	که	که	_	_
1870	خوب	خوب	خوب	_	_
1871	نیست	نیست	نیست	_	_
1872	رزمندگان	رزمندگ	رزمندگان	_	_
1873	ببینند	ببینند	ببینند	_	_
1874	که	که	که	_	_
1875	وی	و	وی	_	_
1876	در	در	در	_	_
1877	نبرد	نبرد	نبرد	_	_
1878	با	با	با	_	_
1879	یک	یک	یک	_	_
1880	دختر	دختر	دختر	_	_
1881	به	به	به	_	_
1882	چنین	چنین	چنین	_	_
1883	کوشش	کوشش	کوشش	_	_
1884	و	و	و	_	_
1885	رنجی	رنج	رنج	_	_
1886	گرفتار	گرفتار	گرفتار	_	_
1887	آمده	آمده	آمده	_	_
1888	و	و	و	_	_
1889	به	به	به	_	_
1890	او	او	او	_	_
1891	پیشنهاد	پیشنهاد	پیشنهاد	_	_
1892	می‌کند	می‌کند	کرد	_	_
1893	که	که	که	_	_
1894	همراهش	همراه	همراه	_	_
1895	به	به	به	_	_
1896	درون	درون	درون	_	_
1897	دژ	دژ	دژ	_	_
1898	برود	برود	رفت	_	_
1899	و	و	و	_	_
1900	دژ	دژ	دژ	_	_
1901	در	در	در	_	_
1902	چنگ	چنگ	چنگ	_	_
1903	اوست	اوس	اوست	_	_
1904	.	.	.	_	_
1905	 	 	 	_	_
1906	روزی	روز	روز	_	_
1907	رستم	رستم	رستم	_	_
1908	هوای	هوا	هوا	_	_
1909	رفتن	رفتن	رفتن	_	_
1910	به	به	به	_	_
1911	شکار	شکار	شکار	_	_
1912	کرد	کرد	کرد	_	_
1913	و	و	و	_	_
1914	با	با	با	_	_
1915	رخش	رخ	رخش	_	_
1916	به	به	به	_	_
1917	سوی	سو	سو	_	_
1918	مرز	مرز	مرز	_	_
1919	توران	تور	توران	_	_
1920	رفت	رف	رفت	_	_
1921	پس	پس	پس	_	_
1922	آنجا	آنجا	آنجا	_	_
1923	را	را	را	_	_
1924	پر	پر	پر	_	_
1925	از	از	از	_	_
1926	گورخر	گورخر	گورخر	_	_
1927	دید	دید	دید	_	_
1928	شاد	شاد	شاد	_	_
1929	شد	شد	شد	_	_
1930	و	و	و	_	_
1931	شکاری	شکار	شکار	_	_
1932	زد	زد	زد	_	_
1933	و	و	و	_	_
1934	آتش	آتش	آتش	_	_
1935	بیفروخت	بیفروخ	بیفروخت	_	_
1936	.	.	.	_	_
1937	درختی	درخت	درخت	_	_
1938	را	را	را	_	_
1939	کند	کند	کند	_	_
1940	و	و	و	_	_
1941	در	در	در	_	_
1942	گورخری	گورخر	گورخر	_	_
1943	که	که	که	_	_
1944	شکار	شکار	شکار	_	_
1945	کرده‌بود	کرده‌بود	کرد	_	_
1946	چون	چون	چون	_	_
1947	سیخی	سیخ	سیخ	_	_
1948	فرو	فرو	فرو	_	_
1949	برد	برد	برد	_	_
1950	و	و	و	_	_
1951	بر	بر	بر	_	_
1952	آتش	آتش	آتش	_	_
1953	گذاشت	گذا	گذاشت	_	_
1954	.	.	.	_	_
1955	پس	پس	پس	_	_
1956	از	از	از	_	_
1957	صرف	صرف	صرف	_	_
1958	غذا	غذا	غذا	_	_
1959	و	و	و	_	_
1960	نوشیدن	نوشیدن	نوشیدن	_	_
1961	آب	آب	آب	_	_
1962	خوابید	خوابید	خوابید	_	_
1963	.	.	.	_	_
1964	هفت	هفت	هفت	_	_
1965	هشت	هشت	هشت	_	_
1966	تن	تن	تن	_	_
1967	از	از	از	_	_
1968	سواران	سوار	سوار	_	_
1969	ترک	ترک	ترک	_	_
1970	رخش	رخ	رخش	_	_
1971	را	را	را	_	_
1972	دیدند	دیدند	دید	_	_
1973	و	و	و	_	_
1974	او	او	او	_	_
1975	را	را	را	_	_
1976	دنبال	دنبال	دنبال	_	_
1977	کردند	کردند	کرد	_	_
1978	.	.	.	_	_
1979	رخش	رخ	رخش	_	_
1980	دوتا	دوتا	دوتا	_	_
1981	از	از	از	_	_
1982	آنها	آن	آن	_	_
1983	را	را	را	_	_
1984	با	با	با	_	_
1985	لگد	لگد	لگد	_	_
1986	کوبید	کوبید	کوبید	_	_
1987	و	و	و	_	_
1988	سر	سر	سر	_	_
1989	یکی	یک	یک	_	_
1990	را	را	را	_	_
1991	از	از	از	_	_
1992	تن	تن	تن	_	_
1993	جدا	جدا	جدا	_	_
1994	کرد	کرد	کرد	_	_
1995	.	.	.	_	_
1996	پس	پس	پس	_	_
1997	آنها	آن	آن	_	_
1998	با	با	با	_	_
1999	کمند	کمند	کمند	_	_
2000	گردن	گردن	گردن	_	_
2001	او	او	او	_	_
2002	را	را	را	_	_
2003	به	به	به	_	_
2004	بند	بند	بند	_	_
2005	آوردند	آوردند	آورد	_	_
2006	و	و	و	_	_
2007	به	به	به	_	_
2008	شهر	شهر	شهر	_	_
2009	بردند	بردند	برد	_	_
2010	وقتی	وقت	وقت	_	_
2011	رستم	رستم	رستم	_	_
2012	برخاست	برخاس	برخاست	_	_
2013	و	و	و	_	_
2014	رخش	رخ	رخش	_	_
2015	را	را	را	_	_
2016	ندید	ندید	دید	_	_
2017	غمگین	غمگین	غمگین	_	_
2018	شد	شد	شد	_	_
2019	و	و	و	_	_
2020	پیاده	پیاده	پیاده	_	_
2021	به	به	به	_	_
2022	سوی	سو	سو	_	_
2023	سمنگان	سمنگان	سمنگان	_	_
2024	رفت	رف	رفت	_	_
2025	تا	تا	تا	_	_
2026	مگر	مگر	مگر	_	_
2027	نشانی	نشان	نشانی	_	_
2028	از	از	از	_	_
2029	او	او	او	_	_
2030	بیابد	بیابد	یافت	_	_
2031	وقتی	وقت	وقت	_	_
2032	صبح	صبح	صبح	_	_
2033	شد	شد	شد	_	_
2034	بر	بر	بر	_	_
2035	بازوی	بازو	بازو	_	_
2036	رستم	رستم	رستم	_	_
2037	مهره	مهره	مهره	_	_
2038	ای	ای	ای	_	_
2039	قرار	قرار	قرار	_	_
2040	داشت	داش	داشت	_	_
2041	که	که	که	_	_
2042	آن	آن	آن	_	_
2043	مهره	مهره	مهره	_	_
2044	را	را	را	_	_
2045	در	در	در	_	_
2046	همه	همه	همه	_	_
2047	جهان	جهان	جهان	_	_
2048	می	می	می	_	_
2049	شناختند	شناختند	شناخت	_	_
2050	.	.	.	_	_
2051	آن	آن	آن	_	_
2052	را	را	را	_	_
2053	به	به	به	_	_
2054	تهمینه	تهمینه	تهمینه	_	_
2055	داد	داد	داد	_	_
2056	و	و	و	_	_
2057	گفت	گفت	گفت	_	_
2058	اگر	اگر	اگر	_	_
2059	دختردار	دختردار	دختردار	_	_
2060	شدی	شد	شد	_	_
2061	این	این	این	_	_
2062	را	را	را	_	_
2063	به	به	به	_	_
2064	گیسوی	گیسو	گیسو	_	_
2065	او	او	او	_	_
2066	ببند	ببند	بست	_	_
2067	و	و	و	_	_
2068	اگر	اگر	اگر	_	_
2069	پسردار	پسردار	پسردار	_	_
2070	شدی	شد	شد	_	_
2071	آن	آن	آن	_	_
2072	را	را	را	_	_
2073	به	به	به	_	_
2074	بازویش	بازو	بازو	_	_
2075	ببند	ببند	بست	_	_
2076	و	و	و	_	_
2077	سپس	سپس	سپس	_	_
2078	از	از	از	_	_
2079	او	او	او	_	_
2080	خداحافظی	خداحافظ	خداحافظی	_	_
2081	کرد	کرد	کرد	_	_
2082	و	و	و	_	_
2083	به	به	به	_	_
2084	سوی	سو	سو	_	_
2085	شاه	شاه	شاه	_	_
2086	سمنگان	سمنگان	سمنگان	_	_
2087	رفت	رف	رفت	_	_
2088	پس	پس	پس	_	_
2089	او	او	او	_	_
2090	مژده	مژده	مژده	_	_
2091	داد	داد	داد	_	_
2092	که	که	که	_	_
2093	رخش	رخ	رخش	_	_
2094	را	را	را	_	_
2095	یافته‌است	یافته‌است	یافت	_	_
2096	.	.	.	_	_
2097	رستم	رستم	رستم	_	_
2098	سوار	سوار	سوار	_	_
2099	رخش	رخ	رخش	_	_
2100	شد	شد	شد	_	_
2101	و	و	و	_	_
2102	شاد	شاد	شاد	_	_
2103	و	و	و	_	_
2104	سرحال	سرحال	سرحال	_	_
2105	به	به	به	_	_
2106	سوی	سو	سو	_	_
2107	ایران	ایران	ایران	_	_
2108	و	و	و	_	_
2109	از	از	از	_	_
2110	آنجا	آنجا	آنجا	_	_
2111	به	به	به	_	_
2112	زابلستان	زابلستان	زابلستان	_	_
2113	رفت	رف	رفت	_	_
2114	.	.	.	_	_
2115	بعد	بعد	بعد	_	_
2116	از	از	از	_	_
2117	گذشت	گذ	گذشت	_	_
2118	نه	نه	نه	_	_
2119	ماه	ماه	ماه	_	_
2120	تهمینه	تهمینه	تهمینه	_	_
2121	پسری	پسر	پسر	_	_
2122	به	به	به	_	_
2123	دنیا	دنیا	دنیا	_	_
2124	آورد	آورد	آورد	_	_
2125	زیبارو	زیبارو	زیبارو	_	_
2126	چون	چون	چون	_	_
2127	رستم	رستم	رستم	_	_
2128	که	که	که	_	_
2129	نامش	نام	نام	_	_
2130	را	را	را	_	_
2131	سهراب	سهراب	سهراب	_	_
2132	نهادند	نهادند	نهادند	_	_
2133	.	.	.	_	_
2134	وقتی	وقت	وقت	_	_
2135	یکماهه	یکماهه	یکماهه	_	_
2136	شد	شد	شد	_	_
2137	مانند	مانند	مانند	_	_
2138	کودک	کودک	کودک	_	_
2139	یک	یک	یک	_	_
2140	ساله	ساله	ساله	_	_
2141	بود	بود	بود	_	_
2142	و	و	و	_	_
2143	در	در	در	_	_
2144	سه	سه	سه	_	_
2145	سالگی	سالگی	سالگی	_	_
2146	به	به	به	_	_
2147	میدان	میدان	میدان	_	_
2148	قدم	قد	قدم	_	_
2149	نهاد	نهاد	نهاد	_	_
2150	و	و	و	_	_
2151	در	در	در	_	_
2152	پنج	پنج	پنج	_	_
2153	سالگی	سالگی	سالگی	_	_
2154	چون	چون	چون	_	_
2155	شیرمردان	شیرمرد	شیرمردان	_	_
2156	شده‌بود	شده‌بود	شد	_	_
2157	و	و	و	_	_
2158	در	در	در	_	_
2159	ده	ده	ده	_	_
2160	سالگی	سالگی	سالگی	_	_
2161	کسی	کس	کس	_	_
2162	نمی	نم	نم	_	_
2163	توانست	توانس	توانست	_	_
2164	با	با	با	_	_
2165	او	او	او	_	_
2166	نبرد	نبرد	نبرد	_	_
2167	کند	کند	کند	_	_
2168	.	.	.	_	_
2169	روزی	روز	روز	_	_
2170	نزد	نزد	نزد	_	_
2171	مادر	مادر	مادر	_	_
2172	رفت	رف	رفت	_	_
2173	و	و	و	_	_
2174	گفت	گفت	گفت	_	_
2175	پدر	پدر	پدر	_	_
2176	من	من	من	_	_
2177	کیست	کیست	کیست	_	_
2178	؟	؟	؟	_	_
2179	اگر	اگر	اگر	_	_
2180	کسی	کس	کس	_	_
2181	بپرسد	بپرسد	پرسید	_	_
2182	چه	چه	چه	_	_
2183	پاسخ	پاسخ	پاسخ	_	_
2184	دهم	ده	دهم	_	_
2185	؟	؟	؟	_	_
2186	مادر	مادر	مادر	_	_
2187	گفت	گفت	گفت	_	_
2188	تو	تو	تو	_	_
2189	پسر	پسر	پسر	_	_
2190	پهلوان	پهلو	پهلوان	_	_
2191	پیلتن	پیلتن	پیلتن	_	_
2192	رستم	رستم	رستم	_	_
2193	هستی	هستی	هستی	_	_
2194	و	و	و	_	_
2195	از	از	از	_	_
2196	نوادگان	نوادگ	نوادگان	_	_
2197	سام	سام	سام	_	_
2198	و	و	و	_	_
2199	زال	زال	زال	_	_
2200	می	می	می	_	_
2201	باشی	باش	بود	_	_
2202	.	.	.	_	_
2203	نامه	نامه	نامه	_	_
2204	ای	ای	ای	_	_
2205	از	از	از	_	_
2206	رستم	رستم	رستم	_	_
2207	به	به	به	_	_
2208	او	او	او	_	_
2209	نشان	نشان	نشان	_	_
2210	داد	داد	داد	_	_
2211	با	با	با	_	_
2212	سه	سه	سه	_	_
2213	یاقوت	یاقوت	یاقوت	_	_
2214	رخشان	رخ	رخشان	_	_
2215	و	و	و	_	_
2216	سه	سه	سه	_	_
2217	کیسه	کیسه	کیسه	_	_
2218	زر	زر	زر	_	_
2219	که	که	که	_	_
2220	پدرش	پدر	پدر	_	_
2221	زمانیکه	زمانیکه	زمانیکه	_	_
2222	او	او	او	_	_
2223	بدنیا	بدنیا	بدنیا	_	_
2224	آمده‌بود	آمده‌بود	آمد	_	_
2225	فرستاده‌بود	فرستاده‌بود	فرستاد	_	_
2226	.	.	.	_	_
2227	تهمینه	تهمینه	تهمینه	_	_
2228	گفت	گفت	گفت	_	_
2229	افراسیاب	افراسیاب	افراسیاب	_	_
2230	نباید	نباید	نباید	_	_
2231	در	در	در	_	_
2232	این	این	این	_	_
2233	مورد	مورد	مورد	_	_
2234	چیزی	چیز	چیز	_	_
2235	بداند	بداند	دانست	_	_
2236	زیرا	زیرا	زیرا	_	_
2237	او	او	او	_	_
2238	دشمن	دشمن	دشمن	_	_
2239	پدرت	پدر	پدر	_	_
2240	است	است		_	_
2241	و	و	و	_	_
2242	اگر	اگر	اگر	_	_
2243	هم	هم	هم	_	_
2244	پدرت	پدر	پدر	_	_
2245	بداند	بداند	دانست	_	_
2246	که	که	که	_	_
2247	تو	تو	تو	_	_
2248	چنین	چنین	چنین	_	_
2249	یلی	یل	یل	_	_
2250	شده‌ای	شده‌ا	شد	_	_
2251	تو	تو	تو	_	_
2252	را	را	را	_	_
2253	نزد	نزد	نزد	_	_
2254	خودش	خود	خودش	_	_
2255	می	می	می	_	_
2256	برد	برد	برد	_	_
2257	و	و	و	_	_
2258	من	من	من	_	_
2259	از	از	از	_	_
2260	دوری	دور	دور	_	_
2261	تو	تو	تو	_	_
2262	ملول	ملول	ملول	_	_
2263	می	می	می	_	_
2264	شوم	شوم	شوم	_	_
2265	.	.	.	_	_
2266	اما	اما	اما	_	_
2267	سهراب	سهراب	سهراب	_	_
2268	گفت	گفت	گفت	_	_
2269	این	این	این	_	_
2270	سخنی	سخن	سخن	_	_
2271	نیست	نیست	نیست	_	_
2272	که	که	که	_	_
2273	آن	آن	آن	_	_
2274	را	را	را	_	_
2275	پنهان	پنهان	پنهان	_	_
2276	کنم	کن	کرد	_	_
2277	و	و	و	_	_
2278	تو	تو	تو	_	_
2279	نباید	نباید	نباید	_	_
2280	این	این	این	_	_
2281	را	را	را	_	_
2282	پنهان	پنهان	پنهان	_	_
2283	می	می	می	_	_
2284	کردی	کرد	کردی	_	_
2285	.	.	.	_	_
2286	اکنون	اکنون	اکنون	_	_
2287	من	من	من	_	_
2288	از	از	از	_	_
2289	ترکان	ترک	ترک	_	_
2290	سپاهی	سپاه	سپاه	_	_
2291	آماده	آماده	آماده	_	_
2292	می	می	می	_	_
2293	کنم	کن	کرد	_	_
2294	و	و	و	_	_
2295	به	به	به	_	_
2296	ایران	ایران	ایران	_	_
2297	می	می	می	_	_
2298	روم	رو	روم	_	_
2299	و	و	و	_	_
2300	کاووس	کاووس	کاووس	_	_
2301	را	را	را	_	_
2302	از	از	از	_	_
2303	تخت	تخت	تخت	_	_
2304	به	به	به	_	_
2305	زیر	زیر	زیر	_	_
2306	میاورم	میاور	میاورم	_	_
2307	و	و	و	_	_
2308	طوس	طوس	طوس	_	_
2309	و	و	و	_	_
2310	گرگین	گرگ	گرگین	_	_
2311	و	و	و	_	_
2312	گودرز	گودرز	گودرز	_	_
2313	و	و	و	_	_
2314	گیو	گیو	گیو	_	_
2315	و	و	و	_	_
2316	گستهم	گسته	گستهم	_	_
2317	و	و	و	_	_
2318	نوذر	نوذر	نوذر	_	_
2319	و	و	و	_	_
2320	بهرام	بهرام	بهرام	_	_
2321	را	را	را	_	_
2322	نابود	نابود	نابود	_	_
2323	میکنم	میکن	میکنم	_	_
2324	و	و	و	_	_
2325	بعد	بعد	بعد	_	_
2326	رستم	رستم	رستم	_	_
2327	را	را	را	_	_
2328	به	به	به	_	_
2329	جای	جا	جای	_	_
2330	کاووس	کاووس	کاووس	_	_
2331	می	می	می	_	_
2332	نشانم	نشان	نشان	_	_
2333	سپس	سپس	سپس	_	_
2334	به	به	به	_	_
2335	توران	تور	توران	_	_
2336	رفته	رفته	رفته	_	_
2337	و	و	و	_	_
2338	افراسیاب	افراسیاب	افراسیاب	_	_
2339	را	را	را	_	_
2340	به	به	به	_	_
2341	زیر	زیر	زیر	_	_
2342	می	می	می	_	_
2343	کشم	کش	کشید	_	_
2344	و	و	و	_	_
2345	تو	تو	تو	_	_
2346	را	را	را	_	_
2347	بانوی	بانو	بانو	_	_
2348	شهر	شهر	شهر	_	_
2349	ایران	ایران	ایران	_	_
2350	می	می	می	_	_
2351	کنم	کن	کرد	_	_
2352	.	.	.	_	_
2353	سپس	سپس	سپس	_	_
2354	خواست	خواست	خواست	_	_
2355	اسبی	اسب	اسب	_	_
2356	پیدا	پیدا	پیدا	_	_
2357	کند	کند	کند	_	_
2358	که	که	که	_	_
2359	تهمینه	تهمینه	تهمینه	_	_
2360	به	به	به	_	_
2361	چوپان	چوپان	چوپان	_	_
2362	گفت	گفت	گفت	_	_
2363	هرچه	هرچه	هرچه	_	_
2364	اسب	اسب	اسب	_	_
2365	هست	هس		_	_
2366	بیار	بیار	بیار	_	_
2367	تا	تا	تا	_	_
2368	او	او	او	_	_
2369	انتخاب	انتخاب	انتخاب	_	_
2370	کند	کند	کند	_	_
2371	.	.	.	_	_
2372	اما	اما	اما	_	_
2373	هر	هر	هر	_	_
2374	اسبی	اسب	اسب	_	_
2375	می	می	می	_	_
2376	آوردند	آوردند	آورد	_	_
2377	تاب	تاب	تاب	_	_
2378	تحمل	تحمل	تحمل	_	_
2379	دست	دست	دست	_	_
2380	سهراب	سهراب	سهراب	_	_
2381	را	را	را	_	_
2382	هم	هم	هم	_	_
2383	نداشت	ندا	داشت	_	_
2384	یکی	یک	یک	_	_
2385	از	از	از	_	_
2386	دلیران	دلیر	دلیر	_	_
2387	آمد	آمد	آمد	_	_
2388	و	و	و	_	_
2389	گفت	گفت	گفت	_	_
2390	من	من	من	_	_
2391	کره	کره	کره	_	_
2392	ای	ای	ای	_	_
2393	از	از	از	_	_
2394	نژاد	نژاد	نژاد	_	_
2395	رخش	رخ	رخش	_	_
2396	دارم	دار	داشت	_	_
2397	.	.	.	_	_
2398	سهراب	سهراب	سهراب	_	_
2399	شاد	شاد	شاد	_	_
2400	شد	شد	شد	_	_
2401	و	و	و	_	_
2402	آن	آن	آن	_	_
2403	اسب	اسب	اسب	_	_
2404	را	را	را	_	_
2405	آزمایش	آزمایش	آزمایش	_	_
2406	کرد	کرد	کرد	_	_
2407	و	و	و	_	_
2408	انتخاب	انتخاب	انتخاب	_	_
2409	نمود	نمود	نمود	_	_
2410	.	.	.	_	_
2411	سپس	سپس	سپس	_	_
2412	نزد	نزد	نزد	_	_
2413	شاه	شاه	شاه	_	_
2414	سمنگان	سمنگان	سمنگان	_	_
2415	رفت	رف	رفت	_	_
2416	و	و	و	_	_
2417	از	از	از	_	_
2418	او	او	او	_	_
2419	کمک	کمک	کمک	_	_
2420	خواست	خواست	خواست	_	_
2421	و	و	و	_	_
2422	او	او	او	_	_
2423	نیز	نیز	نیز	_	_
2424	هرچه	هرچه	هرچه	_	_
2425	خواست	خواست	خواست	_	_
2426	به	به	به	_	_
2427	او	او	او	_	_
2428	داد	داد	داد	_	_
2429	و	و	و	_	_
2430	مجهز	مجهز	مجهز	_	_
2431	روانه	روانه	روانه	_	_
2432	اش	اش	اش	_	_
2433	کرد	کرد	کرد	_	_
2434	علی	علی	علی	_	_
2435	را	را	را	_	_
2436	دیدم	دید	دید	_	_
2437	که	که	که	_	_
2438	درحال	درحال	درحال	_	_
2439	بازی	باز	بازی	_	_
2440	کردن	کردن	کردن	_	_
2441	بود	بود	بود	_	_
2442	و	و	و	_	_
2443	ناگهان	ناگه	ناگهان	_	_
2444	سرش	سر	سر	_	_
2445	به	به	به	_	_
2446	میزی	میز	میز	_	_
2447	که	که	که	_	_
2448	تازه	تازه	تازه	_	_
2449	خریده‌بودند	خریده‌بودند	خرید	_	_
2450	خورد	خورد	خورد	_	_
2451	و	و	و	_	_
2452	پدرش	پدر	پدر	_	_
2453	که	که	که	_	_
2454	تازه	تازه	تازه	_	_
2455	از	از	از	_	_
2456	سرکار	سرکار	سرکار	_	_
2457	آمده‌بود	آمده‌بود	آمد	_	_
2458	او	او	او	_	_
2459	را	را	را	_	_
2460	به	به	به	_	_
2461	بیمارستانی	بیمارستان	بیمارستان	_	_
2462	که	که	که	_	_
2463	نزدیک	نزدیک	نزدیک	_	_
2464	خانه‌ی	خانه	خانه	_	_
2465	مادر	مادر	مادر	_	_
2466	بزرگش	بزرگ	بزرگ	_	_
2467	که	که	که	_	_
2468	تازه	تازه	تازه	_	_
2469	از	از	از	_	_
2470	دنیا	دنیا	دنیا	_	_
2471	رفته‌بود	رفته‌بود	رفت	_	_
2472	برد	برد	برد	_	_
2473	*****	*****	*****	_	_
2474	پررنگتر	پررنگ	پررنگ	_	_
2475	قرمزتر	قرمز	قرمز	_	_
2476	واژگون	واژگون	واژگون	_	_
2477	نیلگون	نیلگون	نیلگون	_	_
2478	لاابالی	لاابالی	لاابالی	_	_
2479	شن	شن	شن	_	_
2480	و	و	و	_	_
2481	ماسه	ماسه	ماسه	_	_
2482	گل	گل	گل	_	_
2483	سر	سر	سر	_	_
2484	پژواک	پژواک	پژواک	_	_
2485	بازگشت	بازگشت	بازگشت	_	_
2486	مارمولکی	مارمولک	مارمولک	_	_
2487	میخچه	میخچه	میخچه	_	_
2488	مخچه	مخچه	مخچه	_	_
2489	آب	آب	آب	_	_
2490	نبات	نبات	نبات	_	_
2491	کولاکیترینی	کولاکیترین	کولاکیترینی	_	_
2492	خفنترینم	خفنترین	خفنترینم	_	_
2493	خفتگان	خفتگان	خفتگان	_	_
2494	رفته	رفته	رفته	_	_
2495	گر	گر	گر	_	_
2496	سشواری	سشوار	سشوار	_	_
2497	جاکیفی	جاکیف	جاکیفی	_	_
2498	خیار	خیار	خیار	_	_
2499	پلاستیکی	پلاستیک	پلاستیک	_	_
2500	کندوان	کندو	کندوان	_	_
2501	کهگیلویه	کهگیلویه	کهگیلویه	_	_
2502	و	و	و	_	_
2503	بویراحمد	بویراحمد	بویراحمد	_	_
2504	ارمنستان	ارمنستان	ارمنستان	_	_
2505	شکرستان	شکرستان	شکرستان	_	_
2506	میز	میز	میز	_	_
2507	آرایش	آرایش	آرایش	_	_
2508	هزار	هزار	هزار	_	_
2509	دستان	دست	دست	_	_
2510	پرتوان	پرتو	پرتوان	_	_
2511	خراسان	خراسان	خراسان	_	_
2512	مژگان	مژگان	مژگان	_	_
2513	رضوان	رضوان	رضوان	_	_
2514	موضوعات	موضوع	موضوعات	_	_
2515	محوشدگان	محوشدگ	محوشدگان	_	_
2516	دیگران	دیگر	دیگر	_	_
2517	زندان	زند	زندان	_	_
2518	بازیکنان	بازیکن	بازیکن	_	_
2519	یارا	یارا	یارا	_	_
2520	کاراندیش	کاراند	کاراندیش	_	_
2521	گیسوان	گیسو	گیسو	_	_
2522	فراخ	فراخ	فراخ	_	_
2523	شکم	شک	شکم	_	_
2524	فراخ	فراخ	فراخ	_	_
2525	شلوار	شلوار	شلوار	_	_
2526	فراخ	فراخ	فراخ	_	_
2527	کام	کام	کام	_	_
2528	فراخ	فراخ	فراخ	_	_
2529	کندوری	کندور	کندوری	_	_
2530	فراخور	فراخور	فراخور	_	_
2531	فراروی	فرارو	فراروی	_	_
2532	فرخ	فرخ	فرخ	_	_
2533	پی	پی	پی	_	_
2534	فرخ	فرخ	فرخ	_	_
2535	دیم	دی	دیم	_	_
2536	فرخاردیس	فرخاردیس	فرخاردیس	_	_
2537	فرمان	فرمان	فرمان	_	_
2538	روا	روا	روا	_	_
2539	فرمگین	فرمگ	فرمگین	_	_
2540	فروداشت	فرودا	فروداشت	_	_
2541	فرونهادن	فرونهادن	فرونهادن	_	_
2542	فروتن	فروتن	فروتن	_	_
2543	فروخت	فروخ	فروخت	_	_
2544	فروختن	فروختن	فروختن	_	_
2545	فرودست	فرودست	فرودست	_	_
2546	فروزانفر	فروزانفر	فروزانفر	_	_
2547	فروغمند	فروغمند	فروغمند	_	_
2548	فروکش	فروکش	فروکش	_	_
2549	فروگذاشت	فروگذا	فروگذاشت	_	_
2550	فرومایه	فرومایه	فرومایه	_	_
2551	فروهیده	فروهیده	فروهیده	_	_
2552	فره	فره	فره	_	_
2553	مند	مند	مند	_	_
2554	فژاک	فژاک	فژاک	_	_
2555	فژاگین	فژاگ	فژاگین	_	_
2556	فغواره	فغواره	فغواره	_	_
2557	فکنده	فکنده	فکنده	_	_
2558	سرین	سر	سر	_	_
2559	قاش	قا	قاش	_	_
2560	قاقم	قاق	قاقم	_	_
2561	عارض	عارض	عارض	_	_
2562	قدیم	قدیم	قدیم	_	_
2563	و	و	و	_	_
2564	ندیم	ندیم	ندیم	_	_
2565	قره	قره	قره	_	_
2566	قاطی	قاط	قاطی	_	_
2567	قوزو	قوزو	قوزو	_	_
2568	کاخ	کاخ	کاخ	_	_
2569	نشین	ن	نشین	_	_
2570	کارآگاه	کارآگاه	کارآگاه	_	_
2571	کارروا	کارروا	کارروا	_	_
2572	کارکرد	کارکرد	کارکرد	_	_
2573	کارکیا	کارکیا	کارکیا	_	_
2574	کارمند	کارمند	کارمند	_	_
2575	کاروانسالار	کاروانسالار	کاروانسالار	_	_
2576	کاسه	کاسه	کاسه	_	_
2577	سیاه	سیاه	سیاه	_	_
2578	کاشت	کاش	کاشت	_	_
2579	کافرمژه	کافرمژه	کافرمژه	_	_
2580	کامیاب	کامیاب	کامیاب	_	_
2581	کاولی	کاول	کاولی	_	_
2582	ساز	ساز	ساز	_	_
2583	کاه	کاه	کاه	_	_
2584	دزد	دزد	دزد	_	_
2585	کت	کت	کت	_	_
2586	و	و	و	_	_
2587	کلفت	کلفت	کلفت	_	_
2588	کج	کج	کج	_	_
2589	پلاس	پلاس	پلاس	_	_
2590	کج	کج	کج	_	_
2591	خلق	خلق	خلق	_	_
2592	کج	کج	کج	_	_
2593	کلاه	کلاه	کلاه	_	_
2594	کج	کج	کج	_	_
2595	نهاد	نهاد	نهاد	_	_
2596	کجواج	کجواج	کجواج	_	_
2597	کدبانو	کدبانو	کدبانو	_	_
2598	کدخدا	کدخدا	کدخدا	_	_
2599	کدیور	کدیور	کدیور	_	_
2600	کرد	کرد	کرد	_	_
2601	کرد	کرد	کرد	_	_
2602	و	و	و	_	_
2603	مرد	مرد	مرد	_	_
2604	کرده	کرده	کرده	_	_
2605	کار	کار	کار	_	_
2606	کرمند	کرمند	کرمند	_	_
2607	کرمو	کرمو	کرمو	_	_
2608	کژباز	کژباز	کژباز	_	_
2609	کشت	کش	کشت	_	_
2610	کشتبان	کشتب	کشتبان	_	_
2611	کشتی	کشت	کشتی	_	_
2612	بان	ب	بان	_	_
2613	کلاغ	کلاغ	کلاغ	_	_
2614	پر	پر	پر	_	_
2615	کلاه	کلاه	کلاه	_	_
2616	گوشه	گوشه	گوشه	_	_
2617	کله	کله	کله	_	_
2618	پوک	پوک	پوک	_	_
2619	کله	کله	کله	_	_
2620	خر	خر	خر	_	_
2621	کله	کله	کله	_	_
2622	خشک	خشک	خشک	_	_
2623	کله	کله	کله	_	_
2624	شق	شق	شق	_	_
2625	کله	کله	کله	_	_
2626	گنده	گنده	گنده	_	_
2627	کله	کله	کله	_	_
2628	معلق	معلق	معلق	_	_
2629	کم	کم	کم	_	_
2630	دل	دل	دل	_	_
2631	کم	کم	کم	_	_
2632	کار	کار	کار	_	_
2633	کمبود	کمبود	کمبود	_	_
2634	کمیاب	کمیاب	کمیاب	_	_
2635	کندذهن	کندذهن	کندذهن	_	_
2636	کندمند	کندمند	کندمند	_	_
2637	کنگره	کنگره	کنگره	_	_
2638	دار	دار	دار	_	_
2639	کوژپشت	کوژپ	کوژپشت	_	_
2640	کهربارنگ	کهربارنگ	کهربارنگ	_	_
2641	کهن	کهن	کهن	_	_
2642	سال	سال	سال	_	_
2643	کیارنگ	کیارنگ	کیارنگ	_	_
2644	کیازند	کیازند	کیازند	_	_
2645	کیاگن	کیاگن	کیاگن	_	_
2646	کیفور	کیفور	کیفور	_	_
2647	کینه	کینه	کینه	_	_
2648	توز	توز	توز	_	_
2649	گاوچشم	گاوچ	گاوچشم	_	_
2650	گاودل	گاودل	گاودل	_	_
2651	گاورنگ	گاورنگ	گاورنگ	_	_
2652	گاوسر	گاوسر	گاوسر	_	_
2653	گاوگون	گاوگون	گاوگون	_	_
2654	گاویار	گاویار	گاویار	_	_
2655	گاهبد	گاهبد	گاهبد	_	_
2656	گذارد	گذارد	گذاشت	_	_
2657	گذربان	گذرب	گذربان	_	_
2658	گذشتگان	گذشتگان	گذشتگان	_	_
2659	گران	گر	گران	_	_
2660	پایه	پایه	پایه	_	_
2661	گران	گر	گران	_	_
2662	جان	جان	جان	_	_
2663	گران	گر	گران	_	_
2664	سایه	سایه	سایه	_	_
2665	گران	گر	گران	_	_
2666	سر	سر	سر	_	_
2667	گران	گر	گران	_	_
2668	سرشت	سرشت	سرشت	_	_
2669	گران	گر	گران	_	_
2670	سنگ	سنگ	سنگ	_	_
2671	گران	گر	گران	_	_
2672	قدر	قدر	قدر	_	_
2673	گرانبار	گرانبار	گرانبار	_	_
2674	گرانبها	گرانب	گرانبها	_	_
2675	گرانمایه	گرانمایه	گرانمایه	_	_
2676	گربه	گربه	گربه	_	_
2677	چشم	چشم	چشم	_	_
2678	گربه	گربه	گربه	_	_
2679	کوره	کوره	کوره	_	_
2680	گربه	گربه	گربه	_	_
2681	گون	گون	گون	_	_
2682	گرد	گرد	گرد	_	_
2683	پیری	پیر	پیر	_	_
2684	گرد	گرد	گرد	_	_
2685	و	و	و	_	_
2686	قلنبه	قلنبه	قلنبه	_	_
2687	گرداگرد	گرداگرد	گرداگرد	_	_
2688	گردالی	گردال	گردالی	_	_
2689	گردمشت	گردم	گردمشت	_	_
2690	گردن	گردن	گردن	_	_
2691	برده	برده	برده	_	_
2692	گردن	گردن	گردن	_	_
2693	شق	شق	شق	_	_
2694	گردوغند	گردوغند	گردوغند	_	_
2695	گرسنه	گرسنه	گرسنه	_	_
2696	چشم	چشم	چشم	_	_
2697	گرفت	گرفت	گرفت	_	_
2698	گرگ	گرگ	گرگ	_	_
2699	بند	بند	بند	_	_
2700	گرگ	گرگ	گرگ	_	_
2701	میش	می	میش	_	_
2702	گرگ	گرگ	گرگ	_	_
2703	و	و	و	_	_
2704	میش	می	میش	_	_
2705	گرگین	گرگ	گرگین	_	_
2706	گرم	گر	گرم	_	_
2707	خو	خو	خو	_	_
2708	گرم	گر	گرم	_	_
2709	سخن	سخن	سخن	_	_
2710	گسی	گس	گسی	_	_
2711	بنده	بنده	بنده	_	_
2712	گشاده	گشاده	گشاده	_	_
2713	گشاده	گشاده	گشاده	_	_
2714	دل	دل	دل	_	_
2715	گشاده	گشاده	گشاده	_	_
2716	کار	کار	کار	_	_
2717	گشت	گشت	گشت	_	_
2718	گفت	گفت	گفت	_	_
2719	گل	گل	گل	_	_
2720	چهره	چهره	چهره	_	_
2721	گل	گل	گل	_	_
2722	ریزان	ریز	ریز	_	_
2723	گل	گل	گل	_	_
2724	سرسبد	سرسبد	سرسبد	_	_
2725	گل	گل	گل	_	_
2726	و	و	و	_	_
2727	گشاد	گشاد	گشاد	_	_
2728	گلرنگ	گلرنگ	گلرنگ	_	_
2729	گلفام	گلفا	گلفام	_	_
2730	گلگون	گلگون	گلگون	_	_
2731	گم	گم	گم	_	_
2732	و	و	و	_	_
2733	گور	گور	گور	_	_
2734	گمراه	گمراه	گمراه	_	_
2735	گمنام	گمنام	گمنام	_	_
2736	گنجشک	گنجشک	گنجشک	_	_
2737	دل	دل	دل	_	_
2738	گندم	گند	گندم	_	_
2739	گون	گون	گون	_	_
2740	گنده	گنده	گنده	_	_
2741	پیر	پیر	پیر	_	_
2742	گوارد	گوارد	گوارد	_	_
2743	گوانجی	گوانج	گوانجی	_	_
2744	گوبروت	گوبرو	گوبروت	_	_
2745	گور	گور	گور	_	_
2746	به	به	به	_	_
2747	گور	گور	گور	_	_
2748	گوریش	گور	گور	_	_
2749	گوزو	گوزو	گوزو	_	_
2750	گوش	گوش	گوش	_	_
2751	بدر	بدر	بدر	_	_
2752	گوش	گوش	گوش	_	_
2753	به	به	به	_	_
2754	زنگ	زنگ	زنگ	_	_
2755	گوشت	گوش	گوشت	_	_
2756	تلخ	تلخ	تلخ	_	_
2757	گوشتالو	گوشتالو	گوشتالو	_	_
2758	گوشوان	گوشو	گوشوان	_	_
2759	گوشه	گوشه	گوشه	_	_
2760	دار	دار	دار	_	_
2761	گوناگون	گوناگون	گوناگون	_	_
2762	گهبد	گهبد	گهبد	_	_
2763	لابرلا	لابرلا	لابرلا	_	_
2764	لابلا	لابلا	لابلا	_	_
2765	لات	لا	لات	_	_
2766	و	و	و	_	_
2767	لوت	لو	لوت	_	_
2768	لاجون	لاجون	لاجون	_	_
2769	لاش	لا	لاش	_	_
2770	و	و	و	_	_
2771	ماش	ما	ماش	_	_
2772	لال	لال	لال	_	_
2773	و	و	و	_	_
2774	پتی	پت	پتی	_	_
2775	لب	لب	لب	_	_
2776	به	به	به	_	_
2777	لب	لب	لب	_	_
2778	لب	لب	لب	_	_
2779	سنگ	سنگ	سنگ	_	_
2780	لب	لب	لب	_	_
2781	شور	شور	شور	_	_
2782	لبالب	لبالب	لبالب	_	_
2783	لبچور	لبچور	لبچور	_	_
2784	لت	لت	لت	_	_
2785	انبار	انبار	انبار	_	_
2786	لت	لت	لت	_	_
2787	انبان	انبان	انبان	_	_
2788	لت	لت	لت	_	_
2789	لت	لت	لت	_	_
2790	لت	لت	لت	_	_
2791	و	و	و	_	_
2792	پار	پار	پار	_	_
2793	لش	لش	لش	_	_
2794	و	و	و	_	_
2795	لوش	لو	لو	_	_
2796	لشک	لشک	لشک	_	_
2797	لشک	لشک	لشک	_	_
2798	لغسر	لغسر	لغسر	_	_
2799	لک	لک	لک	_	_
2800	و	و	و	_	_
2801	پک	پک	پک	_	_
2802	لنگ	لنگ	لنگ	_	_
2803	و	و	و	_	_
2804	لوک	لوک	لوک	_	_
2805	لنگه	لنگه	لنگه	_	_
2806	به	به	به	_	_
2807	لنگه	لنگه	لنگه	_	_
2808	لوت	لو	لوت	_	_
2809	باره	باره	باره	_	_
2810	لوش	لو	لو	_	_
2811	لوش	لو	لو	_	_
2812	له	له	له	_	_
2813	و	و	و	_	_
2814	لورده	لورده	لورده	_	_
2815	مادرانه	مادرانه	مادرانه	_	_
2816	مال	مال	مال	_	_
2817	رو	رو	رو	_	_
2818	مالامال	مالامال	مالامال	_	_
2819	ماهپاره	ماهپاره	ماهپاره	_	_
2820	مردانه	مردانه	مردانه	_	_
2821	مرداوژن	مرداوژن	مرداوژن	_	_
2822	مشک	مشک	مشک	_	_
2823	فام	فا	فام	_	_
2824	ملی	مل	ملی	_	_
2825	گرا	گرا	گرا	_	_
2826	موی	مو	مو	_	_
2827	کالیده	کالیده	کالیده	_	_
2828	مهپاره	مهپاره	مهپاره	_	_
2829	مهر	مهر	مهر	_	_
2830	دهان	ده	دهان	_	_
2831	مهربخت	مهربخ	مهربخت	_	_
2832	میرپنج	میرپنج	میرپنج	_	_
2833	میرزا	میرزا	میرزا	_	_
2834	قشمشم	قشم	قشم	_	_
2835	میرزا	میرزا	میرزا	_	_
2836	قلمدان	قلمدان	قلمدان	_	_
2837	میرزابنویس	میرزابنویس	میرزابنویس	_	_
2838	میرشکار	میرشکار	میرشکار	_	_
2839	ناجوانمرد	ناجوانمرد	ناجوانمرد	_	_
2840	ناخن	ناخن	ناخن	_	_
2841	خشک	خشک	خشک	_	_
2842	ناخودآگاه	ناخودآگاه	ناخودآگاه	_	_
2843	نارپستان	نارپس	نارپستان	_	_
2844	نازک	نازک	نازک	_	_
2845	دل	دل	دل	_	_
2846	نازک	نازک	نازک	_	_
2847	نارنجی	نارنج	نارنج	_	_
2848	نازک	نازک	نازک	_	_
2849	نی	نی	نی	_	_
2850	نافه	نافه	نافه	_	_
2851	گشا	گشا	گشا	_	_
2852	ناقلا	ناقلا	ناقلا	_	_
2853	نام	نا	نام	_	_
2854	آور	آور	آور	_	_
2855	نامه	نامه	نامه	_	_
2856	سفید	سفید	سفید	_	_
2857	نامه	نامه	نامه	_	_
2858	سیاه	سیاه	سیاه	_	_
2859	نان	نان	نان	_	_
2860	کور	کور	کور	_	_
2861	ناوخدا	ناوخدا	ناوخدا	_	_
2862	ناودیس	ناودیس	ناودیس	_	_
2863	نبود	نبود	بود	_	_
2864	نخچیروال	نخچیروال	نخچیروال	_	_
2865	نخچیروان	نخچیرو	نخچیروان	_	_
2866	ندید	ندید	دید	_	_
2867	بدید	بدید	بدید	_	_
2868	نساسالار	نساسالار	نساسالار	_	_
2869	نشیب	نشیب	نشیب	_	_
2870	و	و	و	_	_
2871	فراز	فراز	فراز	_	_
2872	نق	نق	نق	_	_
2873	نقو	نقو	نقو	_	_
2874	نگون	نگون	نگون	_	_
2875	بخت	بخت	بخت	_	_
2876	نگون	نگون	نگون	_	_
2877	طشت	طشت	طشت	_	_
2878	نگونسار	نگونسار	نگونسار	_	_
2879	نوپا	نوپا	نوپا	_	_
2880	نوخط	نوخط	نوخط	_	_
2881	نوش	نو	نوش	_	_
2882	لب	لب	لب	_	_
2883	نوکیسه	نوکیسه	نوکیسه	_	_
2884	نوگند	نوگند	نوگند	_	_
2885	نونوار	نونوار	نونوار	_	_
2886	نیست	نیست	نیست	_	_
2887	نیک	نیک	نیک	_	_
2888	اختر	اختر	اختر	_	_
2889	نیک	نیک	نیک	_	_
2890	انجام	انجام	انجام	_	_
2891	نیک	نیک	نیک	_	_
2892	پی	پی	پی	_	_
2893	نیک	نیک	نیک	_	_
2894	روز	روز	روز	_	_
2895	نیکوسگال	نیکوسگال	نیکوسگال	_	_
2896	نیل	نیل	نیل	_	_
2897	فام	فا	فام	_	_
2898	نیلگون	نیلگون	نیلگون	_	_
2899	نیم	نی	نیم	_	_
2900	بسمل	بسمل	بسمل	_	_
2901	نیم	نی	نیم	_	_
2902	بند	بند	بند	_	_
2903	نیم	نی	نیم	_	_
2904	ته	ته	ته	_	_
2905	نیمدار	نیمدار	نیمدار	_	_
2906	نیمرو	نیمرو	نیمرو	_	_
2907	واخواست	واخواس	واخواست	_	_
2908	وادید	وادید	وادید	_	_
2909	واگشت	واگ	واگشت	_	_
2910	واگفت	واگف	واگفت	_	_
2911	والاتبار	والاتبار	والاتبار	_	_
2912	والاجاه	والاجاه	والاجاه	_	_
2913	والاحضرت	والاحضرت	والاحضرت	_	_
2914	وانمود	وانمود	وانمود	_	_
2915	ولنگ	ولنگ	ولنگ	_	_
2916	و	و	و	_	_
2917	واز	واز	واز	_	_
2918	هت	ه	هت	_	_
2919	ومت	وم	ومت	_	_
2920	هرروزه	هرروزه	هرروزه	_	_
2921	هرزه	هرزه	هرزه	_	_
2922	مرس	مرس	مرس	_	_
2923	هرکن	هرکن	هرکن	_	_
2924	پرکن	پرکن	پرکن	_	_
2925	هروشر	هروشر	هروشر	_	_
2926	هفت	هفت	هفت	_	_
2927	ماهه	ماهه	ماهه	_	_
2928	هم	هم	هم	_	_
2929	آغوش	آغوش	آغوش	_	_
2930	هم	هم	هم	_	_
2931	دوره	دوره	دوره	_	_
2932	هم	هم	هم	_	_
2933	کار	کار	کار	_	_
2934	همآویز	همآویز	همآویز	_	_
2935	همدرد	همدرد	همدرد	_	_
2936	همدل	همدل	همدل	_	_
2937	همدم	همدم	همدم	_	_
2938	همه	همه	همه	_	_
2939	کاره	کاره	کاره	_	_
2940	هوشمند	هوشمند	هوشمند	_	_
2941	هیچ	هیچ	هیچ	_	_
2942	کاره	کاره	کاره	_	_
2943	یارانه	یارانه	یارانه	_	_
2944	یارمند	یارمند	یارمند	_	_
2945	یخ	یخ	یخ	_	_
2946	شکن	شکن	شکن	_	_
2947	یده	یده	یده	_	_
2948	چی	چ	چی	_	_
2949	یک	یک	یک	_	_
2950	انداز	انداز	انداز	_	_
2951	یک	یک	یک	_	_
2952	تیغ	تیغ	تیغ	_	_
2953	یک	یک	یک	_	_
2954	دل	دل	دل	_	_
2955	یک	یک	یک	_	_
2956	دنده	دنده	دنده	_	_
2957	یک	یک	یک	_	_
2958	رو	رو	رو	_	_
2959	یک	یک	یک	_	_
2960	زخم	زخم	زخم	_	_
2961	یک	یک	یک	_	_
2962	سان	س	سان	_	_
2963	یک	یک	یک	_	_
2964	کاره	کاره	کاره	_	_
2965	یک	یک	یک	_	_
2966	گره	گره	گره	_	_
2967	یک	یک	یک	_	_
2968	لاقبا	لاقبا	لاقبا	_	_
2969	یک	یک	یک	_	_
2970	لخت	لخت	لخت	_	_
2971	یک	یک	یک	_	_
2972	نورد	نورد	نورد	_	_
2973	یک	یک	یک	_	_
2974	هوا	هوا	هوا	_	_
2975	یکتا	یکتا	یکتا	_	_
2976	یکتاپرست	یکتاپرست	یکتاپرست	_	_
2977	یکدانه	یکدانه	یکدانه	_	_
2978	یکدله	یکدله	یکدله	_	_
2979	یکه	یکه	یکه	_	_
2980	بزن	بزن	زد	_	_
2981	یکه	یکه	یکه	_	_
2982	سوار	سوار	سوار	_	_
2983	یکه	یکه	یکه	_	_
2984	شناس	شناس	شناس	_	_
2985	یگانه	یگانه	یگانه	_	_
2986	آب	آب	آب	_	_
2987	اندام	اندام	اندام	_	_
2988	آب	آب	آب	_	_
2989	ریخته	ریخته	ریخته	_	_
2990	آب	آب	آب	_	_
2991	کور	کور	کور	_	_
2992	آب	آب	آب	_	_
2993	گردش	گرد	گردش	_	_
2994	آب	آب	آب	_	_
2995	لمبو	لمبو	لمبو	_	_
2996	آب	آب	آب	_	_
2997	نکشیده	نکشیده	کشید	_	_
2998	آبتاب	آبتاب	آبتاب	_	_
2999	آبخورد	آبخورد	آبخورد	_	_
3000	آبدست	آبدس	آبدست	_	_
3001	آبدیده	آبدیده	آبدیده	_	_
3002	آبکار	آبکار	آبکار	_	_
3003	آبگز	آبگز	آبگز	_	_
3004	آبیار	آبیار	آبیار	_	_
3005	آتشبان	آتشب	آتشبان	_	_
3006	آتشپا	آتشپا	آتشپا	_	_
3007	آتشین	آتش	آتشین	_	_
3008	پنجه	پنجه	پنجه	_	_
3009	آخرسالار	آخرسالار	آخرسالار	_	_
3010	آخورچرب	آخورچرب	آخورچرب	_	_
3011	آخورخشک	آخورخشک	آخورخشک	_	_
3012	آدمیزاد	آدمیزاد	آدمیزاد	_	_
3013	آذرگون	آذرگون	آذرگون	_	_
3014	آذرنگ	آذرنگ	آذرنگ	_	_
3015	آذریون	آذریون	آذریون	_	_
3016	آرزومند	آرزومند	آرزومند	_	_
3017	آروبند	آروبند	آروبند	_	_
3018	آزادمرد	آزادمرد	آزادمرد	_	_
3019	آزادوار	آزادوار	آزادوار	_	_
3020	آزرده	آزرده	آزرده	_	_
3021	جان	جان	جان	_	_
3022	آزرده	آزرده	آزرده	_	_
3023	دل	دل	دل	_	_
3024	آزرمگین	آزرمگ	آزرمگین	_	_
3025	آزمند	آزمند	آزمند	_	_
3026	آسبان	آسب	آسبان	_	_
3027	آسوده	آسوده	آسوده	_	_
3028	دل	دل	دل	_	_
3029	آسیمه	آسیمه	آسیمه	_	_
3030	سر	سر	سر	_	_
3031	آش	آش	آش	_	_
3032	خور	خور	خور	_	_
3033	آش	آش	آش	_	_
3034	دهن	دهن	دهن	_	_
3035	سوز	سوز	سوز	_	_
3036	آشفته	آشفته	آشفته	_	_
3037	دل	دل	دل	_	_
3038	آشفته	آشفته	آشفته	_	_
3039	روز	روز	روز	_	_
3040	آشفته	آشفته	آشفته	_	_
3041	سامان	سام	سامان	_	_
3042	آشمال	آشمال	آشمال	_	_
3043	آشناوری	آشناور	آشناوری	_	_
3044	آفتاب	آفتاب	آفتاب	_	_
3045	زده	زده	زده	_	_
3046	آفتابه	آفتابه	آفتابه	_	_
3047	دزد	دزد	دزد	_	_
3048	آکنده	آکنده	آکنده	_	_
3049	پهلو	پهلو	پهلو	_	_
3050	آکنده	آکنده	آکنده	_	_
3051	گوش	گوش	گوش	_	_
3052	آلاخون	آلاخون	آلاخون	_	_
3053	والاخون	والاخون	والاخون	_	_
3054	آمد	آمد	آمد	_	_
3055	آمد	آمد	آمد	_	_
3056	شد	شد	شد	_	_
3057	آمد	آمد	آمد	_	_
3058	نیامد	نیامد	آمد	_	_
3059	آمد	آمد	آمد	_	_
3060	و	و	و	_	_
3061	رفت	رف	رفت	_	_
3062	آمیزه	آمیزه	آمیزه	_	_
3063	آمیزه	آمیزه	آمیزه	_	_
3064	مو	مو	مو	_	_
3065	آهمند	آهمند	آهمند	_	_
3066	آهن	آهن	آهن	_	_
3067	پوش	پوش	پوش	_	_
3068	آهن	آهن	آهن	_	_
3069	خا	خا	خا	_	_
3070	آهن	آهن	آهن	_	_
3071	رگ	رگ	رگ	_	_
3072	آهن	آهن	آهن	_	_
3073	گذار	گذار	گذار	_	_
3074	آهوپا	آهوپا	آهوپا	_	_
3075	آهوتک	آهوتک	آهوتک	_	_
3076	آهوچشم	آهوچ	آهوچشم	_	_
3077	آهودل	آهودل	آهودل	_	_
3078	آهوفغند	آهوفغند	آهوفغند	_	_
3079	آهومند	آهومند	آهومند	_	_
3080	آهون	آهون	آهون	_	_
3081	بر	بر	بر	_	_
3082	آیینه	آیینه	آیینه	_	_
3083	دار	دار	دار	_	_
3084	ابرآلود	ابرآلود	ابرآلود	_	_
3085	ابرقدرت	ابرقدرت	ابرقدرت	_	_
3086	ابرناک	ابرناک	ابرناک	_	_
3087	ابرو	ابرو	ابرو	_	_
3088	ابرو	ابرو	ابرو	_	_
3089	قیطانی	قیطان	قیطان	_	_
3090	ابرو	ابرو	ابرو	_	_
3091	کمانی	کمان	کمان	_	_
3092	ابزارمند	ابزارمند	ابزارمند	_	_
3093	ابله	ابله	ابله	_	_
3094	گونه	گونه	گونه	_	_
3095	ابنه	ابنه	ابنه	_	_
3096	زده	زده	زده	_	_
3097	اپیشه	اپیشه	اپیشه	_	_
3098	اجل	اجل	اجل	_	_
3099	معلق	معلق	معلق	_	_
3100	اخترسوخته	اخترسوخته	اخترسوخته	_	_
3101	اخترمار	اخترمار	اخترمار	_	_
3102	اخمالو	اخمالو	اخمالو	_	_
3103	اره	اره	اره	_	_
3104	از	از	از	_	_
3105	جان	جان	جان	_	_
3106	گذشته	گذشته	گذشته	_	_
3107	از	از	از	_	_
3108	خود	خود	خود	_	_
3109	راضی	راضی	راضی	_	_
3110	ازدر	ازدر	ازدر	_	_
3111	اسفل	اسفل	اسفل	_	_
3112	السافلین	السافل	السافلین	_	_
3113	اسفهسالار	اسفهسالار	اسفهسالار	_	_
3114	اشتربان	اشترب	اشتربان	_	_
3115	امیدوار	امیدوار	امیدوار	_	_
3116	انداخت	انداخ	انداخت	_	_
3117	اندوهگین	اندوهگین	اندوهگین	_	_
3118	اندوهناک	اندوهناک	اندوهناک	_	_
3119	اندیشمند	اندیشمند	اندیشمند	_	_
3120	انگشت	انگشت	انگشت	_	_
3121	پیچ	پیچ	پیچ	_	_
3122	انگشت	انگشت	انگشت	_	_
3123	کش	کش	کش	_	_
3124	انگشت	انگشت	انگشت	_	_
3125	نشان	نشان	نشان	_	_
3126	انگشت	انگشت	انگشت	_	_
3127	نما	نما	نما	_	_
3128	(	(	(	_	_
3129	ی		ی	_	_
3130	)	)	)	_	_
3131	با	با	با	_	_
3132	آب	آب	آب	_	_
3133	و	و	و	_	_
3134	تاب	تاب	تاب	_	_
3135	با	با	با	_	_
3136	آب	آب	آب	_	_
3137	و	و	و	_	_
3138	رنگ	رنگ	رنگ	_	_
3139	باآبرو	باآبرو	باآبرو	_	_
3140	باادب	باادب	باادب	_	_
3141	بااستخوان	بااستخو	بااستخوان	_	_
3142	باب	باب	باب	_	_
3143	دندان	دندان	دندان	_	_
3144	بابرکت	بابرکت	بابرکت	_	_
3145	باج	باج	باج	_	_
3146	بگیر	بگیر	گرفت	_	_
3147	باجربزه	باجربزه	باجربزه	_	_
3148	باد	باد	باد	_	_
3149	به	به	به	_	_
3150	دست	دست	دست	_	_
3151	باد	باد	باد	_	_
3152	گرفته	گرفته	گرفته	_	_
3153	باد	باد	باد	_	_
3154	نشسته	نشسته	نشسته	_	_
3155	بادپیما	بادپیما	بادپیما	_	_
3156	باددست	باددس	باددست	_	_
3157	بادریش	بادر	بادریش	_	_
3158	بادسار	بادسار	بادسار	_	_
3159	بارور	بارور	بارور	_	_
3160	بازارگان	بازارگ	بازارگان	_	_
3161	بازارگرمی	بازارگرمی	بازارگرمی	_	_
3162	بازخرید	بازخرید	بازخرید	_	_
3163	بازخواست	بازخواست	بازخواست	_	_
3164	بازداشت	بازداشت	بازداشت	_	_
3165	بازدید	بازدید	بازدید	_	_
3166	بازگشت	بازگشت	بازگشت	_	_
3167	بازیافت	بازیافت	بازیافت	_	_
3168	بازیگوش	بازیگوش	بازیگوش	_	_
3169	باژگون	باژگون	باژگون	_	_
3170	باشکوه	باشکوه	باشکوه	_	_
3171	بافت	بافت	بافت	_	_
3172	باوقار	باوقار	باوقار	_	_
3173	باهوش	باهوش	باهوش	_	_
3174	بایگان	بایگان	بایگان	_	_
3175	ببر	ببر	ببر	_	_
3176	بپا	بپا	بپا	_	_
3177	بختیار	بختیار	بختیار	_	_
3178	بخرد	بخرد	بخرد	_	_
3179	بدانجام	بدانجا	بدانجام	_	_
3180	بدپیله	بدپیله	بدپیله	_	_
3181	بدخوی	بدخو	بدخو	_	_
3182	بددل	بددل	بددل	_	_
3183	بدرام	بدرا	بدرام	_	_
3184	بدزهره	بدزهره	بدزهره	_	_
3185	بدعنق	بدعنق	بدعنق	_	_
3186	بدکاره	بدکاره	بدکاره	_	_
3187	بدگل	بدگل	بدگل	_	_
3188	بدگمان	بدگمان	بدگمان	_	_
3189	بدگوهر	بدگوهر	بدگوهر	_	_
3190	بدلگام	بدلگا	بدلگام	_	_
3191	بدمسب	بدمسب	بدمسب	_	_
3192	بدمست	بدمست	بدمست	_	_
3193	بدمهر	بدمهر	بدمهر	_	_
3194	بدنام	بدنام	بدنام	_	_
3195	بدنما	بدنما	بدنما	_	_
3196	برآورد	برآورد	برآورد	_	_
3197	برابر	برابر	برابر	_	_
3198	برخورد	برخورد	برخورد	_	_
3199	برداشت	برداشت	برداشت	_	_
3200	بردبار	بردبار	بردبار	_	_
3201	برگشت	برگ	برگ	_	_
3202	برهم	بره	بره	_	_
3203	بزدل	بزدل	بزدل	_	_
3204	بزرگ	بزرگ	بزرگ	_	_
3205	سال	سال	سال	_	_
3206	بزرگوار	بزرگوار	بزرگوار	_	_
3207	بسامان	بسا	بسا	_	_
3208	بسامد	بسامد	بسامد	_	_
3209	بست	بس	بست	_	_
3210	بستوه	بستوه	بستوه	_	_
3211	بسزا	بسزا	بسزا	_	_
3212	بسغده	بسغده	بسغده	_	_
3213	بلکامه	بلکامه	بلکامه	_	_
3214	بلندآوازه	بلندآوازه	بلندآوازه	_	_
3215	بلندبالا	بلندبالا	بلندبالا	_	_
3216	بلندپایه	بلندپایه	بلندپایه	_	_
3217	بلندپرواز	بلندپرواز	بلندپرواز	_	_
3218	بن	بن	بن	_	_
3219	بست	بس	بست	_	_
3220	بندار	بندار	بندار	_	_
3221	بنساله	بنساله	بنساله	_	_
3222	بنوان	بنو	بنوان	_	_
3223	بود	بود	بود	_	_
3224	بویناک	بویناک	بویناک	_	_
3225	به	به	به	_	_
3226	غایت	غایت	غایت	_	_
3227	بهبود	بهبود	بهبود	_	_
3228	بهره	بهره	بهره	_	_
3229	ور	ور	ور	_	_
3230	بهم	به	به	_	_
3231	بهمنش	بهمن	بهمن	_	_
3232	بی	بی	بی	_	_
3233	اندام	اندام	اندام	_	_
3234	بی	بی	بی	_	_
3235	باک	باک	باک	_	_
3236	بی	بی	بی	_	_
3237	برگ	برگ	برگ	_	_
3238	بی	بی	بی	_	_
3239	بند	بند	بند	_	_
3240	و	و	و	_	_
3241	بار	بار	بار	_	_
3242	بی	بی	بی	_	_
3243	بها	بها	بها	_	_
3244	بی	بی	بی	_	_
3245	پروا	پروا	پروا	_	_
3246	بی	بی	بی	_	_
3247	تا	تا	تا	_	_
3248	بی	بی	بی	_	_
3249	چون	چون	چون	_	_
3250	بی	بی	بی	_	_
3251	حد	حد	حد	_	_
3252	بی	بی	بی	_	_
3253	خود	خود	خود	_	_
3254	بی	بی	بی	_	_
3255	خیال	خیال	خیال	_	_
3256	بی	بی	بی	_	_
3257	دستگاه	دستگاه	دستگاه	_	_
3258	بی	بی	بی	_	_
3259	رگ	رگ	رگ	_	_
3260	بی	بی	بی	_	_
3261	رنگ	رنگ	رنگ	_	_
3262	بی	بی	بی	_	_
3263	ریش	ری	ریش	_	_
3264	بی	بی	بی	_	_
3265	سامان	سام	سامان	_	_
3266	بی	بی	بی	_	_
3267	سر	سر	سر	_	_
3268	و	و	و	_	_
3269	پا	پا	پا	_	_
3270	بی	بی	بی	_	_
3271	سنگ	سنگ	سنگ	_	_
3272	بی	بی	بی	_	_
3273	قرار	قرار	قرار	_	_
3274	بی	بی	بی	_	_
3275	کار	کار	کار	_	_
3276	بی	بی	بی	_	_
3277	کاره	کاره	کاره	_	_
3278	بی	بی	بی	_	_
3279	مر	مر	مر	_	_
3280	بی	بی	بی	_	_
3281	ناخن	ناخن	ناخن	_	_
3282	بی	بی	بی	_	_
3283	نمک	نمک	نمک	_	_
3284	بی	بی	بی	_	_
3285	نوا	نوا	نوا	_	_
3286	بی	بی	بی	_	_
3287	همال	همال	همال	_	_
3288	بی	بی	بی	_	_
3289	هوش	هوش	هوش	_	_
3290	بیابان	بیابان	بیابان	_	_
3291	گرد	گرد	گرد	_	_
3292	بیخو	بیخو	بیخو	_	_
3293	بیداردل	بیداردل	بیداردل	_	_
3294	بیدل	بیدل	بیدل	_	_
3295	بیراه	بیراه	بیراه	_	_
3296	بیشمار	بیشمار	بیشمار	_	_
3297	بیکران	بیکران	بیکران	_	_
3298	بیمارغنج	بیمارغنج	بیمارغنج	_	_
3299	بیمناک	بیمناک	بیمناک	_	_
3300	پا	پا	پا	_	_
3301	به	به	به	_	_
3302	ماه	ماه	ماه	_	_
3303	پا	پا	پا	_	_
3304	در	در	در	_	_
3305	گل	گل	گل	_	_
3306	پا	پا	پا	_	_
3307	در	در	در	_	_
3308	هوا	هوا	هوا	_	_
3309	پا	پا	پا	_	_
3310	کوتاه	کوتاه	کوتاه	_	_
3311	پابرجا	پابرجا	پابرجا	_	_
3312	پابرهنه	پابرهنه	پابرهنه	_	_
3313	پابست	پابست	پابست	_	_
3314	پاپتی	پاپت	پاپتی	_	_
3315	پاچالدار	پاچالدار	پاچالدار	_	_
3316	پاچه	پاچه	پاچه	_	_
3317	گیر	گیر	گیر	_	_
3318	پاچه	پاچه	پاچه	_	_
3319	ورمالیده	ورمالیده	ورمالیده	_	_
3320	پارچه	پارچه	پارچه	_	_
3321	پارچه	پارچه	پارچه	_	_
3322	پارسی	پارس	پارس	_	_
3323	زبان	زبان	زبان	_	_
3324	پاره	پاره	پاره	_	_
3325	پاره	پاره	پاره	_	_
3326	پاس	پاس	پاس	_	_
3327	بخش	بخش	بخش	_	_
3328	پاسبز	پاسبز	پاسبز	_	_
3329	پاشنه	پاشنه	پاشنه	_	_
3330	بلند	بلند	بلند	_	_
3331	پاشنه	پاشنه	پاشنه	_	_
3332	خواب	خواب	خواب	_	_
3333	پاک	پاک	پاک	_	_
3334	دامن	دامن	دامن	_	_
3335	پاک	پاک	پاک	_	_
3336	سرشت	سرشت	سرشت	_	_
3337	پاک	پاک	پاک	_	_
3338	و	و	و	_	_
3339	پوست	پوست	پوست	_	_
3340	کنده	کنده	کنده	_	_
3341	پاکار	پاکار	پاکار	_	_
3342	پاکباز	پاکباز	پاکباز	_	_
3343	پاک‌دل	پاک‌دل	پاک‌دل	_	_
3344	پاکوب	پاکوب	پاکوب	_	_
3345	پاکیزه	پاکیزه	پاکیزه	_	_
3346	پالان	پالان	پالان	_	_
3347	ساییده	ساییده	ساییده	_	_
3348	پامس	پامس	پامس	_	_
3349	پانویس	پانویس	پانویس	_	_
3350	پای	پا	پای	_	_
3351	آور	آور	آور	_	_
3352	پایزن	پایزن	پایزن	_	_
3353	پخته	پخته	پخته	_	_
3354	پدرام	پدرام	پدرام	_	_
3355	پدرخوانده	پدرخوانده	پدرخوانده	_	_
3356	پدیدار	پدیدار	پدیدار	_	_
3357	پذرفت	پذرف	پذرفت	_	_
3358	پر	پر	پر	_	_
3359	پراگنده	پراگنده	پراگنده	_	_
3360	دل	دل	دل	_	_
3361	پرباد	پرباد	پرباد	_	_
3362	پرپشت	پرپشت	پرپشت	_	_
3363	پرتاب	پرتاب	پرتاب	_	_
3364	پرتاب	پرتاب	پرتاب	_	_
3365	و	و	و	_	_
3366	توان	تو	توان	_	_
3367	پرچانه	پرچانه	پرچانه	_	_
3368	پرچین	پرچ	پرچین	_	_
3369	پرخواسته	پرخواسته	پرخواسته	_	_
3370	پرداخت	پرداخت	پرداخت	_	_
3371	پررو	پررو	پررو	_	_
3372	پرشور	پرشور	پرشور	_	_
3373	پرکار	پرکار	پرکار	_	_
3374	پرماز	پرماز	پرماز	_	_
3375	پرمایه	پرمایه	پرمایه	_	_
3376	پرمنش	پرمن	پرمنش	_	_
3377	پرندآور	پرندآور	پرندآور	_	_
3378	پرهنر	پرهنر	پرهنر	_	_
3379	پری	پر	پری	_	_
3380	بند	بند	بند	_	_
3381	پری	پر	پری	_	_
3382	چهر	چهر	چهر	_	_
3383	پری	پر	پری	_	_
3384	نژاد	نژاد	نژاد	_	_
3385	پریسای	پریسا	پریسا	_	_
3386	پریوش	پریوش	پریوش	_	_
3387	پژاگن	پژاگن	پژاگن	_	_
3388	پشت	پشت	پشت	_	_
3389	ماهی	ماه	ماه	_	_
3390	پشتوار	پشتوار	پشتوار	_	_
3391	پشتوان	پشتو	پشتو	_	_
3392	پلیدازار	پلیدازار	پلیدازار	_	_
3393	پنبه	پنبه	پنبه	_	_
3394	درگوش	درگو	درگوش	_	_
3395	پنجگانه	پنجگانه	پنجگانه	_	_
3396	پنجه	پنجه	پنجه	_	_
3397	طلایی	طلا	طلایی	_	_
3398	پندآگین	پندآگ	پندآگین	_	_
3399	پوست	پوست	پوست	_	_
3400	کلفت	کلفت	کلفت	_	_
3401	پول	پول	پول	_	_
3402	دار	دار	دار	_	_
3403	پهلودار	پهلودار	پهلودار	_	_
3404	پی	پی	پی	_	_
3405	سپید	سپید	سپید	_	_
3406	پی	پی	پی	_	_
3407	فراخ	فراخ	فراخ	_	_
3408	پی	پی	پی	_	_
3409	گرد	گرد	گرد	_	_
3410	پی	پی	پی	_	_
3411	گم	گم	گم	_	_
3412	پیچ	پیچ	پیچ	_	_
3413	پیچ	پیچ	پیچ	_	_
3414	پیچ	پیچ	پیچ	_	_
3415	واپیچ	واپیچ	واپیچ	_	_
3416	پیچاپیچ	پیچاپیچ	پیچاپیچ	_	_
3417	پیروزه	پیروزه	پیروزه	_	_
3418	فام	فا	فام	_	_
3419	پیرهن	پیرهن	پیرهن	_	_
3420	چاک	چاک	چاک	_	_
3421	پیزی	پیز	پیزی	_	_
3422	گشاد	گشاد	گشاد	_	_
3423	پیش	پی	پیش	_	_
3424	پیش	پی	پیش	_	_
3425	مرگ	مرگ	مرگ	_	_
3426	پیشاهنگ	پیشاهنگ	پیشاهنگ	_	_
3427	پیشداد	پیشداد	پیشداد	_	_
3428	پیشرفت	پیشرفت	پیشرفت	_	_
3429	پیشوا	پیشوا	پیشوا	_	_
3430	پیشه	پیشه	پیشه	_	_
3431	ور	ور	ور	_	_
3432	پیشیار	پیشیار	پیشیار	_	_
3433	پیل	پیل	پیل	_	_
3434	سم	سم	سم	_	_
3435	پیلبان	پیلب	پیلبان	_	_
3436	پیلتن	پیلتن	پیلتن	_	_
3437	پیلگون	پیلگون	پیلگون	_	_
3438	تابناک	تابناک	تابناک	_	_
3439	تاجور	تاجور	تاجور	_	_
3440	تار	تار	تار	_	_
3441	و	و	و	_	_
3442	تور	تور	تور	_	_
3443	تاریک	تاریک	تاریک	_	_
3444	دل	دل	دل	_	_
3445	تازه	تازه	تازه	_	_
3446	خط	خط	خط	_	_
3447	ترت	تر	تر	_	_
3448	و	و	و	_	_
3449	مرت	مر	مرت	_	_
3450	ترخون	ترخون	ترخون	_	_
3451	تردامن	تردامن	تردامن	_	_
3452	تردست	تردست	تردست	_	_
3453	تردماغ	تردماغ	تردماغ	_	_
3454	ترزبان	ترزب	ترزبان	_	_
3455	ترسناک	ترسناک	ترسناک	_	_
3456	ترش	تر	ترش	_	_
3457	رو	رو	رو	_	_
3458	ترگل	ترگل	ترگل	_	_
3459	ور	ور	ور	_	_
3460	گل	گل	گل	_	_
3461	ترونده	ترونده	ترونده	_	_
3462	تکاور	تکاور	تکاور	_	_
3463	تکه	تکه	تکه	_	_
3464	تکه	تکه	تکه	_	_
3465	تن	تن	تن	_	_
3466	آسان	آسان	آسان	_	_
3467	تناور	تناور	تناور	_	_
3468	تند	تند	تند	_	_
3469	و	و	و	_	_
3470	خند	خند	خند	_	_
3471	تندخو	تندخو	تندخو	_	_
3472	(	(	(	_	_
3473	ی		ی	_	_
3474	)	)	)	_	_
3475	(	(	(	_	_
3476	(	(	(	_	_
3477	(	(	(	_	_
3478	.	.	.	_	_
3479	)	)	)	_	_
3480	تندرست	تندرست	تندرست	_	_
3481	تنگ	تنگ	تنگ	_	_
3482	چشم	چشم	چشم	_	_
3483	تنگاتنگ	تنگاتنگ	تنگاتنگ	_	_
3484	تنگبار	تنگبار	تنگبار	_	_
3485	تنگدست	تنگدست	تنگدست	_	_
3486	تنگدل	تنگدل	تنگدل	_	_
3487	تنگیاب	تنگیاب	تنگیاب	_	_
3488	تنومند	تنومند	تنومند	_	_
3489	ته	ته	ته	_	_
3490	نشست	نشست	نشست	_	_
3491	تهمتن	تهمتن	تهمتن	_	_
3492	تهیدست	تهیدست	تهیدست	_	_
3493	تی	ت	تی	_	_
3494	تیش	ت	تیش	_	_
3495	مامانی	مامان	مامان	_	_
3496	تیره	تیره	تیره	_	_
3497	روز	روز	روز	_	_
3498	تیزپا	تیزپا	تیزپا	_	_
3499	تیزتاو	تیزتاو	تیزتاو	_	_
3500	تیزدست	تیزدس	تیزدست	_	_
3501	تیزدندان	تیزدندان	تیزدندان	_	_
3502	تیزمغز	تیزمغز	تیزمغز	_	_
3503	تیزهوش	تیزهوش	تیزهوش	_	_
3504	جان	جان	جان	_	_
3505	جانی	جان	جان	_	_
3506	جان	جان	جان	_	_
3507	سخت	سخت	سخت	_	_
3508	جاودان	جاودان	جاودان	_	_
3509	جاودانه	جاودانه	جاودانه	_	_
3510	جداگانه	جداگانه	جداگانه	_	_
3511	جرت	جر	جر	_	_
3512	و	و	و	_	_
3513	قوز	قوز	قوز	_	_
3514	جره	جره	جره	_	_
3515	جگر	جگر	جگر	_	_
3516	جنگل	جنگل	جنگل	_	_
3517	بان	ب	بان	_	_
3518	جوانمرد	جوانمرد	جوانمرد	_	_
3519	جوشیده	جوشیده	جوشیده	_	_
3520	مغز	مغز	مغز	_	_
3521	جهان	جهان	جهان	_	_
3522	پهلوان	پهلو	پهلوان	_	_
3523	جهانبان	جهانب	جهانبان	_	_
3524	جهاندیده	جهاندیده	جهاندیده	_	_
3525	چابک	چابک	چابک	_	_
3526	دست	دست	دست	_	_
3527	چابک	چابک	چابک	_	_
3528	سوار	سوار	سوار	_	_
3529	چادرچاقچوری	چادرچاقچور	چادرچاقچوری	_	_
3530	چادرنشین	چادرنشین	چادرنشین	_	_
3531	چاکاچاک	چاکاچاک	چاکاچاک	_	_
3532	چرب	چرب	چرب	_	_
3533	ترازو	ترازو	ترازو	_	_
3534	چرب	چرب	چرب	_	_
3535	زبان	زبان	زبان	_	_
3536	چربدست	چربدس	چربدست	_	_
3537	چس	چس	چس	_	_
3538	نفس	نفس	نفس	_	_
3539	چسبناک	چسبناک	چسبناک	_	_
3540	چشم	چشم	چشم	_	_
3541	به	به	به	_	_
3542	راه	راه	راه	_	_
3543	چشم	چشم	چشم	_	_
3544	پیش	پی	پیش	_	_
3545	چشم	چشم	چشم	_	_
3546	تنگ	تنگ	تنگ	_	_
3547	چشم	چشم	چشم	_	_
3548	دریده	دریده	دریده	_	_
3549	چشم	چشم	چشم	_	_
3550	زاغ	زاغ	زاغ	_	_
3551	چشم	چشم	چشم	_	_
3552	سپید	سپید	سپید	_	_
3553	چشم	چشم	چشم	_	_
3554	شور	شور	شور	_	_
3555	چشمه	چشمه	چشمه	_	_
3556	چشمه	چشمه	چشمه	_	_
3557	چل	چل	چل	_	_
3558	تاج	تاج	تاج	_	_
3559	چل	چل	چل	_	_
3560	تکه	تکه	تکه	_	_
3561	چل	چل	چل	_	_
3562	کلید	کلید	کلید	_	_
3563	چلمن	چلمن	چلمن	_	_
3564	چماق	چماق	چماق	_	_
3565	لو	لو	لو	_	_
3566	چوبک	چوبک	چوبک	_	_
3567	زن	زن	زن	_	_
3568	چهارشانه	چهارشانه	چهارشانه	_	_
3569	چهل	چهل	چهل	_	_
3570	ستون	ستون	ستون	_	_
3571	چیره	چیره	چیره	_	_
3572	دست	دست	دست	_	_
3573	حروف	حروف	حروف	_	_
3574	حساب	حساب	حساب	_	_
3575	حق	حق	حق	_	_
3576	به	به	به	_	_
3577	جانب	جانب	جانب	_	_
3578	خاکرو	خاکرو	خاکرو	_	_
3579	خاکسار	خاکسار	خاکسار	_	_
3580	خاکسترنشین	خاکسترنشین	خاکسترنشین	_	_
3581	خاله	خاله	خاله	_	_
3582	زنک	زنک	زنک	_	_
3583	خام	خام	خام	_	_
3584	طبع	طبع	طبع	_	_
3585	خام	خام	خام	_	_
3586	طمع	طمع	طمع	_	_
3587	خامدست	خامدس	خامدست	_	_
3588	خانه	خانه	خانه	_	_
3589	به	به	به	_	_
3590	دوش	دو	دوش	_	_
3591	خانه	خانه	خانه	_	_
3592	دار	دار	دار	_	_
3593	خانه	خانه	خانه	_	_
3594	شاگرد	شاگرد	شاگرد	_	_
3595	خدابیامرز	خدابیامرز	خدابیامرز	_	_
3596	خرپول	خرپول	خرپول	_	_
3597	خردسال	خردسال	خردسال	_	_
3598	خشک	خشک	خشک	_	_
3599	خشک	خشک	خشک	_	_
3600	سر	سر	سر	_	_
3601	خشمگین	خشمگین	خشمگین	_	_
3602	خنده	خنده	خنده	_	_
3603	خریش	خر	خر	_	_
3604	خنده	خنده	خنده	_	_
3605	رو	رو	رو	_	_
3606	خنگ	خنگ	خنگ	_	_
3607	و	و	و	_	_
3608	لوک	لوک	لوک	_	_
3609	خنگسار	خنگسار	خنگسار	_	_
3610	خواجه	خواجه	خواجه	_	_
3611	سرا	سرا	سرا	_	_
3612	خواست	خواست	خواست	_	_
3613	خواهشمند	خواهشمند	خواهشمند	_	_
3614	خوب	خوب	خوب	_	_
3615	رو	رو	رو	_	_
3616	(	(	(	_	_
3617	ی		ی	_	_
3618	)	)	)	_	_
3619	خودرای	خودرا	خودرای	_	_
3620	خودسر	خودسر	خودسر	_	_
3621	خودکار	خودکار	خودکار	_	_
3622	خودکام	خودکا	خودکام	_	_
3623	خوش	خو	خوش	_	_
3624	آمد	آمد	آمد	_	_
3625	خوش	خو	خوش	_	_
3626	خوراک	خوراک	خوراک	_	_
3627	خوش	خو	خوش	_	_
3628	خیم	خی	خی	_	_
3629	خوش	خو	خوش	_	_
3630	مزه	مزه	مزه	_	_
3631	خوشاب	خوشاب	خوشاب	_	_
3632	خوشبخت	خوشبخت	خوشبخت	_	_
3633	خوشگل	خوشگل	خوشگل	_	_
3634	خوشنوا	خوشنوا	خوشنوا	_	_
3635	خوک	خوک	خوک	_	_
3636	دانی	دان	دانست	_	_
3637	خون	خون	خون	_	_
3638	گرم	گر	گرم	_	_
3639	خوندگار	خوندگار	خوندگار	_	_
3640	خونسرد	خونسرد	خونسرد	_	_
3641	خونین	خون	خونین	_	_
3642	جگر	جگر	جگر	_	_
3643	داد	داد	داد	_	_
3644	دادگاهی	دادگاه	دادگاه	_	_
3645	دادور	دادور	دادور	_	_
3646	داشت	داش	داشت	_	_
3647	داغسر	داغسر	داغسر	_	_
3648	دامن	دامن	دامن	_	_
3649	دامنه	دامنه	دامنه	_	_
3650	دار	دار	دار	_	_
3651	دامیار	دامیار	دامیار	_	_
3652	دانشمند	دانشمند	دانشمند	_	_
3653	دانشور	دانشور	دانشور	_	_
3654	دانشومند	دانشومند	دانشومند	_	_
3655	در	در	در	_	_
3656	در	در	در	_	_
3657	به	به	به	_	_
3658	در	در	در	_	_
3659	درخواست	درخواست	درخواست	_	_
3660	درخورد	درخورد	درخورد	_	_
3661	دردمند	دردمند	دردمند	_	_
3662	دردناک	دردناک	دردناک	_	_
3663	درشت	درشت	درشت	_	_
3664	خو	خو	خو	_	_
3665	درگذشت	درگذ	درگذشت	_	_
3666	دروا	دروا	دروا	_	_
3667	دریافت	دریافت	دریافت	_	_
3668	دزدافشار	دزدافشار	دزدافشار	_	_
3669	دژآباد	دژآباد	دژآباد	_	_
3670	دژآگاه	دژآگاه	دژآگاه	_	_
3671	دژآهنگ	دژآهنگ	دژآهنگ	_	_
3672	دژبرو	دژبرو	دژبرو	_	_
3673	دژخیم	دژخیم	دژخیم	_	_
3674	دژکام	دژکا	دژکام	_	_
3675	دژم	دژ	دژم	_	_
3676	دژمان	دژ	دژ	_	_
3677	دژنام	دژنا	دژنام	_	_
3678	دست	دست	دست	_	_
3679	پاچه	پاچه	پاچه	_	_
3680	دست	دست	دست	_	_
3681	تنگ	تنگ	تنگ	_	_
3682	دست	دست	دست	_	_
3683	چین	چین	چین	_	_
3684	دست	دست	دست	_	_
3685	خوش	خو	خوش	_	_
3686	دست	دست	دست	_	_
3687	کج	کج	کج	_	_
3688	دست	دست	دست	_	_
3689	نویس	نویس	نویس	_	_
3690	دستبرد	دستبرد	دستبرد	_	_
3691	دشت	دش	دشت	_	_
3692	بان	ب	بان	_	_
3693	دق	دق	دق	_	_
3694	دلی	دل	دل	_	_
3695	دق	دق	دق	_	_
3696	و	و	و	_	_
3697	لق	لق	لق	_	_
3698	دل	دل	دل	_	_
3699	افگار	افگار	افگار	_	_
3700	دل	دل	دل	_	_
3701	پر	پر	پر	_	_
3702	دل	دل	دل	_	_
3703	خسته	خسته	خسته	_	_
3704	دل	دل	دل	_	_
3705	مرده	مرده	مرده	_	_
3706	دلارام	دلارا	دلارام	_	_
3707	دلباز	دلباز	دلباز	_	_
3708	دلبند	دلبند	دلبند	_	_
3709	دل‌پاک	دل‌پاک	دل‌پاک	_	_
3710	دلخور	دلخور	دلخور	_	_
3711	دلریش	دلر	دلریش	_	_
3712	دلسرد	دلسرد	دلسرد	_	_
3713	دلگرم	دلگرم	دلگرم	_	_
3714	دلواپس	دلواپس	دلواپس	_	_
3715	دله	دله	دله	_	_
3716	دزد	دزد	دزد	_	_
3717	دم	دم	دم	_	_
3718	بخت	بخت	بخت	_	_
3719	دم	دم	دم	_	_
3720	کل	کل	کل	_	_
3721	دم	دم	دم	_	_
3722	کلفت	کلفت	کلفت	_	_
3723	دو	دو	دو	_	_
3724	به	به	به	_	_
3725	هم	هم	هم	_	_
3726	زن	زن	زن	_	_
3727	دو	دو	دو	_	_
3728	پهلو	پهلو	پهلو	_	_
3729	دو	دو	دو	_	_
3730	تا	تا	تا	_	_
3731	دو	دو	دو	_	_
3732	دل	دل	دل	_	_
3733	دوال	دوال	دوال	_	_
3734	دوبرجی	دوبرج	دوبرجی	_	_
3735	دوتخمه	دوتخمه	دوتخمه	_	_
3736	دوتهی	دوته	دوتهی	_	_
3737	دوخت	دوخت	دوخت	_	_
3738	دودگون	دودگون	دودگون	_	_
3739	دودوزه	دودوزه	دودوزه	_	_
3740	بازی	باز	بازی	_	_
3741	کردن	کردن	کردن	_	_
3742	دورگه	دورگه	دورگه	_	_
3743	دوستدار	دوستدار	دوستدار	_	_
3744	دوستکام	دوستکا	دوستکام	_	_
3745	دوسره	دوسره	دوسره	_	_
3746	دید	دید	دید	_	_
3747	دیرکرد	دیرکرد	دیرکرد	_	_
3748	دیرگاه	دیرگاه	دیرگاه	_	_
3749	دیگرگون	دیگرگون	دیگرگون	_	_
3750	دیوانگی	دیوانگی	دیوانگی	_	_
3751	دیوانه	دیوانه	دیوانه	_	_
3752	دیوجان	دیوج	دیوجان	_	_
3753	دیودل	دیودل	دیودل	_	_
3754	دیوسار	دیوسار	دیوسار	_	_
3755	دیوکلوچ	دیوکلوچ	دیوکلوچ	_	_
3756	رادمنش	رادمنش	رادمنش	_	_
3757	رازبان	رازب	رازبان	_	_
3758	راست	راست	راست	_	_
3759	خانه	خانه	خانه	_	_
3760	راست	راست	راست	_	_
3761	راستکی	راستک	راستکی	_	_
3762	رامیار	رامیار	رامیار	_	_
3763	راه	راه	راه	_	_
3764	نرفته	نرفته	نرفته	_	_
3765	راهگان	راهگ	راهگان	_	_
3766	راهنمون	راهنمون	راهنمون	_	_
3767	راهوار	راهوار	راهوار	_	_
3768	رایگان	رایگان	رایگان	_	_
3769	رزبان	رزب	رزبان	_	_
3770	رستار	رستار	رستار	_	_
3771	رسید	رسید	رسید	_	_
3772	رشکور	رشکور	رشکور	_	_
3773	رفت	رف	رفت	_	_
3774	وآمد	وآمد	وآمد	_	_
3775	رفت	رف	رفت	_	_
3776	وروب	وروب	وروب	_	_
3777	رنجور	رنجور	رنجور	_	_
3778	رنگ	رنگ	رنگ	_	_
3779	آور	آور	آور	_	_
3780	رنگ	رنگ	رنگ	_	_
3781	به	به	به	_	_
3782	رنگ	رنگ	رنگ	_	_
3783	رنگ	رنگ	رنگ	_	_
3784	رنگ	رنگ	رنگ	_	_
3785	رنگ	رنگ	رنگ	_	_
3786	وارنگ	وارنگ	وارنگ	_	_
3787	رو	رو	رو	_	_
3788	به	به	به	_	_
3789	راه	راه	راه	_	_
3790	روباز	روباز	روباز	_	_
3791	روخ	روخ	روخ	_	_
3792	چکاد	چکاد	چکاد	_	_
3793	روده	روده	روده	_	_
3794	روزافزون	روزافزون	روزافزون	_	_
3795	روزانه	روزانه	روزانه	_	_
3796	روزبان	روزب	روزبان	_	_
3797	روزبه	روزبه	روزبه	_	_
3798	روزپیکر	روزپیکر	روزپیکر	_	_
3799	روزگار	روزگار	روزگار	_	_
3800	رفته	رفته	رفته	_	_
3801	روسفید	روسفید	روسفید	_	_
3802	روسیاه	روسیاه	روسیاه	_	_
3803	روشندل	روشندل	روشندل	_	_
3804	رومی	روم	روم	_	_
3805	خو	خو	خو	_	_
3806	رویین	رو	رویین	_	_
3807	تن	تن	تن	_	_
3808	رهوار	رهوار	رهوار	_	_
3809	ریخت	ریخت	ریخت	_	_
3810	و	و	و	_	_
3811	پاش	پا	پا	_	_
3812	ریش	ری	ریش	_	_
3813	ریش	ری	ریش	_	_
3814	ریش	ری	ریش	_	_
3815	سفید	سفید	سفید	_	_
3816	ریشمال	ریشمال	ریشمال	_	_
3817	ریشو	ریشو	ریشو	_	_
3818	زادخرد	زادخرد	زادخرد	_	_
3819	زار	زار	زار	_	_
3820	و	و	و	_	_
3821	نزار	نزار	نزار	_	_
3822	زاغ	زاغ	زاغ	_	_
3823	دل	دل	دل	_	_
3824	زاغ	زاغ	زاغ	_	_
3825	رنگ	رنگ	رنگ	_	_
3826	زاغ	زاغ	زاغ	_	_
3827	زبان	زبان	زبان	_	_
3828	زاغ	زاغ	زاغ	_	_
3829	سار	سار	سار	_	_
3830	زاغه	زاغه	زاغه	_	_
3831	نشین	ن	نشین	_	_
3832	زبان	زبان	زبان	_	_
3833	آور	آور	آور	_	_
3834	زبان	زبان	زبان	_	_
3835	دراز	دراز	دراز	_	_
3836	زخم	زخم	زخم	_	_
3837	و	و	و	_	_
3838	زیلی	زیل	زیلی	_	_
3839	زرخیز	زرخیز	زرخیز	_	_
3840	زردفام	زردفام	زردفام	_	_
3841	زردگوش	زردگو	زردگوش	_	_
3842	زرفین	زرف	زرفین	_	_
3843	وار	وار	وار	_	_
3844	زرگون	زرگون	زرگون	_	_
3845	زریون	زریون	زریون	_	_
3846	زن	زن	زن	_	_
3847	به	به	به	_	_
3848	مزد	مزد	مزد	_	_
3849	زنباره	زنباره	زنباره	_	_
3850	زنجیربان	زنجیرب	زنجیربان	_	_
3851	زندانبان	زندانبان	زندانبان	_	_
3852	زندواف	زندواف	زندواف	_	_
3853	زنده	زنده	زنده	_	_
3854	زوار	زوار	زوار	_	_
3855	دررفته	دررفته	دررفته	_	_
3856	زودباور	زودباور	زودباور	_	_
3857	زودرنج	زودرنج	زودرنج	_	_
3858	زهرآگین	زهرآگین	زهرآگین	_	_
3859	زیر	زیر	زیر	_	_
3860	و	و	و	_	_
3861	بالا	بالا	بالا	_	_
3862	زیردست	زیردست	زیردست	_	_
3863	زیرک	زیرک	زیرک	_	_
3864	سار	سار	سار	_	_
3865	زیست	زیس	زیست	_	_
3866	سابیدن	سابیدن	سابیدن	_	_
3867	ساخت	ساخت	ساخت	_	_
3868	ساخته	ساخته	ساخته	_	_
3869	رنگ	رنگ	رنگ	_	_
3870	ساخته	ساخته	ساخته	_	_
3871	کاچار	کاچار	کاچار	_	_
3872	ساده	ساده	ساده	_	_
3873	تن	تن	تن	_	_
3874	ساده	ساده	ساده	_	_
3875	جگر	جگر	جگر	_	_
3876	ساده	ساده	ساده	_	_
3877	دل	دل	دل	_	_
3878	ساده	ساده	ساده	_	_
3879	رخ	رخ	رخ	_	_
3880	ساده	ساده	ساده	_	_
3881	رنگ	رنگ	رنگ	_	_
3882	ساده	ساده	ساده	_	_
3883	رو	رو	رو	_	_
3884	ساده	ساده	ساده	_	_
3885	زنخ	زنخ	زنخ	_	_
3886	ساده	ساده	ساده	_	_
3887	کار	کار	کار	_	_
3888	ساده	ساده	ساده	_	_
3889	نمک	نمک	نمک	_	_
3890	سازمند	سازمند	سازمند	_	_
3891	سازور	سازور	سازور	_	_
3892	سالار	سالار	سالار	_	_
3893	سالخداه	سالخداه	سالخداه	_	_
3894	سالخرد	سالخرد	سالخرد	_	_
3895	سالمند	سالمند	سالمند	_	_
3896	سایه	سایه	سایه	_	_
3897	خشک	خشک	خشک	_	_
3898	سبزپا	سبزپا	سبزپا	_	_
3899	سبزفام	سبزفا	سبزفام	_	_
3900	سبک	سبک	سبک	_	_
3901	دست	دست	دست	_	_
3902	سبک	سبک	سبک	_	_
3903	سایه	سایه	سایه	_	_
3904	سبک	سبک	سبک	_	_
3905	سنگ	سنگ	سنگ	_	_
3906	سبک	سبک	سبک	_	_
3907	سنگین	سنگ	سنگین	_	_
3908	کردن	کردن	کردن	_	_
3909	سبک	سبک	سبک	_	_
3910	مغز	مغز	مغز	_	_
3911	سبکبار	سبکبار	سبکبار	_	_
3912	سبکبال	سبکبال	سبکبال	_	_
3913	سبکپا	سبکپا	سبکپا	_	_
3914	سبکسر	سبکسر	سبکسر	_	_
3915	سبیلو	سبیلو	سبیلو	_	_
3916	سپندآسا	سپندآسا	سپندآسا	_	_
3917	سپیدبخت	سپیدبخ	سپیدبخت	_	_
3918	سپیدپا	سپیدپا	سپیدپا	_	_
3919	سپیددست	سپیددس	سپیددست	_	_
3920	سپیده	سپیده	سپیده	_	_
3921	ستبر	ستبر	ستبر	_	_
3922	روی	رو	روی	_	_
3923	ستوان	ستوان	ستوان	_	_
3924	ستوربان	ستوربان	ستوربان	_	_
3925	سخت	سخت	سخت	_	_
3926	پا	پا	پا	_	_
3927	سخت	سخت	سخت	_	_
3928	پیشانی	پیشانی	پیشانی	_	_
3929	سخت	سخت	سخت	_	_
3930	جان	جان	جان	_	_
3931	سخت	سخت	سخت	_	_
3932	رو	رو	رو	_	_
3933	سخت	سخت	سخت	_	_
3934	کمان	کم	کمان	_	_
3935	سخت	سخت	سخت	_	_
3936	لگام	لگام	لگام	_	_
3937	سخنور	سخنور	سخنور	_	_
3938	سر	سر	سر	_	_
3939	سر	سر	سر	_	_
3940	به	به	به	_	_
3941	سر	سر	سر	_	_
3942	به	به	به	_	_
3943	نیست	نیست	نیست	_	_
3944	سر	سر	سر	_	_
3945	و	و	و	_	_
3946	مر	مر	مر	_	_
3947	سرآزاد	سرآزاد	سرآزاد	_	_
3948	سرآمد	سرآمد	سرآمد	_	_
3949	سرازیر	سرازیر	سرازیر	_	_
3950	سراسیمه	سراسیمه	سراسیمه	_	_
3951	سراشیب	سراشیب	سراشیب	_	_
3952	سرانداز	سرانداز	سرانداز	_	_
3953	سراندرون	سراندرون	سراندرون	_	_
3954	سرباز	سرباز	سرباز	_	_
3955	سربتو	سربتو	سربتو	_	_
3956	سربلند	سربلند	سربلند	_	_
3957	سربه	سربه	سربه	_	_
3958	مهر	مهر	مهر	_	_
3959	سرپر	سرپر	سرپر	_	_
3960	سرپرست	سرپرست	سرپرست	_	_
3961	سرتیز	سرتیز	سرتیز	_	_
3962	سرحال	سرحال	سرحال	_	_
3963	سرخانه	سرخانه	سرخانه	_	_
3964	سرخر	سرخر	سرخر	_	_
3965	سرخوش	سرخو	سرخوش	_	_
3966	سرخیل	سرخیل	سرخیل	_	_
3967	سرداور	سرداور	سرداور	_	_
3968	سردرگم	سردرگم	سردرگم	_	_
3969	سردماغ	سردماغ	سردماغ	_	_
3970	سرراست	سرراست	سرراست	_	_
3971	سرزنده	سرزنده	سرزنده	_	_
3972	سرسبز	سرسبز	سرسبز	_	_
3973	سرسخت	سرسخت	سرسخت	_	_
3974	سرسنگین	سرسنگین	سرسنگین	_	_
3975	سرشار	سرشار	سرشار	_	_
3976	سرشناس	سرشناس	سرشناس	_	_
3977	سرگران	سرگران	سرگران	_	_
3978	سرگردان	سرگرد	سرگردان	_	_
3979	سرگرم	سرگرم	سرگرم	_	_
3980	سرمست	سرمست	سرمست	_	_
3981	سرنگون	سرنگون	سرنگون	_	_
3982	سروا	سروا	سروا	_	_
3983	سرور	سرور	سرور	_	_
3984	سره	سره	سره	_	_
3985	مرد	مرد	مرد	_	_
3986	سرهال	سرهال	سرهال	_	_
3987	سزاوار	سزاوار	سزاوار	_	_
3988	سست	سس	سست	_	_
3989	رگ	رگ	رگ	_	_
3990	سست	سس	سست	_	_
3991	ریش	ری	ریش	_	_
3992	سست	سس	سست	_	_
3993	زخم	زخم	زخم	_	_
3994	سفیدبخت	سفیدبخت	سفیدبخت	_	_
3995	سفیدکاسه	سفیدکاسه	سفیدکاسه	_	_
3996	سگدل	سگدل	سگدل	_	_
3997	سگرو	سگرو	سگرو	_	_
3998	سگسار	سگسار	سگسار	_	_
3999	سلنج	سلنج	سلنج	_	_
4000	سمنبر	سمنبر	سمنبر	_	_
4001	سنگدل	سنگدل	سنگدل	_	_
4002	سوت	سو	سوت	_	_
4003	و	و	و	_	_
4004	کور	کور	کور	_	_
4005	سوداگر	سوداگر	سوداگر	_	_
4006	سوزنبان	سوزنبان	سوزنبان	_	_
4007	سوک	سوک	سوک	_	_
4008	ریش	ری	ریش	_	_
4009	سوگوار	سوگوار	سوگوار	_	_
4010	سه	سه	سه	_	_
4011	پایه	پایه	پایه	_	_
4012	سهمناک	سهمناک	سهمناک	_	_
4013	سیاه	سیاه	سیاه	_	_
4014	بند	بند	بند	_	_
4015	سیاه	سیاه	سیاه	_	_
4016	پستان	پس	پستان	_	_
4017	سیاه	سیاه	سیاه	_	_
4018	چرده	چرده	چرده	_	_
4019	سیاه	سیاه	سیاه	_	_
4020	دست	دست	دست	_	_
4021	سیاه	سیاه	سیاه	_	_
4022	دل	دل	دل	_	_
4023	سیاه	سیاه	سیاه	_	_
4024	رو	رو	رو	_	_
4025	سیاه	سیاه	سیاه	_	_
4026	سر	سر	سر	_	_
4027	سیاه	سیاه	سیاه	_	_
4028	سوخته	سوخته	سوخته	_	_
4029	سیاه	سیاه	سیاه	_	_
4030	گلیم	گلیم	گلیم	_	_
4031	سیاه	سیاه	سیاه	_	_
4032	مست	مس	مست	_	_
4033	سیاهکاسه	سیاهکاسه	سیاهکاسه	_	_
4034	سیخ	سیخ	سیخ	_	_
4035	پر	پر	پر	_	_
4036	سیراب	سیراب	سیراب	_	_
4037	سیم	سی	سیم	_	_
4038	تن	تن	تن	_	_
4039	سیماب	سیماب	سیماب	_	_
4040	پا	پا	پا	_	_
4041	سیماب	سیماب	سیماب	_	_
4042	دل	دل	دل	_	_
4043	سیمابگون	سیمابگون	سیمابگون	_	_
4044	سیماب‌گون	سیماب‌گون	سیماب‌گون	_	_
4045	سیمبر	سیمبر	سیمبر	_	_
4046	سیمگون	سیمگون	سیمگون	_	_
4047	سیمه	سیمه	سیمه	_	_
4048	سار	سار	سار	_	_
4049	سینه	سینه	سینه	_	_
4050	باز	باز	باز	_	_
4051	سینه	سینه	سینه	_	_
4052	چاک	چاک	چاک	_	_
4053	استادانتان	استادان	استادانتان	_	_
4054	له	له	له	_	_
4055	شده	شده	شده	_	_
4056	ترینم	ترین	ترینم	_	_
4057	نالانترینی	نالانترین	نالانترینی	_	_
4058	شاعران	شاعر	شاعر	_	_
4059	خستگان	خستگ	خستگان	_	_
4060	آزادگان	آزادگان	آزادگان	_	_
4061	تابلوهایش	تابلو	تابلو	_	_
4062	شیشه	شیشه	شیشه	_	_
4063	ها		ها	_	_
4064	کاسه	کاسه	کاسه	_	_
4065	ها		ها	_	_
4066	روپوش	روپوش	روپوش	_	_
4067	ها		ها	_	_
4068	مادرهایمان	مادر	مادر	_	_
4069	مادران	مادر	مادر	_	_
4070	آزادگانیم	آزادگان	آزادگان	_	_
4071	پدرانمان	پدران	پدرانمان	_	_
4072	معلم	معلّم	معلّم	_	_
4073	هایشان		هایشان	_	_
4074	زنانیم	زنان	زنانیم	_	_
4075	زندگان	زندگان	زندگان	_	_
4076	گذشتگان	گذشتگان	گذشتگان	_	_
4077	فرشتگان	فرشتگ	فرشتگان	_	_
4078	خفتگان	خفتگان	خفتگان	_	_
4079	خستگانیم	خستگان	خستگانیم	_	_
4080	گرسنگان	گرسنگ	گرسنگان	_	_
4081	تشنگانند	تشنگانند	تشنگانند	_	_
4082	پرندگانیم	پرندگان	پرندگان	_	_
4083	برگشت	برگ	برگ	_	_
4084	برنگشتم	برنگ	برنگشتم	_	_
4085	برمی	برم	برمی	_	_
4086	گشتم	گشت	گشت	_	_
4087	برنمی	برنم	برنمی	_	_
4088	گشتم	گشت	گشت	_	_
4089	برگشتی	برگشتی	برگشتی	_	_
4090	برنگشتی	برنگشت	برنگشتی	_	_
4091	برمی	برم	برمی	_	_
4092	گشتی	گشت	گشتی	_	_
4093	برنمی	برنم	برنمی	_	_
4094	گشتی	گشت	گشتی	_	_
4095	برگشت	برگ	برگ	_	_
4096	برنگشت	برنگ	برنگشت	_	_
4097	برمی	برم	برمی	_	_
4098	گشت	گشت	گشت	_	_
4099	برنمی	برنم	برنمی	_	_
4100	گشت	گشت	گشت	_	_
4101	برگشتیم	برگشتی	برگشتی	_	_
4102	برنگشتیم	برنگشت	برنگشتیم	_	_
4103	برمی	برم	برمی	_	_
4104	گشتیم	گشت	گشت	_	_
4105	برنمی	برنم	برنمی	_	_
4106	گشتیم	گَشت	گَشتیم	_	_
4107	برگشتید	برگشتید	برگشتید	_	_
4108	برنگشتید	برنگشتید	برنگشتید	_	_
4109	برمی	برم	برمی	_	_
4110	گشتید	گشتید	گشت	_	_
4111	برنمی	برنم	برنمی	_	_
4112	گشتید	گشتید	گشت	_	_
4113	برگشتند	برگشتند	برگشتند	_	_
4114	برمی	برم	برمی	_	_
4115	گشتند	گشتَند	گشتَند	_	_
4116	برنمی	برنم	برنمی	_	_
4117	گشتند	گشتَند	گشتَند	_	_
4118	میوجات	میوج	میوجات	_	_
4119	روزنامجات	روزنامج	روزنامجات	_	_
4120	دستجات	دسته	دستجات	_	_
4121	کارخانجات	کارخانجات	کارخانجات	_	_
4122	مشمولان	مشمول	مشمول	_	_
4123	زائران	زائر	زائر	_	_
4124	منتخبان	منتخب	منتخب	_	_
4125	برگزیدگان	برگزیدگان	برگزیدگان	_	_
4126	مدعوان	مدعو	مدعو	_	_
4127	مهمانان	مهمان	مهمان	_	_
4128	ماهان	ماه	ماهان	_	_
4129	روحانیان	روحانی	روحانی	_	_
4130	مسؤولان	مسؤول	مسؤولان	_	_
4131	آموزگاران	آموزگار	آموزگار	_	_
4132	کارگردان	کارگردان	کارگردان	_	_
4133	گریزان	گریز	گریز	_	_
4134	بهاران	بهار	بهاران	_	_
4135	پریشانترینم	پریشانترین	پریشانترینم	_	_
4136	کشاورزان	کشاورز	کشاورز	_	_
4137	ناامیدترینهایشانیم	ناامیدترینهایشان	ناامیدترینهایشانیم	_	_
4138	رفته‌باشید	رفته‌باشید	رفت	_	_
4139	رفته‌اند	رفته‌اند	رفت	_	_
4140	خواهید‌رفت	خواهید‌رف	رفت	_	_
4141	دارید	دارید	داشت	_	_
4142	می	می	می	_	_
4143	روید	روید	رفت	_	_
4144	خواهند‌دید	خواهند‌دید	دید	_	_
4145	بروی	برو	رفت	_	_
4146	رود	رود	رود	_	_
4147	بروند	بروند	رفت	_	_
4148	دارم	دار	داشت	_	_
4149	می	می	می	_	_
4150	روم	رو	روم	_	_
4151	دارند	دارند	داشت	_	_
4152	می	می	می	_	_
4153	روند	روند	روند	_	_
4154	بسته	بسته	بسته	_	_
4155	بستگان	بستگان	بستگان	_	_
4156	بیاموزمی	بیاموزم	بیاموزمی	_	_
4157	می	می	می	_	_
4158	‌بدانید	‌بدانید	‌بدانید	_	_
4159	می	می	می	_	_
4160	‌اندیش	‌اند	‌اندیش	_	_
4161	پیچدهمی	پیچدهم	پیچدهمی	_	_
4162	برفتمانی	برفتمان	برفتمانی	_	_
4163	بگرفتندشان	بگرفتند	بگرفتندشان	_	_
4164	نماند	نماند	ماند	_	_
4165	براندی	براند	براندی	_	_
4166	می	می	می	_	_
4167	‌بسوخت	‌بسوخ	‌بسوخت	_	_
4168	گردانیدن	گردانیدن	گردانیدن	_	_
4169	برآمده	برآمده	برآمده	_	_
4170	باشد	باشد	بود	_	_
4171	برفتمشان	برفتم	برفتمشان	_	_
4172	وادارکردمتان	وادارکردم	وادارکردمتان	_	_
4173	ببخشیدشان	ببخشید	ببخشیدشان	_	_
4174	سخت	سخت	سخت	_	_
4175	کوششترینهایشانم	کوششترینهایشان	کوششترینهایشانم	_	_
4176	برافراشتیشان	برافراشت	برافراشتیشان	_	_
4177	میخوردمت	میخوردم	میخوردمت	_	_
4178	نگاه	نگاه	نگاه	_	_
4179	کردمش	کردم	کردمش	_	_
4180	کثیفترینهایشانیم	کثیفترینهایشان	کثیفترینهایشانیم	_	_
4181	نیاموخته	نیاموخته	آموخت	_	_
4182	هایت		هایت	_	_
4183	موهایشان	مو	مو	_	_
4184	آفتابگردان	آفتابگردان	آفتابگردان	_	_
4185	واژه	واژه	واژه	_	_
4186	ها		ها	_	_
4187	فارسی	فارس	فارس	_	_
4188	بزگترهایشان	بزگتر	بزگترهایشان	_	_
4189	خوبترم	خوبتر	خوبترم	_	_
4190	مدرسان	مدرس	مدرس	_	_
4191	نخبگان	نخبگ	نخبگان	_	_
4192	آرزومند	آرزومند	آرزومند	_	_
4193	بینابین	بینابین	بینابین	_	_
4194	خودکاری	خودکار	خودکار	_	_
4195	خوشحالتریم	خوشحالتر	خوشحالتریم	_	_
4196	کارگردانان	کارگردان	کارگردان	_	_
4197	اردگک	اردگک	اردگک	_	_
4198	کتابخانه	کتابخانه	کتابخانه	_	_
4199	آب	آب	آب	_	_
4200	خانوار	خانوار	خانوار	_	_
4201	پیوستگی	پیوستگی	پیوستگی	_	_
4202	افسرده	افسرده	افسرده	_	_
4203	ای	ای	ای	_	_
4204	رفته‌ام	رفته‌ا	رفت	_	_
4205	عمویش	عمو	عمو	_	_
4206	آباده	آباده	آباده	_	_
4207	ای	ای	ای	_	_
4208	خزانه	خزانه	خزانه	_	_
4209	ای	ای	ای	_	_
4210	چگونه	چگونه	چگونه	_	_
4211	رزمایش	رزمایش	رزمایش	_	_
4212	دانایان	دانا	دانا	_	_
4213	سخنگویان	سخنگو	سخنگو	_	_
4214	جوی	جو	جوی	_	_
4215	ها		ها	_	_
4216	جای	جا	جای	_	_
4217	ها		ها	_	_
4218	پندیات	پند	پند	_	_
4219	دستجات	دسته	دستجات	_	_
4220	مشناکم	مشناک	مشناکم	_	_
4221	موزگک	موزگک	موزگک	_	_
4222	آذربایجان	آذربایجان	آذربایجان	_	_
4223	قستنطنیه	قستنطنیه	قستنطنیه	_	_
4224	فلاسفه	فلاسفه	فلاسفه	_	_
4225	حسنات	حس	حسنات	_	_
4226	چینی	چین	چینی	_	_
4227	شکارچیان	شکارچی	شکارچی	_	_
4228	نرم	نر	نرم	_	_
4229	انسدادی	انسداد	انسداد	_	_
4230	لرزشی	لرزش	لرزش	_	_
4231	فراکردی	فراکرد	فراکردی	_	_
4232	لبالب	لبالب	لبالب	_	_
4233	چهلچراغ	چهلچراغ	چهلچراغ	_	_
4234	گلباران	گلبار	گلباران	_	_
4235	خرگوشان	خرگوش	خرگوش	_	_
4236	رده	رده	رده	_	_
4237	دیدمشان	دیدم	دیدمشان	_	_
4238	خواندمشان	خواندم	خواندمشان	_	_
4239	کجات	کج	کج	_	_
4240	آوردمشان	آوردم	آوردمشان	_	_
4241	آمدوشد	آمدوشد	آمدوشد	_	_
4242	پیروجوان	پیروجو	پیروجوان	_	_
4243	جانا	جانا	جانا	_	_
4244	مهمانخانه	مهمانخانه	مهمانخانه	_	_
4245	ناامیدترین	ناامید	ناامید	_	_
4246	هایشان		هایشان	_	_
4247	بازاری	بازار	بازار	_	_
4248	پسند	پسند	پسند	_	_
4249	حرص	حرص	حرص	_	_
4250	خوردن	خوردن	خوردن	_	_
4251	آتیش	آتی	آتی	_	_
4252	پاره	پاره	پاره	_	_
4253	عقب	عقب	عقب	_	_
4254	افتادگی	افتادگی	افتادگی	_	_
4255	کلاه	کلاه	کلاه	_	_
4256	دردسرها	دردسر	دردسر	_	_
4257	معلم	معلم	معلم	_	_
4258	معلمیم	معلم	معلم	_	_
4259	درسخوانترین	درسخوان	درسخوان	_	_
4260	مرده	مرده	مرده	_	_
4261	نبودنش	نبودن	نبودن	_	_
4262	چهارمین	چهار	چهارمین	_	_
4263	ها		ها	_	_
4264	پاک	پاک	پاک	_	_
4265	کن	کن	کن	_	_
4266	چوب	چوب	چوب	_	_
4267	بری	بر	بری	_	_
4268	ها		ها	_	_
4269	بن	بن	بن	_	_
4270	بست	بس	بست	_	_
4271	نشستن	نشستن	نشستن	_	_
4272	بیاساییم	بیاسا	بیاساییم	_	_
4273	ابرکوه	ابرکوه	ابرکوه	_	_
4274	ها		ها	_	_
4275	شبه	شبه	شبه	_	_
4276	سنگ	سنگ	سنگ	_	_
4277	فضانوردانه	فضانوردانه	فضانوردانه	_	_
4278	چشمک	چشمک	چشمک	_	_
4279	درشکه	درشکه	درشکه	_	_
4280	غیرارادی	غیرارادی	غیرارادی	_	_
4281	کلیدواژه	کلیدواژه	کلیدواژه	_	_
4282	وب	وب	وب	_	_
4283	بهینه	بهینه	بهینه	_	_
4284	ادغام	ادغام	ادغام	_	_
4285	گردهمایی	گردهمایی	گردهمایی	_	_
4286	سیه	سیه	سیه	_	_
4287	جست	جس	جست	_	_
4288	شعرسرایی	شعرسرا	شعرسرایی	_	_
4289	ناخنک	ناخنک	ناخنک	_	_
4290	زدن	زدن	زدن	_	_
4291	نقشه	نقشه	نقشه	_	_
4292	میانجیگری	میانجیگری	میانجیگری	_	_
4293	نمایه	نمایه	نمایه	_	_
4294	رتبه	رتبه	رتبه	_	_
4295	تصویربرداری	تصویربردار	تصویربرداری	_	_
4296	نشانه	نشانه	نشانه	_	_
4297	ابراهیمی	ابراهیم	ابراهیم	_	_
4298	خطی	خط	خط	_	_
4299	وبلاگ	وبلاگ	وبلاگ	_	_
4300	قانون	قانون	قانون	_	_
4301	رهاسازها	رهاساز	رهاسازها	_	_
4302	دفترچه	دفترچه	دفترچه	_	_
4303	برنامه	برنامه	برنامه	_	_
4304	پردندانه	پردندانه	پردندانه	_	_
