0	آن	آن	آن	_	_
1	روز	روز	روز	_	_
2	مورخ	مـورِخ	مـورِخ	_	_
3	۹۷/۷/۲۰	۹۷/۷/۲۰	۹۷/۷/۲۰	_	_
4	یا	یا	یا	_	_
5	به	به	به	_	_
6	عبارتی	عِبارتي	عِبارتي	_	_
7	۲۰	20	20	_	_
8	مهر	مهر	مهر	_	_
9	۹۷	97	97	_	_
10	حدود	حدودِ	حدودِ	_	_
11	ساعت	ساعت	ساعت	_	_
12	۹:۱۵	9:15	9:15	_	_
13	در	در	در	_	_
14	کلاس	کِلاس	کِلاس	_	_
15	مبحثی	مبحثي	مبحثي	_	_
16	بیان	بی	بیان	_	_
17	شد	شد	شد	_	_
18	که	کِه	کِه	_	_
19	بیانگر	بیانگر	بیانگر	_	_
20	ابهامات	اِب	اِبهامات	_	_
21	بسیاری	بِسیاري	بِسیاري	_	_
22	بود	بود	بود	_	_
23	.	.	.	_	_
24	به	بِه	بِه	_	_
25	طوری	طوري	طوري	_	_
26	که	که	که	_	_
27	هر	هر	هر	_	_
28	نفر	نـفر	نـفر	_	_
29	پاسخ	پاسخ	پاسخ	_	_
30	متفاوتی	متفاوِتي	متفاوِتي	_	_
31	داشت	داش	داشت	_	_
32	و	و	و	_	_
33	هرکس	هرکس	هرکس	_	_
34	جداگانه	جـداگانه	جـداگانه	_	_
35	برای	براي	براي	_	_
36	خود	خود	خود	_	_
37	دانش	دانش	دانش	_	_
38	اندوزی	انـدوزي	انـدوزي	_	_
39	میکرد	میکرد	میکرد	_	_
40	!	!	!	_	_
41	جواب	جواب	جواب	_	_
42	درست	درســ	درســت	_	_
43	۰٫۸۹	0.89	0.89	_	_
44	بودولی	بــودولي	بــودولي	_	_
45	هر	هر	هر	_	_
46	کس	کـس	کـس	_	_
47	یک	یِـك	یِـك	_	_
48	چیزی	چیـزي	چیـزي	_	_
49	برای	براي	براي	_	_
50	گفتن	گفتن	گفتن	_	_
51	داشت	داش	داشت	_	_
52	!	!	!	_	_
53	مانند	ماننـد	ماننـد	_	_
54	۳/۴	۳/۴	۳/۴	_	_
55	،	،	،	_	_
56	.	.	.	_	_
57	۳۲	32	32	_	_
58	،	،	،	_	_
59	.	.	.	_	_
60	۴	4	4	_	_
61	و	و	و	_	_
62	.	.	.	_	_
63	.	.	.	_	_
64	.	.	.	_	_
65	نزدیک	نزدیــك	نزدیــك	_	_
66	ترین	تـر	تـرین	_	_
67	جواب	جـــواب	جـــواب	_	_
68	را	را	را	_	_
69	فاطمة	فاطـــمة	فاطـــمة	_	_
70	دادهبود	دادِهبــود	دادِهبــود	_	_
71	،	،	،	_	_
72	۱٫۱۲	۱.۱۲	۱.۱۲	_	_
73	!	!	!	_	_
74	هم	هم	هم	_	_
75	همه	همــه	همــه	_	_
76	درگر	درگر	درگر	_	_
77	فته	فته	فته	_	_
78	بودکه	بودکه	بودکه	_	_
79	در	در	در	_	_
80	نه	نـه	نـه	_	_
81	و	و	و	_	_
82	سی	سـي	سـي	_	_
83	دقیقه	دقــیقه	دقــیقه	_	_
84	،	،	،	_	_
85	معلم	معــل	معــلم	_	_
86	رسید	رِسیـد	رِسیـد	_	_
87	؛	؛	؛	_	_
88	همان	هـمـ	هـمـان	_	_
89	ابتداپرسید	ابــتـداپرسیــد	ابــتـداپرسیــد	_	_
90	:	:	:	_	_
91	"پاسخ	“پاســخ	“پاســخ	_	_
92	۱٫۱۲	1.12	1.12	_	_
93	راچه	راچِــه	راچِــه	_	_
94	کسی	کسـي	کسـي	_	_
95	بدست	بِدســ	بِدســت	_	_
96	آورده	آورده	آورده	_	_
97	؟	؟	؟	_	_
98	اسمی	اسـمــي	اسـمــي	_	_
99	روی	روي	روي	_	_
100	برگه	بـرگِـه	بـرگِـه	_	_
101	اش	اش	اش	_	_
102	نبود	نـبـود	نـبـود	_	_
103	!	!	!	_	_
104	"	”	”	_	_
105	همین	همیـن	همیـن	_	_
106	جابود	جابـود	جابـود	_	_
107	که	کـه	کـه	_	_
108	فاطمة	فاطــمة	فاطــمة	_	_
109	فهمیدحق	فــهـمـیدحـق	فــهـمـیدحـق	_	_
110	با	بـا	بـا	_	_
111	اوبوده	اوبـوده	اوبـوده	_	_
112	!	!	!	_	_
113	دیگر	دیگر	دیگر	_	_
114	ساعت	ساعت	ساعت	_	_
115	۱۰	۱۰	۱۰	_	_
116	شده‌بود	شده‌بود	شد	_	_
117	.	.	.	_	_
118	همه	همـه	همـه	_	_
119	آرام	آرا	آرام	_	_
120	شدند	شدنـد	شدنـد	_	_
121	ودیگر	ودیـگر	ودیـگر	_	_
122	به	به	به	_	_
123	شدت	شدّت	شدّت	_	_
124	شک	شـك	شـك	_	_
125	هابرطرف	هابرطرف	هابرطرف	_	_
126	شده	شـده	شـده	_	_
127	بودو	بـودو	بـودو	_	_
128	برایشان	برایـ	برایـشان	_	_
129	بسیار	بسـیار	بسـیار	_	_
130	تعجب	تعجّـب	تعجّـب	_	_
131	آور	آور	آور	_	_
132	بود…	بود…	بود…	_	_
133	همه	هـمِه	هـمِه	_	_
134	با	با	با	_	_
135	کنجکاوی	کنجکـاوي	کنجکـاوي	_	_
136	به	بـه	بـه	_	_
137	تخته	تخته	تخته	_	_
138	نگاه	نـگاه	نـگاه	_	_
139	می	می	می	_	_
140	کردند	کردند	کرد	_	_
141	و	و	و	_	_
142	مشتاق	مشتاق	مشتاق	_	_
143	انه	انه	انه	_	_
144	حرکت	حرکتِ	حرکتِ	_	_
145	گچ	گچ	گچ	_	_
146	روی	رویِ	رویِ	_	_
147	آن	آن	آن	_	_
148	را	را	را	_	_
149	دنبال	دنبال	دنبال	_	_
150	،	،	،	_	_
151	تا	تا	تا	_	_
152	راه	راه	راه	_	_
153	حل	حل	حل	_	_
154	را	را	را	_	_
155	ببینند	بِبینند	بِبینند	_	_
156	که	که	که	_	_
157	ناگهان	ناگه	ناگهان	_	_
158	در	در	در	_	_
159	ساعت	ساعت	ساعت	_	_
160	۱۰:۱۵	۱۰:۱۵	۱۰:۱۵	_	_
161	زنگ	زنگ	زنگ	_	_
162	خورد	خورد	خورد	_	_
163	که	که	که	_	_
164	همه	همه	همه	_	_
165	را	را	را	_	_
166	به	به	به	_	_
167	دلیل	دلیل	دلیل	_	_
168	این	این	این	_	_
169	یک	یک	یک	_	_
170	ربع	ربع	ربع	_	_
171	زودتر	زود	زود	_	_
172	زنگ	زنگ	زنگ	_	_
173	خوردن	خوردن	خوردن	_	_
174	تعجب	تعجب	تعجب	_	_
175	زده	زده	زده	_	_
176	کرد	کرد	کرد	_	_
177	!	!	!	_	_
178	معلم	معلم	معلم	_	_
179	به	به	به	_	_
180	نماینده	نماینده	نماینده	_	_
181	گفت	گفت	گفت	_	_
182	ایمیل	ایمیل	ایمیل	_	_
183	(	(	(	_	_
184	email	email	email	_	_
185	)	)	)	_	_
186	همه	همه	همه	_	_
187	دانش	دانش	دانش	_	_
188	آموزان	آموز	آموزان	_	_
189	را	را	را	_	_
190	بگیرد	بگیرد	گرفت	_	_
191	تا	تا	تا	_	_
192	پاسخ	پاسخ	پاسخ	_	_
193	را	را	را	_	_
194	به	به	به	_	_
195	آن	آن	آن	_	_
196	ها		ها	_	_
197	میل	میل	میل	_	_
198	کند	کند	کند	_	_
199	.	.	.	_	_
200	ایمیل	ایمیل	ایمیل	_	_
201	های		های	_	_
202	جالبی	جالب	جالب	_	_
203	شنیده	شنیده	شنیده	_	_
204	میشد	میشد	میشد	_	_
205	،	،	،	_	_
206	مثل	مثل	مثل	_	_
207	BeFunny@yahoo	BeFunny@yahoo	BeFunny@yahoo	_	_
208	.	.	.	_	_
209	com	com	com	_	_
210	،	،	،	_	_
211	sara‌happy‌girl@gmail	sara‌happy‌girl@gmail	sara_happy_girl@gmail	_	_
212	.	.	.	_	_
213	com	com	com	_	_
214	یا	یا	یا	_	_
215	lonely	lonely	lonely	_	_
216	.	.	.	_	_
217	girl@gamil	girl@gamil	girl@gamil	_	_
218	.	.	.	_	_
219	com	com	com	_	_
220	و	و	و	_	_
221	…	…	…	_	_
222	که	که	که	_	_
223	تا	تا	تا	_	_
224	حدودی	حدود	حدود	_	_
225	از	از	از	_	_
226	روی	رو	روی	_	_
227	این	این	این	_	_
228	قبیل	قبیل	قبیل	_	_
229	آدرس	آدرس	آدرس	_	_
230	ایمیل	ایمیل	ایمیل	_	_
231	ها		ها	_	_
232	می	می	می	_	_
233	توان	تو	توان	_	_
234	به	به	به	_	_
235	حال	حال	حال	_	_
236	درونی	درون	درون	_	_
237	صاحب	صاحب	صاحب	_	_
238	email	email	email	_	_
239	پی	پی	پی	_	_
240	برد	برد	برد	_	_
241	.	.	.	_	_
242	.	.	.	_	_
243	الگوریتم	الگوریتم	الگوریتم	_	_
244	های		های	_	_
245	مختلفی	مختلف	مختلف	_	_
246	وجود	وجود	وجود	_	_
247	دارد	دارد	داشت	_	_
248	برای	برای	برای	_	_
249	کلاس	کلاس	کلاس	_	_
250	بندی	بند	بست	_	_
251	کردن	کردن	کردن	_	_
252	داده	داده	داده	_	_
253	ها		ها	_	_
254	(	(	(	_	_
255	data	data	data	_	_
256	)	)	)	_	_
257	؛	؛	؛	_	_
258	مانند	مانند	مانند	_	_
259	کی	کی	کی	_	_
260	.	.	.	_	_
261	ان		ان	_	_
262	.	.	.	_	_
263	ان		ان	_	_
264	،	،	،	_	_
265	اس	اس	اس	_	_
266	.	.	.	_	_
267	وی	و	وی	_	_
268	.	.	.	_	_
269	ام	ا	ام	_	_
270	،	،	،	_	_
271	سی	سی	سی	_	_
272	.	.	.	_	_
273	ان		ان	_	_
274	.	.	.	_	_
275	ان		ان	_	_
276	و	و	و	_	_
277	غیره	غیره	غیره	_	_
278	،	،	،	_	_
279	که	که	که	_	_
280	برای	برای	برای	_	_
281	هر	هر	هر	_	_
282	کاربرد	کاربرد	کاربرد	_	_
283	باید	باید	باید	_	_
284	بررسی	بررسی	بررسی	_	_
285	کنیم	کنیم	کرد	_	_
286	ببینیم	ببین	ببینیم	_	_
287	کدام	کدام	کدام	_	_
288	یک	یک	یک	_	_
289	برای	برای	برای	_	_
290	کارمان	کار	کار	_	_
291	دقت	دق	دقت	_	_
292	(	(	(	_	_
293	accuracy	accuracy	accuracy	_	_
294	)	)	)	_	_
295	بالاتری	بالاتر	بالاتری	_	_
296	دارد	دارد	داشت	_	_
297	.	.	.	_	_
298	گاهی	گاهي	گاهي	_	_
299	بیش	بی	بیش	_	_
300	از	از	از	_	_
301	۰٫۵	0.5	0.5	_	_
302	درصدازوقت	درصدازوقـ	درصدازوقـت	_	_
303	های	هاي	هاي	_	_
304	روز	روز	روز	_	_
305	مره	مره	مره	_	_
306	ما	ما	ما	_	_
307	صرف	صـرفِ	صـرفِ	_	_
308	اتفاقاتی	اتفاقـاتي	اتفاقـاتي	_	_
309	میشودکه	مـيشودکه	مـيشودکه	_	_
310	هنوزرخ	هنـوزرخ	هنـوزرخ	_	_
311	نداده	نـدادِه	نـدادِه	_	_
312	اند	انـد	انـد	_	_
313	و	و	و	_	_
314	ممکن	ممـکِن	ممـکِن	_	_
315	است	اسـ	اسـت	_	_
316	هیچ	هیـچ	هیـچ	_	_
317	وقت	وقـ	وقـت	_	_
318	هم	هم	هم	_	_
319	رخ	رخ	رخ	_	_
320	ندهند	ندهنـد	ندهنـد	_	_
321	!!	!!	!!	_	_
322	یادرمقابل	یادرمقابِل	یادرمقابِل	_	_
323	مروراتفاقاتی	مرورِاِتّفاقاتي	مرورِاِتّفاقاتي	_	_
324	که	کِه	کِه	_	_
325	پیشامده	پیـشامدِه	پیـشامدِه	_	_
326	وتمام	وتما	وتمام	_	_
327	شده	شده	شده	_	_
328	!!	!!	!!	_	_
329	که	که	که	_	_
330	این	ایـن	ایـن	_	_
331	ها		ها	_	_
332	شاید	شایـد	شایـد	_	_
333	حتی	حتّـي	حتّـي	_	_
334	آن	آن	آن	_	_
335	قدر	قدر	قدر	_	_
336	مهم	مه	مهم	_	_
337	هم	هم	هم	_	_
338	نباشند	نبـاشند	نبـاشند	_	_
339	!!	!!	!!	_	_
340	یعنی	یعـني	یعـني	_	_
341	اصلامهم	اصلاًمهِ	اصلاًمهِم	_	_
342	نباشند	نباشـند	نباشـند	_	_
343	!	!	!	_	_
344	مثل	مِثـل	مِثـل	_	_
345	فکر	فِکر	فِکر	_	_
346	کردن	کردن	کردن	_	_
347	به	به	به	_	_
348	این	ایـن	ایـن	_	_
349	که	که	که	_	_
350	فلان	فـِل	فـِلان	_	_
351	شخص	شخـص	شخـص	_	_
352	اگر	اگر	اگر	_	_
353	ما	ما	ما	_	_
354	فلان	فِـل	فِـلان	_	_
355	کار	کار	کار	_	_
356	را	را	را	_	_
357	که	کِه	کِه	_	_
358	به	بِه	بِه	_	_
359	نظرمان	نـظرِ	نـظرِمان	_	_
360	درست	درسـ	درسـت	_	_
361	است	اسـ	اسـت	_	_
362	را	را	را	_	_
363	انجام	انجـا	انجـام	_	_
364	دهیم	دهـ	دهـیم	_	_
365	،	،	،	_	_
366	در	در	در	_	_
367	موردماچه	مـوردماچه	مـوردماچه	_	_
368	فکری	فکـري	فکـري	_	_
369	می	مي	مي	_	_
370	کند	کـند	کـند	_	_
371	!!	!!	!!	_	_
372	چه	چِه	چِه	_	_
373	بسا	بسـا	بسـا	_	_
374	اصلافلان	اصلاًفِل	اصلاًفِلان	_	_
375	شخص	شخـص	شخـص	_	_
376	به	بِه	بِه	_	_
377	ذهنش	ذِهنـ	ذِهنـش	_	_
378	هم	هم	هم	_	_
379	چنین	چِنـ	چِنـین	_	_
380	فکری	فِکري	فِکري	_	_
381	خطورنکند	خـطورنَکنَد	خـطورنَکنَد	_	_
382	!	!	!	_	_
383	یامثلا	یامثلا	یامثلا	_	_
384	فکر	فکر	فکر	_	_
385	کردن	کردن	کردن	_	_
386	به	به	به	_	_
387	اینکه	اینکه	اینکه	_	_
388	اگر	اگر	اگر	_	_
389	فلان	فلان	فلان	_	_
390	چیز	چیز	چیز	_	_
391	گفته	گفتِه	گفتِه	_	_
392	شود	شود	شد	_	_
393	ممکن	ممکـن	ممکـن	_	_
394	است	است		_	_
395	چه	چِه	چِه	_	_
396	اتفاقیبیفتد	اِتفاقيبیفتد	اِتفاقيبیفتد	_	_
397	یا	یا	یا	_	_
398	بقیه	بقیه	بقیه	_	_
399	چه	چِه	چِه	_	_
400	بگویند	بگـویند	بگـویند	_	_
401	!!	!!	!!	_	_
402	یا	یا	یا	_	_
403	مثلا	مـثلاً	مـثلاً	_	_
404	من	مـن	مـن	_	_
405	که	که	که	_	_
406	فلان	فـل	فـلان	_	_
407	کار	کار	کار	_	_
408	را	را	را	_	_
409	کردم	کرد	کرد	_	_
410	آیا	آیا	آیا	_	_
411	بهمان	بهمان	بهمان	_	_
412	شخص	شخـص	شخـص	_	_
413	ازمن	ازمن	ازمن	_	_
414	ناراحت	نـاراح	نـاراحت	_	_
415	شده	شده	شده	_	_
416	یانه	یانه	یانه	_	_
417	؟	؟	؟	_	_
418	گاهی	گاهي	گاهي	_	_
419	با	با	با	_	_
420	یک	یِـك	یِـك	_	_
421	بارپرسیدن	بارپرسـیدن	بارپرسـیدن	_	_
422	ازآن	ازآن	ازآن	_	_
423	شخص	شخـص	شخـص	_	_
424	،	،	،	_	_
425	یاباصحبت	یاباصحب	یاباصحبت	_	_
426	کردن	کردن	کردن	_	_
427	با	با	با	_	_
428	یک	یِـك	یِـك	_	_
429	فرد	فرد	فرد	_	_
430	که	که	که	_	_
431	مطمئنیم	مطمـئنیـ	مطمـئنیـم	_	_
432	مارا	مارا	مارا	_	_
433	دوست	دوست	دوست	_	_
434	دارد	دارد	داشت	_	_
435	و	و	و	_	_
436	همچنین	همچنین	همچنین	_	_
437	از	از	از	_	_
438	دیدگاهمان	دیدگاه	دیدگاه	_	_
439	آگاه	آگاه	آگاه	_	_
440	و	و	و	_	_
441	فهمیده‌است	فهمیده‌اس	فهمید	_	_
442	،	،	،	_	_
443	می	مي	مي	_	_
444	توان	تـو	تـوان	_	_
445	خیلی	خِـیلي	خِـیلي	_	_
446	ازآشفتگی	ازآشـفتگ	ازآشـفتگی	_	_
447	های	هایِ	هایِ	_	_
448	فکری	فِکـري	فِکـري	_	_
449	و	و	و	_	_
450	بسیاری	بـسیاري	بـسیاري	_	_
451	موارد	موارد	موارد	_	_
452	که	که	که	_	_
453	فکرما	فِکرما	فِکرما	_	_
454	را	را	را	_	_
455	مشوش	مشــوّ	مشــوّش	_	_
456	می	مي	مي	_	_
457	کندرها	کندر	کندر	_	_
458	شد	شـد	شـد	_	_
459	؛	؛	؛	_	_
460	خیلیاز	خـیلياز	خـیلياز	_	_
461	مسائل	مسـائل	مسـائل	_	_
462	را	را	را	_	_
463	می	مي	مي	_	_
464	توان	تـو	تـوان	_	_
465	حل	حـل	حـل	_	_
466	کرد	کرد	کرد	_	_
467	و	و	و	_	_
468	به	بِه	بِه	_	_
469	دنبال	دنبـال	دنبـال	_	_
470	آن	آن	آن	_	_
471	میتوانیم	میتوانـ	میتوانـیم	_	_
472	از	از	از	_	_
473	وقتمان	وقتمـ	وقتمـان	_	_
474	مفید	مفید	مفید	_	_
475	تراستفاده	تراستفاده	تراستفاده	_	_
476	کنیم	کنـ	کنـیم	_	_
477	وشادتربه	وشـادتربه	وشـادتربه	_	_
478	زیست	زیـس	زیـست	_	_
479	ن	ن	ن	_	_
480	خود	خود	خود	_	_
481	ادامه	اِدامه	اِدامه	_	_
482	دهیم	دهـ	دهـیم	_	_
483	!!	!!	!!	_	_
484	در	در	در	_	_
485	پارهای	پــارهاي	پــارهاي	_	_
486	ازمسائل	ازمسـائل	ازمسـائل	_	_
487	،	،	،	_	_
488	مشکلزمانی	مشـکلزمـاني	مشـکلزمـاني	_	_
489	رخمی	رخمـي	رخمـي	_	_
490	دهدکه	دَهَدکِه	دَهَدکِه	_	_
491	فعل	فـعل	فـعل	_	_
492	های	هاي	هاي	_	_
493	مرکب	مرکَب	مرکَب	_	_
494	واردکارمیشوند	واردکارمیشـوَند	واردکارمیشـوَند	_	_
495	.	.	.	_	_
496	باید	باید	باید	_	_
497	با	با	با	_	_
498	آنها	آن	آن	_	_
499	چهطور	چِهـطور	چِهـطور	_	_
500	برخورد	برخـورد	برخـورد	_	_
501	کرد	کَرد	کَرد	_	_
502	؟؟	؟؟	؟؟	_	_
503	فعل	فعل	فعل	_	_
504	هایی	هایي	هایي	_	_
505	مانند	مانند	مانند	_	_
506	:	:	:	_	_
507	"	”	”	_	_
508	نگاه	نِگـاه	نِگـاه	_	_
509	کردن	کردن	کردن	_	_
510	،	،	،	_	_
511	صدازدن	صِدازدن	صِدازدن	_	_
512	،	،	،	_	_
513	مشوش	مـشوّ	مـشوّش	_	_
514	شدن	شدن	شدن	_	_
515	و	و	و	_	_
516	…	…	…	_	_
517	"	“	“	_	_
518	.	.	.	_	_
519	در۹خردادنودوهفت	در9خردادنودوهف	در9خردادنودوهفت	_	_
520	(	(	(	_	_
521	۱۳۹۷٫۳.۹	۱۳۹۷.۳.۹	۱۳۹۷.۳.۹	_	_
522	)	)	)	_	_
523	،	،	،	_	_
524	در	در	در	_	_
525	وبلاگی	وِبـلاگي	وِبـلاگي	_	_
526	نوشته	نِوشـته	نِوشـته	_	_
527	بودند	بودند	بود	_	_
528	:	:	:	_	_
529	"	”	”	_	_
530	به	به	به	_	_
531	کلمه	کـلمه	کـلمه	_	_
532	ی	ي	ي	_	_
533	دوم	دو	دوم	_	_
534	درفعل	درفعل	درفعل	_	_
535	مرکب	مرکب	مرکب	_	_
536	"	"	"	_	_
537	همکرد	هـمکرد	هـمکرد	_	_
538	"	"	"	_	_
539	می	می	می	_	_
540	گویند	گـویند	گـویند	_	_
541	.	.	.	_	_
542	مثلا	مثلاً	مثلاً	_	_
543	"	"	"	_	_
544	کردن	کردن	کردن	_	_
545	"	"	"	_	_
546	در	در	در	_	_
547	"	"	"	_	_
548	کار	کار	کار	_	_
549	کردن	کـردن	کـردن	_	_
550	"	"	"	_	_
551	و	و	و	_	_
552	"	"	"	_	_
553	دادن	دادن	دادن	_	_
554	"	"	"	_	_
555	در	در	در	_	_
556	"	"	"	_	_
557	دستوردادن	دسـتوردادن	دسـتوردادن	_	_
558	"	"	"	_	_
559	و	و	و	_	_
560	"	"	"	_	_
561	زدن	زدن	زدن	_	_
562	"	"	"	_	_
563	در	در	در	_	_
564	"	"	"	_	_
565	دست	دست	دست	_	_
566	زدن	زدن	زدن	_	_
567	"	"	"	_	_
568	و	و	و	_	_
569	"	"	"	_	_
570	نمودن	نـمودن	نـمودن	_	_
571	"	"	"	_	_
572	در	در	در	_	_
573	"	"	"	_	_
574	صاف	صـاف	صـاف	_	_
575	نمودن	نمودن	نمودن	_	_
576	"	"	"	_	_
577	اما	امّا	امّا	_	_
578	فعل	فِعـل	فِعـل	_	_
579	های	هاي	هاي	_	_
580	مرکب	مرکّب	مرکّب	_	_
581	درنامه	درنامه	درنامه	_	_
582	های	هاي	هاي	_	_
583	رسمی	رسمـي	رسمـي	_	_
584	واداری	واداري	واداري	_	_
585	و	و	و	_	_
586	شبهرسمی	شبهرسم	شبهرسمی	_	_
587	،	،	،	_	_
588	ظاهرا	ظاهراً	ظاهراً	_	_
589	به	بِه	بِه	_	_
590	دلیل	دلیل	دلیل	_	_
591	زیاده	زیاده	زیاده	_	_
592	روی	رو	روی	_	_
593	دررسمی	دررسـمي	دررسـمي	_	_
594	نوشتن	نوشتن	نوشتن	_	_
595	و	و	و	_	_
596	تفاخرادبی	تفاخرِادبي	تفاخرِادبي	_	_
597	و	و	و	_	_
598	دراصل	دراصل	دراصل	_	_
599	به	به	به	_	_
600	دلیل	دلـیل	دلـیل	_	_
601	ضعف	ضعف	ضعف	_	_
602	نگارش	نگـار	نگـارش	_	_
603	وناآشنا	وناآشـنا	وناآشـنا	_	_
604	یی	یي	یي	_	_
605	با	با	با	_	_
606	فعلها	فعل	فعل	_	_
607	،	،	،	_	_
608	گاهی	گاهي	گاهي	_	_
609	به	بِه	بِه	_	_
610	شکلیناجور	شکـليناجور	شکـليناجور	_	_
611	با	با	با	_	_
612	هم	هم	هم	_	_
613	قاطیمی	قاطیمي	قاطیمي	_	_
614	شوند	شـوند	شـوند	_	_
615	.	.	.	_	_
616	یعنی	یعني	یعني	_	_
617	آقا	آقا	آقا	_	_
618	یاخانم	یاخانمِ	یاخانمِ	_	_
619	نگارنده	نِگـارنده	نِگـارنده	_	_
620	ی	ي	ي	_	_
621	نامه	نامه	نامه	_	_
622	یا	یا	یا	_	_
623	اعلان	اِعـل	اِعـلان	_	_
624	یا	یا	یا	_	_
625	بیانیه	بیانیه	بیانیه	_	_
626	یا	یا	یا	_	_
627	هرچه	هرچه	هرچه	_	_
628	،	،	،	_	_
629	همکرد	هـمکرد	هـمکرد	_	_
630	یک	یك	یك	_	_
631	فعل	فعلِ	فعلِ	_	_
632	مرکب	مرکّـب	مرکّـب	_	_
633	را	را	را	_	_
634	برمی	برمـي	برمـي	_	_
635	دارد	دارد	داشت	_	_
636	ومیگذارد	ومیـگذارد	ومیـگذارد	_	_
637	ته	تهِ	تهِ	_	_
638	دیگری	دیگري	دیگري	_	_
639	و	و	و	_	_
640	واژه	واژه	واژه	_	_
641	ی	ي	ي	_	_
642	دیگر	دیگرِ	دیگرِ	_	_
643	آن	آن	آن	_	_
644	یکی	یـکي	یـکي	_	_
645	فعل	فعل	فعل	_	_
646	مرکب	مرکّب	مرکّب	_	_
647	را	را	را	_	_
648	برمی	برمـ	برمـی	_	_
649	دارد	دارد	داشت	_	_
650	و	و	و	_	_
651	می	می	می	_	_
652	گذارد	گـذارد	گـذارد	_	_
653	سر	سرِ	سرِ	_	_
654	همکرد	همکردِ	همکردِ	_	_
655	دیگری	دیگر	دیگر	_	_
656	؛	؛	؛	_	_
657	یا	یا	یا	_	_
658	اصلا	اصلاً	اصلاً	_	_
659	کل	کل	کل	_	_
660	فعل	فعل	فعل	_	_
661	مرکب	مرکّب	مرکّب	_	_
662	را	را	را	_	_
663	اشتباهی	اشتباهي	اشتباهي	_	_
664	به	به	به	_	_
665	جای	جاي	جاي	_	_
666	فعلی	فعلي	فعلي	_	_
667	دیگر	دیگر	دیگر	_	_
668	به	به	به	_	_
669	کار	کار	کار	_	_
670	می	می	می	_	_
671	برد"	برد”	برد”	_	_
672	.	.	.	_	_
673	معمولاسیستم	معمولاًسیس	معمولاًسیستم	_	_
674	مشخصی	مشخصي	مشخصي	_	_
675	درنوشتن	درنوشتن	درنوشتن	_	_
676	تاریخ	تاریخ	تاریخ	_	_
677	وجودندارد	وجودندارد	وجودندارد	_	_
678	!	!	!	_	_
679	مثلاهمه	مثلاهمه	مثلاهمه	_	_
680	این	این	این	_	_
681	مثال	مثـال	مثـال	_	_
682	ها		ها	_	_
683	بهیک	بهیك	بهیك	_	_
684	تاریخ	تـاریخ	تـاریخ	_	_
685	(	(	(	_	_
686	date	date	date	_	_
687	)	)	)	_	_
688	اشاره	اشاره	اشاره	_	_
689	می	مي	مي	_	_
690	کنند	کنند	کرد	_	_
691	:	:	:	_	_
692	۹۷٫۰۷٫۲۰	97.07.20	97.07.20	_	_
693	،	،	،	_	_
694	۲۰	20	20	_	_
695	مهر	مهر	مهر	_	_
696	نودو	نودو	نودو	_	_
697	هفت	هفت	هفت	_	_
698	،	،	،	_	_
699	بیستم	بیست	بیستم	_	_
700	مهر	مهر	مهر	_	_
701	ماه	ماه	ماه	_	_
702	۹۷	۹۷	۹۷	_	_
703	یا	یا	یا	_	_
704	بیستم	بیست	بیستم	_	_
705	مهرماه	مهرماه	مهرماه	_	_
706	هزاروسیسصد	هزاروسیسـصد	هزاروسیسـصد	_	_
707	و	و	و	_	_
708	نودو	نودو	نودو	_	_
709	هفت	هفت	هفت	_	_
710	!	!	!	_	_
711	این	این	این	_	_
712	قبیل	قبیل	قبیل	_	_
713	فرمت	فرم	فرمت	_	_
714	ها		ها	_	_
715	(	(	(	_	_
716	formats	formats	formats	_	_
717	)	)	)	_	_
718	در	در	در	_	_
719	پاره	پاره	پاره	_	_
720	ای	اي	اي	_	_
721	از	از	از	_	_
722	متن	متن	متن	_	_
723	ها		ها	_	_
724	،	،	،	_	_
725	ارزیابی	ارزیابي	ارزیابي	_	_
726	رادچارمشکل	رادچارمـشکل	رادچارمـشکل	_	_
727	می	مي	مي	_	_
728	کنند	کنند	کرد	_	_
729	!	!	!	_	_
730	دراینصورت	دراینصور	دراینصورت	_	_
731	کاری	کاري	کاري	_	_
732	که	کـه	کـه	_	_
733	ما	ما	ما	_	_
734	به	بِه	بِه	_	_
735	عنوان	عنوانِ	عنوانِ	_	_
736	یک	یِك	یِك	_	_
737	فرد	فردِ	فردِ	_	_
738	متخصص	متخصِص	متخصِص	_	_
739	باید	باید	باید	_	_
740	انجام	انجام	انجام	_	_
741	دهیم	ده	داد	_	_
742	،	،	،	_	_
743	یکگونهسازی	یکگونهسازي	یکگونهسازي	_	_
744	این	این	این	_	_
745	تاریخهاست	تاریخهاسـ	تاریخهاسـت	_	_
746	؛	؛	؛	_	_
747	در	در	در	_	_
748	اینصورت	اینـصور	اینـصورت	_	_
749	هر	هر	هر	_	_
750	زمانکه	زمانکه	زمانکه	_	_
751	هرکدام	هرکدا	هرکدام	_	_
752	ازاین	ازایـن	ازایـن	_	_
753	مواردبیاید	مواردبیاید	مواردبیاید	_	_
754	ما	ما	ما	_	_
755	تشخیص	تشخیص	تشخیص	_	_
756	میدهیم	میده	میدهیم	_	_
757	تاریخ	تاریـخ	تاریـخ	_	_
758	(	(	(	_	_
759	date	date	date	_	_
760	)	)	)	_	_
761	است	است		_	_
762	وآن	وآن	وآن	_	_
763	را	را	را	_	_
764	به	بِه	بِه	_	_
765	یک	یك	یك	_	_
766	شکل	شکل	شکل	_	_
767	در	در	در	_	_
768	میاوریم	میـاور	میـاوریم	_	_
769	،	،	،	_	_
770	مثلا	مثلا	مثلا	_	_
771	همه	همه	همه	_	_
772	را	را	را	_	_
773	به	به	به	_	_
774	شکل	شکل	شکل	_	_
775	"بیستم	”بیس	”بیستم	_	_
776	مهر	مهر	مهر	_	_
777	ماه	ماه	ماه	_	_
778	هزار	هزار	هزار	_	_
779	و	و	و	_	_
780	سیسصدونودوهفت"	سیسـصدونودوهفت“	سیسـصدونودوهفت“	_	_
781	یا	یا	یا	_	_
782	"	”	”	_	_
783	۹۷/۷/۲۰	۹۷/۷/۲۰	۹۷/۷/۲۰	_	_
784	"	”	”	_	_
785	.	.	.	_	_
786	در	در	در	_	_
787	این	این	این	_	_
788	صورت	صور	صورت	_	_
789	شاید	شاید	شاید	_	_
790	شاهد	شاهد	شاهد	_	_
791	کاهش	کاهِ	کاهِش	_	_
792	بیش	بی	بیش	_	_
793	از	از	از	_	_
794	.	.	.	_	_
795	۱	1	1	_	_
796	از	از	از	_	_
797	مشکلات	مشـکل	مشـکلات	_	_
798	در	در	در	_	_
799	پردازش	پردازش	پردازش	_	_
800	متنشویم	متنـشو	متنـشویم	_	_
801	!!!	!!!	!!!	_	_
802	از	از	از	_	_
803	یک	یِك	یِك	_	_
804	دید	دید	دید	_	_
805	گاه	گاه	گاه	_	_
806	میگویند	میـگویند	میـگویند	_	_
807	برای	براي	براي	_	_
808	ترقی	ترقّي	ترقّي	_	_
809	،	،	،	_	_
810	پیش	پی	پیش	_	_
811	رفت	رف	رفت	_	_
812	و	و	و	_	_
813	رشد	رشد	رشد	_	_
814	،	،	،	_	_
815	باید	باید	باید	_	_
816	دائما	دائماً	دائماً	_	_
817	به	به	به	_	_
818	مکان	مکـ	مکـان	_	_
819	های	هایِ	هایِ	_	_
820	جدید	جدید	جدید	_	_
821	رفت	رف	رفت	_	_
822	وباافراد	وباافراد	وباافراد	_	_
823	جدید	جدید	جدید	_	_
824	آشنا	آشـنا	آشـنا	_	_
825	شد	شد	شد	_	_
826	؛	؛	؛	_	_
827	از	از	از	_	_
828	جهاتی	جهاتي	جهاتي	_	_
829	درست	درس	درست	_	_
830	است	است		_	_
831	،	،	،	_	_
832	مثلا	مثـلاً	مثـلاً	_	_
833	فرض	فرض	فرض	_	_
834	کنید	کنید	کرد	_	_
835	شما	شما	شما	_	_
836	تاسال	تاسال	تاسال	_	_
837	یان		یان	_	_
838	سال	سال	سال	_	_
839	فقطدرخانه	فقطدرخانِه	فقطدرخانِه	_	_
840	باشیدوبا	باشیدوبا	باشیدوبا	_	_
841	تنها	تنها	تنها	_	_
842	کسانی	کسـاني	کسـاني	_	_
843	که	که	که	_	_
844	ارتباط	ارتبـاط	ارتبـاط	_	_
845	برقرار	برقرار	برقرار	_	_
846	می	مي	مي	_	_
847	کنید	کنـید	کنـید	_	_
848	خانواده	خانواده	خانواده	_	_
849	تان		تان	_	_
850	باشد	باشد	بود	_	_
851	!!!	!!!	!!!	_	_
852	در	در	در	_	_
853	اینصورت	اینصـور	اینصـورت	_	_
854	تنها	تنها	تنها	_	_
855	طیف	طیف	طیف	_	_
856	اخلاقی	اخـلاقي	اخـلاقي	_	_
857	آن	آن	آن	_	_
858	ها		ها	_	_
859	را	را	را	_	_
860	میبینید	میبیـنید	میبیـنید	_	_
861	،	،	،	_	_
862	در	در	در	_	_
863	صورتی	صـورتي	صـورتي	_	_
864	که	که	که	_	_
865	شاید	شاید	شاید	_	_
866	اینهاکمتراز	اینـهاکمـتراز	اینـهاکمـتراز	_	_
867	۰٫۰۰۱	0.001	0.001	_	_
868	جامعه	جامـعه	جامـعه	_	_
869	باشند	باشـند	باشـند	_	_
870	!!	!!	!!	_	_
871	با	با	با	_	_
872	منش	منـ	منـش	_	_
873	های	هاي	هاي	_	_
874	جدیدوخلقو	جدیدوخلقـو	جدیدوخلقـو	_	_
875	خو	خو	خو	_	_
876	های	هاي	هاي	_	_
877	متنوعی	متنوّعي	متنوّعي	_	_
878	آشنا	آشنا	آشنا	_	_
879	نمیشودید	نِمیـشودید	نِمیـشودید	_	_
880	در	در	در	_	_
881	نتیجه	نتیجه	نتیجه	_	_
882	شاید	شاید	شاید	_	_
883	فکر	فِکر	فِکر	_	_
884	کنید	کنید	کرد	_	_
885	همین	همـ	همـین	_	_
886	گونه	گونه	گونه	_	_
887	که	کِه	کِه	_	_
888	هستیدایده	هستیدایده	هستیدایده	_	_
889	آل	آل	آل	_	_
890	ترین	تر	تر	_	_
891	است	است		_	_
892	و	و	و	_	_
893	همه	همه	همه	_	_
894	چیزخوب	چیزخوب	چیزخوب	_	_
895	است	است		_	_
896	!	!	!	_	_
897	!	!	!	_	_
898	ساعت	ساعت	ساعت	_	_
899	۸:۲۰	8:20	8:20	_	_
900	صبح	صبـح	صبـح	_	_
901	بود	بود	بود	_	_
902	؛	؛	؛	_	_
903	نغمه	نغمه	نغمه	_	_
904	ی	ي	ي	_	_
905	زیبای	زیبایِ	زیبایِ	_	_
906	موسیقی	موسیقـي	موسیقـي	_	_
907	ای	اي	اي	_	_
908	ازپنجرهء	ازپنجرهء	ازپنجرهء	_	_
909	پشتی	پشتـي	پشتـي	_	_
910	میامد	میامد	میامد	_	_
911	.	.	.	_	_
912	برایم	برای	برای	_	_
913	مسأله	مسأله	مسأله	_	_
914	شده	شـده	شـده	_	_
915	بود	بود	بود	_	_
916	که	کِه	کِه	_	_
917	به	بِه	بِه	_	_
918	این	این	این	_	_
919	زیبایی	زیبـا	زیبـایی	_	_
920	و	و	و	_	_
921	دقت	دقّت	دقّت	_	_
922	،	،	،	_	_
923	چه	چِه	چِه	_	_
924	کسی	کسـي	کسـي	_	_
925	سنتور	سنـتور	سنـتور	_	_
926	مینوازد	مـینوازد	مـینوازد	_	_
927	.	.	.	_	_
928	ساعت	ساعت	ساعت	_	_
929	نه	نه	نه	_	_
930	و	و	و	_	_
931	۵۰	۵۰	۵۰	_	_
932	دقیقه	دقیقه	دقیقه	_	_
933	شد	شد	شد	_	_
934	.	.	.	_	_
935	همچنان	همچِن	همچِنان	_	_
936	صدای	صِداي	صِداي	_	_
937	دل	دِل	دِل	_	_
938	نواز	نواز	نواز	_	_
939	ساز	ساز	ساز	_	_
940	میامد	میامد	میامد	_	_
941	.	.	.	_	_
942	ساعت	ساعت	ساعت	_	_
943	۱۰	10	10	_	_
944	و	و	و	_	_
945	پنجاه	پنجاه	پنجاه	_	_
946	و	و	و	_	_
947	پنج	پنج	پنج	_	_
948	دقیقه	دقیقه	دقیقه	_	_
949	شد	شد	شد	_	_
950	و	و	و	_	_
951	باز	باز	باز	_	_
952	همچنان	همچنان	همچنان	_	_
953	صدا	صدا	صدا	_	_
954	می	می	می	_	_
955	آمد	آمد	آمد	_	_
956	.	.	.	_	_
957	بسیار	بسیـار	بسیـار	_	_
958	مسلط	مسلّط	مسلّط	_	_
959	بود	بود	بود	_	_
960	.	.	.	_	_
961	دیگر	دیگر	دیگر	_	_
962	طاقت	طاق	طاقت	_	_
963	صبر	صبر	صبر	_	_
964	کردن	کردن	کردن	_	_
965	نداشتم	ندا	داشت	_	_
966	!!	!!	!!	_	_
967	دلرابه	دلــرابِه	دلــرابِه	_	_
968	دریا	دریا	دریا	_	_
969	زدم	زد	زد	_	_
970	و	و	و	_	_
971	رفتم	رف	رفت	_	_
972	در	در	در	_	_
973	خانه	خانِه	خانِه	_	_
974	شان	شان	شان	_	_
975	؛	؛	؛	_	_
976	در	در	در	_	_
977	باز	باز	باز	_	_
978	بود	بود	بود	_	_
979	.	.	.	_	_
980	خانم	خانمِ	خانمِ	_	_
981	میانسالی	میانسالي	میانسالي	_	_
982	بادامن	بادامن	بادامن	_	_
983	گلداری	گلداري	گلداري	_	_
984	که	کِه	کِه	_	_
985	رنگ	رنگ	رنگ	_	_
986	و	و	و	_	_
987	لعابش	لعاب	لعاب	_	_
988	هم	هم	هم	_	_
989	کمی	کمي	کمي	_	_
990	رفتهبود	رفتهبود	رفتهبود	_	_
991	،	،	،	_	_
992	و	و	و	_	_
993	چهرهء	چهرهء	چهرهء	_	_
994	گنمدمگونی	گنمدمگون	گنمدمگونی	_	_
995	که	که	که	_	_
996	سر	سر	سر	_	_
997	لپ	لپ	لپ	_	_
998	هایش		هایش	_	_
999	نیز	نیز	نیز	_	_
1000	گل	گل	گل	_	_
1001	انداخته‌بود	انداخته‌بود	انداخت	_	_
1002	،	،	،	_	_
1003	طوری	طــوري	طــوري	_	_
1004	باذوق	باذوق	باذوق	_	_
1005	و	و	و	_	_
1006	هیجان	هیجان	هیجان	_	_
1007	بر	بر	بر	_	_
1008	سیمها	سیم	سیم	_	_
1009	میکوبید	میکوبـید	میکوبـید	_	_
1010	،	،	،	_	_
1011	که	که	که	_	_
1012	انگار	انگار	انگار	_	_
1013	بار	بار	بار	_	_
1014	اولیست	اولیـس	اولیـست	_	_
1015	که	که	که	_	_
1016	آدم	آدم	آدم	_	_
1017	چیزی	چیـزي	چیـزي	_	_
1018	را	را	را	_	_
1019	یاد	یاد	یاد	_	_
1020	گرفته	گِرِفته	گِرِفته	_	_
1021	و	و	و	_	_
1022	میخواهد	میخواهد	میخواهد	_	_
1023	با	با	با	_	_
1024	ذوق	ذوق	ذوق	_	_
1025	برای	برای	برای	_	_
1026	عزیزی	عزیز	عزیزی	_	_
1027	بنوازد	بِنـوازد	بِنـوازد	_	_
1028	؛	؛	؛	_	_
1029	مثل	مثل	مثل	_	_
1030	زمانی	زمان	زمان	_	_
1031	که	که	که	_	_
1032	برای	برای	برای	_	_
1033	بار	بار	بار	_	_
1034	اول	اول	اول	_	_
1035	خواندن	خواندن	خواندن	_	_
1036	یا	یا	یا	_	_
1037	گرفته‌بودم	گرفته‌بود	گرفت	_	_
1038	و	و	و	_	_
1039	با	با	با	_	_
1040	ذوق	ذوق	ذوق	_	_
1041	کتاب	کتاب	کتاب	_	_
1042	های		های	_	_
1043	مختلف	مختلف	مختلف	_	_
1044	را	را	را	_	_
1045	برگ	برگ	برگ	_	_
1046	میزدم	میزد	میزدم	_	_
1047	و	و	و	_	_
1048	برای	برای	برای	_	_
1049	پدر	پدر	پدر	_	_
1050	مادرم	مادر	مادر	_	_
1051	میخواندم	میخواند	میخواندم	_	_
1052	.	.	.	_	_
1053	به	بِه	بِه	_	_
1054	خودم	خود	خودم	_	_
1055	آمدم	آمد	آمد	_	_
1056	دیدم	دیـد	دیـدم	_	_
1057	ساعت	ساعت	ساعت	_	_
1058	۱۲	۱۲	۱۲	_	_
1059	و	و	و	_	_
1060	۵۵	۵۵	۵۵	_	_
1061	دقیقه	دقیـقه	دقیـقه	_	_
1062	شده	شـدِه	شـدِه	_	_
1063	بود	بود	بود	_	_
1064	و	و	و	_	_
1065	من	من	من	_	_
1066	همچنان	همچِنـ	همچِنـان	_	_
1067	آنجا	آنجا	آنجا	_	_
1068	ایستاده	ایستـاده	ایستـاده	_	_
1069	بودم	بود	بود	_	_
1070	.	.	.	_	_
1071	.	.	.	_	_
1072	یعنی	یعني	یعني	_	_
1073	بیش	بیـ	بیـش	_	_
1074	از	از	از	_	_
1075	.	.	.	_	_
1076	۱۲	12	12	_	_
1077	از	از	از	_	_
1078	یک	یِك	یِك	_	_
1079	روز	روزِ	روزِ	_	_
1080	خود	خود	خود	_	_
1081	را	را	را	_	_
1082	!!	!!	!!	_	_
1083	از	از	از	_	_
1084	دیر	دیـر	دیـر	_	_
1085	باز	باز	باز	_	_
1086	تا	تا	تا	_	_
1087	کنون	کنون	کنون	_	_
1088	،	،	،	_	_
1089	بازی	بازي	بازي	_	_
1090	های	هاي	هاي	_	_
1091	زیادی	زیادي	زیادي	_	_
1092	وجود	وجود	وجود	_	_
1093	داشته	داشـته	داشـته	_	_
1094	که	که	که	_	_
1095	یکی	یِـکي	یِـکي	_	_
1096	از	از	از	_	_
1097	موردهای	موردهاي	موردهاي	_	_
1098	جذاب	جـذّابِ	جـذّابِ	_	_
1099	آن	آن	آن	_	_
1100	،	،	،	_	_
1101	بازی	بازي	بازي	_	_
1102	هایی	هایـي	هایـي	_	_
1103	بوده	بوده	بوده	_	_
1104	که	که	که	_	_
1105	یک	یك	یك	_	_
1106	متن	متن	متن	_	_
1107	نوشته	نوشته	نوشته	_	_
1108	میشد	میـشد	میـشد	_	_
1109	که	که	که	_	_
1110	در	در	در	_	_
1111	نگاه	نگاه	نگاه	_	_
1112	اول	اوّل	اوّل	_	_
1113	به	به	به	_	_
1114	راحتی	راحتي	راحتي	_	_
1115	قابل	قابِـل	قابِـل	_	_
1116	خواندن	خواندن	خواندن	_	_
1117	نیست	نیست	نیست	_	_
1118	؛	؛	؛	_	_
1119	مثلا	مثـلاً	مثـلاً	_	_
1120	"	“	“	_	_
1121	صدیقه	صدیقه	صدیقه	_	_
1122	صدیقه	صـدیقه	صـدیقه	_	_
1123	را	را	را	_	_
1124	دوخت	دوخت	دوخت	_	_
1125	علی	عَلي	عَلي	_	_
1126	علی	عَلي	عَلي	_	_
1127	علی	عَلي	عَلي	_	_
1128	علی	عَلي	عَلي	_	_
1129	علی	عَلي	عَلي	_	_
1130	او	او	او	_	_
1131	را	را	را	_	_
1132	فروخت	فروخــ	فروخــت	_	_
1133	!!	!!	!!	_	_
1134	"	”	”	_	_
1135	که	که	که	_	_
1136	میشود	میـــشَود	میـــشَود	_	_
1137	"صدیقه	“صِدیقه	“صِدیقه	_	_
1138	صد	صَد	صَد	_	_
1139	یقه	یَقِه	یَقِه	_	_
1140	را	را	را	_	_
1141	دوخت	دوخت	دوخت	_	_
1142	،	،	،	_	_
1143	پنج	پَنج	پَنج	_	_
1144	علی	عَلي	عَلي	_	_
1145	او	او	او	_	_
1146	را	را	را	_	_
1147	فروخت	فروخ	فروخت	_	_
1148	!	!	!	_	_
1149	"	”	”	_	_
1150	یا	یا	یا	_	_
1151	مثلا	مثلاً	مثلاً	_	_
1152	"	“	“	_	_
1153	دراین	درا	دراین	_	_
1154	درگه	درگــه	درگــه	_	_
1155	که	که	که	_	_
1156	گهگه	گــهگه	گــهگه	_	_
1157	کهکه	کــهکــه	کــهکــه	_	_
1158	که	که	که	_	_
1159	که	کــه	کــه	_	_
1160	شودناگه	شودناگه	شودناگه	_	_
1161	،	،	،	_	_
1162	مشوغره	مشوغرّه	مشوغرّه	_	_
1163	به	به	به	_	_
1164	امروزت	امروز	امروز	_	_
1165	که	که	که	_	_
1166	ازفردانهی	ازفردانهي	ازفردانهي	_	_
1167	آگه	آگه	آگه	_	_
1168	!!	!!	!!	_	_
1169	"	“	“	_	_
1170	که	که	که	_	_
1171	میشود	میشَود	میشَود	_	_
1172	:	:	:	_	_
1173	"	“	“	_	_
1174	در	در	در	_	_
1175	این	این	این	_	_
1176	درگه	دَرگَه	دَرگَه	_	_
1177	که	کِه	کِه	_	_
1178	گه	گَه	گَه	_	_
1179	گه	گَه	گَه	_	_
1180	،	،	،	_	_
1181	که	کَه	کَه	_	_
1182	که	کُهُ	کُهُ	_	_
1183	که	کُه	کُه	_	_
1184	که	کَه	کَه	_	_
1185	شود	شود	شد	_	_
1186	ناگه	ناگَه	ناگَه	_	_
1187	،	،	،	_	_
1188	مشوغره	مشوغَرّه	مشوغَرّه	_	_
1189	به	به	به	_	_
1190	امروزت	اِمروزَ	اِمروزَت	_	_
1191	که	کِه	کِه	_	_
1192	ازفردانهی	ازفردانِهي	ازفردانِهي	_	_
1193	آگه	آگَه	آگَه	_	_
1194	!!	!!	!!	_	_
1195	"	”	”	_	_
1196	.	.	.	_	_
1197	به	به	به	_	_
1198	عنوان	عنوانِ	عنوانِ	_	_
1199	آخرین	آخر	آخرین	_	_
1200	مثال	مِثــال	مِثــال	_	_
1201	"	"	"	_	_
1202	در	در	در	_	_
1203	لرستان	لرســ	لرســتان	_	_
1204	نه	نه	نه	_	_
1205	لرندوهرلری	لرندوهرلري	لرندوهرلري	_	_
1206	نه	نه	نه	_	_
1207	نره	نره	نره	_	_
1208	لرنره	لرنره	لرنره	_	_
1209	لرچهنره	لرچهنره	لرچهنره	_	_
1210	لر	لر	لر	_	_
1211	،	،	،	_	_
1212	هرنره	هرنره	هرنره	_	_
1213	لرنه	لرنــه	لرنــه	_	_
1214	نره	نــره	نــره	_	_
1215	لر"	لر”	لر”	_	_
1216	،	،	،	_	_
1217	که	که	که	_	_
1218	درست	درسـ	درسـت	_	_
1219	آن	آن	آن	_	_
1220	میشود	میشود	میشود	_	_
1221	:	:	:	_	_
1222	"در	“در	“در	_	_
1223	لرستان	لُرستــ	لُرستــان	_	_
1224	نه	نُه	نُه	_	_
1225	لرند	لُرَند	لُرَند	_	_
1226	و	و	و	_	_
1227	هر	هر	هر	_	_
1228	لری	لُـري	لُـري	_	_
1229	نه	نُه	نُه	_	_
1230	نره	نَرِه	نَرِه	_	_
1231	لر	لُـر	لُـر	_	_
1232	،	،	،	_	_
1233	نره	نَرِه	نَرِه	_	_
1234	لر	لُر	لُر	_	_
1235	چه	چِه	چِه	_	_
1236	نره	نَرِه	نَرِه	_	_
1237	لر	لُـر	لُـر	_	_
1238	،	،	،	_	_
1239	هر	هر	هر	_	_
1240	نره	نَـرِه	نَـرِه	_	_
1241	لر	لُر	لُر	_	_
1242	،	،	،	_	_
1243	نه	نُه	نُه	_	_
1244	نره	نَرِه	نَرِه	_	_
1245	لر"	لُر”	لُر”	_	_
1246	؛	؛	؛	_	_
1247	در	در	در	_	_
1248	این	این	این	_	_
1249	نمونه	نِـمونه	نِـمونه	_	_
1250	ها		ها	_	_
1251	علاوه	عـلاوِه	عـلاوِه	_	_
1252	بر	بر	بر	_	_
1253	اینکه	اینـکه	اینـکه	_	_
1254	بیش	بی	بیش	_	_
1255	از	از	از	_	_
1256	.	.	.	_	_
1257	۵	5	5	_	_
1258	از	اَز	اَز	_	_
1259	انسانها	اِنـسانــ	اِنـسانــها	_	_
1260	اشتباه	اِشتِــباه	اِشتِــباه	_	_
1261	میخوانند	میــخوانَند	میــخوانَند	_	_
1262	،	،	،	_	_
1263	برای	بَراي	بَراي	_	_
1264	سیستم	سیــس	سیــستم	_	_
1265	های	هاي	هاي	_	_
1266	اصلاح	اصلاحِ	اصلاحِ	_	_
1267	خودکار	خودکار	خودکار	_	_
1268	،	،	،	_	_
1269	در	در	در	_	_
1270	حالت	حالتِ	حالتِ	_	_
1271	عدم	عدمِ	عدمِ	_	_
1272	رعایت	رعایتِ	رعایتِ	_	_
1273	فاصله	فاصــله	فاصــله	_	_
1274	و	و	و	_	_
1275	نیم	نی	نیم	_	_
1276	فاصله	فاصِــله	فاصِــله	_	_
1277	،	،	،	_	_
1278	کار	کار	کار	_	_
1279	بسیار	بسیار	بسیار	_	_
1280	دشوار	دشوار	دشوار	_	_
1281	میشود	میــشَود	میــشَود	_	_
1282	.	.	.	_	_
1283	*****	*****	*****	_	_
1284	کارورزیده	کارورزیده	کارورزیده	_	_
1285	کاراموزانشان	کاراموزان	کاراموزانشان	_	_
1286	گواهینامه	گواهینامه	گواهینامه	_	_
1287	هایشانید	هایشانید	هایشانید	_	_
1288	نارس	نارس	نارس	_	_
1289	ترین	تر	تر	_	_
1290	بپاخواستگان	بپاخواستگ	بپاخواستگان	_	_
1291	دردمندیهایش	دردمندی	دردمندیهایش	_	_
1292	بت	بت	بت	_	_
1293	شکنانید	شکنانید	شکنانید	_	_
1294	همه	همه	همه	_	_
1295	فن	فن	فن	_	_
1296	حریفان	حریف	حریف	_	_
1297	همه	همه	همه	_	_
1298	کاره	کاره	کاره	_	_
1299	یید	یید	یید	_	_
1300	همه	همه	همه	_	_
1301	کس	کس	کس	_	_
1302	شناس	شناس	شناس	_	_
1303	همه	همه	همه	_	_
1304	جا	جا	جا	_	_
1305	گرد	گرد	گرد	_	_
1306	خسته	خسته	خسته	_	_
1307	ترین	تر	تر	_	_
1308	هایشانیم	هایشان	هایشانیم	_	_
1309	افسرده	افسرده	افسرده	_	_
1310	ترین	تر	تر	_	_
1311	هایشانید	هایشانید	هایشانید	_	_
1312	نالان	نال	نالان	_	_
1313	ترین	تر	تر	_	_
1314	کتاب	کتاب	کتاب	_	_
1315	دارتان	دار	دار	_	_
1316	کتاب	کتاب	کتاب	_	_
1317	خانه	خانه	خانه	_	_
1318	هایم		هایم	_	_
1319	بپاسخواسته	بپاسخواسته	بپاسخواسته	_	_
1320	اند	اند	اند	_	_
1321	میخواهد	میخواهد	میخواهد	_	_
1322	بیاراید	بیاراید	بیاراید	_	_
1323	خواستنی	خواستن	خواستنی	_	_
1324	ترین	تر	تر	_	_
1325	کم	کم	کم	_	_
1326	روترینید	روترینید	روترینید	_	_
1327	پررونق	پررونق	پررونق	_	_
1328	تر	تر	تر	_	_
1329	درآشفته	درآشفته	درآشفته	_	_
1330	ترین	تر	تر	_	_
1331	معدنچیان	معدنچی	معدنچی	_	_
1332	یکدستی	یکدست	یکدستی	_	_
1333	آتشفشانان	آتشفشان	آتشفشانان	_	_
1334	خلبانهایتانند	خلبانهایتانند	خلبانهایتانند	_	_
1335	ناخداهایشانید	ناخداهایشانید	ناخداهایشانید	_	_
1336	نامردمانتان	نامردمان	نامردمانتان	_	_
1337	ناشکری	ناشکر	ناشکر	_	_
1338	هایمان		هایمان	_	_
1339	آهنچیان	آهنچ	آهنچیان	_	_
1340	آهنین	آهن	آهنین	_	_
1341	پنجه	پنجه	پنجه	_	_
1342	آتشکدگان	آتشکدگ	آتشکدگان	_	_
1343	آزرده	آزرده	آزرده	_	_
1344	خاطر	خاطر	خاطر	_	_
1345	فرومایگان	فرومایگ	فرومایگان	_	_
1346	پاکدلانیم	پاکدلان	پاکدلانیم	_	_
1347	فروپاشیدگان	فروپاشیدگ	فروپاشیدگان	_	_
1348	ناایستاترین	ناایستا	ناایستاترین	_	_
1349	بی	بی	بی	_	_
1350	شیله	شیله	شیله	_	_
1351	پیلگان	پیلگ	پیلگان	_	_
1352	لب	لب	لب	_	_
1353	ریز	ریز	ریز	_	_
1354	دهان	ده	دهان	_	_
1355	گشاد	گشاد	گشاد	_	_
1356	دهان	ده	دهان	_	_
1357	لقان	لق	لق	_	_
1358	نرفتگان	نرفتگ	نرفتگان	_	_
1359	نرو	نرو	رفت	_	_
1360	ترین	تر	تر	_	_
1361	یکرنگ	یکرنگ	یکرنگ	_	_
1362	ترین	تر	تر	_	_
1363	سبک	سبک	سبک	_	_
1364	باران	بار	باران	_	_
1365	گرانقدر	گرانقدر	گرانقدر	_	_
1366	گران	گر	گران	_	_
1367	بهاترین	بها	بها	_	_
1368	گران	گر	گران	_	_
1369	مایگان	مایگ	مایگان	_	_
1370	چشم	چشم	چشم	_	_
1371	تنگان	تنگ	تنگ	_	_
1372	دل	دل	دل	_	_
1373	نازک	نازک	نازک	_	_
1374	ترین	تر	تر	_	_
1375	سنگ	سنگ	سنگ	_	_
1376	دلانید	دلانید	دلانید	_	_
1377	بی	بی	بی	_	_
1378	خیالان	خیال	خیال	_	_
1379	بی	بی	بی	_	_
1380	رنگ	رنگ	رنگ	_	_
1381	ترینانید	ترینانید	ترینانید	_	_
1382	آراسته	آراسته	آراسته	_	_
1383	ترینانید	ترینانید	ترینانید	_	_
1384	شاخ	شاخ	شاخ	_	_
1385	شمشاد	شمشاد	شمشاد	_	_
1386	نازک	نازک	نازک	_	_
1387	نشمین	ن	نشمین	_	_
1388	گندمگون	گندمگون	گندمگون	_	_
1389	نیکو	نیکو	نیکو	_	_
1390	سرشت	سرشت	سرشت	_	_
1391	فراخ	فراخ	فراخ	_	_
1392	بال	بال	بال	_	_
1393	تنگ	تنگ	تنگ	_	_
1394	دستی	دست	دست	_	_
1395	تنگ	تنگ	تنگ	_	_
1396	نظرانند	نظرانند	نظرانند	_	_
1397	نیک	نیک	نیک	_	_
1398	بینانشانید	بینانشانید	بینانشانید	_	_
1399	نیک	نیک	نیک	_	_
1400	سرشتانشانید	سرشتانشانید	سرشتانشانید	_	_
1401	نیک	نیک	نیک	_	_
1402	اندیشانشانند	اندیشانشانند	اندیشانشانند	_	_
