0	به	به	به	_	_
1	نام	نا	نام	_	_
2	خدا	خدا	خدا	_	_
3	روزی	روز	روز	_	_
4	روزگاری	روزگار	روزگار	_	_
5	سگ	سگ	سگ	_	_
6	سنگی	سنگ	سنگ	_	_
7	را	را	را	_	_
8	بلند	بلند	بلند	_	_
9	کرد	کرد	کرد	_	_
10	و	و	و	_	_
11	با	با	با	_	_
12	پوزه	پوزه	پوزه	_	_
13	خود	خود	خود	_	_
14	به	به	به	_	_
15	این	این	این	_	_
16	ور	ور	ور	_	_
17	و	و	و	_	_
18	آن	آن	آن	_	_
19	ور	ور	ور	_	_
20	پر	پر	پر	_	_
21	تاب	تاب	تاب	_	_
22	میکرد	میکرد	میکرد	_	_
23	من	من	من	_	_
24	که	که	که	_	_
25	زنم	زن	زد	_	_
26	در	در	در	_	_
27	کنار	کنار	کنار	_	_
28	م		م	_	_
29	ایستادﺓ	ايستادﺓ	ايستادﺓ	_	_
30	بود	بود	بود	_	_
31	و	و	و	_	_
32	گزی	گزي	گزي	_	_
33	در	در	در	_	_
34	دستم	دست	دست	_	_
35	بود	بود	بود	_	_
36	بﺓ	بﺓ	بﺓ	_	_
37	سگ	سگ	سگ	_	_
38	زنگین	زنگين	زنگين	_	_
39	رنگ	رنگ	رنگ	_	_
40	آشت	آش	آش	_	_
41	را	را	را	_	_
42	تعارف	تعارف	تعارف	_	_
43	کردم	کرد	کرد	_	_
44	او	او	او	_	_
45	که	که	که	_	_
46	از	از	از	_	_
47	این	اين	اين	_	_
48	کار	كار	كار	_	_
49	آتشین	آتش	آتشین	_	_
50	شده‌بود	شده‌بود	شد	_	_
51	بﺓ	بﺓ	بﺓ	_	_
52	ﺓمه	ﺓمه	ﺓمه	_	_
53	ی	ي	ي	_	_
54	کاخ	كاخ	كاخ	_	_
55	نشینان	نشین	نشینان	_	_
56	فریاد	فریاد	فریاد	_	_
57	برد	برد	برد	_	_
58	و	و	و	_	_
59	خودش	خود	خودش	_	_
60	را	را	را	_	_
61	پاک	پاک	پاک	_	_
62	کرد	کرد	کرد	_	_
63	و	و	و	_	_
64	هوایی	هوایي	هوایي	_	_
65	شده	شده	شده	_	_
66	و	و	و	_	_
67	به	به	به	_	_
68	دشت	دش	دشت	_	_
69	آﺓوان	آﺓو	آﺓوان	_	_
70	زد	زد	زد	_	_
71	.	.	.	_	_
72	پتو	پتو	پتو	_	_
73	دور	دور	دور	_	_
74	او	او	او	_	_
75	نبود	نبود	بود	_	_
76	و	و	و	_	_
77	توپش	توپ	توپ	_	_
78	را	را	را	_	_
79	در	در	در	_	_
80	دستم	دست	دست	_	_
81	داشتم	داش	داشت	_	_
82	از	از	از	_	_
83	شﺓر	شﺓر	شﺓر	_	_
84	شهرری	شهرری	شهرری	_	_
85	راحت	راح	راحت	_	_
86	شده‌بودم	شده‌بود	شد	_	_
87	و	و	و	_	_
88	ریش	ری	ریش	_	_
89	گذاشته‌بودم	گذاشته‌بود	گذاشت	_	_
90	شیری	شیر	شیر	_	_
91	شیرین	شیر	شیرین	_	_
92	و	و	و	_	_
93	دلپذیر	دلپذیر	دلپذیر	_	_
94	در	در	در	_	_
95	مقابل	مقابل	مقابل	_	_
96	آن	آن	آن	_	_
97	شیر	شیر	شیر	_	_
98	قرار	قرار	قرار	_	_
99	داشت	داش	داشت	_	_
100	اما	اما	اما	_	_
101	فک	فک	فک	_	_
102	های		های	_	_
103	دریایی	دریا	دریا	_	_
104	شک	شک	شک	_	_
105	کردﺓ	کردﺓ	کردﺓ	_	_
106	بودند	بودند	بود	_	_
107	.	.	.	_	_
108	کفی	کفي	کفي	_	_
109	کفش	کف	کفش	_	_
110	من	من	من	_	_
111	ﺓم	ﺓ	ﺓم	_	_
112	کاشف	کاشف	کاشف	_	_
113	اکتشافات	اکتشاف	اکتشافات	_	_
114	یک	يک	يک	_	_
115	کشف	کشف	کشف	_	_
116	بزرگ	بزرگ	بزرگ	_	_
117	که	که	که	_	_
118	در	در	در	_	_
119	سر	سر	سر	_	_
120	و	و	و	_	_
121	ر	ر	ر	_	_
122	خ	خ	خ	_	_
123	و	و	و	_	_
124	سینه	سینه	سینه	_	_
125	و	و	و	_	_
126	غیره‌ی	غیره‌ي	غیره‌ي	_	_
127	سرخ	سرخ	سرخ	_	_
128	منبه	منبه	منبه	_	_
129	کرات	کر	کرات	_	_
130	نمایان	نماي	نمايان	_	_
131	بود	بود	بود	_	_
132	.	.	.	_	_
133	خرسی	خرس	خرس	_	_
134	بدذات	بدذات	بدذات	_	_
135	به	به	به	_	_
136	دل	دل	دل	_	_
137	آب	آب	آب	_	_
138	زد	زد	زد	_	_
139	و	و	و	_	_
140	.	.	.	_	_
141	.	.	.	_	_
142	.	.	.	_	_
143	با	با	با	_	_
144	باد	باد	باد	_	_
145	ﺓمراﺓ	ﺓمراﺓ	ﺓمراﺓ	_	_
146	شد	شد	شد	_	_
147	!	!	!	_	_
148	.	.	.	_	_
149	.	.	.	_	_
150	ادبیاتکه	ادبیاتکه	ادبیاتکه	_	_
151	تا	تا	تا	_	_
152	ابد	ابد	ابد	_	_
153	چین	چين	چين	_	_
154	دار	دار	دار	_	_
155	و	و	و	_	_
156	استاد	استاد	استاد	_	_
157	حفظ	حفظ	حفظ	_	_
158	و	و	و	_	_
159	حافظه	حافظه	حافظه	_	_
160	منافع	منافع	منافع	_	_
161	مورد	مورد	مورد	_	_
162	حفاظت	حفاظ	حفاظت	_	_
163	دانشجواست	دانشجواس	دانشجواست	_	_
164	،	،	،	_	_
165	پریان	پري	پريان	_	_
166	پیرین	پیر	پیر	_	_
167	همکه	همکه	همکه	_	_
168	پنیر	پنير	پنير	_	_
169	را	را	را	_	_
170	برداشته	برداشته	برداشته	_	_
171	و	و	و	_	_
172	شنا	شنا	شنا	_	_
173	کنان	کن	کن	_	_
174	با	با	با	_	_
175	آشنایی	آشناي	آشنايی	_	_
176	به	به	به	_	_
177	مزه	مزه	مزه	_	_
178	،	،	،	_	_
179	آن	آن	آن	_	_
180	را	را	را	_	_
181	لیمو	لیمو	لیمو	_	_
182	زدند	زدند	زد	_	_
183	.	.	.	_	_
184	آنها	آن	آن	_	_
185	میل	ميل	ميل	_	_
186	به	به	به	_	_
187	لی	لي	لي	_	_
188	مو	مو	مو	_	_
189	نداشتند	نداشتند	داشت	_	_
190	اما	اما	اما	_	_
191	سایه	سایه	سایه	_	_
192	ﺓای	ﺓا	ﺓای	_	_
193	سیاﺓین	سیاﺓ	سیاﺓین	_	_
194	بازآمدﺓ	بازآمدﺓ	بازآمدﺓ	_	_
195	و	و	و	_	_
196	بازی	باز	بازی	_	_
197	زیبایی	زیبایي	زیبایي	_	_
198	را	را	را	_	_
199	بین	بين	بين	_	_
200	آنان	آن	آن	_	_
201	و	و	و	_	_
202	آدمآن	آدمآن	آدمآن	_	_
203	بﺓ	بﺓ	بﺓ	_	_
204	راﺓ	راﺓ	راﺓ	_	_
205	انداخته	انداخته	انداخته	_	_
206	بودندودما	بودندودما	بودندودما	_	_
207	بالا	بالا	بالا	_	_
208	رفته‌بود	رفته‌بود	رفت	_	_
209	:	:	:	_	_
210	دامهادیگر	دامهاديگر	دامهاديگر	_	_
211	تاب	تاب	تاب	_	_
212	این	اين	اين	_	_
213	را	را	را	_	_
214	نداشتند	نداشتند	داشت	_	_
215	.	.	.	_	_
216	نبات	نبات	نبات	_	_
217	و	و	و	_	_
218	برنج	برنج	برنج	_	_
219	و	و	و	_	_
220	.	.	.	_	_
221	.	.	.	_	_
222	.	.	.	_	_
223	.	.	.	_	_
224	.	.	.	_	_
225	.	.	.	_	_
226	.	.	.	_	_
227	را	را	را	_	_
228	به	به	به	_	_
229	برج	برج	برج	_	_
230	بردم	برد	برد	_	_
231	مشک	مشکِ	مشکِ	_	_
232	مشکین	مشک	مشکین	_	_
233	را	را	را	_	_
234	پر	پر	پر	_	_
235	از	از	از	_	_
236	آبی	آب	آب	_	_
237	کردم	کرد	کرد	_	_
238	تا	تا	تا	_	_
239	شکمش	شکم	شکم	_	_
240	را	را	را	_	_
241	مانند	مانند	مانند	_	_
242	تشت	تشت	تشت	_	_
243	پر	پر	پر	_	_
244	کنم	كن	كنم	_	_
245	اما	اما	اما	_	_
246	شوش	شوش	شوش	_	_
247	تشکش	تشك	تشكش	_	_
248	خیس	خیس	خیس	_	_
249	شد	شد	شد	_	_
250	.	.	.	_	_
251	تمشک	تمشك	تمشك	_	_
252	ﺓارمز	ﺓارمز	ﺓارمز	_	_
253	رزمندگی	رزمندگی	رزمندگی	_	_
254	در	در	در	_	_
255	مرزﺓای	مرزﺓاي	مرزﺓاي	_	_
256	ترمز	ترمز	ترمز	_	_
257	بریدن	بريدن	بريدن	_	_
258	یاران	يار	ياران	_	_
259	در	در	در	_	_
260	برابر	برابر	برابر	_	_
261	کلم	كل	كلم	_	_
262	برای	براي	براي	_	_
263	کلمن	كلمن	كلمن	_	_
264	است	است		_	_
265	.	.	.	_	_
266	ملکی	ملك	ملكی	_	_
267	کﺓ	كﺓ	كﺓ	_	_
268	برای	برای	برای	_	_
269	ملکﺓهههها	ملكﺓههه	ملكﺓهههها	_	_
270	آماده	آماده	آماده	_	_
271	شده‌بود	شده‌بود	شد	_	_
272	اما	اما	اما	_	_
273	ملکهها	ملکه	ملکه	_	_
274	در	در	در	_	_
275	آن	آن	آن	_	_
276	نرفتند	نرفتند	رفت	_	_
277	اگر	اگر	اگر	_	_
278	پاکان	پاک	پاک	_	_
279	هنر	هنر	هنر	_	_
280	خود	خود	خود	_	_
281	را	را	را	_	_
282	در	در	در	_	_
283	پاکت	پاک	پاک	_	_
284	شان	شان	شان	_	_
285	قرار	قرار	قرار	_	_
286	داده	داده	داده	_	_
287	و	و	و	_	_
288	هنری	هنر	هنر	_	_
289	از	از	از	_	_
290	خود	خود	خود	_	_
291	نشان	نشان	نشان	_	_
292	دهند	دهند	داد	_	_
293	در	در	در	_	_
294	قرون	قرون	قرون	_	_
295	وسطا	وسطا	وسطا	_	_
296	شهرهای	شهر	شهر	_	_
297	یزد	یزد	یزد	_	_
298	نقرﺓ	نقرﺓ	نقرﺓ	_	_
299	و	و	و	_	_
300	سیمین	سی	سیمین	_	_
301	و	و	و	_	_
302	زرین	زر	زرین	_	_
303	بافتﺓ	بافتﺓ	بافتﺓ	_	_
304	ﺓا	ﺓا	ﺓا	_	_
305	را	را	را	_	_
306	می	می	می	_	_
307	یابند	یابند	یافت	_	_
308	.	.	.	_	_
309	کاه	کاه	کاه	_	_
310	که	که	که	_	_
311	از	از	از	_	_
312	آههای	آه	آه	_	_
313	به	به	به	_	_
314	هم	هم	هم	_	_
315	پیوستﺓ	پیوستﺓ	پیوستﺓ	_	_
316	بﺓ	بﺓ	بﺓ	_	_
317	وجود	وجود	وجود	_	_
318	آمده	آمده	آمده	_	_
319	ارزش	ارز	ارزش	_	_
320	کاهو	کاهو	کاهو	_	_
321	ندارد	ندارد	داشت	_	_
322	و	و	و	_	_
323	ما	ما	ما	_	_
324	به	به	به	_	_
325	صدمین	صد	صدمین	_	_
326	لغت	لغت	لغت	_	_
327	از	از	از	_	_
328	کلمه	کلمه	کلمه	_	_
329	ها		ها	_	_
330	و	و	و	_	_
331	لغات	لغت	لغات	_	_
332	رسیدیم	رسید	رسید	_	_
333	!!	!!	!!	_	_
334	وتا	وتا	وتا	_	_
335	۱۰۰۰	۱۰۰۰	۱۰۰۰	_	_
336	هابار	هابار	هابار	_	_
337	رفتیم	رفت	رفت	_	_
338	؟!	؟!	؟!	_	_
339	پیراﺓنش	پیراﺓن	پیراﺓنش	_	_
340	را	را	را	_	_
341	با	با	با	_	_
342	دارچین	دارچین	دارچین	_	_
343	در	در	در	_	_
344	کابینت	کابینت	کابینت	_	_
345	کﺓ	کﺓ	کﺓ	_	_
346	جنگندﺔ	جنگندﺔ	جنگندﺔ	_	_
347	پسرش	پسر	پسر	_	_
348	که	که	که	_	_
349	در	در	در	_	_
350	شومینﺔ	شومینﺔ	شومینﺔ	_	_
351	افتاده‌بود	افتاده‌بود	افتاد	_	_
352	آنجا	آنجا	آنجا	_	_
353	بودگذاریده	بودگذاریده	بودگذاریده	_	_
354	و	و	و	_	_
355	باخمپاره	باخمپاره	باخمپاره	_	_
356	نمکدان	نمکدان	نمکدان	_	_
357	را	را	را	_	_
358	برداشت	برداشت	برداشت	_	_
359	.	.	.	_	_
360	صبحانهبا	صبحانهبا	صبحانهبا	_	_
361	سلیمان	سلیم	سلیمان	_	_
362	و	و	و	_	_
363	سیمان	سی	سیمان	_	_
364	باقلوا	باقلوا	باقلوا	_	_
365	بود	بود	بود	_	_
366	.	.	.	_	_
367	شمعدان	شمعدان	شمعدان	_	_
368	گردگیری	گردگیر	گردگیری	_	_
369	شهریور	شهریور	شهریور	_	_
370	سرزمینی	سرزمین	سرزمین	_	_
371	بی	بی	بی	_	_
372	نگهبان	نگهبان	نگهبان	_	_
373	استآیا	استآیا	استآیا	_	_
374	تو	تو	تو	_	_
375	شلوارکشی	شلوارکش	شلوارکشی	_	_
376	که	که	که	_	_
377	سیاهرگ	سیاهرگ	سیاهرگ	_	_
378	میبری	میبر	میبری	_	_
379	؟	؟	؟	_	_
380	کهنسالی	کهنسال	کهنسالی	_	_
381	بلندگو	بلندگو	بلندگو	_	_
382	را	را	را	_	_
383	برداشت	برداشت	برداشت	_	_
384	.	.	.	_	_
385	.	.	.	_	_
386	.	.	.	_	_
387	.	.	.	_	_
388	.	.	.	_	_
389	گلوبند	گلوبند	گلوبند	_	_
390	را	را	را	_	_
391	دست	دست	دست	_	_
392	و	و	و	_	_
393	مهتابی	مهتاب	مهتاب	_	_
394	را	را	را	_	_
395	.	.	.	_	_
396	برد	برد	برد	_	_
397	و	و	و	_	_
398	سر	سر	سر	_	_
399	گاومیش	گاومیش	گاومیش	_	_
400	زدآن	زدآن	زدآن	_	_
401	پسر	پسر	پسر	_	_
402	بد	بد	بد	_	_
403	هی	ه	هی	_	_
404	بار	بار	بار	_	_
405	می	می	می	_	_
406	آورد	آورد	آورد	_	_
407	.	.	.	_	_
408	پسرک	پسرک	پسرک	_	_
409	هوش	هوش	هوش	_	_
410	یار	یار	یار	_	_
411	را	را	را	_	_
412	می	می	می	_	_
413	سنجید	سنجید	سنجید	_	_
414	سوزن	سوزن	سوزن	_	_
415	بان	ب	بان	_	_
416	قصه	قصه	قصه	_	_
417	بادمجان	بادمجان	بادمجان	_	_
418	را	را	را	_	_
419	با	با	با	_	_
420	دم	دم	دم	_	_
421	جانممقایسه	جانممقایسه	جانممقایسه	_	_
422	کرد	کرد	کرد	_	_
423	.	.	.	_	_
424	صندوقچه	صندوقچه	صندوقچه	_	_
425	را	را	را	_	_
426	درآورد	درآورد	درآورد	_	_
427	صندوقچه	صندوقچه	صندوقچه	_	_
428	کاری	کار	کاشت	_	_
429	انجام	انجام	انجام	_	_
430	میدهد	میدهد	میدهد	_	_
431	؟	؟	؟	_	_
432	ماهیگیر	ماهیگیر	ماهیگیر	_	_
433	دیگر	دیگر	دیگر	_	_
434	گیرهای	گیر	گیر	_	_
435	نداشت	ندا	داشت	_	_
436	و	و	و	_	_
437	فرنی	فرنی	فرنی	_	_
438	خود	خود	خود	_	_
439	را	را	را	_	_
440	حروف	حروف	حروف	_	_
441	چین	چین	چین	_	_
442	کرد	کرد	کرد	_	_
443	.	.	.	_	_
444	روزی	روز	روز	_	_
445	اختاپوست	اختاپوس	اختاپوس	_	_
446	خم	خم	خم	_	_
447	کرد	کرد	کرد	_	_
448	.	.	.	_	_
449	جالباسی	جالباسی	جالباسی	_	_
450	هنرپیشه	هنرپیشه	هنرپیشه	_	_
451	دو	دو	دو	_	_
452	عنوان	عنوان	عنوان	_	_
453	؟!	؟!	؟!	_	_
454	‌		‌	_	_
455	که	که	که	_	_
456	در	در	در	_	_
457	بست	بس	بست	_	_
458	به	به	به	_	_
459	آزادی	آزاد	آزاد	_	_
460	می	می	می	_	_
461	روند	روند	روند	_	_
462	.	.	.	_	_
463	با	با	با	_	_
464	انبردستش	انبردست	انبردست	_	_
465	زخمی	زخم	زخم	_	_
466	شد	شد	شد	_	_
467	پنجشنبﺔ	پنجشنبﺔ	پنجشنبﺔ	_	_
468	روز	روز	روز	_	_
469	فرماندﺔان	فرماندﺔ	فرماندﺔان	_	_
470	در	در	در	_	_
471	خاوران	خاور	خاوران	_	_
472	با	با	با	_	_
473	دوکان	دوک	دوک	_	_
474	و	و	و	_	_
475	کتان‌و‌شال	کتان‌و‌شال	کتان‌و‌شال	_	_
476	گردن	گردن	گردن	_	_
477	است	است		_	_
478	.	.	.	_	_
479	شالیزار	شالیزار	شالیزار	_	_
480	پر	پر	پر	_	_
481	از	از	از	_	_
482	بلدرچین	بلدرچین	بلدرچین	_	_
483	ﺔای	ﺔا	ﺔای	_	_
484	کماندار	کماندار	کماندار	_	_
485	دانمارک	دانمارک	دانمارک	_	_
486	که	که	که	_	_
487	آمده‌بودند	آمده‌بودند	آمد	_	_
488	شده‌بود	شده‌بود	شد	_	_
489	کﺔ	كﺔ	كﺔ	_	_
490	چلو	چلو	چلو	_	_
491	کباب	كباب	كباب	_	_
492	شد	شد	شد	_	_
493	و	و	و	_	_
494	من	من	من	_	_
495	بﺔ	بﺔ	بﺔ	_	_
496	ستوان	ستوان	ستوان	_	_
497	نگفتم	نگف	گفت	_	_
498	.	.	.	_	_
499	استوانﺔ	استوانﺔ	استوانﺔ	_	_
500	شکل	شكل	شكل	_	_
501	بیضی	بیضی	بیضی	_	_
502	دارددد	دارددد	دارددد	_	_
503	.	.	.	_	_
504	.	.	.	_	_
505	رفسنجان	رفسنجان	رفسنجان	_	_
506	در	در	در	_	_
507	فسنجان	فسنجان	فسنجان	_	_
508	فقط	فقط	فقط	_	_
509	یک	یك	یك	_	_
510	را	را	را	_	_
511	کم	ك	كم	_	_
512	دارد	دارد	داشت	_	_
513	.	.	.	_	_
514	مخابره	مخابره	مخابره	_	_
515	و	و	و	_	_
516	مخابرات	مخابرات	مخابرات	_	_
517	شنوایی	شنوا	شنوایی	_	_
518	و	و	و	_	_
519	روشنایی	روشنایی	روشنایی	_	_
520	در	در	در	_	_
521	شیروانی	شیروان	شیروان	_	_
522	از	از	از	_	_
523	من	من	من	_	_
524	می‌گیرند	می‌گیرند	گرفت	_	_
525	اردوگاه	اردوگاه	اردوگاه	_	_
526	درگاهی	درگاه	درگاه	_	_
527	بر	بر	بر	_	_
528	برای	برای	برای	_	_
529	کارنامه	كارنامه	كارنامه	_	_
530	ارزان	ارز	ارزان	_	_
531	رایانه	رایانه	رایانه	_	_
532	است	است		_	_
533	به	به	به	_	_
534	قبرستان	قبرستان	قبرستان	_	_
535	پیش	پی	پیش	_	_
536	نهادثروتمند	نهادثروتمند	نهادثروتمند	_	_
537	سرخ	سرخ	سرخ	_	_
538	پوست	پوست	پوست	_	_
539	سرسخت	سرسخت	سرسخت	_	_
540	کلاه	كلاه	كلاه	_	_
541	خود	خود	خود	_	_
542	خود	خود	خود	_	_
543	را	را	را	_	_
544	در	در	در	_	_
545	داشبورد	داشبورد	داشبورد	_	_
546	گارانتی	گارانت	گارانتی	_	_
547	کرد	کرد	کرد	_	_
548	این	این	این	_	_
549	سنگاپور	سنگاپور	سنگاپور	_	_
550	علیست	علیس	علیست	_	_
551	چون	چون	چون	_	_
552	او	او	او	_	_
553	همیشه	همیشه	همیشه	_	_
554	ام	ا	ام	_	_
555	.	.	.	_	_
556	ار	ار	ار	_	_
557	.	.	.	_	_
558	ای	ای	ای	_	_
559	اش	اش	اش	_	_
560	را	را	را	_	_
561	در	در	در	_	_
562	بیمارستان	بیمارستان	بیمارستان	_	_
563	اغول	اغول	اغول	_	_
564	.	.	.	_	_
565	باغول	باغول	باغول	_	_
566	.	.	.	_	_
567	دیغ	دیغ	دیغ	_	_
568	از	از	از	_	_
569	۱۰٫۵	۱۰.۵	۱۰.۵	_	_
570	سال	سال	سال	_	_
571	پیش	پی	پیش	_	_
572	تا	تا	تا	_	_
573	به	به	به	_	_
574	حال	حال	حال	_	_
575	که	که	که	_	_
576	شده	شده	شده	_	_
577	۱۲	۱۲	۱۲	_	_
578	ونیم	ون	ون	_	_
579	سال	سال	سال	_	_
580	می	می	می	_	_
581	گیرد	گیرد	گرفت	_	_
582	.	.	.	_	_
583	.	.	.	_	_
584	قلم	قلم	قلم	_	_
585	کاری	کار	کاشت	_	_
586	برای	برای	برای	_	_
587	قطعنامه	قطعنامه	قطعنامه	_	_
588	مثل	مثل	مثل	_	_
589	بادبزن	بادبزن	بادبزن	_	_
590	برای	برای	برای	_	_
591	بند	بند	بند	_	_
592	باز	باز	باز	_	_
593	هخامنشی	هخامنش	هخامنش	_	_
594	و	و	و	_	_
595	هر	هر	هر	_	_
596	دو	دو	دو	_	_
597	همانند	همانند	همانند	_	_
598	است	است		_	_
599	.	.	.	_	_
600	ورزشکار	ورزشكار	ورزشكار	_	_
601	آرامبخش	آرامبخ	آرامبخش	_	_
602	بسکتبال	بسكتبال	بسكتبال	_	_
603	و	و	و	_	_
604	بسکتکار	بسکتکار	بسکتکار	_	_
605	پیشکسوت	پیشکسوت	پیشکسوت	_	_
606	میگراید	میگراید	میگراید	_	_
607	.	.	.	_	_
608	سیلن	سیلن	سیلن	_	_
609	در	در	در	_	_
610	آن	آن	آن	_	_
611	کار	کار	کار	_	_
612	میکند	میکند	میکند	_	_
613	.	.	.	_	_
614	بندباز	بندباز	بندباز	_	_
615	منشی	منش	منشی	_	_
616	عجیب	عجیب	عجیب	_	_
617	داشت	داش	داشت	_	_
618	.	.	.	_	_
619	اینجانب	اینجانب	اینجانب	_	_
620	امیدوارم	امیدوار	امیدوار	_	_
621	خنده	خنده	خنده	_	_
622	بور	بور	بور	_	_
623	شده‌باشیم	شده‌باش	شد	_	_
624	نه	نه	نه	_	_
625	خنده	خنده	خنده	_	_
626	بر	بر	بر	_	_
627	یا	يا	يا	_	_
628	خندهبر	خندهبر	خندهبر	_	_
629	یا	یا	یا	_	_
630	خنده‌بر	خنده‌بر	خنده‌بر	_	_
631	یا	یا	یا	_	_
632	هرکدام	هركدا	هركدام	_	_
633	.	.	.	_	_
634	از	از	از	_	_
635	آن‌جا	آن‌جا	آن‌جا	_	_
636	آنجا	آنجا	آنجا	_	_
637	برای	برای	برای	_	_
638	ﺓمه	ﺓمه	ﺓمه	_	_
639	ی		ی	_	_
640	ما	ما	ما	_	_
641	مشخص	مشخص	مشخص	_	_
642	است	است		_	_
643	در	در	در	_	_
644	این	اين	اين	_	_
645	جملات	جم	جملات	_	_
646	نیز	نیز	نیز	_	_
647	مانند	مانند	مانند	_	_
648	استاندارد	استاندارد	استاندارد	_	_
649	نباید	نباید	نباید	_	_
650	استان	است	استان	_	_
651	دارد	دارد	داشت	_	_
652	و	و	و	_	_
653	استان‌دارد	استان‌دارد	استان‌دارد	_	_
654	اشتباه	اشتباه	اشتباه	_	_
655	بنویسیمم	بنویسیم	بنویسیمم	_	_
656	.	.	.	_	_
657	هم	هم	هم	_	_
658	چنین	چنين	چنين	_	_
659	نباید	نبايد	نبايد	_	_
660	هم‌چنین	هم‌چنين	هم‌چنين	_	_
661	کرد	كرد	كرد	_	_
662	کﺓ	كﺓ	كﺓ	_	_
663	کلمات‌مانند‌این‌قسمت‌اینطور‌پشت‌به‌پشت‌هم‌باشد	کلمات‌مانند‌اين‌قسمت‌اينطور‌پشت‌به‌پشت‌هم‌باشد	کلمات‌مانند‌اين‌قسمت‌اينطور‌پشت‌به‌پشت‌هم‌باشد	_	_
664	.	.	.	_	_
665	با	با	با	_	_
666	تمام	تمام	تمام	_	_
667	این	این	این	_	_
668	تفاسیر	تفاسیر	تفاسیر	_	_
669	؟!	؟!	؟!	_	_
670	‌		‌	_	_
671	قلط	قلط	قلط	_	_
672	املایی	املا	املایی	_	_
673	هم	هم	هم	_	_
674	خود	خود	خود	_	_
675	عجیب	عجیب	عجیب	_	_
676	قریب	قریب	قریب	_	_
677	شده‌است	شده‌است	شد	_	_
678	!	!	!	_	_
679	.	.	.	_	_
680	در	در	در	_	_
681	این	این	این	_	_
682	متن	متن	متن	_	_
683	غلط	غلط	غلط	_	_
684	املایی	املا	املایی	_	_
685	هم	هم	هم	_	_
686	هست	هس		_	_
687	.	.	.	_	_
688	نمیدونیم	نمیدون	نمیدونیم	_	_
689	چرا	چرا	چرا	_	_
690	؟	؟	؟	_	_
691	.	.	.	_	_
692	!	!	!	_	_
693	در	در	در	_	_
694	این	این	این	_	_
695	متن	متن	متن	_	_
696	ه	ه	ه	_	_
697	ها		ها	_	_
698	و	و	و	_	_
699	ک	ک	ک	_	_
700	ها		ها	_	_
701	و	و	و	_	_
702	ی		ی	_	_
703	ها		ها	_	_
704	در	در	در	_	_
705	مدل	مدل	مدل	_	_
706	های		های	_	_
707	مختلف	مختلف	مختلف	_	_
708	به	به	به	_	_
709	در	در	در	_	_
710	واحد	واحد	واحد	_	_
711	بررسی	بررسی	بررسی	_	_
712	به	به	به	_	_
713	اختصار	اختصار	اختصار	_	_
714	ی		ی	_	_
715	.	.	.	_	_
716	ک	ک	ک	_	_
717	.	.	.	_	_
718	ه	ه	ه	_	_
719	حضور	حضور	حضور	_	_
720	دارند	دارند	داشت	_	_
721	.	.	.	_	_
722	در	در	در	_	_
723	این	این	این	_	_
724	متن	متن	متن	_	_
725	اسپیس	اسپیس	اسپیس	_	_
726	و	و	و	_	_
727	فاصله	فاصله	فاصله	_	_
728	أصلا	أصلا	أصلا	_	_
729	خراب‌هستند	خراب‌هستند	خراب‌هستند	_	_
730	به	به	به	_	_
731	دفعات	دف	دفعات	_	_
732	.	.	.	_	_
733	در	در	در	_	_
734	این	این	این	_	_
735	متن	متن	متن	_	_
736	نقطه	نقطه	نقطه	_	_
737	یعنی	یعنی	یعنی	_	_
738	همین	هم	همین	_	_
739	.	.	.	_	_
740	أصلا	أصلا	أصلا	_	_
741	معلوم	معلوم	معلوم	_	_
742	نیست	نیست	نیست	_	_
743	چه	چه	چه	_	_
744	چیزی	چیز	چیز	_	_
745	می	می	می	_	_
746	گوید	گوید	گفت	_	_
747	در	در	در	_	_
748	این	این	این	_	_
749	متن	متن	متن	_	_
750	علایم	علامت	علامت	_	_
751	و	و	و	_	_
752	علائم	علامت	علائم	_	_
753	نگارشی	نگارش	نگارش	_	_
754	معنا	معنا	معنا	_	_
755	ندارد	ندارد	داشت	_	_
756	.	.	.	_	_
757	حال	حال	حال	_	_
758	برای	برای	برای	_	_
759	بررسی	بررسی	بررسی	_	_
760	کلمات	کل	کلمات	_	_
761	دیگر	دیگر	دیگر	_	_
762	به	به	به	_	_
763	چند	چند	چند	_	_
764	نمونه	نمونه	نمونه	_	_
765	از	از	از	_	_
766	سری	سر	سری	_	_
767	عبارات	عبا	عبارات	_	_
768	دیگگگر	دیگگگر	دیگگگر	_	_
769	روی	رو	روی	_	_
770	می	می	می	_	_
771	آوریم	آوری	آورد	_	_
772	که	که	که	_	_
773	تاریخ	تاریخ	تاریخ	_	_
774	دارند	دارند	داشت	_	_
775	!	!	!	_	_
776	؛	؛	؛	_	_
777	من	من	من	_	_
778	و	و	و	_	_
779	دوستم	دوست	دوست	_	_
780	در	در	در	_	_
781	تاریخ	تاریخ	تاریخ	_	_
782	۱۲٫۳.۹۷	۱۲.۳.۹۷	۱۲.۳.۹۷	_	_
783	یا	یا	یا	_	_
784	شاید	شاید	شاید	_	_
785	۹۷٫۱۲٫۳	۹۷.۱۲.۳	۹۷.۱۲.۳	_	_
786	که	که	که	_	_
787	در	در	در	_	_
788	یاد	یاد	یاد	_	_
789	ندارم	ندار	داشت	_	_
790	به	به	به	_	_
791	یک	یک	یک	_	_
792	مغازه	مغازه	مغازه	_	_
793	رفتیم	رفت	رفت	_	_
794	که	که	که	_	_
795	۱۲٫۵	۱۲.۵	۱۲.۵	_	_
796	بشقاب	بشقاب	بشقاب	_	_
797	بخریم	بخر	خرید	_	_
798	.	.	.	_	_
799	دوستم	دوست	دوست	_	_
800	در	در	در	_	_
801	همان	هم	همان	_	_
802	وضعیت	وضعیت	وضعیت	_	_
803	در	در	در	_	_
804	۱۲/۵/۱۳۹۷	۱۲/۵/۱۳۹۷	۱۲/۵/۱۳۹۷	_	_
805	باز	باز	باز	_	_
806	به	به	به	_	_
807	مغازه	مغازه	مغازه	_	_
808	مذکور	مذکور	مذکور	_	_
809	مراجعه	مراجعه	مراجعه	_	_
810	کرد	کرد	کرد	_	_
811	!!!!!!!	!!!!!!!	!!!!!!!	_	_
812	به	به	به	_	_
813	دوست	دوست	دوست	_	_
814	خود	خود	خود	_	_
815	گفتم	گفت	گفت	_	_
816	چرا	چرا	چرا	_	_
817	۱۳۹۷/۵/۱۲	۱۳۹۷/۵/۱۲	۱۳۹۷/۵/۱۲	_	_
818	نرفتی	نرفت	رفت	_	_
819	که	که	که	_	_
820	گفت	گفت	گفت	_	_
821	به	به	به	_	_
822	تو	تو	تو	_	_
823	چه	چه	چه	_	_
824	!!!!!؟	!!!!!؟	!!!!!؟	_	_
825	من	من	من	_	_
826	هم	هم	هم	_	_
827	که	که	که	_	_
828	ناراحت	ناراحت	ناراحت	_	_
829	بودم	بود	بود	_	_
830	در	در	در	_	_
831	حساب	حساب	حساب	_	_
832	بانکی	بانک	بانک	_	_
833	ام	ا	ام	_	_
834	به	به	به	_	_
835	شماره	شماره	شماره	_	_
836	۴۳۵	۴۳۵	۴۳۵	_	_
837	،	،	،	_	_
838	۲۳	۲۳	۲۳	_	_
839	،	،	،	_	_
840	۲۴۲۳۴۲۵	۲۴۲۳۴۲۵	۲۴۲۳۴۲۵	_	_
841	۱۲	۱۲	۱۲	_	_
842	،	،	،	_	_
843	۱۲۳۱۴	۱۲۳۱۴	۱۲۳۱۴	_	_
844	،	،	،	_	_
845	۱۲۳۱۲	۱۲۳۱۲	۱۲۳۱۲	_	_
846	تومان	تومان	تومان	_	_
847	پول	پول	پول	_	_
848	ریختم	ریخت	ریخت	_	_
849	بعد	بعد	بعد	_	_
850	رفتم	رف	رفت	_	_
851	و	و	و	_	_
852	۱۲۳٫۱۲۳٫۲۳۵.	۱۲۳.۱۲۳.۲۳۵.	۱۲۳.۱۲۳.۲۳۵.	_	_
853	۳۴۵٫۳۴۵	۳۴۵.۳۴۵	۳۴۵.۳۴۵	_	_
854	را	را	را	_	_
855	که	که	که	_	_
856	به	به	به	_	_
857	﷼	﷼	﷼	_	_
858	بود	بود	بود	_	_
859	به	به	به	_	_
860	دلار	دلار	دلار	_	_
861	کردم	کرد	کرد	_	_
862	شد	شد	شد	_	_
863	۲‌$	۲‌$	۲‌$	_	_
864	و	و	و	_	_
865	از	از	از	_	_
866	تعجب	تعجب	تعجب	_	_
867	بی‌هوش	بی‌هوش	بی‌هوش	_	_
868	شدم	شد	شد	_	_
869	!	!	!	_	_
870	در	در	در	_	_
871	همین	هم	همین	_	_
872	حین	حین	حین	_	_
873	فکر	فکر	فکر	_	_
874	کردم	کرد	کرد	_	_
875	شاید	شاید	شاید	_	_
876	بهتر	به	بهتر	_	_
877	بود	بود	بود	_	_
878	و	و	و	_	_
879	۱۲۳	۱۲۳	۱۲۳	_	_
880	،	،	،	_	_
881	۱۲۳	۱۲۳	۱۲۳	_	_
882	،	،	،	_	_
883	۲۳۵	۲۳۵	۲۳۵	_	_
884	،	،	،	_	_
885	۳۴۵	۳۴۵	۳۴۵	_	_
886	،	،	،	_	_
887	۳۴۵	۳۴۵	۳۴۵	_	_
888	تومان	تومان	تومان	_	_
889	را	را	را	_	_
890	آدامس	آدامس	آدامس	_	_
891	می	می	می	_	_
892	خریدم	خرید	خرید	_	_
893	!	!	!	_	_
894	اما	اما	اما	_	_
895	متوجه	متوجه	متوجه	_	_
896	شدم	شد	شد	_	_
897	بهترین	به	بهترین	_	_
898	کار	کار	کار	_	_
899	آنست	آنس	آنست	_	_
900	که	که	که	_	_
901	و	و	و	_	_
902	۱۲۳/۱۲۳/۲۳۵/	۱۲۳/۱۲۳/۲۳۵/	۱۲۳/۱۲۳/۲۳۵/	_	_
903	۳۴۵/۳۴۵	۳۴۵/۳۴۵	۳۴۵/۳۴۵	_	_
904	﷼	﷼	﷼	_	_
905	را	را	را	_	_
906	به	به	به	_	_
907	دوست	دوست	دوست	_	_
908	دیگرم	دیگر	دیگر	_	_
909	که	که	که	_	_
910	۱۲۳/۱۲۳/۲۳۵/	۱۲۳/۱۲۳/۲۳۵/	۱۲۳/۱۲۳/۲۳۵/	_	_
911	۳۴۵/۳۴۵	۳۴۵/۳۴۵	۳۴۵/۳۴۵	_	_
912	﷼	﷼	﷼	_	_
913	می	می	می	_	_
914	خواهد‌بدهم	خواهد‌بده	خواهد_بدهم	_	_
915	و	و	و	_	_
916	همین	هم	همین	_	_
917	شد	شد	شد	_	_
918	که	که	که	_	_
919	برگشتم	برگ	برگ	_	_
920	و	و	و	_	_
921	دلار	دلار	دلار	_	_
922	خود	خود	خود	_	_
923	را	را	را	_	_
924	ریال	ریال	ریال	_	_
925	کردم	کرد	کرد	_	_
926	اما	اما	اما	_	_
927	باز	باز	باز	_	_
928	به	به	به	_	_
929	من	من	من	_	_
930	۲٫۵	۲.۵	۲.۵	_	_
931	میلیون	میلیون	میلیون	_	_
932	﷼	﷼	﷼	_	_
933	دادند	دادند	داد	_	_
934	و	و	و	_	_
935	بقیه	بقیه	بقیه	_	_
936	را	را	را	_	_
937	با	با	با	_	_
938	کلاهم	کلاه	کلاه	_	_
939	برداشتند	برداشتند	برداشتند	_	_
940	و	و	و	_	_
941	بردند	بردند	برد	_	_
942	!	!	!	_	_
943	حالا	حالا	حالا	_	_
944	من	من	من	_	_
945	با	با	با	_	_
946	۲	۲	۲	_	_
947	،	،	،	_	_
948	۵	۵	۵	_	_
949	میلیون	میلیون	میلیون	_	_
950	﷼	﷼	﷼	_	_
951	که	که	که	_	_
952	می	می	می	_	_
953	شود	شود	شد	_	_
954	۰/۲۵	۰/۲۵	۰/۲۵	_	_
955	یا	یا	یا	_	_
956	۲۵/۰	۲۵/۰	۲۵/۰	_	_
957	میلیون	میلیون	میلیون	_	_
958	تومان	تومان	تومان	_	_
959	دیگر	دیگر	دیگر	_	_
960	کاری	کار	کاشت	_	_
961	نمی	نم	نم	_	_
962	توانم	توان	توانست	_	_
963	انجام	انجام	انجام	_	_
964	بدهم	بده	داد	_	_
965	.	.	.	_	_
966	به	به	به	_	_
967	خانه	خانه	خانه	_	_
968	رفتم	رف	رفت	_	_
969	و	و	و	_	_
970	دومینو	دومینو	دومینو	_	_
971	را	را	را	_	_
972	برداشتم	برداشت	برداشت	_	_
973	در	در	در	_	_
974	آشپزخانه	آشپزخانه	آشپزخانه	_	_
975	تاس	تاس	تاس	_	_
976	کباب	کباب	کباب	_	_
977	را	را	را	_	_
978	با	با	با	_	_
979	زخم	زخم	زخم	_	_
980	زبان	زبان	زبان	_	_
981	و	و	و	_	_
982	سیرابی	سیراب	سیراب	_	_
983	درست	درس	درست	_	_
984	کردم	کرد	کرد	_	_
985	.	.	.	_	_
986	با	با	با	_	_
987	وجود	وجود	وجود	_	_
988	چین	چین	چین	_	_
989	و	و	و	_	_
990	چروک	چروک	چروک	_	_
991	بسیار	بسیار	بسیار	_	_
992	فیلم	فیل	فیلم	_	_
993	ماتریکس	ماتریکس	ماتریکس	_	_
994	را	را	را	_	_
995	که	که	که	_	_
996	موجوداتی	موجودات	موجودات	_	_
997	عجیب	عجیب	عجیب	_	_
998	در	در	در	_	_
999	آن	آن	آن	_	_
1000	بودند	بودند	بود	_	_
1001	گذاشتم	گذا	گذاشت	_	_
1002	و	و	و	_	_
1003	مشغول	مشغول	مشغول	_	_
1004	دیدن	دیدن	دیدن	_	_
1005	هفتیر	هفتیر	هفتیر	_	_
1006	کش	کش	کش	_	_
1007	ها		ها	_	_
1008	شدم	شد	شد	_	_
1009	روی	رو	روی	_	_
1010	گاز	گاز	گاز	_	_
1011	چای	چای	چای	_	_
1012	گل	گل	گل	_	_
1013	گاوزبان	گاوزبان	گاوزبان	_	_
1014	دم	دم	دم	_	_
1015	کرده‌بود	کرده‌بود	کرد	_	_
1016	.	.	.	_	_
1017	و	و	و	_	_
1018	روی	رو	روی	_	_
1019	میز	میز	میز	_	_
1020	شیر	شیر	شیر	_	_
1021	تو	تو	تو	_	_
1022	شیر	شیر	شیر	_	_
1023	و	و	و	_	_
1024	پر	پر	پر	_	_
1025	از	از	از	_	_
1026	خیار	خیار	خیار	_	_
1027	مجلسی	مجلس	مجلس	_	_
1028	و	و	و	_	_
1029	در	در	در	_	_
1030	کنار	کنار	کنار	_	_
1031	موز	موز	موز	_	_
1032	مار	مار	مار	_	_
1033	قرار	قرار	قرار	_	_
1034	داشت	داش	داشت	_	_
1035	.	.	.	_	_
1036	سررسید	سررسید	سررسید	_	_
1037	بدهکاریهایم	بدهکاری	بدهکاریهایم	_	_
1038	از	از	از	_	_
1039	بیکاری	بیکار	بیکاری	_	_
1040	زیاد	زیاد	زیاد	_	_
1041	و	و	و	_	_
1042	رودربایستی	رودربایستی	رودربایستی	_	_
1043	با	با	با	_	_
1044	کسانی	کسانی	کسانی	_	_
1045	که	که	که	_	_
1046	به	به	به	_	_
1047	آنها	آن	آن	_	_
1048	پول	پول	پول	_	_
1049	قرض	قرض	قرض	_	_
1050	داده‌بودم	داده‌بود	داد	_	_
1051	سر	سر	سر	_	_
1052	رسیده‌بود	رسیده‌بود	رسید	_	_
1053	.	.	.	_	_
1054	برای	برای	برای	_	_
1055	خود	خود	خود	_	_
1056	که	که	که	_	_
1057	از	از	از	_	_
1058	گذشته	گذشته	گذشته	_	_
1059	قبر	قبر	قبر	_	_
1060	ی		ی	_	_
1061	کنده	کنده	کنده	_	_
1062	بودم	بود	بود	_	_
1063	اما	اما	اما	_	_
1064	در	در	در	_	_
1065	آن	آن	آن	_	_
1066	گور	گور	گور	_	_
1067	خری	خر	خرید	_	_
1068	خوابیده‌بود	خوابیده‌بود	خوابید	_	_
1069	.	.	.	_	_
1070	پیتزا	پیتزا	پیتزا	_	_
1071	را	را	را	_	_
1072	خریدم	خرید	خرید	_	_
1073	و	و	و	_	_
1074	روی	رو	روی	_	_
1075	ان		ان	_	_
1076	سس	سس	سس	_	_
1077	خر	خر	خر	_	_
1078	دل	دل	دل	_	_
1079	بر	بر	بر	_	_
1080	رویش	رو	رویش	_	_
1081	نون	نون	نون	_	_
1082	کنجدی	کنجد	کنجد	_	_
1083	جا	جا	جا	_	_
1084	خوش	خو	خوش	_	_
1085	کرده‌بود	کرده‌بود	کرد	_	_
1086	.	.	.	_	_
1087	شروع	شروع	شروع	_	_
1088	به	به	به	_	_
1089	درست	درس	درست	_	_
1090	کردن	کردن	کردن	_	_
1091	کاردستی	کاردستی	کاردستی	_	_
1092	های		های	_	_
1093	عجیب	عجیب	عجیب	_	_
1094	کردم	کرد	کرد	_	_
1095	.	.	.	_	_
1096	کتاب	کتاب	کتاب	_	_
1097	حیدر	حیدر	حیدر	_	_
1098	بابا	بابا	بابا	_	_
1099	در	در	در	_	_
1100	کتابخانه	کتابخانه	کتابخانه	_	_
1101	خاک	خاک	خاک	_	_
1102	گرفته‌بود	گرفته‌بود	گرفت	_	_
1103	،	،	،	_	_
1104	،	،	،	_	_
1105	آخرین	آخر	آخرین	_	_
1106	بار	بار	بار	_	_
1107	آن	آن	آن	_	_
1108	را	را	را	_	_
1109	از	از	از	_	_
1110	یک	یک	یک	_	_
1111	آب	آب	آب	_	_
1112	زیر	زیر	زیر	_	_
1113	کاه	کاه	کاه	_	_
1114	لیموزین	لیموزین	لیموزین	_	_
1115	سوار	سوار	سوار	_	_
1116	گرفتم	گرفت	گرفت	_	_
1117	.	.	.	_	_
1118	بعضی	بعض	بعضی	_	_
1119	می‌گویند	می‌گویند	گفت	_	_
1120	در	در	در	_	_
1121	ماهشهر	ماهشهر	ماهشهر	_	_
1122	پرچین	پرچ	پرچین	_	_
1123	و	و	و	_	_
1124	چهارچوب	چهارچوب	چهارچوب	_	_
1125	وجود	وجود	وجود	_	_
1126	ندارد	ندارد	داشت	_	_
1127	و	و	و	_	_
1128	برخی	برخی	برخی	_	_
1129	دنبال	دنبال	دنبال	_	_
1130	ستاره	ستاره	ستاره	_	_
1131	دنباله	دنباله	دنباله	_	_
1132	دار	دار	دار	_	_
1133	در	در	در	_	_
1134	به	به	به	_	_
1135	در	در	در	_	_
1136	شدندولی	شدندول	شدندولی	_	_
1137	من	من	من	_	_
1138	شنیدم	شنید	شنید	_	_
1139	"	"	"	_	_
1140	دود	دود	دود	_	_
1141	از	از	از	_	_
1142	کنده	کنده	کنده	_	_
1143	بلند	بلند	بلند	_	_
1144	میشه	میشه	میشه	_	_
1145	"	"	"	_	_
1146	(	(	(	_	_
1147	عجیب‌به‌نظر	عجیب‌به‌نظر	عجیب‌به‌نظر	_	_
1148	می	می	می	_	_
1149	آید	آید	آمد	_	_
1150	)	)	)	_	_
1151	.	.	.	_	_
1152	راستی	راست	راست	_	_
1153	برای	برای	برای	_	_
1154	ارقام	رقم	ارقام	_	_
1155	عربی	عرب	عرب	_	_
1156	دقت	دق	دقت	_	_
1157	کنید	کنید	کرد	_	_
1158	که	که	که	_	_
1159	به	به	به	_	_
1160	قسمت	قسم	قسمت	_	_
1161	تنظیمات	تنظیم	تنظیمات	_	_
1162	ورد	ورد	ورد	_	_
1163	بروید	بروید	رفت	_	_
1164	.	.	.	_	_
1165	برای	برای	برای	_	_
1166	این	این	این	_	_
1167	کار	کار	کار	_	_
1168	:	:	:	_	_
1169	در	در	در	_	_
1170	ورد	ورد	ورد	_	_
1171	۲۰۱۰	۲۰۱۰	۲۰۱۰	_	_
1172	:	:	:	_	_
1173	روی	رو	روی	_	_
1174	نوار	نوار	نوار	_	_
1175	File	File	File	_	_
1176	کلیک	کلیک	کلیک	_	_
1177	کنید	کنید	کرد	_	_
1178	،	،	،	_	_
1179	و	و	و	_	_
1180	از	از	از	_	_
1181	منوی	منو	منوی	_	_
1182	سمت	سم	سمت	_	_
1183	چپ	چپ	چپ	_	_
1184	،	،	،	_	_
1185	را	را	را	_	_
1186	انتخاب	انتخاب	انتخاب	_	_
1187	کنید	کنید	کرد	_	_
1188	.	.	.	_	_
1189	در	در	در	_	_
1190	ورد	ورد	ورد	_	_
1191	۲۰۰۷:	۲۰۰۷:	۲۰۰۷:	_	_
1192	روی	رو	روی	_	_
1193	آیکون	آیکون	آیکون	_	_
1194	گرد	گرد	گرد	_	_
1195	آفیس	آفیس	آفیس	_	_
1196	در	در	در	_	_
1197	سمت	سم	سمت	_	_
1198	بالا-چپ	بالا-چپ	بالا-چپ	_	_
1199	کلیک	کلیک	کلیک	_	_
1200	کنید	کنید	کرد	_	_
1201	و	و	و	_	_
1202	از	از	از	_	_
1203	منوی	منو	منوی	_	_
1204	باز	باز	باز	_	_
1205	شده	شده	شده	_	_
1206	،	،	،	_	_
1207	از	از	از	_	_
1208	پایین	پا	پایین	_	_
1209	منو	منو	منو	_	_
1210	،	،	،	_	_
1211	دکمه‌ی	دکمه	دکمه	_	_
1212	را	را	را	_	_
1213	انتخاب	انتخاب	انتخاب	_	_
1214	کنید	کنید	کرد	_	_
1215	.	.	.	_	_
1216	در	در	در	_	_
1217	ورد	ورد	ورد	_	_
1218	۲۰۰۳:	۲۰۰۳:	۲۰۰۳:	_	_
1219	از	از	از	_	_
1220	منوی	منو	منوی	_	_
1221	بالا	بالا	بالا	_	_
1222	را	را	را	_	_
1223	انتخاب	انتخاب	انتخاب	_	_
1224	کنید	کنید	کرد	_	_
1225	.	.	.	_	_
1226	اینم	این	این	_	_
1227	که	که	که	_	_
1228	اینجا	اینجا	اینجا	_	_
1229	میبینی	میبین	میبینی	_	_
1230	یه	یه	یه	_	_
1231	سری	سر	سری	_	_
1232	از	از	از	_	_
1233	نمونه	نمونه	نمونه	_	_
1234	اعداده	اعداده	اعداده	_	_
1235	که	که	که	_	_
1236	من	من	من	_	_
1237	براتون	براتون	براتون	_	_
1238	گذاشتم	گذا	گذاشت	_	_
1239	حالشو	حالشو	حالشو	_	_
1240	ببرین	ببر	ببر	_	_
1241	هورااااا	هورااااا	هورااااا	_	_
1242	*	*	*	_	_
1243	٠	٠	٠	_	_
1244	۰	0	0	_	_
1245	١	١	١	_	_
1246	۱	1	1	_	_
1247	٢	٢	٢	_	_
1248	۲	2	2	_	_
1249	٣	٣	٣	_	_
1250	۳	3	3	_	_
1251	٤	٤	٤	_	_
1252	۳	3	3	_	_
1253	۴	4	4	_	_
1254	٥	٥	٥	_	_
1255	۵	5	5	_	_
1256	٦	٦	٦	_	_
1257	۶	6	6	_	_
1258	٧	٧	٧	_	_
1259	۳	3	3	_	_
1260	۷	7	7	_	_
1261	٨	٨	٨	_	_
1262	۸	8	8	_	_
1263	٩	٩	٩	_	_
1264	۳	3	3	_	_
1265	۹	9	9	_	_
1266	١٠	١٠	١٠	_	_
1267	۳	3	3	_	_
1268	۱۰	10	10	_	_
