0	بزرگترین	بزرگ	بزرگ	_	_
1	کاری	کار	کاشت	_	_
2	که	که	که	_	_
3	در	در	در	_	_
4	راستای	راستا	راستا	_	_
5	کشورگشایی	کشورگشا	کشورگشایی	_	_
6	می‌توان	می‌توان	می‌توان	_	_
7	انجام	انجام	انجام	_	_
8	داد	داد	داد	_	_
9	فرار	فرار	فرار	_	_
10	از	از	از	_	_
11	این	این	این	_	_
12	کشور	کشور	کشور	_	_
13	خراب‌	خراب	خراب	_	_
14	شده‌است	شده‌است	شد	_	_
15	.	.	.	_	_
16	مال	مال	مال	_	_
17	از	از	از	_	_
18	بهر	بهر	بهر	_	_
19	آسایش	آسایش	آسایش	_	_
20	عمر	عمر	عمر	_	_
21	است	است		_	_
22	،	،	،	_	_
23	نه	نه	نه	_	_
24	عمر	عمر	عمر	_	_
25	از	از	از	_	_
26	بهر	بهر	بهر	_	_
27	گرد	گِرد	گِرد	_	_
28	کردن	کردن	کردن	_	_
29	مال	مال	مال	_	_
30	.	.	.	_	_
31	عاقلی	عاقل	عاقلی	_	_
32	را	را	را	_	_
33	پرسیدند	پرسیدند	پرسید	_	_
34	:	:	:	_	_
35	نیکبخت	نیکبخت	نیکبخت	_	_
36	کیست	کیست	کیست	_	_
37	و	و	و	_	_
38	بدبختی	بدبخت	بدبخت	_	_
39	چیست	چیست	چیست	_	_
40	؟	؟	؟	_	_
41	گفت	گفت	گفت	_	_
42	:	:	:	_	_
43	نیکبخت	نیکبخت	نیکبخت	_	_
44	آن	آن	آن	_	_
45	که	که	که	_	_
46	خورد	خورد	خورد	_	_
47	و	و	و	_	_
48	کشت	کِ	کِشت	_	_
49	و	و	و	_	_
50	بدبخت	بدبخت	بدبخت	_	_
51	آنکه	آنکه	آنکه	_	_
52	مرد	مُرد	مُرد	_	_
53	و	و	و	_	_
54	هشت	هِ	هِشت	_	_
55	.	.	.	_	_
56	اوباشی	اوباش	اوباش	_	_
57	را	را	را	_	_
58	در	در	در	_	_
59	خیابان	خیابان	خیابان	_	_
60	دیدم	دید	دید	_	_
61	که	که	که	_	_
62	اعمال	اعمال	اعمال	_	_
63	نا	نا	نا	_	_
64	شایستی	شایست	شایستی	_	_
65	انجام	انجام	انجام	_	_
66	می‌دادند	می‌دادند	داد	_	_
67	.	.	.	_	_
68	مطالب	مطالب	مطالب	_	_
69	زیبایی	زیبا	زیبایی	_	_
70	در	در	در	_	_
71	باب	باب	باب	_	_
72	مساجد	مساجد	مساجد	_	_
73	خوانده‌	خوانده	خوانده	_	_
74	بودم	بود	بود	_	_
75	که	که	که	_	_
76	مورد	مورد	مورد	_	_
77	پسندم	پسند	پسندید	_	_
78	واقع	واقع	واقع	_	_
79	نشده‌بود	نشده‌بود	نشده‌بود	_	_
80	.	.	.	_	_
81	تجارب	تجارب	تجارب	_	_
82	خوبی	خوب	خوبی	_	_
83	در	در	در	_	_
84	زمینه‌	زمینه	زمینه	_	_
85	ی		ی	_	_
86	تجربه‌های	تجربه	تجربه	_	_
87	شخصی	شخص	شخص	_	_
88	دارم	دار	داشت	_	_
89	!	!	!	_	_
90	مهمترین	مه	مه	_	_
91	دلیل	دلیل	دلیل	_	_
92	در	در	در	_	_
93	بی	بی	بی	_	_
94	کاریهای	کاری	کاریهای	_	_
95	اکثر	اکثر	اکثر	_	_
96	دانشجویان	دانشجو	دانشجو	_	_
97	کشور	کشور	کشور	_	_
98	انتخاب	انتخاب	انتخاب	_	_
99	رشته	رشته	رشته	_	_
100	اشتباه	اشتباه	اشتباه	_	_
101	است	است		_	_
102	!	!	!	_	_
103	بهترین	به	بهترین	_	_
104	کتابی	کتاب	کتاب	_	_
105	که	که	که	_	_
106	خوانده‌ام	خوانده‌ا	خواند	_	_
107	کتاب	کتاب	کتاب	_	_
108	۳۰۰	۳۰۰	۳۰۰	_	_
109	سال	سال	سال	_	_
110	تنهایی	تنها	تنها	_	_
111	بود	بود	بود	_	_
112	!	!	!	_	_
113	در	در	در	_	_
114	۱۳	۱۳	۱۳	_	_
115	آبان	آب	آبان	_	_
116	سال	سال	سال	_	_
117	۱۳۹۷	۱۳۹۷	۱۳۹۷	_	_
118	یکی	یک	یک	_	_
119	از	از	از	_	_
120	مهمترین	مه	مه	_	_
121	اتفاقات	اتفاق	اتفاقات	_	_
122	زندگی	زندگی	زندگی	_	_
123	جامعه	جامعه	جامعه	_	_
124	بشری	بشر	بشر	_	_
125	رخ‌نداد	رخ‌نداد	رخ‌نداد	_	_
126	.	.	.	_	_
127	ظاهرا	ظاهراً	ظاهراً	_	_
128	بهترین	به	بهترین	_	_
129	کاری	کار	کاشت	_	_
130	که	که	که	_	_
131	میشود	میشود	میشود	_	_
132	انجام	انجام	انجام	_	_
133	داد	داد	داد	_	_
134	مشاهده	مشاهده	مشاهده	_	_
135	کار	کار	کار	_	_
136	بقیه	بقیه	بقیه	_	_
137	است	است		_	_
138	.	.	.	_	_
139	بزرگترین	بزرگ	بزرگ	_	_
140	عامل	عامل	عامل	_	_
141	پیروزی	پیروز	پیروزی	_	_
142	۲	2	2	_	_
143	بر	بر	بر	_	_
144	صفر	صفر	صفر	_	_
145	مقابل	مقابل	مقابل	_	_
146	تیم	ت	تیم	_	_
147	ضعیف	ضعیف	ضعیف	_	_
148	استقلال	استقلال	استقلال	_	_
149	،	،	،	_	_
150	ضعیف	ضعیف	ضعیف	_	_
151	بودن	بودن	بودن	_	_
152	این	این	این	_	_
153	تیم	ت	تیم	_	_
154	بود	بود	بود	_	_
155	.	.	.	_	_
156	اژدها	اژدها	اژدها	_	_
157	که	که	که	_	_
158	از	از	از	_	_
159	در	در	در	_	_
160	واردشد	واردشد	واردشد	_	_
161	همگی	همگی	همگی	_	_
162	ترسیدند	ترسیدند	ترسید	_	_
163	!	!	!	_	_
164	دانشجویان	دانشجو	دانشجو	_	_
165	دکترای	دکترا	دکترا	_	_
166	حاضر	حاضر	حاضر	_	_
167	در	در	در	_	_
168	کلاس	کلاس	کلاس	_	_
169	مسئول	مسئول	مسئول	_	_
170	هدایت	هدایت	هدایت	_	_
171	فرآیند	فرآیند	فرآیند	_	_
172	،	،	،	_	_
173	کنترل	کنترل	کنترل	_	_
174	ها		ها	_	_
175	،	،	،	_	_
176	تهیه	تهیه	تهیه	_	_
177	استانداردهای	استاندارد	استاندارد	_	_
178	مسابقه	مسابقه	مسابقه	_	_
179	و	و	و	_	_
180	برچسب	برچسب	برچسب	_	_
181	زنی	زن	زنی	_	_
182	داده	داده	داده	_	_
183	ها		ها	_	_
184	،	،	،	_	_
185	تکمیل	تکمیل	تکمیل	_	_
186	داده	داده	داده	_	_
187	تست	تس	تست	_	_
188	و	و	و	_	_
189	تهیه	تهیه	تهیه	_	_
190	گزارش	گزارش	گزارش	_	_
191	(	(	(	_	_
192	مقاله	مقاله	مقاله	_	_
193	)	)	)	_	_
194	مروری	مرور	مرور	_	_
195	از	از	از	_	_
196	کل	کل	کل	_	_
197	مطالعه	مطالعه	مطالعه	_	_
198	و	و	و	_	_
199	بررسی	بررسی	بررسی	_	_
200	انجام	انجام	انجام	_	_
201	شده	شده	شده	_	_
202	هستند	هستند		_	_
203	لذا	لذا	لذا	_	_
204	باید	باید	باید	_	_
205	به	به	به	_	_
206	کل	کل	کل	_	_
207	ابزارها	ابزار	ابزار	_	_
208	اشراف	اشراف	اشراف	_	_
209	نسبی	نسب	نسبی	_	_
210	داشته‌باشند	داشته‌باشند	داشت	_	_
211	.	.	.	_	_
212	شرح	شرح	شرح	_	_
213	وظایف	وظایف	وظایف	_	_
214	این	این	این	_	_
215	دسته	دسته	دسته	_	_
216	جداگانه	جداگانه	جداگانه	_	_
217	در	در	در	_	_
218	جلسه	جلسه	جلسه	_	_
219	حضوری	حضور	حضور	_	_
220	تشریح	تشریح	تشریح	_	_
221	خواهد‌شد	خواهد‌شد	شد	_	_
222	.	.	.	_	_
223	دیگری	دیگر	دیگر	_	_
224	جمع	جمع	جمع	_	_
225	«	«	«	_	_
226	مکسر	مکسر	مکسر	_	_
227	»	»	»	_	_
228	است	است		_	_
229	که	که	که	_	_
230	قاعدۀ	قاعده	قاعده	_	_
231	معینی	معین	معین	_	_
232	ندارد	ندارد	داشت	_	_
233	،	،	،	_	_
234	یعنی	یعنی	یعنی	_	_
235	«	«	«	_	_
236	قیاسی	قیاس	قیاس	_	_
237	»	»	»	_	_
238	نیست	نیست	نیست	_	_
239	،	،	،	_	_
240	«	«	«	_	_
241	سماعی	سماع	سماع	_	_
242	»	»	»	_	_
243	است	است		_	_
244	و	و	و	_	_
245	در	در	در	_	_
246	مورد	مورد	مورد	_	_
247	هر	هر	هر	_	_
248	اسم	اسم	اسم	_	_
249	مفردی	مفرد	مفرد	_	_
250	باید	باید	باید	_	_
251	دید	دید	دید	_	_
252	یا	یا	یا	_	_
253	در	در	در	_	_
254	واقع	واقع	واقع	_	_
255	شنید	شنید	شنید	_	_
256	که	که	که	_	_
257	اهل	اهل	اهل	_	_
258	زبان	زبان	زبان	_	_
259	مفرد	مفرد	مفرد	_	_
260	آن	آن	آن	_	_
261	را	را	را	_	_
262	به	به	به	_	_
263	چه	چه	چه	_	_
264	صورت	صور	صورت	_	_
265	می‌شکند	می‌شکند	شکست	_	_
266	و	و	و	_	_
267	چه‌گونه	چه‌گونه	چه‌گونه	_	_
268	به	به	به	_	_
269	صورت	صور	صورت	_	_
270	جمع	جمع	جمع	_	_
271	مکسر	مکسر	مکسر	_	_
272	یا	یا	یا	_	_
273	شکسته	شکسته	شکسته	_	_
274	درمی‌آورد	درمی‌آورد	درمی‌آورد	_	_
275	.	.	.	_	_
