0	در	در	در	_	_
1	شب	شب	شب	_	_
2	شبنم	شبنم	شبنم	_	_
3	نم	نم	نم	_	_
4	نم	نم	نم	_	_
5	نم	نم	نم	_	_
6	را	را	را	_	_
7	بر	بر	بر	_	_
8	تن	تن	تن	_	_
9	گلبرگ	گلبرگ	گلبرگ	_	_
10	پوشاند	پوشاند	پوشاند	_	_
11	.	.	.	_	_
12	سخنان	سخن	سخن	_	_
13	خاطر	خاطر	خاطر	_	_
14	پریشان	پر	پریشان	_	_
15	خاطرم	خاطر	خاطر	_	_
16	را	را	را	_	_
17	پریشان	پر	پریشان	_	_
18	می	می	می	_	_
19	کند	کند	کند	_	_
20	.	.	.	_	_
21	به	به	به	_	_
22	خاطر	خاطر	خاطر	_	_
23	زیادی	زیاد	زیاد	_	_
24	رویش	رو	رویش	_	_
25	رویش	رو	رویش	_	_
26	از	از	از	_	_
27	رویش	رو	رویش	_	_
28	ریش	ری	ریش	_	_
29	کم	کم	کم	_	_
30	شد	شد	شد	_	_
31	.	.	.	_	_
32	دانه	دانه	دانه	_	_
33	دانست	دانست	دانست	_	_
34	که	که	که	_	_
35	دانه	دانه	دانه	_	_
36	ست	ست	ست	_	_
37	و	و	و	_	_
38	می	می	می	_	_
39	روید	روید	رفت	_	_
40	که	که	که	_	_
41	به	به	به	_	_
42	زیر	زیر	زیر	_	_
43	رفت	رف	رفت	_	_
44	شما	شما	شما	_	_
45	چرا	چرا	چرا	_	_
46	می	می	می	_	_
47	روید	روید	رفت	_	_
48	.	.	.	_	_
49	بی	بی	بی	_	_
50	تا	تا	تا	_	_
51	بی	بی	بی	_	_
52	تابی	تاب	تاب	_	_
53	می	می	می	_	_
54	کرد	کرد	کرد	_	_
55	چون	چون	چون	_	_
56	بی	بی	بی	_	_
57	تا	تا	تا	_	_
58	نبود	نبود	بود	_	_
59	.	.	.	_	_
60	سه	سه	سه	_	_
61	تا	تا	تا	_	_
62	سه	سه	سه	_	_
63	تا	تا	تا	_	_
64	سه	سه	سه	_	_
65	تار	تار	تار	_	_
66	سه	سه	سه	_	_
67	تار	تار	تار	_	_
68	را	را	را	_	_
69	برداشت	برداشت	برداشت	_	_
70	.	.	.	_	_
71	شهره	شهره	شهره	_	_
72	شهره	شهره	شهره	_	_
73	شهر	شهر	شهر	_	_
74	است	است		_	_
75	.	.	.	_	_
76	در	در	در	_	_
77	این	این	این	_	_
78	درگه	درگه	درگه	_	_
79	که	که	که	_	_
80	گه	گه	گه	_	_
81	گه	گه	گه	_	_
82	که	که	که	_	_
83	که	که	که	_	_
84	و	و	و	_	_
85	که	که	که	_	_
86	که	که	که	_	_
87	شود	شود	شد	_	_
88	ناگه	ناگه	ناگه	_	_
89	مشو	مشو	مشو	_	_
90	غره	غره	غره	_	_
91	به	به	به	_	_
92	امروزت	امروز	امروز	_	_
93	که	که	که	_	_
94	از	از	از	_	_
95	فردا	فردا	فردا	_	_
96	نه	نه	نه	_	_
97	ایی	ا	ایی	_	_
98	آگه	آگه	آگه	_	_
99	.	.	.	_	_
100	تو	تو	تو	_	_
101	خود	خود	خود	_	_
102	ناگه	ناگه	ناگه	_	_
103	وصالم	وصال	وصال	_	_
104	داده	داده	داده	_	_
105	ایی	ا	ایی	_	_
106	بر	بر	بر	_	_
107	درگه	درگه	درگه	_	_
108	فضلت	فضل	فضل	_	_
109	که	که	که	_	_
110	گه	گه	گه	_	_
111	گه	گه	گه	_	_
112	دل	دل	دل	_	_
113	کجا	کجا	کجا	_	_
114	آگه	آگه	آگه	_	_
115	شود	شود	شد	_	_
116	از	از	از	_	_
117	در	در	در	_	_
118	گهت	گه	گه	_	_
119	هر	هر	هر	_	_
120	گه	گه	گه	_	_
121	.	.	.	_	_
122	صدیقه	صدیقه	صدیقه	_	_
123	صدیقه	صدیقه	صدیقه	_	_
124	دوخت	دوخت	دوخت	_	_
125	.	.	.	_	_
126	آنقدر	آنقدر	آنقدر	_	_
127	بست	بس	بست	_	_
128	نشست	نشست	نشست	_	_
129	تا	تا	تا	_	_
130	آب	آب	آب	_	_
131	را	را	را	_	_
132	بست	بس	بست	_	_
133	.	.	.	_	_
134	دوش	دو	دوش	_	_
135	دوشش	دوش	دوش	_	_
136	را	را	را	_	_
137	بست	بس	بست	_	_
138	و	و	و	_	_
139	بر	بر	بر	_	_
140	دوشش	دوش	دوش	_	_
141	گذاشت	گذا	گذاشت	_	_
142	و	و	و	_	_
143	گاو	گاو	گاو	_	_
144	را	را	را	_	_
145	دوشید	دوشید	دوشید	_	_
146	.	.	.	_	_
147	مه	مه	مه	_	_
148	مه	مه	مه	_	_
149	را	را	را	_	_
150	مهار	مهار	مهار	_	_
151	کرد	کرد	کرد	_	_
152	.	.	.	_	_
153	ما	ما	ما	_	_
154	زیاد	زیاد	زیاد	_	_
155	زیاد	زیاد	زیاد	_	_
156	می	می	می	_	_
157	رویم	رو	رفت	_	_
158	.	.	.	_	_
159	پرسید	پرسید	پرسید	_	_
160	برای	برای	برای	_	_
161	شام	شام	شام	_	_
162	چه	چه	چه	_	_
163	شامی	شام	شامی	_	_
164	داریم	داریم	داشت	_	_
165	گفتم	گفت	گفت	_	_
166	شامی	شام	شامی	_	_
167	.	.	.	_	_
168	با	با	با	_	_
169	صدای	صدا	صدا	_	_
170	بلند	بلند	بلند	_	_
171	آواز	آواز	آواز	_	_
172	سرداد	سرداد	سرداد	_	_
173	که	که	که	_	_
174	هوای	هوا	هوا	_	_
175	سرد	سرد	سرد	_	_
176	سردرد	سردرد	سردرد	_	_
177	می	می	می	_	_
178	آورد	آورد	آورد	_	_
179	.	.	.	_	_
180	سبک	سبک	سبک	_	_
181	سبکی	سبک	سبک	_	_
182	را	را	را	_	_
183	برای	برای	برای	_	_
184	نوشتن	نوشتن	نوشتن	_	_
185	دارد	دارد	داشت	_	_
186	.	.	.	_	_
187	شعر	شعر	شعر	_	_
188	را	را	را	_	_
189	از	از	از	_	_
190	بر	بر	بر	_	_
191	خواند	خواند	خواند	_	_
192	.	.	.	_	_
193	به	به	به	_	_
194	را	را	را	_	_
195	خورد	خورد	خورد	_	_
196	و	و	و	_	_
197	گفت	گفت	گفت	_	_
198	به	به	به	_	_
199	به	به	به	_	_
200	به	به	به	_	_
201	این	این	این	_	_
202	به	به	به	_	_
203	!	!	!	_	_
204	درست	درس	درست	_	_
205	درست	درس	درست	_	_
206	را	را	را	_	_
207	بخوان	بخو	خواند	_	_
208	.	.	.	_	_
209	چوب	چوب	چوب	_	_
210	خط	خط	خط	_	_
211	خطی	خط	خط	_	_
212	پر	پر	پر	_	_
213	از	از	از	_	_
214	چوب	چوب	چوب	_	_
215	خط	خط	خط	_	_
216	بود	بود	بود	_	_
217	.	.	.	_	_
218	چهار	چهار	چهار	_	_
219	پایان	پا	پایان	_	_
220	پایان	پا	پایان	_	_
221	راه	راه	راه	_	_
222	را	را	را	_	_
223	پاییدند	پاییدند	پاییدند	_	_
224	.	.	.	_	_
225	یک	یک	یک	_	_
226	فرد	فرد	فرد	_	_
227	با	با	با	_	_
228	لباس	لباس	لباس	_	_
229	راه	راه	راه	_	_
230	راه	راه	راه	_	_
231	راه	راه	راه	_	_
232	بندان	بند	بند	_	_
233	به	به	به	_	_
234	راه	راه	راه	_	_
235	انداخته‌بود	انداخته‌بود	انداخت	_	_
236	.	.	.	_	_
237	نم	نم	نم	_	_
238	نمک	نمک	نمک	_	_
239	نمک	نمک	نمک	_	_
240	را	را	را	_	_
241	به	به	به	_	_
242	غذا	غذا	غذا	_	_
243	اضافه	اضافه	اضافه	_	_
244	کن	کن	کن	_	_
245	.	.	.	_	_
246	چون	چون	چون	_	_
247	هوا	هوا	هوا	_	_
248	تاریک	تاریک	تاریک	_	_
249	است	است		_	_
250	در	در	در	_	_
251	بامداد	بامداد	بامداد	_	_
252	بامداد	بامداد	بامداد	_	_
253	بنویس	بنویس	نوشت	_	_
254	تا	تا	تا	_	_
255	بتوانی	بتوان	توانست	_	_
256	با	با	با	_	_
257	پاک	پاک	پاک	_	_
258	کن	کن	کن	_	_
259	آن	آن	آن	_	_
260	را	را	را	_	_
261	پاک	پاک	پاک	_	_
262	کنی	کن	کرد	_	_
263	.	.	.	_	_
264	از	از	از	_	_
265	بس	بس	بس	_	_
266	به	به	به	_	_
267	من	من	من	_	_
268	گفت	گفت	گفت	_	_
269	نترس	نترس	نترس	_	_
270	!	!	!	_	_
271	تا	تا	تا	_	_
272	من	من	من	_	_
273	نترس	نترس	نترس	_	_
274	به	به	به	_	_
275	بار	بار	بار	_	_
276	آمدم	آمد	آمد	_	_
277	.	.	.	_	_
278	حس	حس	حس	_	_
279	کردم	کرد	کرد	_	_
280	دستم	دست	دست	_	_
281	بی	بی	بی	_	_
282	حس	حس	حس	_	_
283	شده‌است	شده‌است	شد	_	_
284	.	.	.	_	_
285	گزیده	گزیده	گزیده	_	_
286	حرفش	حرف	حرف	_	_
287	این	این	این	_	_
288	بود	بود	بود	_	_
289	که	که	که	_	_
290	ما	ما	ما	_	_
291	را	را	را	_	_
292	مار	مار	مار	_	_
293	گزیده	گزیده	گزیده	_	_
294	است	است		_	_
295	.	.	.	_	_
296	با	با	با	_	_
297	گویش	گوی	گویش	_	_
298	خاصی	خاص	خاص	_	_
299	گفت	گفت	گفت	_	_
300	گویش	گوی	گویش	_	_
301	را	را	را	_	_
302	بردار	بردار	بردار	_	_
303	.	.	.	_	_
304	با	با	با	_	_
305	آن	آن	آن	_	_
306	که	که	که	_	_
307	اتاق	اتاق	اتاق	_	_
308	سوت	سو	سوت	_	_
309	و	و	و	_	_
310	کور	کور	کور	_	_
311	بود	بود	بود	_	_
312	باز	باز	باز	_	_
313	هم	هم	هم	_	_
314	صدایی	صدا	صدا	_	_
315	شنیده	شنیده	شنیده	_	_
316	نمی	نم	نم	_	_
317	شد	شد	شد	_	_
318	.	.	.	_	_
319	قدم	قد	قدم	_	_
320	قدم	قد	قدم	_	_
321	جلو	جلو	جلو	_	_
322	رفتم	رف	رفت	_	_
323	و	و	و	_	_
324	قدم	قد	قدم	_	_
325	را	را	را	_	_
326	خم	خم	خم	_	_
327	کردم	کرد	کرد	_	_
328	.	.	.	_	_
329	سرو	سرو	سرو	_	_
330	صورتش	صورت	صورت	_	_
331	را	را	را	_	_
332	سایه	سایه	سایه	_	_
333	انداخته‌بود	انداخته‌بود	انداخت	_	_
334	.	.	.	_	_
335	یک	یک	یک	_	_
336	ماهی	ماه	ماه	_	_
337	ماهی	ماه	ماه	_	_
338	چندین	چند	چندین	_	_
339	لیتر	لیتر	لیتر	_	_
340	آب	آب	آب	_	_
341	می	می	می	_	_
342	خورد	خورد	خورد	_	_
343	.	.	.	_	_
344	سراسیمه	سراسیمه	سراسیمه	_	_
345	گفت	گفت	گفت	_	_
346	کی	کی	کی	_	_
347	برد	برد	برد	_	_
348	را	را	را	_	_
349	کی	کی	کی	_	_
350	برد	برد	برد	_	_
351	؟	؟	؟	_	_
352	به	به	به	_	_
353	پایان	پا	پایان	_	_
354	آمد	آمد	آمد	_	_
355	این	این	این	_	_
356	دفتر	دف	دفتر	_	_
357	حکایت	حکایت	حکایت	_	_
358	همچنان	همچنان	همچنان	_	_
359	باقیست	باقیس	باقیست	_	_
360	.	.	.	_	_
361	هرچه	هرچه	هرچه	_	_
362	در	در	در	_	_
363	سر	سر	سر	_	_
364	داشت	داش	داشت	_	_
365	را	را	را	_	_
366	به	به	به	_	_
367	کار	کار	کار	_	_
368	گرفت	گرفت	گرفت	_	_
369	.	.	.	_	_
370	مادر	مادر	مادر	_	_
371	بی	بی	بی	_	_
372	تو	تو	تو	_	_
373	مادرمانده	مادرمانده	مادرمانده	_	_
374	ایم	ای	ای	_	_
375	.	.	.	_	_
376	با	با	با	_	_
377	هر	هر	هر	_	_
378	که	که	که	_	_
379	گشتم	گشت	گشت	_	_
380	دیوانه	دیوانه	دیوانه	_	_
381	گشتم	گشت	گشت	_	_
382	.	.	.	_	_
383	حالا	حالا	حالا	_	_
384	که	که	که	_	_
385	خوب	خوب	خوب	_	_
386	فکر	فکر	فکر	_	_
387	می	می	می	_	_
388	کنم	کن	کرد	_	_
389	او	او	او	_	_
390	پر	پر	پر	_	_
391	بی	بی	بی	_	_
392	راه	راه	راه	_	_
393	نمی	نم	نم	_	_
394	گفت	گفت	گفت	_	_
395	.	.	.	_	_
396	با	با	با	_	_
397	تکان	تک	تکان	_	_
398	دادن	دادن	دادن	_	_
399	لب	لب	لب	_	_
400	لب	لب	لب	_	_
401	کلام	کلام	کلام	_	_
402	را	را	را	_	_
403	گفت	گفت	گفت	_	_
404	.	.	.	_	_
405	او	او	او	_	_
406	را	را	را	_	_
407	ضمیر	ضمیر	ضمیر	_	_
408	ناخود	ناخود	ناخود	_	_
409	آگاهش	آگاه	آگاه	_	_
410	آگاهش	آگاه	آگاه	_	_
411	کرد	کرد	کرد	_	_
412	.	.	.	_	_
413	او	او	او	_	_
414	خودکار	خودکار	خودکار	_	_
415	خودکار	خودکار	خودکار	_	_
416	خودکارش	خودکار	خودکار	_	_
417	را	را	را	_	_
418	انجام	انجام	انجام	_	_
419	می	می	می	_	_
420	داد	داد	داد	_	_
421	.	.	.	_	_
422	دزد	دزد	دزد	_	_
423	به	به	به	_	_
424	قصد	قصد	قصد	_	_
425	دست	دست	دست	_	_
426	برد	برد	برد	_	_
427	به	به	به	_	_
428	سمت	سم	سمت	_	_
429	کیف	کیف	کیف	_	_
430	دست	دست	دست	_	_
431	برد	برد	برد	_	_
432	.	.	.	_	_
433	روش	رو	روش	_	_
434	و	و	و	_	_
435	سنت	سن	سنت	_	_
436	اینجا	اینجا	اینجا	_	_
437	اینگونه	اینگونه	اینگونه	_	_
438	است	است		_	_
439	که	که	که	_	_
440	باید	باید	باید	_	_
441	سنت	سن	سنت	_	_
442	را	را	را	_	_
443	بگویی	بگو	گفت	_	_
444	.	.	.	_	_
445	شاهی	شاه	شاه	_	_
446	را	را	را	_	_
447	دیدم	دید	دید	_	_
448	که	که	که	_	_
449	حتی	حتی	حتی	_	_
450	یک	یک	یک	_	_
451	شاهی	شاه	شاه	_	_
452	راهم	راه	راه	_	_
453	هدیه	هدیه	هدیه	_	_
454	نمی	نم	نم	_	_
455	داد	داد	داد	_	_
456	.	.	.	_	_
457	راهم	راه	راه	_	_
458	راهم	راه	راه	_	_
459	بستند	بستند	بست	_	_
460	.	.	.	_	_
461	تشکر	تشکر	تشکر	_	_
462	زبانی	زبان	زبان	_	_
463	زبانی	زبان	زبان	_	_
464	این	این	این	_	_
465	مجلس	مجلس	مجلس	_	_
466	کافی	کافی	کافی	_	_
467	نیست	نیست	نیست	_	_
468	.	.	.	_	_
469	نقاش	نقاش	نقاش	_	_
470	بعد	بعد	بعد	_	_
471	از	از	از	_	_
472	اینکه	اینکه	اینکه	_	_
473	یک	یک	یک	_	_
474	دست	دست	دست	_	_
475	کشید	کشید	کشید	_	_
476	از	از	از	_	_
477	کارش	کار	کار	_	_
478	دست	دست	دست	_	_
479	کشید	کشید	کشید	_	_
480	.	.	.	_	_
481	معلم	معلم	معلم	_	_
482	در	در	در	_	_
483	کلاس	کلاس	کلاس	_	_
484	زیست	زیس	زیست	_	_
485	بی	بی	بی	_	_
486	هوا	هوا	هوا	_	_
487	گفت	گفت	گفت	_	_
488	بی	بی	بی	_	_
489	هوا	هوا	هوا	_	_
490	نمی	نم	نم	_	_
491	توان	تو	توان	_	_
492	زیست	زیس	زیست	_	_
493	.	.	.	_	_
494	تحقیقات	تحقیق	تحقیقات	_	_
495	سری	سر	سری	_	_
496	خاطر	خاطر	خاطر	_	_
497	نشان	نشان	نشان	_	_
498	کرده‌اند	کرده‌اند	کرد	_	_
499	که	که	که	_	_
500	موهای	مو	مو	_	_
501	کمند	کمند	کمند	_	_
502	کمند	کمند	کمند	_	_
503	.	.	.	_	_
504	مار	مار	مار	_	_
505	سمی	سم	سم	_	_
506	سمش	سم	سم	_	_
507	سمی	سم	سم	_	_
508	کشنده	کشنده	کشنده	_	_
509	است	است		_	_
510	.	.	.	_	_
511	گوسفند	گوسفند	گوسفند	_	_
512	سمش	سم	سم	_	_
513	را	را	را	_	_
514	به	به	به	_	_
515	زمین	زمین	زمین	_	_
516	کوبید	کوبید	کوبید	_	_
517	.	.	.	_	_
518	باد	باد	باد	_	_
519	ابرها	ابر	ابر	_	_
520	را	را	را	_	_
521	پراکنده	پراکنده	پراکنده	_	_
522	ساخت	ساخت	ساخت	_	_
523	.	.	.	_	_
524	ابرابری	ابرابر	ابرابری	_	_
525	در	در	در	_	_
526	آسمان	آسم	آسمان	_	_
527	سایه	سایه	سایه	_	_
528	گسترانید	گسترانید	گسترانید	_	_
529	.	.	.	_	_
530	با	با	با	_	_
531	بارش	بار	بارش	_	_
532	باران	بار	باران	_	_
533	او	او	او	_	_
534	هم	هم	هم	_	_
535	کما	کما	کما	_	_
536	بیش	بی	بیش	_	_
537	تر	تر	تر	_	_
538	شد	شد	شد	_	_
539	.	.	.	_	_
540	در	در	در	_	_
541	انتهای	انتها	انتها	_	_
542	مسابقه	مسابقه	مسابقه	_	_
543	مهره	مهره	مهره	_	_
544	آسمان	آسم	آسمان	_	_
545	را	را	را	_	_
546	رو	رو	رو	_	_
547	کردیم	کرد	کرد	_	_
548	.	.	.	_	_
549	او	او	او	_	_
550	خود	خود	خود	_	_
551	را	را	را	_	_
552	سیر	سیر	سیر	_	_
553	کرد	کرد	کرد	_	_
554	و	و	و	_	_
555	در	در	در	_	_
556	اطراف	اطراف	اطراف	_	_
557	سیر	سیر	سیر	_	_
558	کرد	کرد	کرد	_	_
559	.	.	.	_	_
560	ادب	ادب	ادب	_	_
561	آداب	آداب	آداب	_	_
562	دارد	دارد	داشت	_	_
563	.	.	.	_	_
564	با	با	با	_	_
565	دیدن	دیدن	دیدن	_	_
566	صحنه	صحنه	صحنه	_	_
567	دهانش	دهان	دهان	_	_
568	باز	باز	باز	_	_
569	ماند	ماند	ماند	_	_
570	چرا	چرا	چرا	_	_
571	که	که	که	_	_
572	بزرگش	بزرگ	بزرگ	_	_
573	را	را	را	_	_
574	زد	زد	زد	_	_
575	.	.	.	_	_
576	خیزید	خیزید	خیزید	_	_
577	و	و	و	_	_
578	خز	خز	خز	_	_
579	آرید	آرید	آرید	_	_
580	که	که	که	_	_
581	هنگام	هنگام	هنگام	_	_
582	خزان	خز	خزان	_	_
583	است	است		_	_
584	باد	باد	باد	_	_
585	خنک	خنک	خنک	_	_
586	از	از	از	_	_
587	جانب	جانب	جانب	_	_
588	خوارزم	خوارزم	خوارزم	_	_
589	وزان	وز	وزان	_	_
590	است	است		_	_
591	.	.	.	_	_
592	نیایش	نیایش	نیایش	_	_
593	به	به	به	_	_
594	همراه	همراه	همراه	_	_
595	نیایش	نیایش	نیایش	_	_
596	در	در	در	_	_
597	مراسم	مراسم	مراسم	_	_
598	شرکت	شرک	شرکت	_	_
599	کرد	کرد	کرد	_	_
600	.	.	.	_	_
601	آرایشگر	آرایشگر	آرایشگر	_	_
602	گفت	گفت	گفت	_	_
603	تنها	تنها	تنها	_	_
604	فرق	فرق	فرق	_	_
605	سر	سر	سر	_	_
606	او	او	او	_	_
607	با	با	با	_	_
608	من	من	من	_	_
609	در	در	در	_	_
610	داشتن	داشتن	داشتن	_	_
611	فرق	فرق	فرق	_	_
612	سر	سر	سر	_	_
613	است	است		_	_
614	.	.	.	_	_
615	کاچی	کاچ	کاچی	_	_
616	به	به	به	_	_
617	از	از	از	_	_
618	هیچی	هیچ	هیچ	_	_
619	.	.	.	_	_
620	تاکسی	تاکس	تاکسی	_	_
621	تاکسی	تاکس	تاکسی	_	_
622	تاکسی	تاکس	تاکسی	_	_
623	نخواست	نخواس	خواست	_	_
624	نایست	نایس	ایستاد	_	_
625	.	.	.	_	_
626	او	او	او	_	_
627	بروروی	برورو	بروروی	_	_
628	زیبایی	زیبا	زیبایی	_	_
629	داشت	داش	داشت	_	_
630	.	.	.	_	_
631	وندادم	ونداد	وندادم	_	_
632	در	در	در	_	_
633	راهی	راه	راه	_	_
634	بود	بود	بود	_	_
635	.	.	.	_	_
636	لبو	لبو	لبو	_	_
637	دهنش	دهن	دهنش	_	_
638	را	را	را	_	_
639	سرخ	سرخ	سرخ	_	_
640	کرد	کرد	کرد	_	_
641	.	.	.	_	_
642	سرما	سرما	سرما	_	_
643	سرمایی	سرما	سرما	_	_
644	که	که	که	_	_
645	بالای	بالا	بالا	_	_
646	سرما	سرما	سرما	_	_
647	بود	بود	بود	_	_
648	را	را	را	_	_
649	سرد	سرد	سرد	_	_
650	کرد	کرد	کرد	_	_
651	.	.	.	_	_
652	سرما	سرما	سرما	_	_
653	سرما	سرما	سرما	_	_
654	را	را	را	_	_
655	سر	سر	سر	_	_
656	کرد	کرد	کرد	_	_
657	.	.	.	_	_
658	سردردش	سردرد	سردرد	_	_
659	او	او	او	_	_
660	به	به	به	_	_
661	دردسر	دردسر	دردسر	_	_
662	انداخت	انداخ	انداخت	_	_
663	.	.	.	_	_
664	زهرروی	زهررو	زهرروی	_	_
665	کار	کار	کار	_	_
666	او	او	او	_	_
667	نادرست	نادرست	نادرست	_	_
668	بود	بود	بود	_	_
669	.	.	.	_	_
670	او	او	او	_	_
671	از	از	از	_	_
672	سرکه	سرکه	سرکه	_	_
673	هیچ	هیچ	هیچ	_	_
674	شانسی	شانس	شانس	_	_
675	نیاورد	نیاورد	آورد	_	_
676	.	.	.	_	_
677	میزبان	میزبان	میزبان	_	_
678	گفت	گفت	گفت	_	_
679	قدمتان	قدم	قدم	_	_
680	میمون	میمون	میمون	_	_
681	و	و	و	_	_
682	مبارک	مبارک	مبارک	_	_
683	پی	پی	پی	_	_
684	است	است		_	_
685	.	.	.	_	_
686	او	او	او	_	_
687	لکنت	لکن	لکنت	_	_
688	شدیدی	شدید	شدید	_	_
689	داشت	داش	داشت	_	_
690	و	و	و	_	_
691	همیشه	همیشه	همیشه	_	_
692	من	من	من	_	_
693	و	و	و	_	_
694	من	من	من	_	_
695	می	می	می	_	_
696	کرد	کرد	کرد	_	_
697	و	و	و	_	_
698	به	به	به	_	_
699	تت	ت	تت	_	_
700	و	و	و	_	_
701	پت	پ	پت	_	_
702	می	می	می	_	_
703	افتاد	افتاد	افتاد	_	_
704	.	.	.	_	_
705	چونین	چون	چون	_	_
706	بود	بود	بود	_	_
707	که	که	که	_	_
708	دیگر	دیگر	دیگر	_	_
709	کسی	کس	کس	_	_
710	احترامش	احترام	احترام	_	_
711	نمی	نم	نم	_	_
712	کرد	کرد	کرد	_	_
713	.	.	.	_	_
714	او	او	او	_	_
715	مشتاق	مشتاق	مشتاق	_	_
716	گفت	گفت	گفت	_	_
717	و	و	و	_	_
718	شنود	شنود	شنود	_	_
719	بین	بین	بین	_	_
720	ما	ما	ما	_	_
721	بود	بود	بود	_	_
722	.	.	.	_	_
723	روان	رو	روان	_	_
724	شناس	شناس	شناس	_	_
725	علت	علت	علت	_	_
726	خواب	خواب	خواب	_	_
727	گفت	گفت	گفت	_	_
728	های		های	_	_
729	شبانه	شبانه	شبانه	_	_
730	او	او	او	_	_
731	را	را	را	_	_
732	کشف	کشف	کشف	_	_
733	کرد	کرد	کرد	_	_
734	.	.	.	_	_
735	شعبه	شعبه	شعبه	_	_
736	باز	باز	باز	_	_
737	با	با	با	_	_
738	سیاه	سیاه	سیاه	_	_
739	بازی	باز	بازی	_	_
740	خاصی	خاص	خاص	_	_
741	تمام	تمام	تمام	_	_
742	حاضران	حاضر	حاضر	_	_
743	را	را	را	_	_
744	فریب	فریب	فریب	_	_
745	داد	داد	داد	_	_
746	.	.	.	_	_
747	صورتش	صورت	صورت	_	_
748	در	در	در	_	_
749	تاریکی	تاریک	تاریکی	_	_
750	سیاه	سیاه	سیاه	_	_
751	و	و	و	_	_
752	اغبر	اغبر	اغبر	_	_
753	دیده	دیده	دیده	_	_
754	می	می	می	_	_
755	شد	شد	شد	_	_
756	.	.	.	_	_
757	آن	آن	آن	_	_
758	قدر	قدر	قدر	_	_
759	تلاش	تلاش	تلاش	_	_
760	کرد	کرد	کرد	_	_
761	تا	تا	تا	_	_
762	دوستش	دوست	دوست	_	_
763	ترش	تر	ترش	_	_
764	رویش	رو	رویش	_	_
765	بالاخره	بالاخره	بالاخره	_	_
766	به	به	به	_	_
767	خنده	خنده	خنده	_	_
768	افتاد	افتاد	افتاد	_	_
769	.	.	.	_	_
770	من	من	من	_	_
771	چو	چو	چو	_	_
772	لب	لب	لب	_	_
773	ژاله	ژاله	ژاله	_	_
774	شدم	شد	شد	_	_
775	خنده	خنده	خنده	_	_
776	ناک	ناک	ناک	_	_
777	،	،	،	_	_
778	جامه	جامه	جامه	_	_
779	به	به	به	_	_
780	صد	صد	صد	_	_
781	جای	جا	جای	_	_
782	چو	چو	چو	_	_
783	گل	گل	گل	_	_
784	کرده	کرده	کرده	_	_
785	چاک	چاک	چاک	_	_
786	.	.	.	_	_
787	لشکر	لشکر	لشکر	_	_
788	دشمن	دشمن	دشمن	_	_
789	ما	ما	ما	_	_
790	را	را	را	_	_
791	به	به	به	_	_
792	انهزام	انهزا	انهزام	_	_
793	واداشت	وادا	واداشت	_	_
794	.	.	.	_	_
795	از	از	از	_	_
796	وقتی	وقت	وقت	_	_
797	که	که	که	_	_
798	او	او	او	_	_
799	را	را	را	_	_
800	دید	دید	دید	_	_
801	شیدا	شیدا	شیدا	_	_
802	شد	شد	شد	_	_
803	.	.	.	_	_
804	کسی	کس	کس	_	_
805	کاندر	کاندر	کاندر	_	_
806	آب	آب	آب	_	_
807	است	است		_	_
808	و	و	و	_	_
809	آب	آب	آب	_	_
810	آشناست	آشناس	آشناست	_	_
811	از	از	از	_	_
812	آب	آب	آب	_	_
813	ار	ار	ار	_	_
814	چو	چو	چو	_	_
815	آتش	آتش	آتش	_	_
816	بترسد	بترسد	ترسید	_	_
817	رواست	رواس	رواست	_	_
818	.	.	.	_	_
819	آب	آب	آب	_	_
820	دریا	دریا	دریا	_	_
821	شور	شور	شور	_	_
822	بود	بود	بود	_	_
823	و	و	و	_	_
824	او	او	او	_	_
825	ناچار	ناچار	ناچار	_	_
826	شد	شد	شد	_	_
827	آن	آن	آن	_	_
828	را	را	را	_	_
829	بجوشاند	بجوشاند	بجوشاند	_	_
830	تا	تا	تا	_	_
831	آب	آب	آب	_	_
832	مقطر	مقطر	مقطر	_	_
833	درست	درس	درست	_	_
834	کند	کند	کند	_	_
835	.	.	.	_	_
836	پدرش	پدر	پدر	_	_
837	برایش	برای	برای	_	_
838	آستین	آستین	آستین	_	_
839	بالا	بالا	بالا	_	_
840	زد	زد	زد	_	_
841	.	.	.	_	_
842	مراسم	مراسم	مراسم	_	_
843	جشن	جشن	جشن	_	_
844	درسالن	درسالن	درسالن	_	_
845	آمفی	آمف	آمفی	_	_
846	تاتر	تا	تا	_	_
847	دانشکده	دانشکده	دانشکده	_	_
848	برگزار	برگزار	برگزار	_	_
849	شد	شد	شد	_	_
850	.	.	.	_	_
851	بالاخانه	بالاخانه	بالاخانه	_	_
852	ها		ها	_	_
853	را	را	را	_	_
854	معمولا	معمولاٌ	معمولاٌ	_	_
855	برای	برای	برای	_	_
856	دراویش	دراویش	دراویش	_	_
857	و	و	و	_	_
858	پیرمرادها	پیرمراد	پیرمراد	_	_
859	و	و	و	_	_
860	بصورت	بصور	بصورت	_	_
861	نذر	نذر	نذر	_	_
862	جهت	جهت	جهت	_	_
863	فقرا	فقرا	فقرا	_	_
864	و	و	و	_	_
865	مانند	مانند	مانند	_	_
866	آن	آن	آن	_	_
867	می	می	می	_	_
868	ساختند	ساختند	ساخت	_	_
869	.	.	.	_	_
870	علت	علت	علت	_	_
871	این	این	این	_	_
872	همه	همه	همه	_	_
873	پا	پا	پا	_	_
874	به	به	به	_	_
875	پا	پا	پا	_	_
876	کردنش	کردن	کردن	_	_
877	را	را	را	_	_
878	نفهمیدم	نفهمید	فهمید	_	_
879	.	.	.	_	_
880	او	او	او	_	_
881	ما	ما	ما	_	_
882	را	را	را	_	_
883	پا	پا	پا	_	_
884	در	در	در	_	_
885	هوا	هوا	هوا	_	_
886	رها	رها	رها	_	_
887	کرد	کرد	کرد	_	_
888	و	و	و	_	_
889	رفت	رف	رفت	_	_
890	.	.	.	_	_
891	ماجراجوئی	ماجراجوئ	ماجراجوئی	_	_
892	و	و	و	_	_
893	پرشروشور	پرشروشور	پرشروشور	_	_
894	بودن	بودن	بودن	_	_
895	کوری	کور	کور	_	_
896	مقابل	مقابل	مقابل	_	_
897	آرامش	آرام	آرامش	_	_
898	و	و	و	_	_
899	خونسردی	خونسرد	خونسرد	_	_
900	پل	پل	پل	_	_
901	(	(	(	_	_
902	که	که	که	_	_
903	وکیل	وکیل	وکیل	_	_
904	دعاوی	دعوا	دعاوی	_	_
905	تازه‌کار	تازه‌کار	تازه‌کار	_	_
906	است	است		_	_
907	)	)	)	_	_
908	،	،	،	_	_
909	به	به	به	_	_
910	همراه	همراه	همراه	_	_
911	شرایط	شرایط	شرایط	_	_
912	نامساعد	نامساعد	نامساعد	_	_
913	خانه	خانه	خانه	_	_
914	،	،	،	_	_
915	همسایه‌های	همسایه	همسایه	_	_
916	عجیب‌وغریب	عجیب‌وغریب	عجیب‌وغریب	_	_
917	و	و	و	_	_
918	به‌خصوص	به‌خصوص	به‌خصوص	_	_
919	،	،	،	_	_
920	به	به	به	_	_
921	دعوائی	دعوائ	دعوائی	_	_
922	سخت	سخت	سخت	_	_
923	و	و	و	_	_
924	رفتن	رفتن	رفتن	_	_
925	شوهر	شوهر	شوهر	_	_
926	از	از	از	_	_
927	خانه	خانه	خانه	_	_
928	منجر	منجر	منجر	_	_
929	می‌شود	می‌شود	شد	_	_
930	.	.	.	_	_
931	پنجه	پنجه	پنجه	_	_
932	بوکس	بوکس	بوکس	_	_
933	یکی	یک	یک	_	_
934	از	از	از	_	_
935	انواع	انواع	انواع	_	_
936	سلاح	سلاح	سلاح	_	_
937	های		های	_	_
938	سرد	سرد	سرد	_	_
939	است	است		_	_
940	که	که	که	_	_
941	از	از	از	_	_
942	آن	آن	آن	_	_
943	در	در	در	_	_
944	نزاع	نزاع	نزاع	_	_
945	های		های	_	_
946	خیابانی	خیابان	خیابان	_	_
947	استفاده	استفاده	استفاده	_	_
948	می	می	می	_	_
949	کنند	کنند	کرد	_	_
950	.	.	.	_	_
951	تب	تب	تب	_	_
952	زرد	زرد	زرد	_	_
953	نوعی	نوع	نوع	_	_
954	بیماری	بیمار	بیمار	_	_
955	تب	تب	تب	_	_
956	زاست	زاس	زاست	_	_
957	که	که	که	_	_
958	در	در	در	_	_
959	معده	معده	معده	_	_
960	و	و	و	_	_
961	امعا	امعا	امعا	_	_
962	تولید	تولید	تولید	_	_
963	عفونت	عفونت	عفونت	_	_
964	می	می	می	_	_
965	کند	کند	کند	_	_
966	و	و	و	_	_
967	بر	بر	بر	_	_
968	اثر	اثر	اثر	_	_
969	گزیدگی	گزیدگی	گزیدگی	_	_
970	یک	یک	یک	_	_
971	نوع	نوع	نوع	_	_
972	پشه	پشه	پشه	_	_
973	در	در	در	_	_
974	انسان	انس	انسان	_	_
975	حادث	حادث	حادث	_	_
976	می	می	می	_	_
977	شود	شود	شد	_	_
978	.	.	.	_	_
979	چگونه	چگونه	چگونه	_	_
980	است	است		_	_
981	که	که	که	_	_
982	کار	کار	کار	_	_
983	خود	خود	خود	_	_
984	را	را	را	_	_
985	جد	جد	جد	_	_
986	دانی	دان	دانست	_	_
987	و	و	و	_	_
988	پساپیش	پساپ	پساپیش	_	_
989	کارهای	کار	کار	_	_
990	خود	خود	خود	_	_
991	را	را	را	_	_
992	نگاه	نگاه	نگاه	_	_
993	میداری	میدار	میداری	_	_
994	.	.	.	_	_
995	این	این	این	_	_
996	قوم	قو	قوم	_	_
997	بعد	بعد	بعد	_	_
998	از	از	از	_	_
999	کسری	کسر	کسر	_	_
1000	و	و	و	_	_
1001	پرویز	پرویز	پرویز	_	_
1002	بوده‌اند	بوده‌اند	بود	_	_
1003	در	در	در	_	_
1004	مدت	مد	مدت	_	_
1005	چهار	چهار	چهار	_	_
1006	سال	سال	سال	_	_
1007	و	و	و	_	_
1008	پنج	پنج	پنج	_	_
1009	کمابیش	کمابیش	کمابیش	_	_
1010	پادشاهی	پادشاه	پادشاه	_	_
1011	کرده‌اند	کرده‌اند	کرد	_	_
1012	.	.	.	_	_
1013	هوا	هوا	هوا	_	_
1014	کم	کم	کم	_	_
1015	کم	کم	کم	_	_
1016	داشت	داش	داشت	_	_
1017	گرگ	گرگ	گرگ	_	_
1018	و	و	و	_	_
1019	میش	می	میش	_	_
1020	می	می	می	_	_
1021	شد	شد	شد	_	_
1022	.	.	.	_	_
1023	جنگ	جنگ	جنگ	_	_
1024	زرگری	زرگر	زرگر	_	_
1025	میانجی	میانجی	میانجی	_	_
1026	نخواهد‌.	نخواهد‌.	نخواهد_.	_	_
1027	غارت	غار	غارت	_	_
1028	جهان	جهان	جهان	_	_
1029	سوم	سو	سوم	_	_
1030	نام	نا	نام	_	_
1031	یک	یک	یک	_	_
1032	کتاب	کتاب	کتاب	_	_
1033	ادبی	ادب	ادب	_	_
1034	است	است		_	_
1035	که	که	که	_	_
1036	توسط	توسط	توسط	_	_
1037	نویسنده	نویسنده	نویسنده	_	_
1038	اهل	اهل	اهل	_	_
1039	فرانسه	فرانسه	فرانسه	_	_
1040	نوشته‌شده‌است	نوشته‌شده‌اس	نوشت	_	_
1041	.	.	.	_	_
1042	نام	نا	نام	_	_
1043	دیگر	دیگر	دیگر	_	_
1044	خرچنگ	خرچنگ	خرچنگ	_	_
1045	چنگار	چنگار	چنگار	_	_
1046	است	است		_	_
1047	.	.	.	_	_
1048	همه	همه	همه	_	_
1049	جا	جا	جا	_	_
1050	چو	چو	چو	_	_
1051	افتاد	افتاد	افتاد	_	_
1052	که	که	که	_	_
1053	او	او	او	_	_
1054	نمی	نم	نم	_	_
1055	آید	آید	آمد	_	_
1056	.	.	.	_	_
1057	خال	خال	خال	_	_
1058	بینی	بین	بینی	_	_
1059	نوعی	نوع	نوع	_	_
1060	از	از	از	_	_
1061	پیشگوییست	پیشگوییس	پیشگوییست	_	_
1062	که	که	که	_	_
1063	با	با	با	_	_
1064	دیدن	دیدن	دیدن	_	_
1065	خال	خال	خال	_	_
1066	بدن	بدن	بدن	_	_
1067	انجام	انجام	انجام	_	_
1068	می	می	می	_	_
1069	گیرد	گیرد	گرفت	_	_
1070	.	.	.	_	_
1071	او	او	او	_	_
1072	در	در	در	_	_
1073	جوانی	جوان	جوان	_	_
1074	بسیار	بسیار	بسیار	_	_
1075	خام	خام	خام	_	_
1076	رای	را	را	_	_
1077	و	و	و	_	_
1078	خام	خام	خام	_	_
1079	عقل	عقل	عقل	_	_
1080	بود	بود	بود	_	_
1081	.	.	.	_	_
1082	در	در	در	_	_
1083	زمان	زمان	زمان	_	_
1084	قدیم	قدیم	قدیم	_	_
1085	؛	؛	؛	_	_
1086	پادشاهان	پادشاه	پادشاه	_	_
1087	به	به	به	_	_
1088	بهترین	به	بهترین	_	_
1089	زنشان	زن	زن	_	_
1090	که	که	که	_	_
1091	از	از	از	_	_
1092	لحاظ	لحاظ	لحاظ	_	_
1093	زیبارویی	زیبارو	زیبارو	_	_
1094	و	و	و	_	_
1095	رهبری	رهبر	رهبر	_	_
1096	از	از	از	_	_
1097	دیگران	دیگر	دیگر	_	_
1098	،	،	،	_	_
1099	سرتر	سر	سر	_	_
1100	و	و	و	_	_
1101	آس	آس	آس	_	_
1102	تر	تر	تر	_	_
1103	بود	بود	بود	_	_
1104	لقب	لقب	لقب	_	_
1105	خانم	خان	خانم	_	_
1106	خانما	خانما	خانما	_	_
1107	را	را	را	_	_
1108	نسبت	نسب	نسبت	_	_
1109	می	می	می	_	_
1110	دادند	دادند	داد	_	_
1111	.	.	.	_	_
1112	ادبا	ادبا	ادبا	_	_
1113	در	در	در	_	_
1114	مجمع	مجمع	مجمع	_	_
1115	سازمان	سازمان	سازمان	_	_
1116	ملل	ملل	ملل	_	_
1117	سخنرانی	سخنران	سخنران	_	_
1118	کردند	کردند	کرد	_	_
1119	.	.	.	_	_
1120	به	به	به	_	_
1121	دستور	دستور	دستور	_	_
1122	او	او	او	_	_
1123	تمام	تمام	تمام	_	_
1124	اسرا	اسرا	اسرا	_	_
1125	را	را	را	_	_
1126	از	از	از	_	_
1127	داخل	داخل	داخل	_	_
1128	خزائن	خزائن	خزائن	_	_
1129	آزاد	آزاد	آزاد	_	_
1130	کردند	کردند	کرد	_	_
1131	.	.	.	_	_
1132	استاد	استاد	استاد	_	_
1133	اسامی	اسم	اسامی	_	_
1134	دانشجویان	دانشجو	دانشجو	_	_
1135	به	به	به	_	_
1136	همراه	همراه	همراه	_	_
1137	آرا	آرا	آرا	_	_
1138	آن	آن	آن	_	_
1139	ها		ها	_	_
1140	را	را	را	_	_
1141	خواند	خواند	خواند	_	_
1142	.	.	.	_	_
1143	هنوز	هنوز	هنوز	_	_
1144	هم	هم	هم	_	_
1145	علل	علل	علل	_	_
1146	بسیاری	بسیار	بسیار	_	_
1147	از	از	از	_	_
1148	امراض	امراض	امراض	_	_
1149	ناشناخته	ناشناخته	ناشناخته	_	_
1150	است	است		_	_
1151	.	.	.	_	_
1152	در	در	در	_	_
1153	رانندگی	رانندگی	رانندگی	_	_
1154	باید	باید	باید	_	_
1155	به	به	به	_	_
1156	علائم	علامت	علائم	_	_
1157	هشدار	هشدار	هشدار	_	_
1158	توجه	توجه	توجه	_	_
1159	داشت	داش	داشت	_	_
1160	.	.	.	_	_
1161	جزه	جزه	جزه	_	_
1162	درس	درس	درس	_	_
1163	پردازش	پردازش	پردازش	_	_
1164	زبان	زبان	زبان	_	_
1165	های		های	_	_
1166	طبیعیش	طبیعی	طبیعی	_	_
1167	را	را	را	_	_
1168	همراه	همراه	همراه	_	_
1169	نداشت	ندا	داشت	_	_
1170	.	.	.	_	_
1171	با	با	با	_	_
1172	آن	آن	آن	_	_
1173	ضربه	ضربه	ضربه	_	_
1174	دردم	درد	درد	_	_
1175	دردم	درد	درد	_	_
1176	آمد	آمد	آمد	_	_
1177	.	.	.	_	_
1178	نوشته	نوشته	نوشته	_	_
1179	هایش		هایش	_	_
1180	درهم	دره	درهم	_	_
1181	و	و	و	_	_
1182	برهم	بره	بره	_	_
1183	بود	بود	بود	_	_
1184	.	.	.	_	_
1185	او	او	او	_	_
1186	از	از	از	_	_
1187	حمله	حمله	حمله	_	_
1188	دشمن	دشمن	دشمن	_	_
1189	درامان	درا	درامان	_	_
1190	ماند	ماند	ماند	_	_
1191	.	.	.	_	_
1192	کتابش	کتاب	کتاب	_	_
1193	دوصد	دوصد	دوصد	_	_
1194	صفحه	صفحه	صفحه	_	_
1195	داشت	داش	داشت	_	_
1196	.	.	.	_	_
1197	دوستش	دوست	دوست	_	_
1198	بسیار	بسیار	بسیار	_	_
1199	نرم	نر	نرم	_	_
1200	دل	دل	دل	_	_
1201	و	و	و	_	_
1202	رقیق	رقیق	رقیق	_	_
1203	القلب	القلب	القلب	_	_
1204	بود	بود	بود	_	_
1205	.	.	.	_	_
1206	چوب	چوب	چوب	_	_
1207	نیاز	نیاز	نیاز	_	_
1208	به	به	به	_	_
1209	رنده	رنده	رنده	_	_
1210	و	و	و	_	_
1211	رنده	رنده	رنده	_	_
1212	کاری	کار	کاشت	_	_
1213	و	و	و	_	_
1214	رنده	رنده	رنده	_	_
1215	کردن	کردن	کردن	_	_
1216	داشت	داش	داشت	_	_
1217	.	.	.	_	_
1218	آهن	آهن	آهن	_	_
1219	در	در	در	_	_
1220	مجاورت	مجاور	مجاورت	_	_
1221	با	با	با	_	_
1222	اکسیژن	اکسیژن	اکسیژن	_	_
1223	شروع	شروع	شروع	_	_
1224	به	به	به	_	_
1225	زنگ	زنگ	زنگ	_	_
1226	زدن	زدن	زدن	_	_
1227	می	می	می	_	_
1228	کند	کند	کند	_	_
1229	.	.	.	_	_
1230	جرات	جر	جر	_	_
1231	نداشت	ندا	داشت	_	_
1232	حرفش	حرف	حرف	_	_
1233	را	را	را	_	_
1234	رودررو	رودررو	رودررو	_	_
1235	به	به	به	_	_
1236	رویش	رو	رویش	_	_
1237	آورد	آورد	آورد	_	_
1238	.	.	.	_	_
1239	او	او	او	_	_
1240	را	را	را	_	_
1241	روانه	روانه	روانه	_	_
1242	کرد	کرد	کرد	_	_
1243	تا	تا	تا	_	_
1244	به	به	به	_	_
1245	کارش	کار	کار	_	_
1246	برسد	برسد	رسید	_	_
1247	.	.	.	_	_
1248	او	او	او	_	_
1249	در	در	در	_	_
1250	بستر	بس	بستر	_	_
1251	افتاده‌بود	افتاده‌بود	افتاد	_	_
1252	و	و	و	_	_
1253	روبه	روبه	روبه	_	_
1254	مرگ	مرگ	مرگ	_	_
1255	بود	بود	بود	_	_
1256	.	.	.	_	_
1257	کارهایش	کار	کار	_	_
1258	بسیار	بسیار	بسیار	_	_
1259	روح	روح	روح	_	_
1260	فرسا	فرسا	فرسا	_	_
1261	و	و	و	_	_
1262	عذاب	عذاب	عذاب	_	_
1263	آور	آور	آور	_	_
1264	بود	بود	بود	_	_
1265	.	.	.	_	_
