0	﻿وی	﻿و	﻿وی	_	_
1	افزود	افزود	افزود	_	_
2	:	:	:	_	_
3	در	در	در	_	_
4	سال	سال	سال	_	_
5	۹۵	۹۵	۹۵	_	_
6	نیز	نیز	نیز	_	_
7	آقای	آقا	آقا	_	_
8	اللهیاری	اللهیار	اللهیاری	_	_
9	برای	برای	برای	_	_
10	چند	چند	چند	_	_
11	روز	روز	روز	_	_
12	بازداشت	بازداشت	بازداشت	_	_
13	شده‌بود	شده‌بود	شد	_	_
14	که	که	که	_	_
15	با	با	با	_	_
16	ضمانت	ضمان	ضمانت	_	_
17	ملکی	ملک	ملک	_	_
18	معاونش	معاون	معاون	_	_
19	از	از	از	_	_
20	زندان	زند	زندان	_	_
21	آزاد	آزاد	آزاد	_	_
22	شد	شد	شد	_	_
23	،	،	،	_	_
24	ولی	ول	ولی	_	_
25	از	از	از	_	_
26	آن	آن	آن	_	_
27	زمان	زمان	زمان	_	_
28	تا	تا	تا	_	_
29	کنون	کنون	کنون	_	_
30	بقیه	بقیه	بقیه	_	_
31	پرونده‌ها	پرونده	پرونده	_	_
32	در	در	در	_	_
33	سازمان	سازمان	سازمان	_	_
34	نظام	نظام	نظام	_	_
35	روانشناسی	روانشناس	روانشناسی	_	_
36	مسکوت	مسکو	مسکوت	_	_
37	مانده‌بود	مانده‌بود	ماند	_	_
38	.	.	.	_	_
39	عضو	عضو	عضو	_	_
40	سازمان	سازمان	سازمان	_	_
41	نظام	نظام	نظام	_	_
42	روانشناسی	روانشناس	روانشناسی	_	_
43	خاطرنشان	خاطرنشان	خاطرنشان	_	_
44	کرد	کرد	کرد	_	_
45	:	:	:	_	_
46	از	از	از	_	_
47	مهر	مهر	مهر	_	_
48	ماه	ماه	ماه	_	_
49	سال	سال	سال	_	_
50	گذشته	گذشته	گذشته	_	_
51	رد	رد	رد	_	_
52	صلاحیت	صلاحیت	صلاحیت	_	_
53	رئیس	رئیس	رئیس	_	_
54	سازمان	سازمان	سازمان	_	_
55	روانشناسی	روانشناس	روانشناسی	_	_
56	توسط	توسط	توسط	_	_
57	دفتر	دف	دفتر	_	_
58	رئیس	رئیس	رئیس	_	_
59	جمهور	جمهور	جمهور	_	_
60	انجام	انجام	انجام	_	_
61	گرفت	گرفت	گرفت	_	_
62	،	،	،	_	_
63	ولی	ول	ولی	_	_
64	علی‌رغم	علی‌رغم	علی‌رغم	_	_
65	این	این	این	_	_
66	رد	رد	رد	_	_
67	صلاحیت	صلاحیت	صلاحیت	_	_
68	همچنان	همچنان	همچنان	_	_
69	عباسعلی	عباسعلی	عباسعلی	_	_
70	اللهیاری	اللهیار	اللهیاری	_	_
71	در	در	در	_	_
72	کافه	کافه	کافه	_	_
73	یا	یا	یا	_	_
74	تریا	تریا	تریا	_	_
75	کارتابل	کارتابل	کارتابل	_	_
76	سازمان	سازمان	سازمان	_	_
77	را	را	را	_	_
78	امضا	امضا	امضا	_	_
79	می‌کرد	مي‌کرد	مي‌کرد	_	_
80	.	.	.	_	_
81	پنج	پنج	پنج	_	_
82	شنبه	شنبه	شنبه	_	_
83	ها		ها	_	_
84	به	به	به	_	_
85	زودی	زود	زود	_	_
86	می	مي	مي	_	_
87	گذرند	گذرند	گذشت	_	_
88	.	.	.	_	_
89	دویست‌	دویست	دویست	_	_
90	و	و	و	_	_
91	هشتاد	هشتاد	هشتاد	_	_
92	و	و	و	_	_
93	نهمین	نه	نهمین	_	_
94	سمینار	سمینار	سمینار	_	_
95	ادواری	ادوار	ادوار	_	_
96	عصب	عصب	عصب	_	_
97	پژوهی	پژوه	پژوهی	_	_
98	اجتماعی	اجتماع	اجتماع	_	_
99	به	به	به	_	_
100	مغزپژوهی	مغزپژوه	مغزپژوهی	_	_
101	رشک	رشک	رشک	_	_
102	و	و	و	_	_
103	حسد	حسد	حسد	_	_
104	اختصاص	اختصاص	اختصاص	_	_
105	دارد	دارد	داشت	_	_
106	.	.	.	_	_
107	سخنران	سخنران	سخنران	_	_
108	این	اين	اين	_	_
109	نشست	نشست	نشست	_	_
110	که	كه	كه	_	_
111	۲۶	26	26	_	_
112	مهر	مهر	مهر	_	_
113	برگزار	برگزار	برگزار	_	_
114	می‌شود	مي‌شود	مي‌شود	_	_
115	دکتر	دك	دكتر	_	_
116	آذرخش	آذرخش	آذرخش	_	_
117	مکری	مكري	مكري	_	_
118	است	است		_	_
119	.	.	.	_	_
120	در	در	در	_	_
121	این	اين	اين	_	_
122	سمینار	سمينار	سمينار	_	_
123	که	كه	كه	_	_
124	از	از	از	_	_
125	ساعت	ساعت	ساعت	_	_
126	هشت	هشت	هشت	_	_
127	و	و	و	_	_
128	نیم	ني	نيم	_	_
129	صبح	صبح	صبح	_	_
130	تا	تا	تا	_	_
131	یازده	يازده	يازده	_	_
132	در	در	در	_	_
133	سالن	سالن	سالن	_	_
134	کنفرانس	كنفرانس	كنفرانس	_	_
135	بیمارستان	بيمارس	بيمارستان	_	_
136	ایرانمهر	ايرانمهر	ايرانمهر	_	_
137	برقرار	برقرار	برقرار	_	_
138	است	است		_	_
139	صاحب	صاحب	صاحب	_	_
140	نظران	نظر	نظر	_	_
141	و	و	و	_	_
142	علاقه	علاقه	علاقه	_	_
143	مندان	مند	مندان	_	_
144	به	به	به	_	_
145	موضوع	موضوع	موضوع	_	_
146	مغز	مغز	مغز	_	_
147	پژوهی	پژوهي	پژوهي	_	_
148	رشک	رشك	رشك	_	_
149	و	و	و	_	_
150	حسد	حسد	حسد	_	_
151	به	به	به	_	_
152	بحث	بحث	بحث	_	_
153	و	و	و	_	_
154	تبادل	تبادل	تبادل	_	_
155	نظر	نظر	نظر	_	_
156	می‌پردازند	مي‌پردازند	مي‌پردازند	_	_
157	.	.	.	_	_
158	ورود	ورود	ورود	_	_
159	برای	براي	براي	_	_
160	عموم	عمو	عموم	_	_
161	آزاد	آزاد	آزاد	_	_
162	است	است		_	_
163	و	و	و	_	_
164	درباره	درباره	درباره	_	_
165	موضوع	موضوع	موضوع	_	_
166	با	با	با	_	_
167	صاحب	صاحب	صاحب	_	_
168	نظران	نظر	نظر	_	_
169	بحث	بحث	بحث	_	_
170	و	و	و	_	_
171	گفت	گفت	گفت	_	_
172	و	و	و	_	_
173	گو	گو	گو	_	_
174	انجام	انجام	انجام	_	_
175	می‌شود	مي‌شود	مي‌شود	_	_
176	.	.	.	_	_
177	در	در	در	_	_
178	کالبدشکافی	کالبدشکاف	کالبدشکافی	_	_
179	سایت	سا	سایت	_	_
180	iFixit	iFixit	iFixit	_	_
181	،	،	،	_	_
182	آن‌ها	آن	آن	_	_
183	موفق	موفق	موفق	_	_
184	به	به	به	_	_
185	کشف	کشف	کشف	_	_
186	یک	یک	یک	_	_
187	نوار	نوار	نوار	_	_
188	آنتن	آنتن	آنتن	_	_
189	جدید	جدید	جدید	_	_
190	در	در	در	_	_
191	بخش	بخش	بخش	_	_
192	پایینی	پایین	پایین	_	_
193	گوشی	گوش	گوش	_	_
194	شدند	شدند	شد	_	_
195	که	که	که	_	_
196	قاعدتا	قاعدتا	قاعدتا	_	_
197	باید	باید	باید	_	_
198	منجر	منجر	منجر	_	_
199	به	به	به	_	_
200	بهبود	بهبود	بهبود	_	_
201	آنتن‌دهی	آنتن‌ده	آنتن‌دهی	_	_
202	این	این	این	_	_
203	گوشی‌ها	گوشی	گوشی‌ها	_	_
204	شود	شود	شد	_	_
205	.	.	.	_	_
206	کاربران	کاربر	کاربر	_	_
207	برای	برای	برای	_	_
208	توضیح	توضیح	توضیح	_	_
209	این	این	این	_	_
210	مشکل	مشکل	مشکل	_	_
211	تئوری‌های	تئوری	تئوری‌های	_	_
212	مختلفی	مختلف	مختلف	_	_
213	را	را	را	_	_
214	مطرح	مطرح	مطرح	_	_
215	کرده‌اند	کرده‌اند	کرد	_	_
216	و	و	و	_	_
217	برخی	برخی	برخی	_	_
218	از	از	از	_	_
219	آن‌ها	آن	آن	_	_
220	شبکه‌های	شبکه	شبکه	_	_
221	تلفن	تلفن	تلفن	_	_
222	همراه	همراه	همراه	_	_
223	را	را	را	_	_
224	مقصر	مقصر	مقصر	_	_
225	این	این	این	_	_
226	موضوع	موضوع	موضوع	_	_
227	می‌دانند	می‌دانند	دانست	_	_
228	ولی	ول	ولی	_	_
229	برخی	برخی	برخی	_	_
230	دیگر	دیگر	دیگر	_	_
231	اعلام	اعلا	اعلام	_	_
232	کرده‌اند	کرده‌اند	کرد	_	_
233	که	که	که	_	_
234	این	این	این	_	_
235	مساله	مساله	مساله	_	_
236	یادآور	یادآور	یادآور	_	_
237	مشکل	مشکل	مشکل	_	_
238	مربوط	مربوط	مربوط	_	_
239	به	به	به	_	_
240	آنتن‌های	آنتن	آنتن	_	_
241	آیفون	آیفون	آیفون	_	_
242	۴	۴	۴	_	_
243	است	است		_	_
244	که	که	که	_	_
245	در	در	در	_	_
246	آن	آن	آن	_	_
247	زمان	زمان	زمان	_	_
248	سر	سر	سر	_	_
249	و	و	و	_	_
250	صدای	صدا	صدا	_	_
251	بسیار	بسیار	بسیار	_	_
252	زیادی	زیاد	زیاد	_	_
253	به	به	به	_	_
254	راه	راه	راه	_	_
255	انداخت	انداخ	انداخت	_	_
256	.	.	.	_	_
257	چندروز	چندروز	چندروز	_	_
258	بعد	بعد	بعد	_	_
259	از	از	از	_	_
260	تصویب	تصویب	تصویب	_	_
261	چهارمین	چهار	چهارمین	_	_
262	لایحه	لایحه	لایحه	_	_
263	در	در	در	_	_
264	چارچوب	چارچوب	چارچوب	_	_
265	لوایح	لوایح	لوایح	_	_
266	مرتبط	مرتبط	مرتبط	_	_
267	با	با	با	_	_
268	پول	پول	پول	_	_
269	شویی	شو	شویی	_	_
270	و	و	و	_	_
271	مبارزه	مبارزه	مبارزه	_	_
272	با	با	با	_	_
273	تروریسم	تروریس	تروریسم	_	_
274	موسوم	موسوم	موسوم	_	_
275	به	به	به	_	_
276	FATF	FATF	FATF	_	_
277	،	،	،	_	_
278	بساط	بساط	بساط	_	_
279	اتهام	اتهام	اتهام	_	_
280	زنی	زن	زنی	_	_
281	در	در	در	_	_
282	مورد	مورد	مورد	_	_
283	پشت	پشت	پشت	_	_
284	پرده	پرده	پرده	_	_
285	رشد	رشد	رشد	_	_
286	قیمت	قیم	قیمت	_	_
287	دلار	دلار	دلار	_	_
288	بالا	بالا	بالا	_	_
289	گرفته‌است	گرفته‌است	گرفت	_	_
290	.	.	.	_	_
291	علائم	علامت	علائم	_	_
292	سیاسی	سیاسی	سیاسی	_	_
293	و	و	و	_	_
294	رسانه‌ای	رسانه	رسانه	_	_
295	از	از	از	_	_
296	بروز	بروز	بروز	_	_
297	یک	یک	یک	_	_
298	جنگ	جنگ	جنگ	_	_
299	ارزی	ارز	ارزی	_	_
300	بر	بر	بر	_	_
301	سر	سر	سر	_	_
302	تأیید	تأیید	تأیید	_	_
303	نهایی	نهایی	نهایی	_	_
304	FATF	FATF	FATF	_	_
305	در	در	در	_	_
306	مراجع	مراجع	مراجع	_	_
307	قانونی	قانون	قانون	_	_
308	حکایت	حکایت	حکایت	_	_
309	دارد	دارد	داشت	_	_
310	.	.	.	_	_
311	به‌گزارش	به‌گزار	به‌گزارش	_	_
312	همشهری	همشهری	همشهری	_	_
313	،	،	،	_	_
314	تریبون‌های	تریبون	تریبون‌های	_	_
315	سیاسی	سیاسی	سیاسی	_	_
316	و	و	و	_	_
317	رسانه‌ای	رسانه	رسانه	_	_
318	برخی	برخی	برخی	_	_
319	گروه‌های	گروه	گروه	_	_
320	مخالف	مخالف	مخالف	_	_
321	دولت	دول	دولت	_	_
322	،	،	،	_	_
323	به	به	به	_	_
324	محل	محل	محل	_	_
325	اتهام	اتهام	اتهام	_	_
326	زنی	زن	زنی	_	_
327	علیه	علیه	علیه	_	_
328	دولت	دول	دولت	_	_
329	در	در	در	_	_
330	مورد	مورد	مورد	_	_
331	افزایش	افزایش	افزایش	_	_
332	قیمت	قیم	قیمت	_	_
333	ارز	ارز	ارز	_	_
334	تبدیل	تبدیل	تبدیل	_	_
335	شده‌است	شده‌است	شد	_	_
336	.	.	.	_	_
337	در	در	در	_	_
338	طول	طول	طول	_	_
339	چند	چند	چند	_	_
340	روز	روز	روز	_	_
341	گذشته	گذشته	گذشته	_	_
342	به	به	به	_	_
343	ویژه	ویژه	ویژه	_	_
344	بعد	بعد	بعد	_	_
345	از	از	از	_	_
346	تصویب	تصویب	تصویب	_	_
347	قانون	قانون	قانون	_	_
348	CFT	CFT	CFT	_	_
349	در	در	در	_	_
350	مجلس	مجلس	مجلس	_	_
351	،	،	،	_	_
352	برخی	برخی	برخی	_	_
353	رسانه	رسانه	رسانه	_	_
354	ها		ها	_	_
355	وارد	وارد	وارد	_	_
356	کارزار	کارزار	کارزار	_	_
357	سیگنال	سیگنال	سیگنال	_	_
358	دهی	ده	داد	_	_
359	به	به	به	_	_
360	قیمت	قیم	قیمت	_	_
361	ارز	ارز	ارز	_	_
362	در	در	در	_	_
363	بازار	بازار	بازار	_	_
364	آزاد	آزاد	آزاد	_	_
365	شده‌اند	شده‌اند	شد	_	_
366	.	.	.	_	_
367	آنها	آن	آن	_	_
368	عامل	عامل	عامل	_	_
369	اصلی	اصل	اصل	_	_
370	افزایش	افزایش	افزایش	_	_
371	قیمت	قیم	قیمت	_	_
372	دلار	دلار	دلار	_	_
373	را	را	را	_	_
374	دولت	دول	دولت	_	_
375	و	و	و	_	_
376	تصویب	تصویب	تصویب	_	_
377	شدن	شدن	شدن	_	_
378	قانون	قانون	قانون	_	_
379	FATF	FATF	FATF	_	_
380	در	در	در	_	_
381	مجلس	مجلس	مجلس	_	_
382	می‌دانند	می‌دانند	دانست	_	_
383	.	.	.	_	_
384	در	در	در	_	_
385	روزهای	روز	روز	_	_
386	اخیر	اخیر	اخیر	_	_
387	خبرگزاری	خبرگزاری	خبرگزاری	_	_
388	فارس	فارس	فارس	_	_
389	و	و	و	_	_
390	روزنامه	روزنامه	روزنامه	_	_
391	کیهان	کیهان	کیهان	_	_
392	با	با	با	_	_
393	تیترهایی	تیتر	تیتر	_	_
394	جهت	جهت	جهت	_	_
395	دار	دار	دار	_	_
396	،	،	،	_	_
397	به	به	به	_	_
398	شکلی	شکل	شکل	_	_
399	آشکار	آشکار	آشکار	_	_
400	رشد	رشد	رشد	_	_
401	قیمت	قیم	قیمت	_	_
402	دلار	دلار	دلار	_	_
403	را	را	را	_	_
404	به	به	به	_	_
405	دولت	دول	دولت	_	_
406	و	و	و	_	_
407	تصویب	تصویب	تصویب	_	_
408	FATF	FATF	FATF	_	_
409	نسبت	نسب	نسبت	_	_
410	داده‌اند	داده‌اند	داد	_	_
411	.	.	.	_	_
412	خاشقجی	خاشقج	خاشقجی	_	_
413	که	که	که	_	_
414	سابقه	سابقه	سابقه	_	_
415	گفتگو	گفتگو	گفتگو	_	_
416	با	با	با	_	_
417	بن	بن	بن	_	_
418	لادن	لادن	لادن	_	_
419	را	را	را	_	_
420	نیز	نیز	نیز	_	_
421	در	در	در	_	_
422	کارنامه	کارنامه	کارنامه	_	_
423	خود	خود	خود	_	_
424	دارد	دارد	داشت	_	_
425	و	و	و	_	_
426	پیش‌تر	پیش	پیش	_	_
427	هم	هم	هم	_	_
428	مشاور	مشاور	مشاور	_	_
429	دولت	دول	دولت	_	_
430	عربستان	عربستان	عربستان	_	_
431	بوده	بوده	بوده	_	_
432	و	و	و	_	_
433	رابطه	رابطه	رابطه	_	_
434	بسیار	بسیار	بسیار	_	_
435	خوبی	خوب	خوبی	_	_
436	با	با	با	_	_
437	شاهزادگان	شاهزادگ	شاهزادگان	_	_
438	سعودی	سعود	سعودی	_	_
439	علی	علي	علي	_	_
440	الخصوص	الخصوص	الخصوص	_	_
441	محمد	محمد	محمد	_	_
442	بن	بن	بن	_	_
443	نایف	نایف	نایف	_	_
444	ولیعهد	ولیعهد	ولیعهد	_	_
445	برکنار	برکنار	برکنار	_	_
446	شده	شده	شده	_	_
447	سعودی	سعود	سعودی	_	_
448	داشته‌است	داشته‌است	داشت	_	_
449	در	در	در	_	_
450	سال	سال	سال	_	_
451	۲۰۱۷	2017	2017	_	_
452	در	در	در	_	_
453	پی	پی	پی	_	_
454	طرح	طرح	طرح	_	_
455	انتقادهایی	انتقاد	انتقاد	_	_
456	نسبت	نسب	نسبت	_	_
457	به	به	به	_	_
458	سیاست‌های	سیاست	سیاست	_	_
459	محمد	محمد	محمد	_	_
460	بن	بن	بن	_	_
461	سلمان	سل	سلمان	_	_
462	،	،	،	_	_
463	ولیعهد	ولیعهد	ولیعهد	_	_
464	عربستان	عربستان	عربستان	_	_
465	و	و	و	_	_
466	نیز	نیز	نیز	_	_
467	زیر	زیر	زیر	_	_
468	سوال	سوال	سوال	_	_
469	بردن	بردن	بردن	_	_
470	مداخله	مداخله	مداخله	_	_
471	نظامی	نظام	نظام	_	_
472	عربستان	عربستان	عربستان	_	_
473	در	در	در	_	_
474	یمن	یمن	یمن	_	_
475	،	،	،	_	_
476	از	از	از	_	_
477	بیم	بی	بیم	_	_
478	دستگیری	دستگیر	دستگیر	_	_
479	عربستان	عربستان	عربستان	_	_
480	را	را	را	_	_
481	ترک	ترک	ترک	_	_
482	کرد	کرد	کرد	_	_
483	و	و	و	_	_
484	به	به	به	_	_
485	آمریکا	آمریکا	آمریکا	_	_
486	رفت	رف	رفت	_	_
487	.	.	.	_	_
488	شب	شب	شب	_	_
489	عید	عید	عید	_	_
490	نوروز	نوروز	نوروز	_	_
491	بود	بود	بود	_	_
492	و	و	و	_	_
493	موقع	موقع	موقع	_	_
494	ترفیع	ترفیع	ترفیع	_	_
495	رتبه	رتبه	رتبه	_	_
496	.	.	.	_	_
497	در	در	در	_	_
498	اداره	اداره	اداره	_	_
499	با	با	با	_	_
500	هم	هم	هم	_	_
501	قطارها	قطار	قطار	_	_
502	قرار	قرار	قرار	_	_
503	و	و	و	_	_
504	مدار	مدار	مدار	_	_
505	گذاشته‌بودیم	گذاشته‌بود	گذاشت	_	_
506	که	که	که	_	_
507	هرکس	هرکس	هرکس	_	_
508	اول	اول	اول	_	_
509	ترفیع	ترفیع	ترفیع	_	_
510	رتبه	رتبه	رتبه	_	_
511	یافت	یافت	یافت	_	_
512	،	،	،	_	_
513	به	به	به	_	_
514	عنوان	عنوان	عنوان	_	_
515	ولیمه	ولیمه	ولیمه	_	_
516	یک	یک	یک	_	_
517	مهمانی	مهمان	مهمان	_	_
518	دسته	دسته	دسته	_	_
519	جمعی	جمع	جمع	_	_
520	کرده	کرده	کرده	_	_
521	،	،	،	_	_
522	کباب	کباب	کباب	_	_
523	غاز	غاز	غاز	_	_
524	صحیحی	صحیح	صحیح	_	_
525	بدهد	بدهد	داد	_	_
526	دوستان	دوست	دوستان	_	_
527	نوش	نو	نوش	_	_
528	جان	جان	جان	_	_
529	نموده	نموده	نموده	_	_
530	به	به	به	_	_
531	عمر	عمر	عمر	_	_
532	و	و	و	_	_
533	عزتش	عزت	عزت	_	_
534	دعا	دعا	دعا	_	_
535	کنند	کنند	کرد	_	_
536	.	.	.	_	_
537	زد	زد	زد	_	_
538	و	و	و	_	_
539	ترفیع	ترفیع	ترفیع	_	_
540	رتبه	رتبه	رتبه	_	_
541	به	به	به	_	_
542	اسم	اسم	اسم	_	_
543	من	من	من	_	_
544	در	در	در	_	_
545	آمد	آمد	آمد	_	_
546	.	.	.	_	_
547	فورا	فوراً	فوراً	_	_
548	مساله	مساله	مساله	_	_
549	ی		ی	_	_
550	مهمانی	مهمان	مهمان	_	_
551	و	و	و	_	_
552	قرار	قرار	قرار	_	_
553	با	با	با	_	_
554	رفقا	رفقا	رفقا	_	_
555	را	را	را	_	_
556	با	با	با	_	_
557	عیالم	عیال	عیال	_	_
558	که	که	که	_	_
559	به	به	به	_	_
560	تازگی	تازگی	تازگی	_	_
561	با	با	با	_	_
562	هم	هم	هم	_	_
563	عروسی	عروس	عروس	_	_
564	کرده‌بودیم	کرده‌بود	کرد	_	_
565	در	در	در	_	_
566	میان	می	میان	_	_
567	گذاشتم	گذا	گذاشت	_	_
568	.	.	.	_	_
569	گفت	گفت	گفت	_	_
570	تو	تو	تو	_	_
571	شیرینی	شیرین	شیرینی	_	_
572	عروسی	عروس	عروس	_	_
573	هم	هم	هم	_	_
574	به	به	به	_	_
575	دوستانت	دوستان	دوستان	_	_
576	نداده‌ای	نداده‌ا	داد	_	_
577	و	و	و	_	_
578	باید	باید	باید	_	_
579	در	در	در	_	_
580	این	این	این	_	_
581	موقع	موقع	موقع	_	_
582	درست	درس	درست	_	_
583	جلوشان	جلو	جلو	_	_
584	در	در	در	_	_
585	آیی	آ	آمد	_	_
586	.	.	.	_	_
587	ولی	ول	ولی	_	_
588	چیزی	چیز	چیز	_	_
589	که	که	که	_	_
590	هست	هس		_	_
591	چون	چون	چون	_	_
592	ظرف	ظرف	ظرف	_	_
593	و	و	و	_	_
594	کارد	کارد	کارد	_	_
595	و	و	و	_	_
596	چنگال	چنگال	چنگال	_	_
597	برای	برای	برای	_	_
598	دوازده	دوازده	دوازده	_	_
599	نفر	نفر	نفر	_	_
600	بیش	بی	بیش	_	_
601	تر	تر	تر	_	_
602	نداریم	ندار	داشت	_	_
603	یا	یا	یا	_	_
604	باید	باید	باید	_	_
605	باز	باز	باز	_	_
606	یک	یک	یک	_	_
607	دست	دست	دست	_	_
608	دیگر	دیگر	دیگر	_	_
609	خرید	خرید	خرید	_	_
610	و	و	و	_	_
611	یا	یا	یا	_	_
612	باید	باید	باید	_	_
613	عده‌ی	عده	عده	_	_
614	مهمان	مه	مهمان	_	_
615	بیشتر	بی	بیشتر	_	_
616	از	از	از	_	_
617	یازده	یازده	یازده	_	_
618	نفر	نفر	نفر	_	_
619	نباشد	نباشد	بود	_	_
620	که	که	که	_	_
621	با	با	با	_	_
622	خودت	خود	خود	_	_
623	بشود	بشود	شد	_	_
624	دوازده	دوازده	دوازده	_	_
625	نفر	نفر	نفر	_	_
626	.	.	.	_	_
627	گفتم	گفت	گفت	_	_
628	خودت	خود	خود	_	_
629	بهتر	به	بهتر	_	_
630	می‌دانی	می‌دان	دانست	_	_
631	که	که	که	_	_
632	در	در	در	_	_
633	این	این	این	_	_
634	شب	شب	شب	_	_
635	عیدی	عید	عید	_	_
636	مالیه	مالیه	مالیه	_	_
637	از	از	از	_	_
638	چه	چه	چه	_	_
639	قرار	قرار	قرار	_	_
640	است	است		_	_
641	و	و	و	_	_
642	بودجه	بودجه	بودجه	_	_
643	ابدن	ابدن	ابدن	_	_
644	اجازه‌ی	اجازه	اجازه	_	_
645	خریدن	خریدن	خریدن	_	_
646	خرت	خر	خرت	_	_
647	و	و	و	_	_
648	پرت	پر	پرت	_	_
649	تازه	تازه	تازه	_	_
650	نمی	نم	نم	_	_
651	دهد	دهد	داد	_	_
652	و	و	و	_	_
653	دوستان	دوست	دوستان	_	_
654	هم	هم	هم	_	_
655	از	از	از	_	_
656	بیست	بیست	بیست	_	_
657	و	و	و	_	_
658	سه‌	سه	سه	_	_
659	چهار	چهار	چهار	_	_
660	نفر	نفر	نفر	_	_
661	کم‌تر	کم‌تر	کم‌تر	_	_
662	نمی‌شوند	نمی‌شوند	شد	_	_
663	.	.	.	_	_
664	گفت	گفت	گفت	_	_
665	یک	یک	یک	_	_
666	بر	بر	بر	_	_
667	نره	نره	نره	_	_
668	خر	خر	خر	_	_
669	گردن	گردن	گردن	_	_
670	کلفت	کلفت	کلفت	_	_
671	را	را	را	_	_
672	که	که	که	_	_
673	نمی‌شود	نمی‌شود	شد	_	_
674	وعده	وعده	وعده	_	_
675	گرفت	گرفت	گرفت	_	_
676	.	.	.	_	_
677	تنها	تنها	تنها	_	_
678	همان	هم	همان	_	_
679	رتبه‌های	رتبه‌هاي	رتبه‌هاي	_	_
680	بالا	بالا	بالا	_	_
681	را	را	را	_	_
682	وعده	وعده	وعده	_	_
683	بگیر	بگیر	گرفت	_	_
684	و	و	و	_	_
685	مابقی	مابقی	مابقی	_	_
686	را	را	را	_	_
687	نقدا	نقداً	نقداً	_	_
688	خط	خط	خط	_	_
689	بکش	بک	کشید	_	_
690	و	و	و	_	_
691	بگذار	بگذار	گذاشت	_	_
692	سماق	سماق	سماق	_	_
693	بمکند	بمکند	بمکند	_	_
694	.	.	.	_	_
695	گفتم	گفت	گفت	_	_
696	ای	ای	ای	_	_
697	بابا	بابا	بابا	_	_
698	،	،	،	_	_
699	خدا	خدا	خدا	_	_
700	را	را	را	_	_
701	خوش	خو	خوش	_	_
702	نمی‌آید	نمی‌آید	آمد	_	_
703	.	.	.	_	_
704	این	این	این	_	_
705	بدبخت‌ها	بدبخت	بدبخت	_	_
706	سال	سال	سال	_	_
707	آزگار	آزگار	آزگار	_	_
708	یک	یک	یک	_	_
709	بار	بار	بار	_	_
710	برایشان	برای	برای	_	_
711	چنین	چنین	چنین	_	_
712	پایی	پا	پایی	_	_
713	می‌افتد	می‌افتد	افتاد	_	_
714	و	و	و	_	_
715	شکم‌ها	شکم	شکم	_	_
716	را	را	را	_	_
717	مدتی	مدت	مدت	_	_
718	است	است		_	_
719	صابون	صابون	صابون	_	_
720	زده‌اند	زده‌اند	زد	_	_
721	که	که	که	_	_
722	کباب‌غاز	کباب‌غاز	کباب‌غاز	_	_
723	بخورند	بخورند	خورد	_	_
724	و	و	و	_	_
725	ساعت	ساعت	ساعت	_	_
726	شماری	شمار	شمرد	_	_
727	می‌کنند	می‌کنند	کرد	_	_
728	.	.	.	_	_
729	اگر	اگر	اگر	_	_
730	از	از	از	_	_
731	زیرش	زیر	زیر	_	_
732	در	در	در	_	_
733	بروم	برو	رفت	_	_
734	چشمم	چشم	چشم	_	_
735	را	را	را	_	_
736	در	در	در	_	_
737	خواهند‌آورد	خواهند‌آورد	آورد	_	_
738	و	و	و	_	_
739	حالا	حالا	حالا	_	_
740	که	که	که	_	_
741	خودمانیم	خودمانی	خودمانی	_	_
742	،	،	،	_	_
743	حق	حق	حق	_	_
744	هم	هم	هم	_	_
745	دارند	دارند	داشت	_	_
746	.	.	.	_	_
747	چطور	چطور	چطور	_	_
748	است	است		_	_
749	از	از	از	_	_
750	منزل	منزل	منزل	_	_
751	یکی	یک	یک	_	_
752	از	از	از	_	_
753	دوستان	دوست	دوستان	_	_
754	و	و	و	_	_
755	آشنایان	آشنا	آشنا	_	_
756	یک‌دست	یک‌دس	یک‌دست	_	_
757	دیگر	دیگر	دیگر	_	_
758	ظرف	ظرف	ظرف	_	_
759	و	و	و	_	_
760	لوازم	لوازم	لوازم	_	_
761	عاریه	عاریه	عاریه	_	_
762	بگیریم	بگیر	گرفت	_	_
763	.	.	.	_	_
764	اینک	اینک	اینک	_	_
765	روز	روز	روز	_	_
766	دوم	دو	دوم	_	_
767	عید	عید	عید	_	_
768	است	است		_	_
769	و	و	و	_	_
770	تدارک	تدارک	تدارک	_	_
771	پذیرایی	پذیرا	پذیرایی	_	_
772	از	از	از	_	_
773	هرجهت	هرجه	هرجهت	_	_
774	دیده‌شده‌است	دیده‌شده‌اس	دید	_	_
775	.	.	.	_	_
776	علاوه	علاوه	علاوه	_	_
777	بر	بر	بر	_	_
778	غاز	غاز	غاز	_	_
779	معهود	معهود	معهود	_	_
780	،	،	،	_	_
781	آش	آش	آش	_	_
782	جو	جو	جو	_	_
783	اعلا	اعلا	اعلا	_	_
784	و	و	و	_	_
785	کباب	کباب	کباب	_	_
786	بره‌ی	بره	بره	_	_
787	ممتاز	ممتاز	ممتاز	_	_
788	و	و	و	_	_
789	دو	دو	دو	_	_
790	رنگ	رنگ	رنگ	_	_
791	پلو	پلو	پلو	_	_
792	و	و	و	_	_
793	چند	چند	چند	_	_
794	جور	جور	جور	_	_
795	خورش	خورش	خورش	_	_
796	با	با	با	_	_
797	تمام	تمام	تمام	_	_
798	مخلفات	مخلفات	مخلفات	_	_
799	رو	رو	رو	_	_
800	به	به	به	_	_
801	راه	راه	راه	_	_
802	شده‌است	شده‌است	شد	_	_
803	.	.	.	_	_
804	در	در	در	_	_
805	تختخواب	تختخواب	تختخواب	_	_
806	گرم	گر	گرم	_	_
807	و	و	و	_	_
808	نرم	نر	نرم	_	_
809	و	و	و	_	_
810	تازه‌ای	تازه	تازه	_	_
811	که	که	که	_	_
812	از	از	از	_	_
813	جمله‌ی	جمله	جمله	_	_
814	اسباب	اسباب	اسباب	_	_
815	جهاز	جهاز	جهاز	_	_
816	خانم	خان	خانم	_	_
817	است	است		_	_
818	لم	ل	لم	_	_
819	داده	داده	داده	_	_
820	و	و	و	_	_
821	به	به	به	_	_
822	تفریح	تفریح	تفریح	_	_
823	تمام	تمام	تمام	_	_
824	مشغول	مشغول	مشغول	_	_
825	خواندن	خواندن	خواندن	_	_
826	حکایت‌های	حکایت	حکایت	_	_
827	بی	بی	بی	_	_
828	نظیر	نظیر	نظیر	_	_
829	صادق	صادق	صادق	_	_
830	هدایت	هدایت	هدایت	_	_
831	بودم	بود	بود	_	_
832	.	.	.	_	_
833	درست	درس	درست	_	_
834	کیفور	کیفور	کیفور	_	_
835	شده‌بودم	شده‌بود	شد	_	_
836	که	که	که	_	_
837	عیالم	عیال	عیال	_	_
838	وارد	وارد	وارد	_	_
839	شد	شد	شد	_	_
840	و	و	و	_	_
841	گفت	گفت	گفت	_	_
842	جوان	جو	جوان	_	_
843	دیلاقی	دیلاقي	دیلاقي	_	_
844	مصطفی	مصطفي	مصطفي	_	_
845	‌نام	‌نا	‌نام	_	_
846	آمده	آمده	آمده	_	_
847	می‌گوید	می‌گوید	گفت	_	_
848	پسرعموی	پسرعمو	پسرعموی	_	_
849	تنی	تنی	تنی	_	_
850	تو	تو	تو	_	_
851	است	است		_	_
852	و	و	و	_	_
853	برای	برای	برای	_	_
854	عید	عید	عید	_	_
855	مبارکی	مبارک	مبارک	_	_
856	شرفیاب	شرفیاب	شرفیاب	_	_
857	شده‌است	شده‌است	شد	_	_
858	.	.	.	_	_
859	مصطفی	مصطفی	مصطفی	_	_
860	پسرعموی	پسرعمو	پسرعموی	_	_
861	دختردایی	دختردا	دختردایی	_	_
862	خاله‌ی	خاله	خاله	_	_
863	مادرم	مادر	مادر	_	_
864	می‌شد	می‌شد	شد	_	_
865	.	.	.	_	_
866	جوانی	جوان	جوان	_	_
867	به	به	به	_	_
868	سن	سن	سن	_	_
869	بیست	بیست	بیست	_	_
870	و	و	و	_	_
871	پنج	پنج	پنج	_	_
872	یا	یا	یا	_	_
873	بیست	بیست	بیست	_	_
874	و	و	و	_	_
875	شش	شش	شش	_	_
876	.	.	.	_	_
877	لات	لا	لات	_	_
878	و	و	و	_	_
879	لوت	لو	لوت	_	_
880	و	و	و	_	_
881	آسمان	آسم	آسمان	_	_
882	جل	جل	جل	_	_
883	و	و	و	_	_
884	بی‌دست	بی‌دس	بی‌دست	_	_
885	و	و	و	_	_
886	پا	پا	پا	_	_
887	و	و	و	_	_
888	پخمه	پخمه	پخمه	_	_
889	و	و	و	_	_
890	گاگول	گاگول	گاگول	_	_
891	و	و	و	_	_
892	تا	تا	تا	_	_
893	بخواهی	بخواه	خواست	_	_
894	بدریخت	بدریخت	بدریخت	_	_
895	و	و	و	_	_
896	بدقواره	بدقواره	بدقواره	_	_
897	.	.	.	_	_
898	هروقت	هروق	هروقت	_	_
899	می‌خواست	می‌خواس	خواست	_	_
900	حرفی	حرف	حرف	_	_
901	بزند	بزند	زد	_	_
902	،	،	،	_	_
903	رنگ	رنگ	رنگ	_	_
904	می‌گذاشت	می‌گذا	گذاشت	_	_
905	و	و	و	_	_
906	رنگ	رنگ	رنگ	_	_
907	برمی‌داشت	برمی‌دا	برمی‌داشت	_	_
908	و	و	و	_	_
909	مثل	مثل	مثل	_	_
910	این‌که	این‌که	این‌که	_	_
911	دسته	دسته	دسته	_	_
912	هاون	هاون	هاون	_	_
913	برنجی	برنج	برنجی	_	_
914	در	در	در	_	_
915	گلویش	گلو	گلو	_	_
916	گیر	گیر	گیر	_	_
917	کرده‌باشد	کرده‌باشد	کرد	_	_
918	دهنش	دهن	دهنش	_	_
919	باز	باز	باز	_	_
920	می‌ماند	می‌ماند	ماند	_	_
921	و	و	و	_	_
922	به	به	به	_	_
923	خرخر	خرخر	خرخر	_	_
924	می‌افتاد	می‌افتاد	افتاد	_	_
925	.	.	.	_	_
926	الحمدالله	الحمدالله	الحمدالله	_	_
927	سالی	سال	سال	_	_
928	یک	یک	یک	_	_
929	مرتبه	مرتبه	مرتبه	_	_
930	بیش‌تر	بیش	بیش	_	_
931	از	از	از	_	_
932	زیارت	زیارت	زیارت	_	_
933	جمالش	جمال	جمال	_	_
934	مسرور	مسرور	مسرور	_	_
935	و	و	و	_	_
936	مشعوف	مشعوف	مشعوف	_	_
937	نمی‌شدم	نمی‌شد	شد	_	_
938	.	.	.	_	_
939	به	به	به	_	_
940	زنم	زن	زد	_	_
941	گفتم	گفت	گفت	_	_
942	تو	تو	تو	_	_
943	را	را	را	_	_
944	به	به	به	_	_
945	خدا	خدا	خدا	_	_
946	بگو	بگو	گفت	_	_
947	فلانی	فلان	فلان	_	_
948	هنوز	هنوز	هنوز	_	_
949	از	از	از	_	_
950	خواب	خواب	خواب	_	_
951	بیدار	بیدار	بیدار	_	_
952	نشده	نشده	شد	_	_
953	و	و	و	_	_
954	شر	شر	شر	_	_
955	این	این	این	_	_
956	غول	غول	غول	_	_
957	بی	بی	بی	_	_
958	شاخ	شاخ	شاخ	_	_
959	و	و	و	_	_
960	دم	دم	دم	_	_
961	را	را	را	_	_
962	از	از	از	_	_
963	سر	سر	سر	_	_
964	ما	ما	ما	_	_
965	بکن	بکن	کرد	_	_
966	و	و	و	_	_
967	بگذار	بگذار	گذاشت	_	_
968	برود	برود	رفت	_	_
969	لای	لا	لا	_	_
970	دست	دست	دست	_	_
971	بابای	بابا	بابا	_	_
972	علیه‌الرحمه‌اش	علیه‌الرحمه	علیه‌الرحمه‌اش	_	_
973	.	.	.	_	_
974	گفت	گفت	گفت	_	_
975	به	به	به	_	_
976	من	من	من	_	_
977	دخلی	دخل	دخل	_	_
978	ندارد	ندارد	داشت	_	_
979	!	!	!	_	_
980	مال	مال	مال	_	_
981	بد	بد	بد	_	_
982	بیخ	بیخ	بیخ	_	_
983	ریش	ری	ریش	_	_
984	صاحبش	صاحب	صاحب	_	_
985	.	.	.	_	_
986	ماشاء‌الله	ماشاء‌الله	ماشاء‌الله	_	_
987	هفت	هفت	هفت	_	_
988	قرآن	قرآن	قرآن	_	_
989	به	به	به	_	_
990	میان	می	میان	_	_
991	پسرعموی	پسرعمو	پسرعموی	_	_
992	دسته	دسته	دسته	_	_
993	دیزی	دیزی	دیزی	_	_
994	خودت	خود	خود	_	_
995	است	است		_	_
996	.	.	.	_	_
997	هرگلی	هرگل	هرگلی	_	_
998	هست	هس		_	_
999	به	به	به	_	_
1000	سر	سر	سر	_	_
1001	خودت	خود	خود	_	_
1002	بزن	بزن	زد	_	_
1003	.	.	.	_	_
1004	من	من	من	_	_
1005	اساسن	اساسن	اساسن	_	_
1006	شرط	شرط	شرط	_	_
1007	کرده‌ام	کرده‌ا	کرد	_	_
1008	با	با	با	_	_
1009	قوم	قو	قوم	_	_
1010	و	و	و	_	_
1011	خویش	خویش	خویش	_	_
1012	های		های	_	_
1013	ددری	ددر	ددری	_	_
1014	تو	تو	تو	_	_
1015	هیچ	هیچ	هیچ	_	_
1016	سر	سر	سر	_	_
1017	و	و	و	_	_
1018	کاری	کار	کاشت	_	_
1019	نداشته‌باشم	نداشته‌با	داشت	_	_
1020	؛	؛	؛	_	_
1021	آن‌هم	آن‌ه	آن‌هم	_	_
1022	با	با	با	_	_
1023	چنین	چنین	چنین	_	_
1024	لندهور	لندهور	لندهور	_	_
1025	الدنگی	الدنگ	الدنگ	_	_
1026	.	.	.	_	_
1027	دیدم	دید	دید	_	_
1028	چاره‌ای	چاره	چاره	_	_
1029	نیست	نیست	نیست	_	_
1030	و	و	و	_	_
1031	خدا	خدا	خدا	_	_
1032	را	را	را	_	_
1033	هم	هم	هم	_	_
1034	خوش	خو	خوش	_	_
1035	نمی‌آید	نمی‌آید	آمد	_	_
1036	این	این	این	_	_
1037	بیچاره	بیچاره	بیچاره	_	_
1038	که	که	که	_	_
1039	لابد	لابد	لابد	_	_
1040	از	از	از	_	_
1041	راه	راه	راه	_	_
1042	دور	دور	دور	_	_
1043	و	و	و	_	_
1044	دراز	دراز	دراز	_	_
1045	با	با	با	_	_
1046	شکم	شک	شکم	_	_
1047	گرسنه	گرسنه	گرسنه	_	_
1048	و	و	و	_	_
1049	پای	پا	پای	_	_
1050	برهنه	برهنه	برهنه	_	_
1051	به	به	به	_	_
1052	امید	امید	امید	_	_
1053	چند	چند	چند	_	_
1054	ریال	ریال	ریال	_	_
1055	عیدی	عید	عید	_	_
1056	آمده	آمده	آمده	_	_
1057	ناامید	ناامید	ناامید	_	_
1058	کنم	کن	کرد	_	_
1059	.	.	.	_	_
1060	پیش	پی	پیش	_	_
1061	خودم	خود	خودم	_	_
1062	گفتم	گفت	گفت	_	_
1063	چنین	چنین	چنین	_	_
1064	روز	روز	روز	_	_
1065	مبارکی	مبارک	مبارک	_	_
1066	صله‌ی	صله	صله	_	_
1067	ارحام	ارحام	ارحام	_	_
1068	نکنی	نکن	کرد	_	_
1069	کی	کی	کی	_	_
1070	خواهی‌کرد	خواهی‌کرد	کرد	_	_
1071	؟	؟	؟	_	_
1072	لذا	لذا	لذا	_	_
1073	صدایش	صدا	صدا	_	_
1074	کردم	کرد	کرد	_	_
1075	،	،	،	_	_
1076	سرش	سر	سر	_	_
1077	را	را	را	_	_
1078	خم	خم	خم	_	_
1079	کرده	کرده	کرده	_	_
1080	وارد	وارد	وارد	_	_
1081	شد	شد	شد	_	_
1082	.	.	.	_	_
1083	دیدم	دید	دید	_	_
1084	ماشاء‌الله	ماشاء‌الله	ماشاء‌الله	_	_
1085	چشم	چشم	چشم	_	_
1086	بد	بد	بد	_	_
1087	دور	دور	دور	_	_
1088	آقا	آقا	آقا	_	_
1089	واترقیده‌اند	واترقیده‌اند	واترقیده‌اند	_	_
1090	.	.	.	_	_
1091	قدش	قد	قد	_	_
1092	درازتر	دراز	دراز	_	_
1093	و	و	و	_	_
1094	پک	پک	پک	_	_
1095	و	و	و	_	_
1096	پوزش	پوز	پوزش	_	_
1097	کریه	کریه	کریه	_	_
1098	‌تر		‌تر	_	_
1099	شده‌است	شده‌است	شد	_	_
1100	.	.	.	_	_
1101	گردنش	گردن	گردن	_	_
1102	مثل	مثل	مثل	_	_
1103	گردن	گردن	گردن	_	_
1104	همان	هم	همان	_	_
1105	غاز	غاز	غاز	_	_
1106	مادرمرده‌ای	مادرمرده	مادرمرده	_	_
1107	که	که	که	_	_
1108	در	در	در	_	_
1109	همان	هم	همان	_	_
1110	ساعت	ساعت	ساعت	_	_
1111	در	در	در	_	_
1112	دیگ	دیگ	دیگ	_	_
1113	مشغول	مشغول	مشغول	_	_
1114	کباب	کباب	کباب	_	_
1115	شدن	شدن	شدن	_	_
1116	بود	بود	بود	_	_
1117	سر	سر	سر	_	_
1118	از	از	از	_	_
1119	یقه‌ی	یقه	یقه	_	_
1120	چرکین	چرک	چرکین	_	_
1121	بیرون	بیرون	بیرون	_	_
1122	دوانده	دوانده	دوانده	_	_
1123	بود	بود	بود	_	_
1124	و	و	و	_	_
1125	اگرچه	اگرچه	اگرچه	_	_
1126	به	به	به	_	_
1127	حساب	حساب	حساب	_	_
1128	خودش	خود	خودش	_	_
1129	ریش	ری	ریش	_	_
1130	تراشیده	تراشیده	تراشیده	_	_
1131	بود	بود	بود	_	_
1132	،	،	،	_	_
1133	اما	اما	اما	_	_
1134	پشم‌های	پشم	پشم	_	_
1135	زرد	زرد	زرد	_	_
1136	و	و	و	_	_
1137	سرخ	سرخ	سرخ	_	_
1138	و	و	و	_	_
1139	خرمایی	خرما	خرما	_	_
1140	به	به	به	_	_
1141	بلندی	بلند	بلند	_	_
1142	یک	یک	یک	_	_
1143	انگشت	انگشت	انگشت	_	_
1144	از	از	از	_	_
1145	لابلای	لابلا	لابلای	_	_
1146	یقه‌ی	یقه	یقه	_	_
1147	پیراهن	پیراهن	پیراهن	_	_
1148	،	،	،	_	_
1149	سر	سر	سر	_	_
1150	به	به	به	_	_
1151	در	در	در	_	_
1152	آورده	آورده	آورده	_	_
1153	و	و	و	_	_
1154	مثل	مثل	مثل	_	_
1155	کزم‌هایی	کزم	کزم‌هایی	_	_
1156	که	که	که	_	_
1157	به	به	به	_	_
1158	مارچوبه‌ی	مارچوبه	مارچوبه	_	_
1159	گندیده	گندیده	گندیده	_	_
1160	افتاده‌باشند	افتاده‌باشند	افتاد	_	_
1161	در	در	در	_	_
1162	پیرامون	پیرامون	پیرامون	_	_
1163	گردن	گردن	گردن	_	_
1164	و	و	و	_	_
1165	گلو	گلو	گلو	_	_
1166	در	در	در	_	_
1167	جنبش	جنب	جنبش	_	_
1168	و	و	و	_	_
1169	اهتزاز	اهتزاز	اهتزاز	_	_
1170	بودند	بودند	بود	_	_
1171	.	.	.	_	_
1172	از	از	از	_	_
1173	توصیف	توصیف	توصیف	_	_
1174	لباسش	لباس	لباس	_	_
1175	بهتر	به	بهتر	_	_
1176	است	است		_	_
1177	بگذرم	بگذر	گذشت	_	_
1178	،	،	،	_	_
1179	ولی	ول	ولی	_	_
1180	همین‌قدر	همین‌قدر	همین‌قدر	_	_
1181	می‌دانم	می‌دان	دانست	_	_
1182	که	که	که	_	_
1183	سر	سر	سر	_	_
1184	زانوهای	زانو	زانو	_	_
1185	شلوارش‌	شلوارش‌	شلوارش_	_	_
1186	که	که	که	_	_
1187	از	از	از	_	_
1188	بس	بس	بس	_	_
1189	شسته	شسته	شسته	_	_
1190	شده‌بودند	شده‌بودند	شد	_	_
1191	به‌قدر	به‌قدر	به‌قدر	_	_
1192	یک	یک	یک	_	_
1193	وجب	وجب	وجب	_	_
1194	خورد	خورد	خورد	_	_
1195	رفته‌بود	رفته‌بود	رفت	_	_
1196	چنان	چنان	چنان	_	_
1197	باد	باد	باد	_	_
1198	کرده‌بود	کرده‌بود	کرد	_	_
1199	که	که	که	_	_
1200	راستی‌راستی	راستی‌راست	راستی‌راستی	_	_
1201	تصور	تصور	تصور	_	_
1202	کردم	کرد	کرد	_	_
1203	دو	دو	دو	_	_
1204	رأس	رأس	رأس	_	_
1205	هندوانه	هندوانه	هندوانه	_	_
1206	از	از	از	_	_
1207	جایی	جا	جا	_	_
1208	کش	کش	کش	_	_
1209	رفته	رفته	رفته	_	_
1210	و	و	و	_	_
1211	در	در	در	_	_
1212	آنجا	آنجا	آنجا	_	_
1213	مخفی	مخفی	مخفی	_	_
1214	کرده‌است	کرده‌است	کرد	_	_
1215	.	.	.	_	_
1216	دیدم	دید	دید	_	_
1217	زیاد	زیاد	زیاد	_	_
1218	پرت‌	پرت	پرت	_	_
1219	و	و	و	_	_
1220	بلا	بلا	بلا	_	_
1221	می‌گوید	می‌گوید	گفت	_	_
1222	؛	؛	؛	_	_
1223	خواستم	خواست	خواست	_	_
1224	نوکش	نوک	نوک	_	_
1225	را	را	را	_	_
1226	چیده	چیده	چیده	_	_
1227	،	،	،	_	_
1228	دمش	دم	دم	_	_
1229	را	را	را	_	_
1230	روی	رو	روی	_	_
1231	کولش	کول	کول	_	_
1232	بگذارم	بگذار	گذاشت	_	_
1233	و	و	و	_	_
1234	به	به	به	_	_
1235	امان	امان	امان	_	_
1236	خدا	خدا	خدا	_	_
1237	بسپارم	بسپار	سپارد	_	_
1238	.	.	.	_	_
1239	این	این	این	_	_
1240	حرف	حرف	حرف	_	_
1241	که	که	که	_	_
1242	در	در	در	_	_
1243	بادی	باد	باد	_	_
1244	امر	امر	امر	_	_
1245	زیاد	زیاد	زیاد	_	_
1246	بی‌پا	بی‌پا	بی‌پا	_	_
1247	و	و	و	_	_
1248	بی‌معنی	بی‌معنی	بی‌معنی	_	_
1249	به‌نظر	به‌نظر	به‌نظر	_	_
1250	می‌آمد	می‌آمد	آمد	_	_
1251	،	،	،	_	_
1252	کم‌کم	کم‌کم	کم‌کم	_	_
1253	وقتی	وقت	وقت	_	_
1254	درست	درس	درست	_	_
1255	آن	آن	آن	_	_
1256	را	را	را	_	_
1257	در	در	در	_	_
1258	زوایا	زوایا	زوایا	_	_
1259	و	و	و	_	_
1260	خفایای	خفایا	خفایا	_	_
1261	خاطر	خاطر	خاطر	_	_
1262	و	و	و	_	_
1263	مخیله	مخیله	مخیله	_	_
1264	نشخوار	نشخوار	نشخوار	_	_
1265	کردم	کرد	کرد	_	_
1266	،	،	،	_	_
1267	معلوم	معلوم	معلوم	_	_
1268	شد	شد	شد	_	_
1269	آن	آن	آن	_	_
1270	قدرها	قدر	قدر	_	_
1271	هم	هم	هم	_	_
1272	نامعقول	نامعقول	نامعقول	_	_
1273	نیست	نیست	نیست	_	_
1274	و	و	و	_	_
1275	نباید	نباید	نباید	_	_
1276	زیاد	زیاد	زیاد	_	_
1277	سرسری	سرسری	سرسری	_	_
1278	گرفت	گرفت	گرفت	_	_
1279	.	.	.	_	_
1280	هرچه	هرچه	هرچه	_	_
1281	بیش‌تر	بیش	بیش	_	_
1282	در	در	در	_	_
1283	این	این	این	_	_
1284	باب	باب	باب	_	_
1285	دقیق	دقیق	دقیق	_	_
1286	شدم	شد	شد	_	_
1287	یک	یک	یک	_	_
1288	نوع	نوع	نوع	_	_
1289	امیدواری	امیدوار	امیدوار	_	_
1290	در	در	در	_	_
1291	خود	خود	خود	_	_
1292	حس	حس	حس	_	_
1293	نمودم	نمود	نمود	_	_
1294	و	و	و	_	_
1295	ستاره‌ی	ستاره	ستاره	_	_
1296	ضعیفی	ضعیف	ضعیف	_	_
1297	در	در	در	_	_
1298	شبستان	شبستان	شبستان	_	_
1299	تیره	تیره	تیره	_	_
1300	و	و	و	_	_
1301	تار	تار	تار	_	_
1302	درونم	درون	درون	_	_
1303	درخشیدن	درخشیدن	درخشیدن	_	_
1304	گرفت	گرفت	گرفت	_	_
1305	.	.	.	_	_
1306	رفته	رفته	رفته	_	_
1307	رفته	رفته	رفته	_	_
1308	سر	سر	سر	_	_
1309	دماغ	دماغ	دماغ	_	_
1310	آمدم	آمد	آمد	_	_
1311	و	و	و	_	_
1312	خندان	خندان	خندان	_	_
1313	و	و	و	_	_
1314	شادمان	شادمان	شادمان	_	_
1315	رو	رو	رو	_	_
1316	به	به	به	_	_
1317	مصطفی	مصطفی	مصطفی	_	_
1318	نموده	نموده	نموده	_	_
1319	گفتم	گفت	گفت	_	_
1320	اولین	اول	اولین	_	_
1321	بار	بار	بار	_	_
1322	است	است		_	_
1323	که	که	که	_	_
1324	از	از	از	_	_
1325	تو	تو	تو	_	_
1326	یک	یک	یک	_	_
1327	کلمه	کلمه	کلمه	_	_
1328	حرف	حرف	حرف	_	_
1329	حسابی	حساب	حساب	_	_
1330	می‌شنوم	می‌شنو	شنید	_	_
1331	ولی	ول	ولی	_	_
1332	به‌نظرم	به‌نظر	به‌نظرم	_	_
1333	این	این	این	_	_
1334	گره	گره	گره	_	_
1335	فقط	فقط	فقط	_	_
1336	به	به	به	_	_
1337	دست	دست	دست	_	_
1338	خودت	خود	خود	_	_
1339	گشوده‌خواهد‌شد	گشوده‌خواهد‌شد	گشود	_	_
1340	.	.	.	_	_
1341	باید	باید	باید	_	_
1342	خودت	خود	خود	_	_
1343	مهارت	مهار	مهارت	_	_
1344	به	به	به	_	_
1345	خرج	خرج	خرج	_	_
1346	بدهی	بدهی	بدهی	_	_
1347	که	که	که	_	_
1348	احدی	احد	احدی	_	_
1349	از	از	از	_	_
1350	مهمانان	مهمان	مهمان	_	_
1351	در	در	در	_	_
1352	صدد	صدد	صدد	_	_
1353	دست‌زدن	دست‌زدن	دست‌زدن	_	_
1354	به	به	به	_	_
1355	این	این	این	_	_
1356	غاز	غاز	غاز	_	_
1357	برنیاید	برنیاید	برنیاید	_	_
1358	.	.	.	_	_
1359	فردای	فردا	فردا	_	_
1360	آن	آن	آن	_	_
1361	روز	روز	روز	_	_
1362	به	به	به	_	_
1363	خاطرم	خاطر	خاطر	_	_
1364	آمد	آمد	آمد	_	_
1365	که	که	که	_	_
1366	دیروز	دیروز	دیروز	_	_
1367	یک‌دست	یک‌دس	یک‌دست	_	_
1368	از	از	از	_	_
1369	بهترین	به	بهترین	_	_
1370	لباس‌های	لباس	لباس	_	_
1371	نو	نو	نو	_	_
1372	دوز	دوز	دوز	_	_
1373	خود	خود	خود	_	_
1374	را	را	را	_	_
1375	با	با	با	_	_
1376	کلیه‌ی	کلیه	کلیه	_	_
1377	متفرعات	متفرع	متفرعات	_	_
1378	به	به	به	_	_
1379	انضمام	انضمام	انضمام	_	_
1380	مایحتوی	مایحتو	مایحتوی	_	_
1381	یعنی	یعنی	یعنی	_	_
1382	آقای	آقا	آقا	_	_
1383	استادی	استاد	استاد	_	_
1384	مصطفی‌خان	مصطفی‌خ	مصطفی‌خان	_	_
1385	به	به	به	_	_
1386	دست	دست	دست	_	_
1387	چلاق‌شده‌ی	چلاق‌شده	چلاق‌شده‌ی	_	_
1388	خودم	خود	خودم	_	_
1389	از	از	از	_	_
1390	خانه	خانه	خانه	_	_
1391	بیرون	بیرون	بیرون	_	_
1392	انداخته‌ام	انداخته	انداخت	_	_
1393	.	.	.	_	_
1394	ولی	ول	ولی	_	_
1395	چون	چون	چون	_	_
1396	که	که	که	_	_
1397	تیری	تیر	تیر	_	_
1398	که	که	که	_	_
1399	از	از	از	_	_
1400	شست	شست	شست	_	_
1401	رفته	رفته	رفته	_	_
1402	باز	باز	باز	_	_
1403	نمی‌گردد	نمی‌گردد	گشت	_	_
1404	،	،	،	_	_
1405	یک‌بار	یک‌بار	یک‌بار	_	_
1406	دیگر	دیگر	دیگر	_	_
1407	به	به	به	_	_
1408	کلام	کلام	کلام	_	_
1409	بلندپایه‌ی	بلندپایه	بلندپایه	_	_
1410	"	"	"	_	_
1411	از	از	از	_	_
1412	ماست	ماست	ماست	_	_
1413	که	که	که	_	_
1414	بر	بر	بر	_	_
1415	ماست	ماست	ماست	_	_
1416	"	"	"	_	_
1417	ایمان	ایمان	ایمان	_	_
1418	آوردم	آورد	آورد	_	_
1419	و	و	و	_	_
1420	پشت	پشت	پشت	_	_
1421	دستم	دست	دست	_	_
1422	را	را	را	_	_
1423	داغ	داغ	داغ	_	_
1424	کردم	کرد	کرد	_	_
1425	که	که	که	_	_
1426	تا	تا	تا	_	_
1427	من	من	من	_	_
1428	باشم	با	بود	_	_
1429	دیگر	دیگر	دیگر	_	_
1430	پیرامون	پیرامون	پیرامون	_	_
1431	ترفیع‌رتبه	ترفیع‌رتبه	ترفیع‌رتبه	_	_
1432	نگردم	نگرد	گشت	_	_
1433	!	!	!	_	_
1434	*****	*****	*****	_	_
1435	واتراقیده‌اند	واتراقیده‌اند	واتراقیده‌اند	_	_
1436	مفتخرترینهایشانند	مفتخرترينهایشانند	مفتخرترينهایشانند	_	_
1437	درصدداند	درصدداند	درصدداند	_	_
1438	مشتق‌پذیرند	مشتق‌پذیرند	مشتق‌پذیرند	_	_
1439	رفت	رف	رفت	_	_
1440	وآمدشان	وآمد	وآمدشان	_	_
1441	گفتوگویمان	گفتوگو	گفتوگویمان	_	_
1442	عبورومرور	عبورومرور	عبورومرور	_	_
1443	متلاشی‌کنندگانیم	متلاشی‌کنندگان	متلاشی‌کنندگانیم	_	_
1444	پراستفاده‌ترین	پراستفاده	پراستفاده	_	_
1445	خویشتنداران	خویشتندار	خویشتنداران	_	_
1446	اشتباهاتتان	اشتباهات	اشتباهات	_	_
1447	پراشتباه	پراشتباه	پراشتباه	_	_
1448	تریم	تر	تر	_	_
