0	طبق	طبق	طبق	_	_
1	اعلام	اعلا	اعلام	_	_
2	وزارت	وزارت	وزارت	_	_
3	اقتصاد	اقتصاد	اقتصاد	_	_
4	تدوین	تدوین	تدوین	_	_
5	شاخص‌های	شاخص	شاخص	_	_
6	ملی	مل	ملی	_	_
7	محیط	محیط	محیط	_	_
8	کسب‌وکار	کسب‌وکار	کسب‌وکار	_	_
9	کشور	کشور	کشور	_	_
10	برای	برای	برای	_	_
11	نخستین	نخست	نخستین	_	_
12	بار	بار	بار	_	_
13	اجرایی	اجرا	اجرایی	_	_
14	شد	شد	شد	_	_
15	.	.	.	_	_
16	امروز	اِمروز	اِمروز	_	_
17	هوا	هوا	هوا	_	_
18	بارانی	باران	باران	_	_
19	است	است		_	_
20	.	.	.	_	_
21	چترم	چتر	چتر	_	_
22	راباخودم	راباخود	راباخودم	_	_
23	نبردم	نبُرد	نبُردم	_	_
24	.	.	.	_	_
