0	می‌اندیشم	می‌اند	اندیشید	_	_
1	که	که	که	_	_
2	به	به	به	_	_
3	لطایف	لطایف	لطایف	_	_
4	حیل	حیل	حیل	_	_
5	و	و	و	_	_
6	بدایع	بدایع	بدایع	_	_
7	تمویهات	تمویه	تمویهات	_	_
8	گرد	گرد	گرد	_	_
9	این	این	این	_	_
10	غرض	غرض	غرض	_	_
11	درآیم	درآ	درآیم	_	_
12	و	و	و	_	_
13	به	به	به	_	_
14	هر	هر	هر	_	_
15	وجه	وجه	وجه	_	_
16	که	که	که	_	_
17	ممکن	ممکن	ممکن	_	_
18	گردد	گردد	گشت	_	_
19	بکوشم	بکو	کوشید	_	_
20	تا	تا	تا	_	_
21	او	او	او	_	_
22	را	را	را	_	_
23	درگردانم	درگردان	درگردانم	_	_
24	،	،	،	_	_
25	که	که	که	_	_
26	اهمال	اهمال	اهمال	_	_
27	و	و	و	_	_
28	تقصیر	تقصیر	تقصیر	_	_
29	را	را	را	_	_
30	در	در	در	_	_
31	مذهب	مذهب	مذهب	_	_
32	حمیت	حمیت	حمیت	_	_
33	رخصت	رخصت	رخصت	_	_
34	نبینم	نبین	دید	_	_
35	و	و	و	_	_
36	اگر	اگر	اگر	_	_
37	غفلتی	غفلت	غفلت	_	_
38	روا	روا	روا	_	_
39	دارم	دار	داشت	_	_
40	به	به	به	_	_
41	نزدیک	نزدیک	نزدیک	_	_
42	اصحاب	اصحاب	اصحاب	_	_
43	مروت	مروت	مروت	_	_
44	معذور	معذور	معذور	_	_
45	نباشم	نبا	بود	_	_
46	.	.	.	_	_
47	و	و	و	_	_
48	نیز	نیز	نیز	_	_
49	منزلتی	منزلت	منزلت	_	_
50	تو	تو	تو	_	_
51	نمی‌جویم	نمی‌جو	جست	_	_
52	و	و	و	_	_
53	در	در	در	_	_
54	طلب	طلب	طلب	_	_
55	زیادتی	زیادت	زیادتی	_	_
56	قدم	قد	قدم	_	_
57	نمی‌گزارم	نمی‌گزار	گزارد	_	_
58	که	که	که	_	_
59	به	به	به	_	_
60	حرص	حرص	حرص	_	_
61	و	و	و	_	_
62	گرم‌شکمی	گرم‌شکم	گرم‌شکمی	_	_
63	منسوب	منسوب	منسوب	_	_
64	شوم	شوم	شوم	_	_
65	.	.	.	_	_
66	و	و	و	_	_
67	شاید	شاید	شاید	_	_
68	بود	بود	بود	_	_
69	که	که	که	_	_
70	چون	چون	چون	_	_
71	صورت	صور	صورت	_	_
72	حال	حال	حال	_	_
73	بشناخت	بشناخ	بشناخت	_	_
74	و	و	و	_	_
75	فضیحت	فضیحت	فضیحت	_	_
76	خود	خود	خود	_	_
77	بدید	بدید	بدید	_	_
78	به	به	به	_	_
79	مکابره	مکابره	مکابره	_	_
80	در	در	در	_	_
81	آید	آید	آمد	_	_
82	،	،	،	_	_
83	ساخته	ساخته	ساخته	_	_
84	و	و	و	_	_
85	بسیجیده	بسیجیده	بسیجیده	_	_
86	جنگ	جنگ	جنگ	_	_
87	آغازد	آغازد	آغازد	_	_
88	،	،	،	_	_
89	یا	یا	یا	_	_
90	مستعد	مستعد	مستعد	_	_
91	و	و	و	_	_
92	متشمر	متشمر	متشمر	_	_
93	روی	رو	روی	_	_
94	بگرداند	بگرداند	بگرداند	_	_
95	.	.	.	_	_
96	و	و	و	_	_
97	اصحاب	اصحاب	اصحاب	_	_
98	حزم	حزم	حزم	_	_
99	گناه	گناه	گناه	_	_
100	ظاهر	ظاهر	ظاهر	_	_
101	را	را	را	_	_
102	عقوبت	عقوبت	عقوبت	_	_
103	مستور	مستور	مستور	_	_
104	و	و	و	_	_
105	جرم	جر	جرم	_	_
106	مستور	مستور	مستور	_	_
107	را	را	را	_	_
108	عقوبت	عقوبت	عقوبت	_	_
109	ظاهر	ظاهر	ظاهر	_	_
110	جایز	جایز	جایز	_	_
111	نشمرند	نشمرند	نشمرند	_	_
112	.	.	.	_	_
113	و	و	و	_	_
114	بباید	بباید	بباید	_	_
115	شناخت	شناخت	شناخت	_	_
116	که	که	که	_	_
117	عقوبت	عقوبت	عقوبت	_	_
118	غادران	غادر	غادران	_	_
119	زود	زود	زود	_	_
120	نازل	نازل	نازل	_	_
121	گردد	گردد	گشت	_	_
122	،	،	،	_	_
123	و	و	و	_	_
124	سوگند	سوگند	سوگند	_	_
125	دروغ	دروغ	دروغ	_	_
126	قواعد	قواعد	قواعد	_	_
127	عمر	عمر	عمر	_	_
128	و	و	و	_	_
129	اساس	اساس	اساس	_	_
130	زندگانی	زندگان	زندگانی	_	_
131	زود	زود	زود	_	_
132	با	با	با	_	_
133	خلل	خلل	خلل	_	_
134	کند	کند	کند	_	_
135	،	،	،	_	_
136	و	و	و	_	_
137	زبان	زبان	زبان	_	_
138	نبوت	نبوت	نبوت	_	_
139	بدین	بد	بدین	_	_
140	دقیقه	دقیقه	دقیقه	_	_
141	اشارت	اشارت	اشارت	_	_
142	کند	کند	کند	_	_
143	.	.	.	_	_
144	آن	آن	آن	_	_
145	کس	کس	کس	_	_
146	که	که	که	_	_
147	به	به	به	_	_
148	تواضع	تواضع	تواضع	_	_
149	و	و	و	_	_
150	تضرع	تضرع	تضرع	_	_
151	مقدمات	مقدم	مقدمات	_	_
152	آزار	آزار	آزار	_	_
153	فرو	فرو	فرو	_	_
154	نتواند	نتواند	توانست	_	_
155	گذاشت	گذا	گذاشت	_	_
156	و	و	و	_	_
157	در	در	در	_	_
158	عفو	عفو	عفو	_	_
159	و	و	و	_	_
160	تجاوز	تجاوز	تجاوز	_	_
161	پیش‌دستی	پیش‌دستی	پیش‌دستی	_	_
162	و	و	و	_	_
163	مبادرت	مبادرت	مبادرت	_	_
164	نتواند	نتواند	توانست	_	_
165	نمود	نمود	نمود	_	_
166	از	از	از	_	_
167	پیرایه	پیرایه	پیرایه	_	_
168	نیکونامی	نیکونام	نیکونامی	_	_
169	عاطل	عاطل	عاطل	_	_
170	گردد	گردد	گشت	_	_
171	و	و	و	_	_
172	در	در	در	_	_
173	پیش	پی	پیش	_	_
174	مردان	مرد	مرد	_	_
175	سرافگنده	سرافگنده	سرافگنده	_	_
176	ماند	ماند	ماند	_	_
177	.	.	.	_	_
178	اینست	اینس	اینست	_	_
179	مثل	مثل	مثل	_	_
180	خردمند	خردمند	خردمند	_	_
181	روشن	روشن	روشن	_	_
182	رای	را	را	_	_
183	که	که	که	_	_
184	فرصت	فرصت	فرصت	_	_
185	مصالحت	مصالح	مصالح	_	_
186	دشمن	دشمن	دشمن	_	_
187	به	به	به	_	_
188	وقت	وقت	وقت	_	_
189	حاجت	حاج	حاجت	_	_
190	فایت	فا	فایت	_	_
191	نگرداند	نگرداند	نگرداند	_	_
192	و	و	و	_	_
193	پس	پس	پس	_	_
194	از	از	از	_	_
195	حصول	حصول	حصول	_	_
196	غرض	غرض	غرض	_	_
197	از	از	از	_	_
198	مراعات	مراعات	مراعات	_	_
199	جانب	جانب	جانب	_	_
200	حزم	حزم	حزم	_	_
201	و	و	و	_	_
202	احتیاط	احتیاط	احتیاط	_	_
203	غافل	غافل	غافل	_	_
204	نباشد	نباشد	بود	_	_
205	.	.	.	_	_
206	سبحان‌الله	سبحان‌الله	سبحان‌الله	_	_
207	!	!	!	_	_
208	موشی	موش	موش	_	_
209	با	با	با	_	_
210	ضعف	ضعف	ضعف	_	_
211	و	و	و	_	_
212	عجز	عجز	عجز	_	_
213	خویش	خویش	خویش	_	_
214	چون	چون	چون	_	_
215	آفات	آفت	آفات	_	_
216	بدو	بدو	دوید	_	_
217	محیط	محیط	محیط	_	_
218	گشت	گشت	گشت	_	_
219	و	و	و	_	_
220	دشمنان	دشمن	دشمن	_	_
221	غالب	غالب	غالب	_	_
222	گرد	گرد	گرد	_	_
223	او	او	او	_	_
224	درآمدند	درآمدند	درآمدند	_	_
225	دل	دل	دل	_	_
226	از	از	از	_	_
227	جای	جا	جای	_	_
228	نبرد	نبرد	نبرد	_	_
229	و	و	و	_	_
230	به	به	به	_	_
231	دقایق	دقایق	دقایق	_	_
232	مخادعت	مخادع	مخادعت	_	_
233	یکی	یک	یک	_	_
234	را	را	را	_	_
235	از	از	از	_	_
236	ایشان	ایشان	ایشان	_	_
237	در	در	در	_	_
238	دام	دام	دام	_	_
239	موافقت	موافق	موافقت	_	_
240	کشید	کشید	کشید	_	_
241	،	،	،	_	_
242	تا	تا	تا	_	_
243	بدان	بد	بدان	_	_
244	وثیقت	وثیق	وثیق	_	_
245	و	و	و	_	_
246	وسیلت	وسیل	وسیلت	_	_
247	محنت	محن	محنت	_	_
248	از	از	از	_	_
249	وی	و	وی	_	_
250	دور	دور	دور	_	_
251	گشت	گشت	گشت	_	_
252	،	،	،	_	_
253	و	و	و	_	_
254	از	از	از	_	_
255	عهده	عهده	عهده	_	_
256	عهد	عهد	عهد	_	_
257	دشمن	دشمن	دشمن	_	_
258	به	به	به	_	_
259	وقت	وقت	وقت	_	_
260	بیرون	بیرون	بیرون	_	_
261	آمد	آمد	آمد	_	_
262	،	،	،	_	_
263	و	و	و	_	_
264	پس	پس	پس	_	_
265	از	از	از	_	_
266	ادراک	ادراک	ادراک	_	_
267	نهمت	نهم	نهم	_	_
268	در	در	در	_	_
269	تصون	تصون	تصون	_	_
270	ذات	ذات	ذات	_	_
271	ابواب	ابواب	ابواب	_	_
272	تیقظ	تیقظ	تیقظ	_	_
273	به	به	به	_	_
274	جای	جا	جای	_	_
275	آورد	آورد	آورد	_	_
276	.	.	.	_	_
277	اگر	اگر	اگر	_	_
278	اصحاب	اصحاب	اصحاب	_	_
279	خرد	خرد	خرد	_	_
280	و	و	و	_	_
281	کیاست	کیاست	کیاست	_	_
282	و	و	و	_	_
283	ذکا	ذکا	ذکا	_	_
284	و	و	و	_	_
285	فطنت	فطن	فطنت	_	_
286	این	این	این	_	_
287	تجارب	تجارب	تجارب	_	_
288	را	را	را	_	_
289	نمودار	نمودار	نمودار	_	_
290	عزایم	عزیمت	عزایم	_	_
291	خویش	خویش	خویش	_	_
292	گردانند	گردانند	گردانند	_	_
293	و	و	و	_	_
294	در	در	در	_	_
295	تقدیم	تقدیم	تقدیم	_	_
296	مهمات	مه	مهمات	_	_
297	این	این	این	_	_
298	بشارت	بشار	بشارت	_	_
299	را	را	را	_	_
300	امام	اما	امام	_	_
301	سازند	سازند	ساخت	_	_
302	فواتح	فواتح	فواتح	_	_
303	و	و	و	_	_
304	خواتم	خوا	خواتم	_	_
305	کارهای	کار	کار	_	_
306	ایشان	ایشان	ایشان	_	_
307	به	به	به	_	_
308	مزید	مزید	مزید	_	_
309	دوستکامی	دوستکام	دوستکامی	_	_
310	و	و	و	_	_
311	غبط	غبط	غبط	_	_
312	مقرون	مقرون	مقرون	_	_
313	باشد	باشد	بود	_	_
314	و	و	و	_	_
315	سعادت	سعادت	سعادت	_	_
316	عاجل	عاجل	عاجل	_	_
317	و	و	و	_	_
318	آجل	آجل	آجل	_	_
319	به	به	به	_	_
320	روزگار	روزگار	روزگار	_	_
321	ایشان	ایشان	ایشان	_	_
322	متصل	متصل	متصل	_	_
323	گردد	گردد	گشت	_	_
324	،	،	،	_	_
325	والله	والله	والله	_	_
326	ولی	ول	ولی	_	_
327	التوفیق	التوفیق	التوفیق	_	_
328	.	.	.	_	_
329	آنکه	آنکه	آنکه	_	_
330	کشیشان	کش	کش	_	_
331	و	و	و	_	_
332	رهبانان	رهبان	رهبان	_	_
333	و	و	و	_	_
334	ملکان	ملک	ملک	_	_
335	و	و	و	_	_
336	ریش‌سفیدان	ریش‌سفید	ریش‌سفید	_	_
337	و	و	و	_	_
338	کدخدایان	کدخدا	کدخدا	_	_
339	و	و	و	_	_
340	رعایای	رعایا	رعایا	_	_
341	ارامنه	ارامنه	ارامنه	_	_
342	ساکنین	ساکن	ساکنین	_	_
343	دارالسلطنه	دارالسلطنه	دارالسلطنه	_	_
344	اصفهان	اصفهان	اصفهان	_	_
345	بعنایت	بعنا	بعنایت	_	_
346	بیغایت	بیغا	بیغایت	_	_
347	شاهانه	شاهانه	شاهانه	_	_
348	و	و	و	_	_
349	شفقت	شفق	شفقت	_	_
350	و	و	و	_	_
351	مرحمت	مرحمت	مرحمت	_	_
352	بینهایت	بین	بین	_	_
353	پادشاهانه	پادشاهانه	پادشاهانه	_	_
354	مفتخر	مفتخر	مفتخر	_	_
355	و	و	و	_	_
356	سرافراز	سرافراز	سرافراز	_	_
357	و	و	و	_	_
358	مستظهر	مستظهر	مستظهر	_	_
359	و	و	و	_	_
360	امیدوار	امیدوار	امیدوار	_	_
361	بوده	بوده	بوده	_	_
362	بدانند	بدانند	دانست	_	_
363	که	که	که	_	_
364	چون	چون	چون	_	_
365	میانه	میانه	میانه	_	_
366	نواب	نواب	نواب	_	_
367	کامیاب	کامیاب	کامیاب	_	_
368	همایون	همایون	همایون	_	_
369	و	و	و	_	_
370	حضرات	حضرت	حضرات	_	_
371	سلاطین	سلطان	سلاطین	_	_
372	رفیع‌الشأن	رفیع‌الشأن	رفیع‌الشأن	_	_
373	مسیحیه	مسیحیه	مسیحیه	_	_
374	خصوصا	خصوصا	خصوصا	_	_
375	سلطنت	سلطنت	سلطنت	_	_
376	و	و	و	_	_
377	شوکت	شوک	شوکت	_	_
378	پناهی	پناه	پناهی	_	_
379	قدرة	قدرة	قدرة	_	_
380	السلاطین	السلاط	السلاطین	_	_
381	العیسویه	العیسویه	العیسویه	_	_
382	کمال	کمال	کمال	_	_
383	محبت	محب	محبت	_	_
384	و	و	و	_	_
385	دوستی	دوست	دوست	_	_
386	است	است		_	_
387	و	و	و	_	_
388	در	در	در	_	_
389	میانه	میانه	میانه	_	_
390	ما	ما	ما	_	_
391	و	و	و	_	_
392	طوایف	طوایف	طوایف	_	_
393	مسیحیه	مسیحیه	مسیحیه	_	_
394	یکانکی	یکانک	یکانکی	_	_
395	است	است		_	_
396	و	و	و	_	_
397	اصلا	اصلا	اصلا	_	_
398	جدایی	جدا	جدایی	_	_
399	نیست	نیست	نیست	_	_
400	و	و	و	_	_
401	توجه	توجه	توجه	_	_
402	خاطر	خاطر	خاطر	_	_
403	اشرف	اشرف	اشرف	_	_
404	به	به	به	_	_
405	آن	آن	آن	_	_
406	متعلق	متعلق	متعلق	_	_
407	است	است		_	_
408	که	که	که	_	_
409	همیشه	همیشه	همیشه	_	_
410	طوایف	طوایف	طوایف	_	_
411	مسیحیه	مسیحیه	مسیحیه	_	_
412	از	از	از	_	_
413	اطراف	اطراف	اطراف	_	_
414	و	و	و	_	_
415	جوانب	جوانب	جوانب	_	_
416	بدین	بد	بدین	_	_
417	دیار	دیار	دیار	_	_
418	آمد	آمد	آمد	_	_
419	و	و	و	_	_
420	شد	شد	شد	_	_
421	نمایند	نمایند	نمود	_	_
422	.	.	.	_	_
423	و	و	و	_	_
424	حال	حال	حال	_	_
425	آنکه	آنکه	آنکه	_	_
426	آن	آن	آن	_	_
427	کودک	کودک	کودک	_	_
428	دیگر	دیگر	دیگر	_	_
429	مردی	مرد	مردی	_	_
430	شده‌است	شده‌است	شد	_	_
431	یا	یا	یا	_	_
432	زنی	زن	زنی	_	_
433	؛	؛	؛	_	_
434	و	و	و	_	_
435	زیباست	زیباس	زیباست	_	_
436	و	و	و	_	_
437	برومند	برومند	برومند	_	_
438	؛	؛	؛	_	_
439	و	و	و	_	_
440	لابد	لابد	لابد	_	_
441	شوهری	شوهر	شوهر	_	_
442	می‌خواهد	می‌خواهد	خواست	_	_
443	یا	یا	یا	_	_
444	زنی	زن	زنی	_	_
445	؛	؛	؛	_	_
446	و	و	و	_	_
447	لابد	لابد	لابد	_	_
448	بچه‌ای	بچه	بچه	_	_
449	خواهد‌داشت	خواهد‌دا	داشت	_	_
450	و…	و…	و…	_	_
451	این	این	این	_	_
452	جوری	جور	جور	_	_
453	بود	بود	بود	_	_
454	که	که	که	_	_
455	فریادم	فریاد	فریاد	_	_
456	از	از	از	_	_
457	درون	درون	درون	_	_
458	برخاست	برخاس	برخاست	_	_
459	که	که	که	_	_
460	مگر	مگر	مگر	_	_
461	دوام	دوا	دوام	_	_
462	خلقت	خلق	خلقت	_	_
463	بر	بر	بر	_	_
464	زمینهٔ	زمینه	زمینه	_	_
465	لق	لق	لق	_	_
466	حسرت‌های	حسرت	حسرت	_	_
467	تو	تو	تو	_	_
468	است	است		_	_
469	احمق	احمق	احمق	_	_
470	؟	؟	؟	_	_
471	خیال	خیال	خیال	_	_
472	کرده‌ای	کرده	کرد	_	_
473	!	!	!	_	_
474	و	و	و	_	_
475	اصلا	اصلا	اصلا	_	_
476	ببینم	ببین	ببینم	_	_
477	–	–	–	_	_
478	مگر	مگر	مگر	_	_
479	کدام	کدام	کدام	_	_
480	یک	یک	یک	_	_
481	از	از	از	_	_
482	بچه‌های	بچه	بچه	_	_
483	سر	سر	سر	_	_
484	راهی	راه	راه	_	_
485	و	و	و	_	_
486	یتیم	یتیم	یتیم	_	_
487	خانه‌ای	خانه	خانه	_	_
488	و	و	و	_	_
489	پرورشگاهی	پرورشگاه	پرورشگاه	_	_
490	به	به	به	_	_
491	دم	دَ	دَم	_	_
492	روح	روح	روح	_	_
493	القدس	القدس	القدس	_	_
494	در	در	در	_	_
495	مشیمهٔ	مشیمه	مشیمهٔ	_	_
496	مادرشان	مادر	مادر	_	_
497	قرار	قرار	قرار	_	_
498	گرفته‌اند	گرفته‌اند	گرفت	_	_
499	؟	؟	؟	_	_
500	و	و	و	_	_
501	مگر	مگر	مگر	_	_
502	چه	چه	چه	_	_
503	فرقی	فرق	فرق	_	_
504	هست	هس		_	_
505	میان	می	میان	_	_
506	یک	یک	یک	_	_
507	پسر	پسر	پسر	_	_
508	کاکل‌زری	کاکل‌زری	کاکل‌زری	_	_
509	فلان	فلان	فلان	_	_
510	شازده	شازده	شازده	_	_
511	با	با	با	_	_
512	بچهٔ	بچه	بچه	_	_
513	فلان	فلان	فلان	_	_
514	میراب	میراب	میراب	_	_
515	که	که	که	_	_
516	چون	چون	چون	_	_
517	برای	برای	برای	_	_
518	بخور	بخور	خورد	_	_
519	و	و	و	_	_
520	نمیر	نمیر	مرد	_	_
521	خودش	خود	خودش	_	_
522	درمانده	درمانده	درمانده	_	_
523	بوده	بوده	بوده	_	_
524	فرزندش	فرزند	فرزند	_	_
525	را	را	را	_	_
526	سر	سر	سر	_	_
527	راه	راه	راه	_	_
528	گذاشته	گذاشته	گذاشته	_	_
529	؟	؟	؟	_	_
530	کارت	کار	کارت	_	_
531	به	به	به	_	_
532	کارت	کار	کارت	_	_
533	کردن	کردن	کردن	_	_
534	.	.	.	_	_
535	در	در	در	_	_
536	اصل	اصل	اصل	_	_
537	به	به	به	_	_
538	معنی	معنی	معنی	_	_
539	انتقال	انتقال	انتقال	_	_
540	وجه	وجه	وجه	_	_
541	بین	بین	بین	_	_
542	کارت	کار	کارت	_	_
543	های		های	_	_
544	بانکی	بانک	بانک	_	_
545	عضو	عضو	عضو	_	_
546	شتاب	شتاب	شتاب	_	_
547	است	است		_	_
548	.	.	.	_	_
549	اما	اما	اما	_	_
550	در	در	در	_	_
551	اصطلاح	اصطلاح	اصطلاح	_	_
552	به	به	به	_	_
553	عنوان	عنوان	عنوان	_	_
554	رشوه	رشوه	رشوه	_	_
555	دادن	دادن	دادن	_	_
556	تلقی	تلق	تلقی	_	_
557	میشود	میشود	میشود	_	_
558	.	.	.	_	_
559	داوری	داور	داور	_	_
560	بازی	باز	بازی	_	_
561	فوتبال	فوتبال	فوتبال	_	_
562	دیشبو	دیشبو	دیشبو	_	_
563	دیدی	دید	دید	_	_
564	؟	؟	؟	_	_
565	آره	آره	آره	_	_
566	بابا	بابا	بابا	_	_
567	تابلو	تابلو	تابلو	_	_
568	بود	بود	بود	_	_
569	واسه	واسه	واسه	_	_
570	داوره	داوره	داوره	_	_
571	کارت	کار	کارت	_	_
572	به	به	به	_	_
573	کارت	کار	کارت	_	_
574	کردن	کردن	کردن	_	_
575	.	.	.	_	_
576	میگن	میگن	میگن	_	_
577	مایکروسافت	مایکروسافت	مایکروسافت	_	_
578	واسه	واسه	واسه	_	_
579	سایت	سا	سایت	_	_
580	IGN	IGN	IGN	_	_
581	کارت	کار	کارت	_	_
582	به	به	به	_	_
583	کارت	کار	کارت	_	_
584	کرده	کرده	کرده	_	_
585	تا	تا	تا	_	_
586	امتیاز	امتیاز	امتیاز	_	_
587	بالایی	بالا	بالا	_	_
588	به	به	به	_	_
589	بازی	باز	بازی	_	_
590	Halo	Halo	Halo	_	_
591	بده	بده	داد	_	_
592	.	.	.	_	_
593	مارال	مارال	مارال	_	_
594	:	:	:	_	_
595	بچه‌ها	بچه	بچه	_	_
596	امروز	امروز	امروز	_	_
597	تولد	تولد	تولد	_	_
598	بهنازه	بهنازه	بهنازه	_	_
599	،	،	،	_	_
600	دورهمی	دورهم	دورهم	_	_
601	داریم	داریم	داشت	_	_
602	.	.	.	_	_
603	حدیثه	حدیثه	حدیثه	_	_
604	:	:	:	_	_
605	آج	آج	آج	_	_
606	جون	جون	جون	_	_
607	،	،	،	_	_
608	دورهمی	دورهم	دورهم	_	_
609	!	!	!	_	_
610	مارال	مارال	مارال	_	_
611	:	:	:	_	_
612	علی	علی	علی	_	_
613	کجاست	کجاس	کجاست	_	_
614	؟	؟	؟	_	_
615	کک	کک	کک	_	_
616	به	به	به	_	_
617	تنبونمون	تنبونمون	تنبونمون	_	_
618	انداخت	انداخ	انداخت	_	_
619	و	و	و	_	_
620	رفت	رف	رفت	_	_
621	!	!	!	_	_
622	حدیثه	حدیثه	حدیثه	_	_
623	:	:	:	_	_
624	خیلی	خیل	خیلی	_	_
625	ریلکسه	ریلکسه	ریلکسه	_	_
626	!	!	!	_	_
627	الان	ال	الان	_	_
628	قلپ	قلپ	قلپ	_	_
629	دوم	دو	دوم	_	_
630	چاییشه	چاییشه	چاییشه	_	_
631	!	!	!	_	_
632	مارال	مارال	مارال	_	_
633	:	:	:	_	_
634	تصویرسازیت	تصویرساز	تصویرساز	_	_
635	تو	تو	تو	_	_
636	حلقم	حلق	حلق	_	_
637	.	.	.	_	_
638	مرضا	مرضا	مرضا	_	_
639	کجاست	کجاس	کجاست	_	_
640	که	که	که	_	_
641	بیاد	بیاد	بیاد	_	_
642	این	این	این	_	_
643	اصطلاح	اصطلاحِ	اصطلاحِ	_	_
644	ادبی	ادبیِ	ادبیِ	_	_
645	چاله	چاله	چاله	_	_
646	میدونی	میدون	میدونی	_	_
647	رو	رو	رو	_	_
648	ثبت	ثبت	ثبت	_	_
649	کنه	کنه	کنه	_	_
650	تو	تو	تو	_	_
651	اون	اون	اون	_	_
652	بیلبیلک	بیلبیلک	بیلبیلک	_	_
653	؟	؟	؟	_	_
654	(	(	(	_	_
655	سایت	سا	سایت	_	_
656	فارسی	فارس	فارس	_	_
657	شهری	شهر	شهر	_	_
658	)	)	)	_	_
659	مرسده	مرسده	مرسده	_	_
660	:	:	:	_	_
661	مرضا	مرضا	مرضا	_	_
662	اومد	اومد	اومد	_	_
663	ثبت	ثبت	ثبت	_	_
664	کنه	کنه	کنه	_	_
665	!	!	!	_	_
666	مرضا	مرضا	مرضا	_	_
667	:	:	:	_	_
668	ثبت	ثبت	ثبت	_	_
669	شد	شد	شد	_	_
670	!	!	!	_	_
671	منتظر	منتظر	منتظر	_	_
672	تأیید	تأیید	تأیید	_	_
673	فارسی	فارس	فارس	_	_
674	شهری	شهر	شهر	_	_
675	و	و	و	_	_
676	این	این	این	_	_
677	دو	دو	دو	_	_
678	تن	تن	تن	_	_
679	برفتند	برفتند	برفتند	_	_
680	با	با	با	_	_
681	بگتگین	بگتگ	بگتگین	_	_
682	بگفتند	بگفتند	بگفتند	_	_
683	که	که	که	_	_
684	به	به	به	_	_
685	چه	چه	چه	_	_
686	شغل	شغل	شغل	_	_
687	آمده‌اند	آمده‌اند	آمد	_	_
688	،	،	،	_	_
689	که	که	که	_	_
690	بی	بی	بی	_	_
691	مثال	مثالِ	مثالِ	_	_
692	وی	و	وی	_	_
693	کسی	کس	کس	_	_
694	بر	بر	بر	_	_
695	قلعت	قلع	قلع	_	_
696	نتوانستی	نتوانست	توانست	_	_
697	شد	شد	شد	_	_
698	.	.	.	_	_
699	بگتگین	بگتگ	بگتگین	_	_
700	کدخدای	کدخدا	کدخدا	_	_
701	خویش	خویش	خویش	_	_
702	را	را	را	_	_
703	با	با	با	_	_
704	ایشان	ایشان	ایشان	_	_
705	نامزد	نامزد	نامزد	_	_
706	کرد	کرد	کرد	_	_
707	و	و	و	_	_
708	بر	بر	بر	_	_
709	قلعت	قلع	قلع	_	_
710	رفتند	رفتند	رفت	_	_
711	و	و	و	_	_
712	پیش	پی	پیش	_	_
713	امیر	امیر	امیر	_	_
714	محمد	محمد	محمد	_	_
715	شدند	شدند	شد	_	_
716	و	و	و	_	_
717	رسم	رس	رسم	_	_
718	خدمت	خدم	خدمت	_	_
719	را	را	را	_	_
720	بجای	بجا	بجا	_	_
721	آوردند	آوردند	آورد	_	_
722	،	،	،	_	_
723	امیر	امیر	امیر	_	_
724	گفت	گفت	گفت	_	_
725	:	:	:	_	_
726	خبر	خبر	خبر	_	_
727	برادرم	برادر	برادر	_	_
728	چیست	چیست	چیست	_	_
729	و	و	و	_	_
730	لشکرکی	لشکرک	لشکرک	_	_
731	خواهد‌رفت	خواهد‌رف	رفت	_	_
732	نزدیک	نزدیک	نزدیک	_	_
733	وی	و	وی	_	_
734	؟	؟	؟	_	_
735	گفتند	گفتند	گفت	_	_
736	:	:	:	_	_
737	«	«	«	_	_
738	خبر	خبر	خبر	_	_
739	خداوند	خداوند	خداوند	_	_
740	سلطان	سلطان	سلطان	_	_
741	همه	همه	همه	_	_
742	خیر	خیر	خیر	_	_
743	است	است		_	_
744	،	،	،	_	_
745	و	و	و	_	_
746	در	در	در	_	_
747	این	این	این	_	_
748	دو	دو	دو	_	_
749	سه	سه	سه	_	_
750	روز	روز	روز	_	_
751	همه	همه	همه	_	_
752	لشکر	لشکر	لشکر	_	_
753	بروند	بروند	رفت	_	_
754	و	و	و	_	_
755	حاجب	حاجب	حاجب	_	_
756	بزرگ	بزرگ	بزرگ	_	_
757	بر	بر	بر	_	_
758	اثر	اثر	اثر	_	_
759	ایشان	ایشان	ایشان	_	_
760	،	،	،	_	_
761	و	و	و	_	_
762	بندگان	بندگان	بندگان	_	_
763	بدین	بد	بدین	_	_
764	آمده‌اند	آمده‌اند	آمد	_	_
765	»	»	»	_	_
766	،	،	،	_	_
767	و	و	و	_	_
768	نامه	نامه	نامه	_	_
769	به	به	به	_	_
770	امیر	امیر	امیر	_	_
771	دادند	دادند	داد	_	_
772	.	.	.	_	_
773	برخواند	برخواند	برخواند	_	_
774	و	و	و	_	_
775	لختی	لخت	لخت	_	_
776	تاریکی	تاریک	تاریکی	_	_
777	در	در	در	_	_
778	وی	و	وی	_	_
779	پیدا	پیدا	پیدا	_	_
780	آمد	آمد	آمد	_	_
781	.	.	.	_	_
782	نبیه	نبیه	نبیه	_	_
783	گفت	گفت	گفت	_	_
784	«	«	«	_	_
785	زندگانی	زندگان	زندگانی	_	_
786	امیر	امیر	امیر	_	_
787	دراز	دراز	دراز	_	_
788	باد	باد	باد	_	_
789	،	،	،	_	_
790	سلطان	سلطان	سلطان	_	_
791	که	که	که	_	_
792	برادر	برادر	برادر	_	_
793	است	است		_	_
794	حق	حق	حق	_	_
795	امیر	امیر	امیر	_	_
796	را	را	را	_	_
797	نگاه	نگاه	نگاه	_	_
798	دارد	دارد	داشت	_	_
799	و	و	و	_	_
800	مهربانی	مهربان	مهربان	_	_
801	نماید	نماید	نمود	_	_
802	.	.	.	_	_
803	دل	دل	دل	_	_
804	بد	بد	بد	_	_
805	نباید	نباید	نباید	_	_
806	کرد	کرد	کرد	_	_
807	و	و	و	_	_
808	به‌قضای	به‌قضا	به‌قضای	_	_
809	خدای	خدا	خدا	_	_
810	عزوجل	عزوجل	عزوجل	_	_
811	رضا	رضا	رضا	_	_
812	باید	باید	باید	_	_
813	داد	داد	داد	_	_
814	و	و	و	_	_
815	از	از	از	_	_
816	این	این	این	_	_
817	باب	باب	باب	_	_
818	بسیار	بسیار	بسیار	_	_
819	سخن	سخن	سخن	_	_
820	نیکو	نیکو	نیکو	_	_
821	گفت	گفت	گفت	_	_
822	،	،	،	_	_
823	و	و	و	_	_
824	فذلک	فذلک	فذلک	_	_
825	آن	آن	آن	_	_
826	بود	بود	بود	_	_
827	که	که	که	_	_
828	بودنی	بودن	بودنی	_	_
829	بوده‌است	بوده‌است	بود	_	_
830	.	.	.	_	_
831	به	به	به	_	_
832	سر	سر	سر	_	_
833	نشاط	نشاط	نشاط	_	_
834	باز	باز	باز	_	_
835	باید	باید	باید	_	_
836	شد	شد	شد	_	_
837	و	و	و	_	_
838	امیر	امیر	امیر	_	_
839	ایشان	ایشان	ایشان	_	_
840	را	را	را	_	_
841	بنواخت	بنواخ	بنواخت	_	_
842	و	و	و	_	_
843	گفت	گفت	گفت	_	_
844	«	«	«	_	_
845	مرا	مرا	مرا	_	_
846	فراموش	فراموش	فراموش	_	_
847	مکنید	مکنید	مکنید	_	_
848	.	.	.	_	_
849	»	»	»	_	_
850	و	و	و	_	_
851	بازگشتند	بازگشتند	بازگشتند	_	_
852	و	و	و	_	_
853	آنچه	آنچه	آنچه	_	_
854	رفته‌بود	رفته‌بود	رفت	_	_
855	با	با	با	_	_
856	حاجب	حاجب	حاجب	_	_
857	بزرگ	بزرگ	بزرگ	_	_
858	علی	علی	علی	_	_
859	گفتند	گفتند	گفت	_	_
860	.	.	.	_	_
861	،	،	،	_	_
862	ای	اي	اي	_	_
863	که	كه	كه	_	_
864	مرا	مرا	مرا	_	_
865	مایه	مايه	مايه	_	_
866	ی	ي	ي	_	_
867	حظی	حظّيّ	حظّيّ	_	_
868	و	و	و	_	_
869	سروری	سروريّ	سروريّ	_	_
870	و	و	و	_	_
871	ز	ز	ز	_	_
872	هر	هر	هر	_	_
873	عیب	عيب	عيب	_	_
874	به	به	به	_	_
875	دوری	دوريّ	دوريّ	_	_
876	و	و	و	_	_
877	چو	چو	چو	_	_
878	یک	يك	يك	_	_
879	پارچه	پارچه	پارچه	_	_
880	نوری	نوريّ	نوريّ	_	_
881	و	و	و	_	_
882	به	به	به	_	_
883	دل	دل	دل	_	_
884	همچو	همچو	همچو	_	_
885	بلوری	بلوريّ	بلوريّ	_	_
886	و	و	و	_	_
887	مبرا	مبرّا	مبرّا	_	_
888	ز	ز	ز	_	_
889	غروری	غروريّ	غروريّ	_	_
890	و	و	و	_	_
891	پر	پر	پر	_	_
892	از	از	از	_	_
893	شعر	شعر	شعر	_	_
894	و	و	و	_	_
895	شعوری	شعوري	شعوري	_	_
896	،	،	،	_	_
897	با	با	با	_	_
898	درودی	دروديّ	دروديّ	_	_
899	و	و	و	_	_
900	سلامی	سلاميّ	سلاميّ	_	_
901	و	و	و	_	_
902	نویدی	نويديّ	نويديّ	_	_
903	و	و	و	_	_
904	پیامی	پياميّ	پياميّ	_	_
905	و	و	و	_	_
906	حدیثی	حديثيّ	حديثيّ	_	_
907	و	و	و	_	_
908	کلامی	كلامي	كلامي	_	_
909	ز	ز	ز	_	_
910	ره	رهِ	رهِ	_	_
911	دور	دور	دور	_	_
912	،	،	،	_	_
913	از	از	از	_	_
914	این	اين	اين	_	_
915	عاشق	عاشق	عاشق	_	_
916	رنجور	رنجور	رنجور	_	_
917	،	،	،	_	_
918	به	به	به	_	_
919	تو	تو	تو	_	_
920	ای	اي	اي	_	_
921	دلبر	دلبر	دلبر	_	_
922	مهجور	مهجور	مهجور	_	_
923	،	،	،	_	_
924	که	كه	كه	_	_
925	باشی	باشي	باشي	_	_
926	به	به	به	_	_
927	هنر	هنر	هنر	_	_
928	شهره	شهره	شهره	_	_
929	و	و	و	_	_
930	مشهور	مشهور	مشهور	_	_
931	و	و	و	_	_
932	نباشد	نباشد	بود	_	_
933	به	به	به	_	_
934	دلت	دل	دل	_	_
935	جور	جور	جور	_	_
936	و	و	و	_	_
937	جفایی	جفايي	جفايي	_	_
938	،	،	،	_	_
939	که	كه	كه	_	_
940	تو	تو	تو	_	_
941	خود	خود	خود	_	_
942	اصل	اصل	اصل	_	_
943	وفایی	وفايي	وفايي	_	_
944	و	و	و	_	_
945	بهین	بهين	بهين	_	_
946	شاعر	شاعر	شاعر	_	_
947	مایی	ماييّ	ماييّ	_	_
948	و	و	و	_	_
949	به	به	به	_	_
950	درددل	درددل	درددل	_	_
951	عشاق	عشّاق	عشّاق	_	_
952	دوایی	دوايي	دوايي	_	_
953	،	،	،	_	_
954	به	به	به	_	_
955	چه	چه	چه	_	_
956	حالی	حاليّ	حاليّ	_	_
957	و	و	و	_	_
958	کجایی	كجايي	كجايي	_	_
959	،	،	،	_	_
960	ز	ز	ز	_	_
961	برم	بر	برد	_	_
962	دور	دور	دور	_	_
963	چرایی	چرايي	چرايي	_	_
964	،	،	،	_	_
965	ارچه	ارچه	ارچه	_	_
966	ما	ما	ما	_	_
967	را	را	را	_	_
968	نبود	نبود	بود	_	_
969	طاقت	طاقتِ	طاقتِ	_	_
970	هجران	هجرانِ	هجرانِ	_	_
971	رخت	رخَ	رخَت	_	_
972	ای	اي	اي	_	_
973	مه	مهِ	مهِ	_	_
974	زیبا	زيبا	زيبا	_	_
975	،	،	،	_	_
976	دارم	دار	داشت	_	_
977	امید	اميد	اميد	_	_
978	که	كه	كه	_	_
979	لطف	لطفِ	لطفِ	_	_
980	ازلی	ازلي	ازلي	_	_
981	در	در	در	_	_
982	همه	همه	همه	_	_
983	احوال	احوال	احوال	_	_
984	بسی	بسي	بسي	_	_
985	شامل	شامل	شامل	_	_
986	حالت	حال	حالت	_	_
987	شده‌باشد	شده‌باشد	شد	_	_
988	و	و	و	_	_
989	دگر	دگر	دگر	_	_
990	همچو	همچو	همچو	_	_
991	گذشته	گذشته	گذشته	_	_
992	بشوی	بشوي	بشوي	_	_
993	همره	همره	همره	_	_
994	و	و	و	_	_
995	مأنوس	مأنوس	مأنوس	_	_
996	به	به	به	_	_
997	سلم	سل	سلم	_	_
998	و	و	و	_	_
999	خوشی	خوشي	خوشي	_	_
1000	و	و	و	_	_
1001	صدق	صدق	صدق	_	_
1002	و	و	و	_	_
1003	صفا	صفا	صفا	_	_
1004	و	و	و	_	_
1005	کرم	كر	كرم	_	_
1006	و	و	و	_	_
1007	جود	جود	جود	_	_
1008	و	و	و	_	_
1009	سخا	سخا	سخا	_	_
1010	و	و	و	_	_
1011	دگر	دگر	دگر	_	_
1012	الطاف	الطاف	الطاف	_	_
1013	خدا	خدا	خدا	_	_
1014	دورکند	دوركند	دوركند	_	_
1015	ازتن	ازتن	ازتن	_	_
1016	تو	تو	تو	_	_
1017	رنج	رنج	رنج	_	_
1018	و	و	و	_	_
1019	بلا	بلا	بلا	_	_
1020	را	را	را	_	_
1021	!	!	!	_	_
1022	الغرض	الغرض	الغرض	_	_
1023	،	،	،	_	_
1024	تا	تا	تا	_	_
1025	تو	تو	تو	_	_
1026	در	در	در	_	_
1027	این	اين	اين	_	_
1028	دهکده	دهكده	دهكده	_	_
1029	ی	ي	ي	_	_
1030	کوچک	كوچكِ	كوچكِ	_	_
1031	رایانه	رايانه	رايانه	_	_
1032	ای	اي	اي	_	_
1033	از	از	از	_	_
1034	بهر	بهر	بهر	_	_
1035	دل	دل	دل	_	_
1036	ملت	مل	ملت	_	_
1037	بیداردل	بيداردل	بيداردل	_	_
1038	خویش	خوي	خويش	_	_
1039	،	،	،	_	_
1040	به	به	به	_	_
1041	افشاگری	افشاگري	افشاگري	_	_
1042	و	و	و	_	_
1043	شوخی	شوخي	شوخي	_	_
1044	و	و	و	_	_
1045	طنازی	طنّازي	طنّازي	_	_
1046	و	و	و	_	_
1047	هم	هم	هم	_	_
1048	دادن	دادن	دادن	_	_
1049	آگاهی	آگاهي	آگاهي	_	_
1050	از	از	از	_	_
1051	اسرار	اسرار	اسرار	_	_
1052	مگو	مگو	مگو	_	_
1053	دست	دست	دست	_	_
1054	گشودی	گشودي	گشودي	_	_
1055	،	،	،	_	_
1056	همگان	همگان	همگان	_	_
1057	را	را	را	_	_
1058	به	به	به	_	_
1059	سخن	سخن	سخن	_	_
1060	های	هاي	هاي	_	_
1061	پر	پر	پر	_	_
1062	از	از	از	_	_
1063	شهد	شهد	شهد	_	_
1064	و	و	و	_	_
1065	شکر	شكر	شكر	_	_
1066	راغب	راغب	راغب	_	_
1067	و	و	و	_	_
1068	مشتاق	مشتاق	مشتاق	_	_
1069	نمودی	نموديّ	نموديّ	_	_
1070	و	و	و	_	_
1071	به	به	به	_	_
1072	نیش	ني	نيش	_	_
1073	قلمت	قلم	قلم	_	_
1074	گرد	گرد	گرد	_	_
1075	و	و	و	_	_
1076	غبار	غبار	غبار	_	_
1077	از	از	از	_	_
1078	رخ	رخ	رخ	_	_
1079	هر	هر	هر	_	_
1080	ناکس	ناكس	ناكس	_	_
1081	بی	بي	بي	_	_
1082	مغز	مغز	مغز	_	_
1083	و	و	و	_	_
1084	خرد	خرد	خرد	_	_
1085	پاک	پاك	پاك	_	_
1086	زدودی	زدوديّ	زدوديّ	_	_
1087	و	و	و	_	_
1088	هم	هم	هم	_	_
1089	از	از	از	_	_
1090	باطن	باطن	باطن	_	_
1091	بی	بي	بي	_	_
1092	مایه	مايه	مايه	_	_
1093	ی	ي	ي	_	_
1094	ارباب	ارباب	ارباب	_	_
1095	زر	زر	زر	_	_
1096	و	و	و	_	_
1097	زور	زور	زور	_	_
1098	و	و	و	_	_
1099	ریا	ريا	ريا	_	_
1100	پرده	پرده	پرده	_	_
1101	گشودی	گشودي	گشودي	_	_
1102	.	.	.	_	_
