0	ما	ما	ما	_	_
1	قادر	قادر	قادر	_	_
2	به	به	به	_	_
3	ارائهٔ	ارائه	ارائه	_	_
4	پاسخی	پاسخ	پاسخ	_	_
5	مطمئن	مطمئن	مطمئن	_	_
6	نیستیم	نیست		_	_
7	.	.	.	_	_
8	فهرست	فهرست	فهرست	_	_
9	خصوصیاتی	خصوصیات	خصوصیات	_	_
10	که	که	که	_	_
11	حوزهٔ	حوزه	حوزه	_	_
12	رده‌بندی	رده‌بندی	رده‌بندی	_	_
13	گیاهان	گیاه	گیاه	_	_
14	را	را	را	_	_
15	از	از	از	_	_
16	سایر	سایر	سایر	_	_
17	حوزه‌ها	حوزه	حوزه	_	_
18	ی		ی	_	_
19	زیست‌شناسی	زیست‌شناس	زیست‌شناس	_	_
20	جدا	جدا	جدا	_	_
21	می‌کند	می‌کند	کرد	_	_
22	حد	حد	حد	_	_
23	اقل	اقل	اقل	_	_
24	یک	یک	یک	_	_
25	تعریف	تعریف	تعریف	_	_
26	فنی	فن	فن	_	_
27	ارائه	ارائه	ارائه	_	_
28	می‌کند	می‌کند	کرد	_	_
29	اما	اما	اما	_	_
30	این	این	این	_	_
31	تعریف	تعریف	تعریف	_	_
32	مورد	مورد	مورد	_	_
33	پسند	پسند	پسند	_	_
34	همگان	همگان	همگان	_	_
35	قرار	قرار	قرار	_	_
36	نمی‌گیرد	نمی‌گیرد	گرفت	_	_
37	؛	؛	؛	_	_
38	بنابراین	بنابراین	بنابراین	_	_
39	تعریف	تعریف	تعریف	_	_
40	اصطلاح	اصطلاح	اصطلاح	_	_
41	گیاه	گیاه	گیاه	_	_
42	همیشه	همیشه	همیشه	_	_
43	به	به	به	_	_
44	معنی	معنی	معنی	_	_
45	بیشتر	بی	بیشتر	_	_
46	موجودات	موجود	موجودات	_	_
47	زنده	زنده	زنده	_	_
48	طبقه‌بندی	طبقه‌بندی	طبقه‌بندی	_	_
49	شده	شده	شده	_	_
50	در	در	در	_	_
51	محدودهٔ	محدوده	محدوده	_	_
52	رده‌بندی	رده‌بندی	رده‌بندی	_	_
53	گیاهان	گیاه	گیاه	_	_
54	می‌باشد	می‌باشد	بود	_	_
55	.	.	.	_	_
56	مثلا	مثلاً	مثلاً	_	_
57	«	«	«	_	_
58	اگر	اگر	اگر	_	_
59	جلبک‌های	جلبک	جلبک	_	_
60	سبز	سبز	سبز	_	_
61	به	به	به	_	_
62	وضوح	وضوح	وضوح	_	_
63	گیاهانی	گیاهان	گیاهانی	_	_
64	جزو	جزو	جزو	_	_
65	رده‌بندی	رده‌بندی	رده‌بندی	_	_
66	گیاهان	گیاه	گیاه	_	_
67	هستند	هستند		_	_
68	،	،	،	_	_
69	پس	پس	پس	_	_
70	بیشتر	بی	بیشتر	_	_
71	مردم	مرد	مردم	_	_
72	اکثر	اکثر	اکثر	_	_
73	خزه‌های	خزه	خزه	_	_
74	دریایی	دریا	دریا	_	_
75	را	را	را	_	_
76	هم	هم	هم	_	_
77	که	که	که	_	_
78	جزئی	جزئی	جزئی	_	_
79	از	از	از	_	_
80	(	(	(	_	_
81	حوزه	حوزه	حوزه	_	_
82	آغازیان	آغاز	آغاز	_	_
83	)	)	)	_	_
84	هستند	هستند		_	_
85	،	،	،	_	_
86	جزو	جزو	جزو	_	_
87	جلبک‌های	جلبک	جلبک	_	_
88	سبز	سبز	سبز	_	_
89	در	در	در	_	_
90	نظر	نظر	نظر	_	_
91	می‌گیرند	می‌گیرند	گرفت	_	_
92	.	.	.	_	_
93	مشکل	مشکل	مشکل	_	_
94	عدم	عدم	عدم	_	_
95	وجود	وجود	وجود	_	_
96	دقت	دق	دقت	_	_
97	یا	یا	یا	_	_
98	توافق	توافق	توافق	_	_
99	که	که	که	_	_
100	در	در	در	_	_
101	تعریف	تعریف	تعریف	_	_
102	گیاه	گیاه	گیاه	_	_
103	وجود	وجود	وجود	_	_
104	دارد	دارد	داشت	_	_
105	یکی	یک	یک	_	_
106	از	از	از	_	_
107	گفته‌های	گفته	گفته	_	_
108	مورد	مورد	مورد	_	_
109	تفاهم	تفاهم	تفاهم	_	_
110	است	است		_	_
111	که	که	که	_	_
112	اغلب	اغلب	اغلب	_	_
113	در	در	در	_	_
114	مقالات	مقال	مقالات	_	_
115	با	با	با	_	_
116	آن	آن	آن	_	_
117	مواجه	مواجه	مواجه	_	_
118	می	می	می	_	_
119	شوند	شوند	شد	_	_
120	.	.	.	_	_
121	خاصیت	خاصیت	خاصیت	_	_
122	ذره‌	ذره	ذره	_	_
123	ای	ای	ای	_	_
124	و	و	و	_	_
125	موجی	موج	موج	_	_
126	نور	نور	نور	_	_
127	که	که	که	_	_
128	یک	یک	یک	_	_
129	پدیدهٔ	پدیده	پدیده	_	_
130	فیزیکی	فیزیک	فیزیکی	_	_
131	الکترومغناطیسی	الکترومغناطیس	الکترومغناطیس	_	_
132	است	است		_	_
133	و	و	و	_	_
134	در	در	در	_	_
135	نتیجهٔ	نتیجه	نتیجه	_	_
136	برخورد	برخورد	برخورد	_	_
137	نور	نور	نور	_	_
138	به	به	به	_	_
139	سطح	سطح	سطح	_	_
140	اشیاء	اشیاء	اشیاء	_	_
141	و	و	و	_	_
142	باز	باز	باز	_	_
143	تاب	تاب	تاب	_	_
144	ویژهٔ	ویژه	ویژه	_	_
145	طول	طول	طول	_	_
146	موجی	موج	موج	_	_
147	این	این	این	_	_
148	تابش	تاب	تابش	_	_
149	نور	نور	نور	_	_
150	و	و	و	_	_
151	شدت	شد	شدت	_	_
152	آن	آن	آن	_	_
153	،	،	،	_	_
154	توسط	توسط	توسط	_	_
155	چشم	چشم	چشم	_	_
156	احساس	احساس	احساس	_	_
157	و	و	و	_	_
158	پردازش	پردازش	پردازش	_	_
159	شده	شده	شده	_	_
160	،	،	،	_	_
161	و	و	و	_	_
162	به	به	به	_	_
163	عنوان	عنوان	عنوان	_	_
164	مفهوم	مفهوم	مفهوم	_	_
165	رنگ	رنگ	رنگ	_	_
166	آن	آن	آن	_	_
167	در	در	در	_	_
168	ذهن	ذهن	ذهن	_	_
169	شناخته‌می‌شود	شناخته‌می‌شود	شناخت	_	_
170	.	.	.	_	_
171	تجزیهٔ	تجزیه	تجزیه	_	_
172	نور	نور	نور	_	_
173	سفید	سفید	سفید	_	_
174	توسط	توسط	توسط	_	_
175	یک	یک	یک	_	_
176	منشور	منشور	منشور	_	_
177	نیز	نیز	نیز	_	_
178	یک	یک	یک	_	_
179	خاصیت	خاصیت	خاصیت	_	_
180	فیزیکی	فیزیک	فیزیکی	_	_
181	است	است		_	_
182	که	که	که	_	_
183	با	با	با	_	_
184	این	این	این	_	_
185	عمل	عمل	عمل	_	_
186	هفت	هفت	هفت	_	_
187	رنگ	رنگ	رنگ	_	_
188	طیف	طیف	طیف	_	_
189	بدست	بدس	بدست	_	_
190	می‌آید	می‌آید	آمد	_	_
191	:	:	:	_	_
192	شامل	شامل	شامل	_	_
193	بنفش	بنفش	بنفش	_	_
194	،	،	،	_	_
195	نیلی	نیل	نیلی	_	_
196	،	،	،	_	_
197	آبی	آب	آب	_	_
198	،	،	،	_	_
199	سبز	سبز	سبز	_	_
200	،	،	،	_	_
201	زرد	زرد	زرد	_	_
202	،	،	،	_	_
203	نارنجی	نارنج	نارنج	_	_
204	و	و	و	_	_
205	قرمز	قرمز	قرمز	_	_
206	است	است		_	_
207	؛	؛	؛	_	_
208	بنابراین	بنابراین	بنابراین	_	_
209	رنگ‌ها	رنگ	رنگ	_	_
210	ناشی	ناشی	ناشی	_	_
211	از	از	از	_	_
212	امواج	امواج	امواج	_	_
213	نور	نور	نور	_	_
214	هستند	هستند		_	_
215	و	و	و	_	_
216	چشم	چشم	چشم	_	_
217	انسان	انس	انسان	_	_
218	قادر	قادر	قادر	_	_
219	است	است		_	_
220	رنگ‌هایی	رنگ	رنگ	_	_
221	را	را	را	_	_
222	که	که	که	_	_
223	طول	طول	طول	_	_
224	موج	موج	موج	_	_
225	آن‌ها	آن	آن	_	_
226	بین	بین	بین	_	_
227	۴۰۰	۴۰۰	۴۰۰	_	_
228	تا	تا	تا	_	_
229	۷۰۰	۷۰۰	۷۰۰	_	_
230	میلی	میل	میلی	_	_
231	میکرون	میکرون	میکرون	_	_
232	است	است		_	_
233	ببیند	ببیند	ببیند	_	_
234	.	.	.	_	_
235	(	(	(	_	_
236	میلی	میل	میلی	_	_
237	میکرون	میکرون	میکرون	_	_
238	واحدی	واحد	واحد	_	_
239	است	است		_	_
240	برای	برای	برای	_	_
241	اندازه‌گیری	اندازه‌گیری	اندازه‌گیری	_	_
242	امواج	امواج	امواج	_	_
243	که	که	که	_	_
244	معادل	معادل	معادل	_	_
245	یک	یک	یک	_	_
246	میلیونوم	میلیونو	میلیونوم	_	_
247	میلی‌متر	میلی‌متر	میلی‌متر	_	_
248	است	است		_	_
249	)	)	)	_	_
250	.	.	.	_	_
251	در	در	در	_	_
252	قرن	قرن	قرن	_	_
253	هفدهم	هفده	هفدهم	_	_
254	میلادی	میلاد	میلاد	_	_
255	نیوتن	نیوتن	نیوتن	_	_
256	موفق	موفق	موفق	_	_
257	شد	شد	شد	_	_
258	با	با	با	_	_
259	تجزیه	تجزیه	تجزیه	_	_
260	نور	نور	نور	_	_
261	سفید	سفید	سفید	_	_
262	طیف	طیف	طیف	_	_
263	رنگ‌ها	رنگ	رنگ	_	_
264	را	را	را	_	_
265	به	به	به	_	_
266	دست	دست	دست	_	_
267	آورد	آورد	آورد	_	_
268	.	.	.	_	_
269	او	او	او	_	_
270	کشف	کشف	کشف	_	_
271	نمود	نمود	نمود	_	_
272	که	که	که	_	_
273	نور	نور	نور	_	_
274	سفید	سفید	سفید	_	_
275	شامل	شامل	شامل	_	_
276	انواع	انواع	انواع	_	_
277	اشعه	اشعه	اشعه	_	_
278	است	است		_	_
279	که	که	که	_	_
280	هرگاه	هرگاه	هرگاه	_	_
281	به‌طور	به‌طور	به‌طور	_	_
282	جداگانه‌ای	جداگانه	جداگانه	_	_
283	با	با	با	_	_
284	شبکهٔ	شبکه	شبکه	_	_
285	چشم	چشم	چشم	_	_
286	انسان	انس	انسان	_	_
287	برخورد	برخورد	برخورد	_	_
288	کند	کند	کند	_	_
289	احساس	احساس	احساس	_	_
290	یک	یک	یک	_	_
291	رنگ	رنگ	رنگ	_	_
292	مجزا	مجزا	مجزا	_	_
293	را	را	را	_	_
294	به	به	به	_	_
295	وجود	وجود	وجود	_	_
296	خواهد‌آورد	خواهد‌آورد	آورد	_	_
297	و	و	و	_	_
298	اختلاط	اختلاط	اختلاط	_	_
299	این	این	این	_	_
300	اشعه‌ها	اشعه	اشعه	_	_
301	بر	بر	بر	_	_
302	روی	رو	روی	_	_
303	شبکهٔ	شبکه	شبکه	_	_
304	چشم	چشم	چشم	_	_
305	،	،	،	_	_
306	رنگ	رنگ	رنگ	_	_
307	سفید	سفید	سفید	_	_
308	را	را	را	_	_
309	محسوس	محسوس	محسوس	_	_
310	می	می	می	_	_
311	‌سازد	‌سازد	‌سازد	_	_
312	.	.	.	_	_
313	دربارهٔ	درباره	درباره	_	_
314	واژهٔ	واژه	واژه	_	_
315	تاریخ	تاریخ	تاریخ	_	_
316	و	و	و	_	_
317	منشأ	منشأ	منشأ	_	_
318	آن	آن	آن	_	_
319	،	،	،	_	_
320	گزارش‌های	گزارش	گزارش	_	_
321	مختلف	مختلف	مختلف	_	_
322	و	و	و	_	_
323	گوناگونی	گوناگون	گوناگون	_	_
324	وجود	وجود	وجود	_	_
325	دارد	دارد	داشت	_	_
326	.	.	.	_	_
327	برخی	برخی	برخی	_	_
328	ریشهٔ	ریشه	ریشه	_	_
329	واژهٔ	واژه	واژه	_	_
330	تاریخ	تاریخ	تاریخ	_	_
331	را	را	را	_	_
332	در	در	در	_	_
333	زبان	زبان	زبان	_	_
334	فارسی	فارس	فارس	_	_
335	و	و	و	_	_
336	مفهوم	مفهوم	مفهوم	_	_
337	«	«	«	_	_
338	ماه	ماه	ماه	_	_
339	روز	روز	روز	_	_
340	»	»	»	_	_
341	جستجو	جستجو	جستجو	_	_
342	نموده‌اند	نموده‌اند	نمود	_	_
343	.	.	.	_	_
344	واژهٔ	واژه	واژه	_	_
345	)	)	)	_	_
346	ماه	ماه	ماه	_	_
347	روز	روز	روز	_	_
348	»	»	»	_	_
349	در	در	در	_	_
350	ایران	ایران	ایران	_	_
351	باستان	باستان	باستان	_	_
352	به	به	به	_	_
353	معنای	معنا	معنا	_	_
354	«	«	«	_	_
355	تعیین	تعیین	تعیین	_	_
356	روزی	روز	روز	_	_
357	که	که	که	_	_
358	در	در	در	_	_
359	آن	آن	آن	_	_
360	امری	امر	امر	_	_
361	مشهور	مشهور	مشهور	_	_
362	بین	بین	بین	_	_
363	ملت	مل	ملت	_	_
364	یا	یا	یا	_	_
365	دولتی	دولت	دولت	_	_
366	آشکار	آشکار	آشکار	_	_
367	شده	شده	شده	_	_
368	یا	یا	یا	_	_
369	آنکه	آنکه	آنکه	_	_
370	در	در	در	_	_
371	آن	آن	آن	_	_
372	روز	روز	روز	_	_
373	واقعهٔ	واقعه	واقعه	_	_
374	ترسناکی	ترسناک	ترسناک	_	_
375	چون	چون	چون	_	_
376	زلزله	زلزله	زلزله	_	_
377	یا	یا	یا	_	_
378	طوفان	طوف	طوفان	_	_
379	حادث	حادث	حادث	_	_
380	گردیده	گردیده	گردیده	_	_
381	است	است		_	_
382	.	.	.	_	_
383	»	»	»	_	_
384	بنابراین	بنابراین	بنابراین	_	_
385	آنچه	آنچه	آنچه	_	_
386	در	در	در	_	_
387	این	این	این	_	_
388	مفهوم	مفهوم	مفهوم	_	_
389	دارای	دارا	دارا	_	_
390	حضور	حضور	حضور	_	_
391	و	و	و	_	_
392	نمود	نمود	نمود	_	_
393	بیش‌تری	بیش‌تر	بیش‌تری	_	_
394	بوده	بوده	بوده	_	_
395	،	،	،	_	_
396	توجه	توجه	توجه	_	_
397	به	به	به	_	_
398	رخدادها	رخداد	رخداد	_	_
399	و	و	و	_	_
400	حوادث	حوادث	حوادث	_	_
401	در	در	در	_	_
402	قالب	قالب	قالب	_	_
403	مکانی	مکان	مکان	_	_
404	و	و	و	_	_
405	زمانی	زمان	زمان	_	_
406	است	است		_	_
407	.	.	.	_	_
408	در	در	در	_	_
409	برخی	برخی	برخی	_	_
410	از	از	از	_	_
411	گزارش‌ها	گزارش	گزارش	_	_
412	آمده‌است	آمده‌اس	آمده‌است	_	_
413	که	که	که	_	_
414	چون	چون	چون	_	_
415	عمر	عمر	عمر	_	_
416	بن	بن	بن	_	_
417	خطاب	خطاب	خطاب	_	_
418	در	در	در	_	_
419	تعیین	تعیین	تعیین	_	_
420	مبدأ	مبدأ	مبدأ	_	_
421	محاسبهٔ	محاسبه	محاسبه	_	_
422	زمان	زمان	زمان	_	_
423	دچار	دچار	دچار	_	_
424	مشکل	مشکل	مشکل	_	_
425	شد	شد	شد	_	_
426	،	،	،	_	_
427	به	به	به	_	_
428	پیشنهاد	پیشنهاد	پیشنهاد	_	_
429	هرمزان	هرمز	هرمز	_	_
430	(	(	(	_	_
431	از	از	از	_	_
432	موالی	مول	مول	_	_
433	ایرانی	ایران	ایران	_	_
434	ساکن	ساکن	ساکن	_	_
435	در	در	در	_	_
436	مدینه	مدینه	مدینه	_	_
437	)	)	)	_	_
438	از	از	از	_	_
439	تعریب	تعریب	تعریب	_	_
440	ترکیب	ترکیب	ترکیب	_	_
441	فارسی	فارس	فارس	_	_
442	«	«	«	_	_
443	ماه	ماه	ماه	_	_
444	روز	روز	روز	_	_
445	»	»	»	_	_
446	،	،	،	_	_
447	واژهٔ	واژه	واژه	_	_
448	«	«	«	_	_
449	مورخ	مورَّخ	مورَّخ	_	_
450	»	»	»	_	_
451	را	را	را	_	_
452	ساختند	ساختند	ساخت	_	_
453	و	و	و	_	_
454	مصدرش	مصدر	مصدر	_	_
455	را	را	را	_	_
456	«	«	«	_	_
457	تأریخ	تأریخ	تأریخ	_	_
458	»	»	»	_	_
459	قرار	قرار	قرار	_	_
460	دادند	دادند	داد	_	_
461	.	.	.	_	_
462	در	در	در	_	_
463	خصوص	خصوص	خصوص	_	_
464	تعریب	تعریب	تعریب	_	_
465	و	و	و	_	_
466	معرب	معرب	معرب	_	_
467	بودن	بودن	بودن	_	_
468	واژهٔ	واژه	واژه	_	_
469	تاریخ	تاریخ	تاریخ	_	_
470	باید	باید	باید	_	_
471	توجه	توجه	توجه	_	_
472	داشت	داش	داشت	_	_
473	که	که	که	_	_
474	کمترین	کم	کمترین	_	_
475	شباهت	شباهت	شباهت	_	_
476	آوایی	آوا	آوا	_	_
477	و	و	و	_	_
478	قرابت	قرابت	قرابت	_	_
479	واکه‌ای	واکه	واکه	_	_
480	یا	یا	یا	_	_
481	هم‌آهنگی	هم‌آهنگ	هم‌آهنگی	_	_
482	واکه‌ای	واکه	واکه	_	_
483	،	،	،	_	_
484	تشابه	تشابه	تشابه	_	_
485	صرفی	صرف	صرف	_	_
486	یا	یا	یا	_	_
487	تکواژی	تکواژ	تکواژ	_	_
488	بین	بین	بین	_	_
489	«	«	«	_	_
490	ماه	ماه	ماه	_	_
491	روز	روز	روز	_	_
492	»	»	»	_	_
493	و	و	و	_	_
494	«	«	«	_	_
495	تاریخ	تاریخ	تاریخ	_	_
496	»	»	»	_	_
497	وجود	وجود	وجود	_	_
498	ندارد	ندارد	داشت	_	_
499	و	و	و	_	_
500	به	به	به	_	_
501	همین	هم	همین	_	_
502	دلیل	دلیل	دلیل	_	_
503	،	،	،	_	_
504	آن	آن	آن	_	_
505	را	را	را	_	_
506	تعرب	تعرب	تعرب	_	_
507	غریبی	غریب	غریب	_	_
508	می‌	می	می	_	_
509	دانند	دانند	دانست	_	_
510	.	.	.	_	_
511	امواج	امواج	امواج	_	_
512	موجود	موجود	موجود	_	_
513	در	در	در	_	_
514	فضا	فضا	فضا	_	_
515	توسط	توسط	توسط	_	_
516	آنتن	آنتن	آنتن	_	_
517	موبایل	موبایل	موبایل	_	_
518	دریافت	دریافت	دریافت	_	_
519	شده	شده	شده	_	_
520	و	و	و	_	_
521	وارد	وارد	وارد	_	_
522	قطعه‌ای	قطعه	قطعه	_	_
523	به	به	به	_	_
524	نام	نا	نام	_	_
525	آنتن	آنتن	آنتن	_	_
526	سوییچ	سوییچ	سوییچ	_	_
527	می‌شوند	می‌شوند	شد	_	_
528	.	.	.	_	_
529	آنتن	آنتن	آنتن	_	_
530	سوییچ	سوییچ	سوییچ	_	_
531	وظیفه	وظیفه	وظیفه	_	_
532	تعیین	تعیین	تعیین	_	_
533	حالت	حال	حالت	_	_
534	فرستندگی	فرستندگ	فرستندگی	_	_
535	یا	یا	یا	_	_
536	گیرندگی	گیرندگ	گیرندگی	_	_
537	آنتن	آنتن	آنتن	_	_
538	را	را	را	_	_
539	به	به	به	_	_
540	عهده	عهده	عهده	_	_
541	دارد	دارد	داشت	_	_
542	.	.	.	_	_
543	بسته	بسته	بسته	_	_
544	به	به	به	_	_
545	این	این	این	_	_
546	که	که	که	_	_
547	موبایل	موبایل	موبایل	_	_
548	سازگار	سازگار	سازگار	_	_
549	با	با	با	_	_
550	چند	چند	چند	_	_
551	باند	باند	باند	_	_
552	GSM	GSM	GSM	_	_
553	باشد	باشد	بود	_	_
554	،	،	،	_	_
555	تعداد	تعداد	تعداد	_	_
556	پایه‌های	پایه	پایه	_	_
557	آنتن	آنتن	آنتن	_	_
558	سوییچ	سوییچ	سوییچ	_	_
559	متفاوت	متفاوت	متفاوت	_	_
560	خواهد‌بود	خواهد‌بود	بود	_	_
561	.	.	.	_	_
562	آنتن	آنتن	آنتن	_	_
563	سوییچ	سوییچ	سوییچ	_	_
564	برای	برای	برای	_	_
565	هر	هر	هر	_	_
566	باند	باند	باند	_	_
567	GSM	GSM	GSM	_	_
568	،	،	،	_	_
569	آنتن	آنتن	آنتن	_	_
570	را	را	را	_	_
571	به	به	به	_	_
572	یک	یک	یک	_	_
573	خروجی	خروج	خروج	_	_
574	به	به	به	_	_
575	نام	نا	نام	_	_
576	RX	RX	RX	_	_
577	و	و	و	_	_
578	یک	یک	یک	_	_
579	ورودی	ورود	ورود	_	_
580	به	به	به	_	_
581	نام	نا	نام	_	_
582	TX	TX	TX	_	_
583	وصل	وصل	وصل	_	_
584	می‌کند	می‌کند	کرد	_	_
585	.	.	.	_	_
586	در	در	در	_	_
587	حقیقت	حقیقت	حقیقت	_	_
588	آنتن	آنتن	آنتن	_	_
589	سوییچ	سوییچ	سوییچ	_	_
590	مانند	مانند	مانند	_	_
591	یک	یک	یک	_	_
592	کلید	کلید	کلید	_	_
593	است	است		_	_
594	که	که	که	_	_
595	با	با	با	_	_
596	فرمان‌هایی	فرمان	فرمان	_	_
597	آنتن	آنتن	آنتن	_	_
598	را	را	را	_	_
599	مرتبا	مرتباً	مرتباً	_	_
600	به	به	به	_	_
601	خط	خط	خط	_	_
602	RX	RX	RX	_	_
603	یا	یا	یا	_	_
604	به	به	به	_	_
605	TX	TX	TX	_	_
606	متصل	متصل	متصل	_	_
607	می‌کند	می‌کند	کرد	_	_
608	.	.	.	_	_
609	در	در	در	_	_
610	بلوکی	بلوک	بلوک	_	_
611	که	که	که	_	_
612	مشاهده	مشاهده	مشاهده	_	_
613	کردید	کردید	کرد	_	_
614	،	،	،	_	_
615	موبایل	موبایل	موبایل	_	_
616	قابلیت	قابلیت	قابلیت	_	_
617	کار	کار	کار	_	_
618	با	با	با	_	_
619	دو	دو	دو	_	_
620	باند	باند	باند	_	_
621	GSM	GSM	GSM	_	_
622	۹۰۰	900	900	_	_
623	و	و	و	_	_
624	GSM	GSM	GSM	_	_
625	۱۸۰۰	1800	1800	_	_
626	را	را	را	_	_
627	دارد	دارد	داشت	_	_
628	؛	؛	؛	_	_
629	بنابراین	بنابراین	بنابراین	_	_
630	آنتن	آنتن	آنتن	_	_
631	سوییچ	سوییچ	سوییچ	_	_
632	دو	دو	دو	_	_
633	خروجی	خروج	خروج	_	_
634	RX	RX	RX	_	_
635	و	و	و	_	_
636	دو	دو	دو	_	_
637	ورودی	ورود	ورود	_	_
638	TX	TX	TX	_	_
639	خواهند‌داشت	خواهند‌دا	داشت	_	_
640	که	که	که	_	_
641	در	در	در	_	_
642	شبکه‌	شبکه	شبکه	_	_
643	ها		ها	_	_
644	ی		ی	_	_
645	تلفن	تلفن	تلفن	_	_
646	ایران	ایران	ایران	_	_
647	از	از	از	_	_
648	آن	آن	آن	_	_
649	جایی	جا	جا	_	_
650	که	که	که	_	_
651	GSM	GSM	GSM	_	_
652	۹۰۰	900	900	_	_
653	است	است		_	_
654	خط	خط	خط	_	_
655	RX	RX	RX	_	_
656	و	و	و	_	_
657	TX	TX	TX	_	_
658	باند	باند	باند	_	_
659	۱۸۰۰	۱۸۰۰	۱۸۰۰	_	_
660	بدون	بدون	بدون	_	_
661	استفاده	استفاده	استفاده	_	_
662	خواهد‌بود	خواهد‌بود	بود	_	_
663	.	.	.	_	_
664	آنتن	آنتن	آنتن	_	_
665	سوییچ	سوییچ	سوییچ	_	_
666	یکی	یک	یک	_	_
667	از	از	از	_	_
668	قطعات	قطعه	قطعات	_	_
669	حساس	حساس	حساس	_	_
670	برد	برد	برد	_	_
671	موبایل	موبایل	موبایل	_	_
672	است	است		_	_
673	و	و	و	_	_
674	خرابی	خراب	خراب	_	_
675	در	در	در	_	_
676	آن	آن	آن	_	_
677	باعث	باعث	باعث	_	_
678	به	به	به	_	_
679	وجود	وجود	وجود	_	_
680	آمدن	آمدن	آمدن	_	_
681	عیوبی	عیوب	عیوب	_	_
682	از	از	از	_	_
683	قبیل	قبیل	قبیل	_	_
684	پرش	پر	پرش	_	_
685	آنتن	آنتن	آنتن	_	_
686	یا	یا	یا	_	_
687	نداشتن	نداشتن	نداشتن	_	_
688	دریافت	دریافت	دریافت	_	_
689	یا	یا	یا	_	_
690	ارسال	ارسال	ارسال	_	_
691	خواهد‌شد	خواهد‌شد	شد	_	_
692	.	.	.	_	_
693	در	در	در	_	_
694	مورد	مورد	مورد	_	_
695	سلف	سلف	سلف	_	_
696	و	و	و	_	_
697	خازن	خازن	خازن	_	_
698	قبل	قبل	قبل	_	_
699	از	از	از	_	_
700	اتصال	اتصال	اتصال	_	_
701	آنتن	آنتن	آنتن	_	_
702	به	به	به	_	_
703	آنتن	آنتن	آنتن	_	_
704	سوییچ	سوییچ	سوییچ	_	_
705	نیز	نیز	نیز	_	_
706	از	از	از	_	_
707	آن	آن	آن	_	_
708	جایی	جا	جا	_	_
709	که	که	که	_	_
710	امپدانس	امپدانس	امپدانس	_	_
711	خروجی	خروج	خروج	_	_
712	آنتن	آنتن	آنتن	_	_
713	بسیار	بسیار	بسیار	_	_
714	کم	کم	کم	_	_
715	است	است		_	_
716	و	و	و	_	_
717	از	از	از	_	_
718	طرفی	طرف	طرف	_	_
719	امپدانس	امپدانس	امپدانس	_	_
720	ورودی	ورود	ورود	_	_
721	آنتن	آنتن	آنتن	_	_
722	زیاد	زیاد	زیاد	_	_
723	است	است		_	_
724	،	،	،	_	_
725	باید	باید	باید	_	_
726	قبل	قبل	قبل	_	_
727	از	از	از	_	_
728	اتصال	اتصال	اتصال	_	_
729	این	این	این	_	_
730	دو	دو	دو	_	_
731	،	،	،	_	_
732	عمل	عمل	عمل	_	_
733	تطبیق	تطبیق	تطبیق	_	_
734	امپدانس	امپدانس	امپدانس	_	_
735	توسط	توسط	توسط	_	_
736	قطعه‌ای	قطعه	قطعه	_	_
737	انجام	انجام	انجام	_	_
738	شود	شود	شد	_	_
739	.	.	.	_	_
740	معمولا	معمولاً	معمولاً	_	_
741	در	در	در	_	_
742	مدارات	مدار	مدارات	_	_
743	،	،	،	_	_
744	قسمت	قسم	قسمت	_	_
745	آنتن	آنتن	آنتن	_	_
746	موبایل	موبایل	موبایل	_	_
747	از	از	از	_	_
748	یک	یک	یک	_	_
749	سلف	سلف	سلف	_	_
750	که	که	که	_	_
751	به	به	به	_	_
752	صورت	صور	صورت	_	_
753	موازی	موازی	موازی	_	_
754	بین	بین	بین	_	_
755	آنتن	آنتن	آنتن	_	_
756	و	و	و	_	_
757	زمین	زمین	زمین	_	_
758	بسته‌می‌شود	بسته‌می‌شود	بست	_	_
759	استفاده	استفاده	استفاده	_	_
760	تشکیل	تشکیل	تشکیل	_	_
761	می‌شود	می‌شود	شد	_	_
762	.	.	.	_	_
763	این	این	این	_	_
764	سلف	سلف	سلف	_	_
765	می‌تواند	می‌تواند	توانست	_	_
766	باعث	باعث	باعث	_	_
767	عمل	عمل	عمل	_	_
768	تطبیق	تطبیق	تطبیق	_	_
769	امپدانس	امپدانس	امپدانس	_	_
770	بین	بین	بین	_	_
771	آنتن	آنتن	آنتن	_	_
772	و	و	و	_	_
773	آنتن	آنتن	آنتن	_	_
774	سوییچ	سوییچ	سوییچ	_	_
775	شده	شده	شده	_	_
776	و	و	و	_	_
777	مانع	مانع	مانع	_	_
778	از	از	از	_	_
779	هدایت	هدایت	هدایت	_	_
780	جریان	جر	جریان	_	_
781	DC	DC	DC	_	_
782	بین	بین	بین	_	_
783	این	این	این	_	_
784	دو	دو	دو	_	_
785	واحد	واحد	واحد	_	_
786	گردد	گردد	گشت	_	_
787	تا	تا	تا	_	_
788	این	این	این	_	_
789	دو	دو	دو	_	_
790	واحد	واحد	واحد	_	_
791	اثر	اثر	اثر	_	_
792	منفی	منفی	منفی	_	_
793	در	در	در	_	_
794	عملکرد	عملکرد	عملکرد	_	_
795	یکدیگر	یکدیگر	یکدیگر	_	_
796	نداشته‌باشند	نداشته‌باشند	داشت	_	_
797	.	.	.	_	_
798	وظیفه	وظیفه	وظیفه	_	_
799	فیلتر	فیل	فیل	_	_
800	SAW	SAW	SAW	_	_
801	حذف	حذف	حذف	_	_
802	فرکانس‌های	فرکانس	فرکانس	_	_
803	کانال	کانال	کانال	_	_
804	همسایه	همسایه	همسایه	_	_
805	و	و	و	_	_
806	فرکانس‌های	فرکانس	فرکانس	_	_
807	مزاحم	مزاح	مزاحم	_	_
808	است	است		_	_
809	.	.	.	_	_
810	خط	خط	خط	_	_
811	خروجی	خروج	خروج	_	_
812	RX	RX	RX	_	_
813	از	از	از	_	_
814	آنتن	آنتن	آنتن	_	_
815	سوئیچ	سوئیچ	سوئیچ	_	_
816	وارد	وارد	وارد	_	_
817	SAW	SAW	SAW	_	_
818	شده	شده	شده	_	_
819	و	و	و	_	_
820	بعد	بعد	بعد	_	_
821	از	از	از	_	_
822	آن	آن	آن	_	_
823	فرکانس‌های	فرکانس	فرکانس	_	_
824	مزاحم	مزاح	مزاحم	_	_
825	حذف	حذف	حذف	_	_
826	می‌شود	می‌شود	شد	_	_
827	و	و	و	_	_
828	فقط	فقط	فقط	_	_
829	فرکانس‌های	فرکانس	فرکانس	_	_
830	باند	باند	باند	_	_
831	GSM	GSM	GSM	_	_
832	در	در	در	_	_
833	خروجی	خروج	خروج	_	_
834	آن	آن	آن	_	_
835	دیده‌می‌شود	دیده‌می‌شود	دید	_	_
836	.	.	.	_	_
837	SAW	SAW	SAW	_	_
838	همان‌گونه	همان‌گونه	همان‌گونه	_	_
839	که	که	که	_	_
840	فرکانس‌های	فرکانس	فرکانس	_	_
841	مزاحم	مزاح	مزاحم	_	_
842	را	را	را	_	_
843	حذف	حذف	حذف	_	_
844	می‌کند	می‌کند	کرد	_	_
845	،	،	،	_	_
846	فرکانس‌های	فرکانس	فرکانس	_	_
847	اصلی	اصل	اصل	_	_
848	GSM	GSM	GSM	_	_
849	را	را	را	_	_
850	هم	هم	هم	_	_
851	خیلی	خیل	خیلی	_	_
852	ضعیف	ضعیف	ضعیف	_	_
853	می‌کند	می‌کند	کرد	_	_
854	.	.	.	_	_
855	برای	برای	برای	_	_
856	تقویت	تقویت	تقویت	_	_
857	سیگنال‌های	سیگنال	سیگنال‌های	_	_
858	دریافتی	دریافت	دریافتی	_	_
859	GSM	GSM	GSM	_	_
860	بعد	بعد	بعد	_	_
861	از	از	از	_	_
862	SAW	SAW	SAW	_	_
863	از	از	از	_	_
864	یک	یک	یک	_	_
865	تقویت‌کننده	تقویت‌کننده	تقویت‌کننده	_	_
866	به	به	به	_	_
867	نام	نا	نام	_	_
868	LNA	LNA	LNA	_	_
869	استفاده	استفاده	استفاده	_	_
870	می‌شود	می‌شود	شد	_	_
871	.	.	.	_	_
872	قلب	قلب	قلب	_	_
873	در	در	در	_	_
874	لغت	لغت	لغت	_	_
875	به	به	به	_	_
876	معنی	معنی	معنی	_	_
877	دگرگونی	دگرگون	دگرگون	_	_
878	است	است		_	_
879	قلب	قلب	قلب	_	_
880	از	از	از	_	_
881	لحاظ	لحاظ	لحاظ	_	_
882	علمی	علم	علم	_	_
883	اندامی	اندام	اندام	_	_
884	است	است		_	_
885	که	که	که	_	_
886	در	در	در	_	_
887	مرکز	مرکز	مرکز	_	_
888	قفسهٔ	قفسه	قفسه	_	_
889	سینه	سینه	سینه	_	_
890	(	(	(	_	_
891	متمایل	متمایل	متمایل	_	_
892	به	به	به	_	_
893	سمت	سم	سمت	_	_
894	چپ	چپ	چپ	_	_
895	)	)	)	_	_
896	واقع	واقع	واقع	_	_
897	شده‌است	شده‌اس	شده‌است	_	_
898	،	،	،	_	_
899	و	و	و	_	_
900	وزن	وزن	وزن	_	_
901	آن	آن	آن	_	_
902	۳۰۰	۳۰۰	۳۰۰	_	_
903	گرم	گر	گرم	_	_
904	است	است		_	_
905	و	و	و	_	_
906	خون	خون	خون	_	_
907	را	را	را	_	_
908	پمپاژ	پمپاژ	پمپاژ	_	_
909	می‌کند	می‌کند	کرد	_	_
910	نام	نا	نام	_	_
911	این	این	این	_	_
912	عضو	عضو	عضو	_	_
913	به	به	به	_	_
914	علت	علت	علت	_	_
915	اینکه	اینکه	اینکه	_	_
916	باعث	باعث	باعث	_	_
917	دگرگونی	دگرگون	دگرگون	_	_
918	خون	خون	خون	_	_
919	و	و	و	_	_
920	تبدیل	تبدیل	تبدیل	_	_
921	خون	خون	خون	_	_
922	کثیف	کثیف	کثیف	_	_
923	به	به	به	_	_
924	خون	خون	خون	_	_
925	تمیز	تمیز	تمیز	_	_
926	می‌شود	می‌شود	شد	_	_
927	قلب	قلب	قلب	_	_
928	نام‌گذاری	نام‌گذاری	نام‌گذاری	_	_
929	شده‌است	شده‌اس	شده‌است	_	_
930	در	در	در	_	_
931	دگرگون	دگرگون	دگرگون	_	_
932	کردن	کردن	کردن	_	_
933	خون	خون	خون	_	_
934	،	،	،	_	_
935	قلب	قلب	قلب	_	_
936	مانند	مانند	مانند	_	_
937	یک	یک	یک	_	_
938	تلمبه	تلمبه	تلمبه	_	_
939	عمل	عمل	عمل	_	_
940	می‌کند	می‌کند	کرد	_	_
941	ایا	ایا	ایا	_	_
942	دی‌ان‌ای	دی‌ان‌ای	دی‌ان‌ای	_	_
943	فرق	فرق	فرق	_	_
944	موجودات	موجود	موجودات	_	_
945	زنده	زنده	زنده	_	_
946	با	با	با	_	_
947	غیر	غیر	غیر	_	_
948	زنده	زنده	زنده	_	_
949	است	است		_	_
950	؟	؟	؟	_	_
951	آیا	آیا	آیا	_	_
952	ساختاری	ساختار	ساختار	_	_
953	هوشمند	هوشمند	هوشمند	_	_
954	(	(	(	_	_
955	وجود	وجود	وجود	_	_
956	نظم	نظم	نظم	_	_
957	بین	بین	بین	_	_
958	سلول‌ها	سلول	سلول	_	_
959	و	و	و	_	_
960	اجزای	اجزا	اجزا	_	_
961	مختلف	مختلف	مختلف	_	_
962	)	)	)	_	_
963	،	،	،	_	_
964	موجود	موجود	موجود	_	_
965	زنده	زنده	زنده	_	_
966	را	را	را	_	_
967	تشکیل	تشکیل	تشکیل	_	_
968	می‌دهد	می‌دهد	داد	_	_
969	!؟	!؟	!؟	_	_
970	که	که	که	_	_
971	البته	البته	البته	_	_
972	سلول‌های	سلول	سلول	_	_
973	سرطانی	سرطان	سرطان	_	_
974	این	این	این	_	_
975	موضوع	موضوع	موضوع	_	_
976	را	را	را	_	_
977	رد	رد	رد	_	_
978	می‌کنند	می‌کنند	کرد	_	_
979	زیرا	زیرا	زیرا	_	_
980	در	در	در	_	_
981	مقابل	مقابل	مقابل	_	_
982	از	از	از	_	_
983	بین	بین	بین	_	_
984	رفتنشان	رفتن	رفتن	_	_
985	مقاومت	مقاوم	مقاومت	_	_
986	می‌کنند	می‌کنند	کرد	_	_
987	و	و	و	_	_
988	مانع	مانع	مانع	_	_
989	از	از	از	_	_
990	درست	درس	درست	_	_
991	کار	کار	کار	_	_
992	کرد	کرد	کرد	_	_
993	بدن	بدن	بدن	_	_
994	می‌شوند	می‌شوند	شد	_	_
995	(	(	(	_	_
996	سلول‌ها	سلول	سلول	_	_
997	بعد	بعد	بعد	_	_
998	از	از	از	_	_
999	پایان	پا	پایان	_	_
1000	عمر	عمر	عمر	_	_
1001	،	،	،	_	_
1002	باید	باید	باید	_	_
1003	با	با	با	_	_
1004	سلول‌	سلول	سلول	_	_
1005	ها		ها	_	_
1006	یی		یی	_	_
1007	جدید	جدید	جدید	_	_
1008	جایگزین	جایگزین	جایگزین	_	_
1009	شوند	شوند	شد	_	_
1010	)	)	)	_	_
1011	.	.	.	_	_
1012	به	به	به	_	_
1013	زبانی	زبان	زبان	_	_
1014	دیگر	دیگر	دیگر	_	_
1015	سلولهای	سلول	سلول	_	_
1016	یک	یک	یک	_	_
1017	فرد	فرد	فرد	_	_
1018	سرطانی	سرطان	سرطان	_	_
1019	نامیرا	نامیرا	نامیرا	_	_
1020	شده	شده	شده	_	_
1021	و	و	و	_	_
1022	در	در	در	_	_
1023	مقابل	مقابل	مقابل	_	_
1024	مرگ	مرگ	مرگ	_	_
1025	خود	خود	خود	_	_
1026	و	و	و	_	_
1027	فرمان	فرمان	فرمان	_	_
1028	طبیعی	طبیعی	طبیعی	_	_
1029	بدن	بدن	بدن	_	_
1030	مقاومت	مقاوم	مقاومت	_	_
1031	می‌کنند	می‌کنند	کرد	_	_
1032	ولی	ول	ولی	_	_
1033	فرد	فرد	فرد	_	_
1034	سرطانی	سرطان	سرطان	_	_
1035	فردی	فرد	فرد	_	_
1036	زنده	زنده	زنده	_	_
1037	است	است		_	_
1038	با	با	با	_	_
1039	اینکه	اینکه	اینکه	_	_
1040	برخی	برخی	برخی	_	_
1041	از	از	از	_	_
1042	اعضای	اعضا	اعضا	_	_
1043	بدنش	بدن	بدن	_	_
1044	درست	درس	درست	_	_
1045	کار	کار	کار	_	_
1046	نمی	نم	نم	_	_
1047	‌کند	‌کند	‌کند	_	_
1048	.	.	.	_	_
1049	زندگی	زندگی	زندگی	_	_
1050	ممکن	ممکن	ممکن	_	_
1051	است	است		_	_
1052	به	به	به	_	_
1053	خاطر	خاطر	خاطر	_	_
1054	سلول‌های	سلول	سلول	_	_
1055	عصبی	عصب	عصبی	_	_
1056	و	و	و	_	_
1057	مغزی	مغز	مغز	_	_
1058	باشد	باشد	بود	_	_
1059	که	که	که	_	_
1060	در	در	در	_	_
1061	طول	طول	طول	_	_
1062	زندگی	زندگی	زندگی	_	_
1063	جایگزین	جایگزین	جایگزین	_	_
1064	نمی‌شوند	نمی‌شوند	شد	_	_
1065	و	و	و	_	_
1066	فقط	فقط	فقط	_	_
1067	رشد	رشد	رشد	_	_
1068	می‌کنند	می‌کنند	کرد	_	_
1069	و	و	و	_	_
1070	می‌دانیم	می‌دان	دانست	_	_
1071	که	که	که	_	_
1072	اگر	اگر	اگر	_	_
1073	فردی	فرد	فرد	_	_
1074	اعضای	اعضا	اعضا	_	_
1075	بدنش	بدن	بدن	_	_
1076	را	را	را	_	_
1077	اهدا	اهدا	اهدا	_	_
1078	کند	کند	کند	_	_
1079	خودش	خود	خودش	_	_
1080	باقی	باقی	باقی	_	_
1081	میماند	میماند	میماند	_	_
1082	و	و	و	_	_
1083	از	از	از	_	_
1084	خودش	خود	خودش	_	_
1085	کم	کم	کم	_	_
1086	نمی‌شود	نمی‌شود	شد	_	_
1087	ولی	ول	ولی	_	_
1088	کسی	کس	کس	_	_
1089	نمی‌تواند	نمی‌تواند	توانست	_	_
1090	مغزش	مغز	مغز	_	_
1091	را	را	را	_	_
1092	عوض	عوض	عوض	_	_
1093	کند	کند	کند	_	_
1094	.	.	.	_	_
1095	به	به	به	_	_
1096	تعریفی	تعریف	تعریف	_	_
1097	دیگر	دیگر	دیگر	_	_
1098	حیات	حی	حیات	_	_
1099	نحوهٔ	نحوه	نحوه	_	_
1100	خاص	خاص	خاص	_	_
1101	از	از	از	_	_
1102	هستی	هستی	هستی	_	_
1103	است	است		_	_
1104	که	که	که	_	_
1105	مبدأ	مبدأ	مبدأ	_	_
1106	ظهور	ظهور	ظهور	_	_
1107	علم	علم	علم	_	_
1108	و	و	و	_	_
1109	قدرت	قدر	قدرت	_	_
1110	شده	شده	شده	_	_
1111	و	و	و	_	_
1112	عامل	عامل	عامل	_	_
1113	هماهنگ	هماهنگ	هماهنگ	_	_
1114	کننده	کننده	کننده	_	_
1115	"	"	"	_	_
1116	اندیشه	اندیشه	اندیشه	_	_
1117	علمی	علم	علم	_	_
1118	"	"	"	_	_
1119	و	و	و	_	_
1120	"	"	"	_	_
1121	انگیزه	انگیزه	انگیزه	_	_
1122	عملی	عمل	عملی	_	_
1123	"	"	"	_	_
1124	است	است		_	_
1125	،	،	،	_	_
1126	به	به	به	_	_
1127	طوری	طور	طوری	_	_
1128	که	که	که	_	_
1129	اندیشه	اندیشه	اندیشه	_	_
1130	علمی	علم	علم	_	_
1131	بر	بر	بر	_	_
1132	انگیزه	انگیزه	انگیزه	_	_
1133	عملی	عمل	عملی	_	_
1134	اشراف	اشراف	اشراف	_	_
1135	و	و	و	_	_
1136	نظارت	نظارت	نظارت	_	_
1137	داشته	داشته	داشته	_	_
1138	و	و	و	_	_
1139	انگیزه	انگیزه	انگیزه	_	_
1140	عملی	عمل	عملی	_	_
1141	تحت	تحت	تحت	_	_
1142	هدایت	هدایت	هدایت	_	_
1143	اندیشه	اندیشه	اندیشه	_	_
1144	علمی	علم	علم	_	_
1145	،	،	،	_	_
1146	به	به	به	_	_
1147	صورت	صور	صورت	_	_
1148	کوشش	کوشش	کوشش	_	_
1149	عینی	عین	عین	_	_
1150	ظهور	ظهور	ظهور	_	_
1151	یابد	یابد	یافت	_	_
1152	.	.	.	_	_
